2021-07-03 07:36:35,415 INFO     Search BICs for /tmp/Cli-28b/
2021-07-03 07:36:35,415 DEBUG    Reading the coverage of org.apache.commons.cli.ValueTest::testPropertyOptionFlags (failings)
2021-07-03 07:36:35,423 INFO     Loaded 1x275 Coverage Matrix
2021-07-03 07:36:35,423 INFO     The number of total commits: 614
2021-07-03 07:36:35,765 DEBUG    [line range] org/apache/commons/cli/CommandLine.java <init> 48:48
2021-07-03 07:36:35,790 DEBUG                  - depth 0, hash 9b2b803, HEAD~529
2021-07-03 07:36:35,796 DEBUG                  - depth 1, hash aae50c5, HEAD~612
2021-07-03 07:36:35,800 DEBUG    [line range] org/apache/commons/cli/CommandLine.java addOption 354:357
2021-07-03 07:36:35,825 DEBUG                  - depth 0, hash b0e1b80, HEAD~333
2021-07-03 07:36:35,830 DEBUG                  - depth 1, hash 9b2b803, HEAD~529
2021-07-03 07:36:35,834 DEBUG                  - depth 2, hash 0f52eff, HEAD~537
2021-07-03 07:36:35,838 DEBUG                  - depth 3, hash 347bbeb, HEAD~538
2021-07-03 07:36:35,842 DEBUG                  - depth 4, hash 0c281fb, HEAD~541
2021-07-03 07:36:35,846 DEBUG                  - depth 5, hash 872f1d5, HEAD~561
2021-07-03 07:36:35,850 DEBUG                  - depth 6, hash c08f738, HEAD~564
2021-07-03 07:36:35,854 DEBUG                  - depth 7, hash 04490af, HEAD~577
2021-07-03 07:36:35,858 DEBUG                  - depth 8, hash f9df518, HEAD~581
2021-07-03 07:36:35,862 DEBUG                  - depth 9, hash 5aa47b7, HEAD~586
2021-07-03 07:36:35,867 DEBUG                  - depth 10, hash 4cca25d, HEAD~609
2021-07-03 07:36:35,871 DEBUG                  - depth 11, hash aae50c5, HEAD~612
2021-07-03 07:36:35,875 DEBUG    [line range] org/apache/commons/cli/CommandLine.java hasOption 67:70
2021-07-03 07:36:35,900 DEBUG                  - depth 0, hash 147df44, HEAD~130
2021-07-03 07:36:35,905 DEBUG                  - depth 1, hash b0e1b80, HEAD~333
2021-07-03 07:36:35,909 DEBUG                  - depth 2, hash 9b2b803, HEAD~529
2021-07-03 07:36:35,913 DEBUG                  - depth 3, hash 4cca25d, HEAD~609
2021-07-03 07:36:35,917 DEBUG                  - depth 4, hash aae50c5, HEAD~612
2021-07-03 07:36:35,922 DEBUG    [line range] org/apache/commons/cli/CommandLine.java resolveOption 191:209
2021-07-03 07:36:35,947 DEBUG                  - depth 0, hash 147df44, HEAD~130
2021-07-03 07:36:35,952 DEBUG                  - depth 1, hash b0e1b80, HEAD~333
2021-07-03 07:36:35,956 DEBUG                  - depth 2, hash 9b2b803, HEAD~529
2021-07-03 07:36:35,960 DEBUG                  - depth 3, hash 347bbeb, HEAD~538
2021-07-03 07:36:35,964 DEBUG                  - depth 4, hash 0c281fb, HEAD~541
2021-07-03 07:36:35,968 DEBUG                  - depth 5, hash 83b7ceb, HEAD~580
2021-07-03 07:36:35,972 DEBUG                  - depth 6, hash f9df518, HEAD~581
2021-07-03 07:36:35,976 DEBUG                  - depth 7, hash 5aa47b7, HEAD~586
2021-07-03 07:36:35,980 DEBUG                  - depth 8, hash 4cca25d, HEAD~609
2021-07-03 07:36:35,985 DEBUG                  - depth 9, hash aae50c5, HEAD~612
2021-07-03 07:36:36,347 DEBUG    [line range] org/apache/commons/cli/Option.java <init> 88:91
2021-07-03 07:36:36,372 DEBUG                  - depth 0, hash 147df44, HEAD~130
2021-07-03 07:36:36,377 DEBUG                  - depth 1, hash 9b2b803, HEAD~529
2021-07-03 07:36:36,381 DEBUG                  - depth 2, hash 04490af, HEAD~577
2021-07-03 07:36:36,385 DEBUG                  - depth 3, hash 16b91ad, HEAD~585
2021-07-03 07:36:36,389 DEBUG    [line range] org/apache/commons/cli/Option.java <init> 56:56
2021-07-03 07:36:36,413 DEBUG                  - depth 0, hash beb276c, HEAD~534
2021-07-03 07:36:36,418 DEBUG                  - depth 1, hash 62670f5, HEAD~562
2021-07-03 07:36:36,423 DEBUG    [line range] org/apache/commons/cli/Option.java acceptsArg 680:683
2021-07-03 07:36:36,442 DEBUG                  - depth 0, hash f436985, HEAD~15
2021-07-03 07:36:36,447 DEBUG    [line range] org/apache/commons/cli/Option.java add 466:475
2021-07-03 07:36:36,472 DEBUG                  - depth 0, hash f436985, HEAD~15
2021-07-03 07:36:36,477 DEBUG                  - depth 1, hash 147df44, HEAD~130
2021-07-03 07:36:36,482 DEBUG                  - depth 2, hash 9b2b803, HEAD~529
2021-07-03 07:36:36,486 DEBUG                  - depth 3, hash 5470bca, HEAD~533
2021-07-03 07:36:36,490 DEBUG                  - depth 4, hash f9df518, HEAD~581
2021-07-03 07:36:36,494 DEBUG                  - depth 5, hash 16b91ad, HEAD~585
2021-07-03 07:36:36,498 DEBUG                  - depth 6, hash aae50c5, HEAD~612
2021-07-03 07:36:36,502 DEBUG    [line range] org/apache/commons/cli/Option.java addValueForProcessing 399:409
2021-07-03 07:36:36,528 DEBUG                  - depth 0, hash 147df44, HEAD~130
2021-07-03 07:36:36,533 DEBUG                  - depth 1, hash 9774480, HEAD~283
2021-07-03 07:36:36,537 DEBUG                  - depth 2, hash 9b2b803, HEAD~529
2021-07-03 07:36:36,541 DEBUG                  - depth 3, hash 7e6dedb, HEAD~532
2021-07-03 07:36:36,545 DEBUG                  - depth 4, hash 5470bca, HEAD~533
2021-07-03 07:36:36,549 DEBUG                  - depth 5, hash f9df518, HEAD~581
2021-07-03 07:36:36,553 DEBUG                  - depth 6, hash 1060ee7, HEAD~583
2021-07-03 07:36:36,557 DEBUG                  - depth 7, hash 16b91ad, HEAD~585
2021-07-03 07:36:36,562 DEBUG                  - depth 8, hash aae50c5, HEAD~612
2021-07-03 07:36:36,566 DEBUG    [line range] org/apache/commons/cli/Option.java clearValues 657:660
2021-07-03 07:36:36,587 DEBUG                  - depth 0, hash 147df44, HEAD~130
2021-07-03 07:36:36,592 DEBUG                  - depth 1, hash c155ceb, HEAD~331
2021-07-03 07:36:36,597 DEBUG    [line range] org/apache/commons/cli/Option.java clone 637:649
2021-07-03 07:36:36,618 DEBUG                  - depth 0, hash 147df44, HEAD~130
2021-07-03 07:36:36,624 DEBUG                  - depth 1, hash 4cf1b71, HEAD~281
2021-07-03 07:36:36,628 DEBUG                  - depth 2, hash 1545ae4, HEAD~286
2021-07-03 07:36:36,632 DEBUG    [line range] org/apache/commons/cli/Option.java equals 593:617
2021-07-03 07:36:36,654 DEBUG                  - depth 0, hash 147df44, HEAD~130
2021-07-03 07:36:36,659 DEBUG                  - depth 1, hash b0e1b80, HEAD~333
2021-07-03 07:36:36,664 DEBUG    [line range] org/apache/commons/cli/Option.java getKey 154:163
2021-07-03 07:36:36,687 DEBUG                  - depth 0, hash 147df44, HEAD~130
2021-07-03 07:36:36,692 DEBUG                  - depth 1, hash 9b2b803, HEAD~529
2021-07-03 07:36:36,696 DEBUG                  - depth 2, hash 347bbeb, HEAD~538
2021-07-03 07:36:36,701 DEBUG    [line range] org/apache/commons/cli/Option.java getLongOpt 205:208
2021-07-03 07:36:36,726 DEBUG                  - depth 0, hash 147df44, HEAD~130
2021-07-03 07:36:36,731 DEBUG                  - depth 1, hash 9b2b803, HEAD~529
2021-07-03 07:36:36,735 DEBUG                  - depth 2, hash aae50c5, HEAD~612
2021-07-03 07:36:36,739 DEBUG    [line range] org/apache/commons/cli/Option.java getOpt 175:178
2021-07-03 07:36:36,764 DEBUG                  - depth 0, hash 147df44, HEAD~130
2021-07-03 07:36:36,770 DEBUG                  - depth 1, hash 9b2b803, HEAD~529
2021-07-03 07:36:36,774 DEBUG                  - depth 2, hash 4cca25d, HEAD~609
2021-07-03 07:36:36,778 DEBUG                  - depth 3, hash aae50c5, HEAD~612
2021-07-03 07:36:36,782 DEBUG    [line range] org/apache/commons/cli/Option.java getValues 530:533
2021-07-03 07:36:36,807 DEBUG                  - depth 0, hash 147df44, HEAD~130
2021-07-03 07:36:36,813 DEBUG                  - depth 1, hash b599e12, HEAD~322
2021-07-03 07:36:36,817 DEBUG                  - depth 2, hash 9b2b803, HEAD~529
2021-07-03 07:36:36,821 DEBUG                  - depth 3, hash aae50c5, HEAD~612
2021-07-03 07:36:36,825 DEBUG    [line range] org/apache/commons/cli/Option.java hasArg 254:257
2021-07-03 07:36:36,850 DEBUG                  - depth 0, hash 147df44, HEAD~130
2021-07-03 07:36:36,855 DEBUG                  - depth 1, hash 9b2b803, HEAD~529
2021-07-03 07:36:36,860 DEBUG                  - depth 2, hash 16b91ad, HEAD~585
2021-07-03 07:36:36,864 DEBUG                  - depth 3, hash aae50c5, HEAD~612
2021-07-03 07:36:36,868 DEBUG    [line range] org/apache/commons/cli/Option.java hasLongOpt 244:247
2021-07-03 07:36:36,893 DEBUG                  - depth 0, hash 147df44, HEAD~130
2021-07-03 07:36:36,898 DEBUG                  - depth 1, hash 9b2b803, HEAD~529
2021-07-03 07:36:36,902 DEBUG                  - depth 2, hash aae50c5, HEAD~612
2021-07-03 07:36:36,907 DEBUG    [line range] org/apache/commons/cli/Option.java hasNoValues 588:591
2021-07-03 07:36:36,932 DEBUG                  - depth 0, hash 147df44, HEAD~130
2021-07-03 07:36:36,937 DEBUG                  - depth 1, hash 9b2b803, HEAD~529
2021-07-03 07:36:36,941 DEBUG                  - depth 2, hash aae50c5, HEAD~612
2021-07-03 07:36:36,945 DEBUG    [line range] org/apache/commons/cli/Option.java hasValueSeparator 379:382
2021-07-03 07:36:36,971 DEBUG                  - depth 0, hash 147df44, HEAD~130
2021-07-03 07:36:36,976 DEBUG                  - depth 1, hash 9b2b803, HEAD~529
2021-07-03 07:36:36,980 DEBUG                  - depth 2, hash 5470bca, HEAD~533
2021-07-03 07:36:36,984 DEBUG                  - depth 3, hash 347bbeb, HEAD~538
2021-07-03 07:36:36,988 DEBUG                  - depth 4, hash 43a3545, HEAD~556
2021-07-03 07:36:36,993 DEBUG                  - depth 5, hash 62670f5, HEAD~562
2021-07-03 07:36:36,997 DEBUG                  - depth 6, hash 04490af, HEAD~577
2021-07-03 07:36:37,001 DEBUG                  - depth 7, hash 1060ee7, HEAD~583
2021-07-03 07:36:37,005 DEBUG                  - depth 8, hash 16b91ad, HEAD~585
2021-07-03 07:36:37,009 DEBUG                  - depth 9, hash 7f90b98, HEAD~588
2021-07-03 07:36:37,013 DEBUG                  - depth 10, hash aae50c5, HEAD~612
2021-07-03 07:36:37,017 DEBUG    [line range] org/apache/commons/cli/Option.java isRequired 285:288
2021-07-03 07:36:37,043 DEBUG                  - depth 0, hash 147df44, HEAD~130
2021-07-03 07:36:37,048 DEBUG                  - depth 1, hash 9b2b803, HEAD~529
2021-07-03 07:36:37,052 DEBUG                  - depth 2, hash 5470bca, HEAD~533
2021-07-03 07:36:37,056 DEBUG                  - depth 3, hash 347bbeb, HEAD~538
2021-07-03 07:36:37,060 DEBUG                  - depth 4, hash 43a3545, HEAD~556
2021-07-03 07:36:37,064 DEBUG                  - depth 5, hash 62670f5, HEAD~562
2021-07-03 07:36:37,068 DEBUG                  - depth 6, hash 04490af, HEAD~577
2021-07-03 07:36:37,073 DEBUG                  - depth 7, hash 1060ee7, HEAD~583
2021-07-03 07:36:37,077 DEBUG                  - depth 8, hash 16b91ad, HEAD~585
2021-07-03 07:36:37,081 DEBUG                  - depth 9, hash 7f90b98, HEAD~588
2021-07-03 07:36:37,085 DEBUG                  - depth 10, hash aae50c5, HEAD~612
2021-07-03 07:36:37,089 DEBUG    [line range] org/apache/commons/cli/Option.java processValue 422:455
2021-07-03 07:36:37,114 DEBUG                  - depth 0, hash 147df44, HEAD~130
2021-07-03 07:36:37,120 DEBUG                  - depth 1, hash 9b2b803, HEAD~529
2021-07-03 07:36:37,124 DEBUG                  - depth 2, hash 5470bca, HEAD~533
2021-07-03 07:36:37,128 DEBUG                  - depth 3, hash f9df518, HEAD~581
2021-07-03 07:36:37,132 DEBUG                  - depth 4, hash 16b91ad, HEAD~585
2021-07-03 07:36:37,136 DEBUG                  - depth 5, hash aae50c5, HEAD~612
2021-07-03 07:36:37,140 DEBUG    [line range] org/apache/commons/cli/Option.java setArgName 305:308
2021-07-03 07:36:37,166 DEBUG                  - depth 0, hash 9b2b803, HEAD~529
2021-07-03 07:36:37,171 DEBUG                  - depth 1, hash 5470bca, HEAD~533
2021-07-03 07:36:37,175 DEBUG                  - depth 2, hash 347bbeb, HEAD~538
2021-07-03 07:36:37,179 DEBUG                  - depth 3, hash 43a3545, HEAD~556
2021-07-03 07:36:37,184 DEBUG                  - depth 4, hash 62670f5, HEAD~562
2021-07-03 07:36:37,188 DEBUG                  - depth 5, hash 04490af, HEAD~577
2021-07-03 07:36:37,192 DEBUG                  - depth 6, hash 1060ee7, HEAD~583
2021-07-03 07:36:37,196 DEBUG                  - depth 7, hash 16b91ad, HEAD~585
2021-07-03 07:36:37,200 DEBUG                  - depth 8, hash 7f90b98, HEAD~588
2021-07-03 07:36:37,204 DEBUG                  - depth 9, hash aae50c5, HEAD~612
2021-07-03 07:36:37,208 DEBUG    [line range] org/apache/commons/cli/Option.java setArgs 347:350
2021-07-03 07:36:37,234 DEBUG                  - depth 0, hash 9b2b803, HEAD~529
2021-07-03 07:36:37,239 DEBUG                  - depth 1, hash 5470bca, HEAD~533
2021-07-03 07:36:37,243 DEBUG                  - depth 2, hash 347bbeb, HEAD~538
2021-07-03 07:36:37,248 DEBUG                  - depth 3, hash 43a3545, HEAD~556
2021-07-03 07:36:37,252 DEBUG                  - depth 4, hash 62670f5, HEAD~562
2021-07-03 07:36:37,256 DEBUG                  - depth 5, hash 04490af, HEAD~577
2021-07-03 07:36:37,260 DEBUG                  - depth 6, hash 1060ee7, HEAD~583
2021-07-03 07:36:37,264 DEBUG                  - depth 7, hash 16b91ad, HEAD~585
2021-07-03 07:36:37,268 DEBUG                  - depth 8, hash 7f90b98, HEAD~588
2021-07-03 07:36:37,272 DEBUG                  - depth 9, hash aae50c5, HEAD~612
2021-07-03 07:36:37,277 DEBUG    [line range] org/apache/commons/cli/Option.java setLongOpt 215:218
2021-07-03 07:36:37,301 DEBUG                  - depth 0, hash 9b2b803, HEAD~529
2021-07-03 07:36:37,307 DEBUG                  - depth 1, hash 7f90b98, HEAD~588
2021-07-03 07:36:37,311 DEBUG    [line range] org/apache/commons/cli/Option.java setOptionalArg 226:229
2021-07-03 07:36:37,335 DEBUG                  - depth 0, hash 9b2b803, HEAD~529
2021-07-03 07:36:37,341 DEBUG                  - depth 1, hash b1efd86, HEAD~565
2021-07-03 07:36:37,345 DEBUG                  - depth 2, hash 4fbf597, HEAD~579
2021-07-03 07:36:37,349 DEBUG    [line range] org/apache/commons/cli/Option.java setRequired 295:298
2021-07-03 07:36:37,375 DEBUG                  - depth 0, hash 9b2b803, HEAD~529
2021-07-03 07:36:37,380 DEBUG                  - depth 1, hash 5470bca, HEAD~533
2021-07-03 07:36:37,384 DEBUG                  - depth 2, hash 347bbeb, HEAD~538
2021-07-03 07:36:37,388 DEBUG                  - depth 3, hash 43a3545, HEAD~556
2021-07-03 07:36:37,392 DEBUG                  - depth 4, hash 62670f5, HEAD~562
2021-07-03 07:36:37,397 DEBUG                  - depth 5, hash 04490af, HEAD~577
2021-07-03 07:36:37,401 DEBUG                  - depth 6, hash 1060ee7, HEAD~583
2021-07-03 07:36:37,405 DEBUG                  - depth 7, hash 16b91ad, HEAD~585
2021-07-03 07:36:37,409 DEBUG                  - depth 8, hash 7f90b98, HEAD~588
2021-07-03 07:36:37,413 DEBUG                  - depth 9, hash aae50c5, HEAD~612
2021-07-03 07:36:37,417 DEBUG    [line range] org/apache/commons/cli/Option.java setType 195:198
2021-07-03 07:36:37,443 DEBUG                  - depth 0, hash 9b2b803, HEAD~529
2021-07-03 07:36:37,448 DEBUG                  - depth 1, hash 7f90b98, HEAD~588
2021-07-03 07:36:37,452 DEBUG    [line range] org/apache/commons/cli/Option.java setValueSeparator 358:361
2021-07-03 07:36:37,477 DEBUG                  - depth 0, hash 9b2b803, HEAD~529
2021-07-03 07:36:37,483 DEBUG                  - depth 1, hash 5470bca, HEAD~533
2021-07-03 07:36:37,487 DEBUG                  - depth 2, hash 347bbeb, HEAD~538
2021-07-03 07:36:37,491 DEBUG                  - depth 3, hash 43a3545, HEAD~556
2021-07-03 07:36:37,495 DEBUG                  - depth 4, hash 62670f5, HEAD~562
2021-07-03 07:36:37,500 DEBUG                  - depth 5, hash 04490af, HEAD~577
2021-07-03 07:36:37,504 DEBUG                  - depth 6, hash 1060ee7, HEAD~583
2021-07-03 07:36:37,508 DEBUG                  - depth 7, hash 16b91ad, HEAD~585
2021-07-03 07:36:37,512 DEBUG                  - depth 8, hash 7f90b98, HEAD~588
2021-07-03 07:36:37,516 DEBUG                  - depth 9, hash aae50c5, HEAD~612
2021-07-03 07:36:37,848 DEBUG    [line range] org/apache/commons/cli/OptionBuilder.java <clinit> 46:46
2021-07-03 07:36:37,873 DEBUG                  - depth 0, hash 16b91ad, HEAD~585
2021-07-03 07:36:37,879 DEBUG                  - depth 1, hash fbc0bd0, HEAD~587
2021-07-03 07:36:37,883 DEBUG                  - depth 2, hash 7f90b98, HEAD~588
2021-07-03 07:36:37,887 DEBUG    [line range] org/apache/commons/cli/OptionBuilder.java <init> 63:66
2021-07-03 07:36:37,911 DEBUG                  - depth 0, hash a8a8ec0, HEAD~446
2021-07-03 07:36:37,917 DEBUG                  - depth 1, hash 9b2b803, HEAD~529
2021-07-03 07:36:37,921 DEBUG                  - depth 2, hash 7f90b98, HEAD~588
2021-07-03 07:36:37,925 DEBUG    [line range] org/apache/commons/cli/OptionBuilder.java create 325:334
2021-07-03 07:36:37,949 DEBUG                  - depth 0, hash aa2434d, HEAD~53
2021-07-03 07:36:37,955 DEBUG                  - depth 1, hash 147df44, HEAD~130
2021-07-03 07:36:37,959 DEBUG                  - depth 2, hash 9b2b803, HEAD~529
2021-07-03 07:36:37,963 DEBUG                  - depth 3, hash 347bbeb, HEAD~538
2021-07-03 07:36:37,967 DEBUG                  - depth 4, hash b1efd86, HEAD~565
2021-07-03 07:36:37,971 DEBUG    [line range] org/apache/commons/cli/OptionBuilder.java create 314:317
2021-07-03 07:36:37,996 DEBUG                  - depth 0, hash 147df44, HEAD~130
2021-07-03 07:36:38,002 DEBUG                  - depth 1, hash 9b2b803, HEAD~529
2021-07-03 07:36:38,006 DEBUG                  - depth 2, hash 7f90b98, HEAD~588
2021-07-03 07:36:38,010 DEBUG    [line range] org/apache/commons/cli/OptionBuilder.java create 346:368
2021-07-03 07:36:38,035 DEBUG                  - depth 0, hash aa2434d, HEAD~53
2021-07-03 07:36:38,041 DEBUG                  - depth 1, hash 147df44, HEAD~130
2021-07-03 07:36:38,045 DEBUG                  - depth 2, hash a8a8ec0, HEAD~446
2021-07-03 07:36:38,049 DEBUG                  - depth 3, hash 9b2b803, HEAD~529
2021-07-03 07:36:38,053 DEBUG                  - depth 4, hash 62670f5, HEAD~562
2021-07-03 07:36:38,057 DEBUG                  - depth 5, hash 4fbf597, HEAD~579
2021-07-03 07:36:38,062 DEBUG                  - depth 6, hash 1060ee7, HEAD~583
2021-07-03 07:36:38,066 DEBUG                  - depth 7, hash 16b91ad, HEAD~585
2021-07-03 07:36:38,070 DEBUG                  - depth 8, hash fbc0bd0, HEAD~587
2021-07-03 07:36:38,074 DEBUG                  - depth 9, hash 7f90b98, HEAD~588
2021-07-03 07:36:38,078 DEBUG    [line range] org/apache/commons/cli/OptionBuilder.java hasArgs 217:222
2021-07-03 07:36:38,103 DEBUG                  - depth 0, hash a8a8ec0, HEAD~446
2021-07-03 07:36:38,109 DEBUG                  - depth 1, hash 9b2b803, HEAD~529
2021-07-03 07:36:38,113 DEBUG                  - depth 2, hash 16b91ad, HEAD~585
2021-07-03 07:36:38,117 DEBUG                  - depth 3, hash 7f90b98, HEAD~588
2021-07-03 07:36:38,121 DEBUG    [line range] org/apache/commons/cli/OptionBuilder.java hasOptionalArg 242:248
2021-07-03 07:36:38,146 DEBUG                  - depth 0, hash a8a8ec0, HEAD~446
2021-07-03 07:36:38,151 DEBUG                  - depth 1, hash 9b2b803, HEAD~529
2021-07-03 07:36:38,156 DEBUG                  - depth 2, hash b1efd86, HEAD~565
2021-07-03 07:36:38,160 DEBUG                  - depth 3, hash 4fbf597, HEAD~579
2021-07-03 07:36:38,164 DEBUG    [line range] org/apache/commons/cli/OptionBuilder.java hasOptionalArgs 255:261
2021-07-03 07:36:38,188 DEBUG                  - depth 0, hash a8a8ec0, HEAD~446
2021-07-03 07:36:38,194 DEBUG                  - depth 1, hash 9b2b803, HEAD~529
2021-07-03 07:36:38,198 DEBUG                  - depth 2, hash b1efd86, HEAD~565
2021-07-03 07:36:38,202 DEBUG    [line range] org/apache/commons/cli/OptionBuilder.java hasOptionalArgs 270:276
2021-07-03 07:36:38,227 DEBUG                  - depth 0, hash a8a8ec0, HEAD~446
2021-07-03 07:36:38,232 DEBUG                  - depth 1, hash 9b2b803, HEAD~529
2021-07-03 07:36:38,236 DEBUG                  - depth 2, hash b1efd86, HEAD~565
2021-07-03 07:36:38,240 DEBUG                  - depth 3, hash 4fbf597, HEAD~579
2021-07-03 07:36:38,245 DEBUG    [line range] org/apache/commons/cli/OptionBuilder.java reset 71:84
2021-07-03 07:36:38,270 DEBUG                  - depth 0, hash 9b2b803, HEAD~529
2021-07-03 07:36:38,275 DEBUG                  - depth 1, hash beb276c, HEAD~534
2021-07-03 07:36:38,280 DEBUG                  - depth 2, hash 62670f5, HEAD~562
2021-07-03 07:36:38,284 DEBUG                  - depth 3, hash 79d5a46, HEAD~568
2021-07-03 07:36:38,288 DEBUG                  - depth 4, hash 16b91ad, HEAD~585
2021-07-03 07:36:38,292 DEBUG                  - depth 5, hash 7f90b98, HEAD~588
2021-07-03 07:36:38,296 DEBUG    [line range] org/apache/commons/cli/OptionBuilder.java withLongOpt 92:97
2021-07-03 07:36:38,321 DEBUG                  - depth 0, hash a8a8ec0, HEAD~446
2021-07-03 07:36:38,327 DEBUG                  - depth 1, hash 9b2b803, HEAD~529
2021-07-03 07:36:38,331 DEBUG                  - depth 2, hash 7f90b98, HEAD~588
2021-07-03 07:36:38,335 DEBUG    [line range] org/apache/commons/cli/OptionBuilder.java withValueSeparator 168:173
2021-07-03 07:36:38,360 DEBUG                  - depth 0, hash a8a8ec0, HEAD~446
2021-07-03 07:36:38,366 DEBUG                  - depth 1, hash 9b2b803, HEAD~529
2021-07-03 07:36:38,370 DEBUG                  - depth 2, hash 1060ee7, HEAD~583
2021-07-03 07:36:38,658 DEBUG    [line range] org/apache/commons/cli/OptionValidator.java isValidChar 97:100
2021-07-03 07:36:38,679 DEBUG                  - depth 0, hash 9b2b803, HEAD~529
2021-07-03 07:36:38,685 DEBUG                  - depth 1, hash 347bbeb, HEAD~538
2021-07-03 07:36:38,689 DEBUG    [line range] org/apache/commons/cli/OptionValidator.java isValidOpt 86:89
2021-07-03 07:36:38,709 DEBUG                  - depth 0, hash 147df44, HEAD~130
2021-07-03 07:36:38,715 DEBUG                  - depth 1, hash 9b2b803, HEAD~529
2021-07-03 07:36:38,719 DEBUG                  - depth 2, hash 347bbeb, HEAD~538
2021-07-03 07:36:38,723 DEBUG    [line range] org/apache/commons/cli/OptionValidator.java validateOption 45:77
2021-07-03 07:36:38,745 DEBUG                  - depth 0, hash 8f8639f, HEAD~155
2021-07-03 07:36:38,750 DEBUG                  - depth 1, hash 9b2b803, HEAD~529
2021-07-03 07:36:38,754 DEBUG                  - depth 2, hash 347bbeb, HEAD~538
2021-07-03 07:36:39,111 DEBUG    [single line]   org/apache/commons/cli/Options.java <init> 46
2021-07-03 07:36:39,137 DEBUG                  - depth 0, hash 147df44, HEAD~130
2021-07-03 07:36:39,142 DEBUG                  - depth 1, hash 3fc3de9, HEAD~236
2021-07-03 07:36:39,146 DEBUG                  - depth 2, hash 4cca25d, HEAD~609
2021-07-03 07:36:39,150 DEBUG                  - depth 3, hash aae50c5, HEAD~612
2021-07-03 07:36:39,155 DEBUG    [line range] org/apache/commons/cli/Options.java <init> 51:51
2021-07-03 07:36:39,180 DEBUG                  - depth 0, hash 9b2b803, HEAD~529
2021-07-03 07:36:39,186 DEBUG                  - depth 1, hash aae50c5, HEAD~612
2021-07-03 07:36:39,190 DEBUG    [line range] org/apache/commons/cli/Options.java addOption 129:134
2021-07-03 07:36:39,216 DEBUG                  - depth 0, hash 147df44, HEAD~130
2021-07-03 07:36:39,221 DEBUG                  - depth 1, hash 9b2b803, HEAD~529
2021-07-03 07:36:39,225 DEBUG                  - depth 2, hash fbc0bd0, HEAD~587
2021-07-03 07:36:39,230 DEBUG                  - depth 3, hash 4cca25d, HEAD~609
2021-07-03 07:36:39,234 DEBUG                  - depth 4, hash aae50c5, HEAD~612
2021-07-03 07:36:39,238 DEBUG    [line range] org/apache/commons/cli/Options.java addOption 112:117
2021-07-03 07:36:39,263 DEBUG                  - depth 0, hash 9b2b803, HEAD~529
2021-07-03 07:36:39,269 DEBUG                  - depth 1, hash fbc0bd0, HEAD~587
2021-07-03 07:36:39,273 DEBUG                  - depth 2, hash 4cca25d, HEAD~609
2021-07-03 07:36:39,277 DEBUG                  - depth 3, hash aae50c5, HEAD~612
2021-07-03 07:36:39,282 DEBUG    [line range] org/apache/commons/cli/Options.java addOption 142:165
2021-07-03 07:36:39,307 DEBUG                  - depth 0, hash 147df44, HEAD~130
2021-07-03 07:36:39,313 DEBUG                  - depth 1, hash 500e99f, HEAD~525
2021-07-03 07:36:39,317 DEBUG                  - depth 2, hash 9b2b803, HEAD~529
2021-07-03 07:36:39,321 DEBUG                  - depth 3, hash 5470bca, HEAD~533
2021-07-03 07:36:39,325 DEBUG                  - depth 4, hash 347bbeb, HEAD~538
2021-07-03 07:36:39,330 DEBUG                  - depth 5, hash d30f12f, HEAD~571
2021-07-03 07:36:39,334 DEBUG                  - depth 6, hash 5e98762, HEAD~598
2021-07-03 07:36:39,338 DEBUG                  - depth 7, hash 929f397, HEAD~599
2021-07-03 07:36:39,342 DEBUG                  - depth 8, hash aae50c5, HEAD~612
2021-07-03 07:36:39,346 DEBUG    [line range] org/apache/commons/cli/Options.java getMatchingOptions 223:240
2021-07-03 07:36:39,367 DEBUG                  - depth 0, hash e366a69, HEAD~36
2021-07-03 07:36:39,373 DEBUG    [line range] org/apache/commons/cli/Options.java getOption 204:214
2021-07-03 07:36:39,398 DEBUG                  - depth 0, hash 9b2b803, HEAD~529
2021-07-03 07:36:39,403 DEBUG                  - depth 1, hash 347bbeb, HEAD~538
2021-07-03 07:36:39,408 DEBUG                  - depth 2, hash f9df518, HEAD~581
2021-07-03 07:36:39,412 DEBUG                  - depth 3, hash 4cca25d, HEAD~609
2021-07-03 07:36:39,416 DEBUG                  - depth 4, hash aae50c5, HEAD~612
2021-07-03 07:36:39,420 DEBUG    [line range] org/apache/commons/cli/Options.java getOptionGroup 290:293
2021-07-03 07:36:39,445 DEBUG                  - depth 0, hash 9b2b803, HEAD~529
2021-07-03 07:36:39,451 DEBUG                  - depth 1, hash 347bbeb, HEAD~538
2021-07-03 07:36:39,455 DEBUG                  - depth 2, hash f9df518, HEAD~581
2021-07-03 07:36:39,459 DEBUG                  - depth 3, hash 66d0ae6, HEAD~601
2021-07-03 07:36:39,464 DEBUG    [line range] org/apache/commons/cli/Options.java getOptionGroups 98:101
2021-07-03 07:36:39,487 DEBUG                  - depth 0, hash 05e7cd0, HEAD~177
2021-07-03 07:36:39,493 DEBUG                  - depth 1, hash 8f95e4a, HEAD~503
2021-07-03 07:36:39,497 DEBUG    [line range] org/apache/commons/cli/Options.java getRequiredOptions 192:195
2021-07-03 07:36:39,522 DEBUG                  - depth 0, hash 9b2b803, HEAD~529
2021-07-03 07:36:39,528 DEBUG                  - depth 1, hash d30f12f, HEAD~571
2021-07-03 07:36:39,532 DEBUG                  - depth 2, hash f9df518, HEAD~581
2021-07-03 07:36:39,536 DEBUG                  - depth 3, hash 66d0ae6, HEAD~601
2021-07-03 07:36:39,540 DEBUG    [line range] org/apache/commons/cli/Options.java hasOption 248:253
2021-07-03 07:36:39,566 DEBUG                  - depth 0, hash 9b2b803, HEAD~529
2021-07-03 07:36:39,571 DEBUG                  - depth 1, hash 347bbeb, HEAD~538
2021-07-03 07:36:39,576 DEBUG                  - depth 2, hash 745d1a5, HEAD~575
2021-07-03 07:36:39,580 DEBUG                  - depth 3, hash f9df518, HEAD~581
2021-07-03 07:36:39,584 DEBUG                  - depth 4, hash e56f1e1, HEAD~607
2021-07-03 07:36:39,588 DEBUG                  - depth 5, hash 4cca25d, HEAD~609
2021-07-03 07:36:39,592 DEBUG                  - depth 6, hash aae50c5, HEAD~612
2021-07-03 07:36:39,597 DEBUG    [line range] org/apache/commons/cli/Options.java helpOptions 182:185
2021-07-03 07:36:39,622 DEBUG                  - depth 0, hash 05e7cd0, HEAD~177
2021-07-03 07:36:39,628 DEBUG                  - depth 1, hash 9b2b803, HEAD~529
2021-07-03 07:36:39,632 DEBUG                  - depth 2, hash 3b8e3de, HEAD~539
2021-07-03 07:36:39,636 DEBUG                  - depth 3, hash 62670f5, HEAD~562
2021-07-03 07:36:39,641 DEBUG                  - depth 4, hash 5c427dd, HEAD~569
2021-07-03 07:36:39,645 DEBUG                  - depth 5, hash 5e98762, HEAD~598
2021-07-03 07:36:39,649 DEBUG                  - depth 6, hash 66d0ae6, HEAD~601
2021-07-03 07:36:39,653 DEBUG                  - depth 7, hash aae50c5, HEAD~612
2021-07-03 07:36:40,001 DEBUG    [single line]   org/apache/commons/cli/Parser.java <init> 35
2021-07-03 07:36:40,026 DEBUG                  - depth 0, hash 147df44, HEAD~130
2021-07-03 07:36:40,031 DEBUG                  - depth 1, hash dde6993, HEAD~576
2021-07-03 07:36:40,036 DEBUG    [line range] org/apache/commons/cli/Parser.java checkRequiredOptions 305:312
2021-07-03 07:36:40,060 DEBUG                  - depth 0, hash 28a8c18, HEAD~157
2021-07-03 07:36:40,066 DEBUG                  - depth 1, hash fea3587, HEAD~212
2021-07-03 07:36:40,070 DEBUG                  - depth 2, hash 298804b, HEAD~213
2021-07-03 07:36:40,074 DEBUG                  - depth 3, hash f789594, HEAD~318
2021-07-03 07:36:40,078 DEBUG                  - depth 4, hash 9b2b803, HEAD~529
2021-07-03 07:36:40,082 DEBUG                  - depth 5, hash d30f12f, HEAD~571
2021-07-03 07:36:40,086 DEBUG                  - depth 6, hash 745d1a5, HEAD~575
2021-07-03 07:36:40,090 DEBUG                  - depth 7, hash dde6993, HEAD~576
2021-07-03 07:36:40,094 DEBUG    [line range] org/apache/commons/cli/Parser.java getOptions 52:55
2021-07-03 07:36:40,117 DEBUG                  - depth 0, hash 147df44, HEAD~130
2021-07-03 07:36:40,123 DEBUG                  - depth 1, hash 298804b, HEAD~213
2021-07-03 07:36:40,127 DEBUG    [line range] org/apache/commons/cli/Parser.java getRequiredOptions 57:60
2021-07-03 07:36:40,150 DEBUG                  - depth 0, hash 147df44, HEAD~130
2021-07-03 07:36:40,155 DEBUG                  - depth 1, hash 298804b, HEAD~213
2021-07-03 07:36:40,160 DEBUG    [line range] org/apache/commons/cli/Parser.java parse 84:87
2021-07-03 07:36:40,184 DEBUG                  - depth 0, hash 147df44, HEAD~130
2021-07-03 07:36:40,190 DEBUG                  - depth 1, hash 9b2b803, HEAD~529
2021-07-03 07:36:40,194 DEBUG                  - depth 2, hash 347bbeb, HEAD~538
2021-07-03 07:36:40,198 DEBUG                  - depth 3, hash d30f12f, HEAD~571
2021-07-03 07:36:40,202 DEBUG                  - depth 4, hash dde6993, HEAD~576
2021-07-03 07:36:40,207 DEBUG    [line range] org/apache/commons/cli/Parser.java parse 101:104
2021-07-03 07:36:40,231 DEBUG                  - depth 0, hash 147df44, HEAD~130
2021-07-03 07:36:40,237 DEBUG                  - depth 1, hash 9b2b803, HEAD~529
2021-07-03 07:36:40,241 DEBUG                  - depth 2, hash 347bbeb, HEAD~538
2021-07-03 07:36:40,246 DEBUG                  - depth 3, hash d30f12f, HEAD~571
2021-07-03 07:36:40,250 DEBUG                  - depth 4, hash dde6993, HEAD~576
2021-07-03 07:36:40,254 DEBUG    [line range] org/apache/commons/cli/Parser.java parse 143:245
2021-07-03 07:36:40,279 DEBUG                  - depth 0, hash 4c971f0, HEAD~18
2021-07-03 07:36:40,285 DEBUG                  - depth 1, hash 147df44, HEAD~130
2021-07-03 07:36:40,289 DEBUG                  - depth 2, hash 298804b, HEAD~213
2021-07-03 07:36:40,293 DEBUG                  - depth 3, hash c155ceb, HEAD~331
2021-07-03 07:36:40,297 DEBUG                  - depth 4, hash 9b2b803, HEAD~529
2021-07-03 07:36:40,302 DEBUG                  - depth 5, hash 347bbeb, HEAD~538
2021-07-03 07:36:40,306 DEBUG                  - depth 6, hash d30f12f, HEAD~571
2021-07-03 07:36:40,310 DEBUG                  - depth 7, hash fc0723b, HEAD~572
2021-07-03 07:36:40,314 DEBUG                  - depth 8, hash dde6993, HEAD~576
2021-07-03 07:36:40,319 DEBUG    [line range] org/apache/commons/cli/Parser.java processArgs 326:356
2021-07-03 07:36:40,344 DEBUG                  - depth 0, hash 147df44, HEAD~130
2021-07-03 07:36:40,350 DEBUG                  - depth 1, hash 81fe716, HEAD~154
2021-07-03 07:36:40,354 DEBUG                  - depth 2, hash 298804b, HEAD~213
2021-07-03 07:36:40,358 DEBUG                  - depth 3, hash 9774480, HEAD~283
2021-07-03 07:36:40,362 DEBUG                  - depth 4, hash a8a8ec0, HEAD~446
2021-07-03 07:36:40,367 DEBUG                  - depth 5, hash cb8c457, HEAD~459
2021-07-03 07:36:40,371 DEBUG                  - depth 6, hash 9903ac8, HEAD~460
2021-07-03 07:36:40,375 DEBUG                  - depth 7, hash 8f95e4a, HEAD~503
2021-07-03 07:36:40,379 DEBUG                  - depth 8, hash c0d5c79, HEAD~522
2021-07-03 07:36:40,383 DEBUG                  - depth 9, hash 9b2b803, HEAD~529
2021-07-03 07:36:40,388 DEBUG                  - depth 10, hash 5470bca, HEAD~533
2021-07-03 07:36:40,392 DEBUG                  - depth 11, hash 347bbeb, HEAD~538
2021-07-03 07:36:40,396 DEBUG                  - depth 12, hash 62670f5, HEAD~562
2021-07-03 07:36:40,400 DEBUG                  - depth 13, hash dde6993, HEAD~576
2021-07-03 07:36:40,405 DEBUG    [line range] org/apache/commons/cli/Parser.java processOption 367:409
2021-07-03 07:36:40,430 DEBUG                  - depth 0, hash 147df44, HEAD~130
2021-07-03 07:36:40,435 DEBUG                  - depth 1, hash 0a8de54, HEAD~143
2021-07-03 07:36:40,440 DEBUG                  - depth 2, hash 20dfc60, HEAD~166
2021-07-03 07:36:40,444 DEBUG                  - depth 3, hash 298804b, HEAD~213
2021-07-03 07:36:40,448 DEBUG                  - depth 4, hash a8a8ec0, HEAD~446
2021-07-03 07:36:40,452 DEBUG                  - depth 5, hash 9b2b803, HEAD~529
2021-07-03 07:36:40,457 DEBUG                  - depth 6, hash 347bbeb, HEAD~538
2021-07-03 07:36:40,461 DEBUG                  - depth 7, hash 436ef8b, HEAD~554
2021-07-03 07:36:40,465 DEBUG                  - depth 8, hash c08f738, HEAD~564
2021-07-03 07:36:40,469 DEBUG                  - depth 9, hash dde6993, HEAD~576
2021-07-03 07:36:40,474 DEBUG    [line range] org/apache/commons/cli/Parser.java processProperties 252:296
2021-07-03 07:36:40,498 DEBUG                  - depth 0, hash 147df44, HEAD~130
2021-07-03 07:36:40,504 DEBUG                  - depth 1, hash 298804b, HEAD~213
2021-07-03 07:36:40,509 DEBUG                  - depth 2, hash 9774480, HEAD~283
2021-07-03 07:36:40,513 DEBUG                  - depth 3, hash 1314233, HEAD~457
2021-07-03 07:36:40,517 DEBUG                  - depth 4, hash 9b2b803, HEAD~529
2021-07-03 07:36:40,521 DEBUG                  - depth 5, hash be7dfa5, HEAD~531
2021-07-03 07:36:40,525 DEBUG                  - depth 6, hash 347bbeb, HEAD~538
2021-07-03 07:36:40,530 DEBUG    [line range] org/apache/commons/cli/Parser.java setOptions 46:50
2021-07-03 07:36:40,552 DEBUG                  - depth 0, hash 147df44, HEAD~130
2021-07-03 07:36:40,558 DEBUG                  - depth 1, hash d72a578, HEAD~201
2021-07-03 07:36:40,562 DEBUG                  - depth 2, hash 298804b, HEAD~213
2021-07-03 07:36:40,888 DEBUG    [single line]   org/apache/commons/cli/PosixParser.java <init> 33
2021-07-03 07:36:40,914 DEBUG                  - depth 0, hash 147df44, HEAD~130
2021-07-03 07:36:40,919 DEBUG                  - depth 1, hash dde6993, HEAD~576
2021-07-03 07:36:40,924 DEBUG                  - depth 2, hash 4cca25d, HEAD~609
2021-07-03 07:36:40,928 DEBUG    [line range] org/apache/commons/cli/PosixParser.java <init> 36:36
2021-07-03 07:36:40,953 DEBUG                  - depth 0, hash 9c5ce35, HEAD~138
2021-07-03 07:36:40,959 DEBUG                  - depth 1, hash dde6993, HEAD~576
2021-07-03 07:36:40,963 DEBUG                  - depth 2, hash 66d0ae6, HEAD~601
2021-07-03 07:36:40,967 DEBUG    [line range] org/apache/commons/cli/PosixParser.java flatten 96:178
2021-07-03 07:36:40,993 DEBUG                  - depth 0, hash e366a69, HEAD~36
2021-07-03 07:36:40,998 DEBUG                  - depth 1, hash db4a638, HEAD~110
2021-07-03 07:36:41,003 DEBUG                  - depth 2, hash 147df44, HEAD~130
2021-07-03 07:36:41,007 DEBUG                  - depth 3, hash 0823e11, HEAD~133
2021-07-03 07:36:41,011 DEBUG                  - depth 4, hash 99aa05a, HEAD~135
2021-07-03 07:36:41,015 DEBUG                  - depth 5, hash c860625, HEAD~137
2021-07-03 07:36:41,020 DEBUG                  - depth 6, hash 9c5ce35, HEAD~138
2021-07-03 07:36:41,024 DEBUG                  - depth 7, hash b599e12, HEAD~322
2021-07-03 07:36:41,028 DEBUG                  - depth 8, hash 2ff9573, HEAD~332
2021-07-03 07:36:41,032 DEBUG                  - depth 9, hash 45c0174, HEAD~461
2021-07-03 07:36:41,037 DEBUG                  - depth 10, hash 9b2b803, HEAD~529
2021-07-03 07:36:41,041 DEBUG                  - depth 11, hash f1a32a5, HEAD~570
2021-07-03 07:36:41,045 DEBUG                  - depth 12, hash dde6993, HEAD~576
2021-07-03 07:36:41,049 DEBUG                  - depth 13, hash 4fbf597, HEAD~579
2021-07-03 07:36:41,053 DEBUG                  - depth 14, hash f9df518, HEAD~581
2021-07-03 07:36:41,058 DEBUG                  - depth 15, hash 1060ee7, HEAD~583
2021-07-03 07:36:41,062 DEBUG                  - depth 16, hash 16b91ad, HEAD~585
2021-07-03 07:36:41,066 DEBUG                  - depth 17, hash 66d0ae6, HEAD~601
2021-07-03 07:36:41,070 DEBUG                  - depth 18, hash 08a1eab, HEAD~606
2021-07-03 07:36:41,075 DEBUG                  - depth 19, hash 4cca25d, HEAD~609
2021-07-03 07:36:41,079 DEBUG    [line range] org/apache/commons/cli/PosixParser.java gobble 185:194
2021-07-03 07:36:41,105 DEBUG                  - depth 0, hash 9b2b803, HEAD~529
2021-07-03 07:36:41,111 DEBUG                  - depth 1, hash dde6993, HEAD~576
2021-07-03 07:36:41,115 DEBUG                  - depth 2, hash 4fbf597, HEAD~579
2021-07-03 07:36:41,119 DEBUG                  - depth 3, hash f9df518, HEAD~581
2021-07-03 07:36:41,123 DEBUG                  - depth 4, hash 66d0ae6, HEAD~601
2021-07-03 07:36:41,128 DEBUG                  - depth 5, hash 4cca25d, HEAD~609
2021-07-03 07:36:41,132 DEBUG    [line range] org/apache/commons/cli/PosixParser.java init 52:56
2021-07-03 07:36:41,157 DEBUG                  - depth 0, hash 0823e11, HEAD~133
2021-07-03 07:36:41,163 DEBUG                  - depth 1, hash 9b2b803, HEAD~529
2021-07-03 07:36:41,167 DEBUG                  - depth 2, hash dde6993, HEAD~576
2021-07-03 07:36:41,171 DEBUG                  - depth 3, hash f9df518, HEAD~581
2021-07-03 07:36:41,176 DEBUG                  - depth 4, hash 66d0ae6, HEAD~601
2021-07-03 07:36:41,180 DEBUG                  - depth 5, hash 4cca25d, HEAD~609
2021-07-03 07:36:41,184 DEBUG    [line range] org/apache/commons/cli/PosixParser.java processNonOptionToken 203:212
2021-07-03 07:36:41,209 DEBUG                  - depth 0, hash db4a638, HEAD~110
2021-07-03 07:36:41,215 DEBUG                  - depth 1, hash 0823e11, HEAD~133
2021-07-03 07:36:41,219 DEBUG                  - depth 2, hash 9c5ce35, HEAD~138
2021-07-03 07:36:41,223 DEBUG                  - depth 3, hash 9b2b803, HEAD~529
2021-07-03 07:36:41,228 DEBUG                  - depth 4, hash dde6993, HEAD~576
2021-07-03 07:36:41,232 DEBUG                  - depth 5, hash f9df518, HEAD~581
2021-07-03 07:36:41,236 DEBUG                  - depth 6, hash 66d0ae6, HEAD~601
2021-07-03 07:36:41,240 DEBUG                  - depth 7, hash 4cca25d, HEAD~609
2021-07-03 07:36:41,245 DEBUG    [line range] org/apache/commons/cli/PosixParser.java processOptionToken 226:239
2021-07-03 07:36:41,270 DEBUG                  - depth 0, hash db4a638, HEAD~110
2021-07-03 07:36:41,276 DEBUG                  - depth 1, hash 0823e11, HEAD~133
2021-07-03 07:36:41,280 DEBUG                  - depth 2, hash b133180, HEAD~136
2021-07-03 07:36:41,284 DEBUG                  - depth 3, hash c860625, HEAD~137
2021-07-03 07:36:41,289 DEBUG                  - depth 4, hash 9b2b803, HEAD~529
2021-07-03 07:36:41,293 DEBUG                  - depth 5, hash 745d1a5, HEAD~575
2021-07-03 07:36:41,297 DEBUG                  - depth 6, hash dde6993, HEAD~576
2021-07-03 07:36:41,302 DEBUG                  - depth 7, hash 16b91ad, HEAD~585
2021-07-03 07:36:41,306 DEBUG                  - depth 8, hash 66d0ae6, HEAD~601
2021-07-03 07:36:41,310 DEBUG                  - depth 9, hash 4cca25d, HEAD~609
2021-07-03 07:36:41,598 DEBUG    [line range] org/apache/commons/cli/Util.java stripLeadingAndTrailingQuotes 63:74
2021-07-03 07:36:41,629 DEBUG                  - depth 0, hash 147df44, HEAD~130
2021-07-03 07:36:41,635 DEBUG                  - depth 1, hash c0d5c79, HEAD~522
2021-07-03 07:36:41,640 DEBUG    [line range] org/apache/commons/cli/Util.java stripLeadingHyphens 36:52
2021-07-03 07:36:41,660 DEBUG                  - depth 0, hash 147df44, HEAD~130
2021-07-03 07:36:41,665 DEBUG                  - depth 1, hash 3880640, HEAD~312
2021-07-03 07:36:41,669 DEBUG                  - depth 2, hash 9b2b803, HEAD~529
2021-07-03 07:36:41,674 DEBUG                  - depth 3, hash 347bbeb, HEAD~538
2021-07-03 07:36:41,678 INFO     The number of BIC candidates: 76
