2021-07-03 07:36:16,582 INFO     Search BICs for /tmp/Cli-27b/
2021-07-03 07:36:16,582 DEBUG    Reading the coverage of org.apache.commons.cli.GnuParserTest::testOptionGroupLong (failings)
2021-07-03 07:36:16,589 DEBUG    Reading the coverage of org.apache.commons.cli.BasicParserTest::testOptionGroupLong (failings)
2021-07-03 07:36:16,595 DEBUG    Reading the coverage of org.apache.commons.cli.PosixParserTest::testOptionGroupLong (failings)
2021-07-03 07:36:16,602 INFO     Loaded 3x233 Coverage Matrix
2021-07-03 07:36:16,602 INFO     The number of total commits: 595
2021-07-03 07:36:16,936 DEBUG    [line range] org/apache/commons/cli/CommandLine.java <init> 48:48
2021-07-03 07:36:16,960 DEBUG                  - depth 0, hash 9b2b803, HEAD~510
2021-07-03 07:36:16,966 DEBUG                  - depth 1, hash aae50c5, HEAD~593
2021-07-03 07:36:16,970 DEBUG    [line range] org/apache/commons/cli/CommandLine.java addOption 354:357
2021-07-03 07:36:16,995 DEBUG                  - depth 0, hash b0e1b80, HEAD~314
2021-07-03 07:36:17,000 DEBUG                  - depth 1, hash 9b2b803, HEAD~510
2021-07-03 07:36:17,004 DEBUG                  - depth 2, hash 0f52eff, HEAD~518
2021-07-03 07:36:17,008 DEBUG                  - depth 3, hash 347bbeb, HEAD~519
2021-07-03 07:36:17,013 DEBUG                  - depth 4, hash 0c281fb, HEAD~522
2021-07-03 07:36:17,017 DEBUG                  - depth 5, hash 872f1d5, HEAD~542
2021-07-03 07:36:17,021 DEBUG                  - depth 6, hash c08f738, HEAD~545
2021-07-03 07:36:17,025 DEBUG                  - depth 7, hash 04490af, HEAD~558
2021-07-03 07:36:17,029 DEBUG                  - depth 8, hash f9df518, HEAD~562
2021-07-03 07:36:17,033 DEBUG                  - depth 9, hash 5aa47b7, HEAD~567
2021-07-03 07:36:17,037 DEBUG                  - depth 10, hash 4cca25d, HEAD~590
2021-07-03 07:36:17,041 DEBUG                  - depth 11, hash aae50c5, HEAD~593
2021-07-03 07:36:17,045 DEBUG    [line range] org/apache/commons/cli/CommandLine.java hasOption 67:70
2021-07-03 07:36:17,070 DEBUG                  - depth 0, hash 147df44, HEAD~111
2021-07-03 07:36:17,075 DEBUG                  - depth 1, hash b0e1b80, HEAD~314
2021-07-03 07:36:17,079 DEBUG                  - depth 2, hash 9b2b803, HEAD~510
2021-07-03 07:36:17,083 DEBUG                  - depth 3, hash 4cca25d, HEAD~590
2021-07-03 07:36:17,087 DEBUG                  - depth 4, hash aae50c5, HEAD~593
2021-07-03 07:36:17,092 DEBUG    [line range] org/apache/commons/cli/CommandLine.java resolveOption 191:209
2021-07-03 07:36:17,116 DEBUG                  - depth 0, hash 147df44, HEAD~111
2021-07-03 07:36:17,121 DEBUG                  - depth 1, hash b0e1b80, HEAD~314
2021-07-03 07:36:17,126 DEBUG                  - depth 2, hash 9b2b803, HEAD~510
2021-07-03 07:36:17,130 DEBUG                  - depth 3, hash 347bbeb, HEAD~519
2021-07-03 07:36:17,134 DEBUG                  - depth 4, hash 0c281fb, HEAD~522
2021-07-03 07:36:17,138 DEBUG                  - depth 5, hash 83b7ceb, HEAD~561
2021-07-03 07:36:17,142 DEBUG                  - depth 6, hash f9df518, HEAD~562
2021-07-03 07:36:17,146 DEBUG                  - depth 7, hash 5aa47b7, HEAD~567
2021-07-03 07:36:17,150 DEBUG                  - depth 8, hash 4cca25d, HEAD~590
2021-07-03 07:36:17,154 DEBUG                  - depth 9, hash aae50c5, HEAD~593
2021-07-03 07:36:17,477 DEBUG    [single line]   org/apache/commons/cli/GnuParser.java <init> 30
2021-07-03 07:36:17,500 DEBUG                  - depth 0, hash 147df44, HEAD~111
2021-07-03 07:36:17,505 DEBUG                  - depth 1, hash dde6993, HEAD~557
2021-07-03 07:36:17,509 DEBUG                  - depth 2, hash 66d0ae6, HEAD~582
2021-07-03 07:36:17,513 DEBUG                  - depth 3, hash ead3757, HEAD~589
2021-07-03 07:36:17,517 DEBUG    [line range] org/apache/commons/cli/GnuParser.java flatten 49:112
2021-07-03 07:36:17,540 DEBUG                  - depth 0, hash aa050a6, HEAD~151
2021-07-03 07:36:17,545 DEBUG                  - depth 1, hash 0149b8a, HEAD~170
2021-07-03 07:36:17,549 DEBUG                  - depth 2, hash d3c2977, HEAD~172
2021-07-03 07:36:17,553 DEBUG                  - depth 3, hash b599e12, HEAD~303
2021-07-03 07:36:17,557 DEBUG                  - depth 4, hash 9b2b803, HEAD~510
2021-07-03 07:36:17,561 DEBUG                  - depth 5, hash fc0723b, HEAD~553
2021-07-03 07:36:17,565 DEBUG                  - depth 6, hash dde6993, HEAD~557
2021-07-03 07:36:17,569 DEBUG                  - depth 7, hash 16b91ad, HEAD~566
2021-07-03 07:36:17,573 DEBUG                  - depth 8, hash 66d0ae6, HEAD~582
2021-07-03 07:36:17,577 DEBUG                  - depth 9, hash ead3757, HEAD~589
2021-07-03 07:36:17,936 DEBUG    [line range] org/apache/commons/cli/Option.java <init> 88:91
2021-07-03 07:36:17,960 DEBUG                  - depth 0, hash 147df44, HEAD~111
2021-07-03 07:36:17,965 DEBUG                  - depth 1, hash 9b2b803, HEAD~510
2021-07-03 07:36:17,969 DEBUG                  - depth 2, hash 04490af, HEAD~558
2021-07-03 07:36:17,973 DEBUG                  - depth 3, hash 16b91ad, HEAD~566
2021-07-03 07:36:17,978 DEBUG    [line range] org/apache/commons/cli/Option.java <init> 56:56
2021-07-03 07:36:18,001 DEBUG                  - depth 0, hash beb276c, HEAD~515
2021-07-03 07:36:18,006 DEBUG                  - depth 1, hash 62670f5, HEAD~543
2021-07-03 07:36:18,010 DEBUG    [line range] org/apache/commons/cli/Option.java clearValues 657:660
2021-07-03 07:36:18,032 DEBUG                  - depth 0, hash 147df44, HEAD~111
2021-07-03 07:36:18,037 DEBUG                  - depth 1, hash c155ceb, HEAD~312
2021-07-03 07:36:18,041 DEBUG    [line range] org/apache/commons/cli/Option.java clone 637:649
2021-07-03 07:36:18,062 DEBUG                  - depth 0, hash 147df44, HEAD~111
2021-07-03 07:36:18,068 DEBUG                  - depth 1, hash 4cf1b71, HEAD~262
2021-07-03 07:36:18,072 DEBUG                  - depth 2, hash 1545ae4, HEAD~267
2021-07-03 07:36:18,076 DEBUG    [line range] org/apache/commons/cli/Option.java equals 593:617
2021-07-03 07:36:18,097 DEBUG                  - depth 0, hash 147df44, HEAD~111
2021-07-03 07:36:18,103 DEBUG                  - depth 1, hash b0e1b80, HEAD~314
2021-07-03 07:36:18,107 DEBUG    [line range] org/apache/commons/cli/Option.java getKey 154:163
2021-07-03 07:36:18,129 DEBUG                  - depth 0, hash 147df44, HEAD~111
2021-07-03 07:36:18,135 DEBUG                  - depth 1, hash 9b2b803, HEAD~510
2021-07-03 07:36:18,139 DEBUG                  - depth 2, hash 347bbeb, HEAD~519
2021-07-03 07:36:18,143 DEBUG    [line range] org/apache/commons/cli/Option.java getLongOpt 205:208
2021-07-03 07:36:18,168 DEBUG                  - depth 0, hash 147df44, HEAD~111
2021-07-03 07:36:18,173 DEBUG                  - depth 1, hash 9b2b803, HEAD~510
2021-07-03 07:36:18,177 DEBUG                  - depth 2, hash aae50c5, HEAD~593
2021-07-03 07:36:18,181 DEBUG    [line range] org/apache/commons/cli/Option.java getOpt 175:178
2021-07-03 07:36:18,206 DEBUG                  - depth 0, hash 147df44, HEAD~111
2021-07-03 07:36:18,211 DEBUG                  - depth 1, hash 9b2b803, HEAD~510
2021-07-03 07:36:18,215 DEBUG                  - depth 2, hash 4cca25d, HEAD~590
2021-07-03 07:36:18,220 DEBUG                  - depth 3, hash aae50c5, HEAD~593
2021-07-03 07:36:18,224 DEBUG    [line range] org/apache/commons/cli/Option.java hasArg 254:257
2021-07-03 07:36:18,248 DEBUG                  - depth 0, hash 147df44, HEAD~111
2021-07-03 07:36:18,254 DEBUG                  - depth 1, hash 9b2b803, HEAD~510
2021-07-03 07:36:18,258 DEBUG                  - depth 2, hash 16b91ad, HEAD~566
2021-07-03 07:36:18,262 DEBUG                  - depth 3, hash aae50c5, HEAD~593
2021-07-03 07:36:18,266 DEBUG    [line range] org/apache/commons/cli/Option.java hasLongOpt 244:247
2021-07-03 07:36:18,290 DEBUG                  - depth 0, hash 147df44, HEAD~111
2021-07-03 07:36:18,296 DEBUG                  - depth 1, hash 9b2b803, HEAD~510
2021-07-03 07:36:18,300 DEBUG                  - depth 2, hash aae50c5, HEAD~593
2021-07-03 07:36:18,304 DEBUG    [line range] org/apache/commons/cli/Option.java isRequired 285:288
2021-07-03 07:36:18,329 DEBUG                  - depth 0, hash 147df44, HEAD~111
2021-07-03 07:36:18,334 DEBUG                  - depth 1, hash 9b2b803, HEAD~510
2021-07-03 07:36:18,338 DEBUG                  - depth 2, hash 5470bca, HEAD~514
2021-07-03 07:36:18,342 DEBUG                  - depth 3, hash 347bbeb, HEAD~519
2021-07-03 07:36:18,347 DEBUG                  - depth 4, hash 43a3545, HEAD~537
2021-07-03 07:36:18,351 DEBUG                  - depth 5, hash 62670f5, HEAD~543
2021-07-03 07:36:18,355 DEBUG                  - depth 6, hash 04490af, HEAD~558
2021-07-03 07:36:18,359 DEBUG                  - depth 7, hash 1060ee7, HEAD~564
2021-07-03 07:36:18,363 DEBUG                  - depth 8, hash 16b91ad, HEAD~566
2021-07-03 07:36:18,367 DEBUG                  - depth 9, hash 7f90b98, HEAD~569
2021-07-03 07:36:18,371 DEBUG                  - depth 10, hash aae50c5, HEAD~593
2021-07-03 07:36:18,375 DEBUG    [line range] org/apache/commons/cli/Option.java setArgName 305:308
2021-07-03 07:36:18,399 DEBUG                  - depth 0, hash 9b2b803, HEAD~510
2021-07-03 07:36:18,405 DEBUG                  - depth 1, hash 5470bca, HEAD~514
2021-07-03 07:36:18,409 DEBUG                  - depth 2, hash 347bbeb, HEAD~519
2021-07-03 07:36:18,413 DEBUG                  - depth 3, hash 43a3545, HEAD~537
2021-07-03 07:36:18,417 DEBUG                  - depth 4, hash 62670f5, HEAD~543
2021-07-03 07:36:18,421 DEBUG                  - depth 5, hash 04490af, HEAD~558
2021-07-03 07:36:18,425 DEBUG                  - depth 6, hash 1060ee7, HEAD~564
2021-07-03 07:36:18,430 DEBUG                  - depth 7, hash 16b91ad, HEAD~566
2021-07-03 07:36:18,434 DEBUG                  - depth 8, hash 7f90b98, HEAD~569
2021-07-03 07:36:18,438 DEBUG                  - depth 9, hash aae50c5, HEAD~593
2021-07-03 07:36:18,442 DEBUG    [line range] org/apache/commons/cli/Option.java setArgs 347:350
2021-07-03 07:36:18,467 DEBUG                  - depth 0, hash 9b2b803, HEAD~510
2021-07-03 07:36:18,472 DEBUG                  - depth 1, hash 5470bca, HEAD~514
2021-07-03 07:36:18,476 DEBUG                  - depth 2, hash 347bbeb, HEAD~519
2021-07-03 07:36:18,480 DEBUG                  - depth 3, hash 43a3545, HEAD~537
2021-07-03 07:36:18,484 DEBUG                  - depth 4, hash 62670f5, HEAD~543
2021-07-03 07:36:18,489 DEBUG                  - depth 5, hash 04490af, HEAD~558
2021-07-03 07:36:18,493 DEBUG                  - depth 6, hash 1060ee7, HEAD~564
2021-07-03 07:36:18,497 DEBUG                  - depth 7, hash 16b91ad, HEAD~566
2021-07-03 07:36:18,501 DEBUG                  - depth 8, hash 7f90b98, HEAD~569
2021-07-03 07:36:18,505 DEBUG                  - depth 9, hash aae50c5, HEAD~593
2021-07-03 07:36:18,509 DEBUG    [line range] org/apache/commons/cli/Option.java setLongOpt 215:218
2021-07-03 07:36:18,534 DEBUG                  - depth 0, hash 9b2b803, HEAD~510
2021-07-03 07:36:18,539 DEBUG                  - depth 1, hash 7f90b98, HEAD~569
2021-07-03 07:36:18,543 DEBUG    [line range] org/apache/commons/cli/Option.java setOptionalArg 226:229
2021-07-03 07:36:18,567 DEBUG                  - depth 0, hash 9b2b803, HEAD~510
2021-07-03 07:36:18,572 DEBUG                  - depth 1, hash b1efd86, HEAD~546
2021-07-03 07:36:18,576 DEBUG                  - depth 2, hash 4fbf597, HEAD~560
2021-07-03 07:36:18,580 DEBUG    [line range] org/apache/commons/cli/Option.java setRequired 295:298
2021-07-03 07:36:18,605 DEBUG                  - depth 0, hash 9b2b803, HEAD~510
2021-07-03 07:36:18,611 DEBUG                  - depth 1, hash 5470bca, HEAD~514
2021-07-03 07:36:18,615 DEBUG                  - depth 2, hash 347bbeb, HEAD~519
2021-07-03 07:36:18,619 DEBUG                  - depth 3, hash 43a3545, HEAD~537
2021-07-03 07:36:18,623 DEBUG                  - depth 4, hash 62670f5, HEAD~543
2021-07-03 07:36:18,627 DEBUG                  - depth 5, hash 04490af, HEAD~558
2021-07-03 07:36:18,631 DEBUG                  - depth 6, hash 1060ee7, HEAD~564
2021-07-03 07:36:18,635 DEBUG                  - depth 7, hash 16b91ad, HEAD~566
2021-07-03 07:36:18,640 DEBUG                  - depth 8, hash 7f90b98, HEAD~569
2021-07-03 07:36:18,644 DEBUG                  - depth 9, hash aae50c5, HEAD~593
2021-07-03 07:36:18,648 DEBUG    [line range] org/apache/commons/cli/Option.java setType 195:198
2021-07-03 07:36:18,672 DEBUG                  - depth 0, hash 9b2b803, HEAD~510
2021-07-03 07:36:18,677 DEBUG                  - depth 1, hash 7f90b98, HEAD~569
2021-07-03 07:36:18,681 DEBUG    [line range] org/apache/commons/cli/Option.java setValueSeparator 358:361
2021-07-03 07:36:18,706 DEBUG                  - depth 0, hash 9b2b803, HEAD~510
2021-07-03 07:36:18,711 DEBUG                  - depth 1, hash 5470bca, HEAD~514
2021-07-03 07:36:18,716 DEBUG                  - depth 2, hash 347bbeb, HEAD~519
2021-07-03 07:36:18,720 DEBUG                  - depth 3, hash 43a3545, HEAD~537
2021-07-03 07:36:18,724 DEBUG                  - depth 4, hash 62670f5, HEAD~543
2021-07-03 07:36:18,728 DEBUG                  - depth 5, hash 04490af, HEAD~558
2021-07-03 07:36:18,732 DEBUG                  - depth 6, hash 1060ee7, HEAD~564
2021-07-03 07:36:18,736 DEBUG                  - depth 7, hash 16b91ad, HEAD~566
2021-07-03 07:36:18,740 DEBUG                  - depth 8, hash 7f90b98, HEAD~569
2021-07-03 07:36:18,745 DEBUG                  - depth 9, hash aae50c5, HEAD~593
2021-07-03 07:36:19,074 DEBUG    [line range] org/apache/commons/cli/OptionBuilder.java <clinit> 46:46
2021-07-03 07:36:19,099 DEBUG                  - depth 0, hash 16b91ad, HEAD~566
2021-07-03 07:36:19,104 DEBUG                  - depth 1, hash fbc0bd0, HEAD~568
2021-07-03 07:36:19,109 DEBUG                  - depth 2, hash 7f90b98, HEAD~569
2021-07-03 07:36:19,113 DEBUG    [line range] org/apache/commons/cli/OptionBuilder.java <init> 63:66
2021-07-03 07:36:19,137 DEBUG                  - depth 0, hash a8a8ec0, HEAD~427
2021-07-03 07:36:19,143 DEBUG                  - depth 1, hash 9b2b803, HEAD~510
2021-07-03 07:36:19,147 DEBUG                  - depth 2, hash 7f90b98, HEAD~569
2021-07-03 07:36:19,151 DEBUG    [line range] org/apache/commons/cli/OptionBuilder.java create 325:334
2021-07-03 07:36:19,175 DEBUG                  - depth 0, hash aa2434d, HEAD~34
2021-07-03 07:36:19,181 DEBUG                  - depth 1, hash 147df44, HEAD~111
2021-07-03 07:36:19,185 DEBUG                  - depth 2, hash 9b2b803, HEAD~510
2021-07-03 07:36:19,189 DEBUG                  - depth 3, hash 347bbeb, HEAD~519
2021-07-03 07:36:19,193 DEBUG                  - depth 4, hash b1efd86, HEAD~546
2021-07-03 07:36:19,197 DEBUG    [line range] org/apache/commons/cli/OptionBuilder.java create 346:368
2021-07-03 07:36:19,222 DEBUG                  - depth 0, hash aa2434d, HEAD~34
2021-07-03 07:36:19,228 DEBUG                  - depth 1, hash 147df44, HEAD~111
2021-07-03 07:36:19,232 DEBUG                  - depth 2, hash a8a8ec0, HEAD~427
2021-07-03 07:36:19,236 DEBUG                  - depth 3, hash 9b2b803, HEAD~510
2021-07-03 07:36:19,240 DEBUG                  - depth 4, hash 62670f5, HEAD~543
2021-07-03 07:36:19,244 DEBUG                  - depth 5, hash 4fbf597, HEAD~560
2021-07-03 07:36:19,248 DEBUG                  - depth 6, hash 1060ee7, HEAD~564
2021-07-03 07:36:19,253 DEBUG                  - depth 7, hash 16b91ad, HEAD~566
2021-07-03 07:36:19,257 DEBUG                  - depth 8, hash fbc0bd0, HEAD~568
2021-07-03 07:36:19,261 DEBUG                  - depth 9, hash 7f90b98, HEAD~569
2021-07-03 07:36:19,265 DEBUG    [line range] org/apache/commons/cli/OptionBuilder.java reset 71:84
2021-07-03 07:36:19,289 DEBUG                  - depth 0, hash 9b2b803, HEAD~510
2021-07-03 07:36:19,294 DEBUG                  - depth 1, hash beb276c, HEAD~515
2021-07-03 07:36:19,298 DEBUG                  - depth 2, hash 62670f5, HEAD~543
2021-07-03 07:36:19,303 DEBUG                  - depth 3, hash 79d5a46, HEAD~549
2021-07-03 07:36:19,307 DEBUG                  - depth 4, hash 16b91ad, HEAD~566
2021-07-03 07:36:19,311 DEBUG                  - depth 5, hash 7f90b98, HEAD~569
2021-07-03 07:36:19,315 DEBUG    [line range] org/apache/commons/cli/OptionBuilder.java withLongOpt 92:97
2021-07-03 07:36:19,339 DEBUG                  - depth 0, hash a8a8ec0, HEAD~427
2021-07-03 07:36:19,344 DEBUG                  - depth 1, hash 9b2b803, HEAD~510
2021-07-03 07:36:19,349 DEBUG                  - depth 2, hash 7f90b98, HEAD~569
2021-07-03 07:36:19,658 DEBUG    [single line]   org/apache/commons/cli/OptionGroup.java <init> 32
2021-07-03 07:36:19,680 DEBUG                  - depth 0, hash 147df44, HEAD~111
2021-07-03 07:36:19,686 DEBUG                  - depth 1, hash 3fc3de9, HEAD~217
2021-07-03 07:36:19,690 DEBUG                  - depth 2, hash 745d1a5, HEAD~556
2021-07-03 07:36:19,694 DEBUG                  - depth 3, hash aae50c5, HEAD~593
2021-07-03 07:36:19,698 DEBUG    [line range] org/apache/commons/cli/OptionGroup.java <init> 37:37
2021-07-03 07:36:19,721 DEBUG                  - depth 0, hash 8d450c9, HEAD~123
2021-07-03 07:36:19,726 DEBUG                  - depth 1, hash aae50c5, HEAD~593
2021-07-03 07:36:19,731 DEBUG    [line range] org/apache/commons/cli/OptionGroup.java addOption 51:58
2021-07-03 07:36:19,753 DEBUG                  - depth 0, hash 8d450c9, HEAD~123
2021-07-03 07:36:19,759 DEBUG                  - depth 1, hash 9b2b803, HEAD~510
2021-07-03 07:36:19,763 DEBUG                  - depth 2, hash 0f52eff, HEAD~518
2021-07-03 07:36:19,767 DEBUG                  - depth 3, hash aae50c5, HEAD~593
2021-07-03 07:36:19,771 DEBUG    [line range] org/apache/commons/cli/OptionGroup.java getOptions 73:77
2021-07-03 07:36:19,794 DEBUG                  - depth 0, hash 9b2b803, HEAD~510
2021-07-03 07:36:19,799 DEBUG                  - depth 1, hash aae50c5, HEAD~593
2021-07-03 07:36:19,803 DEBUG    [line range] org/apache/commons/cli/OptionGroup.java getSelected 104:107
2021-07-03 07:36:19,826 DEBUG                  - depth 0, hash 9b2b803, HEAD~510
2021-07-03 07:36:19,831 DEBUG                  - depth 1, hash f9df518, HEAD~562
2021-07-03 07:36:19,835 DEBUG                  - depth 2, hash aae50c5, HEAD~593
2021-07-03 07:36:19,840 DEBUG    [line range] org/apache/commons/cli/OptionGroup.java isRequired 122:125
2021-07-03 07:36:19,862 DEBUG                  - depth 0, hash 147df44, HEAD~111
2021-07-03 07:36:19,867 DEBUG                  - depth 1, hash 9b2b803, HEAD~510
2021-07-03 07:36:19,872 DEBUG                  - depth 2, hash 436ef8b, HEAD~535
2021-07-03 07:36:19,876 DEBUG    [line range] org/apache/commons/cli/OptionGroup.java setSelected 86:99
2021-07-03 07:36:19,898 DEBUG                  - depth 0, hash 147df44, HEAD~111
2021-07-03 07:36:19,904 DEBUG                  - depth 1, hash 8d450c9, HEAD~123
2021-07-03 07:36:19,908 DEBUG                  - depth 2, hash 9b2b803, HEAD~510
2021-07-03 07:36:19,912 DEBUG                  - depth 3, hash f9df518, HEAD~562
2021-07-03 07:36:19,916 DEBUG                  - depth 4, hash aae50c5, HEAD~593
2021-07-03 07:36:20,206 DEBUG    [line range] org/apache/commons/cli/OptionValidator.java isValidChar 97:100
2021-07-03 07:36:20,227 DEBUG                  - depth 0, hash 9b2b803, HEAD~510
2021-07-03 07:36:20,233 DEBUG                  - depth 1, hash 347bbeb, HEAD~519
2021-07-03 07:36:20,237 DEBUG    [line range] org/apache/commons/cli/OptionValidator.java isValidOpt 86:89
2021-07-03 07:36:20,257 DEBUG                  - depth 0, hash 147df44, HEAD~111
2021-07-03 07:36:20,263 DEBUG                  - depth 1, hash 9b2b803, HEAD~510
2021-07-03 07:36:20,267 DEBUG                  - depth 2, hash 347bbeb, HEAD~519
2021-07-03 07:36:20,271 DEBUG    [line range] org/apache/commons/cli/OptionValidator.java validateOption 45:77
2021-07-03 07:36:20,292 DEBUG                  - depth 0, hash 8f8639f, HEAD~136
2021-07-03 07:36:20,297 DEBUG                  - depth 1, hash 9b2b803, HEAD~510
2021-07-03 07:36:20,302 DEBUG                  - depth 2, hash 347bbeb, HEAD~519
2021-07-03 07:36:20,628 DEBUG    [single line]   org/apache/commons/cli/Options.java <init> 46
2021-07-03 07:36:20,652 DEBUG                  - depth 0, hash 147df44, HEAD~111
2021-07-03 07:36:20,658 DEBUG                  - depth 1, hash 3fc3de9, HEAD~217
2021-07-03 07:36:20,662 DEBUG                  - depth 2, hash 4cca25d, HEAD~590
2021-07-03 07:36:20,666 DEBUG                  - depth 3, hash aae50c5, HEAD~593
2021-07-03 07:36:20,671 DEBUG    [line range] org/apache/commons/cli/Options.java <init> 51:51
2021-07-03 07:36:20,696 DEBUG                  - depth 0, hash 9b2b803, HEAD~510
2021-07-03 07:36:20,701 DEBUG                  - depth 1, hash aae50c5, HEAD~593
2021-07-03 07:36:20,705 DEBUG    [line range] org/apache/commons/cli/Options.java addOption 129:134
2021-07-03 07:36:20,730 DEBUG                  - depth 0, hash 147df44, HEAD~111
2021-07-03 07:36:20,736 DEBUG                  - depth 1, hash 9b2b803, HEAD~510
2021-07-03 07:36:20,740 DEBUG                  - depth 2, hash fbc0bd0, HEAD~568
2021-07-03 07:36:20,744 DEBUG                  - depth 3, hash 4cca25d, HEAD~590
2021-07-03 07:36:20,748 DEBUG                  - depth 4, hash aae50c5, HEAD~593
2021-07-03 07:36:20,753 DEBUG    [line range] org/apache/commons/cli/Options.java addOption 142:165
2021-07-03 07:36:20,778 DEBUG                  - depth 0, hash 147df44, HEAD~111
2021-07-03 07:36:20,783 DEBUG                  - depth 1, hash 500e99f, HEAD~506
2021-07-03 07:36:20,788 DEBUG                  - depth 2, hash 9b2b803, HEAD~510
2021-07-03 07:36:20,792 DEBUG                  - depth 3, hash 5470bca, HEAD~514
2021-07-03 07:36:20,796 DEBUG                  - depth 4, hash 347bbeb, HEAD~519
2021-07-03 07:36:20,800 DEBUG                  - depth 5, hash d30f12f, HEAD~552
2021-07-03 07:36:20,805 DEBUG                  - depth 6, hash 5e98762, HEAD~579
2021-07-03 07:36:20,809 DEBUG                  - depth 7, hash 929f397, HEAD~580
2021-07-03 07:36:20,813 DEBUG                  - depth 8, hash aae50c5, HEAD~593
2021-07-03 07:36:20,817 DEBUG    [line range] org/apache/commons/cli/Options.java addOptionGroup 68:91
2021-07-03 07:36:20,842 DEBUG                  - depth 0, hash 147df44, HEAD~111
2021-07-03 07:36:20,847 DEBUG                  - depth 1, hash 9b2b803, HEAD~510
2021-07-03 07:36:20,852 DEBUG                  - depth 2, hash 347bbeb, HEAD~519
2021-07-03 07:36:20,856 DEBUG                  - depth 3, hash 436ef8b, HEAD~535
2021-07-03 07:36:20,860 DEBUG                  - depth 4, hash f9df518, HEAD~562
2021-07-03 07:36:20,864 DEBUG                  - depth 5, hash aae50c5, HEAD~593
2021-07-03 07:36:20,869 DEBUG    [line range] org/apache/commons/cli/Options.java getOption 204:214
2021-07-03 07:36:20,894 DEBUG                  - depth 0, hash 9b2b803, HEAD~510
2021-07-03 07:36:20,899 DEBUG                  - depth 1, hash 347bbeb, HEAD~519
2021-07-03 07:36:20,903 DEBUG                  - depth 2, hash f9df518, HEAD~562
2021-07-03 07:36:20,908 DEBUG                  - depth 3, hash 4cca25d, HEAD~590
2021-07-03 07:36:20,912 DEBUG                  - depth 4, hash aae50c5, HEAD~593
2021-07-03 07:36:20,916 DEBUG    [line range] org/apache/commons/cli/Options.java getOptionGroup 263:266
2021-07-03 07:36:20,941 DEBUG                  - depth 0, hash 9b2b803, HEAD~510
2021-07-03 07:36:20,946 DEBUG                  - depth 1, hash 347bbeb, HEAD~519
2021-07-03 07:36:20,951 DEBUG                  - depth 2, hash f9df518, HEAD~562
2021-07-03 07:36:20,955 DEBUG                  - depth 3, hash 66d0ae6, HEAD~582
2021-07-03 07:36:20,959 DEBUG    [line range] org/apache/commons/cli/Options.java getRequiredOptions 192:195
2021-07-03 07:36:20,984 DEBUG                  - depth 0, hash 9b2b803, HEAD~510
2021-07-03 07:36:20,989 DEBUG                  - depth 1, hash d30f12f, HEAD~552
2021-07-03 07:36:20,993 DEBUG                  - depth 2, hash f9df518, HEAD~562
2021-07-03 07:36:20,998 DEBUG                  - depth 3, hash 66d0ae6, HEAD~582
2021-07-03 07:36:21,002 DEBUG    [line range] org/apache/commons/cli/Options.java hasOption 249:254
2021-07-03 07:36:21,027 DEBUG                  - depth 0, hash 9b2b803, HEAD~510
2021-07-03 07:36:21,032 DEBUG                  - depth 1, hash 347bbeb, HEAD~519
2021-07-03 07:36:21,037 DEBUG                  - depth 2, hash 745d1a5, HEAD~556
2021-07-03 07:36:21,041 DEBUG                  - depth 3, hash f9df518, HEAD~562
2021-07-03 07:36:21,045 DEBUG                  - depth 4, hash e56f1e1, HEAD~588
2021-07-03 07:36:21,049 DEBUG                  - depth 5, hash 4cca25d, HEAD~590
2021-07-03 07:36:21,054 DEBUG                  - depth 6, hash aae50c5, HEAD~593
2021-07-03 07:36:21,058 DEBUG    [line range] org/apache/commons/cli/Options.java helpOptions 182:185
2021-07-03 07:36:21,083 DEBUG                  - depth 0, hash 05e7cd0, HEAD~158
2021-07-03 07:36:21,088 DEBUG                  - depth 1, hash 9b2b803, HEAD~510
2021-07-03 07:36:21,093 DEBUG                  - depth 2, hash 3b8e3de, HEAD~520
2021-07-03 07:36:21,097 DEBUG                  - depth 3, hash 62670f5, HEAD~543
2021-07-03 07:36:21,101 DEBUG                  - depth 4, hash 5c427dd, HEAD~550
2021-07-03 07:36:21,105 DEBUG                  - depth 5, hash 5e98762, HEAD~579
2021-07-03 07:36:21,110 DEBUG                  - depth 6, hash 66d0ae6, HEAD~582
2021-07-03 07:36:21,114 DEBUG                  - depth 7, hash aae50c5, HEAD~593
2021-07-03 07:36:21,459 DEBUG    [single line]   org/apache/commons/cli/Parser.java <init> 34
2021-07-03 07:36:21,483 DEBUG                  - depth 0, hash 147df44, HEAD~111
2021-07-03 07:36:21,489 DEBUG                  - depth 1, hash dde6993, HEAD~557
2021-07-03 07:36:21,493 DEBUG    [line range] org/apache/commons/cli/Parser.java checkRequiredOptions 294:301
2021-07-03 07:36:21,517 DEBUG                  - depth 0, hash 28a8c18, HEAD~138
2021-07-03 07:36:21,522 DEBUG                  - depth 1, hash fea3587, HEAD~193
2021-07-03 07:36:21,527 DEBUG                  - depth 2, hash 298804b, HEAD~194
2021-07-03 07:36:21,531 DEBUG                  - depth 3, hash f789594, HEAD~299
2021-07-03 07:36:21,535 DEBUG                  - depth 4, hash 9b2b803, HEAD~510
2021-07-03 07:36:21,539 DEBUG                  - depth 5, hash d30f12f, HEAD~552
2021-07-03 07:36:21,544 DEBUG                  - depth 6, hash 745d1a5, HEAD~556
2021-07-03 07:36:21,548 DEBUG                  - depth 7, hash dde6993, HEAD~557
2021-07-03 07:36:21,552 DEBUG    [line range] org/apache/commons/cli/Parser.java getOptions 51:54
2021-07-03 07:36:21,574 DEBUG                  - depth 0, hash 147df44, HEAD~111
2021-07-03 07:36:21,579 DEBUG                  - depth 1, hash 298804b, HEAD~194
2021-07-03 07:36:21,584 DEBUG    [line range] org/apache/commons/cli/Parser.java getRequiredOptions 56:59
2021-07-03 07:36:21,606 DEBUG                  - depth 0, hash 147df44, HEAD~111
2021-07-03 07:36:21,611 DEBUG                  - depth 1, hash 298804b, HEAD~194
2021-07-03 07:36:21,616 DEBUG    [line range] org/apache/commons/cli/Parser.java parse 83:86
2021-07-03 07:36:21,640 DEBUG                  - depth 0, hash 147df44, HEAD~111
2021-07-03 07:36:21,646 DEBUG                  - depth 1, hash 9b2b803, HEAD~510
2021-07-03 07:36:21,650 DEBUG                  - depth 2, hash 347bbeb, HEAD~519
2021-07-03 07:36:21,654 DEBUG                  - depth 3, hash d30f12f, HEAD~552
2021-07-03 07:36:21,658 DEBUG                  - depth 4, hash dde6993, HEAD~557
2021-07-03 07:36:21,663 DEBUG    [line range] org/apache/commons/cli/Parser.java parse 139:234
2021-07-03 07:36:21,687 DEBUG                  - depth 0, hash 147df44, HEAD~111
2021-07-03 07:36:21,692 DEBUG                  - depth 1, hash 298804b, HEAD~194
2021-07-03 07:36:21,697 DEBUG                  - depth 2, hash c155ceb, HEAD~312
2021-07-03 07:36:21,701 DEBUG                  - depth 3, hash 9b2b803, HEAD~510
2021-07-03 07:36:21,705 DEBUG                  - depth 4, hash 347bbeb, HEAD~519
2021-07-03 07:36:21,709 DEBUG                  - depth 5, hash d30f12f, HEAD~552
2021-07-03 07:36:21,713 DEBUG                  - depth 6, hash fc0723b, HEAD~553
2021-07-03 07:36:21,718 DEBUG                  - depth 7, hash dde6993, HEAD~557
2021-07-03 07:36:21,722 DEBUG    [line range] org/apache/commons/cli/Parser.java processOption 356:398
2021-07-03 07:36:21,747 DEBUG                  - depth 0, hash 147df44, HEAD~111
2021-07-03 07:36:21,752 DEBUG                  - depth 1, hash 0a8de54, HEAD~124
2021-07-03 07:36:21,757 DEBUG                  - depth 2, hash 20dfc60, HEAD~147
2021-07-03 07:36:21,761 DEBUG                  - depth 3, hash 298804b, HEAD~194
2021-07-03 07:36:21,765 DEBUG                  - depth 4, hash a8a8ec0, HEAD~427
2021-07-03 07:36:21,769 DEBUG                  - depth 5, hash 9b2b803, HEAD~510
2021-07-03 07:36:21,773 DEBUG                  - depth 6, hash 347bbeb, HEAD~519
2021-07-03 07:36:21,778 DEBUG                  - depth 7, hash 436ef8b, HEAD~535
2021-07-03 07:36:21,782 DEBUG                  - depth 8, hash c08f738, HEAD~545
2021-07-03 07:36:21,786 DEBUG                  - depth 9, hash dde6993, HEAD~557
2021-07-03 07:36:21,790 DEBUG    [line range] org/apache/commons/cli/Parser.java processProperties 241:285
2021-07-03 07:36:21,814 DEBUG                  - depth 0, hash 147df44, HEAD~111
2021-07-03 07:36:21,820 DEBUG                  - depth 1, hash 298804b, HEAD~194
2021-07-03 07:36:21,824 DEBUG                  - depth 2, hash 9774480, HEAD~264
2021-07-03 07:36:21,829 DEBUG                  - depth 3, hash 1314233, HEAD~438
2021-07-03 07:36:21,833 DEBUG                  - depth 4, hash 9b2b803, HEAD~510
2021-07-03 07:36:21,837 DEBUG                  - depth 5, hash be7dfa5, HEAD~512
2021-07-03 07:36:21,841 DEBUG                  - depth 6, hash 347bbeb, HEAD~519
2021-07-03 07:36:21,846 DEBUG    [line range] org/apache/commons/cli/Parser.java setOptions 45:49
2021-07-03 07:36:21,868 DEBUG                  - depth 0, hash 147df44, HEAD~111
2021-07-03 07:36:21,874 DEBUG                  - depth 1, hash d72a578, HEAD~182
2021-07-03 07:36:21,878 DEBUG                  - depth 2, hash 298804b, HEAD~194
2021-07-03 07:36:22,170 DEBUG    [line range] org/apache/commons/cli/Util.java stripLeadingHyphens 36:52
2021-07-03 07:36:22,190 DEBUG                  - depth 0, hash 147df44, HEAD~111
2021-07-03 07:36:22,195 DEBUG                  - depth 1, hash 3880640, HEAD~293
2021-07-03 07:36:22,199 DEBUG                  - depth 2, hash 9b2b803, HEAD~510
2021-07-03 07:36:22,203 DEBUG                  - depth 3, hash 347bbeb, HEAD~519
2021-07-03 07:36:22,487 DEBUG    [single line]   org/apache/commons/cli/BasicParser.java <init> 27
2021-07-03 07:36:22,505 DEBUG                  - depth 0, hash 147df44, HEAD~111
2021-07-03 07:36:22,511 DEBUG                  - depth 1, hash dde6993, HEAD~557
2021-07-03 07:36:22,515 DEBUG    [line range] org/apache/commons/cli/BasicParser.java flatten 42:46
2021-07-03 07:36:22,534 DEBUG                  - depth 0, hash 147df44, HEAD~111
2021-07-03 07:36:22,540 DEBUG                  - depth 1, hash 9b2b803, HEAD~510
2021-07-03 07:36:22,544 DEBUG                  - depth 2, hash 745d1a5, HEAD~556
2021-07-03 07:36:22,548 DEBUG                  - depth 3, hash dde6993, HEAD~557
2021-07-03 07:36:22,553 DEBUG    [line range] org/apache/commons/cli/Options.java getMatchingOptions 223:240
2021-07-03 07:36:22,573 DEBUG                  - depth 0, hash e366a69, HEAD~17
2021-07-03 07:36:22,910 DEBUG    [single line]   org/apache/commons/cli/PosixParser.java <init> 32
2021-07-03 07:36:22,935 DEBUG                  - depth 0, hash 147df44, HEAD~111
2021-07-03 07:36:22,941 DEBUG                  - depth 1, hash dde6993, HEAD~557
2021-07-03 07:36:22,945 DEBUG                  - depth 2, hash 4cca25d, HEAD~590
2021-07-03 07:36:22,949 DEBUG    [line range] org/apache/commons/cli/PosixParser.java <init> 35:35
2021-07-03 07:36:22,974 DEBUG                  - depth 0, hash 9c5ce35, HEAD~119
2021-07-03 07:36:22,980 DEBUG                  - depth 1, hash dde6993, HEAD~557
2021-07-03 07:36:22,984 DEBUG                  - depth 2, hash 66d0ae6, HEAD~582
2021-07-03 07:36:22,988 DEBUG    [line range] org/apache/commons/cli/PosixParser.java flatten 95:177
2021-07-03 07:36:23,014 DEBUG                  - depth 0, hash e366a69, HEAD~17
2021-07-03 07:36:23,019 DEBUG                  - depth 1, hash db4a638, HEAD~91
2021-07-03 07:36:23,024 DEBUG                  - depth 2, hash 147df44, HEAD~111
2021-07-03 07:36:23,028 DEBUG                  - depth 3, hash 0823e11, HEAD~114
2021-07-03 07:36:23,032 DEBUG                  - depth 4, hash 99aa05a, HEAD~116
2021-07-03 07:36:23,036 DEBUG                  - depth 5, hash c860625, HEAD~118
2021-07-03 07:36:23,040 DEBUG                  - depth 6, hash 9c5ce35, HEAD~119
2021-07-03 07:36:23,045 DEBUG                  - depth 7, hash b599e12, HEAD~303
2021-07-03 07:36:23,049 DEBUG                  - depth 8, hash 2ff9573, HEAD~313
2021-07-03 07:36:23,053 DEBUG                  - depth 9, hash 45c0174, HEAD~442
2021-07-03 07:36:23,057 DEBUG                  - depth 10, hash 9b2b803, HEAD~510
2021-07-03 07:36:23,062 DEBUG                  - depth 11, hash f1a32a5, HEAD~551
2021-07-03 07:36:23,066 DEBUG                  - depth 12, hash dde6993, HEAD~557
2021-07-03 07:36:23,070 DEBUG                  - depth 13, hash 4fbf597, HEAD~560
2021-07-03 07:36:23,074 DEBUG                  - depth 14, hash f9df518, HEAD~562
2021-07-03 07:36:23,078 DEBUG                  - depth 15, hash 1060ee7, HEAD~564
2021-07-03 07:36:23,083 DEBUG                  - depth 16, hash 16b91ad, HEAD~566
2021-07-03 07:36:23,087 DEBUG                  - depth 17, hash 66d0ae6, HEAD~582
2021-07-03 07:36:23,091 DEBUG                  - depth 18, hash 08a1eab, HEAD~587
2021-07-03 07:36:23,095 DEBUG                  - depth 19, hash 4cca25d, HEAD~590
2021-07-03 07:36:23,100 DEBUG    [line range] org/apache/commons/cli/PosixParser.java gobble 184:193
2021-07-03 07:36:23,125 DEBUG                  - depth 0, hash 9b2b803, HEAD~510
2021-07-03 07:36:23,130 DEBUG                  - depth 1, hash dde6993, HEAD~557
2021-07-03 07:36:23,135 DEBUG                  - depth 2, hash 4fbf597, HEAD~560
2021-07-03 07:36:23,139 DEBUG                  - depth 3, hash f9df518, HEAD~562
2021-07-03 07:36:23,143 DEBUG                  - depth 4, hash 66d0ae6, HEAD~582
2021-07-03 07:36:23,147 DEBUG                  - depth 5, hash 4cca25d, HEAD~590
2021-07-03 07:36:23,152 DEBUG    [line range] org/apache/commons/cli/PosixParser.java init 51:55
2021-07-03 07:36:23,177 DEBUG                  - depth 0, hash 0823e11, HEAD~114
2021-07-03 07:36:23,182 DEBUG                  - depth 1, hash 9b2b803, HEAD~510
2021-07-03 07:36:23,187 DEBUG                  - depth 2, hash dde6993, HEAD~557
2021-07-03 07:36:23,191 DEBUG                  - depth 3, hash f9df518, HEAD~562
2021-07-03 07:36:23,195 DEBUG                  - depth 4, hash 66d0ae6, HEAD~582
2021-07-03 07:36:23,199 DEBUG                  - depth 5, hash 4cca25d, HEAD~590
2021-07-03 07:36:23,204 INFO     The number of BIC candidates: 72
