2021-07-03 12:50:07,360 INFO     Search BICs for /tmp/Closure-65b/
2021-07-03 12:50:07,360 DEBUG    Reading the coverage of com.google.javascript.jscomp.CodePrinterTest::testZero (failings)
2021-07-03 12:50:07,533 INFO     Loaded 1x1321 Coverage Matrix
2021-07-03 12:50:07,533 INFO     The number of total commits: 1098
2021-07-03 12:50:07,864 DEBUG    [line range] com/google/javascript/jscomp/AbstractCompiler.java <clinit> 40:41
2021-07-03 12:50:07,938 DEBUG                  - depth 0, hash 3924ff1, HEAD~1080
2021-07-03 12:50:07,944 DEBUG    [single line]   com/google/javascript/jscomp/AbstractCompiler.java <init> 39
2021-07-03 12:50:08,018 DEBUG                  - depth 0, hash 6b49cfd, HEAD~1096
2021-07-03 12:50:08,023 DEBUG    [line range] com/google/javascript/jscomp/AbstractCompiler.java <init> 43:43
2021-07-03 12:50:08,096 DEBUG                  - depth 0, hash 8936be7, HEAD~506
2021-07-03 12:50:08,391 DEBUG    [line range] com/google/javascript/jscomp/AbstractMessageFormatter.java <clinit> 47:51
2021-07-03 12:50:08,464 DEBUG                  - depth 0, hash 6b49cfd, HEAD~1096
2021-07-03 12:50:08,470 DEBUG    [line range] com/google/javascript/jscomp/AbstractMessageFormatter.java <init> 32:34
2021-07-03 12:50:08,542 DEBUG                  - depth 0, hash 6b49cfd, HEAD~1096
2021-07-03 12:50:08,547 DEBUG    [line range] com/google/javascript/jscomp/AbstractMessageFormatter.java setColorize 36:38
2021-07-03 12:50:08,622 DEBUG                  - depth 0, hash 6b49cfd, HEAD~1096
2021-07-03 12:50:08,910 DEBUG    [single line]   com/google/javascript/jscomp/AnonymousFunctionNamingPolicy.java <clinit> 23
2021-07-03 12:50:08,983 DEBUG                  - depth 0, hash 6b49cfd, HEAD~1096
2021-07-03 12:50:08,988 DEBUG    [single line]   com/google/javascript/jscomp/AnonymousFunctionNamingPolicy.java <clinit> 26
2021-07-03 12:50:09,062 DEBUG                  - depth 0, hash 6b49cfd, HEAD~1096
2021-07-03 12:50:09,067 DEBUG    [single line]   com/google/javascript/jscomp/AnonymousFunctionNamingPolicy.java <clinit> 34
2021-07-03 12:50:09,141 DEBUG                  - depth 0, hash 6b49cfd, HEAD~1096
2021-07-03 12:50:09,147 DEBUG    [single line]   com/google/javascript/jscomp/AnonymousFunctionNamingPolicy.java <clinit> 42
2021-07-03 12:50:09,219 DEBUG                  - depth 0, hash 6b49cfd, HEAD~1096
2021-07-03 12:50:09,224 DEBUG    [line range] com/google/javascript/jscomp/AnonymousFunctionNamingPolicy.java <init> 47:49
2021-07-03 12:50:09,297 DEBUG                  - depth 0, hash 6b49cfd, HEAD~1096
2021-07-03 12:50:09,622 DEBUG    [single line]   com/google/javascript/jscomp/BasicErrorManager.java <init> 37
2021-07-03 12:50:09,695 DEBUG                  - depth 0, hash 6b49cfd, HEAD~1096
2021-07-03 12:50:09,701 DEBUG    [line range] com/google/javascript/jscomp/BasicErrorManager.java <init> 38:39
2021-07-03 12:50:09,775 DEBUG                  - depth 0, hash 66485d3, HEAD~1048
2021-07-03 12:50:09,781 DEBUG                  - depth 1, hash 6b49cfd, HEAD~1096
2021-07-03 12:50:09,785 DEBUG    [line range] com/google/javascript/jscomp/BasicErrorManager.java getErrorCount 72:74
2021-07-03 12:50:09,857 DEBUG                  - depth 0, hash 6b49cfd, HEAD~1096
2021-07-03 12:50:09,862 DEBUG    [line range] com/google/javascript/jscomp/BasicErrorManager.java getErrors 80:82
2021-07-03 12:50:09,937 DEBUG                  - depth 0, hash 6b49cfd, HEAD~1096
2021-07-03 12:50:09,943 DEBUG    [line range] com/google/javascript/jscomp/BasicErrorManager.java getWarnings 84:86
2021-07-03 12:50:10,017 DEBUG                  - depth 0, hash 6b49cfd, HEAD~1096
2021-07-03 12:50:10,022 DEBUG    [line range] com/google/javascript/jscomp/BasicErrorManager.java toArray 96:104
2021-07-03 12:50:10,097 DEBUG                  - depth 0, hash 66485d3, HEAD~1048
2021-07-03 12:50:10,103 DEBUG                  - depth 1, hash 6b49cfd, HEAD~1096
2021-07-03 12:50:10,107 DEBUG    [single line]   com/google/javascript/jscomp/BasicErrorManager.java compare 115
2021-07-03 12:50:10,179 DEBUG                  - depth 0, hash 6b49cfd, HEAD~1096
2021-07-03 12:50:10,575 DEBUG    [line range] com/google/javascript/jscomp/CheckAccessControls.java <clinit> 48:50
2021-07-03 12:50:10,650 DEBUG                  - depth 0, hash 6b49cfd, HEAD~1096
2021-07-03 12:50:10,984 DEBUG    [line range] com/google/javascript/jscomp/CheckGlobalNames.java <clinit> 39:41
2021-07-03 12:50:11,057 DEBUG                  - depth 0, hash 6b49cfd, HEAD~1096
2021-07-03 12:50:11,402 DEBUG    [line range] com/google/javascript/jscomp/CheckGlobalThis.java <clinit> 58:60
2021-07-03 12:50:11,477 DEBUG                  - depth 0, hash 6b49cfd, HEAD~1096
2021-07-03 12:50:11,755 DEBUG    [single line]   com/google/javascript/jscomp/CheckLevel.java <clinit> 24
2021-07-03 12:50:11,830 DEBUG                  - depth 0, hash 6b49cfd, HEAD~1096
2021-07-03 12:50:11,836 DEBUG    [single line]   com/google/javascript/jscomp/CheckLevel.java <clinit> 25
2021-07-03 12:50:11,908 DEBUG                  - depth 0, hash 6b49cfd, HEAD~1096
2021-07-03 12:50:11,913 DEBUG    [single line]   com/google/javascript/jscomp/CheckLevel.java <clinit> 26
2021-07-03 12:50:11,986 DEBUG                  - depth 0, hash 6b49cfd, HEAD~1096
2021-07-03 12:50:11,991 DEBUG    [single line]   com/google/javascript/jscomp/CheckLevel.java <clinit> 27
2021-07-03 12:50:12,065 DEBUG                  - depth 0, hash 6b49cfd, HEAD~1096
2021-07-03 12:50:12,070 DEBUG    [line range] com/google/javascript/jscomp/CheckLevel.java isOn 29:31
2021-07-03 12:50:12,143 DEBUG                  - depth 0, hash 6b49cfd, HEAD~1096
2021-07-03 12:50:12,452 DEBUG    [line range] com/google/javascript/jscomp/CheckRegExp.java <clinit> 32:35
2021-07-03 12:50:12,526 DEBUG                  - depth 0, hash cb7f2a3, HEAD~937
2021-07-03 12:50:12,531 DEBUG                  - depth 1, hash 74a817b, HEAD~947
2021-07-03 12:50:12,847 DEBUG    [line range] com/google/javascript/jscomp/CheckSideEffects.java <clinit> 37:39
2021-07-03 12:50:12,921 DEBUG                  - depth 0, hash 6b49cfd, HEAD~1096
2021-07-03 12:50:13,237 DEBUG    [line range] com/google/javascript/jscomp/CheckUnreachableCode.java <clinit> 36:37
2021-07-03 12:50:13,310 DEBUG                  - depth 0, hash 6b49cfd, HEAD~1096
2021-07-03 12:50:13,671 DEBUG    [line range] com/google/javascript/jscomp/ClosureCodingConvention.java <clinit> 42:44
2021-07-03 12:50:13,745 DEBUG                  - depth 0, hash 6b49cfd, HEAD~1096
2021-07-03 12:50:13,750 DEBUG    [single line]   com/google/javascript/jscomp/ClosureCodingConvention.java <init> 38
2021-07-03 12:50:13,824 DEBUG                  - depth 0, hash 6b49cfd, HEAD~1096
2021-07-03 12:50:13,830 DEBUG    [line range] com/google/javascript/jscomp/ClosureCodingConvention.java <init> 273:276
2021-07-03 12:50:13,904 DEBUG                  - depth 0, hash 6b49cfd, HEAD~1096
2021-07-03 12:50:14,193 DEBUG    [single line]   com/google/javascript/jscomp/CodeChangeHandler.java <init> 35
2021-07-03 12:50:14,265 DEBUG                  - depth 0, hash 6b49cfd, HEAD~1096
2021-07-03 12:50:14,270 DEBUG    [line range] com/google/javascript/jscomp/CodeChangeHandler.java <init> 36:36
2021-07-03 12:50:14,343 DEBUG                  - depth 0, hash 6b49cfd, HEAD~1096
2021-07-03 12:50:14,348 DEBUG    [line range] com/google/javascript/jscomp/CodeChangeHandler.java hasCodeChanged 42:44
2021-07-03 12:50:14,420 DEBUG                  - depth 0, hash 6b49cfd, HEAD~1096
2021-07-03 12:50:14,762 DEBUG    [single line]   com/google/javascript/jscomp/CodeConsumer.java <init> 29
2021-07-03 12:50:14,835 DEBUG                  - depth 0, hash 6b49cfd, HEAD~1096
2021-07-03 12:50:14,840 DEBUG    [line range] com/google/javascript/jscomp/CodeConsumer.java <init> 30:30
2021-07-03 12:50:14,913 DEBUG                  - depth 0, hash 6b49cfd, HEAD~1096
2021-07-03 12:50:14,918 DEBUG    [line range] com/google/javascript/jscomp/CodeConsumer.java add 181:197
2021-07-03 12:50:14,991 DEBUG                  - depth 0, hash 6b49cfd, HEAD~1096
2021-07-03 12:50:14,997 DEBUG    [line range] com/google/javascript/jscomp/CodeConsumer.java addIdentifier 61:63
2021-07-03 12:50:15,069 DEBUG                  - depth 0, hash 6b49cfd, HEAD~1096
2021-07-03 12:50:15,074 DEBUG    [line range] com/google/javascript/jscomp/CodeConsumer.java addOp 203:231
2021-07-03 12:50:15,147 DEBUG                  - depth 0, hash 6b49cfd, HEAD~1096
2021-07-03 12:50:15,153 DEBUG    [line range] com/google/javascript/jscomp/CodeConsumer.java appendOp 199:201
2021-07-03 12:50:15,226 DEBUG                  - depth 0, hash 6b49cfd, HEAD~1096
2021-07-03 12:50:15,231 DEBUG    [line range] com/google/javascript/jscomp/CodeConsumer.java continueProcessing 52:54
2021-07-03 12:50:15,303 DEBUG                  - depth 0, hash 6b49cfd, HEAD~1096
2021-07-03 12:50:15,309 DEBUG    [line range] com/google/javascript/jscomp/CodeConsumer.java endFile 287:287
2021-07-03 12:50:15,381 DEBUG                  - depth 0, hash cd40201, HEAD~479
2021-07-03 12:50:15,386 DEBUG    [line range] com/google/javascript/jscomp/CodeConsumer.java endStatement 134:136
2021-07-03 12:50:15,459 DEBUG                  - depth 0, hash 6b49cfd, HEAD~1096
2021-07-03 12:50:15,464 DEBUG    [line range] com/google/javascript/jscomp/CodeConsumer.java endStatement 138:146
2021-07-03 12:50:15,537 DEBUG                  - depth 0, hash 6b49cfd, HEAD~1096
2021-07-03 12:50:15,542 DEBUG    [line range] com/google/javascript/jscomp/CodeConsumer.java isWordChar 261:265
2021-07-03 12:50:15,615 DEBUG                  - depth 0, hash 6b49cfd, HEAD~1096
2021-07-03 12:50:15,621 DEBUG    [line range] com/google/javascript/jscomp/CodeConsumer.java maybeEndStatement 152:161
2021-07-03 12:50:15,695 DEBUG                  - depth 0, hash 6b49cfd, HEAD~1096
2021-07-03 12:50:16,164 DEBUG    [line range] com/google/javascript/jscomp/CodeGenerator.java <clinit> 41:43
2021-07-03 12:50:16,248 DEBUG                  - depth 0, hash 6fcb008, HEAD~1057
2021-07-03 12:50:16,254 DEBUG    [line range] com/google/javascript/jscomp/CodeGenerator.java <init> 39:39
2021-07-03 12:50:16,326 DEBUG                  - depth 0, hash f78951b, HEAD~75
2021-07-03 12:50:16,331 DEBUG    [line range] com/google/javascript/jscomp/CodeGenerator.java add 82:84
2021-07-03 12:50:16,417 DEBUG                  - depth 0, hash 6b49cfd, HEAD~1096
2021-07-03 12:50:16,423 DEBUG    [line range] com/google/javascript/jscomp/CodeGenerator.java add 86:735
2021-07-03 12:50:16,510 DEBUG                  - depth 0, hash f78951b, HEAD~75
2021-07-03 12:50:16,515 DEBUG                  - depth 1, hash 75aa5f6, HEAD~201
2021-07-03 12:50:16,520 DEBUG                  - depth 2, hash 41acde3, HEAD~202
2021-07-03 12:50:16,524 DEBUG                  - depth 3, hash 653599e, HEAD~273
2021-07-03 12:50:16,528 DEBUG                  - depth 4, hash ae2eb35, HEAD~370
2021-07-03 12:50:16,532 DEBUG                  - depth 5, hash 6ee4f24, HEAD~426
2021-07-03 12:50:16,536 DEBUG                  - depth 6, hash 7437e9b, HEAD~505
2021-07-03 12:50:16,540 DEBUG                  - depth 7, hash be01040, HEAD~544
2021-07-03 12:50:16,544 DEBUG                  - depth 8, hash 28982c3, HEAD~548
2021-07-03 12:50:16,548 DEBUG                  - depth 9, hash 1c92a54, HEAD~551
2021-07-03 12:50:16,552 DEBUG                  - depth 10, hash 5b4d241, HEAD~622
2021-07-03 12:50:16,556 DEBUG                  - depth 11, hash 34fd5f8, HEAD~652
2021-07-03 12:50:16,560 DEBUG                  - depth 12, hash cc4824c, HEAD~663
2021-07-03 12:50:16,564 DEBUG                  - depth 13, hash 6d8fd42, HEAD~726
2021-07-03 12:50:16,568 DEBUG                  - depth 14, hash f0e3cbc, HEAD~731
2021-07-03 12:50:16,572 DEBUG                  - depth 15, hash 9390e78, HEAD~748
2021-07-03 12:50:16,576 DEBUG                  - depth 16, hash 1729698, HEAD~836
2021-07-03 12:50:16,581 DEBUG                  - depth 17, hash d7e85b0, HEAD~856
2021-07-03 12:50:16,585 DEBUG                  - depth 18, hash 3c4504a, HEAD~862
2021-07-03 12:50:16,589 DEBUG                  - depth 19, hash 9925370, HEAD~881
2021-07-03 12:50:16,593 DEBUG                  - depth 20, hash dff6e01, HEAD~883
2021-07-03 12:50:16,597 DEBUG                  - depth 21, hash b1ffe42, HEAD~884
2021-07-03 12:50:16,601 DEBUG                  - depth 22, hash 07663b6, HEAD~888
2021-07-03 12:50:16,605 DEBUG                  - depth 23, hash c9e8972, HEAD~890
2021-07-03 12:50:16,609 DEBUG                  - depth 24, hash e33e925, HEAD~894
2021-07-03 12:50:16,613 DEBUG                  - depth 25, hash 4385971, HEAD~941
2021-07-03 12:50:16,618 DEBUG                  - depth 26, hash de13c33, HEAD~943
2021-07-03 12:50:16,622 DEBUG                  - depth 27, hash 222eafd, HEAD~953
2021-07-03 12:50:16,626 DEBUG                  - depth 28, hash f01925c, HEAD~956
2021-07-03 12:50:16,630 DEBUG                  - depth 29, hash 8c5eb24, HEAD~960
2021-07-03 12:50:16,634 DEBUG                  - depth 30, hash 8ba5e1f, HEAD~1040
2021-07-03 12:50:16,638 DEBUG                  - depth 31, hash 168bc14, HEAD~1075
2021-07-03 12:50:16,642 DEBUG                  - depth 32, hash 847b296, HEAD~1077
2021-07-03 12:50:16,646 DEBUG                  - depth 33, hash 6b49cfd, HEAD~1096
2021-07-03 12:50:16,651 DEBUG    [line range] com/google/javascript/jscomp/CodeGenerator.java add 74:76
2021-07-03 12:50:16,735 DEBUG                  - depth 0, hash 6b49cfd, HEAD~1096
2021-07-03 12:50:16,740 DEBUG    [line range] com/google/javascript/jscomp/CodeGenerator.java addExpr 878:888
2021-07-03 12:50:16,823 DEBUG                  - depth 0, hash 6b49cfd, HEAD~1096
2021-07-03 12:50:16,829 DEBUG    [line range] com/google/javascript/jscomp/CodeGenerator.java addIdentifier 78:80
2021-07-03 12:50:16,912 DEBUG                  - depth 0, hash 6b49cfd, HEAD~1096
2021-07-03 12:50:16,917 DEBUG    [line range] com/google/javascript/jscomp/CodeGenerator.java addJsString 947:954
2021-07-03 12:50:17,000 DEBUG                  - depth 0, hash f78951b, HEAD~75
2021-07-03 12:50:17,005 DEBUG                  - depth 1, hash 847b296, HEAD~1077
2021-07-03 12:50:17,009 DEBUG                  - depth 2, hash 6b49cfd, HEAD~1096
2021-07-03 12:50:17,014 DEBUG    [line range] com/google/javascript/jscomp/CodeGenerator.java addLeftExpr 870:872
2021-07-03 12:50:17,097 DEBUG                  - depth 0, hash 6b49cfd, HEAD~1096
2021-07-03 12:50:17,103 DEBUG    [line range] com/google/javascript/jscomp/CodeGenerator.java addList 898:909
2021-07-03 12:50:17,185 DEBUG                  - depth 0, hash 6b49cfd, HEAD~1096
2021-07-03 12:50:17,191 DEBUG    [line range] com/google/javascript/jscomp/CodeGenerator.java getContextForNoInOperator 1155:1158
2021-07-03 12:50:17,273 DEBUG                  - depth 0, hash 6b49cfd, HEAD~1096
2021-07-03 12:50:17,279 DEBUG    [line range] com/google/javascript/jscomp/CodeGenerator.java identifierEscape 1077:1097
2021-07-03 12:50:17,362 DEBUG                  - depth 0, hash 6fcb008, HEAD~1057
2021-07-03 12:50:17,367 DEBUG                  - depth 1, hash 847b296, HEAD~1077
2021-07-03 12:50:17,371 DEBUG                  - depth 2, hash 6b49cfd, HEAD~1096
2021-07-03 12:50:17,376 DEBUG    [line range] com/google/javascript/jscomp/CodeGenerator.java jsString 956:983
2021-07-03 12:50:17,459 DEBUG                  - depth 0, hash f78951b, HEAD~75
2021-07-03 12:50:17,465 DEBUG                  - depth 1, hash 847b296, HEAD~1077
2021-07-03 12:50:17,469 DEBUG                  - depth 2, hash 6b49cfd, HEAD~1096
2021-07-03 12:50:17,473 DEBUG    [line range] com/google/javascript/jscomp/CodeGenerator.java strEscape 1005:1075
2021-07-03 12:50:17,560 DEBUG                  - depth 0, hash ee83440, HEAD~160
2021-07-03 12:50:17,565 DEBUG                  - depth 1, hash b88400c, HEAD~258
2021-07-03 12:50:17,569 DEBUG                  - depth 2, hash 9f8345a, HEAD~468
2021-07-03 12:50:17,573 DEBUG                  - depth 3, hash 4d09ce4, HEAD~860
2021-07-03 12:50:17,578 DEBUG                  - depth 4, hash 6fcb008, HEAD~1057
2021-07-03 12:50:17,582 DEBUG                  - depth 5, hash 847b296, HEAD~1077
2021-07-03 12:50:17,586 DEBUG                  - depth 6, hash 6b49cfd, HEAD~1096
2021-07-03 12:50:17,971 DEBUG    [single line]   com/google/javascript/jscomp/CodePrinter.java access$100 35
2021-07-03 12:50:18,045 DEBUG                  - depth 0, hash 6b49cfd, HEAD~1096
2021-07-03 12:50:18,051 DEBUG    [line range] com/google/javascript/jscomp/CodePrinter.java toSource 609:644
2021-07-03 12:50:18,125 DEBUG                  - depth 0, hash 524c758, HEAD~287
2021-07-03 12:50:18,130 DEBUG                  - depth 1, hash cd40201, HEAD~479
2021-07-03 12:50:18,134 DEBUG                  - depth 2, hash 3137ff7, HEAD~487
2021-07-03 12:50:18,139 DEBUG                  - depth 3, hash 55e1258, HEAD~489
2021-07-03 12:50:18,143 DEBUG                  - depth 4, hash 1146205, HEAD~799
2021-07-03 12:50:18,147 DEBUG                  - depth 5, hash 4d09ce4, HEAD~860
2021-07-03 12:50:18,151 DEBUG                  - depth 6, hash de13c33, HEAD~943
2021-07-03 12:50:18,155 DEBUG                  - depth 7, hash 168bc14, HEAD~1075
2021-07-03 12:50:18,159 DEBUG                  - depth 8, hash 847b296, HEAD~1077
2021-07-03 12:50:18,163 DEBUG                  - depth 9, hash 6b49cfd, HEAD~1096
2021-07-03 12:50:18,168 DEBUG    [line range] com/google/javascript/jscomp/CodePrinter.java <init> 485:485
2021-07-03 12:50:18,242 DEBUG                  - depth 0, hash 6b49cfd, HEAD~1096
2021-07-03 12:50:18,248 DEBUG    [line range] com/google/javascript/jscomp/CodePrinter.java build 583:597
2021-07-03 12:50:18,322 DEBUG                  - depth 0, hash 524c758, HEAD~287
2021-07-03 12:50:18,328 DEBUG                  - depth 1, hash 1146205, HEAD~799
2021-07-03 12:50:18,332 DEBUG                  - depth 2, hash de13c33, HEAD~943
2021-07-03 12:50:18,336 DEBUG                  - depth 3, hash 168bc14, HEAD~1075
2021-07-03 12:50:18,340 DEBUG                  - depth 4, hash 847b296, HEAD~1077
2021-07-03 12:50:18,344 DEBUG                  - depth 5, hash 6b49cfd, HEAD~1096
2021-07-03 12:50:18,349 DEBUG    [line range] com/google/javascript/jscomp/CodePrinter.java setLineLengthThreshold 538:541
2021-07-03 12:50:18,425 DEBUG                  - depth 0, hash 6b49cfd, HEAD~1096
2021-07-03 12:50:18,431 DEBUG    [line range] com/google/javascript/jscomp/CodePrinter.java setPrettyPrint 509:512
2021-07-03 12:50:18,505 DEBUG                  - depth 0, hash 6b49cfd, HEAD~1096
2021-07-03 12:50:18,510 DEBUG    [line range] com/google/javascript/jscomp/CodePrinter.java <init> 393:393
2021-07-03 12:50:18,584 DEBUG                  - depth 0, hash 6b49cfd, HEAD~1096
2021-07-03 12:50:18,590 DEBUG    [single line]   com/google/javascript/jscomp/CodePrinter.java <init> 379
2021-07-03 12:50:18,664 DEBUG                  - depth 0, hash 6b49cfd, HEAD~1096
2021-07-03 12:50:18,670 DEBUG    [line range] com/google/javascript/jscomp/CodePrinter.java append 414:418
2021-07-03 12:50:18,743 DEBUG                  - depth 0, hash 6b49cfd, HEAD~1096
2021-07-03 12:50:18,749 DEBUG    [line range] com/google/javascript/jscomp/CodePrinter.java maybeCutLine 459:475
2021-07-03 12:50:18,823 DEBUG                  - depth 0, hash 6b49cfd, HEAD~1096
2021-07-03 12:50:18,829 DEBUG    [line range] com/google/javascript/jscomp/CodePrinter.java notePreferredLineBreak 477:480
2021-07-03 12:50:18,904 DEBUG                  - depth 0, hash 6b49cfd, HEAD~1096
2021-07-03 12:50:18,909 DEBUG    [single line]   com/google/javascript/jscomp/CodePrinter.java <clinit> 600
2021-07-03 12:50:18,984 DEBUG                  - depth 0, hash 6b49cfd, HEAD~1096
2021-07-03 12:50:18,989 DEBUG    [single line]   com/google/javascript/jscomp/CodePrinter.java <clinit> 601
2021-07-03 12:50:19,063 DEBUG                  - depth 0, hash 6b49cfd, HEAD~1096
2021-07-03 12:50:19,068 DEBUG    [single line]   com/google/javascript/jscomp/CodePrinter.java <clinit> 602
2021-07-03 12:50:19,143 DEBUG                  - depth 0, hash 6b49cfd, HEAD~1096
2021-07-03 12:50:19,148 DEBUG    [single line]   com/google/javascript/jscomp/CodePrinter.java <clinit> 603
2021-07-03 12:50:19,223 DEBUG                  - depth 0, hash 6b49cfd, HEAD~1096
2021-07-03 12:50:19,228 DEBUG    [line range] com/google/javascript/jscomp/CodePrinter.java <init> 52:52
2021-07-03 12:50:19,302 DEBUG                  - depth 0, hash 4d09ce4, HEAD~860
2021-07-03 12:50:19,308 DEBUG    [line range] com/google/javascript/jscomp/CodePrinter.java endSourceMapping 112:121
2021-07-03 12:50:19,382 DEBUG                  - depth 0, hash 7d6ca28, HEAD~350
2021-07-03 12:50:19,388 DEBUG                  - depth 1, hash 1146205, HEAD~799
2021-07-03 12:50:19,392 DEBUG                  - depth 2, hash 4d09ce4, HEAD~860
2021-07-03 12:50:19,396 DEBUG                  - depth 3, hash 6b49cfd, HEAD~1096
2021-07-03 12:50:19,400 DEBUG    [line range] com/google/javascript/jscomp/CodePrinter.java getCode 178:180
2021-07-03 12:50:19,475 DEBUG                  - depth 0, hash 4d09ce4, HEAD~860
2021-07-03 12:50:19,481 DEBUG                  - depth 1, hash 6b49cfd, HEAD~1096
2021-07-03 12:50:19,485 DEBUG    [line range] com/google/javascript/jscomp/CodePrinter.java getLastChar 182:185
2021-07-03 12:50:19,559 DEBUG                  - depth 0, hash 4d09ce4, HEAD~860
2021-07-03 12:50:19,565 DEBUG                  - depth 1, hash 6b49cfd, HEAD~1096
2021-07-03 12:50:19,569 DEBUG    [line range] com/google/javascript/jscomp/CodePrinter.java startSourceMapping 89:106
2021-07-03 12:50:19,643 DEBUG                  - depth 0, hash 7d6ca28, HEAD~350
2021-07-03 12:50:19,649 DEBUG                  - depth 1, hash c1c31ef, HEAD~773
2021-07-03 12:50:19,653 DEBUG                  - depth 2, hash 1146205, HEAD~799
2021-07-03 12:50:19,658 DEBUG                  - depth 3, hash 6b49cfd, HEAD~1096
2021-07-03 12:50:20,176 DEBUG    [line range] com/google/javascript/jscomp/Compiler.java <init> 181:183
2021-07-03 12:50:20,279 DEBUG                  - depth 0, hash 6f2539a, HEAD~976
2021-07-03 12:50:20,285 DEBUG                  - depth 1, hash 6b49cfd, HEAD~1096
2021-07-03 12:50:20,289 DEBUG    [line range] com/google/javascript/jscomp/Compiler.java <init> 79:79
2021-07-03 12:50:20,391 DEBUG                  - depth 0, hash a70a7c5, HEAD~974
2021-07-03 12:50:20,396 DEBUG                  - depth 1, hash 6f2539a, HEAD~976
2021-07-03 12:50:20,400 DEBUG                  - depth 2, hash 6b49cfd, HEAD~1096
2021-07-03 12:50:20,405 DEBUG    [line range] com/google/javascript/jscomp/Compiler.java createMessageFormatter 217:220
2021-07-03 12:50:20,510 DEBUG                  - depth 0, hash a70a7c5, HEAD~974
2021-07-03 12:50:20,516 DEBUG                  - depth 1, hash 6b49cfd, HEAD~1096
2021-07-03 12:50:20,520 DEBUG    [line range] com/google/javascript/jscomp/Compiler.java getErrors 894:896
2021-07-03 12:50:20,624 DEBUG                  - depth 0, hash 6b49cfd, HEAD~1096
2021-07-03 12:50:20,630 DEBUG    [line range] com/google/javascript/jscomp/Compiler.java getWarnings 901:903
2021-07-03 12:50:20,732 DEBUG                  - depth 0, hash 6b49cfd, HEAD~1096
2021-07-03 12:50:20,738 DEBUG    [line range] com/google/javascript/jscomp/Compiler.java initOptions 226:282
2021-07-03 12:50:20,835 DEBUG                  - depth 0, hash 29312d9, HEAD~39
2021-07-03 12:50:20,840 DEBUG                  - depth 1, hash b836418, HEAD~120
2021-07-03 12:50:20,844 DEBUG                  - depth 2, hash 3f8896c, HEAD~125
2021-07-03 12:50:20,848 DEBUG                  - depth 3, hash a2d9c86, HEAD~131
2021-07-03 12:50:20,853 DEBUG                  - depth 4, hash c00a33b, HEAD~250
2021-07-03 12:50:20,857 DEBUG                  - depth 5, hash 1e03ad0, HEAD~255
2021-07-03 12:50:20,861 DEBUG                  - depth 6, hash 8bf67e6, HEAD~256
2021-07-03 12:50:20,865 DEBUG                  - depth 7, hash 5709ec1, HEAD~302
2021-07-03 12:50:20,869 DEBUG                  - depth 8, hash 1004aa6, HEAD~781
2021-07-03 12:50:20,873 DEBUG                  - depth 9, hash a70a7c5, HEAD~974
2021-07-03 12:50:20,878 DEBUG                  - depth 10, hash 6f2539a, HEAD~976
2021-07-03 12:50:20,882 DEBUG    [line range] com/google/javascript/jscomp/Compiler.java newTracer 857:864
2021-07-03 12:50:20,983 DEBUG                  - depth 0, hash a70a7c5, HEAD~974
2021-07-03 12:50:20,989 DEBUG                  - depth 1, hash 6b49cfd, HEAD~1096
2021-07-03 12:50:20,993 DEBUG    [line range] com/google/javascript/jscomp/Compiler.java setErrorManager 207:211
2021-07-03 12:50:21,093 DEBUG                  - depth 0, hash 6b49cfd, HEAD~1096
2021-07-03 12:50:21,099 DEBUG    [line range] com/google/javascript/jscomp/Compiler.java stopTracer 866:871
2021-07-03 12:50:21,200 DEBUG                  - depth 0, hash a70a7c5, HEAD~974
2021-07-03 12:50:21,206 DEBUG                  - depth 1, hash 6b49cfd, HEAD~1096
2021-07-03 12:50:21,210 DEBUG    [line range] com/google/javascript/jscomp/Compiler.java <clinit> 1672:1680
2021-07-03 12:50:21,314 DEBUG                  - depth 0, hash c628a5a, HEAD~180
2021-07-03 12:50:21,320 DEBUG                  - depth 1, hash 524c758, HEAD~287
2021-07-03 12:50:21,324 DEBUG                  - depth 2, hash be01040, HEAD~544
2021-07-03 12:50:21,329 DEBUG                  - depth 3, hash 6b49cfd, HEAD~1096
2021-07-03 12:50:21,333 DEBUG    [line range] com/google/javascript/jscomp/Compiler.java <init> 766:772
2021-07-03 12:50:21,434 DEBUG                  - depth 0, hash 6b49cfd, HEAD~1096
2021-07-03 12:50:21,786 DEBUG    [line range] com/google/javascript/jscomp/CompilerInput.java <init> 80:82
2021-07-03 12:50:21,860 DEBUG                  - depth 0, hash 6b49cfd, HEAD~1096
2021-07-03 12:50:21,866 DEBUG    [line range] com/google/javascript/jscomp/CompilerInput.java <init> 52:52
2021-07-03 12:50:21,937 DEBUG                  - depth 0, hash cf26186, HEAD~114
2021-07-03 12:50:21,943 DEBUG    [line range] com/google/javascript/jscomp/CompilerInput.java getAstRoot 103:106
2021-07-03 12:50:22,016 DEBUG                  - depth 0, hash 6b49cfd, HEAD~1096
2021-07-03 12:50:22,022 DEBUG    [line range] com/google/javascript/jscomp/CompilerInput.java getName 91:94
2021-07-03 12:50:22,094 DEBUG                  - depth 0, hash 4581182, HEAD~966
2021-07-03 12:50:22,100 DEBUG                  - depth 1, hash 6b49cfd, HEAD~1096
2021-07-03 12:50:22,557 DEBUG    [line range] com/google/javascript/jscomp/CompilerOptions.java <clinit> 1349:1350
2021-07-03 12:50:22,633 DEBUG                  - depth 0, hash 01f3b98, HEAD~224
2021-07-03 12:50:22,638 DEBUG    [line range] com/google/javascript/jscomp/CompilerOptions.java <init> 99:99
2021-07-03 12:50:22,722 DEBUG                  - depth 0, hash 9147da9, HEAD~925
2021-07-03 12:50:22,728 DEBUG                  - depth 1, hash b29d4a8, HEAD~934
2021-07-03 12:50:22,736 DEBUG    [line range] com/google/javascript/jscomp/CompilerOptions.java addWarningsGuard 971:973
2021-07-03 12:50:22,825 DEBUG                  - depth 0, hash a2d9c86, HEAD~131
2021-07-03 12:50:22,831 DEBUG                  - depth 1, hash 6b49cfd, HEAD~1096
2021-07-03 12:50:22,835 DEBUG    [line range] com/google/javascript/jscomp/CompilerOptions.java disables 938:940
2021-07-03 12:50:22,920 DEBUG                  - depth 0, hash a2d9c86, HEAD~131
2021-07-03 12:50:22,926 DEBUG                  - depth 1, hash 915752b, HEAD~1061
2021-07-03 12:50:22,930 DEBUG    [line range] com/google/javascript/jscomp/CompilerOptions.java enables 930:932
2021-07-03 12:50:23,018 DEBUG                  - depth 0, hash a2d9c86, HEAD~131
2021-07-03 12:50:23,024 DEBUG                  - depth 1, hash 6b49cfd, HEAD~1096
2021-07-03 12:50:23,028 DEBUG    [line range] com/google/javascript/jscomp/CompilerOptions.java getCodingConvention 1096:1098
2021-07-03 12:50:23,113 DEBUG                  - depth 0, hash 6a6ea48, HEAD~1085
2021-07-03 12:50:23,119 DEBUG    [line range] com/google/javascript/jscomp/CompilerOptions.java getLanguageIn 1168:1170
2021-07-03 12:50:23,197 DEBUG                  - depth 0, hash 524c758, HEAD~287
2021-07-03 12:50:23,203 DEBUG    [line range] com/google/javascript/jscomp/CompilerOptions.java getWarningsGuard 949:951
2021-07-03 12:50:23,289 DEBUG                  - depth 0, hash 6b49cfd, HEAD~1096
2021-07-03 12:50:23,295 DEBUG    [line range] com/google/javascript/jscomp/CompilerOptions.java setLanguageIn 1163:1166
2021-07-03 12:50:23,371 DEBUG                  - depth 0, hash 524c758, HEAD~287
2021-07-03 12:50:23,377 DEBUG    [line range] com/google/javascript/jscomp/CompilerOptions.java setWarningLevel 945:947
2021-07-03 12:50:23,463 DEBUG                  - depth 0, hash 6b49cfd, HEAD~1096
2021-07-03 12:50:23,469 DEBUG    [line range] com/google/javascript/jscomp/CompilerOptions.java shouldColorizeErrorOutput 1055:1057
2021-07-03 12:50:23,556 DEBUG                  - depth 0, hash 6b49cfd, HEAD~1096
2021-07-03 12:50:23,562 DEBUG    [single line]   com/google/javascript/jscomp/CompilerOptions.java <init> 1352
2021-07-03 12:50:23,637 DEBUG                  - depth 0, hash 01f3b98, HEAD~224
2021-07-03 12:50:23,643 DEBUG    [single line]   com/google/javascript/jscomp/CompilerOptions.java <init> 1366
2021-07-03 12:50:23,719 DEBUG                  - depth 0, hash 01f3b98, HEAD~224
2021-07-03 12:50:23,724 DEBUG    [line range] com/google/javascript/jscomp/CompilerOptions.java isOn 1268:1270
2021-07-03 12:50:23,811 DEBUG                  - depth 0, hash 6b49cfd, HEAD~1096
2021-07-03 12:50:24,154 DEBUG    [line range] com/google/javascript/jscomp/ComposeWarningsGuard.java <init> 45:45
2021-07-03 12:50:24,228 DEBUG                  - depth 0, hash a6ca7c1, HEAD~253
2021-07-03 12:50:24,234 DEBUG                  - depth 1, hash 52ecbc6, HEAD~1038
2021-07-03 12:50:24,238 DEBUG                  - depth 2, hash 6b49cfd, HEAD~1096
2021-07-03 12:50:24,242 DEBUG    [line range] com/google/javascript/jscomp/ComposeWarningsGuard.java <init> 82:84
2021-07-03 12:50:24,315 DEBUG                  - depth 0, hash 6b49cfd, HEAD~1096
2021-07-03 12:50:24,320 DEBUG    [line range] com/google/javascript/jscomp/ComposeWarningsGuard.java addGuard 86:96
2021-07-03 12:50:24,393 DEBUG                  - depth 0, hash a6ca7c1, HEAD~253
2021-07-03 12:50:24,399 DEBUG                  - depth 1, hash 78eb672, HEAD~571
2021-07-03 12:50:24,403 DEBUG                  - depth 2, hash c72f52d, HEAD~782
2021-07-03 12:50:24,407 DEBUG                  - depth 3, hash 52ecbc6, HEAD~1038
2021-07-03 12:50:24,411 DEBUG                  - depth 4, hash 6b49cfd, HEAD~1096
2021-07-03 12:50:24,416 DEBUG    [line range] com/google/javascript/jscomp/ComposeWarningsGuard.java addGuards 98:102
2021-07-03 12:50:24,489 DEBUG                  - depth 0, hash 6b49cfd, HEAD~1096
2021-07-03 12:50:24,495 DEBUG    [line range] com/google/javascript/jscomp/ComposeWarningsGuard.java disables 115:133
2021-07-03 12:50:24,567 DEBUG                  - depth 0, hash 6b49cfd, HEAD~1096
2021-07-03 12:50:24,573 DEBUG    [line range] com/google/javascript/jscomp/ComposeWarningsGuard.java enables 139:150
2021-07-03 12:50:24,646 DEBUG                  - depth 0, hash c72f52d, HEAD~782
2021-07-03 12:50:24,651 DEBUG                  - depth 1, hash 6b49cfd, HEAD~1096
2021-07-03 12:50:24,656 DEBUG    [line range] com/google/javascript/jscomp/ComposeWarningsGuard.java <init> 56:58
2021-07-03 12:50:24,729 DEBUG                  - depth 0, hash b836418, HEAD~120
2021-07-03 12:50:24,735 DEBUG                  - depth 1, hash 52ecbc6, HEAD~1038
2021-07-03 12:50:24,739 DEBUG                  - depth 2, hash 6b49cfd, HEAD~1096
2021-07-03 12:50:24,744 DEBUG    [single line]   com/google/javascript/jscomp/ComposeWarningsGuard.java <init> 51
2021-07-03 12:50:24,816 DEBUG                  - depth 0, hash b836418, HEAD~120
2021-07-03 12:50:24,822 DEBUG                  - depth 1, hash 52ecbc6, HEAD~1038
2021-07-03 12:50:24,826 DEBUG                  - depth 2, hash 6b49cfd, HEAD~1096
2021-07-03 12:50:24,831 DEBUG    [line range] com/google/javascript/jscomp/ComposeWarningsGuard.java compare 60:71
2021-07-03 12:50:24,904 DEBUG                  - depth 0, hash a6ca7c1, HEAD~253
2021-07-03 12:50:24,910 DEBUG                  - depth 1, hash 52ecbc6, HEAD~1038
2021-07-03 12:50:24,914 DEBUG                  - depth 2, hash 6b49cfd, HEAD~1096
2021-07-03 12:50:25,245 DEBUG    [line range] com/google/javascript/jscomp/ConstCheck.java <clinit> 36:39
2021-07-03 12:50:25,319 DEBUG                  - depth 0, hash 6b49cfd, HEAD~1096
2021-07-03 12:50:25,652 DEBUG    [single line]   com/google/javascript/jscomp/DefaultCodingConvention.java <init> 32
2021-07-03 12:50:25,727 DEBUG                  - depth 0, hash 6b49cfd, HEAD~1096
2021-07-03 12:50:26,029 DEBUG    [line range] com/google/javascript/jscomp/DiagnosticGroup.java <clinit> 67:68
2021-07-03 12:50:26,102 DEBUG                  - depth 0, hash 6b49cfd, HEAD~1096
2021-07-03 12:50:26,108 DEBUG    [line range] com/google/javascript/jscomp/DiagnosticGroup.java <init> 61:64
2021-07-03 12:50:26,180 DEBUG                  - depth 0, hash 1868857, HEAD~198
2021-07-03 12:50:26,185 DEBUG                  - depth 1, hash 6b49cfd, HEAD~1096
2021-07-03 12:50:26,190 DEBUG    [line range] com/google/javascript/jscomp/DiagnosticGroup.java <init> 88:97
2021-07-03 12:50:26,262 DEBUG                  - depth 0, hash 1868857, HEAD~198
2021-07-03 12:50:26,268 DEBUG                  - depth 1, hash 6b49cfd, HEAD~1096
2021-07-03 12:50:26,272 DEBUG    [line range] com/google/javascript/jscomp/DiagnosticGroup.java <init> 46:49
2021-07-03 12:50:26,345 DEBUG                  - depth 0, hash 1868857, HEAD~198
2021-07-03 12:50:26,350 DEBUG                  - depth 1, hash 6b49cfd, HEAD~1096
2021-07-03 12:50:26,355 DEBUG    [line range] com/google/javascript/jscomp/DiagnosticGroup.java <init> 54:56
2021-07-03 12:50:26,427 DEBUG                  - depth 0, hash 1868857, HEAD~198
2021-07-03 12:50:26,433 DEBUG    [line range] com/google/javascript/jscomp/DiagnosticGroup.java forType 71:76
2021-07-03 12:50:26,506 DEBUG                  - depth 0, hash 6b49cfd, HEAD~1096
2021-07-03 12:50:26,512 DEBUG    [line range] com/google/javascript/jscomp/DiagnosticGroup.java getTypes 129:131
2021-07-03 12:50:26,584 DEBUG                  - depth 0, hash 6b49cfd, HEAD~1096
2021-07-03 12:50:26,590 DEBUG    [line range] com/google/javascript/jscomp/DiagnosticGroup.java isSubGroup 117:124
2021-07-03 12:50:26,665 DEBUG                  - depth 0, hash 6b49cfd, HEAD~1096
2021-07-03 12:50:26,671 DEBUG    [line range] com/google/javascript/jscomp/DiagnosticGroup.java matches 110:112
2021-07-03 12:50:26,743 DEBUG                  - depth 0, hash 6b49cfd, HEAD~1096
2021-07-03 12:50:27,049 DEBUG    [line range] com/google/javascript/jscomp/DiagnosticGroupWarningsGuard.java <init> 32:36
2021-07-03 12:50:27,122 DEBUG                  - depth 0, hash 6b49cfd, HEAD~1096
2021-07-03 12:50:27,128 DEBUG    [line range] com/google/javascript/jscomp/DiagnosticGroupWarningsGuard.java disables 43:46
2021-07-03 12:50:27,201 DEBUG                  - depth 0, hash 6b49cfd, HEAD~1096
2021-07-03 12:50:27,206 DEBUG    [line range] com/google/javascript/jscomp/DiagnosticGroupWarningsGuard.java enables 48:59
2021-07-03 12:50:27,279 DEBUG                  - depth 0, hash 6b49cfd, HEAD~1096
2021-07-03 12:50:27,615 DEBUG    [line range] com/google/javascript/jscomp/DiagnosticGroups.java <clinit> 33:34
2021-07-03 12:50:27,689 DEBUG                  - depth 0, hash 6b49cfd, HEAD~1096
2021-07-03 12:50:27,695 DEBUG    [line range] com/google/javascript/jscomp/DiagnosticGroups.java <init> 31:31
2021-07-03 12:50:27,768 DEBUG                  - depth 0, hash 07f6f61, HEAD~967
2021-07-03 12:50:27,774 DEBUG                  - depth 1, hash 845f5ff, HEAD~1078
2021-07-03 12:50:27,778 DEBUG                  - depth 2, hash 6b49cfd, HEAD~1096
2021-07-03 12:50:27,782 DEBUG    [line range] com/google/javascript/jscomp/DiagnosticGroups.java getRegisteredGroups 57:59
2021-07-03 12:50:27,856 DEBUG                  - depth 0, hash 1004aa6, HEAD~781
2021-07-03 12:50:27,862 DEBUG    [line range] com/google/javascript/jscomp/DiagnosticGroups.java registerGroup 49:54
2021-07-03 12:50:27,934 DEBUG                  - depth 0, hash 1868857, HEAD~198
2021-07-03 12:50:27,940 DEBUG    [line range] com/google/javascript/jscomp/DiagnosticGroups.java registerGroup 42:47
2021-07-03 12:50:28,012 DEBUG                  - depth 0, hash 1868857, HEAD~198
2021-07-03 12:50:28,321 DEBUG    [line range] com/google/javascript/jscomp/DiagnosticType.java <init> 97:103
2021-07-03 12:50:28,395 DEBUG                  - depth 0, hash 6b49cfd, HEAD~1096
2021-07-03 12:50:28,400 DEBUG    [line range] com/google/javascript/jscomp/DiagnosticType.java disabled 75:78
2021-07-03 12:50:28,473 DEBUG                  - depth 0, hash 6b49cfd, HEAD~1096
2021-07-03 12:50:28,478 DEBUG    [line range] com/google/javascript/jscomp/DiagnosticType.java equals 113:117
2021-07-03 12:50:28,551 DEBUG                  - depth 0, hash b836418, HEAD~120
2021-07-03 12:50:28,556 DEBUG                  - depth 1, hash 6b49cfd, HEAD~1096
2021-07-03 12:50:28,561 DEBUG    [line range] com/google/javascript/jscomp/DiagnosticType.java error 53:55
2021-07-03 12:50:28,633 DEBUG                  - depth 0, hash 6b49cfd, HEAD~1096
2021-07-03 12:50:28,639 DEBUG    [line range] com/google/javascript/jscomp/DiagnosticType.java hashCode 119:122
2021-07-03 12:50:28,711 DEBUG                  - depth 0, hash b836418, HEAD~120
2021-07-03 12:50:28,717 DEBUG    [line range] com/google/javascript/jscomp/DiagnosticType.java make 88:92
2021-07-03 12:50:28,789 DEBUG                  - depth 0, hash 6b49cfd, HEAD~1096
2021-07-03 12:50:28,795 DEBUG    [line range] com/google/javascript/jscomp/DiagnosticType.java warning 64:66
2021-07-03 12:50:28,867 DEBUG                  - depth 0, hash 6b49cfd, HEAD~1096
2021-07-03 12:50:29,307 DEBUG    [line range] com/google/javascript/jscomp/DisambiguateProperties.java <clinit> 81:84
2021-07-03 12:50:29,383 DEBUG                  - depth 0, hash fa45534, HEAD~338
2021-07-03 12:50:29,389 DEBUG                  - depth 1, hash 6b49cfd, HEAD~1096
2021-07-03 12:50:29,672 DEBUG    [single line]   com/google/javascript/jscomp/ErrorFormat.java <clinit> 24
2021-07-03 12:50:29,744 DEBUG                  - depth 0, hash 6b49cfd, HEAD~1096
2021-07-03 12:50:29,750 DEBUG    [single line]   com/google/javascript/jscomp/ErrorFormat.java <clinit> 25
2021-07-03 12:50:29,823 DEBUG                  - depth 0, hash 6b49cfd, HEAD~1096
2021-07-03 12:50:29,829 DEBUG    [single line]   com/google/javascript/jscomp/ErrorFormat.java <clinit> 34
2021-07-03 12:50:29,905 DEBUG                  - depth 0, hash 6b49cfd, HEAD~1096
2021-07-03 12:50:29,911 DEBUG    [single line]   com/google/javascript/jscomp/ErrorFormat.java <clinit> 44
2021-07-03 12:50:29,983 DEBUG                  - depth 0, hash 6b49cfd, HEAD~1096
2021-07-03 12:50:29,988 DEBUG    [single line]   com/google/javascript/jscomp/ErrorFormat.java <clinit> 54
2021-07-03 12:50:30,061 DEBUG                  - depth 0, hash e185090, HEAD~982
2021-07-03 12:50:30,067 DEBUG    [single line]   com/google/javascript/jscomp/ErrorFormat.java <init> 25
2021-07-03 12:50:30,139 DEBUG                  - depth 0, hash 6b49cfd, HEAD~1096
2021-07-03 12:50:30,145 DEBUG    [single line]   com/google/javascript/jscomp/ErrorFormat.java <init> 34
2021-07-03 12:50:30,217 DEBUG                  - depth 0, hash 6b49cfd, HEAD~1096
2021-07-03 12:50:30,223 DEBUG    [line range] com/google/javascript/jscomp/ErrorFormat.java toFormatter 35:42
2021-07-03 12:50:30,295 DEBUG                  - depth 0, hash 6b49cfd, HEAD~1096
2021-07-03 12:50:30,301 DEBUG    [single line]   com/google/javascript/jscomp/ErrorFormat.java <init> 44
2021-07-03 12:50:30,373 DEBUG                  - depth 0, hash 6b49cfd, HEAD~1096
2021-07-03 12:50:30,378 DEBUG    [single line]   com/google/javascript/jscomp/ErrorFormat.java <init> 54
2021-07-03 12:50:30,450 DEBUG                  - depth 0, hash e185090, HEAD~982
2021-07-03 12:50:30,852 DEBUG    [line range] com/google/javascript/jscomp/FunctionTypeBuilder.java <clinit> 87:89
2021-07-03 12:50:30,927 DEBUG                  - depth 0, hash 6b49cfd, HEAD~1096
2021-07-03 12:50:31,233 DEBUG    [line range] com/google/javascript/jscomp/JSSourceFile.java <init> 71:74
2021-07-03 12:50:31,306 DEBUG                  - depth 0, hash 6b49cfd, HEAD~1096
2021-07-03 12:50:31,312 DEBUG    [line range] com/google/javascript/jscomp/JSSourceFile.java fromCode 54:56
2021-07-03 12:50:31,385 DEBUG                  - depth 0, hash 6b49cfd, HEAD~1096
2021-07-03 12:50:31,390 DEBUG    [line range] com/google/javascript/jscomp/JSSourceFile.java getCode 76:79
2021-07-03 12:50:31,462 DEBUG                  - depth 0, hash 6b49cfd, HEAD~1096
2021-07-03 12:50:31,775 DEBUG    [line range] com/google/javascript/jscomp/JsAst.java <clinit> 35:35
2021-07-03 12:50:31,849 DEBUG                  - depth 0, hash 6b49cfd, HEAD~1096
2021-07-03 12:50:31,855 DEBUG    [line range] com/google/javascript/jscomp/JsAst.java <init> 42:45
2021-07-03 12:50:31,927 DEBUG                  - depth 0, hash 6b49cfd, HEAD~1096
2021-07-03 12:50:31,933 DEBUG    [line range] com/google/javascript/jscomp/JsAst.java createAst 75:82
2021-07-03 12:50:32,005 DEBUG                  - depth 0, hash 3924ff1, HEAD~1080
2021-07-03 12:50:32,011 DEBUG                  - depth 1, hash 6b49cfd, HEAD~1096
2021-07-03 12:50:32,015 DEBUG    [line range] com/google/javascript/jscomp/JsAst.java getAstRoot 47:53
2021-07-03 12:50:32,088 DEBUG                  - depth 0, hash 6b49cfd, HEAD~1096
2021-07-03 12:50:32,094 DEBUG    [line range] com/google/javascript/jscomp/JsAst.java parse 84:106
2021-07-03 12:50:32,166 DEBUG                  - depth 0, hash 9a1ddf5, HEAD~1007
2021-07-03 12:50:32,172 DEBUG                  - depth 1, hash b8c52bf, HEAD~1019
2021-07-03 12:50:32,176 DEBUG                  - depth 2, hash 168bc14, HEAD~1075
2021-07-03 12:50:32,181 DEBUG                  - depth 3, hash 3924ff1, HEAD~1080
2021-07-03 12:50:32,185 DEBUG                  - depth 4, hash 6b49cfd, HEAD~1096
2021-07-03 12:50:32,515 DEBUG    [line range] com/google/javascript/jscomp/LightweightMessageFormatter.java <clinit> 32:33
2021-07-03 12:50:32,588 DEBUG                  - depth 0, hash 6b49cfd, HEAD~1096
2021-07-03 12:50:32,594 DEBUG    [line range] com/google/javascript/jscomp/LightweightMessageFormatter.java <init> 43:45
2021-07-03 12:50:32,668 DEBUG                  - depth 0, hash 6b49cfd, HEAD~1096
2021-07-03 12:50:32,674 DEBUG    [line range] com/google/javascript/jscomp/LightweightMessageFormatter.java <init> 47:52
2021-07-03 12:50:32,749 DEBUG                  - depth 0, hash 030f59d, HEAD~979
2021-07-03 12:50:32,754 DEBUG                  - depth 1, hash 6b49cfd, HEAD~1096
2021-07-03 12:50:32,759 DEBUG    [single line]   com/google/javascript/jscomp/LightweightMessageFormatter.java <init> 118
2021-07-03 12:50:32,834 DEBUG                  - depth 0, hash 6b49cfd, HEAD~1096
2021-07-03 12:50:33,130 DEBUG    [line range] com/google/javascript/jscomp/LoggerErrorManager.java <init> 37:40
2021-07-03 12:50:33,204 DEBUG                  - depth 0, hash 6b49cfd, HEAD~1096
2021-07-03 12:50:33,597 DEBUG    [line range] com/google/javascript/jscomp/NodeTraversal.java <clinit> 45:46
2021-07-03 12:50:33,671 DEBUG                  - depth 0, hash 6b49cfd, HEAD~1096
2021-07-03 12:50:33,677 DEBUG    [line range] com/google/javascript/jscomp/NodeTraversal.java <init> 195:197
2021-07-03 12:50:33,750 DEBUG                  - depth 0, hash 6b49cfd, HEAD~1096
2021-07-03 12:50:33,756 DEBUG    [line range] com/google/javascript/jscomp/NodeTraversal.java <init> 53:53
2021-07-03 12:50:33,829 DEBUG                  - depth 0, hash 6b49cfd, HEAD~1096
2021-07-03 12:50:33,835 DEBUG    [line range] com/google/javascript/jscomp/NodeTraversal.java getSourceName 613:616
2021-07-03 12:50:33,909 DEBUG                  - depth 0, hash 6b49cfd, HEAD~1096
2021-07-03 12:50:33,915 DEBUG    [line range] com/google/javascript/jscomp/NodeTraversal.java popScope 542:552
2021-07-03 12:50:33,989 DEBUG                  - depth 0, hash 6b49cfd, HEAD~1096
2021-07-03 12:50:33,995 DEBUG    [line range] com/google/javascript/jscomp/NodeTraversal.java pushScope 522:529
2021-07-03 12:50:34,068 DEBUG                  - depth 0, hash 6b49cfd, HEAD~1096
2021-07-03 12:50:34,074 DEBUG    [line range] com/google/javascript/jscomp/NodeTraversal.java traverse 419:423
2021-07-03 12:50:34,148 DEBUG                  - depth 0, hash 6b49cfd, HEAD~1096
2021-07-03 12:50:34,154 DEBUG    [line range] com/google/javascript/jscomp/NodeTraversal.java traverse 244:254
2021-07-03 12:50:34,227 DEBUG                  - depth 0, hash 6b49cfd, HEAD~1096
2021-07-03 12:50:34,233 DEBUG    [line range] com/google/javascript/jscomp/NodeTraversal.java traverseBranch 437:465
2021-07-03 12:50:34,307 DEBUG                  - depth 0, hash 6d8fd42, HEAD~726
2021-07-03 12:50:34,313 DEBUG                  - depth 1, hash 6b49cfd, HEAD~1096
2021-07-03 12:50:34,886 DEBUG    [line range] com/google/javascript/jscomp/NodeUtil.java <clinit> 48:48
2021-07-03 12:50:34,962 DEBUG                  - depth 0, hash 41acde3, HEAD~202
2021-07-03 12:50:34,968 DEBUG    [line range] com/google/javascript/jscomp/NodeUtil.java isLatin 2449:2459
2021-07-03 12:50:35,073 DEBUG                  - depth 0, hash 6b49cfd, HEAD~1096
2021-07-03 12:50:35,079 DEBUG    [line range] com/google/javascript/jscomp/NodeUtil.java opToStr 2147:2192
2021-07-03 12:50:35,188 DEBUG                  - depth 0, hash 6b49cfd, HEAD~1096
2021-07-03 12:50:35,194 DEBUG    [line range] com/google/javascript/jscomp/NodeUtil.java precedence 1100:1172
2021-07-03 12:50:35,302 DEBUG                  - depth 0, hash dd220d3, HEAD~183
2021-07-03 12:50:35,308 DEBUG                  - depth 1, hash b41c7bd, HEAD~247
2021-07-03 12:50:35,312 DEBUG                  - depth 2, hash 6b49cfd, HEAD~1096
2021-07-03 12:50:35,317 DEBUG    [single line]   com/google/javascript/jscomp/NodeUtil.java apply 1247
2021-07-03 12:50:35,397 DEBUG                  - depth 0, hash 1a7fbd1, HEAD~393
2021-07-03 12:50:35,403 DEBUG    [single line]   com/google/javascript/jscomp/NodeUtil.java apply 1308
2021-07-03 12:50:35,486 DEBUG                  - depth 0, hash 1a7fbd1, HEAD~393
2021-07-03 12:50:35,492 DEBUG    [single line]   com/google/javascript/jscomp/NodeUtil.java apply 1195
2021-07-03 12:50:35,575 DEBUG                  - depth 0, hash 1a7fbd1, HEAD~393
2021-07-03 12:50:35,885 DEBUG    [line range] com/google/javascript/jscomp/PassFactory.java <init> 35:35
2021-07-03 12:50:35,979 DEBUG                  - depth 0, hash 6b49cfd, HEAD~1096
2021-07-03 12:50:36,316 DEBUG    [line range] com/google/javascript/jscomp/PrepareAst.java <init> 40:42
2021-07-03 12:50:36,389 DEBUG                  - depth 0, hash 9a1ddf5, HEAD~1007
2021-07-03 12:50:36,395 DEBUG    [line range] com/google/javascript/jscomp/PrepareAst.java <init> 44:47
2021-07-03 12:50:36,468 DEBUG                  - depth 0, hash e829daf, HEAD~892
2021-07-03 12:50:36,474 DEBUG                  - depth 1, hash 9a1ddf5, HEAD~1007
2021-07-03 12:50:36,478 DEBUG    [line range] com/google/javascript/jscomp/PrepareAst.java process 55:73
2021-07-03 12:50:36,552 DEBUG                  - depth 0, hash 52547e6, HEAD~796
2021-07-03 12:50:36,558 DEBUG                  - depth 1, hash e829daf, HEAD~892
2021-07-03 12:50:36,562 DEBUG                  - depth 2, hash 4581182, HEAD~966
2021-07-03 12:50:36,567 DEBUG                  - depth 3, hash 9a1ddf5, HEAD~1007
2021-07-03 12:50:36,571 DEBUG    [line range] com/google/javascript/jscomp/PrepareAst.java shouldTraverse 140:146
2021-07-03 12:50:36,644 DEBUG                  - depth 0, hash 24b7eb9, HEAD~595
2021-07-03 12:50:36,650 DEBUG    [line range] com/google/javascript/jscomp/PrepareAst.java visit 148:160
2021-07-03 12:50:36,723 DEBUG                  - depth 0, hash 24b7eb9, HEAD~595
2021-07-03 12:50:36,729 DEBUG                  - depth 1, hash f93cdf9, HEAD~713
2021-07-03 12:50:36,733 DEBUG                  - depth 2, hash d7e85b0, HEAD~856
2021-07-03 12:50:37,125 DEBUG    [line range] com/google/javascript/jscomp/ProcessDefines.java <clinit> 54:55
2021-07-03 12:50:37,199 DEBUG                  - depth 0, hash 6b49cfd, HEAD~1096
2021-07-03 12:50:37,576 DEBUG    [line range] com/google/javascript/jscomp/ProcessTweaks.java <clinit> 55:56
2021-07-03 12:50:37,650 DEBUG                  - depth 0, hash 534a679, HEAD~477
2021-07-03 12:50:37,656 DEBUG    [line range] com/google/javascript/jscomp/ProcessTweaks.java <init> 122:124
2021-07-03 12:50:37,729 DEBUG                  - depth 0, hash 534a679, HEAD~477
2021-07-03 12:50:37,735 DEBUG    [line range] com/google/javascript/jscomp/ProcessTweaks.java <init> 136:138
2021-07-03 12:50:37,808 DEBUG                  - depth 0, hash 534a679, HEAD~477
2021-07-03 12:50:37,814 DEBUG    [line range] com/google/javascript/jscomp/ProcessTweaks.java <init> 126:129
2021-07-03 12:50:37,887 DEBUG                  - depth 0, hash 534a679, HEAD~477
2021-07-03 12:50:37,892 DEBUG    [line range] com/google/javascript/jscomp/ProcessTweaks.java <init> 131:134
2021-07-03 12:50:37,965 DEBUG                  - depth 0, hash 534a679, HEAD~477
2021-07-03 12:50:37,971 DEBUG    [line range] com/google/javascript/jscomp/ProcessTweaks.java <init> 140:148
2021-07-03 12:50:38,044 DEBUG                  - depth 0, hash 534a679, HEAD~477
2021-07-03 12:50:38,050 DEBUG    [line range] com/google/javascript/jscomp/ProcessTweaks.java getName 163:165
2021-07-03 12:50:38,123 DEBUG                  - depth 0, hash 534a679, HEAD~477
2021-07-03 12:50:38,386 DEBUG    [single line]   com/google/javascript/jscomp/PropertyRenamingPolicy.java <clinit> 22
2021-07-03 12:50:38,460 DEBUG                  - depth 0, hash 6b49cfd, HEAD~1096
2021-07-03 12:50:38,465 DEBUG    [single line]   com/google/javascript/jscomp/PropertyRenamingPolicy.java <clinit> 26
2021-07-03 12:50:38,538 DEBUG                  - depth 0, hash 6b49cfd, HEAD~1096
2021-07-03 12:50:38,543 DEBUG    [single line]   com/google/javascript/jscomp/PropertyRenamingPolicy.java <clinit> 32
2021-07-03 12:50:38,616 DEBUG                  - depth 0, hash 6b49cfd, HEAD~1096
2021-07-03 12:50:38,622 DEBUG    [single line]   com/google/javascript/jscomp/PropertyRenamingPolicy.java <clinit> 38
2021-07-03 12:50:38,694 DEBUG                  - depth 0, hash 6b49cfd, HEAD~1096
2021-07-03 12:50:38,700 DEBUG    [single line]   com/google/javascript/jscomp/PropertyRenamingPolicy.java <clinit> 46
2021-07-03 12:50:38,775 DEBUG                  - depth 0, hash 6b49cfd, HEAD~1096
2021-07-03 12:50:38,780 DEBUG    [single line]   com/google/javascript/jscomp/PropertyRenamingPolicy.java <clinit> 49
2021-07-03 12:50:38,852 DEBUG                  - depth 0, hash 6b49cfd, HEAD~1096
2021-07-03 12:50:39,180 DEBUG    [line range] com/google/javascript/jscomp/RhinoErrorReporter.java <clinit> 35:36
2021-07-03 12:50:39,253 DEBUG                  - depth 0, hash 6b49cfd, HEAD~1096
2021-07-03 12:50:39,259 DEBUG    [line range] com/google/javascript/jscomp/RhinoErrorReporter.java <init> 73:101
2021-07-03 12:50:39,332 DEBUG                  - depth 0, hash 5709ec1, HEAD~302
2021-07-03 12:50:39,338 DEBUG                  - depth 1, hash fe64e87, HEAD~1086
2021-07-03 12:50:39,342 DEBUG                  - depth 2, hash 6b49cfd, HEAD~1096
2021-07-03 12:50:39,347 DEBUG    [single line]   com/google/javascript/jscomp/RhinoErrorReporter.java <init> 33
2021-07-03 12:50:39,420 DEBUG                  - depth 0, hash 6b49cfd, HEAD~1096
2021-07-03 12:50:39,425 DEBUG    [line range] com/google/javascript/jscomp/RhinoErrorReporter.java forNewRhino 103:106
2021-07-03 12:50:39,499 DEBUG                  - depth 0, hash 6b49cfd, HEAD~1096
2021-07-03 12:50:39,505 DEBUG    [line range] com/google/javascript/jscomp/RhinoErrorReporter.java forOldRhino 108:110
2021-07-03 12:50:39,578 DEBUG                  - depth 0, hash 6b49cfd, HEAD~1096
2021-07-03 12:50:39,584 DEBUG    [line range] com/google/javascript/jscomp/RhinoErrorReporter.java replacePlaceHolders 68:71
2021-07-03 12:50:39,656 DEBUG                  - depth 0, hash 5709ec1, HEAD~302
2021-07-03 12:50:39,662 DEBUG                  - depth 1, hash 6b49cfd, HEAD~1096
2021-07-03 12:50:39,667 DEBUG    [single line]   com/google/javascript/jscomp/RhinoErrorReporter.java <init> 154
2021-07-03 12:50:39,739 DEBUG                  - depth 0, hash 6b49cfd, HEAD~1096
2021-07-03 12:50:39,745 DEBUG    [single line]   com/google/javascript/jscomp/RhinoErrorReporter.java <init> 140
2021-07-03 12:50:39,820 DEBUG                  - depth 0, hash 6b49cfd, HEAD~1096
2021-07-03 12:50:40,127 DEBUG    [single line]   com/google/javascript/jscomp/SourceExcerptProvider.java <clinit> 28
2021-07-03 12:50:40,200 DEBUG                  - depth 0, hash 6b49cfd, HEAD~1096
2021-07-03 12:50:40,206 DEBUG    [single line]   com/google/javascript/jscomp/SourceExcerptProvider.java <clinit> 32
2021-07-03 12:50:40,278 DEBUG                  - depth 0, hash 6b49cfd, HEAD~1096
2021-07-03 12:50:40,284 DEBUG    [single line]   com/google/javascript/jscomp/SourceExcerptProvider.java <clinit> 43
2021-07-03 12:50:40,359 DEBUG                  - depth 0, hash 6b49cfd, HEAD~1096
2021-07-03 12:50:40,365 DEBUG    [single line]   com/google/javascript/jscomp/SourceExcerptProvider.java <init> 32
2021-07-03 12:50:40,440 DEBUG                  - depth 0, hash 6b49cfd, HEAD~1096
2021-07-03 12:50:40,446 DEBUG    [single line]   com/google/javascript/jscomp/SourceExcerptProvider.java <init> 43
2021-07-03 12:50:40,521 DEBUG                  - depth 0, hash 6b49cfd, HEAD~1096
2021-07-03 12:50:40,885 DEBUG    [line range] com/google/javascript/jscomp/SourceFile.java <init> 62:62
2021-07-03 12:50:40,958 DEBUG                  - depth 0, hash 7bfdbd9, HEAD~989
2021-07-03 12:50:40,964 DEBUG    [single line]   com/google/javascript/jscomp/SourceFile.java access$000 40
2021-07-03 12:50:41,038 DEBUG                  - depth 0, hash 6b49cfd, HEAD~1096
2021-07-03 12:50:41,043 DEBUG    [line range] com/google/javascript/jscomp/SourceFile.java fromCode 259:261
2021-07-03 12:50:41,116 DEBUG                  - depth 0, hash 6b49cfd, HEAD~1096
2021-07-03 12:50:41,122 DEBUG    [line range] com/google/javascript/jscomp/SourceFile.java getCode 96:98
2021-07-03 12:50:41,198 DEBUG                  - depth 0, hash 6b49cfd, HEAD~1096
2021-07-03 12:50:41,204 DEBUG    [line range] com/google/javascript/jscomp/SourceFile.java getName 138:140
2021-07-03 12:50:41,277 DEBUG                  - depth 0, hash 6b49cfd, HEAD~1096
2021-07-03 12:50:41,282 DEBUG    [line range] com/google/javascript/jscomp/SourceFile.java setCode 112:114
2021-07-03 12:50:41,356 DEBUG                  - depth 0, hash 6b49cfd, HEAD~1096
2021-07-03 12:50:41,362 DEBUG    [line range] com/google/javascript/jscomp/SourceFile.java setOriginalPath 120:122
2021-07-03 12:50:41,437 DEBUG                  - depth 0, hash 7bfdbd9, HEAD~989
2021-07-03 12:50:41,443 DEBUG    [line range] com/google/javascript/jscomp/SourceFile.java <init> 299:301
2021-07-03 12:50:41,516 DEBUG                  - depth 0, hash 7bfdbd9, HEAD~989
2021-07-03 12:50:41,521 DEBUG                  - depth 1, hash 6b49cfd, HEAD~1096
2021-07-03 12:50:41,526 DEBUG    [line range] com/google/javascript/jscomp/SourceFile.java <init> 303:307
2021-07-03 12:50:41,601 DEBUG                  - depth 0, hash 7bfdbd9, HEAD~989
2021-07-03 12:50:41,607 DEBUG                  - depth 1, hash 6b49cfd, HEAD~1096
2021-07-03 12:50:41,929 DEBUG    [single line]   com/google/javascript/jscomp/SourceMap.java <clinit> 70
2021-07-03 12:50:42,002 DEBUG                  - depth 0, hash 817b76b, HEAD~362
2021-07-03 12:50:42,008 DEBUG                  - depth 1, hash 1146205, HEAD~799
2021-07-03 12:50:42,013 DEBUG    [single line]   com/google/javascript/jscomp/SourceMap.java <clinit> 73
2021-07-03 12:50:42,086 DEBUG                  - depth 0, hash 1146205, HEAD~799
2021-07-03 12:50:42,092 DEBUG    [single line]   com/google/javascript/jscomp/SourceMap.java <clinit> 80
2021-07-03 12:50:42,165 DEBUG                  - depth 0, hash 1146205, HEAD~799
2021-07-03 12:50:42,171 DEBUG    [single line]   com/google/javascript/jscomp/SourceMap.java apply 73
2021-07-03 12:50:42,245 DEBUG                  - depth 0, hash 1146205, HEAD~799
2021-07-03 12:50:42,251 DEBUG    [single line]   com/google/javascript/jscomp/SourceMap.java apply 80
2021-07-03 12:50:42,324 DEBUG                  - depth 0, hash 1146205, HEAD~799
2021-07-03 12:50:42,330 DEBUG    [single line]   com/google/javascript/jscomp/SourceMap.java <clinit> 39
2021-07-03 12:50:42,405 DEBUG                  - depth 0, hash 817b76b, HEAD~362
2021-07-03 12:50:42,410 DEBUG                  - depth 1, hash 64857ce, HEAD~754
2021-07-03 12:50:42,415 DEBUG                  - depth 2, hash f86b892, HEAD~859
2021-07-03 12:50:42,419 DEBUG                  - depth 3, hash 6b49cfd, HEAD~1096
2021-07-03 12:50:42,423 DEBUG    [single line]   com/google/javascript/jscomp/SourceMap.java <clinit> 40
2021-07-03 12:50:42,499 DEBUG                  - depth 0, hash b0f4615, HEAD~155
2021-07-03 12:50:42,504 DEBUG                  - depth 1, hash 64857ce, HEAD~754
2021-07-03 12:50:42,509 DEBUG                  - depth 2, hash f86b892, HEAD~859
2021-07-03 12:50:42,513 DEBUG                  - depth 3, hash 6b49cfd, HEAD~1096
2021-07-03 12:50:42,517 DEBUG    [single line]   com/google/javascript/jscomp/SourceMap.java <clinit> 46
2021-07-03 12:50:42,590 DEBUG                  - depth 0, hash a1c49b1, HEAD~229
2021-07-03 12:50:42,596 DEBUG    [single line]   com/google/javascript/jscomp/SourceMap.java <clinit> 52
2021-07-03 12:50:42,671 DEBUG                  - depth 0, hash b0f4615, HEAD~155
2021-07-03 12:50:42,676 DEBUG                  - depth 1, hash 64857ce, HEAD~754
2021-07-03 12:50:42,681 DEBUG                  - depth 2, hash f86b892, HEAD~859
2021-07-03 12:50:42,685 DEBUG                  - depth 3, hash 6b49cfd, HEAD~1096
2021-07-03 12:50:42,689 DEBUG    [single line]   com/google/javascript/jscomp/SourceMap.java <clinit> 58
2021-07-03 12:50:42,765 DEBUG                  - depth 0, hash ef2dd6e, HEAD~148
2021-07-03 12:50:42,771 DEBUG                  - depth 1, hash 64857ce, HEAD~754
2021-07-03 12:50:42,775 DEBUG                  - depth 2, hash f86b892, HEAD~859
2021-07-03 12:50:42,780 DEBUG                  - depth 3, hash 6b49cfd, HEAD~1096
2021-07-03 12:50:42,784 DEBUG    [single line]   com/google/javascript/jscomp/SourceMap.java <init> 40
2021-07-03 12:50:42,861 DEBUG                  - depth 0, hash b0f4615, HEAD~155
2021-07-03 12:50:42,867 DEBUG                  - depth 1, hash 64857ce, HEAD~754
2021-07-03 12:50:42,871 DEBUG                  - depth 2, hash f86b892, HEAD~859
2021-07-03 12:50:42,875 DEBUG                  - depth 3, hash 6b49cfd, HEAD~1096
2021-07-03 12:50:42,880 DEBUG    [single line]   com/google/javascript/jscomp/SourceMap.java <init> 46
2021-07-03 12:50:42,952 DEBUG                  - depth 0, hash a1c49b1, HEAD~229
2021-07-03 12:50:42,958 DEBUG    [single line]   com/google/javascript/jscomp/SourceMap.java <init> 52
2021-07-03 12:50:43,032 DEBUG                  - depth 0, hash b0f4615, HEAD~155
2021-07-03 12:50:43,038 DEBUG                  - depth 1, hash 64857ce, HEAD~754
2021-07-03 12:50:43,042 DEBUG                  - depth 2, hash f86b892, HEAD~859
2021-07-03 12:50:43,047 DEBUG                  - depth 3, hash 6b49cfd, HEAD~1096
2021-07-03 12:50:43,051 DEBUG    [single line]   com/google/javascript/jscomp/SourceMap.java <init> 58
2021-07-03 12:50:43,126 DEBUG                  - depth 0, hash ef2dd6e, HEAD~148
2021-07-03 12:50:43,132 DEBUG                  - depth 1, hash 64857ce, HEAD~754
2021-07-03 12:50:43,136 DEBUG                  - depth 2, hash f86b892, HEAD~859
2021-07-03 12:50:43,140 DEBUG                  - depth 3, hash 6b49cfd, HEAD~1096
2021-07-03 12:50:43,442 DEBUG    [line range] com/google/javascript/jscomp/SuppressDocWarningsGuard.java <init> 34:35
2021-07-03 12:50:43,516 DEBUG                  - depth 0, hash 52547e6, HEAD~796
2021-07-03 12:50:43,522 DEBUG    [line range] com/google/javascript/jscomp/SuppressDocWarningsGuard.java getPriority 90:95
2021-07-03 12:50:43,594 DEBUG                  - depth 0, hash 52547e6, HEAD~796
2021-07-03 12:50:43,936 DEBUG    [line range] com/google/javascript/jscomp/SyntacticScopeCreator.java <clinit> 42:45
2021-07-03 12:50:44,010 DEBUG                  - depth 0, hash 6b49cfd, HEAD~1096
2021-07-03 12:50:44,016 DEBUG    [line range] com/google/javascript/jscomp/SyntacticScopeCreator.java <init> 55:58
2021-07-03 12:50:44,089 DEBUG                  - depth 0, hash 6b49cfd, HEAD~1096
2021-07-03 12:50:44,095 DEBUG    [single line]   com/google/javascript/jscomp/SyntacticScopeCreator.java <init> 183
2021-07-03 12:50:44,169 DEBUG                  - depth 0, hash 6b49cfd, HEAD~1096
2021-07-03 12:50:44,603 DEBUG    [line range] com/google/javascript/jscomp/Tracer.java <clinit> 163:164
2021-07-03 12:50:44,677 DEBUG                  - depth 0, hash 086aeab, HEAD~1013
2021-07-03 12:50:44,683 DEBUG    [line range] com/google/javascript/jscomp/Tracer.java <init> 234:277
2021-07-03 12:50:44,757 DEBUG                  - depth 0, hash 086aeab, HEAD~1013
2021-07-03 12:50:44,764 DEBUG    [line range] com/google/javascript/jscomp/Tracer.java getThreadTrace 957:965
2021-07-03 12:50:44,839 DEBUG                  - depth 0, hash 086aeab, HEAD~1013
2021-07-03 12:50:44,845 DEBUG    [line range] com/google/javascript/jscomp/Tracer.java stop 439:441
2021-07-03 12:50:44,919 DEBUG                  - depth 0, hash 086aeab, HEAD~1013
2021-07-03 12:50:44,925 DEBUG    [line range] com/google/javascript/jscomp/Tracer.java stop 406:433
2021-07-03 12:50:44,999 DEBUG                  - depth 0, hash a2715a5, HEAD~285
2021-07-03 12:50:45,005 DEBUG                  - depth 1, hash 086aeab, HEAD~1013
2021-07-03 12:50:45,010 DEBUG    [line range] com/google/javascript/jscomp/Tracer.java <init> 221:225
2021-07-03 12:50:45,084 DEBUG                  - depth 0, hash 086aeab, HEAD~1013
2021-07-03 12:50:45,090 DEBUG    [line range] com/google/javascript/jscomp/Tracer.java currentTimeMillis 221:225
2021-07-03 12:50:45,167 DEBUG                  - depth 0, hash 086aeab, HEAD~1013
2021-07-03 12:50:45,172 DEBUG    [single line]   com/google/javascript/jscomp/Tracer.java access$1000 539
2021-07-03 12:50:45,247 DEBUG                  - depth 0, hash 086aeab, HEAD~1013
2021-07-03 12:50:45,253 DEBUG    [line range] com/google/javascript/jscomp/Tracer.java isInitialized 744:746
2021-07-03 12:50:45,329 DEBUG                  - depth 0, hash 086aeab, HEAD~1013
2021-07-03 12:50:45,827 DEBUG    [line range] com/google/javascript/jscomp/TypeCheck.java <clinit> 59:61
2021-07-03 12:50:45,914 DEBUG                  - depth 0, hash 6b49cfd, HEAD~1096
2021-07-03 12:50:46,342 DEBUG    [line range] com/google/javascript/jscomp/TypeValidator.java <clinit> 77:81
2021-07-03 12:50:46,416 DEBUG                  - depth 0, hash 6b49cfd, HEAD~1096
2021-07-03 12:50:46,927 DEBUG    [line range] com/google/javascript/jscomp/TypedScopeCreator.java <clinit> 92:93
2021-07-03 12:50:47,011 DEBUG                  - depth 0, hash 39dde4c, HEAD~656
2021-07-03 12:50:47,017 DEBUG                  - depth 1, hash 192a606, HEAD~854
2021-07-03 12:50:47,384 DEBUG    [line range] com/google/javascript/jscomp/VarCheck.java <clinit> 39:41
2021-07-03 12:50:47,457 DEBUG                  - depth 0, hash 6b49cfd, HEAD~1096
2021-07-03 12:50:47,793 DEBUG    [line range] com/google/javascript/jscomp/VariableReferenceCheck.java <clinit> 43:45
2021-07-03 12:50:47,867 DEBUG                  - depth 0, hash 6b49cfd, HEAD~1096
2021-07-03 12:50:48,133 DEBUG    [single line]   com/google/javascript/jscomp/VariableRenamingPolicy.java <clinit> 22
2021-07-03 12:50:48,206 DEBUG                  - depth 0, hash 6b49cfd, HEAD~1096
2021-07-03 12:50:48,211 DEBUG    [single line]   com/google/javascript/jscomp/VariableRenamingPolicy.java <clinit> 26
2021-07-03 12:50:48,284 DEBUG                  - depth 0, hash 6b49cfd, HEAD~1096
2021-07-03 12:50:48,289 DEBUG    [single line]   com/google/javascript/jscomp/VariableRenamingPolicy.java <clinit> 31
2021-07-03 12:50:48,362 DEBUG                  - depth 0, hash 6b49cfd, HEAD~1096
2021-07-03 12:50:48,368 DEBUG    [single line]   com/google/javascript/jscomp/VariableRenamingPolicy.java <clinit> 36
2021-07-03 12:50:48,441 DEBUG                  - depth 0, hash 6b49cfd, HEAD~1096
2021-07-03 12:50:48,447 DEBUG    [single line]   com/google/javascript/jscomp/VariableRenamingPolicy.java <clinit> 39
2021-07-03 12:50:48,519 DEBUG                  - depth 0, hash 6b49cfd, HEAD~1096
2021-07-03 12:50:48,803 DEBUG    [single line]   com/google/javascript/jscomp/WarningsGuard.java <init> 45
2021-07-03 12:50:48,876 DEBUG                  - depth 0, hash b836418, HEAD~120
2021-07-03 12:50:48,882 DEBUG                  - depth 1, hash 6b49cfd, HEAD~1096
2021-07-03 12:50:48,887 DEBUG    [single line]   com/google/javascript/jscomp/WarningsGuard.java <init> 47
2021-07-03 12:50:48,959 DEBUG                  - depth 0, hash 52547e6, HEAD~796
2021-07-03 12:50:48,965 DEBUG    [line range] com/google/javascript/jscomp/WarningsGuard.java disables 94:96
2021-07-03 12:50:49,040 DEBUG                  - depth 0, hash 6b49cfd, HEAD~1096
2021-07-03 12:50:49,046 DEBUG    [line range] com/google/javascript/jscomp/WarningsGuard.java enables 105:107
2021-07-03 12:50:49,118 DEBUG                  - depth 0, hash 6b49cfd, HEAD~1096
2021-07-03 12:50:49,124 DEBUG    [line range] com/google/javascript/jscomp/WarningsGuard.java getPriority 83:85
2021-07-03 12:50:49,196 DEBUG                  - depth 0, hash 52547e6, HEAD~796
2021-07-03 12:50:49,202 DEBUG                  - depth 1, hash 6b49cfd, HEAD~1096
2021-07-03 12:50:49,206 DEBUG    [single line]   com/google/javascript/jscomp/WarningsGuard.java <clinit> 47
2021-07-03 12:50:49,278 DEBUG                  - depth 0, hash 52547e6, HEAD~796
2021-07-03 12:50:49,284 DEBUG    [single line]   com/google/javascript/jscomp/WarningsGuard.java <clinit> 48
2021-07-03 12:50:49,356 DEBUG                  - depth 0, hash 52547e6, HEAD~796
2021-07-03 12:50:49,362 DEBUG    [single line]   com/google/javascript/jscomp/WarningsGuard.java <clinit> 49
2021-07-03 12:50:49,435 DEBUG                  - depth 0, hash 52547e6, HEAD~796
2021-07-03 12:50:49,441 DEBUG    [single line]   com/google/javascript/jscomp/WarningsGuard.java <clinit> 50
2021-07-03 12:50:49,514 DEBUG                  - depth 0, hash 52547e6, HEAD~796
2021-07-03 12:50:49,520 DEBUG    [single line]   com/google/javascript/jscomp/WarningsGuard.java <clinit> 51
2021-07-03 12:50:49,593 DEBUG                  - depth 0, hash 52547e6, HEAD~796
2021-07-03 12:50:49,598 DEBUG    [single line]   com/google/javascript/jscomp/WarningsGuard.java <clinit> 52
2021-07-03 12:50:49,670 DEBUG                  - depth 0, hash f9e7db7, HEAD~755
2021-07-03 12:50:49,676 DEBUG    [single line]   com/google/javascript/jscomp/WarningsGuard.java <clinit> 53
2021-07-03 12:50:49,748 DEBUG                  - depth 0, hash 52547e6, HEAD~796
2021-07-03 12:50:49,754 DEBUG    [single line]   com/google/javascript/jscomp/WarningsGuard.java <clinit> 54
2021-07-03 12:50:49,829 DEBUG                  - depth 0, hash 52547e6, HEAD~796
2021-07-03 12:50:49,835 DEBUG    [line range] com/google/javascript/jscomp/WarningsGuard.java <init> 58:60
2021-07-03 12:50:49,907 DEBUG                  - depth 0, hash 52547e6, HEAD~796
2021-07-03 12:50:50,197 DEBUG    [single line]   com/google/javascript/jscomp/parsing/Annotation.java <clinit> 27
2021-07-03 12:50:50,270 DEBUG                  - depth 0, hash 7287c0a, HEAD~1021
2021-07-03 12:50:50,276 DEBUG    [single line]   com/google/javascript/jscomp/parsing/Annotation.java <clinit> 28
2021-07-03 12:50:50,349 DEBUG                  - depth 0, hash 7287c0a, HEAD~1021
2021-07-03 12:50:50,355 DEBUG    [single line]   com/google/javascript/jscomp/parsing/Annotation.java <clinit> 29
2021-07-03 12:50:50,427 DEBUG                  - depth 0, hash 7287c0a, HEAD~1021
2021-07-03 12:50:50,433 DEBUG    [single line]   com/google/javascript/jscomp/parsing/Annotation.java <clinit> 30
2021-07-03 12:50:50,506 DEBUG                  - depth 0, hash 7287c0a, HEAD~1021
2021-07-03 12:50:50,512 DEBUG    [single line]   com/google/javascript/jscomp/parsing/Annotation.java <clinit> 31
2021-07-03 12:50:50,585 DEBUG                  - depth 0, hash 7287c0a, HEAD~1021
2021-07-03 12:50:50,591 DEBUG    [single line]   com/google/javascript/jscomp/parsing/Annotation.java <clinit> 32
2021-07-03 12:50:50,664 DEBUG                  - depth 0, hash 7287c0a, HEAD~1021
2021-07-03 12:50:50,670 DEBUG    [single line]   com/google/javascript/jscomp/parsing/Annotation.java <clinit> 33
2021-07-03 12:50:50,742 DEBUG                  - depth 0, hash 7287c0a, HEAD~1021
2021-07-03 12:50:50,748 DEBUG    [single line]   com/google/javascript/jscomp/parsing/Annotation.java <clinit> 34
2021-07-03 12:50:50,821 DEBUG                  - depth 0, hash 7287c0a, HEAD~1021
2021-07-03 12:50:50,827 DEBUG    [single line]   com/google/javascript/jscomp/parsing/Annotation.java <clinit> 35
2021-07-03 12:50:50,900 DEBUG                  - depth 0, hash 7287c0a, HEAD~1021
2021-07-03 12:50:50,906 DEBUG    [single line]   com/google/javascript/jscomp/parsing/Annotation.java <clinit> 36
2021-07-03 12:50:50,978 DEBUG                  - depth 0, hash 7287c0a, HEAD~1021
2021-07-03 12:50:50,984 DEBUG    [single line]   com/google/javascript/jscomp/parsing/Annotation.java <clinit> 37
2021-07-03 12:50:51,056 DEBUG                  - depth 0, hash 7287c0a, HEAD~1021
2021-07-03 12:50:51,062 DEBUG    [single line]   com/google/javascript/jscomp/parsing/Annotation.java <clinit> 38
2021-07-03 12:50:51,137 DEBUG                  - depth 0, hash 7287c0a, HEAD~1021
2021-07-03 12:50:51,143 DEBUG    [single line]   com/google/javascript/jscomp/parsing/Annotation.java <clinit> 39
2021-07-03 12:50:51,216 DEBUG                  - depth 0, hash 7287c0a, HEAD~1021
2021-07-03 12:50:51,222 DEBUG    [single line]   com/google/javascript/jscomp/parsing/Annotation.java <clinit> 40
2021-07-03 12:50:51,295 DEBUG                  - depth 0, hash 7287c0a, HEAD~1021
2021-07-03 12:50:51,301 DEBUG    [single line]   com/google/javascript/jscomp/parsing/Annotation.java <clinit> 41
2021-07-03 12:50:51,373 DEBUG                  - depth 0, hash 7287c0a, HEAD~1021
2021-07-03 12:50:51,379 DEBUG    [single line]   com/google/javascript/jscomp/parsing/Annotation.java <clinit> 42
2021-07-03 12:50:51,452 DEBUG                  - depth 0, hash 7287c0a, HEAD~1021
2021-07-03 12:50:51,458 DEBUG    [single line]   com/google/javascript/jscomp/parsing/Annotation.java <clinit> 43
2021-07-03 12:50:51,532 DEBUG                  - depth 0, hash 7287c0a, HEAD~1021
2021-07-03 12:50:51,538 DEBUG    [single line]   com/google/javascript/jscomp/parsing/Annotation.java <clinit> 44
2021-07-03 12:50:51,610 DEBUG                  - depth 0, hash 7287c0a, HEAD~1021
2021-07-03 12:50:51,616 DEBUG    [single line]   com/google/javascript/jscomp/parsing/Annotation.java <clinit> 45
2021-07-03 12:50:51,688 DEBUG                  - depth 0, hash 9d72612, HEAD~673
2021-07-03 12:50:51,694 DEBUG    [single line]   com/google/javascript/jscomp/parsing/Annotation.java <clinit> 46
2021-07-03 12:50:51,769 DEBUG                  - depth 0, hash 7287c0a, HEAD~1021
2021-07-03 12:50:51,775 DEBUG    [single line]   com/google/javascript/jscomp/parsing/Annotation.java <clinit> 47
2021-07-03 12:50:51,847 DEBUG                  - depth 0, hash 22775ad, HEAD~737
2021-07-03 12:50:51,853 DEBUG    [single line]   com/google/javascript/jscomp/parsing/Annotation.java <clinit> 48
2021-07-03 12:50:51,925 DEBUG                  - depth 0, hash eb3e25d, HEAD~689
2021-07-03 12:50:51,931 DEBUG    [single line]   com/google/javascript/jscomp/parsing/Annotation.java <clinit> 49
2021-07-03 12:50:52,004 DEBUG                  - depth 0, hash 7287c0a, HEAD~1021
2021-07-03 12:50:52,010 DEBUG    [single line]   com/google/javascript/jscomp/parsing/Annotation.java <clinit> 50
2021-07-03 12:50:52,082 DEBUG                  - depth 0, hash e33e925, HEAD~894
2021-07-03 12:50:52,088 DEBUG    [single line]   com/google/javascript/jscomp/parsing/Annotation.java <clinit> 51
2021-07-03 12:50:52,161 DEBUG                  - depth 0, hash 7287c0a, HEAD~1021
2021-07-03 12:50:52,167 DEBUG    [single line]   com/google/javascript/jscomp/parsing/Annotation.java <clinit> 52
2021-07-03 12:50:52,242 DEBUG                  - depth 0, hash 7287c0a, HEAD~1021
2021-07-03 12:50:52,248 DEBUG    [single line]   com/google/javascript/jscomp/parsing/Annotation.java <clinit> 53
2021-07-03 12:50:52,323 DEBUG                  - depth 0, hash 7287c0a, HEAD~1021
2021-07-03 12:50:52,329 DEBUG    [single line]   com/google/javascript/jscomp/parsing/Annotation.java <clinit> 54
2021-07-03 12:50:52,401 DEBUG                  - depth 0, hash 7287c0a, HEAD~1021
2021-07-03 12:50:52,407 DEBUG    [single line]   com/google/javascript/jscomp/parsing/Annotation.java <clinit> 55
2021-07-03 12:50:52,480 DEBUG                  - depth 0, hash 7287c0a, HEAD~1021
2021-07-03 12:50:52,486 DEBUG    [single line]   com/google/javascript/jscomp/parsing/Annotation.java <clinit> 56
2021-07-03 12:50:52,558 DEBUG                  - depth 0, hash 7287c0a, HEAD~1021
2021-07-03 12:50:52,564 DEBUG    [single line]   com/google/javascript/jscomp/parsing/Annotation.java <clinit> 57
2021-07-03 12:50:52,637 DEBUG                  - depth 0, hash 7287c0a, HEAD~1021
2021-07-03 12:50:52,643 DEBUG    [single line]   com/google/javascript/jscomp/parsing/Annotation.java <clinit> 58
2021-07-03 12:50:52,715 DEBUG                  - depth 0, hash 7287c0a, HEAD~1021
2021-07-03 12:50:52,721 DEBUG    [single line]   com/google/javascript/jscomp/parsing/Annotation.java <clinit> 59
2021-07-03 12:50:52,794 DEBUG                  - depth 0, hash 7287c0a, HEAD~1021
2021-07-03 12:50:52,800 DEBUG    [single line]   com/google/javascript/jscomp/parsing/Annotation.java <clinit> 60
2021-07-03 12:50:52,873 DEBUG                  - depth 0, hash 7287c0a, HEAD~1021
2021-07-03 12:50:52,879 DEBUG    [single line]   com/google/javascript/jscomp/parsing/Annotation.java <clinit> 61
2021-07-03 12:50:52,955 DEBUG                  - depth 0, hash 7287c0a, HEAD~1021
2021-07-03 12:50:52,961 DEBUG    [single line]   com/google/javascript/jscomp/parsing/Annotation.java <clinit> 62
2021-07-03 12:50:53,033 DEBUG                  - depth 0, hash 7287c0a, HEAD~1021
2021-07-03 12:50:53,039 DEBUG    [single line]   com/google/javascript/jscomp/parsing/Annotation.java <clinit> 63
2021-07-03 12:50:53,112 DEBUG                  - depth 0, hash 7287c0a, HEAD~1021
2021-07-03 12:50:53,118 DEBUG    [single line]   com/google/javascript/jscomp/parsing/Annotation.java <clinit> 64
2021-07-03 12:50:53,191 DEBUG                  - depth 0, hash 7287c0a, HEAD~1021
2021-07-03 12:50:53,197 DEBUG    [single line]   com/google/javascript/jscomp/parsing/Annotation.java <clinit> 65
2021-07-03 12:50:53,271 DEBUG                  - depth 0, hash 7287c0a, HEAD~1021
2021-07-03 12:50:53,277 DEBUG    [single line]   com/google/javascript/jscomp/parsing/Annotation.java <clinit> 66
2021-07-03 12:50:53,352 DEBUG                  - depth 0, hash 7287c0a, HEAD~1021
2021-07-03 12:50:53,358 DEBUG    [single line]   com/google/javascript/jscomp/parsing/Annotation.java <clinit> 67
2021-07-03 12:50:53,433 DEBUG                  - depth 0, hash 7287c0a, HEAD~1021
2021-07-03 12:50:53,439 DEBUG    [single line]   com/google/javascript/jscomp/parsing/Annotation.java <clinit> 68
2021-07-03 12:50:53,515 DEBUG                  - depth 0, hash 7287c0a, HEAD~1021
2021-07-03 12:50:53,520 DEBUG    [single line]   com/google/javascript/jscomp/parsing/Annotation.java <clinit> 69
2021-07-03 12:50:53,596 DEBUG                  - depth 0, hash 7287c0a, HEAD~1021
2021-07-03 12:50:53,602 DEBUG    [single line]   com/google/javascript/jscomp/parsing/Annotation.java <clinit> 70
2021-07-03 12:50:53,677 DEBUG                  - depth 0, hash 7287c0a, HEAD~1021
2021-07-03 12:50:53,683 DEBUG    [line range] com/google/javascript/jscomp/parsing/Annotation.java <clinit> 72:121
2021-07-03 12:50:53,758 DEBUG                  - depth 0, hash 9d72612, HEAD~673
2021-07-03 12:50:53,764 DEBUG                  - depth 1, hash eb3e25d, HEAD~689
2021-07-03 12:50:53,768 DEBUG                  - depth 2, hash 22775ad, HEAD~737
2021-07-03 12:50:53,773 DEBUG                  - depth 3, hash e33e925, HEAD~894
2021-07-03 12:50:53,777 DEBUG                  - depth 4, hash 7287c0a, HEAD~1021
2021-07-03 12:50:54,088 DEBUG    [line range] com/google/javascript/jscomp/parsing/Config.java <init> 73:82
2021-07-03 12:50:54,162 DEBUG                  - depth 0, hash 82d3c01, HEAD~307
2021-07-03 12:50:54,168 DEBUG                  - depth 1, hash d381212, HEAD~386
2021-07-03 12:50:54,172 DEBUG                  - depth 2, hash be01040, HEAD~544
2021-07-03 12:50:54,176 DEBUG                  - depth 3, hash 28982c3, HEAD~548
2021-07-03 12:50:54,181 DEBUG                  - depth 4, hash 1c92a54, HEAD~551
2021-07-03 12:50:54,185 DEBUG                  - depth 5, hash 4755483, HEAD~922
2021-07-03 12:50:54,189 DEBUG                  - depth 6, hash c764a46, HEAD~942
2021-07-03 12:50:54,193 DEBUG                  - depth 7, hash b8c52bf, HEAD~1019
2021-07-03 12:50:54,198 DEBUG                  - depth 8, hash 7287c0a, HEAD~1021
2021-07-03 12:50:54,202 DEBUG                  - depth 9, hash 6b49cfd, HEAD~1096
2021-07-03 12:50:54,207 DEBUG    [line range] com/google/javascript/jscomp/parsing/Config.java buildAnnotationNames 88:101
2021-07-03 12:50:54,279 DEBUG                  - depth 0, hash 7287c0a, HEAD~1021
2021-07-03 12:50:54,285 DEBUG    [single line]   com/google/javascript/jscomp/parsing/Config.java <clinit> 32
2021-07-03 12:50:54,357 DEBUG                  - depth 0, hash 82d3c01, HEAD~307
2021-07-03 12:50:54,363 DEBUG    [single line]   com/google/javascript/jscomp/parsing/Config.java <clinit> 33
2021-07-03 12:50:54,435 DEBUG                  - depth 0, hash 82d3c01, HEAD~307
2021-07-03 12:50:54,441 DEBUG    [single line]   com/google/javascript/jscomp/parsing/Config.java <clinit> 34
2021-07-03 12:50:54,512 DEBUG                  - depth 0, hash 82d3c01, HEAD~307
2021-07-03 12:50:54,518 DEBUG    [single line]   com/google/javascript/jscomp/parsing/Config.java <clinit> 35
2021-07-03 12:50:54,591 DEBUG                  - depth 0, hash 82d3c01, HEAD~307
2021-07-03 12:50:55,055 DEBUG    [line range] com/google/javascript/jscomp/parsing/IRFactory.java <clinit> 93:96
2021-07-03 12:50:55,129 DEBUG                  - depth 0, hash 82d3c01, HEAD~307
2021-07-03 12:50:55,135 DEBUG    [line range] com/google/javascript/jscomp/parsing/IRFactory.java <init> 91:91
2021-07-03 12:50:55,215 DEBUG                  - depth 0, hash 847b296, HEAD~1077
2021-07-03 12:50:55,222 DEBUG    [single line]   com/google/javascript/jscomp/parsing/IRFactory.java access$1800 78
2021-07-03 12:50:55,302 DEBUG                  - depth 0, hash 6b49cfd, HEAD~1096
2021-07-03 12:50:55,308 DEBUG    [line range] com/google/javascript/jscomp/parsing/IRFactory.java createTemplateNode 150:155
2021-07-03 12:50:55,389 DEBUG                  - depth 0, hash c1c31ef, HEAD~773
2021-07-03 12:50:55,394 DEBUG                  - depth 1, hash 35d56dd, HEAD~873
2021-07-03 12:50:55,399 DEBUG                  - depth 2, hash 6b49cfd, HEAD~1096
2021-07-03 12:50:55,403 DEBUG    [line range] com/google/javascript/jscomp/parsing/IRFactory.java handleJsDoc 243:253
2021-07-03 12:50:55,487 DEBUG                  - depth 0, hash f957970, HEAD~680
2021-07-03 12:50:55,493 DEBUG                  - depth 1, hash 7287c0a, HEAD~1021
2021-07-03 12:50:55,497 DEBUG                  - depth 2, hash 6b49cfd, HEAD~1096
2021-07-03 12:50:55,501 DEBUG    [line range] com/google/javascript/jscomp/parsing/IRFactory.java justTransform 357:359
2021-07-03 12:50:55,583 DEBUG                  - depth 0, hash 6b49cfd, HEAD~1096
2021-07-03 12:50:55,589 DEBUG    [line range] com/google/javascript/jscomp/parsing/IRFactory.java newNode 1242:1244
2021-07-03 12:50:55,666 DEBUG                  - depth 0, hash 35d56dd, HEAD~873
2021-07-03 12:50:55,672 DEBUG    [line range] com/google/javascript/jscomp/parsing/IRFactory.java newStringNode 1262:1264
2021-07-03 12:50:55,750 DEBUG                  - depth 0, hash 35d56dd, HEAD~873
2021-07-03 12:50:55,756 DEBUG    [line range] com/google/javascript/jscomp/parsing/IRFactory.java newStringNode 1258:1260
2021-07-03 12:50:55,837 DEBUG                  - depth 0, hash 35d56dd, HEAD~873
2021-07-03 12:50:55,843 DEBUG    [line range] com/google/javascript/jscomp/parsing/IRFactory.java position2charno 347:355
2021-07-03 12:50:55,926 DEBUG                  - depth 0, hash 6b49cfd, HEAD~1096
2021-07-03 12:50:55,932 DEBUG    [line range] com/google/javascript/jscomp/parsing/IRFactory.java setFileOverviewJsDoc 181:193
2021-07-03 12:50:56,016 DEBUG                  - depth 0, hash f957970, HEAD~680
2021-07-03 12:50:56,022 DEBUG                  - depth 1, hash 7287c0a, HEAD~1021
2021-07-03 12:50:56,026 DEBUG                  - depth 2, hash 6b49cfd, HEAD~1096
2021-07-03 12:50:56,031 DEBUG    [line range] com/google/javascript/jscomp/parsing/IRFactory.java setSourceInfo 296:313
2021-07-03 12:50:56,114 DEBUG                  - depth 0, hash e4d80a3, HEAD~268
2021-07-03 12:50:56,120 DEBUG                  - depth 1, hash 7287c0a, HEAD~1021
2021-07-03 12:50:56,125 DEBUG                  - depth 2, hash 6b49cfd, HEAD~1096
2021-07-03 12:50:56,129 DEBUG    [line range] com/google/javascript/jscomp/parsing/IRFactory.java transform 255:263
2021-07-03 12:50:56,213 DEBUG                  - depth 0, hash e4d80a3, HEAD~268
2021-07-03 12:50:56,219 DEBUG                  - depth 1, hash f957970, HEAD~680
2021-07-03 12:50:56,224 DEBUG                  - depth 2, hash 7287c0a, HEAD~1021
2021-07-03 12:50:56,228 DEBUG                  - depth 3, hash 6b49cfd, HEAD~1096
2021-07-03 12:50:56,232 DEBUG    [line range] com/google/javascript/jscomp/parsing/IRFactory.java transformTree 157:179
2021-07-03 12:50:56,316 DEBUG                  - depth 0, hash f4a33b6, HEAD~170
2021-07-03 12:50:56,322 DEBUG                  - depth 1, hash f957970, HEAD~680
2021-07-03 12:50:56,327 DEBUG                  - depth 2, hash 7287c0a, HEAD~1021
2021-07-03 12:50:56,331 DEBUG                  - depth 3, hash 6b49cfd, HEAD~1096
2021-07-03 12:50:56,336 DEBUG    [single line]   com/google/javascript/jscomp/parsing/IRFactory.java <init> 361
2021-07-03 12:50:56,419 DEBUG                  - depth 0, hash 6b49cfd, HEAD~1096
2021-07-03 12:50:56,425 DEBUG    [line range] com/google/javascript/jscomp/parsing/IRFactory.java isDirective 458:465
2021-07-03 12:50:56,508 DEBUG                  - depth 0, hash 847b296, HEAD~1077
2021-07-03 12:50:56,514 DEBUG    [line range] com/google/javascript/jscomp/parsing/IRFactory.java isReservedKeyword 724:726
2021-07-03 12:50:56,591 DEBUG                  - depth 0, hash 82d3c01, HEAD~307
2021-07-03 12:50:56,597 DEBUG    [line range] com/google/javascript/jscomp/parsing/IRFactory.java parseDirectives 441:456
2021-07-03 12:50:56,677 DEBUG                  - depth 0, hash 847b296, HEAD~1077
2021-07-03 12:50:56,683 DEBUG    [line range] com/google/javascript/jscomp/parsing/IRFactory.java processAstRoot 422:430
2021-07-03 12:50:56,765 DEBUG                  - depth 0, hash 35d56dd, HEAD~873
2021-07-03 12:50:56,771 DEBUG                  - depth 1, hash 4385971, HEAD~941
2021-07-03 12:50:56,775 DEBUG                  - depth 2, hash 847b296, HEAD~1077
2021-07-03 12:50:56,779 DEBUG                  - depth 3, hash 6b49cfd, HEAD~1096
2021-07-03 12:50:56,784 DEBUG    [line range] com/google/javascript/jscomp/parsing/IRFactory.java processName 702:705
2021-07-03 12:50:56,866 DEBUG                  - depth 0, hash e4d80a3, HEAD~268
2021-07-03 12:50:56,872 DEBUG                  - depth 1, hash 82d3c01, HEAD~307
2021-07-03 12:50:56,877 DEBUG                  - depth 2, hash 6b49cfd, HEAD~1096
2021-07-03 12:50:56,881 DEBUG    [line range] com/google/javascript/jscomp/parsing/IRFactory.java processName 707:719
2021-07-03 12:50:56,965 DEBUG                  - depth 0, hash e4d80a3, HEAD~268
2021-07-03 12:50:56,971 DEBUG                  - depth 1, hash 82d3c01, HEAD~307
2021-07-03 12:50:56,975 DEBUG                  - depth 2, hash 35d56dd, HEAD~873
2021-07-03 12:50:56,980 DEBUG                  - depth 3, hash 6b49cfd, HEAD~1096
2021-07-03 12:50:56,984 DEBUG    [line range] com/google/javascript/jscomp/parsing/IRFactory.java processStringLiteral 837:841
2021-07-03 12:50:57,068 DEBUG                  - depth 0, hash 35d56dd, HEAD~873
2021-07-03 12:50:57,074 DEBUG                  - depth 1, hash 6b49cfd, HEAD~1096
2021-07-03 12:50:57,078 DEBUG    [line range] com/google/javascript/jscomp/parsing/IRFactory.java processVariableDeclaration 962:974
2021-07-03 12:50:57,162 DEBUG                  - depth 0, hash d381212, HEAD~386
2021-07-03 12:50:57,168 DEBUG                  - depth 1, hash 35d56dd, HEAD~873
2021-07-03 12:50:57,172 DEBUG                  - depth 2, hash 6b49cfd, HEAD~1096
2021-07-03 12:50:57,177 DEBUG    [line range] com/google/javascript/jscomp/parsing/IRFactory.java processVariableInitializer 976:984
2021-07-03 12:50:57,260 DEBUG                  - depth 0, hash 6b49cfd, HEAD~1096
2021-07-03 12:50:57,601 DEBUG    [line range] com/google/javascript/jscomp/parsing/ParserRunner.java <clinit> 40:40
2021-07-03 12:50:57,675 DEBUG                  - depth 0, hash 6b49cfd, HEAD~1096
2021-07-03 12:50:57,681 DEBUG    [line range] com/google/javascript/jscomp/parsing/ParserRunner.java createConfig 52:59
2021-07-03 12:50:57,755 DEBUG                  - depth 0, hash 82d3c01, HEAD~307
2021-07-03 12:50:57,761 DEBUG                  - depth 1, hash d381212, HEAD~386
2021-07-03 12:50:57,765 DEBUG                  - depth 2, hash be01040, HEAD~544
2021-07-03 12:50:57,770 DEBUG                  - depth 3, hash 28982c3, HEAD~548
2021-07-03 12:50:57,774 DEBUG                  - depth 4, hash 1c92a54, HEAD~551
2021-07-03 12:50:57,778 DEBUG                  - depth 5, hash 4755483, HEAD~922
2021-07-03 12:50:57,783 DEBUG                  - depth 6, hash c764a46, HEAD~942
2021-07-03 12:50:57,787 DEBUG                  - depth 7, hash b8c52bf, HEAD~1019
2021-07-03 12:50:57,791 DEBUG                  - depth 8, hash 6b49cfd, HEAD~1096
2021-07-03 12:50:57,796 DEBUG    [line range] com/google/javascript/jscomp/parsing/ParserRunner.java extractList 71:78
2021-07-03 12:50:57,869 DEBUG                  - depth 0, hash 4755483, HEAD~922
2021-07-03 12:50:57,875 DEBUG                  - depth 1, hash 6b49cfd, HEAD~1096
2021-07-03 12:50:57,879 DEBUG    [line range] com/google/javascript/jscomp/parsing/ParserRunner.java initResourceConfig 61:69
2021-07-03 12:50:57,953 DEBUG                  - depth 0, hash 4755483, HEAD~922
2021-07-03 12:50:57,959 DEBUG                  - depth 1, hash 6b49cfd, HEAD~1096
2021-07-03 12:50:57,964 DEBUG    [line range] com/google/javascript/jscomp/parsing/ParserRunner.java parse 90:132
2021-07-03 12:50:58,040 DEBUG                  - depth 0, hash e4d80a3, HEAD~268
2021-07-03 12:50:58,045 DEBUG                  - depth 1, hash 82d3c01, HEAD~307
2021-07-03 12:50:58,050 DEBUG                  - depth 2, hash 7fbff50, HEAD~308
2021-07-03 12:50:58,054 DEBUG                  - depth 3, hash b8c52bf, HEAD~1019
2021-07-03 12:50:58,059 DEBUG                  - depth 4, hash 6b49cfd, HEAD~1096
2021-07-03 12:50:58,430 DEBUG    [single line]   com/google/javascript/jscomp/parsing/TypeSafeDispatcher.java <init> 73
2021-07-03 12:50:58,503 DEBUG                  - depth 0, hash 6b49cfd, HEAD~1096
2021-07-03 12:50:58,509 DEBUG    [line range] com/google/javascript/jscomp/parsing/TypeSafeDispatcher.java process 118:282
2021-07-03 12:50:58,583 DEBUG                  - depth 0, hash d381212, HEAD~386
2021-07-03 12:50:58,589 DEBUG                  - depth 1, hash 6b49cfd, HEAD~1096
2021-07-03 12:50:59,010 DEBUG    [line range] com/google/javascript/rhino/Context.java <clinit> 273:273
2021-07-03 12:50:59,085 DEBUG                  - depth 0, hash 6b49cfd, HEAD~1096
2021-07-03 12:50:59,091 DEBUG    [line range] com/google/javascript/rhino/Context.java getCurrentContext 399:401
2021-07-03 12:50:59,166 DEBUG                  - depth 0, hash 6b49cfd, HEAD~1096
2021-07-03 12:50:59,684 DEBUG    [line range] com/google/javascript/rhino/Node.java <init> 369:373
2021-07-03 12:50:59,768 DEBUG                  - depth 0, hash 4385971, HEAD~941
2021-07-03 12:50:59,774 DEBUG                  - depth 1, hash 7efb21a, HEAD~1093
2021-07-03 12:50:59,779 DEBUG                  - depth 2, hash 6b49cfd, HEAD~1096
2021-07-03 12:50:59,783 DEBUG    [line range] com/google/javascript/rhino/Node.java addChildToBack 602:613
2021-07-03 12:50:59,867 DEBUG                  - depth 0, hash 4385971, HEAD~941
2021-07-03 12:50:59,873 DEBUG                  - depth 1, hash 6b49cfd, HEAD~1096
2021-07-03 12:50:59,878 DEBUG    [line range] com/google/javascript/rhino/Node.java clonePropsFrom 756:761
2021-07-03 12:50:59,955 DEBUG                  - depth 0, hash 35d56dd, HEAD~873
2021-07-03 12:50:59,961 DEBUG    [line range] com/google/javascript/rhino/Node.java extractCharno 1188:1194
2021-07-03 12:51:00,045 DEBUG                  - depth 0, hash 4385971, HEAD~941
2021-07-03 12:51:00,051 DEBUG                  - depth 1, hash 6b49cfd, HEAD~1096
2021-07-03 12:51:00,056 DEBUG    [line range] com/google/javascript/rhino/Node.java extractLineno 1176:1182
2021-07-03 12:51:00,140 DEBUG                  - depth 0, hash 4385971, HEAD~941
2021-07-03 12:51:00,146 DEBUG                  - depth 1, hash 6b49cfd, HEAD~1096
2021-07-03 12:51:00,150 DEBUG    [line range] com/google/javascript/rhino/Node.java getCharno 863:865
2021-07-03 12:51:00,235 DEBUG                  - depth 0, hash 4385971, HEAD~941
2021-07-03 12:51:00,241 DEBUG                  - depth 1, hash 6b49cfd, HEAD~1096
2021-07-03 12:51:00,246 DEBUG    [line range] com/google/javascript/rhino/Node.java getChildCount 1360:1366
2021-07-03 12:51:00,331 DEBUG                  - depth 0, hash 4385971, HEAD~941
2021-07-03 12:51:00,337 DEBUG                  - depth 1, hash 6b49cfd, HEAD~1096
2021-07-03 12:51:00,341 DEBUG    [line range] com/google/javascript/rhino/Node.java getFirstChild 548:550
2021-07-03 12:51:00,425 DEBUG                  - depth 0, hash 4385971, HEAD~941
2021-07-03 12:51:00,431 DEBUG                  - depth 1, hash 6b49cfd, HEAD~1096
2021-07-03 12:51:00,435 DEBUG    [line range] com/google/javascript/rhino/Node.java getJSDocInfo 1986:1988
2021-07-03 12:51:00,517 DEBUG                  - depth 0, hash 4385971, HEAD~941
2021-07-03 12:51:00,523 DEBUG                  - depth 1, hash 66485d3, HEAD~1048
2021-07-03 12:51:00,528 DEBUG    [line range] com/google/javascript/rhino/Node.java getJsDocBuilderForNode 1952:1954
2021-07-03 12:51:00,610 DEBUG                  - depth 0, hash 4385971, HEAD~941
2021-07-03 12:51:00,616 DEBUG                  - depth 1, hash 66485d3, HEAD~1048
2021-07-03 12:51:00,620 DEBUG    [line range] com/google/javascript/rhino/Node.java getLastChild 552:554
2021-07-03 12:51:00,703 DEBUG                  - depth 0, hash 4385971, HEAD~941
2021-07-03 12:51:00,709 DEBUG                  - depth 1, hash 6b49cfd, HEAD~1096
2021-07-03 12:51:00,713 DEBUG    [line range] com/google/javascript/rhino/Node.java getLineno 859:861
2021-07-03 12:51:00,796 DEBUG                  - depth 0, hash 4385971, HEAD~941
2021-07-03 12:51:00,802 DEBUG                  - depth 1, hash 6b49cfd, HEAD~1096
2021-07-03 12:51:00,806 DEBUG    [line range] com/google/javascript/rhino/Node.java getNext 556:558
2021-07-03 12:51:00,890 DEBUG                  - depth 0, hash 4385971, HEAD~941
2021-07-03 12:51:00,896 DEBUG                  - depth 1, hash 6b49cfd, HEAD~1096
2021-07-03 12:51:00,900 DEBUG    [line range] com/google/javascript/rhino/Node.java getParent 1282:1284
2021-07-03 12:51:00,982 DEBUG                  - depth 0, hash 4385971, HEAD~941
2021-07-03 12:51:00,988 DEBUG                  - depth 1, hash 45f2bdf, HEAD~1027
2021-07-03 12:51:00,993 DEBUG    [line range] com/google/javascript/rhino/Node.java getProp 792:798
2021-07-03 12:51:01,077 DEBUG                  - depth 0, hash 4385971, HEAD~941
2021-07-03 12:51:01,083 DEBUG                  - depth 1, hash 6b49cfd, HEAD~1096
2021-07-03 12:51:01,088 DEBUG    [line range] com/google/javascript/rhino/Node.java getType 536:538
2021-07-03 12:51:01,170 DEBUG                  - depth 0, hash 4385971, HEAD~941
2021-07-03 12:51:01,176 DEBUG                  - depth 1, hash 6b49cfd, HEAD~1096
2021-07-03 12:51:01,181 DEBUG    [line range] com/google/javascript/rhino/Node.java lookupProperty 740:747
2021-07-03 12:51:01,265 DEBUG                  - depth 0, hash c9e8972, HEAD~890
2021-07-03 12:51:01,271 DEBUG                  - depth 1, hash 4385971, HEAD~941
2021-07-03 12:51:01,275 DEBUG                  - depth 2, hash 6b49cfd, HEAD~1096
2021-07-03 12:51:01,280 DEBUG    [line range] com/google/javascript/rhino/Node.java mergeLineCharNo 1162:1170
2021-07-03 12:51:01,363 DEBUG                  - depth 0, hash 4385971, HEAD~941
2021-07-03 12:51:01,369 DEBUG                  - depth 1, hash 6b49cfd, HEAD~1096
2021-07-03 12:51:01,373 DEBUG    [line range] com/google/javascript/rhino/Node.java newString 524:526
2021-07-03 12:51:01,457 DEBUG                  - depth 0, hash 4385971, HEAD~941
2021-07-03 12:51:01,463 DEBUG                  - depth 1, hash 6b49cfd, HEAD~1096
2021-07-03 12:51:01,468 DEBUG    [line range] com/google/javascript/rhino/Node.java newString 520:522
2021-07-03 12:51:01,551 DEBUG                  - depth 0, hash 4385971, HEAD~941
2021-07-03 12:51:01,557 DEBUG                  - depth 1, hash 6b49cfd, HEAD~1096
2021-07-03 12:51:01,562 DEBUG    [line range] com/google/javascript/rhino/Node.java putBooleanProp 831:833
2021-07-03 12:51:01,645 DEBUG                  - depth 0, hash c9e8972, HEAD~890
2021-07-03 12:51:01,651 DEBUG                  - depth 1, hash 4385971, HEAD~941
2021-07-03 12:51:01,655 DEBUG                  - depth 2, hash 6b49cfd, HEAD~1096
2021-07-03 12:51:01,660 DEBUG    [line range] com/google/javascript/rhino/Node.java putIntProp 835:840
2021-07-03 12:51:01,743 DEBUG                  - depth 0, hash c9e8972, HEAD~890
2021-07-03 12:51:01,749 DEBUG                  - depth 1, hash 4385971, HEAD~941
2021-07-03 12:51:01,753 DEBUG                  - depth 2, hash 6b49cfd, HEAD~1096
2021-07-03 12:51:01,758 DEBUG    [line range] com/google/javascript/rhino/Node.java putProp 824:829
2021-07-03 12:51:01,841 DEBUG                  - depth 0, hash c9e8972, HEAD~890
2021-07-03 12:51:01,847 DEBUG                  - depth 1, hash 4385971, HEAD~941
2021-07-03 12:51:01,852 DEBUG                  - depth 2, hash 6b49cfd, HEAD~1096
2021-07-03 12:51:01,856 DEBUG    [line range] com/google/javascript/rhino/Node.java removeProp 763:768
2021-07-03 12:51:01,939 DEBUG                  - depth 0, hash c9e8972, HEAD~890
2021-07-03 12:51:01,945 DEBUG                  - depth 1, hash 4385971, HEAD~941
2021-07-03 12:51:01,949 DEBUG                  - depth 2, hash 6b49cfd, HEAD~1096
2021-07-03 12:51:01,954 DEBUG    [line range] com/google/javascript/rhino/Node.java removeProp 776:790
2021-07-03 12:51:02,039 DEBUG                  - depth 0, hash c9e8972, HEAD~890
2021-07-03 12:51:02,045 DEBUG                  - depth 1, hash 4385971, HEAD~941
2021-07-03 12:51:02,050 DEBUG                  - depth 2, hash 6b49cfd, HEAD~1096
2021-07-03 12:51:02,054 DEBUG    [line range] com/google/javascript/rhino/Node.java setCharno 1143:1145
2021-07-03 12:51:02,137 DEBUG                  - depth 0, hash 4385971, HEAD~941
2021-07-03 12:51:02,143 DEBUG                  - depth 1, hash 6b49cfd, HEAD~1096
2021-07-03 12:51:02,148 DEBUG    [line range] com/google/javascript/rhino/Node.java setIsSyntheticBlock 2037:2039
2021-07-03 12:51:02,231 DEBUG                  - depth 0, hash 4385971, HEAD~941
2021-07-03 12:51:02,236 DEBUG                  - depth 1, hash 66485d3, HEAD~1048
2021-07-03 12:51:02,241 DEBUG    [line range] com/google/javascript/rhino/Node.java setJSDocInfo 1993:1995
2021-07-03 12:51:02,324 DEBUG                  - depth 0, hash 4385971, HEAD~941
2021-07-03 12:51:02,330 DEBUG                  - depth 1, hash 66485d3, HEAD~1048
2021-07-03 12:51:02,335 DEBUG    [line range] com/google/javascript/rhino/Node.java setLineno 1135:1141
2021-07-03 12:51:02,417 DEBUG                  - depth 0, hash 4385971, HEAD~941
2021-07-03 12:51:02,423 DEBUG                  - depth 1, hash 6b49cfd, HEAD~1096
2021-07-03 12:51:02,428 DEBUG    [single line]   com/google/javascript/rhino/Node.java <init> 1964
2021-07-03 12:51:02,512 DEBUG                  - depth 0, hash 4385971, HEAD~941
2021-07-03 12:51:02,518 DEBUG                  - depth 1, hash 66485d3, HEAD~1048
2021-07-03 12:51:02,522 DEBUG    [line range] com/google/javascript/rhino/Node.java <init> 351:353
2021-07-03 12:51:02,605 DEBUG                  - depth 0, hash c9e8972, HEAD~890
2021-07-03 12:51:02,611 DEBUG                  - depth 1, hash 4385971, HEAD~941
2021-07-03 12:51:02,616 DEBUG                  - depth 2, hash 7efb21a, HEAD~1093
2021-07-03 12:51:02,620 DEBUG                  - depth 3, hash 6b49cfd, HEAD~1096
2021-07-03 12:51:02,624 DEBUG    [line range] com/google/javascript/rhino/Node.java <init> 359:365
2021-07-03 12:51:02,709 DEBUG                  - depth 0, hash c9e8972, HEAD~890
2021-07-03 12:51:02,715 DEBUG                  - depth 1, hash 4385971, HEAD~941
2021-07-03 12:51:02,719 DEBUG                  - depth 2, hash 7efb21a, HEAD~1093
2021-07-03 12:51:02,723 DEBUG                  - depth 3, hash 6b49cfd, HEAD~1096
2021-07-03 12:51:02,728 DEBUG    [line range] com/google/javascript/rhino/Node.java <init> 355:357
2021-07-03 12:51:02,812 DEBUG                  - depth 0, hash c9e8972, HEAD~890
2021-07-03 12:51:02,818 DEBUG                  - depth 1, hash 4385971, HEAD~941
2021-07-03 12:51:02,822 DEBUG                  - depth 2, hash 7efb21a, HEAD~1093
2021-07-03 12:51:02,827 DEBUG                  - depth 3, hash 6b49cfd, HEAD~1096
2021-07-03 12:51:02,831 DEBUG    [line range] com/google/javascript/rhino/Node.java <init> 277:283
2021-07-03 12:51:02,915 DEBUG                  - depth 0, hash 4385971, HEAD~941
2021-07-03 12:51:02,921 DEBUG                  - depth 1, hash 6b49cfd, HEAD~1096
2021-07-03 12:51:02,926 DEBUG    [line range] com/google/javascript/rhino/Node.java getString 297:300
2021-07-03 12:51:03,012 DEBUG                  - depth 0, hash 4385971, HEAD~941
2021-07-03 12:51:03,018 DEBUG                  - depth 1, hash 6b49cfd, HEAD~1096
2021-07-03 12:51:03,440 DEBUG    [line range] com/google/javascript/rhino/ScriptRuntime.java <clinit> 81:82
2021-07-03 12:51:03,541 DEBUG                  - depth 0, hash 6b49cfd, HEAD~1096
2021-07-03 12:51:03,547 DEBUG    [line range] com/google/javascript/rhino/ScriptRuntime.java getMessage 456:483
2021-07-03 12:51:03,620 DEBUG                  - depth 0, hash 6b49cfd, HEAD~1096
2021-07-03 12:51:03,627 DEBUG    [line range] com/google/javascript/rhino/ScriptRuntime.java getMessage0 420:423
2021-07-03 12:51:03,700 DEBUG                  - depth 0, hash 6b49cfd, HEAD~1096
2021-07-03 12:51:04,139 DEBUG    [line range] com/google/javascript/rhino/jstype/JSType.java <clinit> 90:94
2021-07-03 12:51:04,217 DEBUG                  - depth 0, hash 6b49cfd, HEAD~1096
2021-07-03 12:51:04,223 DEBUG    [line range] com/google/javascript/rhino/jstype/JSType.java compare 90:94
2021-07-03 12:51:04,301 DEBUG                  - depth 0, hash 6b49cfd, HEAD~1096
2021-07-03 12:51:04,668 DEBUG    [line range] com/google/javascript/rhino/jstype/ObjectType.java createDelegateSuffix 196:198
2021-07-03 12:51:04,742 DEBUG                  - depth 0, hash 39dde4c, HEAD~656
2021-07-03 12:51:04,748 INFO     The number of BIC candidates: 118
