2021-07-03 12:21:52,535 INFO     Search BICs for /tmp/Closure-57b/
2021-07-03 12:21:52,535 DEBUG    Reading the coverage of com.google.javascript.jscomp.ClosureCodingConventionTest::testRequire (failings)
2021-07-03 12:21:52,704 INFO     Loaded 1x1234 Coverage Matrix
2021-07-03 12:21:52,705 INFO     The number of total commits: 1254
2021-07-03 12:21:53,022 DEBUG    [line range] com/google/javascript/jscomp/AbstractCompiler.java <clinit> 41:42
2021-07-03 12:21:53,105 DEBUG                  - depth 0, hash 3924ff1, HEAD~1236
2021-07-03 12:21:53,111 DEBUG    [single line]   com/google/javascript/jscomp/AbstractCompiler.java <init> 40
2021-07-03 12:21:53,195 DEBUG                  - depth 0, hash 6b49cfd, HEAD~1252
2021-07-03 12:21:53,200 DEBUG    [line range] com/google/javascript/jscomp/AbstractCompiler.java <init> 44:44
2021-07-03 12:21:53,285 DEBUG                  - depth 0, hash 8936be7, HEAD~662
2021-07-03 12:21:53,594 DEBUG    [line range] com/google/javascript/jscomp/AbstractMessageFormatter.java <clinit> 47:51
2021-07-03 12:21:53,676 DEBUG                  - depth 0, hash 6b49cfd, HEAD~1252
2021-07-03 12:21:53,681 DEBUG    [line range] com/google/javascript/jscomp/AbstractMessageFormatter.java <init> 32:34
2021-07-03 12:21:53,765 DEBUG                  - depth 0, hash 6b49cfd, HEAD~1252
2021-07-03 12:21:53,771 DEBUG    [line range] com/google/javascript/jscomp/AbstractMessageFormatter.java setColorize 36:38
2021-07-03 12:21:53,852 DEBUG                  - depth 0, hash 6b49cfd, HEAD~1252
2021-07-03 12:21:54,131 DEBUG    [single line]   com/google/javascript/jscomp/AnonymousFunctionNamingPolicy.java <clinit> 23
2021-07-03 12:21:54,215 DEBUG                  - depth 0, hash 6b49cfd, HEAD~1252
2021-07-03 12:21:54,220 DEBUG    [single line]   com/google/javascript/jscomp/AnonymousFunctionNamingPolicy.java <clinit> 26
2021-07-03 12:21:54,302 DEBUG                  - depth 0, hash 6b49cfd, HEAD~1252
2021-07-03 12:21:54,307 DEBUG    [single line]   com/google/javascript/jscomp/AnonymousFunctionNamingPolicy.java <clinit> 34
2021-07-03 12:21:54,389 DEBUG                  - depth 0, hash 6b49cfd, HEAD~1252
2021-07-03 12:21:54,394 DEBUG    [single line]   com/google/javascript/jscomp/AnonymousFunctionNamingPolicy.java <clinit> 42
2021-07-03 12:21:54,476 DEBUG                  - depth 0, hash 6b49cfd, HEAD~1252
2021-07-03 12:21:54,481 DEBUG    [line range] com/google/javascript/jscomp/AnonymousFunctionNamingPolicy.java <init> 47:49
2021-07-03 12:21:54,563 DEBUG                  - depth 0, hash 6b49cfd, HEAD~1252
2021-07-03 12:21:54,889 DEBUG    [single line]   com/google/javascript/jscomp/BasicErrorManager.java <init> 37
2021-07-03 12:21:54,972 DEBUG                  - depth 0, hash 6b49cfd, HEAD~1252
2021-07-03 12:21:54,977 DEBUG    [line range] com/google/javascript/jscomp/BasicErrorManager.java <init> 38:39
2021-07-03 12:21:55,059 DEBUG                  - depth 0, hash 66485d3, HEAD~1204
2021-07-03 12:21:55,064 DEBUG                  - depth 1, hash 6b49cfd, HEAD~1252
2021-07-03 12:21:55,068 DEBUG    [line range] com/google/javascript/jscomp/BasicErrorManager.java getErrorCount 74:77
2021-07-03 12:21:55,150 DEBUG                  - depth 0, hash 76abdf1, HEAD~41
2021-07-03 12:21:55,155 DEBUG                  - depth 1, hash 6b49cfd, HEAD~1252
2021-07-03 12:21:55,160 DEBUG    [single line]   com/google/javascript/jscomp/BasicErrorManager.java compare 123
2021-07-03 12:21:55,242 DEBUG                  - depth 0, hash 6b49cfd, HEAD~1252
2021-07-03 12:21:55,632 DEBUG    [line range] com/google/javascript/jscomp/CheckAccessControls.java <clinit> 49:51
2021-07-03 12:21:55,717 DEBUG                  - depth 0, hash 6b49cfd, HEAD~1252
2021-07-03 12:21:56,050 DEBUG    [line range] com/google/javascript/jscomp/CheckGlobalNames.java <clinit> 39:41
2021-07-03 12:21:56,132 DEBUG                  - depth 0, hash 6b49cfd, HEAD~1252
2021-07-03 12:21:56,457 DEBUG    [line range] com/google/javascript/jscomp/CheckGlobalThis.java <clinit> 58:60
2021-07-03 12:21:56,540 DEBUG                  - depth 0, hash 6b49cfd, HEAD~1252
2021-07-03 12:21:56,811 DEBUG    [single line]   com/google/javascript/jscomp/CheckLevel.java <clinit> 24
2021-07-03 12:21:56,893 DEBUG                  - depth 0, hash 6b49cfd, HEAD~1252
2021-07-03 12:21:56,899 DEBUG    [single line]   com/google/javascript/jscomp/CheckLevel.java <clinit> 25
2021-07-03 12:21:56,983 DEBUG                  - depth 0, hash 6b49cfd, HEAD~1252
2021-07-03 12:21:56,988 DEBUG    [single line]   com/google/javascript/jscomp/CheckLevel.java <clinit> 26
2021-07-03 12:21:57,070 DEBUG                  - depth 0, hash 6b49cfd, HEAD~1252
2021-07-03 12:21:57,076 DEBUG    [single line]   com/google/javascript/jscomp/CheckLevel.java <clinit> 27
2021-07-03 12:21:57,157 DEBUG                  - depth 0, hash 6b49cfd, HEAD~1252
2021-07-03 12:21:57,162 DEBUG    [line range] com/google/javascript/jscomp/CheckLevel.java isOn 29:31
2021-07-03 12:21:57,245 DEBUG                  - depth 0, hash 6b49cfd, HEAD~1252
2021-07-03 12:21:57,568 DEBUG    [line range] com/google/javascript/jscomp/CheckRegExp.java <clinit> 32:35
2021-07-03 12:21:57,649 DEBUG                  - depth 0, hash cb7f2a3, HEAD~1093
2021-07-03 12:21:57,655 DEBUG                  - depth 1, hash 74a817b, HEAD~1103
2021-07-03 12:21:57,962 DEBUG    [line range] com/google/javascript/jscomp/CheckSideEffects.java <clinit> 37:39
2021-07-03 12:21:58,045 DEBUG                  - depth 0, hash 6b49cfd, HEAD~1252
2021-07-03 12:21:58,353 DEBUG    [line range] com/google/javascript/jscomp/CheckUnreachableCode.java <clinit> 36:37
2021-07-03 12:21:58,436 DEBUG                  - depth 0, hash 6b49cfd, HEAD~1252
2021-07-03 12:21:58,810 DEBUG    [line range] com/google/javascript/jscomp/ClosureCodingConvention.java <clinit> 42:44
2021-07-03 12:21:58,893 DEBUG                  - depth 0, hash 6b49cfd, HEAD~1252
2021-07-03 12:21:58,899 DEBUG    [single line]   com/google/javascript/jscomp/ClosureCodingConvention.java <init> 38
2021-07-03 12:21:58,982 DEBUG                  - depth 0, hash 6b49cfd, HEAD~1252
2021-07-03 12:21:58,988 DEBUG    [line range] com/google/javascript/jscomp/ClosureCodingConvention.java <init> 275:278
2021-07-03 12:21:59,071 DEBUG                  - depth 0, hash 6b49cfd, HEAD~1252
2021-07-03 12:21:59,076 DEBUG    [line range] com/google/javascript/jscomp/ClosureCodingConvention.java extractClassNameIfGoog 188:201
2021-07-03 12:21:59,159 DEBUG                  - depth 0, hash 6b49cfd, HEAD~1252
2021-07-03 12:21:59,165 DEBUG    [line range] com/google/javascript/jscomp/ClosureCodingConvention.java extractClassNameIfRequire 183:186
2021-07-03 12:21:59,248 DEBUG                  - depth 0, hash 6b49cfd, HEAD~1252
2021-07-03 12:21:59,540 DEBUG    [single line]   com/google/javascript/jscomp/CodeChangeHandler.java <init> 35
2021-07-03 12:21:59,622 DEBUG                  - depth 0, hash 6b49cfd, HEAD~1252
2021-07-03 12:21:59,628 DEBUG    [line range] com/google/javascript/jscomp/CodeChangeHandler.java <init> 36:36
2021-07-03 12:21:59,709 DEBUG                  - depth 0, hash 6b49cfd, HEAD~1252
2021-07-03 12:21:59,715 DEBUG    [line range] com/google/javascript/jscomp/CodeChangeHandler.java hasCodeChanged 43:45
2021-07-03 12:21:59,797 DEBUG                  - depth 0, hash 6b49cfd, HEAD~1252
2021-07-03 12:22:00,362 DEBUG    [line range] com/google/javascript/jscomp/Compiler.java <init> 183:185
2021-07-03 12:22:00,478 DEBUG                  - depth 0, hash 6f2539a, HEAD~1132
2021-07-03 12:22:00,484 DEBUG                  - depth 1, hash 6b49cfd, HEAD~1252
2021-07-03 12:22:00,488 DEBUG    [line range] com/google/javascript/jscomp/Compiler.java <init> 81:81
2021-07-03 12:22:00,604 DEBUG                  - depth 0, hash a70a7c5, HEAD~1130
2021-07-03 12:22:00,609 DEBUG                  - depth 1, hash 6f2539a, HEAD~1132
2021-07-03 12:22:00,613 DEBUG                  - depth 2, hash 6b49cfd, HEAD~1252
2021-07-03 12:22:00,618 DEBUG    [line range] com/google/javascript/jscomp/Compiler.java createMessageFormatter 219:222
2021-07-03 12:22:00,734 DEBUG                  - depth 0, hash a70a7c5, HEAD~1130
2021-07-03 12:22:00,739 DEBUG                  - depth 1, hash 6b49cfd, HEAD~1252
2021-07-03 12:22:00,744 DEBUG    [line range] com/google/javascript/jscomp/Compiler.java initOptions 228:291
2021-07-03 12:22:00,859 DEBUG                  - depth 0, hash 49b4ef3, HEAD~51
2021-07-03 12:22:00,864 DEBUG                  - depth 1, hash 9d1fbeb, HEAD~94
2021-07-03 12:22:00,869 DEBUG                  - depth 2, hash 29312d9, HEAD~195
2021-07-03 12:22:00,873 DEBUG                  - depth 3, hash b836418, HEAD~276
2021-07-03 12:22:00,877 DEBUG                  - depth 4, hash 3f8896c, HEAD~281
2021-07-03 12:22:00,881 DEBUG                  - depth 5, hash a2d9c86, HEAD~287
2021-07-03 12:22:00,885 DEBUG                  - depth 6, hash c00a33b, HEAD~406
2021-07-03 12:22:00,889 DEBUG                  - depth 7, hash 1e03ad0, HEAD~411
2021-07-03 12:22:00,893 DEBUG                  - depth 8, hash 8bf67e6, HEAD~412
2021-07-03 12:22:00,898 DEBUG                  - depth 9, hash 5709ec1, HEAD~458
2021-07-03 12:22:00,902 DEBUG                  - depth 10, hash 1004aa6, HEAD~937
2021-07-03 12:22:00,906 DEBUG                  - depth 11, hash a70a7c5, HEAD~1130
2021-07-03 12:22:00,910 DEBUG                  - depth 12, hash 6f2539a, HEAD~1132
2021-07-03 12:22:00,915 DEBUG    [line range] com/google/javascript/jscomp/Compiler.java newTracer 867:874
2021-07-03 12:22:01,035 DEBUG                  - depth 0, hash a70a7c5, HEAD~1130
2021-07-03 12:22:01,040 DEBUG                  - depth 1, hash 6b49cfd, HEAD~1252
2021-07-03 12:22:01,044 DEBUG    [line range] com/google/javascript/jscomp/Compiler.java setErrorManager 209:213
2021-07-03 12:22:01,163 DEBUG                  - depth 0, hash 6b49cfd, HEAD~1252
2021-07-03 12:22:01,169 DEBUG    [line range] com/google/javascript/jscomp/Compiler.java stopTracer 876:881
2021-07-03 12:22:01,283 DEBUG                  - depth 0, hash a70a7c5, HEAD~1130
2021-07-03 12:22:01,289 DEBUG                  - depth 1, hash 6b49cfd, HEAD~1252
2021-07-03 12:22:01,293 DEBUG    [line range] com/google/javascript/jscomp/Compiler.java <clinit> 1743:1751
2021-07-03 12:22:01,412 DEBUG                  - depth 0, hash c628a5a, HEAD~336
2021-07-03 12:22:01,418 DEBUG                  - depth 1, hash 524c758, HEAD~443
2021-07-03 12:22:01,422 DEBUG                  - depth 2, hash be01040, HEAD~700
2021-07-03 12:22:01,426 DEBUG                  - depth 3, hash 6b49cfd, HEAD~1252
2021-07-03 12:22:01,430 DEBUG    [line range] com/google/javascript/jscomp/Compiler.java <init> 776:782
2021-07-03 12:22:01,550 DEBUG                  - depth 0, hash 6b49cfd, HEAD~1252
2021-07-03 12:22:01,906 DEBUG    [line range] com/google/javascript/jscomp/CompilerInput.java <init> 88:90
2021-07-03 12:22:01,989 DEBUG                  - depth 0, hash 6b49cfd, HEAD~1252
2021-07-03 12:22:01,995 DEBUG    [line range] com/google/javascript/jscomp/CompilerInput.java <init> 92:94
2021-07-03 12:22:02,077 DEBUG                  - depth 0, hash 1b8156d, HEAD~20
2021-07-03 12:22:02,083 DEBUG                  - depth 1, hash 9320fec, HEAD~100
2021-07-03 12:22:02,087 DEBUG                  - depth 2, hash 6b49cfd, HEAD~1252
2021-07-03 12:22:02,091 DEBUG    [line range] com/google/javascript/jscomp/CompilerInput.java <init> 54:54
2021-07-03 12:22:02,177 DEBUG                  - depth 0, hash 6b49cfd, HEAD~1252
2021-07-03 12:22:02,183 DEBUG    [line range] com/google/javascript/jscomp/CompilerInput.java <init> 69:71
2021-07-03 12:22:02,266 DEBUG                  - depth 0, hash 1b8156d, HEAD~20
2021-07-03 12:22:02,271 DEBUG                  - depth 1, hash 6b49cfd, HEAD~1252
2021-07-03 12:22:02,276 DEBUG    [line range] com/google/javascript/jscomp/CompilerInput.java getAstRoot 119:128
2021-07-03 12:22:02,358 DEBUG                  - depth 0, hash f203be4, HEAD~24
2021-07-03 12:22:02,364 DEBUG                  - depth 1, hash 6b49cfd, HEAD~1252
2021-07-03 12:22:02,368 DEBUG    [line range] com/google/javascript/jscomp/CompilerInput.java getInputId 97:100
2021-07-03 12:22:02,450 DEBUG                  - depth 0, hash f203be4, HEAD~24
2021-07-03 12:22:02,938 DEBUG    [line range] com/google/javascript/jscomp/CompilerOptions.java <clinit> 1436:1437
2021-07-03 12:22:03,026 DEBUG                  - depth 0, hash 01f3b98, HEAD~380
2021-07-03 12:22:03,031 DEBUG    [line range] com/google/javascript/jscomp/CompilerOptions.java <init> 109:109
2021-07-03 12:22:03,126 DEBUG                  - depth 0, hash 9147da9, HEAD~1081
2021-07-03 12:22:03,131 DEBUG                  - depth 1, hash b29d4a8, HEAD~1090
2021-07-03 12:22:03,138 DEBUG    [line range] com/google/javascript/jscomp/CompilerOptions.java addWarningsGuard 1040:1042
2021-07-03 12:22:03,236 DEBUG                  - depth 0, hash a2d9c86, HEAD~287
2021-07-03 12:22:03,241 DEBUG                  - depth 1, hash 6b49cfd, HEAD~1252
2021-07-03 12:22:03,246 DEBUG    [line range] com/google/javascript/jscomp/CompilerOptions.java disables 1007:1009
2021-07-03 12:22:03,342 DEBUG                  - depth 0, hash a2d9c86, HEAD~287
2021-07-03 12:22:03,347 DEBUG                  - depth 1, hash 915752b, HEAD~1217
2021-07-03 12:22:03,351 DEBUG    [line range] com/google/javascript/jscomp/CompilerOptions.java enables 999:1001
2021-07-03 12:22:03,449 DEBUG                  - depth 0, hash a2d9c86, HEAD~287
2021-07-03 12:22:03,454 DEBUG                  - depth 1, hash 6b49cfd, HEAD~1252
2021-07-03 12:22:03,458 DEBUG    [line range] com/google/javascript/jscomp/CompilerOptions.java getCodingConvention 1165:1167
2021-07-03 12:22:03,555 DEBUG                  - depth 0, hash 6a6ea48, HEAD~1241
2021-07-03 12:22:03,560 DEBUG    [line range] com/google/javascript/jscomp/CompilerOptions.java getLanguageIn 1241:1243
2021-07-03 12:22:03,648 DEBUG                  - depth 0, hash 524c758, HEAD~443
2021-07-03 12:22:03,654 DEBUG    [line range] com/google/javascript/jscomp/CompilerOptions.java getWarningsGuard 1018:1020
2021-07-03 12:22:03,752 DEBUG                  - depth 0, hash 6b49cfd, HEAD~1252
2021-07-03 12:22:03,757 DEBUG    [line range] com/google/javascript/jscomp/CompilerOptions.java setWarningLevel 1014:1016
2021-07-03 12:22:03,854 DEBUG                  - depth 0, hash 6b49cfd, HEAD~1252
2021-07-03 12:22:03,860 DEBUG    [line range] com/google/javascript/jscomp/CompilerOptions.java shouldColorizeErrorOutput 1124:1126
2021-07-03 12:22:03,960 DEBUG                  - depth 0, hash 6b49cfd, HEAD~1252
2021-07-03 12:22:03,966 DEBUG    [single line]   com/google/javascript/jscomp/CompilerOptions.java <init> 1439
2021-07-03 12:22:04,052 DEBUG                  - depth 0, hash 01f3b98, HEAD~380
2021-07-03 12:22:04,058 DEBUG    [single line]   com/google/javascript/jscomp/CompilerOptions.java <init> 1453
2021-07-03 12:22:04,148 DEBUG                  - depth 0, hash 01f3b98, HEAD~380
2021-07-03 12:22:04,154 DEBUG    [line range] com/google/javascript/jscomp/CompilerOptions.java isOn 1355:1357
2021-07-03 12:22:04,255 DEBUG                  - depth 0, hash 6b49cfd, HEAD~1252
2021-07-03 12:22:04,589 DEBUG    [line range] com/google/javascript/jscomp/ComposeWarningsGuard.java <init> 45:45
2021-07-03 12:22:04,671 DEBUG                  - depth 0, hash a6ca7c1, HEAD~409
2021-07-03 12:22:04,677 DEBUG                  - depth 1, hash 52ecbc6, HEAD~1194
2021-07-03 12:22:04,681 DEBUG                  - depth 2, hash 6b49cfd, HEAD~1252
2021-07-03 12:22:04,685 DEBUG    [line range] com/google/javascript/jscomp/ComposeWarningsGuard.java <init> 82:84
2021-07-03 12:22:04,767 DEBUG                  - depth 0, hash 6b49cfd, HEAD~1252
2021-07-03 12:22:04,773 DEBUG    [line range] com/google/javascript/jscomp/ComposeWarningsGuard.java addGuard 86:96
2021-07-03 12:22:04,854 DEBUG                  - depth 0, hash a6ca7c1, HEAD~409
2021-07-03 12:22:04,860 DEBUG                  - depth 1, hash 78eb672, HEAD~727
2021-07-03 12:22:04,864 DEBUG                  - depth 2, hash c72f52d, HEAD~938
2021-07-03 12:22:04,868 DEBUG                  - depth 3, hash 52ecbc6, HEAD~1194
2021-07-03 12:22:04,873 DEBUG                  - depth 4, hash 6b49cfd, HEAD~1252
2021-07-03 12:22:04,877 DEBUG    [line range] com/google/javascript/jscomp/ComposeWarningsGuard.java addGuards 98:102
2021-07-03 12:22:04,959 DEBUG                  - depth 0, hash 6b49cfd, HEAD~1252
2021-07-03 12:22:04,965 DEBUG    [line range] com/google/javascript/jscomp/ComposeWarningsGuard.java disables 115:133
2021-07-03 12:22:05,047 DEBUG                  - depth 0, hash 6b49cfd, HEAD~1252
2021-07-03 12:22:05,052 DEBUG    [line range] com/google/javascript/jscomp/ComposeWarningsGuard.java enables 139:150
2021-07-03 12:22:05,137 DEBUG                  - depth 0, hash c72f52d, HEAD~938
2021-07-03 12:22:05,142 DEBUG                  - depth 1, hash 6b49cfd, HEAD~1252
2021-07-03 12:22:05,147 DEBUG    [line range] com/google/javascript/jscomp/ComposeWarningsGuard.java <init> 56:58
2021-07-03 12:22:05,229 DEBUG                  - depth 0, hash b836418, HEAD~276
2021-07-03 12:22:05,235 DEBUG                  - depth 1, hash 52ecbc6, HEAD~1194
2021-07-03 12:22:05,239 DEBUG                  - depth 2, hash 6b49cfd, HEAD~1252
2021-07-03 12:22:05,243 DEBUG    [single line]   com/google/javascript/jscomp/ComposeWarningsGuard.java <init> 51
2021-07-03 12:22:05,325 DEBUG                  - depth 0, hash b836418, HEAD~276
2021-07-03 12:22:05,331 DEBUG                  - depth 1, hash 52ecbc6, HEAD~1194
2021-07-03 12:22:05,335 DEBUG                  - depth 2, hash 6b49cfd, HEAD~1252
2021-07-03 12:22:05,339 DEBUG    [line range] com/google/javascript/jscomp/ComposeWarningsGuard.java compare 60:71
2021-07-03 12:22:05,421 DEBUG                  - depth 0, hash a6ca7c1, HEAD~409
2021-07-03 12:22:05,427 DEBUG                  - depth 1, hash 52ecbc6, HEAD~1194
2021-07-03 12:22:05,431 DEBUG                  - depth 2, hash 6b49cfd, HEAD~1252
2021-07-03 12:22:05,749 DEBUG    [line range] com/google/javascript/jscomp/ConstCheck.java <clinit> 36:39
2021-07-03 12:22:05,832 DEBUG                  - depth 0, hash 6b49cfd, HEAD~1252
2021-07-03 12:22:06,137 DEBUG    [line range] com/google/javascript/jscomp/ControlStructureCheck.java <clinit> 31:33
2021-07-03 12:22:06,220 DEBUG                  - depth 0, hash 3924ff1, HEAD~1236
2021-07-03 12:22:06,565 DEBUG    [single line]   com/google/javascript/jscomp/DefaultCodingConvention.java <init> 34
2021-07-03 12:22:06,649 DEBUG                  - depth 0, hash 6b49cfd, HEAD~1252
2021-07-03 12:22:06,958 DEBUG    [line range] com/google/javascript/jscomp/DiagnosticGroup.java <clinit> 67:68
2021-07-03 12:22:07,040 DEBUG                  - depth 0, hash 6b49cfd, HEAD~1252
2021-07-03 12:22:07,046 DEBUG    [line range] com/google/javascript/jscomp/DiagnosticGroup.java <init> 61:64
2021-07-03 12:22:07,127 DEBUG                  - depth 0, hash 1868857, HEAD~354
2021-07-03 12:22:07,132 DEBUG                  - depth 1, hash 6b49cfd, HEAD~1252
2021-07-03 12:22:07,137 DEBUG    [line range] com/google/javascript/jscomp/DiagnosticGroup.java <init> 88:97
2021-07-03 12:22:07,221 DEBUG                  - depth 0, hash 1868857, HEAD~354
2021-07-03 12:22:07,226 DEBUG                  - depth 1, hash 6b49cfd, HEAD~1252
2021-07-03 12:22:07,231 DEBUG    [line range] com/google/javascript/jscomp/DiagnosticGroup.java <init> 46:49
2021-07-03 12:22:07,315 DEBUG                  - depth 0, hash 1868857, HEAD~354
2021-07-03 12:22:07,321 DEBUG                  - depth 1, hash 6b49cfd, HEAD~1252
2021-07-03 12:22:07,325 DEBUG    [line range] com/google/javascript/jscomp/DiagnosticGroup.java <init> 54:56
2021-07-03 12:22:07,408 DEBUG                  - depth 0, hash 1868857, HEAD~354
2021-07-03 12:22:07,413 DEBUG    [line range] com/google/javascript/jscomp/DiagnosticGroup.java forType 71:76
2021-07-03 12:22:07,494 DEBUG                  - depth 0, hash 6b49cfd, HEAD~1252
2021-07-03 12:22:07,500 DEBUG    [line range] com/google/javascript/jscomp/DiagnosticGroup.java getTypes 129:131
2021-07-03 12:22:07,581 DEBUG                  - depth 0, hash 6b49cfd, HEAD~1252
2021-07-03 12:22:07,587 DEBUG    [line range] com/google/javascript/jscomp/DiagnosticGroup.java isSubGroup 117:124
2021-07-03 12:22:07,671 DEBUG                  - depth 0, hash 6b49cfd, HEAD~1252
2021-07-03 12:22:07,677 DEBUG    [line range] com/google/javascript/jscomp/DiagnosticGroup.java matches 110:112
2021-07-03 12:22:07,762 DEBUG                  - depth 0, hash 6b49cfd, HEAD~1252
2021-07-03 12:22:08,049 DEBUG    [line range] com/google/javascript/jscomp/DiagnosticGroupWarningsGuard.java <init> 32:36
2021-07-03 12:22:08,131 DEBUG                  - depth 0, hash 6b49cfd, HEAD~1252
2021-07-03 12:22:08,137 DEBUG    [line range] com/google/javascript/jscomp/DiagnosticGroupWarningsGuard.java disables 43:46
2021-07-03 12:22:08,219 DEBUG                  - depth 0, hash 6b49cfd, HEAD~1252
2021-07-03 12:22:08,225 DEBUG    [line range] com/google/javascript/jscomp/DiagnosticGroupWarningsGuard.java enables 48:59
2021-07-03 12:22:08,306 DEBUG                  - depth 0, hash 6b49cfd, HEAD~1252
2021-07-03 12:22:08,638 DEBUG    [line range] com/google/javascript/jscomp/DiagnosticGroups.java <clinit> 33:34
2021-07-03 12:22:08,721 DEBUG                  - depth 0, hash 6b49cfd, HEAD~1252
2021-07-03 12:22:08,728 DEBUG    [line range] com/google/javascript/jscomp/DiagnosticGroups.java <init> 31:31
2021-07-03 12:22:08,810 DEBUG                  - depth 0, hash 07f6f61, HEAD~1123
2021-07-03 12:22:08,816 DEBUG                  - depth 1, hash 845f5ff, HEAD~1234
2021-07-03 12:22:08,820 DEBUG                  - depth 2, hash 6b49cfd, HEAD~1252
2021-07-03 12:22:08,824 DEBUG    [line range] com/google/javascript/jscomp/DiagnosticGroups.java getRegisteredGroups 57:59
2021-07-03 12:22:08,906 DEBUG                  - depth 0, hash 1004aa6, HEAD~937
2021-07-03 12:22:08,912 DEBUG    [line range] com/google/javascript/jscomp/DiagnosticGroups.java registerGroup 49:54
2021-07-03 12:22:08,994 DEBUG                  - depth 0, hash 1868857, HEAD~354
2021-07-03 12:22:08,999 DEBUG    [line range] com/google/javascript/jscomp/DiagnosticGroups.java registerGroup 42:47
2021-07-03 12:22:09,081 DEBUG                  - depth 0, hash 1868857, HEAD~354
2021-07-03 12:22:09,401 DEBUG    [line range] com/google/javascript/jscomp/DiagnosticType.java <init> 97:103
2021-07-03 12:22:09,483 DEBUG                  - depth 0, hash 6b49cfd, HEAD~1252
2021-07-03 12:22:09,488 DEBUG    [line range] com/google/javascript/jscomp/DiagnosticType.java disabled 75:78
2021-07-03 12:22:09,570 DEBUG                  - depth 0, hash 6b49cfd, HEAD~1252
2021-07-03 12:22:09,575 DEBUG    [line range] com/google/javascript/jscomp/DiagnosticType.java equals 113:117
2021-07-03 12:22:09,658 DEBUG                  - depth 0, hash b836418, HEAD~276
2021-07-03 12:22:09,663 DEBUG                  - depth 1, hash 6b49cfd, HEAD~1252
2021-07-03 12:22:09,668 DEBUG    [line range] com/google/javascript/jscomp/DiagnosticType.java error 53:55
2021-07-03 12:22:09,749 DEBUG                  - depth 0, hash 6b49cfd, HEAD~1252
2021-07-03 12:22:09,755 DEBUG    [line range] com/google/javascript/jscomp/DiagnosticType.java hashCode 119:122
2021-07-03 12:22:09,836 DEBUG                  - depth 0, hash b836418, HEAD~276
2021-07-03 12:22:09,842 DEBUG    [line range] com/google/javascript/jscomp/DiagnosticType.java make 88:92
2021-07-03 12:22:09,923 DEBUG                  - depth 0, hash 6b49cfd, HEAD~1252
2021-07-03 12:22:09,929 DEBUG    [line range] com/google/javascript/jscomp/DiagnosticType.java warning 64:66
2021-07-03 12:22:10,013 DEBUG                  - depth 0, hash 6b49cfd, HEAD~1252
2021-07-03 12:22:10,470 DEBUG    [line range] com/google/javascript/jscomp/DisambiguateProperties.java <clinit> 85:88
2021-07-03 12:22:10,558 DEBUG                  - depth 0, hash 41ecd65, HEAD~29
2021-07-03 12:22:10,564 DEBUG                  - depth 1, hash fa45534, HEAD~494
2021-07-03 12:22:10,568 DEBUG                  - depth 2, hash 6b49cfd, HEAD~1252
2021-07-03 12:22:10,850 DEBUG    [single line]   com/google/javascript/jscomp/ErrorFormat.java <clinit> 24
2021-07-03 12:22:10,932 DEBUG                  - depth 0, hash 6b49cfd, HEAD~1252
2021-07-03 12:22:10,937 DEBUG    [single line]   com/google/javascript/jscomp/ErrorFormat.java <clinit> 25
2021-07-03 12:22:11,019 DEBUG                  - depth 0, hash 6b49cfd, HEAD~1252
2021-07-03 12:22:11,024 DEBUG    [single line]   com/google/javascript/jscomp/ErrorFormat.java <clinit> 34
2021-07-03 12:22:11,106 DEBUG                  - depth 0, hash 6b49cfd, HEAD~1252
2021-07-03 12:22:11,112 DEBUG    [single line]   com/google/javascript/jscomp/ErrorFormat.java <clinit> 44
2021-07-03 12:22:11,193 DEBUG                  - depth 0, hash 6b49cfd, HEAD~1252
2021-07-03 12:22:11,199 DEBUG    [single line]   com/google/javascript/jscomp/ErrorFormat.java <clinit> 54
2021-07-03 12:22:11,280 DEBUG                  - depth 0, hash e185090, HEAD~1138
2021-07-03 12:22:11,286 DEBUG    [single line]   com/google/javascript/jscomp/ErrorFormat.java <init> 25
2021-07-03 12:22:11,368 DEBUG                  - depth 0, hash 6b49cfd, HEAD~1252
2021-07-03 12:22:11,373 DEBUG    [single line]   com/google/javascript/jscomp/ErrorFormat.java <init> 34
2021-07-03 12:22:11,455 DEBUG                  - depth 0, hash 6b49cfd, HEAD~1252
2021-07-03 12:22:11,461 DEBUG    [line range] com/google/javascript/jscomp/ErrorFormat.java toFormatter 35:42
2021-07-03 12:22:11,542 DEBUG                  - depth 0, hash 6b49cfd, HEAD~1252
2021-07-03 12:22:11,548 DEBUG    [single line]   com/google/javascript/jscomp/ErrorFormat.java <init> 44
2021-07-03 12:22:11,629 DEBUG                  - depth 0, hash 6b49cfd, HEAD~1252
2021-07-03 12:22:11,635 DEBUG    [single line]   com/google/javascript/jscomp/ErrorFormat.java <init> 54
2021-07-03 12:22:11,717 DEBUG                  - depth 0, hash e185090, HEAD~1138
2021-07-03 12:22:12,123 DEBUG    [line range] com/google/javascript/jscomp/FunctionTypeBuilder.java <clinit> 87:89
2021-07-03 12:22:12,208 DEBUG                  - depth 0, hash 6b49cfd, HEAD~1252
2021-07-03 12:22:12,515 DEBUG    [line range] com/google/javascript/jscomp/JSSourceFile.java <init> 72:75
2021-07-03 12:22:12,597 DEBUG                  - depth 0, hash 6b49cfd, HEAD~1252
2021-07-03 12:22:12,602 DEBUG    [line range] com/google/javascript/jscomp/JSSourceFile.java fromCode 55:57
2021-07-03 12:22:12,684 DEBUG                  - depth 0, hash 6b49cfd, HEAD~1252
2021-07-03 12:22:12,690 DEBUG    [line range] com/google/javascript/jscomp/JSSourceFile.java getCode 77:80
2021-07-03 12:22:12,773 DEBUG                  - depth 0, hash 6b49cfd, HEAD~1252
2021-07-03 12:22:13,095 DEBUG    [line range] com/google/javascript/jscomp/JsAst.java <clinit> 36:36
2021-07-03 12:22:13,177 DEBUG                  - depth 0, hash 6b49cfd, HEAD~1252
2021-07-03 12:22:13,183 DEBUG    [line range] com/google/javascript/jscomp/JsAst.java <init> 44:48
2021-07-03 12:22:13,267 DEBUG                  - depth 0, hash f203be4, HEAD~24
2021-07-03 12:22:13,273 DEBUG                  - depth 1, hash 6b49cfd, HEAD~1252
2021-07-03 12:22:13,277 DEBUG    [line range] com/google/javascript/jscomp/JsAst.java getAstRoot 50:57
2021-07-03 12:22:13,359 DEBUG                  - depth 0, hash f203be4, HEAD~24
2021-07-03 12:22:13,365 DEBUG                  - depth 1, hash 9320fec, HEAD~100
2021-07-03 12:22:13,369 DEBUG                  - depth 2, hash 6b49cfd, HEAD~1252
2021-07-03 12:22:13,373 DEBUG    [line range] com/google/javascript/jscomp/JsAst.java getInputId 68:71
2021-07-03 12:22:13,456 DEBUG                  - depth 0, hash f203be4, HEAD~24
2021-07-03 12:22:13,462 DEBUG                  - depth 1, hash 6b49cfd, HEAD~1252
2021-07-03 12:22:13,466 DEBUG    [line range] com/google/javascript/jscomp/JsAst.java getSourceFile 73:76
2021-07-03 12:22:13,547 DEBUG                  - depth 0, hash f203be4, HEAD~24
2021-07-03 12:22:13,553 DEBUG                  - depth 1, hash 6b49cfd, HEAD~1252
2021-07-03 12:22:13,557 DEBUG    [line range] com/google/javascript/jscomp/JsAst.java parse 84:106
2021-07-03 12:22:13,639 DEBUG                  - depth 0, hash f203be4, HEAD~24
2021-07-03 12:22:13,645 DEBUG                  - depth 1, hash 9320fec, HEAD~100
2021-07-03 12:22:13,649 DEBUG                  - depth 2, hash 9a1ddf5, HEAD~1163
2021-07-03 12:22:13,653 DEBUG                  - depth 3, hash b8c52bf, HEAD~1175
2021-07-03 12:22:13,657 DEBUG                  - depth 4, hash 168bc14, HEAD~1231
2021-07-03 12:22:13,661 DEBUG                  - depth 5, hash 3924ff1, HEAD~1236
2021-07-03 12:22:13,665 DEBUG                  - depth 6, hash 6b49cfd, HEAD~1252
2021-07-03 12:22:13,997 DEBUG    [line range] com/google/javascript/jscomp/LightweightMessageFormatter.java <clinit> 32:33
2021-07-03 12:22:14,079 DEBUG                  - depth 0, hash 6b49cfd, HEAD~1252
2021-07-03 12:22:14,085 DEBUG    [line range] com/google/javascript/jscomp/LightweightMessageFormatter.java <init> 43:45
2021-07-03 12:22:14,167 DEBUG                  - depth 0, hash 6b49cfd, HEAD~1252
2021-07-03 12:22:14,172 DEBUG    [line range] com/google/javascript/jscomp/LightweightMessageFormatter.java <init> 47:52
2021-07-03 12:22:14,256 DEBUG                  - depth 0, hash 030f59d, HEAD~1135
2021-07-03 12:22:14,262 DEBUG                  - depth 1, hash 6b49cfd, HEAD~1252
2021-07-03 12:22:14,266 DEBUG    [single line]   com/google/javascript/jscomp/LightweightMessageFormatter.java <init> 122
2021-07-03 12:22:14,351 DEBUG                  - depth 0, hash 6b49cfd, HEAD~1252
2021-07-03 12:22:14,661 DEBUG    [line range] com/google/javascript/jscomp/LoggerErrorManager.java <init> 37:40
2021-07-03 12:22:14,742 DEBUG                  - depth 0, hash 6b49cfd, HEAD~1252
2021-07-03 12:22:15,135 DEBUG    [line range] com/google/javascript/jscomp/NodeTraversal.java <clinit> 46:47
2021-07-03 12:22:15,218 DEBUG                  - depth 0, hash 6b49cfd, HEAD~1252
2021-07-03 12:22:15,224 DEBUG    [line range] com/google/javascript/jscomp/NodeTraversal.java <init> 203:205
2021-07-03 12:22:15,307 DEBUG                  - depth 0, hash 6b49cfd, HEAD~1252
2021-07-03 12:22:15,313 DEBUG    [line range] com/google/javascript/jscomp/NodeTraversal.java <init> 54:54
2021-07-03 12:22:15,395 DEBUG                  - depth 0, hash 6b49cfd, HEAD~1252
2021-07-03 12:22:15,401 DEBUG    [line range] com/google/javascript/jscomp/NodeTraversal.java getSourceName 629:632
2021-07-03 12:22:15,485 DEBUG                  - depth 0, hash 9320fec, HEAD~100
2021-07-03 12:22:15,490 DEBUG                  - depth 1, hash 6b49cfd, HEAD~1252
2021-07-03 12:22:15,495 DEBUG    [line range] com/google/javascript/jscomp/NodeTraversal.java popScope 558:568
2021-07-03 12:22:15,580 DEBUG                  - depth 0, hash 6b49cfd, HEAD~1252
2021-07-03 12:22:15,586 DEBUG    [line range] com/google/javascript/jscomp/NodeTraversal.java pushScope 538:545
2021-07-03 12:22:15,672 DEBUG                  - depth 0, hash 6b49cfd, HEAD~1252
2021-07-03 12:22:15,678 DEBUG    [line range] com/google/javascript/jscomp/NodeTraversal.java traverse 434:438
2021-07-03 12:22:15,761 DEBUG                  - depth 0, hash 6b49cfd, HEAD~1252
2021-07-03 12:22:15,766 DEBUG    [line range] com/google/javascript/jscomp/NodeTraversal.java traverse 253:264
2021-07-03 12:22:15,849 DEBUG                  - depth 0, hash 1b8156d, HEAD~20
2021-07-03 12:22:15,855 DEBUG                  - depth 1, hash 6b49cfd, HEAD~1252
2021-07-03 12:22:15,859 DEBUG    [line range] com/google/javascript/jscomp/NodeTraversal.java traverseBranch 452:481
2021-07-03 12:22:15,942 DEBUG                  - depth 0, hash 1b8156d, HEAD~20
2021-07-03 12:22:15,948 DEBUG                  - depth 1, hash 6d8fd42, HEAD~882
2021-07-03 12:22:15,952 DEBUG                  - depth 2, hash 6b49cfd, HEAD~1252
2021-07-03 12:22:16,515 DEBUG    [line range] com/google/javascript/jscomp/NodeUtil.java <clinit> 50:50
2021-07-03 12:22:16,604 DEBUG                  - depth 0, hash 41acde3, HEAD~358
2021-07-03 12:22:16,610 DEBUG    [line range] com/google/javascript/jscomp/NodeUtil.java getInputId 2970:2976
2021-07-03 12:22:16,693 DEBUG                  - depth 0, hash 0af94b2, HEAD~21
2021-07-03 12:22:16,699 DEBUG    [line range] com/google/javascript/jscomp/NodeUtil.java isExprCall 1604:1607
2021-07-03 12:22:16,816 DEBUG                  - depth 0, hash 6b49cfd, HEAD~1252
2021-07-03 12:22:16,822 DEBUG    [line range] com/google/javascript/jscomp/NodeUtil.java isGet 1510:1513
2021-07-03 12:22:16,944 DEBUG                  - depth 0, hash 6b49cfd, HEAD~1252
2021-07-03 12:22:16,950 DEBUG    [single line]   com/google/javascript/jscomp/NodeUtil.java apply 1309
2021-07-03 12:22:17,044 DEBUG                  - depth 0, hash 1a7fbd1, HEAD~549
2021-07-03 12:22:17,050 DEBUG    [single line]   com/google/javascript/jscomp/NodeUtil.java apply 2690
2021-07-03 12:22:17,168 DEBUG                  - depth 0, hash b4801b2, HEAD~1058
2021-07-03 12:22:17,174 DEBUG                  - depth 1, hash 6b49cfd, HEAD~1252
2021-07-03 12:22:17,178 DEBUG    [single line]   com/google/javascript/jscomp/NodeUtil.java apply 1371
2021-07-03 12:22:17,273 DEBUG                  - depth 0, hash 1a7fbd1, HEAD~549
2021-07-03 12:22:17,278 DEBUG    [single line]   com/google/javascript/jscomp/NodeUtil.java apply 1256
2021-07-03 12:22:17,371 DEBUG                  - depth 0, hash 1a7fbd1, HEAD~549
2021-07-03 12:22:17,676 DEBUG    [line range] com/google/javascript/jscomp/PassFactory.java <init> 35:35
2021-07-03 12:22:17,759 DEBUG                  - depth 0, hash 6b49cfd, HEAD~1252
2021-07-03 12:22:18,107 DEBUG    [line range] com/google/javascript/jscomp/PrepareAst.java <init> 40:42
2021-07-03 12:22:18,191 DEBUG                  - depth 0, hash 9a1ddf5, HEAD~1163
2021-07-03 12:22:18,196 DEBUG    [line range] com/google/javascript/jscomp/PrepareAst.java <init> 44:47
2021-07-03 12:22:18,278 DEBUG                  - depth 0, hash e829daf, HEAD~1048
2021-07-03 12:22:18,284 DEBUG                  - depth 1, hash 9a1ddf5, HEAD~1163
2021-07-03 12:22:18,288 DEBUG    [line range] com/google/javascript/jscomp/PrepareAst.java process 55:73
2021-07-03 12:22:18,370 DEBUG                  - depth 0, hash 52547e6, HEAD~952
2021-07-03 12:22:18,376 DEBUG                  - depth 1, hash e829daf, HEAD~1048
2021-07-03 12:22:18,380 DEBUG                  - depth 2, hash 4581182, HEAD~1122
2021-07-03 12:22:18,384 DEBUG                  - depth 3, hash 9a1ddf5, HEAD~1163
2021-07-03 12:22:18,389 DEBUG    [line range] com/google/javascript/jscomp/PrepareAst.java annotateCalls 175:191
2021-07-03 12:22:18,470 DEBUG                  - depth 0, hash d7e85b0, HEAD~1012
2021-07-03 12:22:18,476 DEBUG    [line range] com/google/javascript/jscomp/PrepareAst.java shouldTraverse 140:146
2021-07-03 12:22:18,559 DEBUG                  - depth 0, hash 24b7eb9, HEAD~751
2021-07-03 12:22:18,565 DEBUG    [line range] com/google/javascript/jscomp/PrepareAst.java visit 148:160
2021-07-03 12:22:18,646 DEBUG                  - depth 0, hash 24b7eb9, HEAD~751
2021-07-03 12:22:18,652 DEBUG                  - depth 1, hash f93cdf9, HEAD~869
2021-07-03 12:22:18,656 DEBUG                  - depth 2, hash d7e85b0, HEAD~1012
2021-07-03 12:22:19,036 DEBUG    [line range] com/google/javascript/jscomp/ProcessDefines.java <clinit> 54:55
2021-07-03 12:22:19,120 DEBUG                  - depth 0, hash 6b49cfd, HEAD~1252
2021-07-03 12:22:19,515 DEBUG    [line range] com/google/javascript/jscomp/ProcessTweaks.java <clinit> 55:56
2021-07-03 12:22:19,597 DEBUG                  - depth 0, hash 534a679, HEAD~633
2021-07-03 12:22:19,604 DEBUG    [line range] com/google/javascript/jscomp/ProcessTweaks.java <init> 122:124
2021-07-03 12:22:19,686 DEBUG                  - depth 0, hash 534a679, HEAD~633
2021-07-03 12:22:19,692 DEBUG    [line range] com/google/javascript/jscomp/ProcessTweaks.java <init> 136:138
2021-07-03 12:22:19,774 DEBUG                  - depth 0, hash 534a679, HEAD~633
2021-07-03 12:22:19,780 DEBUG    [line range] com/google/javascript/jscomp/ProcessTweaks.java <init> 126:129
2021-07-03 12:22:19,862 DEBUG                  - depth 0, hash 534a679, HEAD~633
2021-07-03 12:22:19,868 DEBUG    [line range] com/google/javascript/jscomp/ProcessTweaks.java <init> 131:134
2021-07-03 12:22:19,949 DEBUG                  - depth 0, hash 534a679, HEAD~633
2021-07-03 12:22:19,955 DEBUG    [line range] com/google/javascript/jscomp/ProcessTweaks.java <init> 140:148
2021-07-03 12:22:20,040 DEBUG                  - depth 0, hash 534a679, HEAD~633
2021-07-03 12:22:20,046 DEBUG    [line range] com/google/javascript/jscomp/ProcessTweaks.java getName 163:165
2021-07-03 12:22:20,128 DEBUG                  - depth 0, hash 534a679, HEAD~633
2021-07-03 12:22:20,390 DEBUG    [single line]   com/google/javascript/jscomp/PropertyRenamingPolicy.java <clinit> 22
2021-07-03 12:22:20,471 DEBUG                  - depth 0, hash 6b49cfd, HEAD~1252
2021-07-03 12:22:20,477 DEBUG    [single line]   com/google/javascript/jscomp/PropertyRenamingPolicy.java <clinit> 26
2021-07-03 12:22:20,558 DEBUG                  - depth 0, hash 6b49cfd, HEAD~1252
2021-07-03 12:22:20,564 DEBUG    [single line]   com/google/javascript/jscomp/PropertyRenamingPolicy.java <clinit> 32
2021-07-03 12:22:20,646 DEBUG                  - depth 0, hash 6b49cfd, HEAD~1252
2021-07-03 12:22:20,652 DEBUG    [single line]   com/google/javascript/jscomp/PropertyRenamingPolicy.java <clinit> 38
2021-07-03 12:22:20,733 DEBUG                  - depth 0, hash 6b49cfd, HEAD~1252
2021-07-03 12:22:20,739 DEBUG    [single line]   com/google/javascript/jscomp/PropertyRenamingPolicy.java <clinit> 46
2021-07-03 12:22:20,820 DEBUG                  - depth 0, hash 6b49cfd, HEAD~1252
2021-07-03 12:22:20,826 DEBUG    [single line]   com/google/javascript/jscomp/PropertyRenamingPolicy.java <clinit> 49
2021-07-03 12:22:20,908 DEBUG                  - depth 0, hash 6b49cfd, HEAD~1252
2021-07-03 12:22:21,246 DEBUG    [line range] com/google/javascript/jscomp/RhinoErrorReporter.java <clinit> 35:36
2021-07-03 12:22:21,329 DEBUG                  - depth 0, hash 6b49cfd, HEAD~1252
2021-07-03 12:22:21,335 DEBUG    [line range] com/google/javascript/jscomp/RhinoErrorReporter.java <init> 73:101
2021-07-03 12:22:21,416 DEBUG                  - depth 0, hash 5709ec1, HEAD~458
2021-07-03 12:22:21,422 DEBUG                  - depth 1, hash fe64e87, HEAD~1242
2021-07-03 12:22:21,427 DEBUG                  - depth 2, hash 6b49cfd, HEAD~1252
2021-07-03 12:22:21,431 DEBUG    [single line]   com/google/javascript/jscomp/RhinoErrorReporter.java <init> 33
2021-07-03 12:22:21,512 DEBUG                  - depth 0, hash 6b49cfd, HEAD~1252
2021-07-03 12:22:21,518 DEBUG    [line range] com/google/javascript/jscomp/RhinoErrorReporter.java forNewRhino 103:106
2021-07-03 12:22:21,599 DEBUG                  - depth 0, hash 6b49cfd, HEAD~1252
2021-07-03 12:22:21,605 DEBUG    [line range] com/google/javascript/jscomp/RhinoErrorReporter.java forOldRhino 108:110
2021-07-03 12:22:21,687 DEBUG                  - depth 0, hash 6b49cfd, HEAD~1252
2021-07-03 12:22:21,693 DEBUG    [line range] com/google/javascript/jscomp/RhinoErrorReporter.java replacePlaceHolders 68:71
2021-07-03 12:22:21,774 DEBUG                  - depth 0, hash 5709ec1, HEAD~458
2021-07-03 12:22:21,780 DEBUG                  - depth 1, hash 6b49cfd, HEAD~1252
2021-07-03 12:22:21,784 DEBUG    [single line]   com/google/javascript/jscomp/RhinoErrorReporter.java <init> 155
2021-07-03 12:22:21,866 DEBUG                  - depth 0, hash 6b49cfd, HEAD~1252
2021-07-03 12:22:21,872 DEBUG    [single line]   com/google/javascript/jscomp/RhinoErrorReporter.java <init> 140
2021-07-03 12:22:21,953 DEBUG                  - depth 0, hash 6b49cfd, HEAD~1252
2021-07-03 12:22:22,237 DEBUG    [single line]   com/google/javascript/jscomp/SourceExcerptProvider.java <clinit> 28
2021-07-03 12:22:22,319 DEBUG                  - depth 0, hash 6b49cfd, HEAD~1252
2021-07-03 12:22:22,325 DEBUG    [single line]   com/google/javascript/jscomp/SourceExcerptProvider.java <clinit> 32
2021-07-03 12:22:22,407 DEBUG                  - depth 0, hash 6b49cfd, HEAD~1252
2021-07-03 12:22:22,412 DEBUG    [single line]   com/google/javascript/jscomp/SourceExcerptProvider.java <clinit> 43
2021-07-03 12:22:22,496 DEBUG                  - depth 0, hash 6b49cfd, HEAD~1252
2021-07-03 12:22:22,502 DEBUG    [single line]   com/google/javascript/jscomp/SourceExcerptProvider.java <init> 32
2021-07-03 12:22:22,583 DEBUG                  - depth 0, hash 6b49cfd, HEAD~1252
2021-07-03 12:22:22,589 DEBUG    [single line]   com/google/javascript/jscomp/SourceExcerptProvider.java <init> 43
2021-07-03 12:22:22,672 DEBUG                  - depth 0, hash 6b49cfd, HEAD~1252
2021-07-03 12:22:23,035 DEBUG    [line range] com/google/javascript/jscomp/SourceFile.java <init> 59:59
2021-07-03 12:22:23,117 DEBUG                  - depth 0, hash 9320fec, HEAD~100
2021-07-03 12:22:23,123 DEBUG    [single line]   com/google/javascript/jscomp/SourceFile.java access$000 42
2021-07-03 12:22:23,205 DEBUG                  - depth 0, hash 9320fec, HEAD~100
2021-07-03 12:22:23,211 DEBUG                  - depth 1, hash 6b49cfd, HEAD~1252
2021-07-03 12:22:23,215 DEBUG    [line range] com/google/javascript/jscomp/SourceFile.java fromCode 314:316
2021-07-03 12:22:23,300 DEBUG                  - depth 0, hash 6b49cfd, HEAD~1252
2021-07-03 12:22:23,306 DEBUG    [line range] com/google/javascript/jscomp/SourceFile.java getCode 139:141
2021-07-03 12:22:23,391 DEBUG                  - depth 0, hash 6b49cfd, HEAD~1252
2021-07-03 12:22:23,397 DEBUG    [line range] com/google/javascript/jscomp/SourceFile.java getName 181:184
2021-07-03 12:22:23,482 DEBUG                  - depth 0, hash 9320fec, HEAD~100
2021-07-03 12:22:23,487 DEBUG                  - depth 1, hash 6b49cfd, HEAD~1252
2021-07-03 12:22:23,492 DEBUG    [line range] com/google/javascript/jscomp/SourceFile.java setCode 155:157
2021-07-03 12:22:23,574 DEBUG                  - depth 0, hash 6b49cfd, HEAD~1252
2021-07-03 12:22:23,580 DEBUG    [line range] com/google/javascript/jscomp/SourceFile.java setIsExtern 193:195
2021-07-03 12:22:23,660 DEBUG                  - depth 0, hash 9320fec, HEAD~100
2021-07-03 12:22:23,666 DEBUG    [line range] com/google/javascript/jscomp/SourceFile.java setOriginalPath 163:165
2021-07-03 12:22:23,748 DEBUG                  - depth 0, hash 7bfdbd9, HEAD~1145
2021-07-03 12:22:23,754 DEBUG    [line range] com/google/javascript/jscomp/SourceFile.java <init> 355:357
2021-07-03 12:22:23,836 DEBUG                  - depth 0, hash 7bfdbd9, HEAD~1145
2021-07-03 12:22:23,842 DEBUG                  - depth 1, hash 6b49cfd, HEAD~1252
2021-07-03 12:22:23,846 DEBUG    [line range] com/google/javascript/jscomp/SourceFile.java <init> 359:363
2021-07-03 12:22:23,929 DEBUG                  - depth 0, hash 7bfdbd9, HEAD~1145
2021-07-03 12:22:23,935 DEBUG                  - depth 1, hash 6b49cfd, HEAD~1252
2021-07-03 12:22:24,267 DEBUG    [single line]   com/google/javascript/jscomp/SourceMap.java <clinit> 74
2021-07-03 12:22:24,351 DEBUG                  - depth 0, hash 817b76b, HEAD~518
2021-07-03 12:22:24,356 DEBUG                  - depth 1, hash 1146205, HEAD~955
2021-07-03 12:22:24,361 DEBUG    [single line]   com/google/javascript/jscomp/SourceMap.java <clinit> 77
2021-07-03 12:22:24,444 DEBUG                  - depth 0, hash 1146205, HEAD~955
2021-07-03 12:22:24,450 DEBUG    [single line]   com/google/javascript/jscomp/SourceMap.java <clinit> 84
2021-07-03 12:22:24,532 DEBUG                  - depth 0, hash 1146205, HEAD~955
2021-07-03 12:22:24,538 DEBUG    [single line]   com/google/javascript/jscomp/SourceMap.java apply 77
2021-07-03 12:22:24,621 DEBUG                  - depth 0, hash 1146205, HEAD~955
2021-07-03 12:22:24,627 DEBUG    [single line]   com/google/javascript/jscomp/SourceMap.java apply 84
2021-07-03 12:22:24,710 DEBUG                  - depth 0, hash 1146205, HEAD~955
2021-07-03 12:22:24,716 DEBUG    [single line]   com/google/javascript/jscomp/SourceMap.java <clinit> 43
2021-07-03 12:22:24,800 DEBUG                  - depth 0, hash 817b76b, HEAD~518
2021-07-03 12:22:24,806 DEBUG                  - depth 1, hash 64857ce, HEAD~910
2021-07-03 12:22:24,810 DEBUG                  - depth 2, hash f86b892, HEAD~1015
2021-07-03 12:22:24,814 DEBUG                  - depth 3, hash 6b49cfd, HEAD~1252
2021-07-03 12:22:24,818 DEBUG    [single line]   com/google/javascript/jscomp/SourceMap.java <clinit> 44
2021-07-03 12:22:24,902 DEBUG                  - depth 0, hash b0f4615, HEAD~311
2021-07-03 12:22:24,908 DEBUG                  - depth 1, hash 64857ce, HEAD~910
2021-07-03 12:22:24,912 DEBUG                  - depth 2, hash f86b892, HEAD~1015
2021-07-03 12:22:24,916 DEBUG                  - depth 3, hash 6b49cfd, HEAD~1252
2021-07-03 12:22:24,921 DEBUG    [single line]   com/google/javascript/jscomp/SourceMap.java <clinit> 50
2021-07-03 12:22:25,003 DEBUG                  - depth 0, hash a1c49b1, HEAD~385
2021-07-03 12:22:25,009 DEBUG    [single line]   com/google/javascript/jscomp/SourceMap.java <clinit> 56
2021-07-03 12:22:25,093 DEBUG                  - depth 0, hash b0f4615, HEAD~311
2021-07-03 12:22:25,099 DEBUG                  - depth 1, hash 64857ce, HEAD~910
2021-07-03 12:22:25,103 DEBUG                  - depth 2, hash f86b892, HEAD~1015
2021-07-03 12:22:25,108 DEBUG                  - depth 3, hash 6b49cfd, HEAD~1252
2021-07-03 12:22:25,112 DEBUG    [single line]   com/google/javascript/jscomp/SourceMap.java <clinit> 62
2021-07-03 12:22:25,199 DEBUG                  - depth 0, hash ef2dd6e, HEAD~304
2021-07-03 12:22:25,205 DEBUG                  - depth 1, hash 64857ce, HEAD~910
2021-07-03 12:22:25,209 DEBUG                  - depth 2, hash f86b892, HEAD~1015
2021-07-03 12:22:25,214 DEBUG                  - depth 3, hash 6b49cfd, HEAD~1252
2021-07-03 12:22:25,218 DEBUG    [single line]   com/google/javascript/jscomp/SourceMap.java <init> 44
2021-07-03 12:22:25,303 DEBUG                  - depth 0, hash b0f4615, HEAD~311
2021-07-03 12:22:25,309 DEBUG                  - depth 1, hash 64857ce, HEAD~910
2021-07-03 12:22:25,313 DEBUG                  - depth 2, hash f86b892, HEAD~1015
2021-07-03 12:22:25,317 DEBUG                  - depth 3, hash 6b49cfd, HEAD~1252
2021-07-03 12:22:25,322 DEBUG    [single line]   com/google/javascript/jscomp/SourceMap.java <init> 50
2021-07-03 12:22:25,406 DEBUG                  - depth 0, hash a1c49b1, HEAD~385
2021-07-03 12:22:25,412 DEBUG    [single line]   com/google/javascript/jscomp/SourceMap.java <init> 56
2021-07-03 12:22:25,496 DEBUG                  - depth 0, hash b0f4615, HEAD~311
2021-07-03 12:22:25,502 DEBUG                  - depth 1, hash 64857ce, HEAD~910
2021-07-03 12:22:25,506 DEBUG                  - depth 2, hash f86b892, HEAD~1015
2021-07-03 12:22:25,510 DEBUG                  - depth 3, hash 6b49cfd, HEAD~1252
2021-07-03 12:22:25,515 DEBUG    [single line]   com/google/javascript/jscomp/SourceMap.java <init> 62
2021-07-03 12:22:25,599 DEBUG                  - depth 0, hash ef2dd6e, HEAD~304
2021-07-03 12:22:25,605 DEBUG                  - depth 1, hash 64857ce, HEAD~910
2021-07-03 12:22:25,609 DEBUG                  - depth 2, hash f86b892, HEAD~1015
2021-07-03 12:22:25,614 DEBUG                  - depth 3, hash 6b49cfd, HEAD~1252
2021-07-03 12:22:25,951 DEBUG    [line range] com/google/javascript/jscomp/StrictModeCheck.java <clinit> 40:41
2021-07-03 12:22:26,034 DEBUG                  - depth 0, hash 9d1fbeb, HEAD~94
2021-07-03 12:22:26,040 DEBUG                  - depth 1, hash 6b49cfd, HEAD~1252
2021-07-03 12:22:26,340 DEBUG    [line range] com/google/javascript/jscomp/SuppressDocWarningsGuard.java <init> 34:35
2021-07-03 12:22:26,422 DEBUG                  - depth 0, hash 52547e6, HEAD~952
2021-07-03 12:22:26,428 DEBUG    [line range] com/google/javascript/jscomp/SuppressDocWarningsGuard.java getPriority 90:95
2021-07-03 12:22:26,510 DEBUG                  - depth 0, hash 52547e6, HEAD~952
2021-07-03 12:22:26,869 DEBUG    [line range] com/google/javascript/jscomp/SyntacticScopeCreator.java <clinit> 43:46
2021-07-03 12:22:26,952 DEBUG                  - depth 0, hash 6b49cfd, HEAD~1252
2021-07-03 12:22:26,958 DEBUG    [line range] com/google/javascript/jscomp/SyntacticScopeCreator.java <init> 56:59
2021-07-03 12:22:27,040 DEBUG                  - depth 0, hash 6b49cfd, HEAD~1252
2021-07-03 12:22:27,046 DEBUG    [single line]   com/google/javascript/jscomp/SyntacticScopeCreator.java <init> 191
2021-07-03 12:22:27,129 DEBUG                  - depth 0, hash 6b49cfd, HEAD~1252
2021-07-03 12:22:27,557 DEBUG    [line range] com/google/javascript/jscomp/Tracer.java <clinit> 163:164
2021-07-03 12:22:27,642 DEBUG                  - depth 0, hash 086aeab, HEAD~1169
2021-07-03 12:22:27,648 DEBUG    [line range] com/google/javascript/jscomp/Tracer.java <init> 235:278
2021-07-03 12:22:27,732 DEBUG                  - depth 0, hash 086aeab, HEAD~1169
2021-07-03 12:22:27,738 DEBUG    [line range] com/google/javascript/jscomp/Tracer.java getThreadTrace 958:966
2021-07-03 12:22:27,822 DEBUG                  - depth 0, hash 086aeab, HEAD~1169
2021-07-03 12:22:27,828 DEBUG    [line range] com/google/javascript/jscomp/Tracer.java stop 440:442
2021-07-03 12:22:27,912 DEBUG                  - depth 0, hash 086aeab, HEAD~1169
2021-07-03 12:22:27,918 DEBUG    [line range] com/google/javascript/jscomp/Tracer.java stop 407:434
2021-07-03 12:22:28,001 DEBUG                  - depth 0, hash a2715a5, HEAD~441
2021-07-03 12:22:28,007 DEBUG                  - depth 1, hash 086aeab, HEAD~1169
2021-07-03 12:22:28,012 DEBUG    [line range] com/google/javascript/jscomp/Tracer.java <init> 221:226
2021-07-03 12:22:28,095 DEBUG                  - depth 0, hash 76abdf1, HEAD~41
2021-07-03 12:22:28,101 DEBUG                  - depth 1, hash 086aeab, HEAD~1169
2021-07-03 12:22:28,106 DEBUG    [line range] com/google/javascript/jscomp/Tracer.java currentTimeMillis 221:226
2021-07-03 12:22:28,190 DEBUG                  - depth 0, hash 76abdf1, HEAD~41
2021-07-03 12:22:28,196 DEBUG                  - depth 1, hash 086aeab, HEAD~1169
2021-07-03 12:22:28,201 DEBUG    [single line]   com/google/javascript/jscomp/Tracer.java access$1000 540
2021-07-03 12:22:28,284 DEBUG                  - depth 0, hash 086aeab, HEAD~1169
2021-07-03 12:22:28,291 DEBUG    [line range] com/google/javascript/jscomp/Tracer.java isInitialized 745:747
2021-07-03 12:22:28,374 DEBUG                  - depth 0, hash 086aeab, HEAD~1169
2021-07-03 12:22:28,866 DEBUG    [line range] com/google/javascript/jscomp/TypeCheck.java <clinit> 59:61
2021-07-03 12:22:28,965 DEBUG                  - depth 0, hash 6b49cfd, HEAD~1252
2021-07-03 12:22:29,377 DEBUG    [line range] com/google/javascript/jscomp/TypeValidator.java <clinit> 79:83
2021-07-03 12:22:29,462 DEBUG                  - depth 0, hash 6b49cfd, HEAD~1252
2021-07-03 12:22:29,944 DEBUG    [line range] com/google/javascript/jscomp/TypedScopeCreator.java <clinit> 95:96
2021-07-03 12:22:30,037 DEBUG                  - depth 0, hash 39dde4c, HEAD~812
2021-07-03 12:22:30,043 DEBUG                  - depth 1, hash 192a606, HEAD~1010
2021-07-03 12:22:30,403 DEBUG    [line range] com/google/javascript/jscomp/VarCheck.java <clinit> 39:41
2021-07-03 12:22:30,488 DEBUG                  - depth 0, hash 792e37c, HEAD~71
2021-07-03 12:22:30,494 DEBUG                  - depth 1, hash 6b49cfd, HEAD~1252
2021-07-03 12:22:30,848 DEBUG    [line range] com/google/javascript/jscomp/VariableReferenceCheck.java <clinit> 42:44
2021-07-03 12:22:30,931 DEBUG                  - depth 0, hash 6b49cfd, HEAD~1252
2021-07-03 12:22:31,197 DEBUG    [single line]   com/google/javascript/jscomp/VariableRenamingPolicy.java <clinit> 22
2021-07-03 12:22:31,279 DEBUG                  - depth 0, hash 6b49cfd, HEAD~1252
2021-07-03 12:22:31,285 DEBUG    [single line]   com/google/javascript/jscomp/VariableRenamingPolicy.java <clinit> 26
2021-07-03 12:22:31,366 DEBUG                  - depth 0, hash 6b49cfd, HEAD~1252
2021-07-03 12:22:31,372 DEBUG    [single line]   com/google/javascript/jscomp/VariableRenamingPolicy.java <clinit> 31
2021-07-03 12:22:31,454 DEBUG                  - depth 0, hash 6b49cfd, HEAD~1252
2021-07-03 12:22:31,460 DEBUG    [single line]   com/google/javascript/jscomp/VariableRenamingPolicy.java <clinit> 36
2021-07-03 12:22:31,541 DEBUG                  - depth 0, hash 6b49cfd, HEAD~1252
2021-07-03 12:22:31,547 DEBUG    [single line]   com/google/javascript/jscomp/VariableRenamingPolicy.java <clinit> 39
2021-07-03 12:22:31,629 DEBUG                  - depth 0, hash 6b49cfd, HEAD~1252
2021-07-03 12:22:31,914 DEBUG    [single line]   com/google/javascript/jscomp/WarningsGuard.java <init> 45
2021-07-03 12:22:31,995 DEBUG                  - depth 0, hash b836418, HEAD~276
2021-07-03 12:22:32,001 DEBUG                  - depth 1, hash 6b49cfd, HEAD~1252
2021-07-03 12:22:32,006 DEBUG    [single line]   com/google/javascript/jscomp/WarningsGuard.java <init> 47
2021-07-03 12:22:32,089 DEBUG                  - depth 0, hash 52547e6, HEAD~952
2021-07-03 12:22:32,095 DEBUG    [line range] com/google/javascript/jscomp/WarningsGuard.java disables 94:96
2021-07-03 12:22:32,177 DEBUG                  - depth 0, hash 6b49cfd, HEAD~1252
2021-07-03 12:22:32,183 DEBUG    [line range] com/google/javascript/jscomp/WarningsGuard.java enables 105:107
2021-07-03 12:22:32,264 DEBUG                  - depth 0, hash 6b49cfd, HEAD~1252
2021-07-03 12:22:32,270 DEBUG    [line range] com/google/javascript/jscomp/WarningsGuard.java getPriority 83:85
2021-07-03 12:22:32,351 DEBUG                  - depth 0, hash 52547e6, HEAD~952
2021-07-03 12:22:32,357 DEBUG                  - depth 1, hash 6b49cfd, HEAD~1252
2021-07-03 12:22:32,361 DEBUG    [single line]   com/google/javascript/jscomp/WarningsGuard.java <clinit> 47
2021-07-03 12:22:32,443 DEBUG                  - depth 0, hash 52547e6, HEAD~952
2021-07-03 12:22:32,449 DEBUG    [single line]   com/google/javascript/jscomp/WarningsGuard.java <clinit> 48
2021-07-03 12:22:32,530 DEBUG                  - depth 0, hash 52547e6, HEAD~952
2021-07-03 12:22:32,536 DEBUG    [single line]   com/google/javascript/jscomp/WarningsGuard.java <clinit> 49
2021-07-03 12:22:32,617 DEBUG                  - depth 0, hash 52547e6, HEAD~952
2021-07-03 12:22:32,623 DEBUG    [single line]   com/google/javascript/jscomp/WarningsGuard.java <clinit> 50
2021-07-03 12:22:32,704 DEBUG                  - depth 0, hash 52547e6, HEAD~952
2021-07-03 12:22:32,710 DEBUG    [single line]   com/google/javascript/jscomp/WarningsGuard.java <clinit> 51
2021-07-03 12:22:32,792 DEBUG                  - depth 0, hash 52547e6, HEAD~952
2021-07-03 12:22:32,798 DEBUG    [single line]   com/google/javascript/jscomp/WarningsGuard.java <clinit> 52
2021-07-03 12:22:32,879 DEBUG                  - depth 0, hash f9e7db7, HEAD~911
2021-07-03 12:22:32,885 DEBUG    [single line]   com/google/javascript/jscomp/WarningsGuard.java <clinit> 53
2021-07-03 12:22:32,969 DEBUG                  - depth 0, hash 52547e6, HEAD~952
2021-07-03 12:22:32,975 DEBUG    [single line]   com/google/javascript/jscomp/WarningsGuard.java <clinit> 54
2021-07-03 12:22:33,060 DEBUG                  - depth 0, hash 52547e6, HEAD~952
2021-07-03 12:22:33,065 DEBUG    [line range] com/google/javascript/jscomp/WarningsGuard.java <init> 58:60
2021-07-03 12:22:33,150 DEBUG                  - depth 0, hash 52547e6, HEAD~952
2021-07-03 12:22:33,450 DEBUG    [single line]   com/google/javascript/jscomp/parsing/Annotation.java <clinit> 27
2021-07-03 12:22:33,533 DEBUG                  - depth 0, hash 7287c0a, HEAD~1177
2021-07-03 12:22:33,539 DEBUG    [single line]   com/google/javascript/jscomp/parsing/Annotation.java <clinit> 28
2021-07-03 12:22:33,621 DEBUG                  - depth 0, hash 7287c0a, HEAD~1177
2021-07-03 12:22:33,627 DEBUG    [single line]   com/google/javascript/jscomp/parsing/Annotation.java <clinit> 29
2021-07-03 12:22:33,707 DEBUG                  - depth 0, hash 8ef31dd, HEAD~44
2021-07-03 12:22:33,713 DEBUG    [single line]   com/google/javascript/jscomp/parsing/Annotation.java <clinit> 30
2021-07-03 12:22:33,795 DEBUG                  - depth 0, hash 7287c0a, HEAD~1177
2021-07-03 12:22:33,801 DEBUG    [single line]   com/google/javascript/jscomp/parsing/Annotation.java <clinit> 31
2021-07-03 12:22:33,882 DEBUG                  - depth 0, hash 7287c0a, HEAD~1177
2021-07-03 12:22:33,888 DEBUG    [single line]   com/google/javascript/jscomp/parsing/Annotation.java <clinit> 32
2021-07-03 12:22:33,971 DEBUG                  - depth 0, hash 7287c0a, HEAD~1177
2021-07-03 12:22:33,977 DEBUG    [single line]   com/google/javascript/jscomp/parsing/Annotation.java <clinit> 33
2021-07-03 12:22:34,058 DEBUG                  - depth 0, hash 7287c0a, HEAD~1177
2021-07-03 12:22:34,064 DEBUG    [single line]   com/google/javascript/jscomp/parsing/Annotation.java <clinit> 34
2021-07-03 12:22:34,146 DEBUG                  - depth 0, hash 7287c0a, HEAD~1177
2021-07-03 12:22:34,152 DEBUG    [single line]   com/google/javascript/jscomp/parsing/Annotation.java <clinit> 35
2021-07-03 12:22:34,234 DEBUG                  - depth 0, hash 7287c0a, HEAD~1177
2021-07-03 12:22:34,240 DEBUG    [single line]   com/google/javascript/jscomp/parsing/Annotation.java <clinit> 36
2021-07-03 12:22:34,322 DEBUG                  - depth 0, hash 7287c0a, HEAD~1177
2021-07-03 12:22:34,328 DEBUG    [single line]   com/google/javascript/jscomp/parsing/Annotation.java <clinit> 37
2021-07-03 12:22:34,410 DEBUG                  - depth 0, hash 7287c0a, HEAD~1177
2021-07-03 12:22:34,416 DEBUG    [single line]   com/google/javascript/jscomp/parsing/Annotation.java <clinit> 38
2021-07-03 12:22:34,498 DEBUG                  - depth 0, hash 7287c0a, HEAD~1177
2021-07-03 12:22:34,504 DEBUG    [single line]   com/google/javascript/jscomp/parsing/Annotation.java <clinit> 39
2021-07-03 12:22:34,588 DEBUG                  - depth 0, hash 7287c0a, HEAD~1177
2021-07-03 12:22:34,594 DEBUG    [single line]   com/google/javascript/jscomp/parsing/Annotation.java <clinit> 40
2021-07-03 12:22:34,676 DEBUG                  - depth 0, hash 7287c0a, HEAD~1177
2021-07-03 12:22:34,682 DEBUG    [single line]   com/google/javascript/jscomp/parsing/Annotation.java <clinit> 41
2021-07-03 12:22:34,763 DEBUG                  - depth 0, hash 8ef31dd, HEAD~44
2021-07-03 12:22:34,768 DEBUG    [single line]   com/google/javascript/jscomp/parsing/Annotation.java <clinit> 42
2021-07-03 12:22:34,851 DEBUG                  - depth 0, hash 7287c0a, HEAD~1177
2021-07-03 12:22:34,857 DEBUG    [single line]   com/google/javascript/jscomp/parsing/Annotation.java <clinit> 43
2021-07-03 12:22:34,939 DEBUG                  - depth 0, hash 7287c0a, HEAD~1177
2021-07-03 12:22:34,945 DEBUG    [single line]   com/google/javascript/jscomp/parsing/Annotation.java <clinit> 44
2021-07-03 12:22:35,027 DEBUG                  - depth 0, hash 7287c0a, HEAD~1177
2021-07-03 12:22:35,033 DEBUG    [single line]   com/google/javascript/jscomp/parsing/Annotation.java <clinit> 45
2021-07-03 12:22:35,114 DEBUG                  - depth 0, hash 7287c0a, HEAD~1177
2021-07-03 12:22:35,120 DEBUG    [single line]   com/google/javascript/jscomp/parsing/Annotation.java <clinit> 46
2021-07-03 12:22:35,203 DEBUG                  - depth 0, hash 7287c0a, HEAD~1177
2021-07-03 12:22:35,209 DEBUG    [single line]   com/google/javascript/jscomp/parsing/Annotation.java <clinit> 47
2021-07-03 12:22:35,290 DEBUG                  - depth 0, hash 9d72612, HEAD~829
2021-07-03 12:22:35,296 DEBUG    [single line]   com/google/javascript/jscomp/parsing/Annotation.java <clinit> 48
2021-07-03 12:22:35,378 DEBUG                  - depth 0, hash 7287c0a, HEAD~1177
2021-07-03 12:22:35,384 DEBUG    [single line]   com/google/javascript/jscomp/parsing/Annotation.java <clinit> 49
2021-07-03 12:22:35,466 DEBUG                  - depth 0, hash 22775ad, HEAD~893
2021-07-03 12:22:35,472 DEBUG    [single line]   com/google/javascript/jscomp/parsing/Annotation.java <clinit> 50
2021-07-03 12:22:35,554 DEBUG                  - depth 0, hash eb3e25d, HEAD~845
2021-07-03 12:22:35,560 DEBUG    [single line]   com/google/javascript/jscomp/parsing/Annotation.java <clinit> 51
2021-07-03 12:22:35,642 DEBUG                  - depth 0, hash 7287c0a, HEAD~1177
2021-07-03 12:22:35,648 DEBUG    [single line]   com/google/javascript/jscomp/parsing/Annotation.java <clinit> 52
2021-07-03 12:22:35,730 DEBUG                  - depth 0, hash e33e925, HEAD~1050
2021-07-03 12:22:35,736 DEBUG    [single line]   com/google/javascript/jscomp/parsing/Annotation.java <clinit> 53
2021-07-03 12:22:35,818 DEBUG                  - depth 0, hash 7287c0a, HEAD~1177
2021-07-03 12:22:35,824 DEBUG    [single line]   com/google/javascript/jscomp/parsing/Annotation.java <clinit> 54
2021-07-03 12:22:35,906 DEBUG                  - depth 0, hash 7287c0a, HEAD~1177
2021-07-03 12:22:35,911 DEBUG    [single line]   com/google/javascript/jscomp/parsing/Annotation.java <clinit> 55
2021-07-03 12:22:35,993 DEBUG                  - depth 0, hash 7287c0a, HEAD~1177
2021-07-03 12:22:35,999 DEBUG    [single line]   com/google/javascript/jscomp/parsing/Annotation.java <clinit> 56
2021-07-03 12:22:36,081 DEBUG                  - depth 0, hash 7287c0a, HEAD~1177
2021-07-03 12:22:36,087 DEBUG    [single line]   com/google/javascript/jscomp/parsing/Annotation.java <clinit> 57
2021-07-03 12:22:36,168 DEBUG                  - depth 0, hash 7287c0a, HEAD~1177
2021-07-03 12:22:36,174 DEBUG    [single line]   com/google/javascript/jscomp/parsing/Annotation.java <clinit> 58
2021-07-03 12:22:36,256 DEBUG                  - depth 0, hash 7287c0a, HEAD~1177
2021-07-03 12:22:36,262 DEBUG    [single line]   com/google/javascript/jscomp/parsing/Annotation.java <clinit> 59
2021-07-03 12:22:36,344 DEBUG                  - depth 0, hash 7287c0a, HEAD~1177
2021-07-03 12:22:36,350 DEBUG    [single line]   com/google/javascript/jscomp/parsing/Annotation.java <clinit> 60
2021-07-03 12:22:36,432 DEBUG                  - depth 0, hash 7287c0a, HEAD~1177
2021-07-03 12:22:36,437 DEBUG    [single line]   com/google/javascript/jscomp/parsing/Annotation.java <clinit> 61
2021-07-03 12:22:36,519 DEBUG                  - depth 0, hash 7287c0a, HEAD~1177
2021-07-03 12:22:36,525 DEBUG    [single line]   com/google/javascript/jscomp/parsing/Annotation.java <clinit> 62
2021-07-03 12:22:36,610 DEBUG                  - depth 0, hash 7287c0a, HEAD~1177
2021-07-03 12:22:36,616 DEBUG    [single line]   com/google/javascript/jscomp/parsing/Annotation.java <clinit> 63
2021-07-03 12:22:36,698 DEBUG                  - depth 0, hash 7287c0a, HEAD~1177
2021-07-03 12:22:36,704 DEBUG    [single line]   com/google/javascript/jscomp/parsing/Annotation.java <clinit> 64
2021-07-03 12:22:36,786 DEBUG                  - depth 0, hash 7287c0a, HEAD~1177
2021-07-03 12:22:36,792 DEBUG    [single line]   com/google/javascript/jscomp/parsing/Annotation.java <clinit> 65
2021-07-03 12:22:36,874 DEBUG                  - depth 0, hash 7287c0a, HEAD~1177
2021-07-03 12:22:36,880 DEBUG    [single line]   com/google/javascript/jscomp/parsing/Annotation.java <clinit> 66
2021-07-03 12:22:36,961 DEBUG                  - depth 0, hash 7287c0a, HEAD~1177
2021-07-03 12:22:36,967 DEBUG    [single line]   com/google/javascript/jscomp/parsing/Annotation.java <clinit> 67
2021-07-03 12:22:37,048 DEBUG                  - depth 0, hash 7287c0a, HEAD~1177
2021-07-03 12:22:37,054 DEBUG    [single line]   com/google/javascript/jscomp/parsing/Annotation.java <clinit> 68
2021-07-03 12:22:37,138 DEBUG                  - depth 0, hash 7287c0a, HEAD~1177
2021-07-03 12:22:37,144 DEBUG    [single line]   com/google/javascript/jscomp/parsing/Annotation.java <clinit> 69
2021-07-03 12:22:37,225 DEBUG                  - depth 0, hash 7287c0a, HEAD~1177
2021-07-03 12:22:37,231 DEBUG    [single line]   com/google/javascript/jscomp/parsing/Annotation.java <clinit> 70
2021-07-03 12:22:37,313 DEBUG                  - depth 0, hash 7287c0a, HEAD~1177
2021-07-03 12:22:37,319 DEBUG    [single line]   com/google/javascript/jscomp/parsing/Annotation.java <clinit> 71
2021-07-03 12:22:37,400 DEBUG                  - depth 0, hash 7287c0a, HEAD~1177
2021-07-03 12:22:37,406 DEBUG    [single line]   com/google/javascript/jscomp/parsing/Annotation.java <clinit> 72
2021-07-03 12:22:37,487 DEBUG                  - depth 0, hash 7287c0a, HEAD~1177
2021-07-03 12:22:37,493 DEBUG    [line range] com/google/javascript/jscomp/parsing/Annotation.java <clinit> 74:125
2021-07-03 12:22:37,575 DEBUG                  - depth 0, hash 8ef31dd, HEAD~44
2021-07-03 12:22:37,581 DEBUG                  - depth 1, hash 9d72612, HEAD~829
2021-07-03 12:22:37,585 DEBUG                  - depth 2, hash eb3e25d, HEAD~845
2021-07-03 12:22:37,590 DEBUG                  - depth 3, hash 22775ad, HEAD~893
2021-07-03 12:22:37,594 DEBUG                  - depth 4, hash e33e925, HEAD~1050
2021-07-03 12:22:37,598 DEBUG                  - depth 5, hash 7287c0a, HEAD~1177
2021-07-03 12:22:37,901 DEBUG    [line range] com/google/javascript/jscomp/parsing/Config.java <init> 73:82
2021-07-03 12:22:37,983 DEBUG                  - depth 0, hash 82d3c01, HEAD~463
2021-07-03 12:22:37,988 DEBUG                  - depth 1, hash d381212, HEAD~542
2021-07-03 12:22:37,993 DEBUG                  - depth 2, hash be01040, HEAD~700
2021-07-03 12:22:37,997 DEBUG                  - depth 3, hash 28982c3, HEAD~704
2021-07-03 12:22:38,001 DEBUG                  - depth 4, hash 1c92a54, HEAD~707
2021-07-03 12:22:38,005 DEBUG                  - depth 5, hash 4755483, HEAD~1078
2021-07-03 12:22:38,010 DEBUG                  - depth 6, hash c764a46, HEAD~1098
2021-07-03 12:22:38,014 DEBUG                  - depth 7, hash b8c52bf, HEAD~1175
2021-07-03 12:22:38,019 DEBUG                  - depth 8, hash 7287c0a, HEAD~1177
2021-07-03 12:22:38,023 DEBUG                  - depth 9, hash 6b49cfd, HEAD~1252
2021-07-03 12:22:38,027 DEBUG    [line range] com/google/javascript/jscomp/parsing/Config.java buildAnnotationNames 88:101
2021-07-03 12:22:38,109 DEBUG                  - depth 0, hash 7287c0a, HEAD~1177
2021-07-03 12:22:38,115 DEBUG    [single line]   com/google/javascript/jscomp/parsing/Config.java <clinit> 32
2021-07-03 12:22:38,196 DEBUG                  - depth 0, hash 82d3c01, HEAD~463
2021-07-03 12:22:38,202 DEBUG    [single line]   com/google/javascript/jscomp/parsing/Config.java <clinit> 33
2021-07-03 12:22:38,283 DEBUG                  - depth 0, hash 82d3c01, HEAD~463
2021-07-03 12:22:38,289 DEBUG    [single line]   com/google/javascript/jscomp/parsing/Config.java <clinit> 34
2021-07-03 12:22:38,370 DEBUG                  - depth 0, hash 82d3c01, HEAD~463
2021-07-03 12:22:38,376 DEBUG    [single line]   com/google/javascript/jscomp/parsing/Config.java <clinit> 35
2021-07-03 12:22:38,457 DEBUG                  - depth 0, hash 82d3c01, HEAD~463
2021-07-03 12:22:38,922 DEBUG    [line range] com/google/javascript/jscomp/parsing/IRFactory.java <clinit> 95:98
2021-07-03 12:22:39,007 DEBUG                  - depth 0, hash 82d3c01, HEAD~463
2021-07-03 12:22:39,013 DEBUG    [line range] com/google/javascript/jscomp/parsing/IRFactory.java <init> 93:93
2021-07-03 12:22:39,103 DEBUG                  - depth 0, hash 847b296, HEAD~1233
2021-07-03 12:22:39,110 DEBUG    [single line]   com/google/javascript/jscomp/parsing/IRFactory.java access$1900 79
2021-07-03 12:22:39,201 DEBUG                  - depth 0, hash 9320fec, HEAD~100
2021-07-03 12:22:39,207 DEBUG                  - depth 1, hash 6b49cfd, HEAD~1252
2021-07-03 12:22:39,211 DEBUG    [line range] com/google/javascript/jscomp/parsing/IRFactory.java createTemplateNode 156:161
2021-07-03 12:22:39,306 DEBUG                  - depth 0, hash 9320fec, HEAD~100
2021-07-03 12:22:39,312 DEBUG                  - depth 1, hash c1c31ef, HEAD~929
2021-07-03 12:22:39,316 DEBUG                  - depth 2, hash 35d56dd, HEAD~1029
2021-07-03 12:22:39,320 DEBUG                  - depth 3, hash 6b49cfd, HEAD~1252
2021-07-03 12:22:39,325 DEBUG    [line range] com/google/javascript/jscomp/parsing/IRFactory.java handleJsDoc 251:261
2021-07-03 12:22:39,416 DEBUG                  - depth 0, hash 0af94b2, HEAD~21
2021-07-03 12:22:39,421 DEBUG                  - depth 1, hash f957970, HEAD~836
2021-07-03 12:22:39,426 DEBUG                  - depth 2, hash 7287c0a, HEAD~1177
2021-07-03 12:22:39,430 DEBUG                  - depth 3, hash 6b49cfd, HEAD~1252
2021-07-03 12:22:39,435 DEBUG    [line range] com/google/javascript/jscomp/parsing/IRFactory.java justTransform 375:377
2021-07-03 12:22:39,528 DEBUG                  - depth 0, hash 6b49cfd, HEAD~1252
2021-07-03 12:22:39,534 DEBUG    [line range] com/google/javascript/jscomp/parsing/IRFactory.java maybeSetLengthFrom 359:363
2021-07-03 12:22:39,619 DEBUG                  - depth 0, hash df632b1, HEAD~88
2021-07-03 12:22:39,625 DEBUG    [line range] com/google/javascript/jscomp/parsing/IRFactory.java newNode 1271:1273
2021-07-03 12:22:39,713 DEBUG                  - depth 0, hash 35d56dd, HEAD~1029
2021-07-03 12:22:39,719 DEBUG    [line range] com/google/javascript/jscomp/parsing/IRFactory.java newNode 1275:1277
2021-07-03 12:22:39,807 DEBUG                  - depth 0, hash 35d56dd, HEAD~1029
2021-07-03 12:22:39,813 DEBUG    [line range] com/google/javascript/jscomp/parsing/IRFactory.java newNode 1279:1281
2021-07-03 12:22:39,901 DEBUG                  - depth 0, hash 35d56dd, HEAD~1029
2021-07-03 12:22:39,907 DEBUG    [line range] com/google/javascript/jscomp/parsing/IRFactory.java newStringNode 1291:1293
2021-07-03 12:22:39,994 DEBUG                  - depth 0, hash 35d56dd, HEAD~1029
2021-07-03 12:22:40,000 DEBUG    [line range] com/google/javascript/jscomp/parsing/IRFactory.java newStringNode 1287:1289
2021-07-03 12:22:40,087 DEBUG                  - depth 0, hash 35d56dd, HEAD~1029
2021-07-03 12:22:40,093 DEBUG    [line range] com/google/javascript/jscomp/parsing/IRFactory.java position2charno 365:373
2021-07-03 12:22:40,184 DEBUG                  - depth 0, hash 6b49cfd, HEAD~1252
2021-07-03 12:22:40,190 DEBUG    [line range] com/google/javascript/jscomp/parsing/IRFactory.java setFileOverviewJsDoc 188:200
2021-07-03 12:22:40,282 DEBUG                  - depth 0, hash f957970, HEAD~836
2021-07-03 12:22:40,288 DEBUG                  - depth 1, hash 7287c0a, HEAD~1177
2021-07-03 12:22:40,292 DEBUG                  - depth 2, hash 6b49cfd, HEAD~1252
2021-07-03 12:22:40,297 DEBUG    [line range] com/google/javascript/jscomp/parsing/IRFactory.java setSourceInfo 304:323
2021-07-03 12:22:40,388 DEBUG                  - depth 0, hash df632b1, HEAD~88
2021-07-03 12:22:40,394 DEBUG                  - depth 1, hash e4d80a3, HEAD~424
2021-07-03 12:22:40,398 DEBUG                  - depth 2, hash 7287c0a, HEAD~1177
2021-07-03 12:22:40,403 DEBUG                  - depth 3, hash 6b49cfd, HEAD~1252
2021-07-03 12:22:40,407 DEBUG    [line range] com/google/javascript/jscomp/parsing/IRFactory.java transform 263:271
2021-07-03 12:22:40,498 DEBUG                  - depth 0, hash 0af94b2, HEAD~21
2021-07-03 12:22:40,504 DEBUG                  - depth 1, hash e4d80a3, HEAD~424
2021-07-03 12:22:40,509 DEBUG                  - depth 2, hash f957970, HEAD~836
2021-07-03 12:22:40,513 DEBUG                  - depth 3, hash 7287c0a, HEAD~1177
2021-07-03 12:22:40,517 DEBUG                  - depth 4, hash 6b49cfd, HEAD~1252
2021-07-03 12:22:40,522 DEBUG    [line range] com/google/javascript/jscomp/parsing/IRFactory.java transformNameAsString 273:281
2021-07-03 12:22:40,608 DEBUG                  - depth 0, hash 0af94b2, HEAD~21
2021-07-03 12:22:40,614 DEBUG                  - depth 1, hash e4d80a3, HEAD~424
2021-07-03 12:22:40,619 DEBUG    [line range] com/google/javascript/jscomp/parsing/IRFactory.java transformTokenType 1078:1268
2021-07-03 12:22:40,710 DEBUG                  - depth 0, hash 65714d6, HEAD~335
2021-07-03 12:22:40,716 DEBUG                  - depth 1, hash 4581182, HEAD~1122
2021-07-03 12:22:40,720 DEBUG                  - depth 2, hash 6b49cfd, HEAD~1252
2021-07-03 12:22:40,725 DEBUG    [line range] com/google/javascript/jscomp/parsing/IRFactory.java transformTree 163:186
2021-07-03 12:22:40,816 DEBUG                  - depth 0, hash 0af94b2, HEAD~21
2021-07-03 12:22:40,822 DEBUG                  - depth 1, hash 9320fec, HEAD~100
2021-07-03 12:22:40,826 DEBUG                  - depth 2, hash f4a33b6, HEAD~326
2021-07-03 12:22:40,831 DEBUG                  - depth 3, hash f957970, HEAD~836
2021-07-03 12:22:40,835 DEBUG                  - depth 4, hash 7287c0a, HEAD~1177
2021-07-03 12:22:40,840 DEBUG                  - depth 5, hash 6b49cfd, HEAD~1252
2021-07-03 12:22:40,844 DEBUG    [single line]   com/google/javascript/jscomp/parsing/IRFactory.java <init> 379
2021-07-03 12:22:40,936 DEBUG                  - depth 0, hash 6b49cfd, HEAD~1252
2021-07-03 12:22:40,942 DEBUG    [line range] com/google/javascript/jscomp/parsing/IRFactory.java isDirective 476:483
2021-07-03 12:22:41,048 DEBUG                  - depth 0, hash 847b296, HEAD~1233
2021-07-03 12:22:41,054 DEBUG    [line range] com/google/javascript/jscomp/parsing/IRFactory.java isReservedKeyword 747:749
2021-07-03 12:22:41,138 DEBUG                  - depth 0, hash 82d3c01, HEAD~463
2021-07-03 12:22:41,144 DEBUG    [line range] com/google/javascript/jscomp/parsing/IRFactory.java parseDirectives 459:474
2021-07-03 12:22:41,234 DEBUG                  - depth 0, hash 847b296, HEAD~1233
2021-07-03 12:22:41,240 DEBUG    [line range] com/google/javascript/jscomp/parsing/IRFactory.java processAstRoot 440:448
2021-07-03 12:22:41,331 DEBUG                  - depth 0, hash 35d56dd, HEAD~1029
2021-07-03 12:22:41,337 DEBUG                  - depth 1, hash 4385971, HEAD~1097
2021-07-03 12:22:41,342 DEBUG                  - depth 2, hash 847b296, HEAD~1233
2021-07-03 12:22:41,346 DEBUG                  - depth 3, hash 6b49cfd, HEAD~1252
2021-07-03 12:22:41,351 DEBUG    [line range] com/google/javascript/jscomp/parsing/IRFactory.java processExpressionStatement 559:564
2021-07-03 12:22:41,445 DEBUG                  - depth 0, hash 35d56dd, HEAD~1029
2021-07-03 12:22:41,451 DEBUG                  - depth 1, hash 6b49cfd, HEAD~1252
2021-07-03 12:22:41,456 DEBUG    [line range] com/google/javascript/jscomp/parsing/IRFactory.java processFunctionCall 586:599
2021-07-03 12:22:41,548 DEBUG                  - depth 0, hash df632b1, HEAD~88
2021-07-03 12:22:41,554 DEBUG                  - depth 1, hash 35d56dd, HEAD~1029
2021-07-03 12:22:41,559 DEBUG                  - depth 2, hash 6b49cfd, HEAD~1252
2021-07-03 12:22:41,563 DEBUG    [line range] com/google/javascript/jscomp/parsing/IRFactory.java processName 725:728
2021-07-03 12:22:41,657 DEBUG                  - depth 0, hash e4d80a3, HEAD~424
2021-07-03 12:22:41,663 DEBUG                  - depth 1, hash 82d3c01, HEAD~463
2021-07-03 12:22:41,668 DEBUG                  - depth 2, hash 6b49cfd, HEAD~1252
2021-07-03 12:22:41,672 DEBUG    [line range] com/google/javascript/jscomp/parsing/IRFactory.java processName 730:742
2021-07-03 12:22:41,767 DEBUG                  - depth 0, hash e4d80a3, HEAD~424
2021-07-03 12:22:41,773 DEBUG                  - depth 1, hash 82d3c01, HEAD~463
2021-07-03 12:22:41,778 DEBUG                  - depth 2, hash 35d56dd, HEAD~1029
2021-07-03 12:22:41,782 DEBUG                  - depth 3, hash 6b49cfd, HEAD~1252
2021-07-03 12:22:41,787 DEBUG    [line range] com/google/javascript/jscomp/parsing/IRFactory.java processPropertyGet 822:828
2021-07-03 12:22:41,879 DEBUG                  - depth 0, hash 35d56dd, HEAD~1029
2021-07-03 12:22:41,884 DEBUG                  - depth 1, hash 6b49cfd, HEAD~1252
2021-07-03 12:22:41,889 DEBUG    [line range] com/google/javascript/jscomp/parsing/IRFactory.java processStringLiteral 862:866
2021-07-03 12:22:41,983 DEBUG                  - depth 0, hash 35d56dd, HEAD~1029
2021-07-03 12:22:41,989 DEBUG                  - depth 1, hash 6b49cfd, HEAD~1252
2021-07-03 12:22:41,993 DEBUG    [line range] com/google/javascript/jscomp/parsing/IRFactory.java transformAsString 398:411
2021-07-03 12:22:42,088 DEBUG                  - depth 0, hash 41acde3, HEAD~358
2021-07-03 12:22:42,094 DEBUG                  - depth 1, hash e4d80a3, HEAD~424
2021-07-03 12:22:42,098 DEBUG                  - depth 2, hash 6b49cfd, HEAD~1252
2021-07-03 12:22:42,442 DEBUG    [line range] com/google/javascript/jscomp/parsing/ParserRunner.java <clinit> 42:42
2021-07-03 12:22:42,524 DEBUG                  - depth 0, hash 6b49cfd, HEAD~1252
2021-07-03 12:22:42,530 DEBUG    [line range] com/google/javascript/jscomp/parsing/ParserRunner.java createConfig 60:74
2021-07-03 12:22:42,613 DEBUG                  - depth 0, hash b3f276d, HEAD~70
2021-07-03 12:22:42,619 DEBUG                  - depth 1, hash 82d3c01, HEAD~463
2021-07-03 12:22:42,623 DEBUG                  - depth 2, hash d381212, HEAD~542
2021-07-03 12:22:42,628 DEBUG                  - depth 3, hash be01040, HEAD~700
2021-07-03 12:22:42,632 DEBUG                  - depth 4, hash 28982c3, HEAD~704
2021-07-03 12:22:42,636 DEBUG                  - depth 5, hash 1c92a54, HEAD~707
2021-07-03 12:22:42,641 DEBUG                  - depth 6, hash 4755483, HEAD~1078
2021-07-03 12:22:42,645 DEBUG                  - depth 7, hash c764a46, HEAD~1098
2021-07-03 12:22:42,650 DEBUG                  - depth 8, hash b8c52bf, HEAD~1175
2021-07-03 12:22:42,654 DEBUG                  - depth 9, hash 6b49cfd, HEAD~1252
2021-07-03 12:22:42,658 DEBUG    [line range] com/google/javascript/jscomp/parsing/ParserRunner.java extractList 86:93
2021-07-03 12:22:42,741 DEBUG                  - depth 0, hash 4755483, HEAD~1078
2021-07-03 12:22:42,747 DEBUG                  - depth 1, hash 6b49cfd, HEAD~1252
2021-07-03 12:22:42,752 DEBUG    [line range] com/google/javascript/jscomp/parsing/ParserRunner.java initResourceConfig 76:84
2021-07-03 12:22:42,835 DEBUG                  - depth 0, hash 4755483, HEAD~1078
2021-07-03 12:22:42,841 DEBUG                  - depth 1, hash 6b49cfd, HEAD~1252
2021-07-03 12:22:42,846 DEBUG    [line range] com/google/javascript/jscomp/parsing/ParserRunner.java parse 104:147
2021-07-03 12:22:42,929 DEBUG                  - depth 0, hash 9320fec, HEAD~100
2021-07-03 12:22:42,935 DEBUG                  - depth 1, hash e4d80a3, HEAD~424
2021-07-03 12:22:42,939 DEBUG                  - depth 2, hash 82d3c01, HEAD~463
2021-07-03 12:22:42,944 DEBUG                  - depth 3, hash 7fbff50, HEAD~464
2021-07-03 12:22:42,948 DEBUG                  - depth 4, hash b8c52bf, HEAD~1175
2021-07-03 12:22:42,952 DEBUG                  - depth 5, hash 6b49cfd, HEAD~1252
2021-07-03 12:22:43,310 DEBUG    [single line]   com/google/javascript/jscomp/parsing/TypeSafeDispatcher.java <init> 73
2021-07-03 12:22:43,393 DEBUG                  - depth 0, hash 6b49cfd, HEAD~1252
2021-07-03 12:22:43,399 DEBUG    [line range] com/google/javascript/jscomp/parsing/TypeSafeDispatcher.java process 118:282
2021-07-03 12:22:43,481 DEBUG                  - depth 0, hash d381212, HEAD~542
2021-07-03 12:22:43,487 DEBUG                  - depth 1, hash 6b49cfd, HEAD~1252
2021-07-03 12:22:43,920 DEBUG    [line range] com/google/javascript/rhino/Context.java <clinit> 273:273
2021-07-03 12:22:44,005 DEBUG                  - depth 0, hash 6b49cfd, HEAD~1252
2021-07-03 12:22:44,011 DEBUG    [line range] com/google/javascript/rhino/Context.java getCurrentContext 399:401
2021-07-03 12:22:44,094 DEBUG                  - depth 0, hash 6b49cfd, HEAD~1252
2021-07-03 12:22:44,381 DEBUG    [line range] com/google/javascript/rhino/InputId.java <init> 51:53
2021-07-03 12:22:44,463 DEBUG                  - depth 0, hash 44293eb, HEAD~27
2021-07-03 12:22:44,469 DEBUG    [line range] com/google/javascript/rhino/InputId.java hashCode 59:62
2021-07-03 12:22:44,549 DEBUG                  - depth 0, hash 44293eb, HEAD~27
2021-07-03 12:22:45,136 DEBUG    [line range] com/google/javascript/rhino/Node.java <init> 456:460
2021-07-03 12:22:45,234 DEBUG                  - depth 0, hash 4385971, HEAD~1097
2021-07-03 12:22:45,240 DEBUG                  - depth 1, hash 7efb21a, HEAD~1249
2021-07-03 12:22:45,245 DEBUG                  - depth 2, hash 6b49cfd, HEAD~1252
2021-07-03 12:22:45,249 DEBUG    [line range] com/google/javascript/rhino/Node.java <init> 462:474
2021-07-03 12:22:45,348 DEBUG                  - depth 0, hash 4385971, HEAD~1097
2021-07-03 12:22:45,354 DEBUG                  - depth 1, hash 7efb21a, HEAD~1249
2021-07-03 12:22:45,358 DEBUG                  - depth 2, hash 6b49cfd, HEAD~1252
2021-07-03 12:22:45,363 DEBUG    [line range] com/google/javascript/rhino/Node.java <init> 476:494
2021-07-03 12:22:45,461 DEBUG                  - depth 0, hash 4385971, HEAD~1097
2021-07-03 12:22:45,467 DEBUG                  - depth 1, hash 7efb21a, HEAD~1249
2021-07-03 12:22:45,471 DEBUG                  - depth 2, hash 6b49cfd, HEAD~1252
2021-07-03 12:22:45,477 DEBUG    [line range] com/google/javascript/rhino/Node.java addChildToBack 703:714
2021-07-03 12:22:45,573 DEBUG                  - depth 0, hash 4385971, HEAD~1097
2021-07-03 12:22:45,579 DEBUG                  - depth 1, hash 6b49cfd, HEAD~1252
2021-07-03 12:22:45,584 DEBUG    [line range] com/google/javascript/rhino/Node.java clonePropsFrom 857:862
2021-07-03 12:22:45,676 DEBUG                  - depth 0, hash 35d56dd, HEAD~1029
2021-07-03 12:22:45,682 DEBUG    [line range] com/google/javascript/rhino/Node.java createProp 956:958
2021-07-03 12:22:45,767 DEBUG                  - depth 0, hash e42c68a, HEAD~138
2021-07-03 12:22:45,773 DEBUG    [line range] com/google/javascript/rhino/Node.java createProp 952:954
2021-07-03 12:22:45,858 DEBUG                  - depth 0, hash e42c68a, HEAD~138
2021-07-03 12:22:45,864 DEBUG    [line range] com/google/javascript/rhino/Node.java extractCharno 1358:1364
2021-07-03 12:22:45,960 DEBUG                  - depth 0, hash 4385971, HEAD~1097
2021-07-03 12:22:45,966 DEBUG                  - depth 1, hash 6b49cfd, HEAD~1252
2021-07-03 12:22:45,970 DEBUG    [line range] com/google/javascript/rhino/Node.java extractLineno 1346:1352
2021-07-03 12:22:46,067 DEBUG                  - depth 0, hash 4385971, HEAD~1097
2021-07-03 12:22:46,073 DEBUG                  - depth 1, hash 6b49cfd, HEAD~1252
2021-07-03 12:22:46,077 DEBUG    [line range] com/google/javascript/rhino/Node.java getCharno 1286:1288
2021-07-03 12:22:46,160 DEBUG                  - depth 0, hash 336a54f, HEAD~39
2021-07-03 12:22:46,166 DEBUG    [line range] com/google/javascript/rhino/Node.java getFirstChild 635:637
2021-07-03 12:22:46,263 DEBUG                  - depth 0, hash 4385971, HEAD~1097
2021-07-03 12:22:46,269 DEBUG                  - depth 1, hash 6b49cfd, HEAD~1252
2021-07-03 12:22:46,273 DEBUG    [line range] com/google/javascript/rhino/Node.java getInputId 1265:1267
2021-07-03 12:22:46,360 DEBUG                  - depth 0, hash 44293eb, HEAD~27
2021-07-03 12:22:46,366 DEBUG    [line range] com/google/javascript/rhino/Node.java getJSDocInfo 2233:2235
2021-07-03 12:22:46,461 DEBUG                  - depth 0, hash 4385971, HEAD~1097
2021-07-03 12:22:46,467 DEBUG                  - depth 1, hash 66485d3, HEAD~1204
2021-07-03 12:22:46,471 DEBUG    [line range] com/google/javascript/rhino/Node.java getJsDocBuilderForNode 2199:2201
2021-07-03 12:22:46,566 DEBUG                  - depth 0, hash 4385971, HEAD~1097
2021-07-03 12:22:46,572 DEBUG                  - depth 1, hash 66485d3, HEAD~1204
2021-07-03 12:22:46,577 DEBUG    [line range] com/google/javascript/rhino/Node.java getLastChild 639:641
2021-07-03 12:22:46,672 DEBUG                  - depth 0, hash 4385971, HEAD~1097
2021-07-03 12:22:46,678 DEBUG                  - depth 1, hash 6b49cfd, HEAD~1252
2021-07-03 12:22:46,682 DEBUG    [line range] com/google/javascript/rhino/Node.java getLineno 1282:1284
2021-07-03 12:22:46,768 DEBUG                  - depth 0, hash 336a54f, HEAD~39
2021-07-03 12:22:46,774 DEBUG    [line range] com/google/javascript/rhino/Node.java getNext 643:645
2021-07-03 12:22:46,869 DEBUG                  - depth 0, hash 4385971, HEAD~1097
2021-07-03 12:22:46,875 DEBUG                  - depth 1, hash 6b49cfd, HEAD~1252
2021-07-03 12:22:46,879 DEBUG    [line range] com/google/javascript/rhino/Node.java getProp 892:902
2021-07-03 12:22:46,976 DEBUG                  - depth 0, hash 9320fec, HEAD~100
2021-07-03 12:22:46,982 DEBUG                  - depth 1, hash e42c68a, HEAD~138
2021-07-03 12:22:46,986 DEBUG                  - depth 2, hash 4385971, HEAD~1097
2021-07-03 12:22:46,990 DEBUG                  - depth 3, hash 6b49cfd, HEAD~1252
2021-07-03 12:22:46,995 DEBUG    [line range] com/google/javascript/rhino/Node.java getQualifiedName 1938:1952
2021-07-03 12:22:47,091 DEBUG                  - depth 0, hash 4385971, HEAD~1097
2021-07-03 12:22:47,097 DEBUG                  - depth 1, hash 6b49cfd, HEAD~1252
2021-07-03 12:22:47,102 DEBUG    [line range] com/google/javascript/rhino/Node.java getSourceFileName 1245:1248
2021-07-03 12:22:47,189 DEBUG                  - depth 0, hash 48a3215, HEAD~81
2021-07-03 12:22:47,195 DEBUG                  - depth 1, hash 9320fec, HEAD~100
2021-07-03 12:22:47,200 DEBUG    [line range] com/google/javascript/rhino/Node.java getStaticSourceFile 1251:1253
2021-07-03 12:22:47,283 DEBUG                  - depth 0, hash 48a3215, HEAD~81
2021-07-03 12:22:47,289 DEBUG    [line range] com/google/javascript/rhino/Node.java getType 623:625
2021-07-03 12:22:47,385 DEBUG                  - depth 0, hash 4385971, HEAD~1097
2021-07-03 12:22:47,391 DEBUG                  - depth 1, hash 6b49cfd, HEAD~1252
2021-07-03 12:22:47,395 DEBUG    [line range] com/google/javascript/rhino/Node.java lookupProperty 841:848
2021-07-03 12:22:47,492 DEBUG                  - depth 0, hash e42c68a, HEAD~138
2021-07-03 12:22:47,498 DEBUG                  - depth 1, hash c9e8972, HEAD~1046
2021-07-03 12:22:47,502 DEBUG                  - depth 2, hash 4385971, HEAD~1097
2021-07-03 12:22:47,507 DEBUG                  - depth 3, hash 6b49cfd, HEAD~1252
2021-07-03 12:22:47,511 DEBUG    [line range] com/google/javascript/rhino/Node.java mergeLineCharNo 1332:1340
2021-07-03 12:22:47,609 DEBUG                  - depth 0, hash 4385971, HEAD~1097
2021-07-03 12:22:47,615 DEBUG                  - depth 1, hash 6b49cfd, HEAD~1252
2021-07-03 12:22:47,619 DEBUG    [line range] com/google/javascript/rhino/Node.java newString 611:613
2021-07-03 12:22:47,714 DEBUG                  - depth 0, hash 4385971, HEAD~1097
2021-07-03 12:22:47,720 DEBUG                  - depth 1, hash 6b49cfd, HEAD~1252
2021-07-03 12:22:47,725 DEBUG    [line range] com/google/javascript/rhino/Node.java newString 607:609
2021-07-03 12:22:47,822 DEBUG                  - depth 0, hash 4385971, HEAD~1097
2021-07-03 12:22:47,828 DEBUG                  - depth 1, hash 6b49cfd, HEAD~1252
2021-07-03 12:22:47,833 DEBUG    [line range] com/google/javascript/rhino/Node.java putBooleanProp 941:943
2021-07-03 12:22:47,932 DEBUG                  - depth 0, hash c9e8972, HEAD~1046
2021-07-03 12:22:47,938 DEBUG                  - depth 1, hash 4385971, HEAD~1097
2021-07-03 12:22:47,942 DEBUG                  - depth 2, hash 6b49cfd, HEAD~1252
2021-07-03 12:22:47,947 DEBUG    [line range] com/google/javascript/rhino/Node.java putIntProp 945:950
2021-07-03 12:22:48,044 DEBUG                  - depth 0, hash e42c68a, HEAD~138
2021-07-03 12:22:48,050 DEBUG                  - depth 1, hash c9e8972, HEAD~1046
2021-07-03 12:22:48,054 DEBUG                  - depth 2, hash 4385971, HEAD~1097
2021-07-03 12:22:48,059 DEBUG                  - depth 3, hash 6b49cfd, HEAD~1252
2021-07-03 12:22:48,063 DEBUG    [line range] com/google/javascript/rhino/Node.java putProp 928:939
2021-07-03 12:22:48,161 DEBUG                  - depth 0, hash 9320fec, HEAD~100
2021-07-03 12:22:48,167 DEBUG                  - depth 1, hash e42c68a, HEAD~138
2021-07-03 12:22:48,172 DEBUG                  - depth 2, hash c9e8972, HEAD~1046
2021-07-03 12:22:48,176 DEBUG                  - depth 3, hash 4385971, HEAD~1097
2021-07-03 12:22:48,180 DEBUG                  - depth 4, hash 6b49cfd, HEAD~1252
2021-07-03 12:22:48,185 DEBUG    [line range] com/google/javascript/rhino/Node.java removeProp 864:869
2021-07-03 12:22:48,283 DEBUG                  - depth 0, hash c9e8972, HEAD~1046
2021-07-03 12:22:48,289 DEBUG                  - depth 1, hash 4385971, HEAD~1097
2021-07-03 12:22:48,293 DEBUG                  - depth 2, hash 6b49cfd, HEAD~1252
2021-07-03 12:22:48,298 DEBUG    [line range] com/google/javascript/rhino/Node.java removeProp 877:890
2021-07-03 12:22:48,398 DEBUG                  - depth 0, hash 04a9097, HEAD~128
2021-07-03 12:22:48,404 DEBUG                  - depth 1, hash e42c68a, HEAD~138
2021-07-03 12:22:48,409 DEBUG                  - depth 2, hash c9e8972, HEAD~1046
2021-07-03 12:22:48,413 DEBUG                  - depth 3, hash 4385971, HEAD~1097
2021-07-03 12:22:48,417 DEBUG                  - depth 4, hash 6b49cfd, HEAD~1252
2021-07-03 12:22:48,422 DEBUG    [line range] com/google/javascript/rhino/Node.java setCharno 1309:1311
2021-07-03 12:22:48,518 DEBUG                  - depth 0, hash 4385971, HEAD~1097
2021-07-03 12:22:48,524 DEBUG                  - depth 1, hash 6b49cfd, HEAD~1252
2021-07-03 12:22:48,529 DEBUG    [line range] com/google/javascript/rhino/Node.java setInputId 1258:1260
2021-07-03 12:22:48,612 DEBUG                  - depth 0, hash 44293eb, HEAD~27
2021-07-03 12:22:48,618 DEBUG    [line range] com/google/javascript/rhino/Node.java setIsSyntheticBlock 2284:2286
2021-07-03 12:22:48,717 DEBUG                  - depth 0, hash 4385971, HEAD~1097
2021-07-03 12:22:48,723 DEBUG                  - depth 1, hash 66485d3, HEAD~1204
2021-07-03 12:22:48,728 DEBUG    [line range] com/google/javascript/rhino/Node.java setJSDocInfo 2240:2242
2021-07-03 12:22:48,823 DEBUG                  - depth 0, hash 4385971, HEAD~1097
2021-07-03 12:22:48,829 DEBUG                  - depth 1, hash 66485d3, HEAD~1204
2021-07-03 12:22:48,834 DEBUG    [line range] com/google/javascript/rhino/Node.java setLineno 1301:1307
2021-07-03 12:22:48,929 DEBUG                  - depth 0, hash 4385971, HEAD~1097
2021-07-03 12:22:48,935 DEBUG                  - depth 1, hash 6b49cfd, HEAD~1252
2021-07-03 12:22:48,939 DEBUG    [line range] com/google/javascript/rhino/Node.java setStaticSourceFile 1236:1238
2021-07-03 12:22:49,023 DEBUG                  - depth 0, hash 9320fec, HEAD~100
2021-07-03 12:22:49,029 DEBUG    [line range] com/google/javascript/rhino/Node.java <init> 372:375
2021-07-03 12:22:49,129 DEBUG                  - depth 0, hash e42c68a, HEAD~138
2021-07-03 12:22:49,135 DEBUG                  - depth 1, hash c9e8972, HEAD~1046
2021-07-03 12:22:49,139 DEBUG                  - depth 2, hash 4385971, HEAD~1097
2021-07-03 12:22:49,144 DEBUG                  - depth 3, hash 7efb21a, HEAD~1249
2021-07-03 12:22:49,148 DEBUG                  - depth 4, hash 6b49cfd, HEAD~1252
2021-07-03 12:22:49,153 DEBUG    [line range] com/google/javascript/rhino/Node.java getNext 382:385
2021-07-03 12:22:49,248 DEBUG                  - depth 0, hash 5200a1c, HEAD~43
2021-07-03 12:22:49,254 DEBUG                  - depth 1, hash e42c68a, HEAD~138
2021-07-03 12:22:49,259 DEBUG                  - depth 2, hash c9e8972, HEAD~1046
2021-07-03 12:22:49,263 DEBUG                  - depth 3, hash 4385971, HEAD~1097
2021-07-03 12:22:49,267 DEBUG                  - depth 4, hash 7efb21a, HEAD~1249
2021-07-03 12:22:49,272 DEBUG                  - depth 5, hash 6b49cfd, HEAD~1252
2021-07-03 12:22:49,276 DEBUG    [single line]   com/google/javascript/rhino/Node.java <init> 2211
2021-07-03 12:22:49,371 DEBUG                  - depth 0, hash 4385971, HEAD~1097
2021-07-03 12:22:49,377 DEBUG                  - depth 1, hash 66485d3, HEAD~1204
2021-07-03 12:22:49,382 DEBUG    [line range] com/google/javascript/rhino/Node.java <init> 430:433
2021-07-03 12:22:49,470 DEBUG                  - depth 0, hash e42c68a, HEAD~138
2021-07-03 12:22:49,476 DEBUG    [line range] com/google/javascript/rhino/Node.java chain 450:453
2021-07-03 12:22:49,564 DEBUG                  - depth 0, hash 04a9097, HEAD~128
2021-07-03 12:22:49,570 DEBUG    [line range] com/google/javascript/rhino/Node.java <init> 398:401
2021-07-03 12:22:49,659 DEBUG                  - depth 0, hash e42c68a, HEAD~138
2021-07-03 12:22:49,665 DEBUG    [line range] com/google/javascript/rhino/Node.java getObjectValue 408:411
2021-07-03 12:22:49,753 DEBUG                  - depth 0, hash e42c68a, HEAD~138
2021-07-03 12:22:49,759 DEBUG    [line range] com/google/javascript/rhino/Node.java <init> 291:297
2021-07-03 12:22:49,854 DEBUG                  - depth 0, hash 4385971, HEAD~1097
2021-07-03 12:22:49,860 DEBUG                  - depth 1, hash 6b49cfd, HEAD~1252
2021-07-03 12:22:49,865 DEBUG    [line range] com/google/javascript/rhino/Node.java getString 311:314
2021-07-03 12:22:49,961 DEBUG                  - depth 0, hash 4385971, HEAD~1097
2021-07-03 12:22:49,967 DEBUG                  - depth 1, hash 6b49cfd, HEAD~1252
2021-07-03 12:22:50,386 DEBUG    [line range] com/google/javascript/rhino/ScriptRuntime.java <clinit> 81:82
2021-07-03 12:22:50,470 DEBUG                  - depth 0, hash 6b49cfd, HEAD~1252
2021-07-03 12:22:50,476 DEBUG    [line range] com/google/javascript/rhino/ScriptRuntime.java getMessage 456:483
2021-07-03 12:22:50,562 DEBUG                  - depth 0, hash 6b49cfd, HEAD~1252
2021-07-03 12:22:50,568 DEBUG    [line range] com/google/javascript/rhino/ScriptRuntime.java getMessage0 420:423
2021-07-03 12:22:50,651 DEBUG                  - depth 0, hash 6b49cfd, HEAD~1252
2021-07-03 12:22:51,106 DEBUG    [line range] com/google/javascript/rhino/jstype/JSType.java <clinit> 90:95
2021-07-03 12:22:51,195 DEBUG                  - depth 0, hash 5200a1c, HEAD~43
2021-07-03 12:22:51,201 DEBUG                  - depth 1, hash 6b49cfd, HEAD~1252
2021-07-03 12:22:51,205 DEBUG    [line range] com/google/javascript/rhino/jstype/JSType.java compare 90:95
2021-07-03 12:22:51,292 DEBUG                  - depth 0, hash 5200a1c, HEAD~43
2021-07-03 12:22:51,298 DEBUG                  - depth 1, hash 6b49cfd, HEAD~1252
2021-07-03 12:22:51,661 DEBUG    [line range] com/google/javascript/rhino/jstype/ObjectType.java createDelegateSuffix 221:223
2021-07-03 12:22:51,772 DEBUG                  - depth 0, hash 39dde4c, HEAD~812
2021-07-03 12:22:51,778 INFO     The number of BIC candidates: 103
