2021-07-03 13:44:55,796 INFO     Search BICs for /tmp/Closure-83b/
2021-07-03 13:44:55,796 DEBUG    Reading the coverage of com.google.javascript.jscomp.CommandLineRunnerTest::testVersionFlag2 (failings)
2021-07-03 13:44:56,016 INFO     Loaded 1x179 Coverage Matrix
2021-07-03 13:44:56,016 INFO     The number of total commits: 645
2021-07-03 13:44:56,470 DEBUG    [line range] com/google/javascript/jscomp/AbstractCommandLineRunner.java <init> 98:98
2021-07-03 13:44:56,522 DEBUG                  - depth 0, hash 61b5204, HEAD~311
2021-07-03 13:44:56,528 DEBUG    [line range] com/google/javascript/jscomp/AbstractCommandLineRunner.java <init> 1189:1189
2021-07-03 13:44:56,582 DEBUG                  - depth 0, hash c080c66, HEAD~543
2021-07-03 13:44:56,588 DEBUG    [single line]   com/google/javascript/jscomp/AbstractCommandLineRunner.java access$3700 1188
2021-07-03 13:44:56,644 DEBUG                  - depth 0, hash c080c66, HEAD~543
2021-07-03 13:44:56,649 DEBUG    [line range] com/google/javascript/jscomp/AbstractCommandLineRunner.java <init> 1135:1135
2021-07-03 13:44:56,706 DEBUG                  - depth 0, hash 915752b, HEAD~608
2021-07-03 13:44:56,711 DEBUG    [single line]   com/google/javascript/jscomp/AbstractCommandLineRunner.java access$2100 1134
2021-07-03 13:44:56,767 DEBUG                  - depth 0, hash e94b5cc, HEAD~129
2021-07-03 13:44:56,772 DEBUG                  - depth 1, hash 468118e, HEAD~161
2021-07-03 13:44:56,776 DEBUG                  - depth 2, hash e859f6f, HEAD~313
2021-07-03 13:44:56,780 DEBUG                  - depth 3, hash 69b2d38, HEAD~361
2021-07-03 13:44:56,784 DEBUG                  - depth 4, hash 915752b, HEAD~608
2021-07-03 13:44:57,194 DEBUG    [line range] com/google/javascript/jscomp/CommandLineRunner.java <clinit> 524:570
2021-07-03 13:44:57,244 DEBUG                  - depth 0, hash 9eeebbb, HEAD~347
2021-07-03 13:44:57,249 DEBUG                  - depth 1, hash 6a94702, HEAD~419
2021-07-03 13:44:57,253 DEBUG    [line range] com/google/javascript/jscomp/CommandLineRunner.java <init> 381:381
2021-07-03 13:44:57,306 DEBUG                  - depth 0, hash e5d3e5e, HEAD~542
2021-07-03 13:44:57,311 DEBUG                  - depth 1, hash 4191b88, HEAD~616
2021-07-03 13:44:57,315 DEBUG                  - depth 2, hash 3119300, HEAD~621
2021-07-03 13:44:57,319 DEBUG                  - depth 3, hash 6b49cfd, HEAD~643
2021-07-03 13:44:57,323 DEBUG    [line range] com/google/javascript/jscomp/CommandLineRunner.java initConfigFromFlags 403:483
2021-07-03 13:44:57,374 DEBUG                  - depth 0, hash cf96848, HEAD~217
2021-07-03 13:44:57,380 DEBUG                  - depth 1, hash f116658, HEAD~245
2021-07-03 13:44:57,384 DEBUG                  - depth 2, hash fe58a5d, HEAD~248
2021-07-03 13:44:57,388 DEBUG                  - depth 3, hash 260f0ff, HEAD~464
2021-07-03 13:44:57,392 DEBUG                  - depth 4, hash 9147da9, HEAD~472
2021-07-03 13:44:57,396 DEBUG                  - depth 5, hash b29d4a8, HEAD~481
2021-07-03 13:44:57,400 DEBUG                  - depth 6, hash 93b0215, HEAD~495
2021-07-03 13:44:57,404 DEBUG                  - depth 7, hash 8c5eb24, HEAD~507
2021-07-03 13:44:57,408 DEBUG                  - depth 8, hash e5d3e5e, HEAD~542
2021-07-03 13:44:57,412 DEBUG                  - depth 9, hash c080c66, HEAD~543
2021-07-03 13:44:57,416 DEBUG                  - depth 10, hash 6b49cfd, HEAD~643
2021-07-03 13:44:57,420 DEBUG    [line range] com/google/javascript/jscomp/CommandLineRunner.java shouldRunCompiler 608:610
2021-07-03 13:44:57,470 DEBUG                  - depth 0, hash 93b0215, HEAD~495
2021-07-03 13:44:57,475 DEBUG    [line range] com/google/javascript/jscomp/CommandLineRunner.java <init> 84:87
2021-07-03 13:44:57,525 DEBUG                  - depth 0, hash 3b40047, HEAD~228
2021-07-03 13:44:57,530 DEBUG                  - depth 1, hash 93b0215, HEAD~495
2021-07-03 13:44:57,535 DEBUG    [single line]   com/google/javascript/jscomp/CommandLineRunner.java access$3900 83
2021-07-03 13:44:57,586 DEBUG                  - depth 0, hash e5d3e5e, HEAD~542
2021-07-03 13:44:57,591 DEBUG                  - depth 1, hash c080c66, HEAD~543
2021-07-03 13:44:57,595 DEBUG                  - depth 2, hash 4191b88, HEAD~616
2021-07-03 13:44:57,599 DEBUG                  - depth 3, hash 3119300, HEAD~621
2021-07-03 13:44:57,603 DEBUG                  - depth 4, hash 847b296, HEAD~624
2021-07-03 13:44:57,608 DEBUG                  - depth 5, hash 0b7eccf, HEAD~642
2021-07-03 13:44:57,612 DEBUG                  - depth 6, hash 6b49cfd, HEAD~643
2021-07-03 13:44:57,616 DEBUG    [line range] com/google/javascript/jscomp/CommandLineRunner.java <init> 326:330
2021-07-03 13:44:57,668 DEBUG                  - depth 0, hash e5d3e5e, HEAD~542
2021-07-03 13:44:57,673 DEBUG                  - depth 1, hash c080c66, HEAD~543
2021-07-03 13:44:57,677 DEBUG                  - depth 2, hash 4191b88, HEAD~616
2021-07-03 13:44:57,681 DEBUG                  - depth 3, hash 3119300, HEAD~621
2021-07-03 13:44:57,685 DEBUG                  - depth 4, hash 847b296, HEAD~624
2021-07-03 13:44:57,689 DEBUG                  - depth 5, hash 0b7eccf, HEAD~642
2021-07-03 13:44:57,694 DEBUG                  - depth 6, hash 6b49cfd, HEAD~643
2021-07-03 13:44:57,698 DEBUG    [line range] com/google/javascript/jscomp/CommandLineRunner.java getDefaultMetaVariable 352:355
2021-07-03 13:44:57,748 DEBUG                  - depth 0, hash e5d3e5e, HEAD~542
2021-07-03 13:44:57,754 DEBUG                  - depth 1, hash c080c66, HEAD~543
2021-07-03 13:44:57,758 DEBUG                  - depth 2, hash 4191b88, HEAD~616
2021-07-03 13:44:57,762 DEBUG                  - depth 3, hash 3119300, HEAD~621
2021-07-03 13:44:57,766 DEBUG                  - depth 4, hash 847b296, HEAD~624
2021-07-03 13:44:57,770 DEBUG                  - depth 5, hash 0b7eccf, HEAD~642
2021-07-03 13:44:57,774 DEBUG                  - depth 6, hash 6b49cfd, HEAD~643
2021-07-03 13:44:57,778 DEBUG    [line range] com/google/javascript/jscomp/CommandLineRunner.java parseArguments 332:350
2021-07-03 13:44:57,831 DEBUG                  - depth 0, hash 3b40047, HEAD~228
2021-07-03 13:44:57,836 DEBUG                  - depth 1, hash e5d3e5e, HEAD~542
2021-07-03 13:44:57,840 DEBUG                  - depth 2, hash c080c66, HEAD~543
2021-07-03 13:44:57,845 DEBUG                  - depth 3, hash 4191b88, HEAD~616
2021-07-03 13:44:57,849 DEBUG                  - depth 4, hash 3119300, HEAD~621
2021-07-03 13:44:57,853 DEBUG                  - depth 5, hash 847b296, HEAD~624
2021-07-03 13:44:57,857 DEBUG                  - depth 6, hash 0b7eccf, HEAD~642
2021-07-03 13:44:57,861 DEBUG                  - depth 7, hash 6b49cfd, HEAD~643
2021-07-03 13:44:58,191 DEBUG    [single line]   com/google/javascript/jscomp/CompilationLevel.java <clinit> 25
2021-07-03 13:44:58,240 DEBUG                  - depth 0, hash 6b49cfd, HEAD~643
2021-07-03 13:44:58,245 DEBUG    [single line]   com/google/javascript/jscomp/CompilationLevel.java <clinit> 30
2021-07-03 13:44:58,294 DEBUG                  - depth 0, hash 6b49cfd, HEAD~643
2021-07-03 13:44:58,299 DEBUG    [single line]   com/google/javascript/jscomp/CompilationLevel.java <clinit> 40
2021-07-03 13:44:58,348 DEBUG                  - depth 0, hash 6b49cfd, HEAD~643
2021-07-03 13:44:58,353 DEBUG    [single line]   com/google/javascript/jscomp/CompilationLevel.java <clinit> 46
2021-07-03 13:44:58,402 DEBUG                  - depth 0, hash 6b49cfd, HEAD~643
2021-07-03 13:44:58,407 DEBUG    [line range] com/google/javascript/jscomp/CompilationLevel.java <init> 49:49
2021-07-03 13:44:58,457 DEBUG                  - depth 0, hash 6b49cfd, HEAD~643
2021-07-03 13:44:58,924 DEBUG    [single line]   com/google/javascript/jscomp/CompilerOptions.java <clinit> 1114
2021-07-03 13:44:58,981 DEBUG                  - depth 0, hash 6b49cfd, HEAD~643
2021-07-03 13:44:58,986 DEBUG    [single line]   com/google/javascript/jscomp/CompilerOptions.java <clinit> 1118
2021-07-03 13:44:59,043 DEBUG                  - depth 0, hash 6b49cfd, HEAD~643
2021-07-03 13:44:59,048 DEBUG    [single line]   com/google/javascript/jscomp/CompilerOptions.java <clinit> 1123
2021-07-03 13:44:59,106 DEBUG                  - depth 0, hash 6b49cfd, HEAD~643
2021-07-03 13:44:59,111 DEBUG    [single line]   com/google/javascript/jscomp/CompilerOptions.java <clinit> 1128
2021-07-03 13:44:59,168 DEBUG                  - depth 0, hash 847b296, HEAD~624
2021-07-03 13:44:59,174 DEBUG    [single line]   com/google/javascript/jscomp/CompilerOptions.java <clinit> 1133
2021-07-03 13:44:59,230 DEBUG                  - depth 0, hash 6b49cfd, HEAD~643
2021-07-03 13:44:59,235 DEBUG    [single line]   com/google/javascript/jscomp/CompilerOptions.java <clinit> 1146
2021-07-03 13:44:59,283 DEBUG                  - depth 0, hash d24a652, HEAD~18
2021-07-03 13:44:59,289 DEBUG    [single line]   com/google/javascript/jscomp/CompilerOptions.java <clinit> 1147
2021-07-03 13:44:59,338 DEBUG                  - depth 0, hash d24a652, HEAD~18
2021-07-03 13:44:59,344 DEBUG    [single line]   com/google/javascript/jscomp/CompilerOptions.java <clinit> 1148
2021-07-03 13:44:59,392 DEBUG                  - depth 0, hash d24a652, HEAD~18
2021-07-03 13:44:59,398 DEBUG    [single line]   com/google/javascript/jscomp/CompilerOptions.java <clinit> 1149
2021-07-03 13:44:59,445 DEBUG                  - depth 0, hash d24a652, HEAD~18
2021-07-03 13:44:59,768 DEBUG    [single line]   com/google/javascript/jscomp/DefaultCodingConvention.java <init> 32
2021-07-03 13:44:59,817 DEBUG                  - depth 0, hash 6b49cfd, HEAD~643
2021-07-03 13:45:00,109 DEBUG    [line range] com/google/javascript/jscomp/JSSourceFile.java <init> 71:74
2021-07-03 13:45:00,158 DEBUG                  - depth 0, hash 6b49cfd, HEAD~643
2021-07-03 13:45:00,164 DEBUG    [line range] com/google/javascript/jscomp/JSSourceFile.java fromCode 54:56
2021-07-03 13:45:00,212 DEBUG                  - depth 0, hash 6b49cfd, HEAD~643
2021-07-03 13:45:00,589 DEBUG    [line range] com/google/javascript/jscomp/SourceFile.java <init> 62:62
2021-07-03 13:45:00,638 DEBUG                  - depth 0, hash 7bfdbd9, HEAD~536
2021-07-03 13:45:00,643 DEBUG    [single line]   com/google/javascript/jscomp/SourceFile.java access$000 40
2021-07-03 13:45:00,692 DEBUG                  - depth 0, hash 6b49cfd, HEAD~643
2021-07-03 13:45:00,697 DEBUG    [line range] com/google/javascript/jscomp/SourceFile.java fromCode 256:258
2021-07-03 13:45:00,745 DEBUG                  - depth 0, hash 6b49cfd, HEAD~643
2021-07-03 13:45:00,751 DEBUG    [line range] com/google/javascript/jscomp/SourceFile.java getName 135:137
2021-07-03 13:45:00,799 DEBUG                  - depth 0, hash 6b49cfd, HEAD~643
2021-07-03 13:45:00,805 DEBUG    [line range] com/google/javascript/jscomp/SourceFile.java setCode 109:111
2021-07-03 13:45:00,854 DEBUG                  - depth 0, hash 6b49cfd, HEAD~643
2021-07-03 13:45:00,860 DEBUG    [line range] com/google/javascript/jscomp/SourceFile.java setOriginalPath 117:119
2021-07-03 13:45:00,908 DEBUG                  - depth 0, hash 7bfdbd9, HEAD~536
2021-07-03 13:45:00,914 DEBUG    [line range] com/google/javascript/jscomp/SourceFile.java <init> 296:298
2021-07-03 13:45:00,962 DEBUG                  - depth 0, hash 7bfdbd9, HEAD~536
2021-07-03 13:45:00,968 DEBUG                  - depth 1, hash 6b49cfd, HEAD~643
2021-07-03 13:45:00,972 DEBUG    [line range] com/google/javascript/jscomp/SourceFile.java <init> 300:304
2021-07-03 13:45:01,020 DEBUG                  - depth 0, hash 7bfdbd9, HEAD~536
2021-07-03 13:45:01,026 DEBUG                  - depth 1, hash 6b49cfd, HEAD~643
2021-07-03 13:45:01,329 DEBUG    [single line]   com/google/javascript/jscomp/SourceMap.java <clinit> 52
2021-07-03 13:45:01,377 DEBUG                  - depth 0, hash 1146205, HEAD~346
2021-07-03 13:45:01,383 DEBUG    [single line]   com/google/javascript/jscomp/SourceMap.java <clinit> 55
2021-07-03 13:45:01,431 DEBUG                  - depth 0, hash 1146205, HEAD~346
2021-07-03 13:45:01,437 DEBUG    [single line]   com/google/javascript/jscomp/SourceMap.java <clinit> 62
2021-07-03 13:45:01,487 DEBUG                  - depth 0, hash 1146205, HEAD~346
2021-07-03 13:45:01,492 DEBUG    [single line]   com/google/javascript/jscomp/SourceMap.java apply 55
2021-07-03 13:45:01,542 DEBUG                  - depth 0, hash 1146205, HEAD~346
2021-07-03 13:45:01,548 DEBUG    [single line]   com/google/javascript/jscomp/SourceMap.java apply 62
2021-07-03 13:45:01,598 DEBUG                  - depth 0, hash 1146205, HEAD~346
2021-07-03 13:45:01,603 DEBUG    [single line]   com/google/javascript/jscomp/SourceMap.java <clinit> 35
2021-07-03 13:45:01,653 DEBUG                  - depth 0, hash 64857ce, HEAD~301
2021-07-03 13:45:01,659 DEBUG                  - depth 1, hash f86b892, HEAD~406
2021-07-03 13:45:01,663 DEBUG                  - depth 2, hash 6b49cfd, HEAD~643
2021-07-03 13:45:01,667 DEBUG    [single line]   com/google/javascript/jscomp/SourceMap.java <clinit> 36
2021-07-03 13:45:01,718 DEBUG                  - depth 0, hash 64857ce, HEAD~301
2021-07-03 13:45:01,724 DEBUG                  - depth 1, hash f86b892, HEAD~406
2021-07-03 13:45:01,728 DEBUG                  - depth 2, hash 6b49cfd, HEAD~643
2021-07-03 13:45:01,732 DEBUG    [single line]   com/google/javascript/jscomp/SourceMap.java <clinit> 41
2021-07-03 13:45:01,783 DEBUG                  - depth 0, hash 64857ce, HEAD~301
2021-07-03 13:45:01,789 DEBUG                  - depth 1, hash f86b892, HEAD~406
2021-07-03 13:45:01,793 DEBUG                  - depth 2, hash 6b49cfd, HEAD~643
2021-07-03 13:45:01,797 DEBUG    [single line]   com/google/javascript/jscomp/SourceMap.java <init> 36
2021-07-03 13:45:01,847 DEBUG                  - depth 0, hash 64857ce, HEAD~301
2021-07-03 13:45:01,853 DEBUG                  - depth 1, hash f86b892, HEAD~406
2021-07-03 13:45:01,857 DEBUG                  - depth 2, hash 6b49cfd, HEAD~643
2021-07-03 13:45:01,861 DEBUG    [single line]   com/google/javascript/jscomp/SourceMap.java <init> 41
2021-07-03 13:45:01,911 DEBUG                  - depth 0, hash 64857ce, HEAD~301
2021-07-03 13:45:01,917 DEBUG                  - depth 1, hash f86b892, HEAD~406
2021-07-03 13:45:01,921 DEBUG                  - depth 2, hash 6b49cfd, HEAD~643
2021-07-03 13:45:02,222 DEBUG    [single line]   com/google/javascript/jscomp/WarningLevel.java <clinit> 26
2021-07-03 13:45:02,270 DEBUG                  - depth 0, hash 0b7eccf, HEAD~642
2021-07-03 13:45:02,275 DEBUG    [single line]   com/google/javascript/jscomp/WarningLevel.java <clinit> 27
2021-07-03 13:45:02,323 DEBUG                  - depth 0, hash 0b7eccf, HEAD~642
2021-07-03 13:45:02,329 DEBUG    [single line]   com/google/javascript/jscomp/WarningLevel.java <clinit> 29
2021-07-03 13:45:02,379 DEBUG                  - depth 0, hash 0b7eccf, HEAD~642
2021-07-03 13:45:02,384 DEBUG    [single line]   com/google/javascript/jscomp/WarningLevel.java <clinit> 31
2021-07-03 13:45:02,432 DEBUG                  - depth 0, hash 0b7eccf, HEAD~642
2021-07-03 13:45:02,438 DEBUG    [line range] com/google/javascript/jscomp/WarningLevel.java setOptionsForWarningLevel 33:47
2021-07-03 13:45:02,486 DEBUG                  - depth 0, hash 28f53ea, HEAD~592
2021-07-03 13:45:02,492 DEBUG                  - depth 1, hash 0b7eccf, HEAD~642
2021-07-03 13:45:02,496 INFO     The number of BIC candidates: 30
