2021-07-03 12:19:20,564 INFO     Search BICs for /tmp/Closure-56b/
2021-07-03 12:19:20,564 DEBUG    Reading the coverage of com.google.javascript.jscomp.JSCompilerSourceExcerptProviderTest::testExceptNoNewLine (failings)
2021-07-03 12:19:20,699 DEBUG    Reading the coverage of com.google.javascript.jscomp.JsMessageExtractorTest::testSyntaxError2 (failings)
2021-07-03 12:19:20,874 DEBUG    Reading the coverage of com.google.javascript.jscomp.JsMessageExtractorTest::testSyntaxError1 (failings)
2021-07-03 12:19:21,036 INFO     Loaded 3x1170 Coverage Matrix
2021-07-03 12:19:21,036 INFO     The number of total commits: 1270
2021-07-03 12:19:21,353 DEBUG    [line range] com/google/javascript/jscomp/AbstractCompiler.java <clinit> 41:42
2021-07-03 12:19:21,439 DEBUG                  - depth 0, hash 3924ff1, HEAD~1252
2021-07-03 12:19:21,445 DEBUG    [single line]   com/google/javascript/jscomp/AbstractCompiler.java <init> 40
2021-07-03 12:19:21,529 DEBUG                  - depth 0, hash 6b49cfd, HEAD~1268
2021-07-03 12:19:21,534 DEBUG    [line range] com/google/javascript/jscomp/AbstractCompiler.java <init> 44:44
2021-07-03 12:19:21,617 DEBUG                  - depth 0, hash 8936be7, HEAD~678
2021-07-03 12:19:21,913 DEBUG    [line range] com/google/javascript/jscomp/AbstractMessageFormatter.java <clinit> 47:51
2021-07-03 12:19:21,996 DEBUG                  - depth 0, hash 6b49cfd, HEAD~1268
2021-07-03 12:19:22,002 DEBUG    [line range] com/google/javascript/jscomp/AbstractMessageFormatter.java <init> 32:34
2021-07-03 12:19:22,084 DEBUG                  - depth 0, hash 6b49cfd, HEAD~1268
2021-07-03 12:19:22,090 DEBUG    [line range] com/google/javascript/jscomp/AbstractMessageFormatter.java setColorize 36:38
2021-07-03 12:19:22,175 DEBUG                  - depth 0, hash 6b49cfd, HEAD~1268
2021-07-03 12:19:22,452 DEBUG    [single line]   com/google/javascript/jscomp/AnonymousFunctionNamingPolicy.java <clinit> 23
2021-07-03 12:19:22,535 DEBUG                  - depth 0, hash 6b49cfd, HEAD~1268
2021-07-03 12:19:22,540 DEBUG    [single line]   com/google/javascript/jscomp/AnonymousFunctionNamingPolicy.java <clinit> 26
2021-07-03 12:19:22,623 DEBUG                  - depth 0, hash 6b49cfd, HEAD~1268
2021-07-03 12:19:22,628 DEBUG    [single line]   com/google/javascript/jscomp/AnonymousFunctionNamingPolicy.java <clinit> 34
2021-07-03 12:19:22,711 DEBUG                  - depth 0, hash 6b49cfd, HEAD~1268
2021-07-03 12:19:22,716 DEBUG    [single line]   com/google/javascript/jscomp/AnonymousFunctionNamingPolicy.java <clinit> 42
2021-07-03 12:19:22,799 DEBUG                  - depth 0, hash 6b49cfd, HEAD~1268
2021-07-03 12:19:22,805 DEBUG    [line range] com/google/javascript/jscomp/AnonymousFunctionNamingPolicy.java <init> 47:49
2021-07-03 12:19:22,888 DEBUG                  - depth 0, hash 6b49cfd, HEAD~1268
2021-07-03 12:19:23,217 DEBUG    [single line]   com/google/javascript/jscomp/BasicErrorManager.java <init> 37
2021-07-03 12:19:23,300 DEBUG                  - depth 0, hash 6b49cfd, HEAD~1268
2021-07-03 12:19:23,306 DEBUG    [line range] com/google/javascript/jscomp/BasicErrorManager.java <init> 38:39
2021-07-03 12:19:23,390 DEBUG                  - depth 0, hash 66485d3, HEAD~1220
2021-07-03 12:19:23,395 DEBUG                  - depth 1, hash 6b49cfd, HEAD~1268
2021-07-03 12:19:23,399 DEBUG    [single line]   com/google/javascript/jscomp/BasicErrorManager.java compare 123
2021-07-03 12:19:23,481 DEBUG                  - depth 0, hash 6b49cfd, HEAD~1268
2021-07-03 12:19:23,868 DEBUG    [line range] com/google/javascript/jscomp/CheckAccessControls.java <clinit> 49:51
2021-07-03 12:19:23,954 DEBUG                  - depth 0, hash 6b49cfd, HEAD~1268
2021-07-03 12:19:24,301 DEBUG    [line range] com/google/javascript/jscomp/CheckGlobalNames.java <clinit> 39:41
2021-07-03 12:19:24,385 DEBUG                  - depth 0, hash 6b49cfd, HEAD~1268
2021-07-03 12:19:24,723 DEBUG    [line range] com/google/javascript/jscomp/CheckGlobalThis.java <clinit> 58:60
2021-07-03 12:19:24,806 DEBUG                  - depth 0, hash 6b49cfd, HEAD~1268
2021-07-03 12:19:25,092 DEBUG    [single line]   com/google/javascript/jscomp/CheckLevel.java <clinit> 24
2021-07-03 12:19:25,176 DEBUG                  - depth 0, hash 6b49cfd, HEAD~1268
2021-07-03 12:19:25,182 DEBUG    [single line]   com/google/javascript/jscomp/CheckLevel.java <clinit> 25
2021-07-03 12:19:25,264 DEBUG                  - depth 0, hash 6b49cfd, HEAD~1268
2021-07-03 12:19:25,270 DEBUG    [single line]   com/google/javascript/jscomp/CheckLevel.java <clinit> 26
2021-07-03 12:19:25,352 DEBUG                  - depth 0, hash 6b49cfd, HEAD~1268
2021-07-03 12:19:25,357 DEBUG    [single line]   com/google/javascript/jscomp/CheckLevel.java <clinit> 27
2021-07-03 12:19:25,442 DEBUG                  - depth 0, hash 6b49cfd, HEAD~1268
2021-07-03 12:19:25,447 DEBUG    [line range] com/google/javascript/jscomp/CheckLevel.java isOn 29:31
2021-07-03 12:19:25,534 DEBUG                  - depth 0, hash 6b49cfd, HEAD~1268
2021-07-03 12:19:25,854 DEBUG    [line range] com/google/javascript/jscomp/CheckRegExp.java <clinit> 32:35
2021-07-03 12:19:25,938 DEBUG                  - depth 0, hash cb7f2a3, HEAD~1109
2021-07-03 12:19:25,943 DEBUG                  - depth 1, hash 74a817b, HEAD~1119
2021-07-03 12:19:26,261 DEBUG    [line range] com/google/javascript/jscomp/CheckSideEffects.java <clinit> 37:39
2021-07-03 12:19:26,344 DEBUG                  - depth 0, hash 6b49cfd, HEAD~1268
2021-07-03 12:19:26,653 DEBUG    [line range] com/google/javascript/jscomp/CheckUnreachableCode.java <clinit> 36:37
2021-07-03 12:19:26,736 DEBUG                  - depth 0, hash 6b49cfd, HEAD~1268
2021-07-03 12:19:27,113 DEBUG    [line range] com/google/javascript/jscomp/ClosureCodingConvention.java <clinit> 42:44
2021-07-03 12:19:27,198 DEBUG                  - depth 0, hash 6b49cfd, HEAD~1268
2021-07-03 12:19:27,203 DEBUG    [single line]   com/google/javascript/jscomp/ClosureCodingConvention.java <init> 38
2021-07-03 12:19:27,288 DEBUG                  - depth 0, hash 6b49cfd, HEAD~1268
2021-07-03 12:19:27,293 DEBUG    [line range] com/google/javascript/jscomp/ClosureCodingConvention.java <init> 278:281
2021-07-03 12:19:27,377 DEBUG                  - depth 0, hash 6b49cfd, HEAD~1268
2021-07-03 12:19:27,651 DEBUG    [single line]   com/google/javascript/jscomp/CodeChangeHandler.java <init> 35
2021-07-03 12:19:27,734 DEBUG                  - depth 0, hash 6b49cfd, HEAD~1268
2021-07-03 12:19:27,739 DEBUG    [line range] com/google/javascript/jscomp/CodeChangeHandler.java <init> 36:36
2021-07-03 12:19:27,822 DEBUG                  - depth 0, hash 6b49cfd, HEAD~1268
2021-07-03 12:19:28,358 DEBUG    [line range] com/google/javascript/jscomp/Compiler.java <init> 183:185
2021-07-03 12:19:28,475 DEBUG                  - depth 0, hash 6f2539a, HEAD~1148
2021-07-03 12:19:28,480 DEBUG                  - depth 1, hash 6b49cfd, HEAD~1268
2021-07-03 12:19:28,484 DEBUG    [line range] com/google/javascript/jscomp/Compiler.java <init> 81:81
2021-07-03 12:19:28,600 DEBUG                  - depth 0, hash a70a7c5, HEAD~1146
2021-07-03 12:19:28,605 DEBUG                  - depth 1, hash 6f2539a, HEAD~1148
2021-07-03 12:19:28,609 DEBUG                  - depth 2, hash 6b49cfd, HEAD~1268
2021-07-03 12:19:28,614 DEBUG    [line range] com/google/javascript/jscomp/Compiler.java checkFirstModule 394:402
2021-07-03 12:19:28,730 DEBUG                  - depth 0, hash 279196b, HEAD~1095
2021-07-03 12:19:28,735 DEBUG                  - depth 1, hash c25df7e, HEAD~1124
2021-07-03 12:19:28,739 DEBUG                  - depth 2, hash 6b49cfd, HEAD~1268
2021-07-03 12:19:28,744 DEBUG    [line range] com/google/javascript/jscomp/Compiler.java createMessageFormatter 219:222
2021-07-03 12:19:28,860 DEBUG                  - depth 0, hash a70a7c5, HEAD~1146
2021-07-03 12:19:28,865 DEBUG                  - depth 1, hash 6b49cfd, HEAD~1268
2021-07-03 12:19:28,869 DEBUG    [line range] com/google/javascript/jscomp/Compiler.java fillEmptyModules 408:414
2021-07-03 12:19:28,985 DEBUG                  - depth 0, hash 279196b, HEAD~1095
2021-07-03 12:19:28,991 DEBUG                  - depth 1, hash c25df7e, HEAD~1124
2021-07-03 12:19:28,995 DEBUG                  - depth 2, hash a70a7c5, HEAD~1146
2021-07-03 12:19:28,999 DEBUG                  - depth 3, hash 6b49cfd, HEAD~1268
2021-07-03 12:19:29,003 DEBUG    [line range] com/google/javascript/jscomp/Compiler.java getAllInputsFromModules 430:446
2021-07-03 12:19:29,120 DEBUG                  - depth 0, hash 279196b, HEAD~1095
2021-07-03 12:19:29,126 DEBUG                  - depth 1, hash c25df7e, HEAD~1124
2021-07-03 12:19:29,130 DEBUG                  - depth 2, hash a70a7c5, HEAD~1146
2021-07-03 12:19:29,134 DEBUG                  - depth 3, hash 6b49cfd, HEAD~1268
2021-07-03 12:19:29,138 DEBUG    [line range] com/google/javascript/jscomp/Compiler.java init 305:313
2021-07-03 12:19:29,255 DEBUG                  - depth 0, hash 279196b, HEAD~1095
2021-07-03 12:19:29,260 DEBUG                  - depth 1, hash b29d4a8, HEAD~1106
2021-07-03 12:19:29,264 DEBUG                  - depth 2, hash c25df7e, HEAD~1124
2021-07-03 12:19:29,268 DEBUG                  - depth 3, hash a70a7c5, HEAD~1146
2021-07-03 12:19:29,272 DEBUG                  - depth 4, hash 6f2539a, HEAD~1148
2021-07-03 12:19:29,277 DEBUG                  - depth 5, hash 845f5ff, HEAD~1250
2021-07-03 12:19:29,281 DEBUG                  - depth 6, hash 6b49cfd, HEAD~1268
2021-07-03 12:19:29,285 DEBUG    [line range] com/google/javascript/jscomp/Compiler.java init 296:300
2021-07-03 12:19:29,402 DEBUG                  - depth 0, hash c25df7e, HEAD~1124
2021-07-03 12:19:29,407 DEBUG                  - depth 1, hash 6b49cfd, HEAD~1268
2021-07-03 12:19:29,411 DEBUG    [line range] com/google/javascript/jscomp/Compiler.java initBasedOnOptions 365:371
2021-07-03 12:19:29,524 DEBUG                  - depth 0, hash 7647d95, HEAD~92
2021-07-03 12:19:29,530 DEBUG                  - depth 1, hash 64857ce, HEAD~926
2021-07-03 12:19:29,534 DEBUG                  - depth 2, hash a70a7c5, HEAD~1146
2021-07-03 12:19:29,538 DEBUG                  - depth 3, hash 845f5ff, HEAD~1250
2021-07-03 12:19:29,542 DEBUG    [line range] com/google/javascript/jscomp/Compiler.java initInputsByIdMap 458:474
2021-07-03 12:19:29,659 DEBUG                  - depth 0, hash 1b8156d, HEAD~36
2021-07-03 12:19:29,664 DEBUG                  - depth 1, hash a70a7c5, HEAD~1146
2021-07-03 12:19:29,668 DEBUG                  - depth 2, hash 6b49cfd, HEAD~1268
2021-07-03 12:19:29,673 DEBUG    [line range] com/google/javascript/jscomp/Compiler.java initModules 329:360
2021-07-03 12:19:29,789 DEBUG                  - depth 0, hash 1b8156d, HEAD~36
2021-07-03 12:19:29,794 DEBUG                  - depth 1, hash 279196b, HEAD~1095
2021-07-03 12:19:29,799 DEBUG                  - depth 2, hash c25df7e, HEAD~1124
2021-07-03 12:19:29,803 DEBUG                  - depth 3, hash a70a7c5, HEAD~1146
2021-07-03 12:19:29,807 DEBUG                  - depth 4, hash 6f2539a, HEAD~1148
2021-07-03 12:19:29,811 DEBUG                  - depth 5, hash 845f5ff, HEAD~1250
2021-07-03 12:19:29,815 DEBUG                  - depth 6, hash 6b49cfd, HEAD~1268
2021-07-03 12:19:29,819 DEBUG    [line range] com/google/javascript/jscomp/Compiler.java initOptions 228:291
2021-07-03 12:19:29,935 DEBUG                  - depth 0, hash 49b4ef3, HEAD~67
2021-07-03 12:19:29,941 DEBUG                  - depth 1, hash 9d1fbeb, HEAD~110
2021-07-03 12:19:29,945 DEBUG                  - depth 2, hash 29312d9, HEAD~211
2021-07-03 12:19:29,949 DEBUG                  - depth 3, hash b836418, HEAD~292
2021-07-03 12:19:29,953 DEBUG                  - depth 4, hash 3f8896c, HEAD~297
2021-07-03 12:19:29,957 DEBUG                  - depth 5, hash a2d9c86, HEAD~303
2021-07-03 12:19:29,961 DEBUG                  - depth 6, hash c00a33b, HEAD~422
2021-07-03 12:19:29,966 DEBUG                  - depth 7, hash 1e03ad0, HEAD~427
2021-07-03 12:19:29,970 DEBUG                  - depth 8, hash 8bf67e6, HEAD~428
2021-07-03 12:19:29,974 DEBUG                  - depth 9, hash 5709ec1, HEAD~474
2021-07-03 12:19:29,978 DEBUG                  - depth 10, hash 1004aa6, HEAD~953
2021-07-03 12:19:29,982 DEBUG                  - depth 11, hash a70a7c5, HEAD~1146
2021-07-03 12:19:29,986 DEBUG                  - depth 12, hash 6f2539a, HEAD~1148
2021-07-03 12:19:29,991 DEBUG    [line range] com/google/javascript/jscomp/Compiler.java makeCompilerInput 373:380
2021-07-03 12:19:30,112 DEBUG                  - depth 0, hash c25df7e, HEAD~1124
2021-07-03 12:19:30,117 DEBUG                  - depth 1, hash 6b49cfd, HEAD~1268
2021-07-03 12:19:30,121 DEBUG    [line range] com/google/javascript/jscomp/Compiler.java setErrorManager 209:213
2021-07-03 12:19:30,237 DEBUG                  - depth 0, hash 6b49cfd, HEAD~1268
2021-07-03 12:19:30,243 DEBUG    [line range] com/google/javascript/jscomp/Compiler.java <init> 776:782
2021-07-03 12:19:30,359 DEBUG                  - depth 0, hash 6b49cfd, HEAD~1268
2021-07-03 12:19:30,705 DEBUG    [line range] com/google/javascript/jscomp/CompilerInput.java <init> 88:90
2021-07-03 12:19:30,791 DEBUG                  - depth 0, hash 6b49cfd, HEAD~1268
2021-07-03 12:19:30,796 DEBUG    [line range] com/google/javascript/jscomp/CompilerInput.java <init> 92:94
2021-07-03 12:19:30,880 DEBUG                  - depth 0, hash 1b8156d, HEAD~36
2021-07-03 12:19:30,886 DEBUG                  - depth 1, hash 9320fec, HEAD~116
2021-07-03 12:19:30,890 DEBUG                  - depth 2, hash 6b49cfd, HEAD~1268
2021-07-03 12:19:30,894 DEBUG    [line range] com/google/javascript/jscomp/CompilerInput.java <init> 54:54
2021-07-03 12:19:30,979 DEBUG                  - depth 0, hash 6b49cfd, HEAD~1268
2021-07-03 12:19:30,985 DEBUG    [line range] com/google/javascript/jscomp/CompilerInput.java <init> 69:71
2021-07-03 12:19:31,069 DEBUG                  - depth 0, hash 1b8156d, HEAD~36
2021-07-03 12:19:31,074 DEBUG                  - depth 1, hash 6b49cfd, HEAD~1268
2021-07-03 12:19:31,078 DEBUG    [line range] com/google/javascript/jscomp/CompilerInput.java getInputId 97:100
2021-07-03 12:19:31,160 DEBUG                  - depth 0, hash f203be4, HEAD~40
2021-07-03 12:19:31,166 DEBUG    [line range] com/google/javascript/jscomp/CompilerInput.java getName 103:106
2021-07-03 12:19:31,249 DEBUG                  - depth 0, hash 1b8156d, HEAD~36
2021-07-03 12:19:31,255 DEBUG                  - depth 1, hash 4581182, HEAD~1138
2021-07-03 12:19:31,259 DEBUG                  - depth 2, hash 6b49cfd, HEAD~1268
2021-07-03 12:19:31,263 DEBUG    [line range] com/google/javascript/jscomp/CompilerInput.java getSourceFile 135:138
2021-07-03 12:19:31,347 DEBUG                  - depth 0, hash 6b49cfd, HEAD~1268
2021-07-03 12:19:31,353 DEBUG    [line range] com/google/javascript/jscomp/CompilerInput.java setModule 311:316
2021-07-03 12:19:31,436 DEBUG                  - depth 0, hash 6b49cfd, HEAD~1268
2021-07-03 12:19:31,904 DEBUG    [line range] com/google/javascript/jscomp/CompilerOptions.java <clinit> 1436:1437
2021-07-03 12:19:31,991 DEBUG                  - depth 0, hash 01f3b98, HEAD~396
2021-07-03 12:19:31,997 DEBUG    [line range] com/google/javascript/jscomp/CompilerOptions.java <init> 109:109
2021-07-03 12:19:32,092 DEBUG                  - depth 0, hash 9147da9, HEAD~1097
2021-07-03 12:19:32,098 DEBUG                  - depth 1, hash b29d4a8, HEAD~1106
2021-07-03 12:19:32,105 DEBUG    [line range] com/google/javascript/jscomp/CompilerOptions.java addWarningsGuard 1040:1042
2021-07-03 12:19:32,207 DEBUG                  - depth 0, hash a2d9c86, HEAD~303
2021-07-03 12:19:32,213 DEBUG                  - depth 1, hash 6b49cfd, HEAD~1268
2021-07-03 12:19:32,217 DEBUG    [line range] com/google/javascript/jscomp/CompilerOptions.java disables 1007:1009
2021-07-03 12:19:32,314 DEBUG                  - depth 0, hash a2d9c86, HEAD~303
2021-07-03 12:19:32,320 DEBUG                  - depth 1, hash 915752b, HEAD~1233
2021-07-03 12:19:32,324 DEBUG    [line range] com/google/javascript/jscomp/CompilerOptions.java enables 999:1001
2021-07-03 12:19:32,423 DEBUG                  - depth 0, hash a2d9c86, HEAD~303
2021-07-03 12:19:32,429 DEBUG                  - depth 1, hash 6b49cfd, HEAD~1268
2021-07-03 12:19:32,433 DEBUG    [line range] com/google/javascript/jscomp/CompilerOptions.java getLanguageIn 1241:1243
2021-07-03 12:19:32,521 DEBUG                  - depth 0, hash 524c758, HEAD~459
2021-07-03 12:19:32,526 DEBUG    [line range] com/google/javascript/jscomp/CompilerOptions.java getWarningsGuard 1018:1020
2021-07-03 12:19:32,625 DEBUG                  - depth 0, hash 6b49cfd, HEAD~1268
2021-07-03 12:19:32,630 DEBUG    [line range] com/google/javascript/jscomp/CompilerOptions.java setWarningLevel 1014:1016
2021-07-03 12:19:32,729 DEBUG                  - depth 0, hash 6b49cfd, HEAD~1268
2021-07-03 12:19:32,735 DEBUG    [line range] com/google/javascript/jscomp/CompilerOptions.java shouldColorizeErrorOutput 1124:1126
2021-07-03 12:19:32,833 DEBUG                  - depth 0, hash 6b49cfd, HEAD~1268
2021-07-03 12:19:32,839 DEBUG    [single line]   com/google/javascript/jscomp/CompilerOptions.java <init> 1439
2021-07-03 12:19:32,926 DEBUG                  - depth 0, hash 01f3b98, HEAD~396
2021-07-03 12:19:32,932 DEBUG    [single line]   com/google/javascript/jscomp/CompilerOptions.java <init> 1453
2021-07-03 12:19:33,020 DEBUG                  - depth 0, hash 01f3b98, HEAD~396
2021-07-03 12:19:33,375 DEBUG    [line range] com/google/javascript/jscomp/ComposeWarningsGuard.java <init> 45:45
2021-07-03 12:19:33,458 DEBUG                  - depth 0, hash a6ca7c1, HEAD~425
2021-07-03 12:19:33,464 DEBUG                  - depth 1, hash 52ecbc6, HEAD~1210
2021-07-03 12:19:33,468 DEBUG                  - depth 2, hash 6b49cfd, HEAD~1268
2021-07-03 12:19:33,472 DEBUG    [line range] com/google/javascript/jscomp/ComposeWarningsGuard.java <init> 82:84
2021-07-03 12:19:33,557 DEBUG                  - depth 0, hash 6b49cfd, HEAD~1268
2021-07-03 12:19:33,563 DEBUG    [line range] com/google/javascript/jscomp/ComposeWarningsGuard.java addGuard 86:96
2021-07-03 12:19:33,645 DEBUG                  - depth 0, hash a6ca7c1, HEAD~425
2021-07-03 12:19:33,651 DEBUG                  - depth 1, hash 78eb672, HEAD~743
2021-07-03 12:19:33,655 DEBUG                  - depth 2, hash c72f52d, HEAD~954
2021-07-03 12:19:33,659 DEBUG                  - depth 3, hash 52ecbc6, HEAD~1210
2021-07-03 12:19:33,663 DEBUG                  - depth 4, hash 6b49cfd, HEAD~1268
2021-07-03 12:19:33,668 DEBUG    [line range] com/google/javascript/jscomp/ComposeWarningsGuard.java addGuards 98:102
2021-07-03 12:19:33,753 DEBUG                  - depth 0, hash 6b49cfd, HEAD~1268
2021-07-03 12:19:33,759 DEBUG    [line range] com/google/javascript/jscomp/ComposeWarningsGuard.java disables 115:133
2021-07-03 12:19:33,842 DEBUG                  - depth 0, hash 6b49cfd, HEAD~1268
2021-07-03 12:19:33,847 DEBUG    [line range] com/google/javascript/jscomp/ComposeWarningsGuard.java enables 139:150
2021-07-03 12:19:33,933 DEBUG                  - depth 0, hash c72f52d, HEAD~954
2021-07-03 12:19:33,939 DEBUG                  - depth 1, hash 6b49cfd, HEAD~1268
2021-07-03 12:19:33,943 DEBUG    [line range] com/google/javascript/jscomp/ComposeWarningsGuard.java <init> 56:58
2021-07-03 12:19:34,027 DEBUG                  - depth 0, hash b836418, HEAD~292
2021-07-03 12:19:34,032 DEBUG                  - depth 1, hash 52ecbc6, HEAD~1210
2021-07-03 12:19:34,036 DEBUG                  - depth 2, hash 6b49cfd, HEAD~1268
2021-07-03 12:19:34,041 DEBUG    [single line]   com/google/javascript/jscomp/ComposeWarningsGuard.java <init> 51
2021-07-03 12:19:34,125 DEBUG                  - depth 0, hash b836418, HEAD~292
2021-07-03 12:19:34,130 DEBUG                  - depth 1, hash 52ecbc6, HEAD~1210
2021-07-03 12:19:34,134 DEBUG                  - depth 2, hash 6b49cfd, HEAD~1268
2021-07-03 12:19:34,138 DEBUG    [line range] com/google/javascript/jscomp/ComposeWarningsGuard.java compare 60:71
2021-07-03 12:19:34,221 DEBUG                  - depth 0, hash a6ca7c1, HEAD~425
2021-07-03 12:19:34,227 DEBUG                  - depth 1, hash 52ecbc6, HEAD~1210
2021-07-03 12:19:34,231 DEBUG                  - depth 2, hash 6b49cfd, HEAD~1268
2021-07-03 12:19:34,558 DEBUG    [line range] com/google/javascript/jscomp/ConstCheck.java <clinit> 36:39
2021-07-03 12:19:34,641 DEBUG                  - depth 0, hash 6b49cfd, HEAD~1268
2021-07-03 12:19:34,943 DEBUG    [line range] com/google/javascript/jscomp/ControlStructureCheck.java <clinit> 31:33
2021-07-03 12:19:35,025 DEBUG                  - depth 0, hash 3924ff1, HEAD~1252
2021-07-03 12:19:35,356 DEBUG    [single line]   com/google/javascript/jscomp/DefaultCodingConvention.java <init> 34
2021-07-03 12:19:35,440 DEBUG                  - depth 0, hash 6b49cfd, HEAD~1268
2021-07-03 12:19:35,742 DEBUG    [line range] com/google/javascript/jscomp/DiagnosticGroup.java <clinit> 67:68
2021-07-03 12:19:35,825 DEBUG                  - depth 0, hash 6b49cfd, HEAD~1268
2021-07-03 12:19:35,831 DEBUG    [line range] com/google/javascript/jscomp/DiagnosticGroup.java <init> 61:64
2021-07-03 12:19:35,913 DEBUG                  - depth 0, hash 1868857, HEAD~370
2021-07-03 12:19:35,919 DEBUG                  - depth 1, hash 6b49cfd, HEAD~1268
2021-07-03 12:19:35,923 DEBUG    [line range] com/google/javascript/jscomp/DiagnosticGroup.java <init> 88:97
2021-07-03 12:19:36,007 DEBUG                  - depth 0, hash 1868857, HEAD~370
2021-07-03 12:19:36,012 DEBUG                  - depth 1, hash 6b49cfd, HEAD~1268
2021-07-03 12:19:36,017 DEBUG    [line range] com/google/javascript/jscomp/DiagnosticGroup.java <init> 46:49
2021-07-03 12:19:36,099 DEBUG                  - depth 0, hash 1868857, HEAD~370
2021-07-03 12:19:36,105 DEBUG                  - depth 1, hash 6b49cfd, HEAD~1268
2021-07-03 12:19:36,109 DEBUG    [line range] com/google/javascript/jscomp/DiagnosticGroup.java <init> 54:56
2021-07-03 12:19:36,194 DEBUG                  - depth 0, hash 1868857, HEAD~370
2021-07-03 12:19:36,200 DEBUG    [line range] com/google/javascript/jscomp/DiagnosticGroup.java forType 71:76
2021-07-03 12:19:36,281 DEBUG                  - depth 0, hash 6b49cfd, HEAD~1268
2021-07-03 12:19:36,287 DEBUG    [line range] com/google/javascript/jscomp/DiagnosticGroup.java getTypes 129:131
2021-07-03 12:19:36,372 DEBUG                  - depth 0, hash 6b49cfd, HEAD~1268
2021-07-03 12:19:36,378 DEBUG    [line range] com/google/javascript/jscomp/DiagnosticGroup.java isSubGroup 117:124
2021-07-03 12:19:36,461 DEBUG                  - depth 0, hash 6b49cfd, HEAD~1268
2021-07-03 12:19:36,466 DEBUG    [line range] com/google/javascript/jscomp/DiagnosticGroup.java matches 110:112
2021-07-03 12:19:36,549 DEBUG                  - depth 0, hash 6b49cfd, HEAD~1268
2021-07-03 12:19:36,837 DEBUG    [line range] com/google/javascript/jscomp/DiagnosticGroupWarningsGuard.java <init> 32:36
2021-07-03 12:19:36,921 DEBUG                  - depth 0, hash 6b49cfd, HEAD~1268
2021-07-03 12:19:36,927 DEBUG    [line range] com/google/javascript/jscomp/DiagnosticGroupWarningsGuard.java disables 43:46
2021-07-03 12:19:37,009 DEBUG                  - depth 0, hash 6b49cfd, HEAD~1268
2021-07-03 12:19:37,015 DEBUG    [line range] com/google/javascript/jscomp/DiagnosticGroupWarningsGuard.java enables 48:59
2021-07-03 12:19:37,098 DEBUG                  - depth 0, hash 6b49cfd, HEAD~1268
2021-07-03 12:19:37,430 DEBUG    [line range] com/google/javascript/jscomp/DiagnosticGroups.java <clinit> 33:34
2021-07-03 12:19:37,514 DEBUG                  - depth 0, hash 6b49cfd, HEAD~1268
2021-07-03 12:19:37,520 DEBUG    [line range] com/google/javascript/jscomp/DiagnosticGroups.java <init> 31:31
2021-07-03 12:19:37,604 DEBUG                  - depth 0, hash 07f6f61, HEAD~1139
2021-07-03 12:19:37,609 DEBUG                  - depth 1, hash 845f5ff, HEAD~1250
2021-07-03 12:19:37,614 DEBUG                  - depth 2, hash 6b49cfd, HEAD~1268
2021-07-03 12:19:37,618 DEBUG    [line range] com/google/javascript/jscomp/DiagnosticGroups.java getRegisteredGroups 57:59
2021-07-03 12:19:37,702 DEBUG                  - depth 0, hash 1004aa6, HEAD~953
2021-07-03 12:19:37,707 DEBUG    [line range] com/google/javascript/jscomp/DiagnosticGroups.java registerGroup 49:54
2021-07-03 12:19:37,789 DEBUG                  - depth 0, hash 1868857, HEAD~370
2021-07-03 12:19:37,795 DEBUG    [line range] com/google/javascript/jscomp/DiagnosticGroups.java registerGroup 42:47
2021-07-03 12:19:37,877 DEBUG                  - depth 0, hash 1868857, HEAD~370
2021-07-03 12:19:38,187 DEBUG    [line range] com/google/javascript/jscomp/DiagnosticType.java <init> 97:103
2021-07-03 12:19:38,272 DEBUG                  - depth 0, hash 6b49cfd, HEAD~1268
2021-07-03 12:19:38,278 DEBUG    [line range] com/google/javascript/jscomp/DiagnosticType.java disabled 75:78
2021-07-03 12:19:38,360 DEBUG                  - depth 0, hash 6b49cfd, HEAD~1268
2021-07-03 12:19:38,365 DEBUG    [line range] com/google/javascript/jscomp/DiagnosticType.java equals 113:117
2021-07-03 12:19:38,448 DEBUG                  - depth 0, hash b836418, HEAD~292
2021-07-03 12:19:38,454 DEBUG                  - depth 1, hash 6b49cfd, HEAD~1268
2021-07-03 12:19:38,458 DEBUG    [line range] com/google/javascript/jscomp/DiagnosticType.java error 53:55
2021-07-03 12:19:38,540 DEBUG                  - depth 0, hash 6b49cfd, HEAD~1268
2021-07-03 12:19:38,546 DEBUG    [line range] com/google/javascript/jscomp/DiagnosticType.java hashCode 119:122
2021-07-03 12:19:38,628 DEBUG                  - depth 0, hash b836418, HEAD~292
2021-07-03 12:19:38,633 DEBUG    [line range] com/google/javascript/jscomp/DiagnosticType.java make 88:92
2021-07-03 12:19:38,716 DEBUG                  - depth 0, hash 6b49cfd, HEAD~1268
2021-07-03 12:19:38,722 DEBUG    [line range] com/google/javascript/jscomp/DiagnosticType.java warning 64:66
2021-07-03 12:19:38,807 DEBUG                  - depth 0, hash 6b49cfd, HEAD~1268
2021-07-03 12:19:39,261 DEBUG    [line range] com/google/javascript/jscomp/DisambiguateProperties.java <clinit> 83:86
2021-07-03 12:19:39,349 DEBUG                  - depth 0, hash 41ecd65, HEAD~45
2021-07-03 12:19:39,354 DEBUG                  - depth 1, hash fa45534, HEAD~510
2021-07-03 12:19:39,359 DEBUG                  - depth 2, hash 6b49cfd, HEAD~1268
2021-07-03 12:19:39,643 DEBUG    [single line]   com/google/javascript/jscomp/ErrorFormat.java <clinit> 24
2021-07-03 12:19:39,726 DEBUG                  - depth 0, hash 6b49cfd, HEAD~1268
2021-07-03 12:19:39,731 DEBUG    [single line]   com/google/javascript/jscomp/ErrorFormat.java <clinit> 25
2021-07-03 12:19:39,814 DEBUG                  - depth 0, hash 6b49cfd, HEAD~1268
2021-07-03 12:19:39,819 DEBUG    [single line]   com/google/javascript/jscomp/ErrorFormat.java <clinit> 34
2021-07-03 12:19:39,905 DEBUG                  - depth 0, hash 6b49cfd, HEAD~1268
2021-07-03 12:19:39,910 DEBUG    [single line]   com/google/javascript/jscomp/ErrorFormat.java <clinit> 44
2021-07-03 12:19:39,993 DEBUG                  - depth 0, hash 6b49cfd, HEAD~1268
2021-07-03 12:19:39,998 DEBUG    [single line]   com/google/javascript/jscomp/ErrorFormat.java <clinit> 54
2021-07-03 12:19:40,080 DEBUG                  - depth 0, hash e185090, HEAD~1154
2021-07-03 12:19:40,086 DEBUG    [single line]   com/google/javascript/jscomp/ErrorFormat.java <init> 25
2021-07-03 12:19:40,168 DEBUG                  - depth 0, hash 6b49cfd, HEAD~1268
2021-07-03 12:19:40,174 DEBUG    [single line]   com/google/javascript/jscomp/ErrorFormat.java <init> 34
2021-07-03 12:19:40,256 DEBUG                  - depth 0, hash 6b49cfd, HEAD~1268
2021-07-03 12:19:40,262 DEBUG    [line range] com/google/javascript/jscomp/ErrorFormat.java toFormatter 35:42
2021-07-03 12:19:40,344 DEBUG                  - depth 0, hash 6b49cfd, HEAD~1268
2021-07-03 12:19:40,350 DEBUG    [single line]   com/google/javascript/jscomp/ErrorFormat.java <init> 44
2021-07-03 12:19:40,432 DEBUG                  - depth 0, hash 6b49cfd, HEAD~1268
2021-07-03 12:19:40,437 DEBUG    [single line]   com/google/javascript/jscomp/ErrorFormat.java <init> 54
2021-07-03 12:19:40,520 DEBUG                  - depth 0, hash e185090, HEAD~1154
2021-07-03 12:19:40,911 DEBUG    [line range] com/google/javascript/jscomp/FunctionTypeBuilder.java <clinit> 87:89
2021-07-03 12:19:40,997 DEBUG                  - depth 0, hash 6b49cfd, HEAD~1268
2021-07-03 12:19:41,352 DEBUG    [line range] com/google/javascript/jscomp/JSModule.java <clinit> 43:45
2021-07-03 12:19:41,435 DEBUG                  - depth 0, hash c2d3c87, HEAD~1083
2021-07-03 12:19:41,441 DEBUG    [line range] com/google/javascript/jscomp/JSModule.java <init> 51:51
2021-07-03 12:19:41,524 DEBUG                  - depth 0, hash 6b49cfd, HEAD~1268
2021-07-03 12:19:41,530 DEBUG    [line range] com/google/javascript/jscomp/JSModule.java add 103:106
2021-07-03 12:19:41,617 DEBUG                  - depth 0, hash 6b49cfd, HEAD~1268
2021-07-03 12:19:41,622 DEBUG    [line range] com/google/javascript/jscomp/JSModule.java add 93:95
2021-07-03 12:19:41,707 DEBUG                  - depth 0, hash 6b49cfd, HEAD~1268
2021-07-03 12:19:41,712 DEBUG    [line range] com/google/javascript/jscomp/JSModule.java getInputs 193:195
2021-07-03 12:19:41,796 DEBUG                  - depth 0, hash 6b49cfd, HEAD~1268
2021-07-03 12:19:42,104 DEBUG    [line range] com/google/javascript/jscomp/JSSourceFile.java <init> 72:75
2021-07-03 12:19:42,188 DEBUG                  - depth 0, hash 6b49cfd, HEAD~1268
2021-07-03 12:19:42,194 DEBUG    [line range] com/google/javascript/jscomp/JSSourceFile.java fromCode 55:57
2021-07-03 12:19:42,278 DEBUG                  - depth 0, hash 6b49cfd, HEAD~1268
2021-07-03 12:19:42,283 DEBUG    [line range] com/google/javascript/jscomp/JSSourceFile.java getCode 77:80
2021-07-03 12:19:42,366 DEBUG                  - depth 0, hash 6b49cfd, HEAD~1268
2021-07-03 12:19:42,669 DEBUG    [line range] com/google/javascript/jscomp/JsAst.java <clinit> 36:36
2021-07-03 12:19:42,752 DEBUG                  - depth 0, hash 6b49cfd, HEAD~1268
2021-07-03 12:19:42,758 DEBUG    [line range] com/google/javascript/jscomp/JsAst.java <init> 44:48
2021-07-03 12:19:42,841 DEBUG                  - depth 0, hash f203be4, HEAD~40
2021-07-03 12:19:42,847 DEBUG                  - depth 1, hash 6b49cfd, HEAD~1268
2021-07-03 12:19:42,851 DEBUG    [line range] com/google/javascript/jscomp/JsAst.java getInputId 68:71
2021-07-03 12:19:42,934 DEBUG                  - depth 0, hash f203be4, HEAD~40
2021-07-03 12:19:42,940 DEBUG                  - depth 1, hash 6b49cfd, HEAD~1268
2021-07-03 12:19:42,944 DEBUG    [line range] com/google/javascript/jscomp/JsAst.java getSourceFile 73:76
2021-07-03 12:19:43,030 DEBUG                  - depth 0, hash f203be4, HEAD~40
2021-07-03 12:19:43,036 DEBUG                  - depth 1, hash 6b49cfd, HEAD~1268
2021-07-03 12:19:43,384 DEBUG    [line range] com/google/javascript/jscomp/LightweightMessageFormatter.java <clinit> 32:33
2021-07-03 12:19:43,467 DEBUG                  - depth 0, hash 6b49cfd, HEAD~1268
2021-07-03 12:19:43,473 DEBUG    [line range] com/google/javascript/jscomp/LightweightMessageFormatter.java <init> 43:45
2021-07-03 12:19:43,559 DEBUG                  - depth 0, hash 6b49cfd, HEAD~1268
2021-07-03 12:19:43,564 DEBUG    [line range] com/google/javascript/jscomp/LightweightMessageFormatter.java <init> 47:52
2021-07-03 12:19:43,647 DEBUG                  - depth 0, hash 030f59d, HEAD~1151
2021-07-03 12:19:43,653 DEBUG                  - depth 1, hash 6b49cfd, HEAD~1268
2021-07-03 12:19:43,657 DEBUG    [single line]   com/google/javascript/jscomp/LightweightMessageFormatter.java <init> 122
2021-07-03 12:19:43,740 DEBUG                  - depth 0, hash 6b49cfd, HEAD~1268
2021-07-03 12:19:44,046 DEBUG    [line range] com/google/javascript/jscomp/LoggerErrorManager.java <init> 37:40
2021-07-03 12:19:44,129 DEBUG                  - depth 0, hash 6b49cfd, HEAD~1268
2021-07-03 12:19:44,442 DEBUG    [line range] com/google/javascript/jscomp/PassFactory.java <init> 35:35
2021-07-03 12:19:44,525 DEBUG                  - depth 0, hash 6b49cfd, HEAD~1268
2021-07-03 12:19:44,892 DEBUG    [line range] com/google/javascript/jscomp/ProcessDefines.java <clinit> 54:55
2021-07-03 12:19:44,976 DEBUG                  - depth 0, hash 6b49cfd, HEAD~1268
2021-07-03 12:19:45,371 DEBUG    [line range] com/google/javascript/jscomp/ProcessTweaks.java <clinit> 55:56
2021-07-03 12:19:45,455 DEBUG                  - depth 0, hash 534a679, HEAD~649
2021-07-03 12:19:45,461 DEBUG    [line range] com/google/javascript/jscomp/ProcessTweaks.java <init> 122:124
2021-07-03 12:19:45,543 DEBUG                  - depth 0, hash 534a679, HEAD~649
2021-07-03 12:19:45,549 DEBUG    [line range] com/google/javascript/jscomp/ProcessTweaks.java <init> 136:138
2021-07-03 12:19:45,632 DEBUG                  - depth 0, hash 534a679, HEAD~649
2021-07-03 12:19:45,638 DEBUG    [line range] com/google/javascript/jscomp/ProcessTweaks.java <init> 126:129
2021-07-03 12:19:45,720 DEBUG                  - depth 0, hash 534a679, HEAD~649
2021-07-03 12:19:45,726 DEBUG    [line range] com/google/javascript/jscomp/ProcessTweaks.java <init> 131:134
2021-07-03 12:19:45,811 DEBUG                  - depth 0, hash 534a679, HEAD~649
2021-07-03 12:19:45,817 DEBUG    [line range] com/google/javascript/jscomp/ProcessTweaks.java <init> 140:148
2021-07-03 12:19:45,900 DEBUG                  - depth 0, hash 534a679, HEAD~649
2021-07-03 12:19:45,906 DEBUG    [line range] com/google/javascript/jscomp/ProcessTweaks.java getName 163:165
2021-07-03 12:19:45,988 DEBUG                  - depth 0, hash 534a679, HEAD~649
2021-07-03 12:19:46,249 DEBUG    [single line]   com/google/javascript/jscomp/PropertyRenamingPolicy.java <clinit> 22
2021-07-03 12:19:46,333 DEBUG                  - depth 0, hash 6b49cfd, HEAD~1268
2021-07-03 12:19:46,339 DEBUG    [single line]   com/google/javascript/jscomp/PropertyRenamingPolicy.java <clinit> 26
2021-07-03 12:19:46,422 DEBUG                  - depth 0, hash 6b49cfd, HEAD~1268
2021-07-03 12:19:46,427 DEBUG    [single line]   com/google/javascript/jscomp/PropertyRenamingPolicy.java <clinit> 32
2021-07-03 12:19:46,510 DEBUG                  - depth 0, hash 6b49cfd, HEAD~1268
2021-07-03 12:19:46,516 DEBUG    [single line]   com/google/javascript/jscomp/PropertyRenamingPolicy.java <clinit> 38
2021-07-03 12:19:46,598 DEBUG                  - depth 0, hash 6b49cfd, HEAD~1268
2021-07-03 12:19:46,604 DEBUG    [single line]   com/google/javascript/jscomp/PropertyRenamingPolicy.java <clinit> 46
2021-07-03 12:19:46,689 DEBUG                  - depth 0, hash 6b49cfd, HEAD~1268
2021-07-03 12:19:46,695 DEBUG    [single line]   com/google/javascript/jscomp/PropertyRenamingPolicy.java <clinit> 49
2021-07-03 12:19:46,777 DEBUG                  - depth 0, hash 6b49cfd, HEAD~1268
2021-07-03 12:19:47,108 DEBUG    [line range] com/google/javascript/jscomp/RhinoErrorReporter.java <clinit> 35:36
2021-07-03 12:19:47,191 DEBUG                  - depth 0, hash 6b49cfd, HEAD~1268
2021-07-03 12:19:47,197 DEBUG    [line range] com/google/javascript/jscomp/RhinoErrorReporter.java <init> 73:101
2021-07-03 12:19:47,279 DEBUG                  - depth 0, hash 5709ec1, HEAD~474
2021-07-03 12:19:47,285 DEBUG                  - depth 1, hash fe64e87, HEAD~1258
2021-07-03 12:19:47,289 DEBUG                  - depth 2, hash 6b49cfd, HEAD~1268
2021-07-03 12:19:47,294 DEBUG    [single line]   com/google/javascript/jscomp/RhinoErrorReporter.java <init> 33
2021-07-03 12:19:47,379 DEBUG                  - depth 0, hash 6b49cfd, HEAD~1268
2021-07-03 12:19:47,385 DEBUG    [line range] com/google/javascript/jscomp/RhinoErrorReporter.java forNewRhino 103:106
2021-07-03 12:19:47,468 DEBUG                  - depth 0, hash 6b49cfd, HEAD~1268
2021-07-03 12:19:47,473 DEBUG    [line range] com/google/javascript/jscomp/RhinoErrorReporter.java forOldRhino 108:110
2021-07-03 12:19:47,556 DEBUG                  - depth 0, hash 6b49cfd, HEAD~1268
2021-07-03 12:19:47,562 DEBUG    [line range] com/google/javascript/jscomp/RhinoErrorReporter.java replacePlaceHolders 68:71
2021-07-03 12:19:47,645 DEBUG                  - depth 0, hash 5709ec1, HEAD~474
2021-07-03 12:19:47,650 DEBUG                  - depth 1, hash 6b49cfd, HEAD~1268
2021-07-03 12:19:47,655 DEBUG    [single line]   com/google/javascript/jscomp/RhinoErrorReporter.java <init> 155
2021-07-03 12:19:47,741 DEBUG                  - depth 0, hash 6b49cfd, HEAD~1268
2021-07-03 12:19:47,747 DEBUG    [single line]   com/google/javascript/jscomp/RhinoErrorReporter.java <init> 140
2021-07-03 12:19:47,833 DEBUG                  - depth 0, hash 6b49cfd, HEAD~1268
2021-07-03 12:19:48,119 DEBUG    [single line]   com/google/javascript/jscomp/SourceExcerptProvider.java <clinit> 28
2021-07-03 12:19:48,202 DEBUG                  - depth 0, hash 6b49cfd, HEAD~1268
2021-07-03 12:19:48,207 DEBUG    [single line]   com/google/javascript/jscomp/SourceExcerptProvider.java <clinit> 32
2021-07-03 12:19:48,290 DEBUG                  - depth 0, hash 6b49cfd, HEAD~1268
2021-07-03 12:19:48,296 DEBUG    [single line]   com/google/javascript/jscomp/SourceExcerptProvider.java <clinit> 43
2021-07-03 12:19:48,378 DEBUG                  - depth 0, hash 6b49cfd, HEAD~1268
2021-07-03 12:19:48,384 DEBUG    [single line]   com/google/javascript/jscomp/SourceExcerptProvider.java <init> 32
2021-07-03 12:19:48,466 DEBUG                  - depth 0, hash 6b49cfd, HEAD~1268
2021-07-03 12:19:48,472 DEBUG    [single line]   com/google/javascript/jscomp/SourceExcerptProvider.java <init> 43
2021-07-03 12:19:48,555 DEBUG                  - depth 0, hash 6b49cfd, HEAD~1268
2021-07-03 12:19:48,929 DEBUG    [line range] com/google/javascript/jscomp/SourceFile.java <init> 59:59
2021-07-03 12:19:49,011 DEBUG                  - depth 0, hash 9320fec, HEAD~116
2021-07-03 12:19:49,017 DEBUG    [single line]   com/google/javascript/jscomp/SourceFile.java access$000 42
2021-07-03 12:19:49,101 DEBUG                  - depth 0, hash 9320fec, HEAD~116
2021-07-03 12:19:49,106 DEBUG                  - depth 1, hash 6b49cfd, HEAD~1268
2021-07-03 12:19:49,111 DEBUG    [line range] com/google/javascript/jscomp/SourceFile.java fromCode 314:316
2021-07-03 12:19:49,194 DEBUG                  - depth 0, hash 6b49cfd, HEAD~1268
2021-07-03 12:19:49,200 DEBUG    [line range] com/google/javascript/jscomp/SourceFile.java getCode 139:141
2021-07-03 12:19:49,283 DEBUG                  - depth 0, hash 6b49cfd, HEAD~1268
2021-07-03 12:19:49,288 DEBUG    [line range] com/google/javascript/jscomp/SourceFile.java getLine 205:240
2021-07-03 12:19:49,372 DEBUG                  - depth 0, hash 6b49cfd, HEAD~1268
2021-07-03 12:19:49,378 DEBUG    [line range] com/google/javascript/jscomp/SourceFile.java getName 181:184
2021-07-03 12:19:49,464 DEBUG                  - depth 0, hash 9320fec, HEAD~116
2021-07-03 12:19:49,470 DEBUG                  - depth 1, hash 6b49cfd, HEAD~1268
2021-07-03 12:19:49,474 DEBUG    [line range] com/google/javascript/jscomp/SourceFile.java setCode 155:157
2021-07-03 12:19:49,561 DEBUG                  - depth 0, hash 6b49cfd, HEAD~1268
2021-07-03 12:19:49,567 DEBUG    [line range] com/google/javascript/jscomp/SourceFile.java setIsExtern 193:195
2021-07-03 12:19:49,649 DEBUG                  - depth 0, hash 9320fec, HEAD~116
2021-07-03 12:19:49,655 DEBUG    [line range] com/google/javascript/jscomp/SourceFile.java setOriginalPath 163:165
2021-07-03 12:19:49,740 DEBUG                  - depth 0, hash 7bfdbd9, HEAD~1161
2021-07-03 12:19:49,746 DEBUG    [line range] com/google/javascript/jscomp/SourceFile.java <init> 355:357
2021-07-03 12:19:49,833 DEBUG                  - depth 0, hash 7bfdbd9, HEAD~1161
2021-07-03 12:19:49,838 DEBUG                  - depth 1, hash 6b49cfd, HEAD~1268
2021-07-03 12:19:49,843 DEBUG    [line range] com/google/javascript/jscomp/SourceFile.java <init> 359:363
2021-07-03 12:19:49,926 DEBUG                  - depth 0, hash 7bfdbd9, HEAD~1161
2021-07-03 12:19:49,932 DEBUG                  - depth 1, hash 6b49cfd, HEAD~1268
2021-07-03 12:19:50,275 DEBUG    [single line]   com/google/javascript/jscomp/SourceMap.java <clinit> 74
2021-07-03 12:19:50,359 DEBUG                  - depth 0, hash 817b76b, HEAD~534
2021-07-03 12:19:50,364 DEBUG                  - depth 1, hash 1146205, HEAD~971
2021-07-03 12:19:50,369 DEBUG    [single line]   com/google/javascript/jscomp/SourceMap.java <clinit> 77
2021-07-03 12:19:50,453 DEBUG                  - depth 0, hash 1146205, HEAD~971
2021-07-03 12:19:50,458 DEBUG    [single line]   com/google/javascript/jscomp/SourceMap.java <clinit> 84
2021-07-03 12:19:50,545 DEBUG                  - depth 0, hash 1146205, HEAD~971
2021-07-03 12:19:50,551 DEBUG    [single line]   com/google/javascript/jscomp/SourceMap.java apply 77
2021-07-03 12:19:50,638 DEBUG                  - depth 0, hash 1146205, HEAD~971
2021-07-03 12:19:50,643 DEBUG    [single line]   com/google/javascript/jscomp/SourceMap.java apply 84
2021-07-03 12:19:50,727 DEBUG                  - depth 0, hash 1146205, HEAD~971
2021-07-03 12:19:50,732 DEBUG    [single line]   com/google/javascript/jscomp/SourceMap.java <clinit> 43
2021-07-03 12:19:50,817 DEBUG                  - depth 0, hash 817b76b, HEAD~534
2021-07-03 12:19:50,823 DEBUG                  - depth 1, hash 64857ce, HEAD~926
2021-07-03 12:19:50,827 DEBUG                  - depth 2, hash f86b892, HEAD~1031
2021-07-03 12:19:50,831 DEBUG                  - depth 3, hash 6b49cfd, HEAD~1268
2021-07-03 12:19:50,836 DEBUG    [single line]   com/google/javascript/jscomp/SourceMap.java <clinit> 44
2021-07-03 12:19:50,922 DEBUG                  - depth 0, hash b0f4615, HEAD~327
2021-07-03 12:19:50,927 DEBUG                  - depth 1, hash 64857ce, HEAD~926
2021-07-03 12:19:50,932 DEBUG                  - depth 2, hash f86b892, HEAD~1031
2021-07-03 12:19:50,936 DEBUG                  - depth 3, hash 6b49cfd, HEAD~1268
2021-07-03 12:19:50,940 DEBUG    [single line]   com/google/javascript/jscomp/SourceMap.java <clinit> 50
2021-07-03 12:19:51,023 DEBUG                  - depth 0, hash a1c49b1, HEAD~401
2021-07-03 12:19:51,028 DEBUG    [single line]   com/google/javascript/jscomp/SourceMap.java <clinit> 56
2021-07-03 12:19:51,114 DEBUG                  - depth 0, hash b0f4615, HEAD~327
2021-07-03 12:19:51,119 DEBUG                  - depth 1, hash 64857ce, HEAD~926
2021-07-03 12:19:51,124 DEBUG                  - depth 2, hash f86b892, HEAD~1031
2021-07-03 12:19:51,128 DEBUG                  - depth 3, hash 6b49cfd, HEAD~1268
2021-07-03 12:19:51,132 DEBUG    [single line]   com/google/javascript/jscomp/SourceMap.java <clinit> 62
2021-07-03 12:19:51,218 DEBUG                  - depth 0, hash ef2dd6e, HEAD~320
2021-07-03 12:19:51,224 DEBUG                  - depth 1, hash 64857ce, HEAD~926
2021-07-03 12:19:51,228 DEBUG                  - depth 2, hash f86b892, HEAD~1031
2021-07-03 12:19:51,232 DEBUG                  - depth 3, hash 6b49cfd, HEAD~1268
2021-07-03 12:19:51,237 DEBUG    [single line]   com/google/javascript/jscomp/SourceMap.java <init> 44
2021-07-03 12:19:51,322 DEBUG                  - depth 0, hash b0f4615, HEAD~327
2021-07-03 12:19:51,328 DEBUG                  - depth 1, hash 64857ce, HEAD~926
2021-07-03 12:19:51,332 DEBUG                  - depth 2, hash f86b892, HEAD~1031
2021-07-03 12:19:51,336 DEBUG                  - depth 3, hash 6b49cfd, HEAD~1268
2021-07-03 12:19:51,341 DEBUG    [single line]   com/google/javascript/jscomp/SourceMap.java <init> 50
2021-07-03 12:19:51,424 DEBUG                  - depth 0, hash a1c49b1, HEAD~401
2021-07-03 12:19:51,429 DEBUG    [single line]   com/google/javascript/jscomp/SourceMap.java <init> 56
2021-07-03 12:19:51,514 DEBUG                  - depth 0, hash b0f4615, HEAD~327
2021-07-03 12:19:51,520 DEBUG                  - depth 1, hash 64857ce, HEAD~926
2021-07-03 12:19:51,524 DEBUG                  - depth 2, hash f86b892, HEAD~1031
2021-07-03 12:19:51,528 DEBUG                  - depth 3, hash 6b49cfd, HEAD~1268
2021-07-03 12:19:51,532 DEBUG    [single line]   com/google/javascript/jscomp/SourceMap.java <init> 62
2021-07-03 12:19:51,620 DEBUG                  - depth 0, hash ef2dd6e, HEAD~320
2021-07-03 12:19:51,626 DEBUG                  - depth 1, hash 64857ce, HEAD~926
2021-07-03 12:19:51,630 DEBUG                  - depth 2, hash f86b892, HEAD~1031
2021-07-03 12:19:51,635 DEBUG                  - depth 3, hash 6b49cfd, HEAD~1268
2021-07-03 12:19:51,975 DEBUG    [line range] com/google/javascript/jscomp/StrictModeCheck.java <clinit> 40:41
2021-07-03 12:19:52,058 DEBUG                  - depth 0, hash 9d1fbeb, HEAD~110
2021-07-03 12:19:52,064 DEBUG                  - depth 1, hash 6b49cfd, HEAD~1268
2021-07-03 12:19:52,364 DEBUG    [line range] com/google/javascript/jscomp/SuppressDocWarningsGuard.java <init> 34:35
2021-07-03 12:19:52,447 DEBUG                  - depth 0, hash 52547e6, HEAD~968
2021-07-03 12:19:52,453 DEBUG    [line range] com/google/javascript/jscomp/SuppressDocWarningsGuard.java getPriority 90:95
2021-07-03 12:19:52,535 DEBUG                  - depth 0, hash 52547e6, HEAD~968
2021-07-03 12:19:52,894 DEBUG    [line range] com/google/javascript/jscomp/SyntacticScopeCreator.java <clinit> 43:46
2021-07-03 12:19:52,978 DEBUG                  - depth 0, hash 6b49cfd, HEAD~1268
2021-07-03 12:19:53,493 DEBUG    [line range] com/google/javascript/jscomp/TypeCheck.java <clinit> 58:60
2021-07-03 12:19:53,593 DEBUG                  - depth 0, hash 6b49cfd, HEAD~1268
2021-07-03 12:19:54,016 DEBUG    [line range] com/google/javascript/jscomp/TypeValidator.java <clinit> 78:82
2021-07-03 12:19:54,102 DEBUG                  - depth 0, hash 6b49cfd, HEAD~1268
2021-07-03 12:19:54,609 DEBUG    [line range] com/google/javascript/jscomp/TypedScopeCreator.java <clinit> 95:96
2021-07-03 12:19:54,705 DEBUG                  - depth 0, hash 39dde4c, HEAD~828
2021-07-03 12:19:54,711 DEBUG                  - depth 1, hash 192a606, HEAD~1026
2021-07-03 12:19:55,057 DEBUG    [line range] com/google/javascript/jscomp/VarCheck.java <clinit> 39:41
2021-07-03 12:19:55,141 DEBUG                  - depth 0, hash 792e37c, HEAD~87
2021-07-03 12:19:55,146 DEBUG                  - depth 1, hash 6b49cfd, HEAD~1268
2021-07-03 12:19:55,483 DEBUG    [line range] com/google/javascript/jscomp/VariableReferenceCheck.java <clinit> 42:44
2021-07-03 12:19:55,567 DEBUG                  - depth 0, hash 6b49cfd, HEAD~1268
2021-07-03 12:19:55,836 DEBUG    [single line]   com/google/javascript/jscomp/VariableRenamingPolicy.java <clinit> 22
2021-07-03 12:19:55,919 DEBUG                  - depth 0, hash 6b49cfd, HEAD~1268
2021-07-03 12:19:55,925 DEBUG    [single line]   com/google/javascript/jscomp/VariableRenamingPolicy.java <clinit> 26
2021-07-03 12:19:56,007 DEBUG                  - depth 0, hash 6b49cfd, HEAD~1268
2021-07-03 12:19:56,013 DEBUG    [single line]   com/google/javascript/jscomp/VariableRenamingPolicy.java <clinit> 31
2021-07-03 12:19:56,097 DEBUG                  - depth 0, hash 6b49cfd, HEAD~1268
2021-07-03 12:19:56,103 DEBUG    [single line]   com/google/javascript/jscomp/VariableRenamingPolicy.java <clinit> 36
2021-07-03 12:19:56,189 DEBUG                  - depth 0, hash 6b49cfd, HEAD~1268
2021-07-03 12:19:56,195 DEBUG    [single line]   com/google/javascript/jscomp/VariableRenamingPolicy.java <clinit> 39
2021-07-03 12:19:56,277 DEBUG                  - depth 0, hash 6b49cfd, HEAD~1268
2021-07-03 12:19:56,586 DEBUG    [single line]   com/google/javascript/jscomp/WarningsGuard.java <init> 45
2021-07-03 12:19:56,668 DEBUG                  - depth 0, hash b836418, HEAD~292
2021-07-03 12:19:56,674 DEBUG                  - depth 1, hash 6b49cfd, HEAD~1268
2021-07-03 12:19:56,679 DEBUG    [single line]   com/google/javascript/jscomp/WarningsGuard.java <init> 47
2021-07-03 12:19:56,761 DEBUG                  - depth 0, hash 52547e6, HEAD~968
2021-07-03 12:19:56,767 DEBUG    [line range] com/google/javascript/jscomp/WarningsGuard.java disables 94:96
2021-07-03 12:19:56,849 DEBUG                  - depth 0, hash 6b49cfd, HEAD~1268
2021-07-03 12:19:56,855 DEBUG    [line range] com/google/javascript/jscomp/WarningsGuard.java enables 105:107
2021-07-03 12:19:56,940 DEBUG                  - depth 0, hash 6b49cfd, HEAD~1268
2021-07-03 12:19:56,945 DEBUG    [line range] com/google/javascript/jscomp/WarningsGuard.java getPriority 83:85
2021-07-03 12:19:57,028 DEBUG                  - depth 0, hash 52547e6, HEAD~968
2021-07-03 12:19:57,033 DEBUG                  - depth 1, hash 6b49cfd, HEAD~1268
2021-07-03 12:19:57,038 DEBUG    [single line]   com/google/javascript/jscomp/WarningsGuard.java <clinit> 47
2021-07-03 12:19:57,123 DEBUG                  - depth 0, hash 52547e6, HEAD~968
2021-07-03 12:19:57,129 DEBUG    [single line]   com/google/javascript/jscomp/WarningsGuard.java <clinit> 48
2021-07-03 12:19:57,210 DEBUG                  - depth 0, hash 52547e6, HEAD~968
2021-07-03 12:19:57,216 DEBUG    [single line]   com/google/javascript/jscomp/WarningsGuard.java <clinit> 49
2021-07-03 12:19:57,298 DEBUG                  - depth 0, hash 52547e6, HEAD~968
2021-07-03 12:19:57,304 DEBUG    [single line]   com/google/javascript/jscomp/WarningsGuard.java <clinit> 50
2021-07-03 12:19:57,386 DEBUG                  - depth 0, hash 52547e6, HEAD~968
2021-07-03 12:19:57,392 DEBUG    [single line]   com/google/javascript/jscomp/WarningsGuard.java <clinit> 51
2021-07-03 12:19:57,477 DEBUG                  - depth 0, hash 52547e6, HEAD~968
2021-07-03 12:19:57,482 DEBUG    [single line]   com/google/javascript/jscomp/WarningsGuard.java <clinit> 52
2021-07-03 12:19:57,564 DEBUG                  - depth 0, hash f9e7db7, HEAD~927
2021-07-03 12:19:57,570 DEBUG    [single line]   com/google/javascript/jscomp/WarningsGuard.java <clinit> 53
2021-07-03 12:19:57,655 DEBUG                  - depth 0, hash 52547e6, HEAD~968
2021-07-03 12:19:57,661 DEBUG    [single line]   com/google/javascript/jscomp/WarningsGuard.java <clinit> 54
2021-07-03 12:19:57,743 DEBUG                  - depth 0, hash 52547e6, HEAD~968
2021-07-03 12:19:57,749 DEBUG    [line range] com/google/javascript/jscomp/WarningsGuard.java <init> 58:60
2021-07-03 12:19:57,831 DEBUG                  - depth 0, hash 52547e6, HEAD~968
2021-07-03 12:19:58,281 DEBUG    [line range] com/google/javascript/rhino/Context.java <clinit> 273:273
2021-07-03 12:19:58,365 DEBUG                  - depth 0, hash 6b49cfd, HEAD~1268
2021-07-03 12:19:58,371 DEBUG    [line range] com/google/javascript/rhino/Context.java getCurrentContext 399:401
2021-07-03 12:19:58,455 DEBUG                  - depth 0, hash 6b49cfd, HEAD~1268
2021-07-03 12:19:58,759 DEBUG    [line range] com/google/javascript/rhino/InputId.java <init> 51:53
2021-07-03 12:19:58,841 DEBUG                  - depth 0, hash 44293eb, HEAD~43
2021-07-03 12:19:58,847 DEBUG    [line range] com/google/javascript/rhino/InputId.java equals 64:70
2021-07-03 12:19:58,929 DEBUG                  - depth 0, hash 44293eb, HEAD~43
2021-07-03 12:19:58,935 DEBUG    [line range] com/google/javascript/rhino/InputId.java getIdName 55:57
2021-07-03 12:19:59,017 DEBUG                  - depth 0, hash 44293eb, HEAD~43
2021-07-03 12:19:59,022 DEBUG    [line range] com/google/javascript/rhino/InputId.java hashCode 59:62
2021-07-03 12:19:59,104 DEBUG                  - depth 0, hash 44293eb, HEAD~43
2021-07-03 12:19:59,525 DEBUG    [line range] com/google/javascript/rhino/ScriptRuntime.java <clinit> 81:82
2021-07-03 12:19:59,610 DEBUG                  - depth 0, hash 6b49cfd, HEAD~1268
2021-07-03 12:19:59,615 DEBUG    [line range] com/google/javascript/rhino/ScriptRuntime.java getMessage 456:483
2021-07-03 12:19:59,700 DEBUG                  - depth 0, hash 6b49cfd, HEAD~1268
2021-07-03 12:19:59,706 DEBUG    [line range] com/google/javascript/rhino/ScriptRuntime.java getMessage0 420:423
2021-07-03 12:19:59,790 DEBUG                  - depth 0, hash 6b49cfd, HEAD~1268
2021-07-03 12:20:00,235 DEBUG    [line range] com/google/javascript/rhino/jstype/JSType.java <clinit> 90:95
2021-07-03 12:20:00,327 DEBUG                  - depth 0, hash 5200a1c, HEAD~59
2021-07-03 12:20:00,333 DEBUG                  - depth 1, hash 6b49cfd, HEAD~1268
2021-07-03 12:20:00,338 DEBUG    [line range] com/google/javascript/rhino/jstype/JSType.java compare 90:95
2021-07-03 12:20:00,426 DEBUG                  - depth 0, hash 5200a1c, HEAD~59
2021-07-03 12:20:00,432 DEBUG                  - depth 1, hash 6b49cfd, HEAD~1268
2021-07-03 12:20:00,781 DEBUG    [line range] com/google/javascript/rhino/jstype/ObjectType.java createDelegateSuffix 221:223
2021-07-03 12:20:00,865 DEBUG                  - depth 0, hash 39dde4c, HEAD~828
2021-07-03 12:20:00,871 DEBUG    [line range] com/google/javascript/jscomp/AbstractMessageFormatter.java getLevelName 73:79
2021-07-03 12:20:00,957 DEBUG                  - depth 0, hash 6b49cfd, HEAD~1268
2021-07-03 12:20:00,963 DEBUG    [line range] com/google/javascript/jscomp/AbstractMessageFormatter.java getSource 43:45
2021-07-03 12:20:01,045 DEBUG                  - depth 0, hash 6b49cfd, HEAD~1268
2021-07-03 12:20:01,051 DEBUG    [line range] com/google/javascript/jscomp/AbstractMessageFormatter.java maybeColorize 81:86
2021-07-03 12:20:01,133 DEBUG                  - depth 0, hash 9de5e9b, HEAD~1050
2021-07-03 12:20:01,139 DEBUG                  - depth 1, hash 6b49cfd, HEAD~1268
2021-07-03 12:20:01,143 DEBUG    [line range] com/google/javascript/jscomp/AbstractMessageFormatter.java <init> 64:66
2021-07-03 12:20:01,226 DEBUG                  - depth 0, hash 6b49cfd, HEAD~1268
2021-07-03 12:20:01,231 DEBUG    [line range] com/google/javascript/jscomp/BasicErrorManager.java getErrors 84:87
2021-07-03 12:20:01,314 DEBUG                  - depth 0, hash 76abdf1, HEAD~57
2021-07-03 12:20:01,320 DEBUG                  - depth 1, hash 6b49cfd, HEAD~1268
2021-07-03 12:20:01,324 DEBUG    [line range] com/google/javascript/jscomp/BasicErrorManager.java report 44:53
2021-07-03 12:20:01,410 DEBUG                  - depth 0, hash 76abdf1, HEAD~57
2021-07-03 12:20:01,416 DEBUG                  - depth 1, hash 66485d3, HEAD~1220
2021-07-03 12:20:01,420 DEBUG                  - depth 2, hash 6b49cfd, HEAD~1268
2021-07-03 12:20:01,425 DEBUG    [line range] com/google/javascript/jscomp/BasicErrorManager.java toArray 104:112
2021-07-03 12:20:01,507 DEBUG                  - depth 0, hash 66485d3, HEAD~1220
2021-07-03 12:20:01,513 DEBUG                  - depth 1, hash 6b49cfd, HEAD~1268
2021-07-03 12:20:01,518 DEBUG    [line range] com/google/javascript/jscomp/BasicErrorManager.java <init> 186:189
2021-07-03 12:20:01,601 DEBUG                  - depth 0, hash 66485d3, HEAD~1220
2021-07-03 12:20:01,606 DEBUG                  - depth 1, hash 6b49cfd, HEAD~1268
2021-07-03 12:20:01,611 DEBUG    [line range] com/google/javascript/jscomp/BasicErrorManager.java compare 128:179
2021-07-03 12:20:01,693 DEBUG                  - depth 0, hash 76abdf1, HEAD~57
2021-07-03 12:20:01,699 DEBUG                  - depth 1, hash 66485d3, HEAD~1220
2021-07-03 12:20:01,703 DEBUG                  - depth 2, hash 6b49cfd, HEAD~1268
2021-07-03 12:20:01,708 DEBUG    [line range] com/google/javascript/jscomp/Compiler.java getErrors 904:906
2021-07-03 12:20:01,825 DEBUG                  - depth 0, hash 6b49cfd, HEAD~1268
2021-07-03 12:20:01,830 DEBUG    [line range] com/google/javascript/jscomp/Compiler.java <clinit> 1743:1751
2021-07-03 12:20:01,951 DEBUG                  - depth 0, hash c628a5a, HEAD~352
2021-07-03 12:20:01,957 DEBUG                  - depth 1, hash 524c758, HEAD~459
2021-07-03 12:20:01,961 DEBUG                  - depth 2, hash be01040, HEAD~716
2021-07-03 12:20:01,965 DEBUG                  - depth 3, hash 6b49cfd, HEAD~1268
2021-07-03 12:20:01,970 DEBUG    [line range] com/google/javascript/jscomp/ComposeWarningsGuard.java level 104:113
2021-07-03 12:20:02,055 DEBUG                  - depth 0, hash 6b49cfd, HEAD~1268
2021-07-03 12:20:02,061 DEBUG    [line range] com/google/javascript/jscomp/DiagnosticGroup.java matches 103:105
2021-07-03 12:20:02,147 DEBUG                  - depth 0, hash 6b49cfd, HEAD~1268
2021-07-03 12:20:02,153 DEBUG    [line range] com/google/javascript/jscomp/DiagnosticGroupWarningsGuard.java level 38:41
2021-07-03 12:20:02,236 DEBUG                  - depth 0, hash 6b49cfd, HEAD~1268
2021-07-03 12:20:02,570 DEBUG    [line range] com/google/javascript/jscomp/JSError.java <init> 139:149
2021-07-03 12:20:02,653 DEBUG                  - depth 0, hash 52547e6, HEAD~968
2021-07-03 12:20:02,659 DEBUG                  - depth 1, hash 6b49cfd, HEAD~1268
2021-07-03 12:20:02,664 DEBUG    [line range] com/google/javascript/jscomp/JSError.java getCharno 199:201
2021-07-03 12:20:02,747 DEBUG                  - depth 0, hash 6b49cfd, HEAD~1268
2021-07-03 12:20:02,752 DEBUG    [line range] com/google/javascript/jscomp/JSError.java getType 164:166
2021-07-03 12:20:02,836 DEBUG                  - depth 0, hash 6b49cfd, HEAD~1268
2021-07-03 12:20:02,841 DEBUG    [line range] com/google/javascript/jscomp/JSError.java make 97:101
2021-07-03 12:20:02,924 DEBUG                  - depth 0, hash 52547e6, HEAD~968
2021-07-03 12:20:02,930 DEBUG                  - depth 1, hash 6b49cfd, HEAD~1268
2021-07-03 12:20:02,934 DEBUG    [line range] com/google/javascript/jscomp/JsAst.java getAstRoot 50:57
2021-07-03 12:20:03,017 DEBUG                  - depth 0, hash f203be4, HEAD~40
2021-07-03 12:20:03,022 DEBUG                  - depth 1, hash 9320fec, HEAD~116
2021-07-03 12:20:03,027 DEBUG                  - depth 2, hash 6b49cfd, HEAD~1268
2021-07-03 12:20:03,031 DEBUG    [line range] com/google/javascript/jscomp/JsAst.java parse 84:106
2021-07-03 12:20:03,114 DEBUG                  - depth 0, hash f203be4, HEAD~40
2021-07-03 12:20:03,120 DEBUG                  - depth 1, hash 9320fec, HEAD~116
2021-07-03 12:20:03,124 DEBUG                  - depth 2, hash 9a1ddf5, HEAD~1179
2021-07-03 12:20:03,128 DEBUG                  - depth 3, hash b8c52bf, HEAD~1191
2021-07-03 12:20:03,132 DEBUG                  - depth 4, hash 168bc14, HEAD~1247
2021-07-03 12:20:03,137 DEBUG                  - depth 5, hash 3924ff1, HEAD~1252
2021-07-03 12:20:03,141 DEBUG                  - depth 6, hash 6b49cfd, HEAD~1268
2021-07-03 12:20:03,546 DEBUG    [single line]   com/google/javascript/jscomp/JsMessage.java <clinit> 52
2021-07-03 12:20:03,631 DEBUG                  - depth 0, hash c2d3c87, HEAD~1083
2021-07-03 12:20:03,637 DEBUG    [single line]   com/google/javascript/jscomp/JsMessage.java <clinit> 53
2021-07-03 12:20:03,720 DEBUG                  - depth 0, hash c2d3c87, HEAD~1083
2021-07-03 12:20:03,726 DEBUG    [single line]   com/google/javascript/jscomp/JsMessage.java <clinit> 54
2021-07-03 12:20:03,810 DEBUG                  - depth 0, hash c2d3c87, HEAD~1083
2021-07-03 12:20:03,816 DEBUG    [single line]   com/google/javascript/jscomp/JsMessage.java <clinit> 55
2021-07-03 12:20:03,899 DEBUG                  - depth 0, hash c2d3c87, HEAD~1083
2021-07-03 12:20:04,206 DEBUG    [line range] com/google/javascript/jscomp/JsMessageExtractor.java <init> 56:60
2021-07-03 12:20:04,288 DEBUG                  - depth 0, hash d7a094a, HEAD~1077
2021-07-03 12:20:04,294 DEBUG    [single line]   com/google/javascript/jscomp/JsMessageExtractor.java access$100 51
2021-07-03 12:20:04,377 DEBUG                  - depth 0, hash d7a094a, HEAD~1077
2021-07-03 12:20:04,383 DEBUG    [line range] com/google/javascript/jscomp/JsMessageExtractor.java extractMessages 113:145
2021-07-03 12:20:04,467 DEBUG                  - depth 0, hash d7a094a, HEAD~1077
2021-07-03 12:20:04,473 DEBUG    [line range] com/google/javascript/jscomp/JsMessageExtractor.java extractMessages 98:101
2021-07-03 12:20:04,559 DEBUG                  - depth 0, hash d7a094a, HEAD~1077
2021-07-03 12:20:04,564 DEBUG    [line range] com/google/javascript/jscomp/JsMessageExtractor.java <init> 71:71
2021-07-03 12:20:04,647 DEBUG                  - depth 0, hash d7a094a, HEAD~1077
2021-07-03 12:20:04,652 DEBUG    [single line]   com/google/javascript/jscomp/JsMessageExtractor.java <init> 65
2021-07-03 12:20:04,735 DEBUG                  - depth 0, hash d7a094a, HEAD~1077
2021-07-03 12:20:05,132 DEBUG    [line range] com/google/javascript/jscomp/JsMessageVisitor.java <clinit> 44:46
2021-07-03 12:20:05,215 DEBUG                  - depth 0, hash c2d3c87, HEAD~1083
2021-07-03 12:20:05,222 DEBUG    [line range] com/google/javascript/jscomp/JsMessageVisitor.java <init> 111:112
2021-07-03 12:20:05,304 DEBUG                  - depth 0, hash c2d3c87, HEAD~1083
2021-07-03 12:20:05,310 DEBUG    [line range] com/google/javascript/jscomp/JsMessageVisitor.java process 153:161
2021-07-03 12:20:05,394 DEBUG                  - depth 0, hash c2d3c87, HEAD~1083
2021-07-03 12:20:05,400 DEBUG    [line range] com/google/javascript/jscomp/JsMessageVisitor.java visit 163:277
2021-07-03 12:20:05,484 DEBUG                  - depth 0, hash a2715a5, HEAD~457
2021-07-03 12:20:05,490 DEBUG                  - depth 1, hash 2b259dc, HEAD~1009
2021-07-03 12:20:05,494 DEBUG                  - depth 2, hash c2d3c87, HEAD~1083
2021-07-03 12:20:05,498 DEBUG    [line range] com/google/javascript/jscomp/LightweightMessageFormatter.java format 68:113
2021-07-03 12:20:05,584 DEBUG                  - depth 0, hash b12d1d6, HEAD~131
2021-07-03 12:20:05,590 DEBUG                  - depth 1, hash 22a1fcd, HEAD~133
2021-07-03 12:20:05,595 DEBUG                  - depth 2, hash 37b0e1b, HEAD~136
2021-07-03 12:20:05,599 DEBUG                  - depth 3, hash 9de5e9b, HEAD~1050
2021-07-03 12:20:05,603 DEBUG                  - depth 4, hash 030f59d, HEAD~1151
2021-07-03 12:20:05,607 DEBUG                  - depth 5, hash 6b49cfd, HEAD~1268
2021-07-03 12:20:05,612 DEBUG    [line range] com/google/javascript/jscomp/LightweightMessageFormatter.java formatError 58:61
2021-07-03 12:20:05,697 DEBUG                  - depth 0, hash 76abdf1, HEAD~57
2021-07-03 12:20:05,703 DEBUG                  - depth 1, hash 6b49cfd, HEAD~1268
2021-07-03 12:20:05,708 DEBUG    [line range] com/google/javascript/jscomp/LightweightMessageFormatter.java formatLine 123:126
2021-07-03 12:20:05,793 DEBUG                  - depth 0, hash 76abdf1, HEAD~57
2021-07-03 12:20:05,799 DEBUG                  - depth 1, hash 6b49cfd, HEAD~1268
2021-07-03 12:20:06,195 DEBUG    [line range] com/google/javascript/jscomp/NodeTraversal.java <clinit> 46:47
2021-07-03 12:20:06,287 DEBUG                  - depth 0, hash 6b49cfd, HEAD~1268
2021-07-03 12:20:06,293 DEBUG    [line range] com/google/javascript/jscomp/NodeTraversal.java <init> 203:205
2021-07-03 12:20:06,376 DEBUG                  - depth 0, hash 6b49cfd, HEAD~1268
2021-07-03 12:20:06,382 DEBUG    [line range] com/google/javascript/jscomp/NodeTraversal.java <init> 54:54
2021-07-03 12:20:06,467 DEBUG                  - depth 0, hash 6b49cfd, HEAD~1268
2021-07-03 12:20:06,473 DEBUG    [line range] com/google/javascript/jscomp/NodeTraversal.java getSourceName 629:632
2021-07-03 12:20:06,557 DEBUG                  - depth 0, hash 9320fec, HEAD~116
2021-07-03 12:20:06,562 DEBUG                  - depth 1, hash 6b49cfd, HEAD~1268
2021-07-03 12:20:06,567 DEBUG    [line range] com/google/javascript/jscomp/NodeTraversal.java popScope 558:568
2021-07-03 12:20:06,652 DEBUG                  - depth 0, hash 6b49cfd, HEAD~1268
2021-07-03 12:20:06,658 DEBUG    [line range] com/google/javascript/jscomp/NodeTraversal.java pushScope 538:545
2021-07-03 12:20:06,742 DEBUG                  - depth 0, hash 6b49cfd, HEAD~1268
2021-07-03 12:20:06,748 DEBUG    [line range] com/google/javascript/jscomp/NodeTraversal.java traverse 434:438
2021-07-03 12:20:06,834 DEBUG                  - depth 0, hash 6b49cfd, HEAD~1268
2021-07-03 12:20:06,840 DEBUG    [line range] com/google/javascript/jscomp/NodeTraversal.java traverse 253:264
2021-07-03 12:20:06,923 DEBUG                  - depth 0, hash 1b8156d, HEAD~36
2021-07-03 12:20:06,929 DEBUG                  - depth 1, hash 6b49cfd, HEAD~1268
2021-07-03 12:20:06,934 DEBUG    [line range] com/google/javascript/jscomp/NodeTraversal.java traverseBranch 452:481
2021-07-03 12:20:07,018 DEBUG                  - depth 0, hash 1b8156d, HEAD~36
2021-07-03 12:20:07,024 DEBUG                  - depth 1, hash 6d8fd42, HEAD~898
2021-07-03 12:20:07,028 DEBUG                  - depth 2, hash 6b49cfd, HEAD~1268
2021-07-03 12:20:07,033 DEBUG    [single line]   com/google/javascript/jscomp/NodeTraversal.java <init> 129
2021-07-03 12:20:07,118 DEBUG                  - depth 0, hash 6b49cfd, HEAD~1268
2021-07-03 12:20:07,124 DEBUG    [line range] com/google/javascript/jscomp/NodeTraversal.java shouldTraverse 130:134
2021-07-03 12:20:07,207 DEBUG                  - depth 0, hash 76abdf1, HEAD~57
2021-07-03 12:20:07,213 DEBUG                  - depth 1, hash 6b49cfd, HEAD~1268
2021-07-03 12:20:07,769 DEBUG    [line range] com/google/javascript/jscomp/NodeUtil.java <clinit> 50:50
2021-07-03 12:20:07,861 DEBUG                  - depth 0, hash 41acde3, HEAD~374
2021-07-03 12:20:07,867 DEBUG    [line range] com/google/javascript/jscomp/NodeUtil.java getInputId 2970:2976
2021-07-03 12:20:07,952 DEBUG                  - depth 0, hash 0af94b2, HEAD~37
2021-07-03 12:20:07,958 DEBUG    [single line]   com/google/javascript/jscomp/NodeUtil.java apply 1309
2021-07-03 12:20:08,053 DEBUG                  - depth 0, hash 1a7fbd1, HEAD~565
2021-07-03 12:20:08,059 DEBUG    [single line]   com/google/javascript/jscomp/NodeUtil.java apply 2690
2021-07-03 12:20:08,179 DEBUG                  - depth 0, hash b4801b2, HEAD~1074
2021-07-03 12:20:08,185 DEBUG                  - depth 1, hash 6b49cfd, HEAD~1268
2021-07-03 12:20:08,189 DEBUG    [single line]   com/google/javascript/jscomp/NodeUtil.java apply 1371
2021-07-03 12:20:08,288 DEBUG                  - depth 0, hash 1a7fbd1, HEAD~565
2021-07-03 12:20:08,294 DEBUG    [single line]   com/google/javascript/jscomp/NodeUtil.java apply 1256
2021-07-03 12:20:08,392 DEBUG                  - depth 0, hash 1a7fbd1, HEAD~565
2021-07-03 12:20:08,398 DEBUG    [line range] com/google/javascript/jscomp/RhinoErrorReporter.java error 118:122
2021-07-03 12:20:08,481 DEBUG                  - depth 0, hash 6b49cfd, HEAD~1268
2021-07-03 12:20:08,487 DEBUG    [line range] com/google/javascript/jscomp/RhinoErrorReporter.java makeError 124:138
2021-07-03 12:20:08,570 DEBUG                  - depth 0, hash 5709ec1, HEAD~474
2021-07-03 12:20:08,576 DEBUG                  - depth 1, hash 6b49cfd, HEAD~1268
2021-07-03 12:20:08,581 DEBUG    [line range] com/google/javascript/jscomp/RhinoErrorReporter.java runtimeError 162:168
2021-07-03 12:20:08,663 DEBUG                  - depth 0, hash 76abdf1, HEAD~57
2021-07-03 12:20:08,669 DEBUG                  - depth 1, hash 6b49cfd, HEAD~1268
2021-07-03 12:20:08,674 DEBUG    [line range] com/google/javascript/jscomp/SourceExcerptProvider.java get 33:38
2021-07-03 12:20:08,757 DEBUG                  - depth 0, hash 6b49cfd, HEAD~1268
2021-07-03 12:20:08,763 DEBUG    [line range] com/google/javascript/jscomp/SuppressDocWarningsGuard.java level 51:88
2021-07-03 12:20:08,846 DEBUG                  - depth 0, hash b783533, HEAD~248
2021-07-03 12:20:08,852 DEBUG                  - depth 1, hash 52547e6, HEAD~968
2021-07-03 12:20:08,856 DEBUG    [line range] com/google/javascript/jscomp/SyntacticScopeCreator.java <init> 56:59
2021-07-03 12:20:08,944 DEBUG                  - depth 0, hash 6b49cfd, HEAD~1268
2021-07-03 12:20:08,950 DEBUG    [single line]   com/google/javascript/jscomp/SyntacticScopeCreator.java <init> 191
2021-07-03 12:20:09,036 DEBUG                  - depth 0, hash 6b49cfd, HEAD~1268
2021-07-03 12:20:09,338 DEBUG    [single line]   com/google/javascript/jscomp/parsing/Annotation.java <clinit> 27
2021-07-03 12:20:09,421 DEBUG                  - depth 0, hash 7287c0a, HEAD~1193
2021-07-03 12:20:09,427 DEBUG    [single line]   com/google/javascript/jscomp/parsing/Annotation.java <clinit> 28
2021-07-03 12:20:09,509 DEBUG                  - depth 0, hash 7287c0a, HEAD~1193
2021-07-03 12:20:09,515 DEBUG    [single line]   com/google/javascript/jscomp/parsing/Annotation.java <clinit> 29
2021-07-03 12:20:09,597 DEBUG                  - depth 0, hash 8ef31dd, HEAD~60
2021-07-03 12:20:09,603 DEBUG    [single line]   com/google/javascript/jscomp/parsing/Annotation.java <clinit> 30
2021-07-03 12:20:09,685 DEBUG                  - depth 0, hash 7287c0a, HEAD~1193
2021-07-03 12:20:09,691 DEBUG    [single line]   com/google/javascript/jscomp/parsing/Annotation.java <clinit> 31
2021-07-03 12:20:09,777 DEBUG                  - depth 0, hash 7287c0a, HEAD~1193
2021-07-03 12:20:09,782 DEBUG    [single line]   com/google/javascript/jscomp/parsing/Annotation.java <clinit> 32
2021-07-03 12:20:09,868 DEBUG                  - depth 0, hash 7287c0a, HEAD~1193
2021-07-03 12:20:09,874 DEBUG    [single line]   com/google/javascript/jscomp/parsing/Annotation.java <clinit> 33
2021-07-03 12:20:09,960 DEBUG                  - depth 0, hash 7287c0a, HEAD~1193
2021-07-03 12:20:09,966 DEBUG    [single line]   com/google/javascript/jscomp/parsing/Annotation.java <clinit> 34
2021-07-03 12:20:10,049 DEBUG                  - depth 0, hash 7287c0a, HEAD~1193
2021-07-03 12:20:10,054 DEBUG    [single line]   com/google/javascript/jscomp/parsing/Annotation.java <clinit> 35
2021-07-03 12:20:10,141 DEBUG                  - depth 0, hash 7287c0a, HEAD~1193
2021-07-03 12:20:10,146 DEBUG    [single line]   com/google/javascript/jscomp/parsing/Annotation.java <clinit> 36
2021-07-03 12:20:10,229 DEBUG                  - depth 0, hash 7287c0a, HEAD~1193
2021-07-03 12:20:10,235 DEBUG    [single line]   com/google/javascript/jscomp/parsing/Annotation.java <clinit> 37
2021-07-03 12:20:10,321 DEBUG                  - depth 0, hash 7287c0a, HEAD~1193
2021-07-03 12:20:10,327 DEBUG    [single line]   com/google/javascript/jscomp/parsing/Annotation.java <clinit> 38
2021-07-03 12:20:10,409 DEBUG                  - depth 0, hash 7287c0a, HEAD~1193
2021-07-03 12:20:10,415 DEBUG    [single line]   com/google/javascript/jscomp/parsing/Annotation.java <clinit> 39
2021-07-03 12:20:10,502 DEBUG                  - depth 0, hash 7287c0a, HEAD~1193
2021-07-03 12:20:10,508 DEBUG    [single line]   com/google/javascript/jscomp/parsing/Annotation.java <clinit> 40
2021-07-03 12:20:10,591 DEBUG                  - depth 0, hash 7287c0a, HEAD~1193
2021-07-03 12:20:10,597 DEBUG    [single line]   com/google/javascript/jscomp/parsing/Annotation.java <clinit> 41
2021-07-03 12:20:10,679 DEBUG                  - depth 0, hash 8ef31dd, HEAD~60
2021-07-03 12:20:10,685 DEBUG    [single line]   com/google/javascript/jscomp/parsing/Annotation.java <clinit> 42
2021-07-03 12:20:10,767 DEBUG                  - depth 0, hash 7287c0a, HEAD~1193
2021-07-03 12:20:10,773 DEBUG    [single line]   com/google/javascript/jscomp/parsing/Annotation.java <clinit> 43
2021-07-03 12:20:10,856 DEBUG                  - depth 0, hash 7287c0a, HEAD~1193
2021-07-03 12:20:10,862 DEBUG    [single line]   com/google/javascript/jscomp/parsing/Annotation.java <clinit> 44
2021-07-03 12:20:10,944 DEBUG                  - depth 0, hash 7287c0a, HEAD~1193
2021-07-03 12:20:10,950 DEBUG    [single line]   com/google/javascript/jscomp/parsing/Annotation.java <clinit> 45
2021-07-03 12:20:11,033 DEBUG                  - depth 0, hash 7287c0a, HEAD~1193
2021-07-03 12:20:11,039 DEBUG    [single line]   com/google/javascript/jscomp/parsing/Annotation.java <clinit> 46
2021-07-03 12:20:11,121 DEBUG                  - depth 0, hash 7287c0a, HEAD~1193
2021-07-03 12:20:11,127 DEBUG    [single line]   com/google/javascript/jscomp/parsing/Annotation.java <clinit> 47
2021-07-03 12:20:11,209 DEBUG                  - depth 0, hash 9d72612, HEAD~845
2021-07-03 12:20:11,215 DEBUG    [single line]   com/google/javascript/jscomp/parsing/Annotation.java <clinit> 48
2021-07-03 12:20:11,301 DEBUG                  - depth 0, hash 7287c0a, HEAD~1193
2021-07-03 12:20:11,307 DEBUG    [single line]   com/google/javascript/jscomp/parsing/Annotation.java <clinit> 49
2021-07-03 12:20:11,389 DEBUG                  - depth 0, hash 22775ad, HEAD~909
2021-07-03 12:20:11,395 DEBUG    [single line]   com/google/javascript/jscomp/parsing/Annotation.java <clinit> 50
2021-07-03 12:20:11,478 DEBUG                  - depth 0, hash eb3e25d, HEAD~861
2021-07-03 12:20:11,484 DEBUG    [single line]   com/google/javascript/jscomp/parsing/Annotation.java <clinit> 51
2021-07-03 12:20:11,567 DEBUG                  - depth 0, hash 7287c0a, HEAD~1193
2021-07-03 12:20:11,573 DEBUG    [single line]   com/google/javascript/jscomp/parsing/Annotation.java <clinit> 52
2021-07-03 12:20:11,655 DEBUG                  - depth 0, hash e33e925, HEAD~1066
2021-07-03 12:20:11,661 DEBUG    [single line]   com/google/javascript/jscomp/parsing/Annotation.java <clinit> 53
2021-07-03 12:20:11,743 DEBUG                  - depth 0, hash 7287c0a, HEAD~1193
2021-07-03 12:20:11,749 DEBUG    [single line]   com/google/javascript/jscomp/parsing/Annotation.java <clinit> 54
2021-07-03 12:20:11,832 DEBUG                  - depth 0, hash 7287c0a, HEAD~1193
2021-07-03 12:20:11,838 DEBUG    [single line]   com/google/javascript/jscomp/parsing/Annotation.java <clinit> 55
2021-07-03 12:20:11,921 DEBUG                  - depth 0, hash 7287c0a, HEAD~1193
2021-07-03 12:20:11,927 DEBUG    [single line]   com/google/javascript/jscomp/parsing/Annotation.java <clinit> 56
2021-07-03 12:20:12,010 DEBUG                  - depth 0, hash 7287c0a, HEAD~1193
2021-07-03 12:20:12,016 DEBUG    [single line]   com/google/javascript/jscomp/parsing/Annotation.java <clinit> 57
2021-07-03 12:20:12,099 DEBUG                  - depth 0, hash 7287c0a, HEAD~1193
2021-07-03 12:20:12,105 DEBUG    [single line]   com/google/javascript/jscomp/parsing/Annotation.java <clinit> 58
2021-07-03 12:20:12,187 DEBUG                  - depth 0, hash 7287c0a, HEAD~1193
2021-07-03 12:20:12,193 DEBUG    [single line]   com/google/javascript/jscomp/parsing/Annotation.java <clinit> 59
2021-07-03 12:20:12,275 DEBUG                  - depth 0, hash 7287c0a, HEAD~1193
2021-07-03 12:20:12,281 DEBUG    [single line]   com/google/javascript/jscomp/parsing/Annotation.java <clinit> 60
2021-07-03 12:20:12,363 DEBUG                  - depth 0, hash 7287c0a, HEAD~1193
2021-07-03 12:20:12,369 DEBUG    [single line]   com/google/javascript/jscomp/parsing/Annotation.java <clinit> 61
2021-07-03 12:20:12,452 DEBUG                  - depth 0, hash 7287c0a, HEAD~1193
2021-07-03 12:20:12,458 DEBUG    [single line]   com/google/javascript/jscomp/parsing/Annotation.java <clinit> 62
2021-07-03 12:20:12,540 DEBUG                  - depth 0, hash 7287c0a, HEAD~1193
2021-07-03 12:20:12,546 DEBUG    [single line]   com/google/javascript/jscomp/parsing/Annotation.java <clinit> 63
2021-07-03 12:20:12,629 DEBUG                  - depth 0, hash 7287c0a, HEAD~1193
2021-07-03 12:20:12,635 DEBUG    [single line]   com/google/javascript/jscomp/parsing/Annotation.java <clinit> 64
2021-07-03 12:20:12,718 DEBUG                  - depth 0, hash 7287c0a, HEAD~1193
2021-07-03 12:20:12,723 DEBUG    [single line]   com/google/javascript/jscomp/parsing/Annotation.java <clinit> 65
2021-07-03 12:20:12,807 DEBUG                  - depth 0, hash 7287c0a, HEAD~1193
2021-07-03 12:20:12,813 DEBUG    [single line]   com/google/javascript/jscomp/parsing/Annotation.java <clinit> 66
2021-07-03 12:20:12,896 DEBUG                  - depth 0, hash 7287c0a, HEAD~1193
2021-07-03 12:20:12,902 DEBUG    [single line]   com/google/javascript/jscomp/parsing/Annotation.java <clinit> 67
2021-07-03 12:20:12,985 DEBUG                  - depth 0, hash 7287c0a, HEAD~1193
2021-07-03 12:20:12,991 DEBUG    [single line]   com/google/javascript/jscomp/parsing/Annotation.java <clinit> 68
2021-07-03 12:20:13,073 DEBUG                  - depth 0, hash 7287c0a, HEAD~1193
2021-07-03 12:20:13,079 DEBUG    [single line]   com/google/javascript/jscomp/parsing/Annotation.java <clinit> 69
2021-07-03 12:20:13,162 DEBUG                  - depth 0, hash 7287c0a, HEAD~1193
2021-07-03 12:20:13,168 DEBUG    [single line]   com/google/javascript/jscomp/parsing/Annotation.java <clinit> 70
2021-07-03 12:20:13,251 DEBUG                  - depth 0, hash 7287c0a, HEAD~1193
2021-07-03 12:20:13,257 DEBUG    [single line]   com/google/javascript/jscomp/parsing/Annotation.java <clinit> 71
2021-07-03 12:20:13,340 DEBUG                  - depth 0, hash 7287c0a, HEAD~1193
2021-07-03 12:20:13,346 DEBUG    [single line]   com/google/javascript/jscomp/parsing/Annotation.java <clinit> 72
2021-07-03 12:20:13,429 DEBUG                  - depth 0, hash 7287c0a, HEAD~1193
2021-07-03 12:20:13,435 DEBUG    [line range] com/google/javascript/jscomp/parsing/Annotation.java <clinit> 74:125
2021-07-03 12:20:13,520 DEBUG                  - depth 0, hash 8ef31dd, HEAD~60
2021-07-03 12:20:13,526 DEBUG                  - depth 1, hash 9d72612, HEAD~845
2021-07-03 12:20:13,531 DEBUG                  - depth 2, hash eb3e25d, HEAD~861
2021-07-03 12:20:13,535 DEBUG                  - depth 3, hash 22775ad, HEAD~909
2021-07-03 12:20:13,539 DEBUG                  - depth 4, hash e33e925, HEAD~1066
2021-07-03 12:20:13,544 DEBUG                  - depth 5, hash 7287c0a, HEAD~1193
2021-07-03 12:20:13,845 DEBUG    [line range] com/google/javascript/jscomp/parsing/Config.java <init> 73:82
2021-07-03 12:20:13,928 DEBUG                  - depth 0, hash 82d3c01, HEAD~479
2021-07-03 12:20:13,934 DEBUG                  - depth 1, hash d381212, HEAD~558
2021-07-03 12:20:13,939 DEBUG                  - depth 2, hash be01040, HEAD~716
2021-07-03 12:20:13,943 DEBUG                  - depth 3, hash 28982c3, HEAD~720
2021-07-03 12:20:13,947 DEBUG                  - depth 4, hash 1c92a54, HEAD~723
2021-07-03 12:20:13,952 DEBUG                  - depth 5, hash 4755483, HEAD~1094
2021-07-03 12:20:13,956 DEBUG                  - depth 6, hash c764a46, HEAD~1114
2021-07-03 12:20:13,960 DEBUG                  - depth 7, hash b8c52bf, HEAD~1191
2021-07-03 12:20:13,965 DEBUG                  - depth 8, hash 7287c0a, HEAD~1193
2021-07-03 12:20:13,969 DEBUG                  - depth 9, hash 6b49cfd, HEAD~1268
2021-07-03 12:20:13,974 DEBUG    [line range] com/google/javascript/jscomp/parsing/Config.java buildAnnotationNames 88:101
2021-07-03 12:20:14,056 DEBUG                  - depth 0, hash 7287c0a, HEAD~1193
2021-07-03 12:20:14,063 DEBUG    [single line]   com/google/javascript/jscomp/parsing/Config.java <clinit> 32
2021-07-03 12:20:14,145 DEBUG                  - depth 0, hash 82d3c01, HEAD~479
2021-07-03 12:20:14,151 DEBUG    [single line]   com/google/javascript/jscomp/parsing/Config.java <clinit> 33
2021-07-03 12:20:14,233 DEBUG                  - depth 0, hash 82d3c01, HEAD~479
2021-07-03 12:20:14,239 DEBUG    [single line]   com/google/javascript/jscomp/parsing/Config.java <clinit> 34
2021-07-03 12:20:14,322 DEBUG                  - depth 0, hash 82d3c01, HEAD~479
2021-07-03 12:20:14,328 DEBUG    [single line]   com/google/javascript/jscomp/parsing/Config.java <clinit> 35
2021-07-03 12:20:14,410 DEBUG                  - depth 0, hash 82d3c01, HEAD~479
2021-07-03 12:20:14,750 DEBUG    [line range] com/google/javascript/jscomp/parsing/ParserRunner.java <clinit> 42:42
2021-07-03 12:20:14,834 DEBUG                  - depth 0, hash 6b49cfd, HEAD~1268
2021-07-03 12:20:14,840 DEBUG    [line range] com/google/javascript/jscomp/parsing/ParserRunner.java createConfig 60:74
2021-07-03 12:20:14,923 DEBUG                  - depth 0, hash b3f276d, HEAD~86
2021-07-03 12:20:14,929 DEBUG                  - depth 1, hash 82d3c01, HEAD~479
2021-07-03 12:20:14,934 DEBUG                  - depth 2, hash d381212, HEAD~558
2021-07-03 12:20:14,938 DEBUG                  - depth 3, hash be01040, HEAD~716
2021-07-03 12:20:14,942 DEBUG                  - depth 4, hash 28982c3, HEAD~720
2021-07-03 12:20:14,947 DEBUG                  - depth 5, hash 1c92a54, HEAD~723
2021-07-03 12:20:14,951 DEBUG                  - depth 6, hash 4755483, HEAD~1094
2021-07-03 12:20:14,955 DEBUG                  - depth 7, hash c764a46, HEAD~1114
2021-07-03 12:20:14,960 DEBUG                  - depth 8, hash b8c52bf, HEAD~1191
2021-07-03 12:20:14,964 DEBUG                  - depth 9, hash 6b49cfd, HEAD~1268
2021-07-03 12:20:14,969 DEBUG    [line range] com/google/javascript/jscomp/parsing/ParserRunner.java extractList 86:93
2021-07-03 12:20:15,052 DEBUG                  - depth 0, hash 4755483, HEAD~1094
2021-07-03 12:20:15,058 DEBUG                  - depth 1, hash 6b49cfd, HEAD~1268
2021-07-03 12:20:15,062 DEBUG    [line range] com/google/javascript/jscomp/parsing/ParserRunner.java initResourceConfig 76:84
2021-07-03 12:20:15,145 DEBUG                  - depth 0, hash 4755483, HEAD~1094
2021-07-03 12:20:15,151 DEBUG                  - depth 1, hash 6b49cfd, HEAD~1268
2021-07-03 12:20:15,156 DEBUG    [line range] com/google/javascript/jscomp/parsing/ParserRunner.java parse 104:147
2021-07-03 12:20:15,242 DEBUG                  - depth 0, hash 9320fec, HEAD~116
2021-07-03 12:20:15,248 DEBUG                  - depth 1, hash e4d80a3, HEAD~440
2021-07-03 12:20:15,253 DEBUG                  - depth 2, hash 82d3c01, HEAD~479
2021-07-03 12:20:15,257 DEBUG                  - depth 3, hash 7fbff50, HEAD~480
2021-07-03 12:20:15,261 DEBUG                  - depth 4, hash b8c52bf, HEAD~1191
2021-07-03 12:20:15,266 DEBUG                  - depth 5, hash 6b49cfd, HEAD~1268
2021-07-03 12:20:15,862 DEBUG    [line range] com/google/javascript/rhino/Node.java <init> 456:460
2021-07-03 12:20:15,963 DEBUG                  - depth 0, hash 4385971, HEAD~1113
2021-07-03 12:20:15,969 DEBUG                  - depth 1, hash 7efb21a, HEAD~1265
2021-07-03 12:20:15,973 DEBUG                  - depth 2, hash 6b49cfd, HEAD~1268
2021-07-03 12:20:15,978 DEBUG    [line range] com/google/javascript/rhino/Node.java createProp 952:954
2021-07-03 12:20:16,064 DEBUG                  - depth 0, hash e42c68a, HEAD~154
2021-07-03 12:20:16,070 DEBUG    [line range] com/google/javascript/rhino/Node.java getFirstChild 635:637
2021-07-03 12:20:16,166 DEBUG                  - depth 0, hash 4385971, HEAD~1113
2021-07-03 12:20:16,172 DEBUG                  - depth 1, hash 6b49cfd, HEAD~1268
2021-07-03 12:20:16,176 DEBUG    [line range] com/google/javascript/rhino/Node.java getInputId 1265:1267
2021-07-03 12:20:16,263 DEBUG                  - depth 0, hash 44293eb, HEAD~43
2021-07-03 12:20:16,269 DEBUG    [line range] com/google/javascript/rhino/Node.java getProp 892:902
2021-07-03 12:20:16,366 DEBUG                  - depth 0, hash 9320fec, HEAD~116
2021-07-03 12:20:16,372 DEBUG                  - depth 1, hash e42c68a, HEAD~154
2021-07-03 12:20:16,376 DEBUG                  - depth 2, hash 4385971, HEAD~1113
2021-07-03 12:20:16,381 DEBUG                  - depth 3, hash 6b49cfd, HEAD~1268
2021-07-03 12:20:16,385 DEBUG    [line range] com/google/javascript/rhino/Node.java getSourceFileName 1245:1248
2021-07-03 12:20:16,473 DEBUG                  - depth 0, hash 48a3215, HEAD~97
2021-07-03 12:20:16,479 DEBUG                  - depth 1, hash 9320fec, HEAD~116
2021-07-03 12:20:16,484 DEBUG    [line range] com/google/javascript/rhino/Node.java getStaticSourceFile 1251:1253
2021-07-03 12:20:16,572 DEBUG                  - depth 0, hash 48a3215, HEAD~97
2021-07-03 12:20:16,578 DEBUG    [line range] com/google/javascript/rhino/Node.java getType 623:625
2021-07-03 12:20:16,679 DEBUG                  - depth 0, hash 4385971, HEAD~1113
2021-07-03 12:20:16,685 DEBUG                  - depth 1, hash 6b49cfd, HEAD~1268
2021-07-03 12:20:16,689 DEBUG    [line range] com/google/javascript/rhino/Node.java lookupProperty 841:848
2021-07-03 12:20:16,791 DEBUG                  - depth 0, hash e42c68a, HEAD~154
2021-07-03 12:20:16,797 DEBUG                  - depth 1, hash c9e8972, HEAD~1062
2021-07-03 12:20:16,801 DEBUG                  - depth 2, hash 4385971, HEAD~1113
2021-07-03 12:20:16,805 DEBUG                  - depth 3, hash 6b49cfd, HEAD~1268
2021-07-03 12:20:16,810 DEBUG    [line range] com/google/javascript/rhino/Node.java putProp 928:939
2021-07-03 12:20:16,908 DEBUG                  - depth 0, hash 9320fec, HEAD~116
2021-07-03 12:20:16,914 DEBUG                  - depth 1, hash e42c68a, HEAD~154
2021-07-03 12:20:16,918 DEBUG                  - depth 2, hash c9e8972, HEAD~1062
2021-07-03 12:20:16,923 DEBUG                  - depth 3, hash 4385971, HEAD~1113
2021-07-03 12:20:16,927 DEBUG                  - depth 4, hash 6b49cfd, HEAD~1268
2021-07-03 12:20:16,932 DEBUG    [line range] com/google/javascript/rhino/Node.java removeProp 864:869
2021-07-03 12:20:17,034 DEBUG                  - depth 0, hash c9e8972, HEAD~1062
2021-07-03 12:20:17,039 DEBUG                  - depth 1, hash 4385971, HEAD~1113
2021-07-03 12:20:17,044 DEBUG                  - depth 2, hash 6b49cfd, HEAD~1268
2021-07-03 12:20:17,048 DEBUG    [line range] com/google/javascript/rhino/Node.java removeProp 877:890
2021-07-03 12:20:17,150 DEBUG                  - depth 0, hash 04a9097, HEAD~144
2021-07-03 12:20:17,156 DEBUG                  - depth 1, hash e42c68a, HEAD~154
2021-07-03 12:20:17,160 DEBUG                  - depth 2, hash c9e8972, HEAD~1062
2021-07-03 12:20:17,165 DEBUG                  - depth 3, hash 4385971, HEAD~1113
2021-07-03 12:20:17,169 DEBUG                  - depth 4, hash 6b49cfd, HEAD~1268
2021-07-03 12:20:17,174 DEBUG    [line range] com/google/javascript/rhino/Node.java setInputId 1258:1260
2021-07-03 12:20:17,261 DEBUG                  - depth 0, hash 44293eb, HEAD~43
2021-07-03 12:20:17,267 DEBUG    [line range] com/google/javascript/rhino/Node.java setStaticSourceFile 1236:1238
2021-07-03 12:20:17,355 DEBUG                  - depth 0, hash 9320fec, HEAD~116
2021-07-03 12:20:17,361 DEBUG    [line range] com/google/javascript/rhino/Node.java <init> 372:375
2021-07-03 12:20:17,460 DEBUG                  - depth 0, hash e42c68a, HEAD~154
2021-07-03 12:20:17,466 DEBUG                  - depth 1, hash c9e8972, HEAD~1062
2021-07-03 12:20:17,471 DEBUG                  - depth 2, hash 4385971, HEAD~1113
2021-07-03 12:20:17,475 DEBUG                  - depth 3, hash 7efb21a, HEAD~1265
2021-07-03 12:20:17,479 DEBUG                  - depth 4, hash 6b49cfd, HEAD~1268
2021-07-03 12:20:17,484 DEBUG    [line range] com/google/javascript/rhino/Node.java getNext 382:385
2021-07-03 12:20:17,584 DEBUG                  - depth 0, hash 5200a1c, HEAD~59
2021-07-03 12:20:17,590 DEBUG                  - depth 1, hash e42c68a, HEAD~154
2021-07-03 12:20:17,594 DEBUG                  - depth 2, hash c9e8972, HEAD~1062
2021-07-03 12:20:17,599 DEBUG                  - depth 3, hash 4385971, HEAD~1113
2021-07-03 12:20:17,603 DEBUG                  - depth 4, hash 7efb21a, HEAD~1265
2021-07-03 12:20:17,607 DEBUG                  - depth 5, hash 6b49cfd, HEAD~1268
2021-07-03 12:20:17,611 DEBUG    [line range] com/google/javascript/rhino/Node.java <init> 398:401
2021-07-03 12:20:17,701 DEBUG                  - depth 0, hash e42c68a, HEAD~154
2021-07-03 12:20:17,707 DEBUG    [line range] com/google/javascript/rhino/Node.java getObjectValue 408:411
2021-07-03 12:20:17,793 DEBUG                  - depth 0, hash e42c68a, HEAD~154
2021-07-03 12:20:17,798 INFO     The number of BIC candidates: 100
