2021-07-03 11:14:27,307 INFO     Search BICs for /tmp/Closure-42b/
2021-07-03 11:14:27,308 DEBUG    Reading the coverage of com.google.javascript.jscomp.parsing.ParserTest::testForEach (failings)
2021-07-03 11:14:27,380 INFO     Loaded 1x1062 Coverage Matrix
2021-07-03 11:14:27,381 INFO     The number of total commits: 1596
2021-07-03 11:14:27,670 DEBUG    [single line]   com/google/javascript/jscomp/parsing/Annotation.java <clinit> 27
2021-07-03 11:14:27,772 DEBUG                  - depth 0, hash 7287c0a, HEAD~1519
2021-07-03 11:14:27,778 DEBUG    [single line]   com/google/javascript/jscomp/parsing/Annotation.java <clinit> 28
2021-07-03 11:14:27,880 DEBUG                  - depth 0, hash 7287c0a, HEAD~1519
2021-07-03 11:14:27,885 DEBUG    [single line]   com/google/javascript/jscomp/parsing/Annotation.java <clinit> 29
2021-07-03 11:14:27,986 DEBUG                  - depth 0, hash 8ef31dd, HEAD~386
2021-07-03 11:14:27,991 DEBUG    [single line]   com/google/javascript/jscomp/parsing/Annotation.java <clinit> 30
2021-07-03 11:14:28,093 DEBUG                  - depth 0, hash 7287c0a, HEAD~1519
2021-07-03 11:14:28,098 DEBUG    [single line]   com/google/javascript/jscomp/parsing/Annotation.java <clinit> 31
2021-07-03 11:14:28,199 DEBUG                  - depth 0, hash 7287c0a, HEAD~1519
2021-07-03 11:14:28,205 DEBUG    [single line]   com/google/javascript/jscomp/parsing/Annotation.java <clinit> 32
2021-07-03 11:14:28,310 DEBUG                  - depth 0, hash 7287c0a, HEAD~1519
2021-07-03 11:14:28,315 DEBUG    [single line]   com/google/javascript/jscomp/parsing/Annotation.java <clinit> 33
2021-07-03 11:14:28,419 DEBUG                  - depth 0, hash 7287c0a, HEAD~1519
2021-07-03 11:14:28,424 DEBUG    [single line]   com/google/javascript/jscomp/parsing/Annotation.java <clinit> 34
2021-07-03 11:14:28,525 DEBUG                  - depth 0, hash 7287c0a, HEAD~1519
2021-07-03 11:14:28,531 DEBUG    [single line]   com/google/javascript/jscomp/parsing/Annotation.java <clinit> 35
2021-07-03 11:14:28,632 DEBUG                  - depth 0, hash 7287c0a, HEAD~1519
2021-07-03 11:14:28,638 DEBUG    [single line]   com/google/javascript/jscomp/parsing/Annotation.java <clinit> 36
2021-07-03 11:14:28,739 DEBUG                  - depth 0, hash 7287c0a, HEAD~1519
2021-07-03 11:14:28,744 DEBUG    [single line]   com/google/javascript/jscomp/parsing/Annotation.java <clinit> 37
2021-07-03 11:14:28,845 DEBUG                  - depth 0, hash 7287c0a, HEAD~1519
2021-07-03 11:14:28,850 DEBUG    [single line]   com/google/javascript/jscomp/parsing/Annotation.java <clinit> 38
2021-07-03 11:14:28,956 DEBUG                  - depth 0, hash 7287c0a, HEAD~1519
2021-07-03 11:14:28,961 DEBUG    [single line]   com/google/javascript/jscomp/parsing/Annotation.java <clinit> 39
2021-07-03 11:14:29,062 DEBUG                  - depth 0, hash 7287c0a, HEAD~1519
2021-07-03 11:14:29,067 DEBUG    [single line]   com/google/javascript/jscomp/parsing/Annotation.java <clinit> 40
2021-07-03 11:14:29,173 DEBUG                  - depth 0, hash 7287c0a, HEAD~1519
2021-07-03 11:14:29,178 DEBUG    [single line]   com/google/javascript/jscomp/parsing/Annotation.java <clinit> 41
2021-07-03 11:14:29,279 DEBUG                  - depth 0, hash 8ef31dd, HEAD~386
2021-07-03 11:14:29,284 DEBUG    [single line]   com/google/javascript/jscomp/parsing/Annotation.java <clinit> 42
2021-07-03 11:14:29,386 DEBUG                  - depth 0, hash 7287c0a, HEAD~1519
2021-07-03 11:14:29,391 DEBUG    [single line]   com/google/javascript/jscomp/parsing/Annotation.java <clinit> 43
2021-07-03 11:14:29,492 DEBUG                  - depth 0, hash 7287c0a, HEAD~1519
2021-07-03 11:14:29,498 DEBUG    [single line]   com/google/javascript/jscomp/parsing/Annotation.java <clinit> 44
2021-07-03 11:14:29,599 DEBUG                  - depth 0, hash 7287c0a, HEAD~1519
2021-07-03 11:14:29,604 DEBUG    [single line]   com/google/javascript/jscomp/parsing/Annotation.java <clinit> 45
2021-07-03 11:14:29,707 DEBUG                  - depth 0, hash 7287c0a, HEAD~1519
2021-07-03 11:14:29,712 DEBUG    [single line]   com/google/javascript/jscomp/parsing/Annotation.java <clinit> 46
2021-07-03 11:14:29,813 DEBUG                  - depth 0, hash 7287c0a, HEAD~1519
2021-07-03 11:14:29,818 DEBUG    [single line]   com/google/javascript/jscomp/parsing/Annotation.java <clinit> 47
2021-07-03 11:14:29,920 DEBUG                  - depth 0, hash 9d72612, HEAD~1171
2021-07-03 11:14:29,925 DEBUG    [single line]   com/google/javascript/jscomp/parsing/Annotation.java <clinit> 48
2021-07-03 11:14:30,027 DEBUG                  - depth 0, hash 7287c0a, HEAD~1519
2021-07-03 11:14:30,032 DEBUG    [single line]   com/google/javascript/jscomp/parsing/Annotation.java <clinit> 49
2021-07-03 11:14:30,133 DEBUG                  - depth 0, hash 22775ad, HEAD~1235
2021-07-03 11:14:30,139 DEBUG    [single line]   com/google/javascript/jscomp/parsing/Annotation.java <clinit> 50
2021-07-03 11:14:30,240 DEBUG                  - depth 0, hash eb3e25d, HEAD~1187
2021-07-03 11:14:30,245 DEBUG    [single line]   com/google/javascript/jscomp/parsing/Annotation.java <clinit> 51
2021-07-03 11:14:30,347 DEBUG                  - depth 0, hash 7287c0a, HEAD~1519
2021-07-03 11:14:30,352 DEBUG    [single line]   com/google/javascript/jscomp/parsing/Annotation.java <clinit> 52
2021-07-03 11:14:30,457 DEBUG                  - depth 0, hash e33e925, HEAD~1392
2021-07-03 11:14:30,463 DEBUG    [single line]   com/google/javascript/jscomp/parsing/Annotation.java <clinit> 53
2021-07-03 11:14:30,566 DEBUG                  - depth 0, hash 7287c0a, HEAD~1519
2021-07-03 11:14:30,571 DEBUG    [single line]   com/google/javascript/jscomp/parsing/Annotation.java <clinit> 54
2021-07-03 11:14:30,677 DEBUG                  - depth 0, hash 7287c0a, HEAD~1519
2021-07-03 11:14:30,682 DEBUG    [single line]   com/google/javascript/jscomp/parsing/Annotation.java <clinit> 55
2021-07-03 11:14:30,787 DEBUG                  - depth 0, hash 7287c0a, HEAD~1519
2021-07-03 11:14:30,793 DEBUG    [single line]   com/google/javascript/jscomp/parsing/Annotation.java <clinit> 56
2021-07-03 11:14:30,898 DEBUG                  - depth 0, hash 7287c0a, HEAD~1519
2021-07-03 11:14:30,904 DEBUG    [single line]   com/google/javascript/jscomp/parsing/Annotation.java <clinit> 57
2021-07-03 11:14:31,009 DEBUG                  - depth 0, hash 7287c0a, HEAD~1519
2021-07-03 11:14:31,014 DEBUG    [single line]   com/google/javascript/jscomp/parsing/Annotation.java <clinit> 58
2021-07-03 11:14:31,120 DEBUG                  - depth 0, hash 7287c0a, HEAD~1519
2021-07-03 11:14:31,126 DEBUG    [single line]   com/google/javascript/jscomp/parsing/Annotation.java <clinit> 59
2021-07-03 11:14:31,231 DEBUG                  - depth 0, hash 7287c0a, HEAD~1519
2021-07-03 11:14:31,237 DEBUG    [single line]   com/google/javascript/jscomp/parsing/Annotation.java <clinit> 60
2021-07-03 11:14:31,342 DEBUG                  - depth 0, hash 7287c0a, HEAD~1519
2021-07-03 11:14:31,347 DEBUG    [single line]   com/google/javascript/jscomp/parsing/Annotation.java <clinit> 61
2021-07-03 11:14:31,453 DEBUG                  - depth 0, hash 7287c0a, HEAD~1519
2021-07-03 11:14:31,458 DEBUG    [single line]   com/google/javascript/jscomp/parsing/Annotation.java <clinit> 62
2021-07-03 11:14:31,560 DEBUG                  - depth 0, hash 7287c0a, HEAD~1519
2021-07-03 11:14:31,565 DEBUG    [single line]   com/google/javascript/jscomp/parsing/Annotation.java <clinit> 63
2021-07-03 11:14:31,667 DEBUG                  - depth 0, hash 7287c0a, HEAD~1519
2021-07-03 11:14:31,672 DEBUG    [single line]   com/google/javascript/jscomp/parsing/Annotation.java <clinit> 64
2021-07-03 11:14:31,774 DEBUG                  - depth 0, hash 7287c0a, HEAD~1519
2021-07-03 11:14:31,779 DEBUG    [single line]   com/google/javascript/jscomp/parsing/Annotation.java <clinit> 65
2021-07-03 11:14:31,880 DEBUG                  - depth 0, hash 7287c0a, HEAD~1519
2021-07-03 11:14:31,886 DEBUG    [single line]   com/google/javascript/jscomp/parsing/Annotation.java <clinit> 66
2021-07-03 11:14:31,988 DEBUG                  - depth 0, hash 7287c0a, HEAD~1519
2021-07-03 11:14:31,993 DEBUG    [single line]   com/google/javascript/jscomp/parsing/Annotation.java <clinit> 67
2021-07-03 11:14:32,096 DEBUG                  - depth 0, hash 7287c0a, HEAD~1519
2021-07-03 11:14:32,102 DEBUG    [single line]   com/google/javascript/jscomp/parsing/Annotation.java <clinit> 68
2021-07-03 11:14:32,204 DEBUG                  - depth 0, hash 7287c0a, HEAD~1519
2021-07-03 11:14:32,209 DEBUG    [single line]   com/google/javascript/jscomp/parsing/Annotation.java <clinit> 69
2021-07-03 11:14:32,314 DEBUG                  - depth 0, hash 7287c0a, HEAD~1519
2021-07-03 11:14:32,320 DEBUG    [single line]   com/google/javascript/jscomp/parsing/Annotation.java <clinit> 70
2021-07-03 11:14:32,421 DEBUG                  - depth 0, hash 7287c0a, HEAD~1519
2021-07-03 11:14:32,427 DEBUG    [single line]   com/google/javascript/jscomp/parsing/Annotation.java <clinit> 71
2021-07-03 11:14:32,529 DEBUG                  - depth 0, hash 7287c0a, HEAD~1519
2021-07-03 11:14:32,534 DEBUG    [single line]   com/google/javascript/jscomp/parsing/Annotation.java <clinit> 72
2021-07-03 11:14:32,636 DEBUG                  - depth 0, hash 7287c0a, HEAD~1519
2021-07-03 11:14:32,641 DEBUG    [line range] com/google/javascript/jscomp/parsing/Annotation.java <clinit> 74:125
2021-07-03 11:14:32,743 DEBUG                  - depth 0, hash 8ef31dd, HEAD~386
2021-07-03 11:14:32,749 DEBUG                  - depth 1, hash 9d72612, HEAD~1171
2021-07-03 11:14:32,753 DEBUG                  - depth 2, hash eb3e25d, HEAD~1187
2021-07-03 11:14:32,757 DEBUG                  - depth 3, hash 22775ad, HEAD~1235
2021-07-03 11:14:32,761 DEBUG                  - depth 4, hash e33e925, HEAD~1392
2021-07-03 11:14:32,765 DEBUG                  - depth 5, hash 7287c0a, HEAD~1519
2021-07-03 11:14:33,078 DEBUG    [line range] com/google/javascript/jscomp/parsing/Config.java <init> 73:82
2021-07-03 11:14:33,180 DEBUG                  - depth 0, hash 82d3c01, HEAD~805
2021-07-03 11:14:33,185 DEBUG                  - depth 1, hash d381212, HEAD~884
2021-07-03 11:14:33,189 DEBUG                  - depth 2, hash be01040, HEAD~1042
2021-07-03 11:14:33,193 DEBUG                  - depth 3, hash 28982c3, HEAD~1046
2021-07-03 11:14:33,198 DEBUG                  - depth 4, hash 1c92a54, HEAD~1049
2021-07-03 11:14:33,202 DEBUG                  - depth 5, hash 4755483, HEAD~1420
2021-07-03 11:14:33,206 DEBUG                  - depth 6, hash c764a46, HEAD~1440
2021-07-03 11:14:33,210 DEBUG                  - depth 7, hash b8c52bf, HEAD~1517
2021-07-03 11:14:33,214 DEBUG                  - depth 8, hash 7287c0a, HEAD~1519
2021-07-03 11:14:33,218 DEBUG                  - depth 9, hash 6b49cfd, HEAD~1594
2021-07-03 11:14:33,223 DEBUG    [line range] com/google/javascript/jscomp/parsing/Config.java buildAnnotationNames 88:101
2021-07-03 11:14:33,328 DEBUG                  - depth 0, hash 7287c0a, HEAD~1519
2021-07-03 11:14:33,333 DEBUG    [single line]   com/google/javascript/jscomp/parsing/Config.java <clinit> 32
2021-07-03 11:14:33,434 DEBUG                  - depth 0, hash 82d3c01, HEAD~805
2021-07-03 11:14:33,440 DEBUG    [single line]   com/google/javascript/jscomp/parsing/Config.java <clinit> 33
2021-07-03 11:14:33,541 DEBUG                  - depth 0, hash 82d3c01, HEAD~805
2021-07-03 11:14:33,546 DEBUG    [single line]   com/google/javascript/jscomp/parsing/Config.java <clinit> 34
2021-07-03 11:14:33,647 DEBUG                  - depth 0, hash 82d3c01, HEAD~805
2021-07-03 11:14:33,653 DEBUG    [single line]   com/google/javascript/jscomp/parsing/Config.java <clinit> 35
2021-07-03 11:14:33,753 DEBUG                  - depth 0, hash 82d3c01, HEAD~805
2021-07-03 11:14:34,210 DEBUG    [line range] com/google/javascript/jscomp/parsing/IRFactory.java <clinit> 96:99
2021-07-03 11:14:34,319 DEBUG                  - depth 0, hash 82d3c01, HEAD~805
2021-07-03 11:14:34,324 DEBUG    [line range] com/google/javascript/jscomp/parsing/IRFactory.java <init> 94:94
2021-07-03 11:14:34,438 DEBUG                  - depth 0, hash 847b296, HEAD~1575
2021-07-03 11:14:34,443 DEBUG    [single line]   com/google/javascript/jscomp/parsing/IRFactory.java access$2000 80
2021-07-03 11:14:34,560 DEBUG                  - depth 0, hash 9320fec, HEAD~442
2021-07-03 11:14:34,565 DEBUG                  - depth 1, hash 6b49cfd, HEAD~1594
2021-07-03 11:14:34,570 DEBUG    [line range] com/google/javascript/jscomp/parsing/IRFactory.java createTemplateNode 158:163
2021-07-03 11:14:34,690 DEBUG                  - depth 0, hash 9320fec, HEAD~442
2021-07-03 11:14:34,695 DEBUG                  - depth 1, hash c1c31ef, HEAD~1271
2021-07-03 11:14:34,699 DEBUG                  - depth 2, hash 35d56dd, HEAD~1371
2021-07-03 11:14:34,703 DEBUG                  - depth 3, hash 6b49cfd, HEAD~1594
2021-07-03 11:14:34,708 DEBUG    [line range] com/google/javascript/jscomp/parsing/IRFactory.java handleJsDoc 259:269
2021-07-03 11:14:34,826 DEBUG                  - depth 0, hash 6a113bd, HEAD~104
2021-07-03 11:14:34,832 DEBUG                  - depth 1, hash 0af94b2, HEAD~363
2021-07-03 11:14:34,836 DEBUG                  - depth 2, hash f957970, HEAD~1178
2021-07-03 11:14:34,840 DEBUG                  - depth 3, hash 7287c0a, HEAD~1519
2021-07-03 11:14:34,844 DEBUG                  - depth 4, hash 6b49cfd, HEAD~1594
2021-07-03 11:14:34,849 DEBUG    [line range] com/google/javascript/jscomp/parsing/IRFactory.java justTransform 375:377
2021-07-03 11:14:34,967 DEBUG                  - depth 0, hash 6b49cfd, HEAD~1594
2021-07-03 11:14:34,973 DEBUG    [line range] com/google/javascript/jscomp/parsing/IRFactory.java maybeSetLengthFrom 359:363
2021-07-03 11:14:35,081 DEBUG                  - depth 0, hash df632b1, HEAD~430
2021-07-03 11:14:35,087 DEBUG    [line range] com/google/javascript/jscomp/parsing/IRFactory.java newNode 1282:1284
2021-07-03 11:14:35,202 DEBUG                  - depth 0, hash 35d56dd, HEAD~1371
2021-07-03 11:14:35,207 DEBUG    [line range] com/google/javascript/jscomp/parsing/IRFactory.java newNode 1290:1292
2021-07-03 11:14:35,323 DEBUG                  - depth 0, hash 35d56dd, HEAD~1371
2021-07-03 11:14:35,328 DEBUG    [line range] com/google/javascript/jscomp/parsing/IRFactory.java newNode 1294:1296
2021-07-03 11:14:35,445 DEBUG                  - depth 0, hash 35d56dd, HEAD~1371
2021-07-03 11:14:35,451 DEBUG    [line range] com/google/javascript/jscomp/parsing/IRFactory.java newStringNode 1302:1304
2021-07-03 11:14:35,566 DEBUG                  - depth 0, hash 35d56dd, HEAD~1371
2021-07-03 11:14:35,571 DEBUG    [line range] com/google/javascript/jscomp/parsing/IRFactory.java position2charno 365:373
2021-07-03 11:14:35,690 DEBUG                  - depth 0, hash 6b49cfd, HEAD~1594
2021-07-03 11:14:35,695 DEBUG    [line range] com/google/javascript/jscomp/parsing/IRFactory.java setFileOverviewJsDoc 190:208
2021-07-03 11:14:35,814 DEBUG                  - depth 0, hash afc8fd6, HEAD~236
2021-07-03 11:14:35,819 DEBUG                  - depth 1, hash f957970, HEAD~1178
2021-07-03 11:14:35,824 DEBUG                  - depth 2, hash 7287c0a, HEAD~1519
2021-07-03 11:14:35,828 DEBUG                  - depth 3, hash 6b49cfd, HEAD~1594
2021-07-03 11:14:35,832 DEBUG    [line range] com/google/javascript/jscomp/parsing/IRFactory.java setSourceInfo 312:323
2021-07-03 11:14:35,951 DEBUG                  - depth 0, hash ffd701d, HEAD~297
2021-07-03 11:14:35,956 DEBUG                  - depth 1, hash df632b1, HEAD~430
2021-07-03 11:14:35,960 DEBUG                  - depth 2, hash e4d80a3, HEAD~766
2021-07-03 11:14:35,965 DEBUG                  - depth 3, hash 7287c0a, HEAD~1519
2021-07-03 11:14:35,969 DEBUG                  - depth 4, hash 6b49cfd, HEAD~1594
2021-07-03 11:14:35,973 DEBUG    [line range] com/google/javascript/jscomp/parsing/IRFactory.java transform 271:279
2021-07-03 11:14:36,091 DEBUG                  - depth 0, hash 0af94b2, HEAD~363
2021-07-03 11:14:36,097 DEBUG                  - depth 1, hash e4d80a3, HEAD~766
2021-07-03 11:14:36,101 DEBUG                  - depth 2, hash f957970, HEAD~1178
2021-07-03 11:14:36,105 DEBUG                  - depth 3, hash 7287c0a, HEAD~1519
2021-07-03 11:14:36,110 DEBUG                  - depth 4, hash 6b49cfd, HEAD~1594
2021-07-03 11:14:36,114 DEBUG    [line range] com/google/javascript/jscomp/parsing/IRFactory.java transformBlock 210:225
2021-07-03 11:14:36,231 DEBUG                  - depth 0, hash ec324a9, HEAD~133
2021-07-03 11:14:36,236 DEBUG                  - depth 1, hash df632b1, HEAD~430
2021-07-03 11:14:36,240 DEBUG                  - depth 2, hash 35d56dd, HEAD~1371
2021-07-03 11:14:36,245 DEBUG                  - depth 3, hash 4581182, HEAD~1464
2021-07-03 11:14:36,249 DEBUG    [line range] com/google/javascript/jscomp/parsing/IRFactory.java transformNameAsString 281:289
2021-07-03 11:14:36,360 DEBUG                  - depth 0, hash 0af94b2, HEAD~363
2021-07-03 11:14:36,366 DEBUG                  - depth 1, hash e4d80a3, HEAD~766
2021-07-03 11:14:36,370 DEBUG    [line range] com/google/javascript/jscomp/parsing/IRFactory.java transformTokenType 1099:1279
2021-07-03 11:14:36,489 DEBUG                  - depth 0, hash 5f09c4d, HEAD~14
2021-07-03 11:14:36,495 DEBUG                  - depth 1, hash 5524adb, HEAD~125
2021-07-03 11:14:36,499 DEBUG                  - depth 2, hash de195d1, HEAD~135
2021-07-03 11:14:36,503 DEBUG                  - depth 3, hash 6641663, HEAD~153
2021-07-03 11:14:36,507 DEBUG                  - depth 4, hash 65714d6, HEAD~677
2021-07-03 11:14:36,511 DEBUG                  - depth 5, hash 4581182, HEAD~1464
2021-07-03 11:14:36,516 DEBUG                  - depth 6, hash 6b49cfd, HEAD~1594
2021-07-03 11:14:36,520 DEBUG    [line range] com/google/javascript/jscomp/parsing/IRFactory.java transformTree 165:188
2021-07-03 11:14:36,634 DEBUG                  - depth 0, hash 6a113bd, HEAD~104
2021-07-03 11:14:36,640 DEBUG                  - depth 1, hash 0af94b2, HEAD~363
2021-07-03 11:14:36,644 DEBUG                  - depth 2, hash 9320fec, HEAD~442
2021-07-03 11:14:36,648 DEBUG                  - depth 3, hash f4a33b6, HEAD~668
2021-07-03 11:14:36,653 DEBUG                  - depth 4, hash f957970, HEAD~1178
2021-07-03 11:14:36,657 DEBUG                  - depth 5, hash 7287c0a, HEAD~1519
2021-07-03 11:14:36,661 DEBUG                  - depth 6, hash 6b49cfd, HEAD~1594
2021-07-03 11:14:36,665 DEBUG    [single line]   com/google/javascript/jscomp/parsing/IRFactory.java <init> 379
2021-07-03 11:14:36,779 DEBUG                  - depth 0, hash 6b49cfd, HEAD~1594
2021-07-03 11:14:36,784 DEBUG    [line range] com/google/javascript/jscomp/parsing/IRFactory.java isDirective 476:483
2021-07-03 11:14:36,899 DEBUG                  - depth 0, hash ec324a9, HEAD~133
2021-07-03 11:14:36,904 DEBUG                  - depth 1, hash 6641663, HEAD~153
2021-07-03 11:14:36,908 DEBUG                  - depth 2, hash 847b296, HEAD~1575
2021-07-03 11:14:36,913 DEBUG    [line range] com/google/javascript/jscomp/parsing/IRFactory.java isReservedKeyword 743:745
2021-07-03 11:14:37,020 DEBUG                  - depth 0, hash 82d3c01, HEAD~805
2021-07-03 11:14:37,026 DEBUG    [line range] com/google/javascript/jscomp/parsing/IRFactory.java parseDirectives 459:474
2021-07-03 11:14:37,144 DEBUG                  - depth 0, hash 847b296, HEAD~1575
2021-07-03 11:14:37,150 DEBUG    [line range] com/google/javascript/jscomp/parsing/IRFactory.java processAssignment 427:438
2021-07-03 11:14:37,264 DEBUG                  - depth 0, hash 4839e1e, HEAD~965
2021-07-03 11:14:37,269 DEBUG                  - depth 1, hash 6b49cfd, HEAD~1594
2021-07-03 11:14:37,274 DEBUG    [line range] com/google/javascript/jscomp/parsing/IRFactory.java processAstRoot 440:448
2021-07-03 11:14:37,388 DEBUG                  - depth 0, hash 5f09c4d, HEAD~14
2021-07-03 11:14:37,394 DEBUG                  - depth 1, hash 35d56dd, HEAD~1371
2021-07-03 11:14:37,398 DEBUG                  - depth 2, hash 4385971, HEAD~1439
2021-07-03 11:14:37,402 DEBUG                  - depth 3, hash 847b296, HEAD~1575
2021-07-03 11:14:37,406 DEBUG                  - depth 4, hash 6b49cfd, HEAD~1594
2021-07-03 11:14:37,411 DEBUG    [line range] com/google/javascript/jscomp/parsing/IRFactory.java processBlock 485:488
2021-07-03 11:14:37,529 DEBUG                  - depth 0, hash 6b49cfd, HEAD~1594
2021-07-03 11:14:37,535 DEBUG    [line range] com/google/javascript/jscomp/parsing/IRFactory.java processBreakStatement 490:500
2021-07-03 11:14:37,648 DEBUG                  - depth 0, hash 35d56dd, HEAD~1371
2021-07-03 11:14:37,654 DEBUG                  - depth 1, hash 222eafd, HEAD~1451
2021-07-03 11:14:37,658 DEBUG                  - depth 2, hash f01925c, HEAD~1454
2021-07-03 11:14:37,662 DEBUG                  - depth 3, hash 8c5eb24, HEAD~1458
2021-07-03 11:14:37,666 DEBUG                  - depth 4, hash 6b49cfd, HEAD~1594
2021-07-03 11:14:37,671 DEBUG    [line range] com/google/javascript/jscomp/parsing/IRFactory.java processEmptyExpression 553:557
2021-07-03 11:14:37,786 DEBUG                  - depth 0, hash 35d56dd, HEAD~1371
2021-07-03 11:14:37,791 DEBUG                  - depth 1, hash 6b49cfd, HEAD~1594
2021-07-03 11:14:37,796 DEBUG    [line range] com/google/javascript/jscomp/parsing/IRFactory.java processExpressionStatement 559:564
2021-07-03 11:14:37,910 DEBUG                  - depth 0, hash 35d56dd, HEAD~1371
2021-07-03 11:14:37,916 DEBUG                  - depth 1, hash 6b49cfd, HEAD~1594
2021-07-03 11:14:37,920 DEBUG    [line range] com/google/javascript/jscomp/parsing/IRFactory.java processForInLoop 566:573
2021-07-03 11:14:38,034 DEBUG                  - depth 0, hash 35d56dd, HEAD~1371
2021-07-03 11:14:38,040 DEBUG                  - depth 1, hash 4581182, HEAD~1464
2021-07-03 11:14:38,044 DEBUG                  - depth 2, hash 6b49cfd, HEAD~1594
2021-07-03 11:14:38,048 DEBUG    [line range] com/google/javascript/jscomp/parsing/IRFactory.java processFunctionNode 600:661
2021-07-03 11:14:38,163 DEBUG                  - depth 0, hash 78948d9, HEAD~35
2021-07-03 11:14:38,169 DEBUG                  - depth 1, hash 5524adb, HEAD~125
2021-07-03 11:14:38,173 DEBUG                  - depth 2, hash df632b1, HEAD~430
2021-07-03 11:14:38,177 DEBUG                  - depth 3, hash 084b868, HEAD~858
2021-07-03 11:14:38,181 DEBUG                  - depth 4, hash c1c31ef, HEAD~1271
2021-07-03 11:14:38,185 DEBUG                  - depth 5, hash 35d56dd, HEAD~1371
2021-07-03 11:14:38,189 DEBUG                  - depth 6, hash d7a094a, HEAD~1403
2021-07-03 11:14:38,194 DEBUG                  - depth 7, hash 4385971, HEAD~1439
2021-07-03 11:14:38,198 DEBUG                  - depth 8, hash 847b296, HEAD~1575
2021-07-03 11:14:38,202 DEBUG                  - depth 9, hash 6b49cfd, HEAD~1594
2021-07-03 11:14:38,206 DEBUG    [line range] com/google/javascript/jscomp/parsing/IRFactory.java processGeneric 380:387
2021-07-03 11:14:38,325 DEBUG                  - depth 0, hash 5f09c4d, HEAD~14
2021-07-03 11:14:38,331 DEBUG                  - depth 1, hash 35d56dd, HEAD~1371
2021-07-03 11:14:38,335 DEBUG                  - depth 2, hash 6b49cfd, HEAD~1594
2021-07-03 11:14:38,339 DEBUG    [line range] com/google/javascript/jscomp/parsing/IRFactory.java processIfStatement 663:672
2021-07-03 11:14:38,460 DEBUG                  - depth 0, hash 35d56dd, HEAD~1371
2021-07-03 11:14:38,465 DEBUG                  - depth 1, hash 4581182, HEAD~1464
2021-07-03 11:14:38,470 DEBUG                  - depth 2, hash 6b49cfd, HEAD~1594
2021-07-03 11:14:38,474 DEBUG    [line range] com/google/javascript/jscomp/parsing/IRFactory.java processInfixExpression 674:684
2021-07-03 11:14:38,589 DEBUG                  - depth 0, hash 7cc4ff4, HEAD~185
2021-07-03 11:14:38,595 DEBUG                  - depth 1, hash b306cef, HEAD~186
2021-07-03 11:14:38,599 DEBUG                  - depth 2, hash c1db3fb, HEAD~187
2021-07-03 11:14:38,603 DEBUG                  - depth 3, hash df632b1, HEAD~430
2021-07-03 11:14:38,607 DEBUG                  - depth 4, hash 35d56dd, HEAD~1371
2021-07-03 11:14:38,612 DEBUG                  - depth 5, hash 6b49cfd, HEAD~1594
2021-07-03 11:14:38,616 DEBUG    [line range] com/google/javascript/jscomp/parsing/IRFactory.java processKeywordLiteral 686:689
2021-07-03 11:14:38,735 DEBUG                  - depth 0, hash 35d56dd, HEAD~1371
2021-07-03 11:14:38,740 DEBUG                  - depth 1, hash 6b49cfd, HEAD~1594
2021-07-03 11:14:38,745 DEBUG    [line range] com/google/javascript/jscomp/parsing/IRFactory.java processName 721:724
2021-07-03 11:14:38,863 DEBUG                  - depth 0, hash e4d80a3, HEAD~766
2021-07-03 11:14:38,869 DEBUG                  - depth 1, hash 82d3c01, HEAD~805
2021-07-03 11:14:38,873 DEBUG                  - depth 2, hash 6b49cfd, HEAD~1594
2021-07-03 11:14:38,877 DEBUG    [line range] com/google/javascript/jscomp/parsing/IRFactory.java processName 726:738
2021-07-03 11:14:38,996 DEBUG                  - depth 0, hash e4d80a3, HEAD~766
2021-07-03 11:14:39,002 DEBUG                  - depth 1, hash 82d3c01, HEAD~805
2021-07-03 11:14:39,006 DEBUG                  - depth 2, hash 35d56dd, HEAD~1371
2021-07-03 11:14:39,010 DEBUG                  - depth 3, hash 6b49cfd, HEAD~1594
2021-07-03 11:14:39,015 DEBUG    [line range] com/google/javascript/jscomp/parsing/IRFactory.java processPropertyGet 818:827
2021-07-03 11:14:39,134 DEBUG                  - depth 0, hash a6a4c71, HEAD~76
2021-07-03 11:14:39,140 DEBUG                  - depth 1, hash 35d56dd, HEAD~1371
2021-07-03 11:14:39,144 DEBUG                  - depth 2, hash 6b49cfd, HEAD~1594
2021-07-03 11:14:39,149 DEBUG    [line range] com/google/javascript/jscomp/parsing/IRFactory.java processScope 856:859
2021-07-03 11:14:39,267 DEBUG                  - depth 0, hash 6b49cfd, HEAD~1594
2021-07-03 11:14:39,272 DEBUG    [line range] com/google/javascript/jscomp/parsing/IRFactory.java processVariableDeclaration 1012:1024
2021-07-03 11:14:39,391 DEBUG                  - depth 0, hash 5f09c4d, HEAD~14
2021-07-03 11:14:39,396 DEBUG                  - depth 1, hash d381212, HEAD~884
2021-07-03 11:14:39,400 DEBUG                  - depth 2, hash 35d56dd, HEAD~1371
2021-07-03 11:14:39,405 DEBUG                  - depth 3, hash 6b49cfd, HEAD~1594
2021-07-03 11:14:39,409 DEBUG    [line range] com/google/javascript/jscomp/parsing/IRFactory.java processVariableInitializer 1026:1034
2021-07-03 11:14:39,524 DEBUG                  - depth 0, hash 36bde82, HEAD~95
2021-07-03 11:14:39,530 DEBUG                  - depth 1, hash df632b1, HEAD~430
2021-07-03 11:14:39,534 DEBUG                  - depth 2, hash 6b49cfd, HEAD~1594
2021-07-03 11:14:39,538 DEBUG    [line range] com/google/javascript/jscomp/parsing/IRFactory.java transformAsString 398:411
2021-07-03 11:14:39,653 DEBUG                  - depth 0, hash ec324a9, HEAD~133
2021-07-03 11:14:39,659 DEBUG                  - depth 1, hash 41acde3, HEAD~700
2021-07-03 11:14:39,663 DEBUG                  - depth 2, hash e4d80a3, HEAD~766
2021-07-03 11:14:39,667 DEBUG                  - depth 3, hash 6b49cfd, HEAD~1594
2021-07-03 11:14:39,672 DEBUG    [line range] com/google/javascript/jscomp/parsing/IRFactory.java validAssignmentTarget 1002:1010
2021-07-03 11:14:39,780 DEBUG                  - depth 0, hash 4839e1e, HEAD~965
2021-07-03 11:14:40,107 DEBUG    [line range] com/google/javascript/jscomp/parsing/ParserRunner.java <clinit> 42:42
2021-07-03 11:14:40,211 DEBUG                  - depth 0, hash 6b49cfd, HEAD~1594
2021-07-03 11:14:40,216 DEBUG    [line range] com/google/javascript/jscomp/parsing/ParserRunner.java createConfig 54:58
2021-07-03 11:14:40,318 DEBUG                  - depth 0, hash b3f276d, HEAD~412
2021-07-03 11:14:40,324 DEBUG                  - depth 1, hash 82d3c01, HEAD~805
2021-07-03 11:14:40,328 DEBUG                  - depth 2, hash d381212, HEAD~884
2021-07-03 11:14:40,332 DEBUG    [line range] com/google/javascript/jscomp/parsing/ParserRunner.java createConfig 60:74
2021-07-03 11:14:40,434 DEBUG                  - depth 0, hash b3f276d, HEAD~412
2021-07-03 11:14:40,440 DEBUG                  - depth 1, hash 82d3c01, HEAD~805
2021-07-03 11:14:40,444 DEBUG                  - depth 2, hash d381212, HEAD~884
2021-07-03 11:14:40,448 DEBUG                  - depth 3, hash be01040, HEAD~1042
2021-07-03 11:14:40,452 DEBUG                  - depth 4, hash 28982c3, HEAD~1046
2021-07-03 11:14:40,456 DEBUG                  - depth 5, hash 1c92a54, HEAD~1049
2021-07-03 11:14:40,460 DEBUG                  - depth 6, hash 4755483, HEAD~1420
2021-07-03 11:14:40,465 DEBUG                  - depth 7, hash c764a46, HEAD~1440
2021-07-03 11:14:40,469 DEBUG                  - depth 8, hash b8c52bf, HEAD~1517
2021-07-03 11:14:40,473 DEBUG                  - depth 9, hash 6b49cfd, HEAD~1594
2021-07-03 11:14:40,477 DEBUG    [line range] com/google/javascript/jscomp/parsing/ParserRunner.java extractList 86:93
2021-07-03 11:14:40,579 DEBUG                  - depth 0, hash 4755483, HEAD~1420
2021-07-03 11:14:40,585 DEBUG                  - depth 1, hash 6b49cfd, HEAD~1594
2021-07-03 11:14:40,589 DEBUG    [line range] com/google/javascript/jscomp/parsing/ParserRunner.java initResourceConfig 76:84
2021-07-03 11:14:40,691 DEBUG                  - depth 0, hash 4755483, HEAD~1420
2021-07-03 11:14:40,696 DEBUG                  - depth 1, hash 6b49cfd, HEAD~1594
2021-07-03 11:14:40,701 DEBUG    [line range] com/google/javascript/jscomp/parsing/ParserRunner.java parse 104:148
2021-07-03 11:14:40,802 DEBUG                  - depth 0, hash 5124211, HEAD~8
2021-07-03 11:14:40,808 DEBUG                  - depth 1, hash 5f09c4d, HEAD~14
2021-07-03 11:14:40,812 DEBUG                  - depth 2, hash 6b825fb, HEAD~288
2021-07-03 11:14:40,816 DEBUG                  - depth 3, hash 9320fec, HEAD~442
2021-07-03 11:14:40,820 DEBUG                  - depth 4, hash e4d80a3, HEAD~766
2021-07-03 11:14:40,825 DEBUG                  - depth 5, hash 82d3c01, HEAD~805
2021-07-03 11:14:40,829 DEBUG                  - depth 6, hash 7fbff50, HEAD~806
2021-07-03 11:14:40,833 DEBUG                  - depth 7, hash b8c52bf, HEAD~1517
2021-07-03 11:14:40,837 DEBUG                  - depth 8, hash 6b49cfd, HEAD~1594
2021-07-03 11:14:41,189 DEBUG    [single line]   com/google/javascript/jscomp/parsing/TypeSafeDispatcher.java <init> 73
2021-07-03 11:14:41,291 DEBUG                  - depth 0, hash 6b49cfd, HEAD~1594
2021-07-03 11:14:41,297 DEBUG    [line range] com/google/javascript/jscomp/parsing/TypeSafeDispatcher.java process 118:281
2021-07-03 11:14:41,398 DEBUG                  - depth 0, hash de195d1, HEAD~135
2021-07-03 11:14:41,404 DEBUG                  - depth 1, hash d381212, HEAD~884
2021-07-03 11:14:41,408 DEBUG                  - depth 2, hash 6b49cfd, HEAD~1594
2021-07-03 11:14:41,955 DEBUG    [line range] com/google/javascript/rhino/Node.java <init> 352:356
2021-07-03 11:14:42,077 DEBUG                  - depth 0, hash 4385971, HEAD~1439
2021-07-03 11:14:42,083 DEBUG                  - depth 1, hash 7efb21a, HEAD~1591
2021-07-03 11:14:42,087 DEBUG                  - depth 2, hash 6b49cfd, HEAD~1594
2021-07-03 11:14:42,092 DEBUG    [line range] com/google/javascript/rhino/Node.java <init> 372:390
2021-07-03 11:14:42,212 DEBUG                  - depth 0, hash 4385971, HEAD~1439
2021-07-03 11:14:42,218 DEBUG                  - depth 1, hash 7efb21a, HEAD~1591
2021-07-03 11:14:42,222 DEBUG                  - depth 2, hash 6b49cfd, HEAD~1594
2021-07-03 11:14:42,227 DEBUG    [line range] com/google/javascript/rhino/Node.java <init> 392:410
2021-07-03 11:14:42,349 DEBUG                  - depth 0, hash 4385971, HEAD~1439
2021-07-03 11:14:42,354 DEBUG                  - depth 1, hash 7efb21a, HEAD~1591
2021-07-03 11:14:42,358 DEBUG                  - depth 2, hash 6b49cfd, HEAD~1594
2021-07-03 11:14:42,363 DEBUG    [line range] com/google/javascript/rhino/Node.java addChildToBack 599:610
2021-07-03 11:14:42,482 DEBUG                  - depth 0, hash 4385971, HEAD~1439
2021-07-03 11:14:42,488 DEBUG                  - depth 1, hash 6b49cfd, HEAD~1594
2021-07-03 11:14:42,493 DEBUG    [line range] com/google/javascript/rhino/Node.java clonePropsFrom 753:758
2021-07-03 11:14:42,607 DEBUG                  - depth 0, hash 35d56dd, HEAD~1371
2021-07-03 11:14:42,613 DEBUG    [line range] com/google/javascript/rhino/Node.java createProp 852:854
2021-07-03 11:14:42,726 DEBUG                  - depth 0, hash e42c68a, HEAD~480
2021-07-03 11:14:42,732 DEBUG    [line range] com/google/javascript/rhino/Node.java createProp 848:850
2021-07-03 11:14:42,840 DEBUG                  - depth 0, hash e42c68a, HEAD~480
2021-07-03 11:14:42,846 DEBUG    [line range] com/google/javascript/rhino/Node.java extractCharno 1195:1201
2021-07-03 11:14:42,966 DEBUG                  - depth 0, hash 4385971, HEAD~1439
2021-07-03 11:14:42,972 DEBUG                  - depth 1, hash 6b49cfd, HEAD~1594
2021-07-03 11:14:42,976 DEBUG    [line range] com/google/javascript/rhino/Node.java extractLineno 1183:1189
2021-07-03 11:14:43,096 DEBUG                  - depth 0, hash 4385971, HEAD~1439
2021-07-03 11:14:43,102 DEBUG                  - depth 1, hash 6b49cfd, HEAD~1594
2021-07-03 11:14:43,106 DEBUG    [line range] com/google/javascript/rhino/Node.java getCharno 1123:1125
2021-07-03 11:14:43,212 DEBUG                  - depth 0, hash 336a54f, HEAD~381
2021-07-03 11:14:43,218 DEBUG    [line range] com/google/javascript/rhino/Node.java getFirstChild 531:533
2021-07-03 11:14:43,338 DEBUG                  - depth 0, hash 4385971, HEAD~1439
2021-07-03 11:14:43,344 DEBUG                  - depth 1, hash 6b49cfd, HEAD~1594
2021-07-03 11:14:43,348 DEBUG    [line range] com/google/javascript/rhino/Node.java getJSDocInfo 1842:1844
2021-07-03 11:14:43,474 DEBUG                  - depth 0, hash 4385971, HEAD~1439
2021-07-03 11:14:43,480 DEBUG                  - depth 1, hash 66485d3, HEAD~1546
2021-07-03 11:14:43,484 DEBUG    [line range] com/google/javascript/rhino/Node.java getJsDocBuilderForNode 1808:1810
2021-07-03 11:14:43,603 DEBUG                  - depth 0, hash 4385971, HEAD~1439
2021-07-03 11:14:43,609 DEBUG                  - depth 1, hash 66485d3, HEAD~1546
2021-07-03 11:14:43,613 DEBUG    [line range] com/google/javascript/rhino/Node.java getLastChild 535:537
2021-07-03 11:14:43,734 DEBUG                  - depth 0, hash 4385971, HEAD~1439
2021-07-03 11:14:43,740 DEBUG                  - depth 1, hash 6b49cfd, HEAD~1594
2021-07-03 11:14:43,744 DEBUG    [line range] com/google/javascript/rhino/Node.java getLineno 1119:1121
2021-07-03 11:14:43,855 DEBUG                  - depth 0, hash 336a54f, HEAD~381
2021-07-03 11:14:43,860 DEBUG    [line range] com/google/javascript/rhino/Node.java getProp 788:798
2021-07-03 11:14:43,985 DEBUG                  - depth 0, hash 9320fec, HEAD~442
2021-07-03 11:14:43,991 DEBUG                  - depth 1, hash e42c68a, HEAD~480
2021-07-03 11:14:43,995 DEBUG                  - depth 2, hash 4385971, HEAD~1439
2021-07-03 11:14:43,999 DEBUG                  - depth 3, hash 6b49cfd, HEAD~1594
2021-07-03 11:14:44,004 DEBUG    [line range] com/google/javascript/rhino/Node.java getType 519:521
2021-07-03 11:14:44,123 DEBUG                  - depth 0, hash 4385971, HEAD~1439
2021-07-03 11:14:44,129 DEBUG                  - depth 1, hash 6b49cfd, HEAD~1594
2021-07-03 11:14:44,133 DEBUG    [line range] com/google/javascript/rhino/Node.java isBlock 2160:2162
2021-07-03 11:14:44,237 DEBUG                  - depth 0, hash 4d98fc9, HEAD~138
2021-07-03 11:14:44,243 DEBUG    [line range] com/google/javascript/rhino/Node.java isString 2320:2322
2021-07-03 11:14:44,348 DEBUG                  - depth 0, hash 4d98fc9, HEAD~138
2021-07-03 11:14:44,353 DEBUG    [line range] com/google/javascript/rhino/Node.java lookupProperty 737:744
2021-07-03 11:14:44,473 DEBUG                  - depth 0, hash e42c68a, HEAD~480
2021-07-03 11:14:44,479 DEBUG                  - depth 1, hash c9e8972, HEAD~1388
2021-07-03 11:14:44,483 DEBUG                  - depth 2, hash 4385971, HEAD~1439
2021-07-03 11:14:44,487 DEBUG                  - depth 3, hash 6b49cfd, HEAD~1594
2021-07-03 11:14:44,491 DEBUG    [line range] com/google/javascript/rhino/Node.java mergeLineCharNo 1169:1177
2021-07-03 11:14:44,612 DEBUG                  - depth 0, hash 4385971, HEAD~1439
2021-07-03 11:14:44,618 DEBUG                  - depth 1, hash 6b49cfd, HEAD~1594
2021-07-03 11:14:44,622 DEBUG    [line range] com/google/javascript/rhino/Node.java newString 507:509
2021-07-03 11:14:44,742 DEBUG                  - depth 0, hash 4385971, HEAD~1439
2021-07-03 11:14:44,748 DEBUG                  - depth 1, hash 6b49cfd, HEAD~1594
2021-07-03 11:14:44,752 DEBUG    [line range] com/google/javascript/rhino/Node.java putBooleanProp 837:839
2021-07-03 11:14:44,878 DEBUG                  - depth 0, hash c9e8972, HEAD~1388
2021-07-03 11:14:44,883 DEBUG                  - depth 1, hash 4385971, HEAD~1439
2021-07-03 11:14:44,888 DEBUG                  - depth 2, hash 6b49cfd, HEAD~1594
2021-07-03 11:14:44,892 DEBUG    [line range] com/google/javascript/rhino/Node.java putIntProp 841:846
2021-07-03 11:14:45,014 DEBUG                  - depth 0, hash e42c68a, HEAD~480
2021-07-03 11:14:45,019 DEBUG                  - depth 1, hash c9e8972, HEAD~1388
2021-07-03 11:14:45,024 DEBUG                  - depth 2, hash 4385971, HEAD~1439
2021-07-03 11:14:45,028 DEBUG                  - depth 3, hash 6b49cfd, HEAD~1594
2021-07-03 11:14:45,032 DEBUG    [line range] com/google/javascript/rhino/Node.java putProp 824:835
2021-07-03 11:14:45,153 DEBUG                  - depth 0, hash 9320fec, HEAD~442
2021-07-03 11:14:45,159 DEBUG                  - depth 1, hash e42c68a, HEAD~480
2021-07-03 11:14:45,163 DEBUG                  - depth 2, hash c9e8972, HEAD~1388
2021-07-03 11:14:45,167 DEBUG                  - depth 3, hash 4385971, HEAD~1439
2021-07-03 11:14:45,172 DEBUG                  - depth 4, hash 6b49cfd, HEAD~1594
2021-07-03 11:14:45,176 DEBUG    [line range] com/google/javascript/rhino/Node.java removeProp 760:765
2021-07-03 11:14:45,297 DEBUG                  - depth 0, hash c9e8972, HEAD~1388
2021-07-03 11:14:45,303 DEBUG                  - depth 1, hash 4385971, HEAD~1439
2021-07-03 11:14:45,307 DEBUG                  - depth 2, hash 6b49cfd, HEAD~1594
2021-07-03 11:14:45,312 DEBUG    [line range] com/google/javascript/rhino/Node.java removeProp 773:786
2021-07-03 11:14:45,433 DEBUG                  - depth 0, hash 04a9097, HEAD~470
2021-07-03 11:14:45,438 DEBUG                  - depth 1, hash e42c68a, HEAD~480
2021-07-03 11:14:45,443 DEBUG                  - depth 2, hash c9e8972, HEAD~1388
2021-07-03 11:14:45,447 DEBUG                  - depth 3, hash 4385971, HEAD~1439
2021-07-03 11:14:45,451 DEBUG                  - depth 4, hash 6b49cfd, HEAD~1594
2021-07-03 11:14:45,456 DEBUG    [line range] com/google/javascript/rhino/Node.java setCharno 1146:1148
2021-07-03 11:14:45,576 DEBUG                  - depth 0, hash 4385971, HEAD~1439
2021-07-03 11:14:45,581 DEBUG                  - depth 1, hash 6b49cfd, HEAD~1594
2021-07-03 11:14:45,586 DEBUG    [line range] com/google/javascript/rhino/Node.java setIsSyntheticBlock 1893:1895
2021-07-03 11:14:45,704 DEBUG                  - depth 0, hash 4385971, HEAD~1439
2021-07-03 11:14:45,710 DEBUG                  - depth 1, hash 66485d3, HEAD~1546
2021-07-03 11:14:45,714 DEBUG    [line range] com/google/javascript/rhino/Node.java setJSType 1804:1806
2021-07-03 11:14:45,835 DEBUG                  - depth 0, hash 4385971, HEAD~1439
2021-07-03 11:14:45,840 DEBUG                  - depth 1, hash 66485d3, HEAD~1546
2021-07-03 11:14:45,845 DEBUG    [line range] com/google/javascript/rhino/Node.java setLineno 1138:1144
2021-07-03 11:14:45,966 DEBUG                  - depth 0, hash 4385971, HEAD~1439
2021-07-03 11:14:45,972 DEBUG                  - depth 1, hash 6b49cfd, HEAD~1594
2021-07-03 11:14:45,977 DEBUG    [line range] com/google/javascript/rhino/Node.java setOptionalArg 1876:1878
2021-07-03 11:14:46,097 DEBUG                  - depth 0, hash 4385971, HEAD~1439
2021-07-03 11:14:46,102 DEBUG                  - depth 1, hash 66485d3, HEAD~1546
2021-07-03 11:14:46,107 DEBUG    [line range] com/google/javascript/rhino/Node.java setStaticSourceFile 1073:1075
2021-07-03 11:14:46,215 DEBUG                  - depth 0, hash 9320fec, HEAD~442
2021-07-03 11:14:46,221 DEBUG    [line range] com/google/javascript/rhino/Node.java setVarArgs 1858:1860
2021-07-03 11:14:46,341 DEBUG                  - depth 0, hash 4385971, HEAD~1439
2021-07-03 11:14:46,346 DEBUG                  - depth 1, hash 66485d3, HEAD~1546
2021-07-03 11:14:46,351 DEBUG    [line range] com/google/javascript/rhino/Node.java <init> 268:271
2021-07-03 11:14:46,472 DEBUG                  - depth 0, hash e42c68a, HEAD~480
2021-07-03 11:14:46,477 DEBUG                  - depth 1, hash c9e8972, HEAD~1388
2021-07-03 11:14:46,482 DEBUG                  - depth 2, hash 4385971, HEAD~1439
2021-07-03 11:14:46,486 DEBUG                  - depth 3, hash 7efb21a, HEAD~1591
2021-07-03 11:14:46,490 DEBUG                  - depth 4, hash 6b49cfd, HEAD~1594
2021-07-03 11:14:46,495 DEBUG    [line range] com/google/javascript/rhino/Node.java getNext 278:281
2021-07-03 11:14:46,615 DEBUG                  - depth 0, hash 5200a1c, HEAD~385
2021-07-03 11:14:46,621 DEBUG                  - depth 1, hash e42c68a, HEAD~480
2021-07-03 11:14:46,625 DEBUG                  - depth 2, hash c9e8972, HEAD~1388
2021-07-03 11:14:46,630 DEBUG                  - depth 3, hash 4385971, HEAD~1439
2021-07-03 11:14:46,634 DEBUG                  - depth 4, hash 7efb21a, HEAD~1591
2021-07-03 11:14:46,638 DEBUG                  - depth 5, hash 6b49cfd, HEAD~1594
2021-07-03 11:14:46,643 DEBUG    [single line]   com/google/javascript/rhino/Node.java <init> 1820
2021-07-03 11:14:46,764 DEBUG                  - depth 0, hash 4385971, HEAD~1439
2021-07-03 11:14:46,770 DEBUG                  - depth 1, hash 66485d3, HEAD~1546
2021-07-03 11:14:46,774 DEBUG    [line range] com/google/javascript/rhino/Node.java <init> 326:329
2021-07-03 11:14:46,883 DEBUG                  - depth 0, hash e42c68a, HEAD~480
2021-07-03 11:14:46,889 DEBUG    [line range] com/google/javascript/rhino/Node.java <init> 294:297
2021-07-03 11:14:46,997 DEBUG                  - depth 0, hash e42c68a, HEAD~480
2021-07-03 11:14:47,003 DEBUG    [line range] com/google/javascript/rhino/Node.java <init> 187:193
2021-07-03 11:14:47,123 DEBUG                  - depth 0, hash 4385971, HEAD~1439
2021-07-03 11:14:47,128 DEBUG                  - depth 1, hash 6b49cfd, HEAD~1594
2021-07-03 11:14:47,544 DEBUG    [line range] com/google/javascript/rhino/ScriptRuntime.java <clinit> 80:81
2021-07-03 11:14:47,649 DEBUG                  - depth 0, hash 6b49cfd, HEAD~1594
2021-07-03 11:14:47,654 DEBUG    [line range] com/google/javascript/rhino/ScriptRuntime.java getMessage 379:404
2021-07-03 11:14:47,758 DEBUG                  - depth 0, hash 03d0d81, HEAD~148
2021-07-03 11:14:47,764 DEBUG                  - depth 1, hash b29c8c0, HEAD~152
2021-07-03 11:14:47,768 DEBUG                  - depth 2, hash 6b49cfd, HEAD~1594
2021-07-03 11:14:47,772 DEBUG    [line range] com/google/javascript/rhino/ScriptRuntime.java getMessage0 366:368
2021-07-03 11:14:47,876 DEBUG                  - depth 0, hash 03d0d81, HEAD~148
2021-07-03 11:14:47,882 DEBUG                  - depth 1, hash 6b49cfd, HEAD~1594
2021-07-03 11:14:48,184 DEBUG    [line range] com/google/javascript/rhino/jstype/AllType.java <init> 52:54
2021-07-03 11:14:48,285 DEBUG                  - depth 0, hash 6b49cfd, HEAD~1594
2021-07-03 11:14:48,291 DEBUG    [line range] com/google/javascript/rhino/jstype/AllType.java isAllType 56:59
2021-07-03 11:14:48,396 DEBUG                  - depth 0, hash 6b49cfd, HEAD~1594
2021-07-03 11:14:48,730 DEBUG    [line range] com/google/javascript/rhino/jstype/ArrowType.java <init> 62:65
2021-07-03 11:14:48,833 DEBUG                  - depth 0, hash a9757e8, HEAD~1411
2021-07-03 11:14:48,839 DEBUG                  - depth 1, hash 6b49cfd, HEAD~1594
2021-07-03 11:14:48,843 DEBUG    [line range] com/google/javascript/rhino/jstype/ArrowType.java <init> 67:77
2021-07-03 11:14:48,945 DEBUG                  - depth 0, hash a9757e8, HEAD~1411
2021-07-03 11:14:48,951 DEBUG                  - depth 1, hash 97bbbff, HEAD~1416
2021-07-03 11:14:48,955 DEBUG                  - depth 2, hash 6b49cfd, HEAD~1594
2021-07-03 11:14:49,271 DEBUG    [line range] com/google/javascript/rhino/jstype/BooleanType.java <init> 52:54
2021-07-03 11:14:49,374 DEBUG                  - depth 0, hash 6b49cfd, HEAD~1594
2021-07-03 11:14:49,380 DEBUG    [line range] com/google/javascript/rhino/jstype/BooleanType.java getDisplayName 106:109
2021-07-03 11:14:49,481 DEBUG                  - depth 0, hash 8a76da2, HEAD~1038
2021-07-03 11:14:49,487 DEBUG                  - depth 1, hash 6b49cfd, HEAD~1594
2021-07-03 11:14:49,491 DEBUG    [line range] com/google/javascript/rhino/jstype/BooleanType.java toString 101:104
2021-07-03 11:14:49,593 DEBUG                  - depth 0, hash 8a76da2, HEAD~1038
2021-07-03 11:14:49,599 DEBUG                  - depth 1, hash 6b49cfd, HEAD~1594
2021-07-03 11:14:49,885 DEBUG    [line range] com/google/javascript/rhino/jstype/ErrorFunctionType.java <init> 50:74
2021-07-03 11:14:49,988 DEBUG                  - depth 0, hash e3bcc1c, HEAD~1437
2021-07-03 11:14:49,994 DEBUG                  - depth 1, hash 6b49cfd, HEAD~1594
2021-07-03 11:14:50,307 DEBUG    [line range] com/google/javascript/rhino/jstype/FunctionBuilder.java <init> 54:54
2021-07-03 11:14:50,409 DEBUG                  - depth 0, hash e3bcc1c, HEAD~1437
2021-07-03 11:14:50,415 DEBUG    [line range] com/google/javascript/rhino/jstype/FunctionBuilder.java build 158:162
2021-07-03 11:14:50,516 DEBUG                  - depth 0, hash a9757e8, HEAD~1411
2021-07-03 11:14:50,522 DEBUG                  - depth 1, hash e3bcc1c, HEAD~1437
2021-07-03 11:14:50,526 DEBUG    [line range] com/google/javascript/rhino/jstype/FunctionBuilder.java withParamsNode 89:92
2021-07-03 11:14:50,627 DEBUG                  - depth 0, hash e3bcc1c, HEAD~1437
2021-07-03 11:14:50,633 DEBUG    [line range] com/google/javascript/rhino/jstype/FunctionBuilder.java withReturnType 95:98
2021-07-03 11:14:50,734 DEBUG                  - depth 0, hash e3bcc1c, HEAD~1437
2021-07-03 11:14:51,029 DEBUG    [line range] com/google/javascript/rhino/jstype/FunctionParamBuilder.java <init> 52:52
2021-07-03 11:14:51,133 DEBUG                  - depth 0, hash 5524adb, HEAD~125
2021-07-03 11:14:51,139 DEBUG                  - depth 1, hash 6b49cfd, HEAD~1594
2021-07-03 11:14:51,143 DEBUG    [line range] com/google/javascript/rhino/jstype/FunctionParamBuilder.java addOptionalParams 79:88
2021-07-03 11:14:51,244 DEBUG                  - depth 0, hash 6b49cfd, HEAD~1594
2021-07-03 11:14:51,250 DEBUG    [line range] com/google/javascript/rhino/jstype/FunctionParamBuilder.java addRequiredParams 62:71
2021-07-03 11:14:51,351 DEBUG                  - depth 0, hash 6b49cfd, HEAD~1594
2021-07-03 11:14:51,357 DEBUG    [line range] com/google/javascript/rhino/jstype/FunctionParamBuilder.java addVarArgs 94:109
2021-07-03 11:14:51,458 DEBUG                  - depth 0, hash 6b49cfd, HEAD~1594
2021-07-03 11:14:51,464 DEBUG    [line range] com/google/javascript/rhino/jstype/FunctionParamBuilder.java build 129:131
2021-07-03 11:14:51,565 DEBUG                  - depth 0, hash 6b49cfd, HEAD~1594
2021-07-03 11:14:51,571 DEBUG    [line range] com/google/javascript/rhino/jstype/FunctionParamBuilder.java hasOptionalOrVarArgs 133:137
2021-07-03 11:14:51,673 DEBUG                  - depth 0, hash 6b49cfd, HEAD~1594
2021-07-03 11:14:51,678 DEBUG    [line range] com/google/javascript/rhino/jstype/FunctionParamBuilder.java hasVarArgs 139:142
2021-07-03 11:14:51,780 DEBUG                  - depth 0, hash 6b49cfd, HEAD~1594
2021-07-03 11:14:51,786 DEBUG    [line range] com/google/javascript/rhino/jstype/FunctionParamBuilder.java newParameter 122:127
2021-07-03 11:14:51,887 DEBUG                  - depth 0, hash 6b49cfd, HEAD~1594
2021-07-03 11:14:52,351 DEBUG    [line range] com/google/javascript/rhino/jstype/FunctionType.java <init> 110:110
2021-07-03 11:14:52,462 DEBUG                  - depth 0, hash 4014ddc, HEAD~1556
2021-07-03 11:14:52,468 DEBUG                  - depth 1, hash 6b49cfd, HEAD~1594
2021-07-03 11:14:52,472 DEBUG    [line range] com/google/javascript/rhino/jstype/FunctionType.java <init> 130:153
2021-07-03 11:14:52,582 DEBUG                  - depth 0, hash febdacb, HEAD~216
2021-07-03 11:14:52,587 DEBUG                  - depth 1, hash e9f7e61, HEAD~1017
2021-07-03 11:14:52,592 DEBUG                  - depth 2, hash a9757e8, HEAD~1411
2021-07-03 11:14:52,596 DEBUG                  - depth 3, hash e3bcc1c, HEAD~1437
2021-07-03 11:14:52,600 DEBUG                  - depth 4, hash 6b49cfd, HEAD~1594
2021-07-03 11:14:52,605 DEBUG    [line range] com/google/javascript/rhino/jstype/FunctionType.java getInternalArrowType 274:276
2021-07-03 11:14:52,714 DEBUG                  - depth 0, hash e3bcc1c, HEAD~1437
2021-07-03 11:14:52,720 DEBUG    [line range] com/google/javascript/rhino/jstype/FunctionType.java getPrototype 308:320
2021-07-03 11:14:52,831 DEBUG                  - depth 0, hash 5c695ce, HEAD~275
2021-07-03 11:14:52,837 DEBUG                  - depth 1, hash 5fa514b, HEAD~310
2021-07-03 11:14:52,841 DEBUG                  - depth 2, hash 6b49cfd, HEAD~1594
2021-07-03 11:14:52,846 DEBUG    [line range] com/google/javascript/rhino/jstype/FunctionType.java isConstructor 182:185
2021-07-03 11:14:52,960 DEBUG                  - depth 0, hash 6b49cfd, HEAD~1594
2021-07-03 11:14:52,965 DEBUG    [line range] com/google/javascript/rhino/jstype/FunctionType.java isInterface 187:190
2021-07-03 11:14:53,076 DEBUG                  - depth 0, hash 6b49cfd, HEAD~1594
2021-07-03 11:14:53,082 DEBUG    [line range] com/google/javascript/rhino/jstype/FunctionType.java setPrototype 365:408
2021-07-03 11:14:53,191 DEBUG                  - depth 0, hash 5c695ce, HEAD~275
2021-07-03 11:14:53,197 DEBUG                  - depth 1, hash 7e9b833, HEAD~298
2021-07-03 11:14:53,201 DEBUG                  - depth 2, hash 5fa514b, HEAD~310
2021-07-03 11:14:53,205 DEBUG                  - depth 3, hash 1aaaaa9, HEAD~327
2021-07-03 11:14:53,209 DEBUG                  - depth 4, hash c438dfd, HEAD~570
2021-07-03 11:14:53,214 DEBUG                  - depth 5, hash 2851a41, HEAD~595
2021-07-03 11:14:53,218 DEBUG                  - depth 6, hash a36a61a, HEAD~598
2021-07-03 11:14:53,222 DEBUG                  - depth 7, hash 840ddca, HEAD~951
2021-07-03 11:14:53,226 DEBUG                  - depth 8, hash 6b49cfd, HEAD~1594
2021-07-03 11:14:53,231 DEBUG    [line range] com/google/javascript/rhino/jstype/FunctionType.java setPrototypeBasedOn 327:329
2021-07-03 11:14:53,340 DEBUG                  - depth 0, hash 5c695ce, HEAD~275
2021-07-03 11:14:53,346 DEBUG                  - depth 1, hash 6b49cfd, HEAD~1594
2021-07-03 11:14:53,350 DEBUG    [line range] com/google/javascript/rhino/jstype/FunctionType.java setPrototypeBasedOn 331:358
2021-07-03 11:14:53,464 DEBUG                  - depth 0, hash 5c695ce, HEAD~275
2021-07-03 11:14:53,469 DEBUG                  - depth 1, hash 7e9b833, HEAD~298
2021-07-03 11:14:53,474 DEBUG                  - depth 2, hash 5fa514b, HEAD~310
2021-07-03 11:14:53,478 DEBUG                  - depth 3, hash 6b49cfd, HEAD~1594
2021-07-03 11:14:53,482 DEBUG    [line range] com/google/javascript/rhino/jstype/FunctionType.java toMaybeFunctionType 197:200
2021-07-03 11:14:53,591 DEBUG                  - depth 0, hash bd9c7b6, HEAD~331
2021-07-03 11:14:53,597 DEBUG                  - depth 1, hash 01d1238, HEAD~334
2021-07-03 11:14:53,601 DEBUG                  - depth 2, hash fc07980, HEAD~335
2021-07-03 11:14:53,606 DEBUG                  - depth 3, hash 6b49cfd, HEAD~1594
2021-07-03 11:14:53,610 DEBUG    [single line]   com/google/javascript/rhino/jstype/FunctionType.java <clinit> 68
2021-07-03 11:14:53,719 DEBUG                  - depth 0, hash 6b49cfd, HEAD~1594
2021-07-03 11:14:53,725 DEBUG    [single line]   com/google/javascript/rhino/jstype/FunctionType.java <clinit> 69
2021-07-03 11:14:53,838 DEBUG                  - depth 0, hash 6b49cfd, HEAD~1594
2021-07-03 11:14:53,844 DEBUG    [single line]   com/google/javascript/rhino/jstype/FunctionType.java <clinit> 70
2021-07-03 11:14:53,958 DEBUG                  - depth 0, hash 6b49cfd, HEAD~1594
2021-07-03 11:14:53,964 DEBUG    [single line]   com/google/javascript/rhino/jstype/FunctionType.java <clinit> 71
2021-07-03 11:14:54,073 DEBUG                  - depth 0, hash 6b49cfd, HEAD~1594
2021-07-03 11:14:54,394 DEBUG    [line range] com/google/javascript/rhino/jstype/InstanceObjectType.java <init> 58:63
2021-07-03 11:14:54,496 DEBUG                  - depth 0, hash 6b49cfd, HEAD~1594
2021-07-03 11:14:54,502 DEBUG    [line range] com/google/javascript/rhino/jstype/InstanceObjectType.java defineProperty 85:93
2021-07-03 11:14:54,605 DEBUG                  - depth 0, hash 03ce555, HEAD~438
2021-07-03 11:14:54,611 DEBUG                  - depth 1, hash 6bbac11, HEAD~974
2021-07-03 11:14:54,615 DEBUG                  - depth 2, hash 6b49cfd, HEAD~1594
2021-07-03 11:14:54,620 DEBUG    [line range] com/google/javascript/rhino/jstype/InstanceObjectType.java getConstructor 80:83
2021-07-03 11:14:54,723 DEBUG                  - depth 0, hash 6b49cfd, HEAD~1594
2021-07-03 11:14:54,729 DEBUG    [line range] com/google/javascript/rhino/jstype/InstanceObjectType.java getCtorExtendedInterfaces 187:190
2021-07-03 11:14:54,831 DEBUG                  - depth 0, hash c438dfd, HEAD~570
2021-07-03 11:14:54,837 DEBUG    [line range] com/google/javascript/rhino/jstype/InstanceObjectType.java getImplicitPrototype 75:78
2021-07-03 11:14:54,939 DEBUG                  - depth 0, hash 6b49cfd, HEAD~1594
2021-07-03 11:14:54,945 DEBUG    [line range] com/google/javascript/rhino/jstype/InstanceObjectType.java getReferenceName 65:68
2021-07-03 11:14:55,047 DEBUG                  - depth 0, hash 3bee5d7, HEAD~1581
2021-07-03 11:14:55,053 DEBUG                  - depth 1, hash 6b49cfd, HEAD~1594
2021-07-03 11:14:55,058 DEBUG    [line range] com/google/javascript/rhino/jstype/InstanceObjectType.java hasReferenceName 70:73
2021-07-03 11:14:55,159 DEBUG                  - depth 0, hash 3bee5d7, HEAD~1581
2021-07-03 11:14:55,165 DEBUG                  - depth 1, hash 6b49cfd, HEAD~1594
2021-07-03 11:14:55,170 DEBUG    [line range] com/google/javascript/rhino/jstype/InstanceObjectType.java hashCode 173:180
2021-07-03 11:14:55,272 DEBUG                  - depth 0, hash 3bee5d7, HEAD~1581
2021-07-03 11:14:55,278 DEBUG                  - depth 1, hash 6b49cfd, HEAD~1594
2021-07-03 11:14:55,282 DEBUG    [line range] com/google/javascript/rhino/jstype/InstanceObjectType.java isEquivalentTo 156:167
2021-07-03 11:14:55,384 DEBUG                  - depth 0, hash cf5fd88, HEAD~1404
2021-07-03 11:14:55,390 DEBUG                  - depth 1, hash 8686011, HEAD~1554
2021-07-03 11:14:55,394 DEBUG                  - depth 2, hash 4014ddc, HEAD~1556
2021-07-03 11:14:55,398 DEBUG                  - depth 3, hash a2d8936, HEAD~1571
2021-07-03 11:14:55,403 DEBUG                  - depth 4, hash 3bee5d7, HEAD~1581
2021-07-03 11:14:55,407 DEBUG                  - depth 5, hash 6b49cfd, HEAD~1594
2021-07-03 11:14:55,411 DEBUG    [line range] com/google/javascript/rhino/jstype/InstanceObjectType.java isNominalType 151:154
2021-07-03 11:14:55,514 DEBUG                  - depth 0, hash 845f5ff, HEAD~1576
2021-07-03 11:14:55,520 DEBUG                  - depth 1, hash 3bee5d7, HEAD~1581
2021-07-03 11:14:55,524 DEBUG                  - depth 2, hash 6b49cfd, HEAD~1594
2021-07-03 11:14:55,529 DEBUG    [line range] com/google/javascript/rhino/jstype/InstanceObjectType.java toString 95:102
2021-07-03 11:14:55,635 DEBUG                  - depth 0, hash a2f9d4f, HEAD~1455
2021-07-03 11:14:55,641 DEBUG                  - depth 1, hash 3bee5d7, HEAD~1581
2021-07-03 11:14:55,645 DEBUG                  - depth 2, hash 6b49cfd, HEAD~1594
2021-07-03 11:14:56,086 DEBUG    [line range] com/google/javascript/rhino/jstype/JSType.java <clinit> 90:95
2021-07-03 11:14:56,196 DEBUG                  - depth 0, hash 5200a1c, HEAD~385
2021-07-03 11:14:56,202 DEBUG                  - depth 1, hash 6b49cfd, HEAD~1594
2021-07-03 11:14:56,207 DEBUG    [line range] com/google/javascript/rhino/jstype/JSType.java <init> 70:70
2021-07-03 11:14:56,315 DEBUG                  - depth 0, hash bca9abb, HEAD~1540
2021-07-03 11:14:56,321 DEBUG    [line range] com/google/javascript/rhino/jstype/JSType.java getNativeType 110:112
2021-07-03 11:14:56,431 DEBUG                  - depth 0, hash 6b49cfd, HEAD~1594
2021-07-03 11:14:56,437 DEBUG    [line range] com/google/javascript/rhino/jstype/JSType.java hashCode 430:433
2021-07-03 11:14:56,547 DEBUG                  - depth 0, hash 6b49cfd, HEAD~1594
2021-07-03 11:14:56,553 DEBUG    [line range] com/google/javascript/rhino/jstype/JSType.java isAllType 233:235
2021-07-03 11:14:56,662 DEBUG                  - depth 0, hash 6b49cfd, HEAD~1594
2021-07-03 11:14:56,668 DEBUG    [line range] com/google/javascript/rhino/jstype/JSType.java isEmptyType 156:160
2021-07-03 11:14:56,777 DEBUG                  - depth 0, hash a857aec, HEAD~890
2021-07-03 11:14:56,783 DEBUG                  - depth 1, hash 043a352, HEAD~923
2021-07-03 11:14:56,787 DEBUG                  - depth 2, hash 11bd742, HEAD~947
2021-07-03 11:14:56,792 DEBUG                  - depth 3, hash 6dbca87, HEAD~948
2021-07-03 11:14:56,796 DEBUG                  - depth 4, hash 6b49cfd, HEAD~1594
2021-07-03 11:14:56,800 DEBUG    [line range] com/google/javascript/rhino/jstype/JSType.java isEquivalentTo 408:417
2021-07-03 11:14:56,910 DEBUG                  - depth 0, hash cf5fd88, HEAD~1404
2021-07-03 11:14:56,916 DEBUG                  - depth 1, hash 6b49cfd, HEAD~1594
2021-07-03 11:14:56,921 DEBUG    [line range] com/google/javascript/rhino/jstype/JSType.java isFunctionType 264:266
2021-07-03 11:14:57,031 DEBUG                  - depth 0, hash bd9c7b6, HEAD~331
2021-07-03 11:14:57,037 DEBUG                  - depth 1, hash 01d1238, HEAD~334
2021-07-03 11:14:57,041 DEBUG                  - depth 2, hash fc07980, HEAD~335
2021-07-03 11:14:57,046 DEBUG                  - depth 3, hash 6b49cfd, HEAD~1594
2021-07-03 11:14:57,050 DEBUG    [line range] com/google/javascript/rhino/jstype/JSType.java isNoObjectType 152:154
2021-07-03 11:14:57,160 DEBUG                  - depth 0, hash 6b49cfd, HEAD~1594
2021-07-03 11:14:57,166 DEBUG    [line range] com/google/javascript/rhino/jstype/JSType.java isNoResolvedType 148:150
2021-07-03 11:14:57,272 DEBUG                  - depth 0, hash 043a352, HEAD~923
2021-07-03 11:14:57,278 DEBUG    [line range] com/google/javascript/rhino/jstype/JSType.java isNoType 144:146
2021-07-03 11:14:57,388 DEBUG                  - depth 0, hash 6b49cfd, HEAD~1594
2021-07-03 11:14:57,394 DEBUG    [line range] com/google/javascript/rhino/jstype/JSType.java isNominalType 353:355
2021-07-03 11:14:57,504 DEBUG                  - depth 0, hash 845f5ff, HEAD~1576
2021-07-03 11:14:57,510 DEBUG                  - depth 1, hash 6b49cfd, HEAD~1594
2021-07-03 11:14:57,515 DEBUG    [line range] com/google/javascript/rhino/jstype/JSType.java isRecordType 317:319
2021-07-03 11:14:57,624 DEBUG                  - depth 0, hash febdacb, HEAD~216
2021-07-03 11:14:57,630 DEBUG                  - depth 1, hash 6b49cfd, HEAD~1594
2021-07-03 11:14:57,634 DEBUG    [line range] com/google/javascript/rhino/jstype/JSType.java isSubtype 989:991
2021-07-03 11:14:57,745 DEBUG                  - depth 0, hash 3c1c9ea, HEAD~217
2021-07-03 11:14:57,751 DEBUG                  - depth 1, hash 6b49cfd, HEAD~1594
2021-07-03 11:14:57,755 DEBUG    [line range] com/google/javascript/rhino/jstype/JSType.java isSubtypeHelper 1014:1042
2021-07-03 11:14:57,865 DEBUG                  - depth 0, hash 3c1c9ea, HEAD~217
2021-07-03 11:14:57,871 DEBUG                  - depth 1, hash 5ac633a, HEAD~336
2021-07-03 11:14:57,876 DEBUG                  - depth 2, hash d6227f7, HEAD~1162
2021-07-03 11:14:57,880 DEBUG                  - depth 3, hash cf5fd88, HEAD~1404
2021-07-03 11:14:57,884 DEBUG                  - depth 4, hash 6b49cfd, HEAD~1594
2021-07-03 11:14:57,889 DEBUG    [line range] com/google/javascript/rhino/jstype/JSType.java isUnionType 245:247
2021-07-03 11:14:57,999 DEBUG                  - depth 0, hash 5ac633a, HEAD~336
2021-07-03 11:14:58,004 DEBUG                  - depth 1, hash 6b49cfd, HEAD~1594
2021-07-03 11:14:58,009 DEBUG    [line range] com/google/javascript/rhino/jstype/JSType.java isUnknownType 237:239
2021-07-03 11:14:58,119 DEBUG                  - depth 0, hash 6b49cfd, HEAD~1594
2021-07-03 11:14:58,124 DEBUG    [line range] com/google/javascript/rhino/jstype/JSType.java toMaybeFunctionType 280:282
2021-07-03 11:14:58,235 DEBUG                  - depth 0, hash bd9c7b6, HEAD~331
2021-07-03 11:14:58,240 DEBUG                  - depth 1, hash 01d1238, HEAD~334
2021-07-03 11:14:58,245 DEBUG                  - depth 2, hash fc07980, HEAD~335
2021-07-03 11:14:58,249 DEBUG                  - depth 3, hash 6b49cfd, HEAD~1594
2021-07-03 11:14:58,254 DEBUG    [line range] com/google/javascript/rhino/jstype/JSType.java toMaybeRecordType 325:327
2021-07-03 11:14:58,363 DEBUG                  - depth 0, hash febdacb, HEAD~216
2021-07-03 11:14:58,369 DEBUG                  - depth 1, hash 6b49cfd, HEAD~1594
2021-07-03 11:14:58,373 DEBUG    [line range] com/google/javascript/rhino/jstype/JSType.java toMaybeUnionType 254:256
2021-07-03 11:14:58,483 DEBUG                  - depth 0, hash 5ac633a, HEAD~336
2021-07-03 11:14:58,489 DEBUG                  - depth 1, hash 6b49cfd, HEAD~1594
2021-07-03 11:14:58,493 DEBUG    [line range] com/google/javascript/rhino/jstype/JSType.java toObjectType 554:556
2021-07-03 11:14:58,603 DEBUG                  - depth 0, hash a2d8936, HEAD~1571
2021-07-03 11:14:58,609 DEBUG    [line range] com/google/javascript/rhino/jstype/JSType.java compare 90:95
2021-07-03 11:14:58,719 DEBUG                  - depth 0, hash 5200a1c, HEAD~385
2021-07-03 11:14:58,725 DEBUG                  - depth 1, hash 6b49cfd, HEAD~1594
2021-07-03 11:14:59,011 DEBUG    [single line]   com/google/javascript/rhino/jstype/JSTypeNative.java <clinit> 47
2021-07-03 11:14:59,113 DEBUG                  - depth 0, hash 6b49cfd, HEAD~1594
2021-07-03 11:14:59,119 DEBUG    [single line]   com/google/javascript/rhino/jstype/JSTypeNative.java <clinit> 50
2021-07-03 11:14:59,220 DEBUG                  - depth 0, hash 6b49cfd, HEAD~1594
2021-07-03 11:14:59,226 DEBUG    [single line]   com/google/javascript/rhino/jstype/JSTypeNative.java <clinit> 51
2021-07-03 11:14:59,328 DEBUG                  - depth 0, hash 6b49cfd, HEAD~1594
2021-07-03 11:14:59,333 DEBUG    [single line]   com/google/javascript/rhino/jstype/JSTypeNative.java <clinit> 53
2021-07-03 11:14:59,435 DEBUG                  - depth 0, hash 6b49cfd, HEAD~1594
2021-07-03 11:14:59,440 DEBUG    [single line]   com/google/javascript/rhino/jstype/JSTypeNative.java <clinit> 54
2021-07-03 11:14:59,542 DEBUG                  - depth 0, hash 6b49cfd, HEAD~1594
2021-07-03 11:14:59,547 DEBUG    [single line]   com/google/javascript/rhino/jstype/JSTypeNative.java <clinit> 55
2021-07-03 11:14:59,649 DEBUG                  - depth 0, hash 6b49cfd, HEAD~1594
2021-07-03 11:14:59,655 DEBUG    [single line]   com/google/javascript/rhino/jstype/JSTypeNative.java <clinit> 79
2021-07-03 11:14:59,756 DEBUG                  - depth 0, hash 6b49cfd, HEAD~1594
2021-07-03 11:14:59,762 DEBUG    [single line]   com/google/javascript/rhino/jstype/JSTypeNative.java <clinit> 81
2021-07-03 11:14:59,863 DEBUG                  - depth 0, hash 6b49cfd, HEAD~1594
2021-07-03 11:14:59,869 DEBUG    [single line]   com/google/javascript/rhino/jstype/JSTypeNative.java <clinit> 82
2021-07-03 11:14:59,970 DEBUG                  - depth 0, hash 6b49cfd, HEAD~1594
2021-07-03 11:14:59,976 DEBUG    [single line]   com/google/javascript/rhino/jstype/JSTypeNative.java <clinit> 84
2021-07-03 11:15:00,078 DEBUG                  - depth 0, hash 6b49cfd, HEAD~1594
2021-07-03 11:15:00,084 DEBUG    [single line]   com/google/javascript/rhino/jstype/JSTypeNative.java <clinit> 85
2021-07-03 11:15:00,185 DEBUG                  - depth 0, hash 6b49cfd, HEAD~1594
2021-07-03 11:15:00,191 DEBUG    [single line]   com/google/javascript/rhino/jstype/JSTypeNative.java <clinit> 87
2021-07-03 11:15:00,292 DEBUG                  - depth 0, hash 6b49cfd, HEAD~1594
2021-07-03 11:15:00,298 DEBUG    [single line]   com/google/javascript/rhino/jstype/JSTypeNative.java <clinit> 88
2021-07-03 11:15:00,400 DEBUG                  - depth 0, hash 6b49cfd, HEAD~1594
2021-07-03 11:15:00,406 DEBUG    [single line]   com/google/javascript/rhino/jstype/JSTypeNative.java <clinit> 90
2021-07-03 11:15:00,507 DEBUG                  - depth 0, hash 6b49cfd, HEAD~1594
2021-07-03 11:15:00,513 DEBUG    [single line]   com/google/javascript/rhino/jstype/JSTypeNative.java <clinit> 91
2021-07-03 11:15:00,614 DEBUG                  - depth 0, hash 6b49cfd, HEAD~1594
2021-07-03 11:15:00,620 DEBUG    [single line]   com/google/javascript/rhino/jstype/JSTypeNative.java <clinit> 92
2021-07-03 11:15:00,721 DEBUG                  - depth 0, hash 6b49cfd, HEAD~1594
2021-07-03 11:15:00,727 DEBUG    [single line]   com/google/javascript/rhino/jstype/JSTypeNative.java <clinit> 94
2021-07-03 11:15:00,828 DEBUG                  - depth 0, hash 6b49cfd, HEAD~1594
2021-07-03 11:15:00,834 DEBUG    [single line]   com/google/javascript/rhino/jstype/JSTypeNative.java <clinit> 96
2021-07-03 11:15:00,935 DEBUG                  - depth 0, hash 6b49cfd, HEAD~1594
2021-07-03 11:15:00,941 DEBUG    [single line]   com/google/javascript/rhino/jstype/JSTypeNative.java <clinit> 97
2021-07-03 11:15:01,042 DEBUG                  - depth 0, hash 6b49cfd, HEAD~1594
2021-07-03 11:15:01,048 DEBUG    [single line]   com/google/javascript/rhino/jstype/JSTypeNative.java <clinit> 98
2021-07-03 11:15:01,149 DEBUG                  - depth 0, hash 6b49cfd, HEAD~1594
2021-07-03 11:15:01,155 DEBUG    [single line]   com/google/javascript/rhino/jstype/JSTypeNative.java <clinit> 100
2021-07-03 11:15:01,256 DEBUG                  - depth 0, hash 6b49cfd, HEAD~1594
2021-07-03 11:15:01,262 DEBUG    [single line]   com/google/javascript/rhino/jstype/JSTypeNative.java <clinit> 101
2021-07-03 11:15:01,363 DEBUG                  - depth 0, hash 6b49cfd, HEAD~1594
2021-07-03 11:15:01,369 DEBUG    [single line]   com/google/javascript/rhino/jstype/JSTypeNative.java <clinit> 102
2021-07-03 11:15:01,470 DEBUG                  - depth 0, hash 6b49cfd, HEAD~1594
2021-07-03 11:15:01,476 DEBUG    [single line]   com/google/javascript/rhino/jstype/JSTypeNative.java <clinit> 104
2021-07-03 11:15:01,578 DEBUG                  - depth 0, hash 6b49cfd, HEAD~1594
2021-07-03 11:15:01,583 DEBUG    [single line]   com/google/javascript/rhino/jstype/JSTypeNative.java <clinit> 105
2021-07-03 11:15:01,685 DEBUG                  - depth 0, hash 6b49cfd, HEAD~1594
2021-07-03 11:15:01,691 DEBUG    [single line]   com/google/javascript/rhino/jstype/JSTypeNative.java <clinit> 107
2021-07-03 11:15:01,792 DEBUG                  - depth 0, hash 6b49cfd, HEAD~1594
2021-07-03 11:15:01,797 DEBUG    [single line]   com/google/javascript/rhino/jstype/JSTypeNative.java <clinit> 108
2021-07-03 11:15:01,899 DEBUG                  - depth 0, hash 6b49cfd, HEAD~1594
2021-07-03 11:15:01,905 DEBUG    [single line]   com/google/javascript/rhino/jstype/JSTypeNative.java <clinit> 110
2021-07-03 11:15:02,009 DEBUG                  - depth 0, hash 6b49cfd, HEAD~1594
2021-07-03 11:15:02,015 DEBUG    [single line]   com/google/javascript/rhino/jstype/JSTypeNative.java <clinit> 111
2021-07-03 11:15:02,116 DEBUG                  - depth 0, hash 6b49cfd, HEAD~1594
2021-07-03 11:15:02,122 DEBUG    [single line]   com/google/javascript/rhino/jstype/JSTypeNative.java <clinit> 113
2021-07-03 11:15:02,222 DEBUG                  - depth 0, hash 6b49cfd, HEAD~1594
2021-07-03 11:15:02,228 DEBUG    [single line]   com/google/javascript/rhino/jstype/JSTypeNative.java <clinit> 114
2021-07-03 11:15:02,333 DEBUG                  - depth 0, hash 6b49cfd, HEAD~1594
2021-07-03 11:15:02,339 DEBUG    [single line]   com/google/javascript/rhino/jstype/JSTypeNative.java <clinit> 115
2021-07-03 11:15:02,440 DEBUG                  - depth 0, hash 6b49cfd, HEAD~1594
2021-07-03 11:15:02,446 DEBUG    [single line]   com/google/javascript/rhino/jstype/JSTypeNative.java <clinit> 117
2021-07-03 11:15:02,546 DEBUG                  - depth 0, hash 6b49cfd, HEAD~1594
2021-07-03 11:15:02,552 DEBUG    [single line]   com/google/javascript/rhino/jstype/JSTypeNative.java <clinit> 118
2021-07-03 11:15:02,653 DEBUG                  - depth 0, hash 6b49cfd, HEAD~1594
2021-07-03 11:15:02,659 DEBUG    [single line]   com/google/javascript/rhino/jstype/JSTypeNative.java <clinit> 120
2021-07-03 11:15:02,759 DEBUG                  - depth 0, hash 6b49cfd, HEAD~1594
2021-07-03 11:15:02,765 DEBUG    [single line]   com/google/javascript/rhino/jstype/JSTypeNative.java <clinit> 121
2021-07-03 11:15:02,866 DEBUG                  - depth 0, hash 6b49cfd, HEAD~1594
2021-07-03 11:15:02,872 DEBUG    [single line]   com/google/javascript/rhino/jstype/JSTypeNative.java <clinit> 123
2021-07-03 11:15:02,973 DEBUG                  - depth 0, hash 6b49cfd, HEAD~1594
2021-07-03 11:15:02,979 DEBUG    [single line]   com/google/javascript/rhino/jstype/JSTypeNative.java <clinit> 125
2021-07-03 11:15:03,082 DEBUG                  - depth 0, hash 6b49cfd, HEAD~1594
2021-07-03 11:15:03,088 DEBUG    [single line]   com/google/javascript/rhino/jstype/JSTypeNative.java <clinit> 126
2021-07-03 11:15:03,189 DEBUG                  - depth 0, hash 6b49cfd, HEAD~1594
2021-07-03 11:15:03,195 DEBUG    [single line]   com/google/javascript/rhino/jstype/JSTypeNative.java <clinit> 128
2021-07-03 11:15:03,296 DEBUG                  - depth 0, hash 6b49cfd, HEAD~1594
2021-07-03 11:15:03,302 DEBUG    [single line]   com/google/javascript/rhino/jstype/JSTypeNative.java <clinit> 132
2021-07-03 11:15:03,403 DEBUG                  - depth 0, hash 6b49cfd, HEAD~1594
2021-07-03 11:15:03,409 DEBUG    [single line]   com/google/javascript/rhino/jstype/JSTypeNative.java <clinit> 133
2021-07-03 11:15:03,510 DEBUG                  - depth 0, hash 6b49cfd, HEAD~1594
2021-07-03 11:15:03,516 DEBUG    [single line]   com/google/javascript/rhino/jstype/JSTypeNative.java <clinit> 134
2021-07-03 11:15:03,617 DEBUG                  - depth 0, hash 6b49cfd, HEAD~1594
2021-07-03 11:15:03,623 DEBUG    [single line]   com/google/javascript/rhino/jstype/JSTypeNative.java <clinit> 135
2021-07-03 11:15:03,724 DEBUG                  - depth 0, hash 6b49cfd, HEAD~1594
2021-07-03 11:15:03,729 DEBUG    [single line]   com/google/javascript/rhino/jstype/JSTypeNative.java <clinit> 136
2021-07-03 11:15:03,830 DEBUG                  - depth 0, hash 6b49cfd, HEAD~1594
2021-07-03 11:15:03,836 DEBUG    [single line]   com/google/javascript/rhino/jstype/JSTypeNative.java <clinit> 137
2021-07-03 11:15:03,937 DEBUG                  - depth 0, hash 6b49cfd, HEAD~1594
2021-07-03 11:15:03,943 DEBUG    [single line]   com/google/javascript/rhino/jstype/JSTypeNative.java <clinit> 138
2021-07-03 11:15:04,044 DEBUG                  - depth 0, hash 043a352, HEAD~923
2021-07-03 11:15:04,050 DEBUG    [single line]   com/google/javascript/rhino/jstype/JSTypeNative.java <clinit> 139
2021-07-03 11:15:04,152 DEBUG                  - depth 0, hash 6b49cfd, HEAD~1594
2021-07-03 11:15:04,158 DEBUG    [single line]   com/google/javascript/rhino/jstype/JSTypeNative.java <clinit> 140
2021-07-03 11:15:04,258 DEBUG                  - depth 0, hash 6b49cfd, HEAD~1594
2021-07-03 11:15:04,264 DEBUG    [single line]   com/google/javascript/rhino/jstype/JSTypeNative.java <clinit> 141
2021-07-03 11:15:04,365 DEBUG                  - depth 0, hash 6b49cfd, HEAD~1594
2021-07-03 11:15:04,371 DEBUG    [single line]   com/google/javascript/rhino/jstype/JSTypeNative.java <clinit> 143
2021-07-03 11:15:04,472 DEBUG                  - depth 0, hash 6b49cfd, HEAD~1594
2021-07-03 11:15:04,478 DEBUG    [single line]   com/google/javascript/rhino/jstype/JSTypeNative.java <clinit> 144
2021-07-03 11:15:04,580 DEBUG                  - depth 0, hash 6b49cfd, HEAD~1594
2021-07-03 11:15:04,586 DEBUG    [single line]   com/google/javascript/rhino/jstype/JSTypeNative.java <clinit> 149
2021-07-03 11:15:04,687 DEBUG                  - depth 0, hash 6b49cfd, HEAD~1594
2021-07-03 11:15:04,693 DEBUG    [single line]   com/google/javascript/rhino/jstype/JSTypeNative.java <clinit> 154
2021-07-03 11:15:04,794 DEBUG                  - depth 0, hash 6b49cfd, HEAD~1594
2021-07-03 11:15:04,800 DEBUG    [single line]   com/google/javascript/rhino/jstype/JSTypeNative.java <clinit> 159
2021-07-03 11:15:04,905 DEBUG                  - depth 0, hash 6b49cfd, HEAD~1594
2021-07-03 11:15:04,911 DEBUG    [single line]   com/google/javascript/rhino/jstype/JSTypeNative.java <clinit> 164
2021-07-03 11:15:05,012 DEBUG                  - depth 0, hash 6b49cfd, HEAD~1594
2021-07-03 11:15:05,492 DEBUG    [line range] com/google/javascript/rhino/jstype/JSTypeRegistry.java <init> 198:200
2021-07-03 11:15:05,611 DEBUG                  - depth 0, hash de13c33, HEAD~1441
2021-07-03 11:15:05,617 DEBUG                  - depth 1, hash 6b49cfd, HEAD~1594
2021-07-03 11:15:05,621 DEBUG    [line range] com/google/javascript/rhino/jstype/JSTypeRegistry.java <init> 103:103
2021-07-03 11:15:05,738 DEBUG                  - depth 0, hash 6b49cfd, HEAD~1594
2021-07-03 11:15:05,745 DEBUG    [line range] com/google/javascript/rhino/jstype/JSTypeRegistry.java addReferenceTypeIndexedByProperty 631:650
2021-07-03 11:15:05,866 DEBUG                  - depth 0, hash 5ac633a, HEAD~336
2021-07-03 11:15:05,872 DEBUG                  - depth 1, hash 1c75a54, HEAD~1024
2021-07-03 11:15:05,876 DEBUG                  - depth 2, hash 6b49cfd, HEAD~1594
2021-07-03 11:15:05,881 DEBUG    [line range] com/google/javascript/rhino/jstype/JSTypeRegistry.java createArrowType 1039:1041
2021-07-03 11:15:05,999 DEBUG                  - depth 0, hash e3bcc1c, HEAD~1437
2021-07-03 11:15:06,005 DEBUG    [line range] com/google/javascript/rhino/jstype/JSTypeRegistry.java createArrowType 1029:1031
2021-07-03 11:15:06,123 DEBUG                  - depth 0, hash e3bcc1c, HEAD~1437
2021-07-03 11:15:06,129 DEBUG    [line range] com/google/javascript/rhino/jstype/JSTypeRegistry.java createFunctionType 1279:1285
2021-07-03 11:15:06,244 DEBUG                  - depth 0, hash e3bcc1c, HEAD~1437
2021-07-03 11:15:06,250 DEBUG                  - depth 1, hash 4385971, HEAD~1439
2021-07-03 11:15:06,254 DEBUG    [line range] com/google/javascript/rhino/jstype/JSTypeRegistry.java createFunctionType 1236:1243
2021-07-03 11:15:06,372 DEBUG                  - depth 0, hash 6b49cfd, HEAD~1594
2021-07-03 11:15:06,378 DEBUG    [line range] com/google/javascript/rhino/jstype/JSTypeRegistry.java createFunctionTypeWithVarArgs 1085:1089
2021-07-03 11:15:06,495 DEBUG                  - depth 0, hash e3bcc1c, HEAD~1437
2021-07-03 11:15:06,501 DEBUG                  - depth 1, hash 6b49cfd, HEAD~1594
2021-07-03 11:15:06,505 DEBUG    [line range] com/google/javascript/rhino/jstype/JSTypeRegistry.java createNullableType 977:979
2021-07-03 11:15:06,623 DEBUG                  - depth 0, hash 6b49cfd, HEAD~1594
2021-07-03 11:15:06,629 DEBUG    [line range] com/google/javascript/rhino/jstype/JSTypeRegistry.java createOptionalParameters 1200:1204
2021-07-03 11:15:06,746 DEBUG                  - depth 0, hash 6b49cfd, HEAD~1594
2021-07-03 11:15:06,752 DEBUG    [line range] com/google/javascript/rhino/jstype/JSTypeRegistry.java createOptionalType 955:961
2021-07-03 11:15:06,869 DEBUG                  - depth 0, hash 6b49cfd, HEAD~1594
2021-07-03 11:15:06,875 DEBUG    [line range] com/google/javascript/rhino/jstype/JSTypeRegistry.java createParameters 1216:1227
2021-07-03 11:15:06,992 DEBUG                  - depth 0, hash 6b49cfd, HEAD~1594
2021-07-03 11:15:06,998 DEBUG    [line range] com/google/javascript/rhino/jstype/JSTypeRegistry.java createParametersWithVarArgs 1192:1194
2021-07-03 11:15:07,116 DEBUG                  - depth 0, hash 6b49cfd, HEAD~1594
2021-07-03 11:15:07,121 DEBUG    [line range] com/google/javascript/rhino/jstype/JSTypeRegistry.java createUnionType 993:999
2021-07-03 11:15:07,238 DEBUG                  - depth 0, hash 6b49cfd, HEAD~1594
2021-07-03 11:15:07,244 DEBUG    [line range] com/google/javascript/rhino/jstype/JSTypeRegistry.java getNativeFunctionType 882:884
2021-07-03 11:15:07,362 DEBUG                  - depth 0, hash 6b49cfd, HEAD~1594
2021-07-03 11:15:07,368 DEBUG    [line range] com/google/javascript/rhino/jstype/JSTypeRegistry.java getNativeObjectType 878:880
2021-07-03 11:15:07,485 DEBUG                  - depth 0, hash 6b49cfd, HEAD~1594
2021-07-03 11:15:07,491 DEBUG    [line range] com/google/javascript/rhino/jstype/JSTypeRegistry.java getNativeType 874:876
2021-07-03 11:15:07,609 DEBUG                  - depth 0, hash 6b49cfd, HEAD~1594
2021-07-03 11:15:07,615 DEBUG    [line range] com/google/javascript/rhino/jstype/JSTypeRegistry.java initializeBuiltInTypes 246:559
2021-07-03 11:15:07,734 DEBUG                  - depth 0, hash 5c695ce, HEAD~275
2021-07-03 11:15:07,740 DEBUG                  - depth 1, hash 5fa514b, HEAD~310
2021-07-03 11:15:07,745 DEBUG                  - depth 2, hash 03ce555, HEAD~438
2021-07-03 11:15:07,749 DEBUG                  - depth 3, hash f80152e, HEAD~796
2021-07-03 11:15:07,753 DEBUG                  - depth 4, hash 043a352, HEAD~923
2021-07-03 11:15:07,758 DEBUG                  - depth 5, hash 11bd742, HEAD~947
2021-07-03 11:15:07,762 DEBUG                  - depth 6, hash 6dbca87, HEAD~948
2021-07-03 11:15:07,766 DEBUG                  - depth 7, hash 6bbac11, HEAD~974
2021-07-03 11:15:07,771 DEBUG                  - depth 8, hash 1c75a54, HEAD~1024
2021-07-03 11:15:07,775 DEBUG                  - depth 9, hash e3bcc1c, HEAD~1437
2021-07-03 11:15:07,779 DEBUG                  - depth 10, hash 6b49cfd, HEAD~1594
2021-07-03 11:15:07,788 DEBUG    [line range] com/google/javascript/rhino/jstype/JSTypeRegistry.java initializeRegistry 561:585
2021-07-03 11:15:07,911 DEBUG                  - depth 0, hash 6b49cfd, HEAD~1594
2021-07-03 11:15:07,917 DEBUG    [line range] com/google/javascript/rhino/jstype/JSTypeRegistry.java register 587:589
2021-07-03 11:15:08,035 DEBUG                  - depth 0, hash 6b49cfd, HEAD~1594
2021-07-03 11:15:08,041 DEBUG    [line range] com/google/javascript/rhino/jstype/JSTypeRegistry.java register 591:599
2021-07-03 11:15:08,157 DEBUG                  - depth 0, hash 6b49cfd, HEAD~1594
2021-07-03 11:15:08,163 DEBUG    [line range] com/google/javascript/rhino/jstype/JSTypeRegistry.java registerNativeType 601:603
2021-07-03 11:15:08,280 DEBUG                  - depth 0, hash 6b49cfd, HEAD~1594
2021-07-03 11:15:08,286 DEBUG    [line range] com/google/javascript/rhino/jstype/JSTypeRegistry.java registerPropertyOnType 617:629
2021-07-03 11:15:08,403 DEBUG                  - depth 0, hash 79c373c, HEAD~391
2021-07-03 11:15:08,409 DEBUG                  - depth 1, hash 1c75a54, HEAD~1024
2021-07-03 11:15:08,414 DEBUG                  - depth 2, hash e152ec0, HEAD~1245
2021-07-03 11:15:08,418 DEBUG                  - depth 3, hash 831de24, HEAD~1276
2021-07-03 11:15:08,422 DEBUG                  - depth 4, hash 6bf3a64, HEAD~1359
2021-07-03 11:15:08,427 DEBUG                  - depth 5, hash 6b49cfd, HEAD~1594
2021-07-03 11:15:08,431 DEBUG    [line range] com/google/javascript/rhino/jstype/JSTypeRegistry.java resetForTypeCheck 237:244
2021-07-03 11:15:08,550 DEBUG                  - depth 0, hash 1c75a54, HEAD~1024
2021-07-03 11:15:08,556 DEBUG                  - depth 1, hash 6b49cfd, HEAD~1594
2021-07-03 11:15:08,561 DEBUG    [line range] com/google/javascript/rhino/jstype/JSTypeRegistry.java <init> 246:559
2021-07-03 11:15:08,679 DEBUG                  - depth 0, hash 5c695ce, HEAD~275
2021-07-03 11:15:08,685 DEBUG                  - depth 1, hash 5fa514b, HEAD~310
2021-07-03 11:15:08,689 DEBUG                  - depth 2, hash 03ce555, HEAD~438
2021-07-03 11:15:08,694 DEBUG                  - depth 3, hash f80152e, HEAD~796
2021-07-03 11:15:08,698 DEBUG                  - depth 4, hash 043a352, HEAD~923
2021-07-03 11:15:08,702 DEBUG                  - depth 5, hash 11bd742, HEAD~947
2021-07-03 11:15:08,707 DEBUG                  - depth 6, hash 6dbca87, HEAD~948
2021-07-03 11:15:08,711 DEBUG                  - depth 7, hash 6bbac11, HEAD~974
2021-07-03 11:15:08,715 DEBUG                  - depth 8, hash 1c75a54, HEAD~1024
2021-07-03 11:15:08,720 DEBUG                  - depth 9, hash e3bcc1c, HEAD~1437
2021-07-03 11:15:08,724 DEBUG                  - depth 10, hash 6b49cfd, HEAD~1594
2021-07-03 11:15:08,728 DEBUG    [single line]   com/google/javascript/rhino/jstype/JSTypeRegistry.java <clinit> 169
2021-07-03 11:15:08,842 DEBUG                  - depth 0, hash eb5eae4, HEAD~1425
2021-07-03 11:15:08,848 DEBUG    [single line]   com/google/javascript/rhino/jstype/JSTypeRegistry.java <clinit> 174
2021-07-03 11:15:08,961 DEBUG                  - depth 0, hash eb5eae4, HEAD~1425
2021-07-03 11:15:08,967 DEBUG    [single line]   com/google/javascript/rhino/jstype/JSTypeRegistry.java <clinit> 184
2021-07-03 11:15:09,081 DEBUG                  - depth 0, hash eb5eae4, HEAD~1425
2021-07-03 11:15:09,087 DEBUG    [single line]   com/google/javascript/rhino/jstype/JSTypeRegistry.java <clinit> 190
2021-07-03 11:15:09,199 DEBUG                  - depth 0, hash eb5eae4, HEAD~1425
2021-07-03 11:15:09,511 DEBUG    [line range] com/google/javascript/rhino/jstype/NoObjectType.java <init> 66:72
2021-07-03 11:15:09,614 DEBUG                  - depth 0, hash e3bcc1c, HEAD~1437
2021-07-03 11:15:09,620 DEBUG                  - depth 1, hash 6b49cfd, HEAD~1594
2021-07-03 11:15:09,900 DEBUG    [line range] com/google/javascript/rhino/jstype/NoResolvedType.java <init> 58:60
2021-07-03 11:15:10,002 DEBUG                  - depth 0, hash 043a352, HEAD~923
2021-07-03 11:15:10,287 DEBUG    [line range] com/google/javascript/rhino/jstype/NoType.java <init> 64:66
2021-07-03 11:15:10,390 DEBUG                  - depth 0, hash 6b49cfd, HEAD~1594
2021-07-03 11:15:10,396 DEBUG    [line range] com/google/javascript/rhino/jstype/NoType.java isNoType 73:76
2021-07-03 11:15:10,497 DEBUG                  - depth 0, hash 6b49cfd, HEAD~1594
2021-07-03 11:15:10,802 DEBUG    [line range] com/google/javascript/rhino/jstype/NullType.java <init> 53:55
2021-07-03 11:15:10,904 DEBUG                  - depth 0, hash 6b49cfd, HEAD~1594
2021-07-03 11:15:10,910 DEBUG    [line range] com/google/javascript/rhino/jstype/NullType.java getDisplayName 107:110
2021-07-03 11:15:11,012 DEBUG                  - depth 0, hash 8a76da2, HEAD~1038
2021-07-03 11:15:11,018 DEBUG                  - depth 1, hash 6b49cfd, HEAD~1594
2021-07-03 11:15:11,023 DEBUG    [line range] com/google/javascript/rhino/jstype/NullType.java toString 102:105
2021-07-03 11:15:11,124 DEBUG                  - depth 0, hash 8a76da2, HEAD~1038
2021-07-03 11:15:11,130 DEBUG                  - depth 1, hash 6b49cfd, HEAD~1594
2021-07-03 11:15:11,432 DEBUG    [line range] com/google/javascript/rhino/jstype/NumberType.java <init> 52:54
2021-07-03 11:15:11,534 DEBUG                  - depth 0, hash 6b49cfd, HEAD~1594
2021-07-03 11:15:11,540 DEBUG    [line range] com/google/javascript/rhino/jstype/NumberType.java getDisplayName 100:103
2021-07-03 11:15:11,642 DEBUG                  - depth 0, hash 8a76da2, HEAD~1038
2021-07-03 11:15:11,648 DEBUG                  - depth 1, hash 6b49cfd, HEAD~1594
2021-07-03 11:15:11,653 DEBUG    [line range] com/google/javascript/rhino/jstype/NumberType.java toString 95:98
2021-07-03 11:15:11,754 DEBUG                  - depth 0, hash 8a76da2, HEAD~1038
2021-07-03 11:15:11,760 DEBUG                  - depth 1, hash 6b49cfd, HEAD~1594
2021-07-03 11:15:12,141 DEBUG    [line range] com/google/javascript/rhino/jstype/ObjectType.java <init> 85:85
2021-07-03 11:15:12,246 DEBUG                  - depth 0, hash 6b49cfd, HEAD~1594
2021-07-03 11:15:12,252 DEBUG    [line range] com/google/javascript/rhino/jstype/ObjectType.java cast 541:543
2021-07-03 11:15:12,357 DEBUG                  - depth 0, hash a2d8936, HEAD~1571
2021-07-03 11:15:12,363 DEBUG    [line range] com/google/javascript/rhino/jstype/ObjectType.java defineDeclaredProperty 271:283
2021-07-03 11:15:12,468 DEBUG                  - depth 0, hash 03ce555, HEAD~438
2021-07-03 11:15:12,474 DEBUG                  - depth 1, hash 6bbac11, HEAD~974
2021-07-03 11:15:12,479 DEBUG                  - depth 2, hash 1c75a54, HEAD~1024
2021-07-03 11:15:12,483 DEBUG                  - depth 3, hash 6b49cfd, HEAD~1594
2021-07-03 11:15:12,488 DEBUG    [line range] com/google/javascript/rhino/jstype/ObjectType.java hasCachedValues 521:523
2021-07-03 11:15:12,594 DEBUG                  - depth 0, hash 6b49cfd, HEAD~1594
2021-07-03 11:15:12,600 DEBUG    [line range] com/google/javascript/rhino/jstype/ObjectType.java hasOwnDeclaredProperty 425:427
2021-07-03 11:15:12,706 DEBUG                  - depth 0, hash 6b49cfd, HEAD~1594
2021-07-03 11:15:12,712 DEBUG    [line range] com/google/javascript/rhino/jstype/ObjectType.java isFunctionPrototypeType 545:548
2021-07-03 11:15:12,817 DEBUG                  - depth 0, hash 5fa514b, HEAD~310
2021-07-03 11:15:12,823 DEBUG    [line range] com/google/javascript/rhino/jstype/ObjectType.java isImplicitPrototype 469:478
2021-07-03 11:15:12,929 DEBUG                  - depth 0, hash cf5fd88, HEAD~1404
2021-07-03 11:15:12,935 DEBUG                  - depth 1, hash 6b49cfd, HEAD~1594
2021-07-03 11:15:12,940 DEBUG    [line range] com/google/javascript/rhino/jstype/ObjectType.java isUnknownType 489:509
2021-07-03 11:15:13,045 DEBUG                  - depth 0, hash c438dfd, HEAD~570
2021-07-03 11:15:13,051 DEBUG                  - depth 1, hash 2851a41, HEAD~595
2021-07-03 11:15:13,055 DEBUG                  - depth 2, hash a36a61a, HEAD~598
2021-07-03 11:15:13,059 DEBUG                  - depth 3, hash 6b49cfd, HEAD~1594
2021-07-03 11:15:13,064 DEBUG    [line range] com/google/javascript/rhino/jstype/ObjectType.java <init> 597:597
2021-07-03 11:15:13,169 DEBUG                  - depth 0, hash 5c695ce, HEAD~275
2021-07-03 11:15:13,176 DEBUG    [line range] com/google/javascript/rhino/jstype/ObjectType.java getType 632:635
2021-07-03 11:15:13,280 DEBUG                  - depth 0, hash 5c695ce, HEAD~275
2021-07-03 11:15:13,657 DEBUG    [line range] com/google/javascript/rhino/jstype/PrototypeObjectType.java <init> 104:107
2021-07-03 11:15:13,762 DEBUG                  - depth 0, hash 6b49cfd, HEAD~1594
2021-07-03 11:15:13,768 DEBUG    [line range] com/google/javascript/rhino/jstype/PrototypeObjectType.java <init> 85:85
2021-07-03 11:15:13,869 DEBUG                  - depth 0, hash 5fa514b, HEAD~310
2021-07-03 11:15:13,875 DEBUG    [line range] com/google/javascript/rhino/jstype/PrototypeObjectType.java defineProperty 233:249
2021-07-03 11:15:13,980 DEBUG                  - depth 0, hash 5c695ce, HEAD~275
2021-07-03 11:15:13,986 DEBUG                  - depth 1, hash 03ce555, HEAD~438
2021-07-03 11:15:13,991 DEBUG                  - depth 2, hash 8dc6730, HEAD~495
2021-07-03 11:15:13,995 DEBUG                  - depth 3, hash 091577d, HEAD~602
2021-07-03 11:15:13,999 DEBUG                  - depth 4, hash 6bbac11, HEAD~974
2021-07-03 11:15:14,004 DEBUG                  - depth 5, hash 6b49cfd, HEAD~1594
2021-07-03 11:15:14,008 DEBUG    [line range] com/google/javascript/rhino/jstype/PrototypeObjectType.java getConstructor 406:409
2021-07-03 11:15:14,116 DEBUG                  - depth 0, hash 6b49cfd, HEAD~1594
2021-07-03 11:15:14,122 DEBUG    [line range] com/google/javascript/rhino/jstype/PrototypeObjectType.java getCtorExtendedInterfaces 532:537
2021-07-03 11:15:14,228 DEBUG                  - depth 0, hash 5fa514b, HEAD~310
2021-07-03 11:15:14,234 DEBUG    [line range] com/google/javascript/rhino/jstype/PrototypeObjectType.java getImplicitPrototype 411:414
2021-07-03 11:15:14,341 DEBUG                  - depth 0, hash 12e777c, HEAD~1136
2021-07-03 11:15:14,347 DEBUG                  - depth 1, hash 6b49cfd, HEAD~1594
2021-07-03 11:15:14,352 DEBUG    [line range] com/google/javascript/rhino/jstype/PrototypeObjectType.java getOwnerFunction 520:523
2021-07-03 11:15:14,457 DEBUG                  - depth 0, hash 5fa514b, HEAD~310
2021-07-03 11:15:14,463 DEBUG    [line range] com/google/javascript/rhino/jstype/PrototypeObjectType.java getPropertiesCount 151:164
2021-07-03 11:15:14,567 DEBUG                  - depth 0, hash 6b49cfd, HEAD~1594
2021-07-03 11:15:14,573 DEBUG    [line range] com/google/javascript/rhino/jstype/PrototypeObjectType.java getReferenceName 427:436
2021-07-03 11:15:14,678 DEBUG                  - depth 0, hash 5fa514b, HEAD~310
2021-07-03 11:15:14,684 DEBUG                  - depth 1, hash a2f9d4f, HEAD~1455
2021-07-03 11:15:14,688 DEBUG                  - depth 2, hash 3bee5d7, HEAD~1581
2021-07-03 11:15:14,693 DEBUG                  - depth 3, hash 6b49cfd, HEAD~1594
2021-07-03 11:15:14,697 DEBUG    [line range] com/google/javascript/rhino/jstype/PrototypeObjectType.java hasCachedValues 504:507
2021-07-03 11:15:14,802 DEBUG                  - depth 0, hash 6b49cfd, HEAD~1594
2021-07-03 11:15:14,808 DEBUG    [line range] com/google/javascript/rhino/jstype/PrototypeObjectType.java hasOwnProperty 172:175
2021-07-03 11:15:14,913 DEBUG                  - depth 0, hash 6b49cfd, HEAD~1594
2021-07-03 11:15:14,919 DEBUG    [line range] com/google/javascript/rhino/jstype/PrototypeObjectType.java hasReferenceName 438:441
2021-07-03 11:15:15,023 DEBUG                  - depth 0, hash 5fa514b, HEAD~310
2021-07-03 11:15:15,029 DEBUG                  - depth 1, hash 3bee5d7, HEAD~1581
2021-07-03 11:15:15,033 DEBUG                  - depth 2, hash 6b49cfd, HEAD~1594
2021-07-03 11:15:15,038 DEBUG    [line range] com/google/javascript/rhino/jstype/PrototypeObjectType.java implicitPrototypeChainIsUnknown 493:502
2021-07-03 11:15:15,142 DEBUG                  - depth 0, hash 6b49cfd, HEAD~1594
2021-07-03 11:15:15,148 DEBUG    [line range] com/google/javascript/rhino/jstype/PrototypeObjectType.java isNativeObjectType 510:513
2021-07-03 11:15:15,256 DEBUG                  - depth 0, hash 6b49cfd, HEAD~1594
2021-07-03 11:15:15,262 DEBUG    [line range] com/google/javascript/rhino/jstype/PrototypeObjectType.java isSubtype 443:491
2021-07-03 11:15:15,367 DEBUG                  - depth 0, hash febdacb, HEAD~216
2021-07-03 11:15:15,373 DEBUG                  - depth 1, hash 3c1c9ea, HEAD~217
2021-07-03 11:15:15,377 DEBUG                  - depth 2, hash 5ac633a, HEAD~336
2021-07-03 11:15:15,382 DEBUG                  - depth 3, hash d39f3fa, HEAD~408
2021-07-03 11:15:15,386 DEBUG                  - depth 4, hash 94192f9, HEAD~416
2021-07-03 11:15:15,390 DEBUG                  - depth 5, hash 18e9262, HEAD~417
2021-07-03 11:15:15,395 DEBUG                  - depth 6, hash c438dfd, HEAD~570
2021-07-03 11:15:15,399 DEBUG                  - depth 7, hash 2851a41, HEAD~595
2021-07-03 11:15:15,403 DEBUG                  - depth 8, hash a36a61a, HEAD~598
2021-07-03 11:15:15,408 DEBUG                  - depth 9, hash 8686011, HEAD~1554
2021-07-03 11:15:15,412 DEBUG                  - depth 10, hash a2d8936, HEAD~1571
2021-07-03 11:15:15,417 DEBUG                  - depth 11, hash 6b49cfd, HEAD~1594
2021-07-03 11:15:15,421 DEBUG    [line range] com/google/javascript/rhino/jstype/PrototypeObjectType.java setImplicitPrototype 422:425
2021-07-03 11:15:15,526 DEBUG                  - depth 0, hash 12e777c, HEAD~1136
2021-07-03 11:15:15,532 DEBUG                  - depth 1, hash 6b49cfd, HEAD~1594
2021-07-03 11:15:15,536 DEBUG    [line range] com/google/javascript/rhino/jstype/PrototypeObjectType.java setOwnerFunction 515:518
2021-07-03 11:15:15,637 DEBUG                  - depth 0, hash 7e9b833, HEAD~298
2021-07-03 11:15:15,643 DEBUG                  - depth 1, hash 5fa514b, HEAD~310
2021-07-03 11:15:15,648 DEBUG    [line range] com/google/javascript/rhino/jstype/PrototypeObjectType.java setPrettyPrint 398:400
2021-07-03 11:15:15,752 DEBUG                  - depth 0, hash a2f9d4f, HEAD~1455
2021-07-03 11:15:15,758 DEBUG                  - depth 1, hash 3bee5d7, HEAD~1581
2021-07-03 11:15:15,762 DEBUG                  - depth 2, hash 6b49cfd, HEAD~1594
2021-07-03 11:15:16,045 DEBUG    [line range] com/google/javascript/rhino/jstype/SimpleSourceFile.java <init> 50:53
2021-07-03 11:15:16,147 DEBUG                  - depth 0, hash fb1ca6a, HEAD~492
2021-07-03 11:15:16,153 DEBUG    [line range] com/google/javascript/rhino/jstype/SimpleSourceFile.java getName 55:58
2021-07-03 11:15:16,254 DEBUG                  - depth 0, hash fb1ca6a, HEAD~492
2021-07-03 11:15:16,569 DEBUG    [line range] com/google/javascript/rhino/jstype/StringType.java <init> 52:54
2021-07-03 11:15:16,671 DEBUG                  - depth 0, hash 6b49cfd, HEAD~1594
2021-07-03 11:15:16,677 DEBUG    [line range] com/google/javascript/rhino/jstype/StringType.java getDisplayName 95:98
2021-07-03 11:15:16,778 DEBUG                  - depth 0, hash 8a76da2, HEAD~1038
2021-07-03 11:15:16,783 DEBUG                  - depth 1, hash 6b49cfd, HEAD~1594
2021-07-03 11:15:16,788 DEBUG    [line range] com/google/javascript/rhino/jstype/StringType.java toString 90:93
2021-07-03 11:15:16,893 DEBUG                  - depth 0, hash 8a76da2, HEAD~1038
2021-07-03 11:15:16,899 DEBUG                  - depth 1, hash 6b49cfd, HEAD~1594
2021-07-03 11:15:17,277 DEBUG    [line range] com/google/javascript/rhino/jstype/UnionType.java <init> 81:85
2021-07-03 11:15:17,380 DEBUG                  - depth 0, hash cf5fd88, HEAD~1404
2021-07-03 11:15:17,386 DEBUG                  - depth 1, hash 6a6e135, HEAD~1486
2021-07-03 11:15:17,391 DEBUG                  - depth 2, hash 6b49cfd, HEAD~1594
2021-07-03 11:15:17,724 DEBUG    [line range] com/google/javascript/rhino/jstype/UnionTypeBuilder.java <init> 100:102
2021-07-03 11:15:17,827 DEBUG                  - depth 0, hash 79c373c, HEAD~391
2021-07-03 11:15:17,832 DEBUG                  - depth 1, hash 6b49cfd, HEAD~1594
2021-07-03 11:15:17,837 DEBUG    [line range] com/google/javascript/rhino/jstype/UnionTypeBuilder.java <init> 71:71
2021-07-03 11:15:17,939 DEBUG                  - depth 0, hash 6b49cfd, HEAD~1594
2021-07-03 11:15:17,945 DEBUG    [line range] com/google/javascript/rhino/jstype/UnionTypeBuilder.java addAlternate 121:212
2021-07-03 11:15:18,049 DEBUG                  - depth 0, hash 4fe9831, HEAD~192
2021-07-03 11:15:18,055 DEBUG                  - depth 1, hash 57ed289, HEAD~210
2021-07-03 11:15:18,059 DEBUG                  - depth 2, hash dc58965, HEAD~233
2021-07-03 11:15:18,063 DEBUG                  - depth 3, hash 5ac633a, HEAD~336
2021-07-03 11:15:18,068 DEBUG                  - depth 4, hash 79c373c, HEAD~391
2021-07-03 11:15:18,072 DEBUG                  - depth 5, hash 043a352, HEAD~923
2021-07-03 11:15:18,077 DEBUG                  - depth 6, hash 11bd742, HEAD~947
2021-07-03 11:15:18,081 DEBUG                  - depth 7, hash 6dbca87, HEAD~948
2021-07-03 11:15:18,085 DEBUG                  - depth 8, hash e829daf, HEAD~1390
2021-07-03 11:15:18,090 DEBUG                  - depth 9, hash 6b49cfd, HEAD~1594
2021-07-03 11:15:18,095 DEBUG    [line range] com/google/javascript/rhino/jstype/UnionTypeBuilder.java build 247:255
2021-07-03 11:15:18,201 DEBUG                  - depth 0, hash 1c75a54, HEAD~1024
2021-07-03 11:15:18,207 DEBUG                  - depth 1, hash e829daf, HEAD~1390
2021-07-03 11:15:18,211 DEBUG                  - depth 2, hash 7eaa0d8, HEAD~1448
2021-07-03 11:15:18,216 DEBUG                  - depth 3, hash 6b49cfd, HEAD~1594
2021-07-03 11:15:18,221 DEBUG    [line range] com/google/javascript/rhino/jstype/UnionTypeBuilder.java getAlternateListCopy 257:259
2021-07-03 11:15:18,324 DEBUG                  - depth 0, hash c9855be, HEAD~392
2021-07-03 11:15:18,330 DEBUG                  - depth 1, hash e829daf, HEAD~1390
2021-07-03 11:15:18,334 DEBUG    [line range] com/google/javascript/rhino/jstype/UnionTypeBuilder.java reduceAlternatesWithoutUnion 219:240
2021-07-03 11:15:18,436 DEBUG                  - depth 0, hash 79c373c, HEAD~391
2021-07-03 11:15:18,442 DEBUG                  - depth 1, hash 5bebea6, HEAD~927
2021-07-03 11:15:18,447 DEBUG                  - depth 2, hash 2bc4e29, HEAD~933
2021-07-03 11:15:18,451 DEBUG                  - depth 3, hash 1c75a54, HEAD~1024
2021-07-03 11:15:18,759 DEBUG    [line range] com/google/javascript/rhino/jstype/UnknownType.java <init> 58:61
2021-07-03 11:15:18,861 DEBUG                  - depth 0, hash 6b49cfd, HEAD~1594
2021-07-03 11:15:19,154 DEBUG    [line range] com/google/javascript/rhino/jstype/ValueType.java <init> 48:50
2021-07-03 11:15:19,257 DEBUG                  - depth 0, hash 6b49cfd, HEAD~1594
2021-07-03 11:15:19,561 DEBUG    [line range] com/google/javascript/rhino/jstype/VoidType.java <init> 53:55
2021-07-03 11:15:19,662 DEBUG                  - depth 0, hash 6b49cfd, HEAD~1594
2021-07-03 11:15:19,668 DEBUG    [line range] com/google/javascript/rhino/jstype/VoidType.java getDisplayName 99:102
2021-07-03 11:15:19,770 DEBUG                  - depth 0, hash 8a76da2, HEAD~1038
2021-07-03 11:15:19,776 DEBUG                  - depth 1, hash 6b49cfd, HEAD~1594
2021-07-03 11:15:19,780 DEBUG    [line range] com/google/javascript/rhino/jstype/VoidType.java toString 94:97
2021-07-03 11:15:19,886 DEBUG                  - depth 0, hash 8a76da2, HEAD~1038
2021-07-03 11:15:19,892 DEBUG                  - depth 1, hash 6b49cfd, HEAD~1594
2021-07-03 11:15:19,896 INFO     The number of BIC candidates: 120
