2021-07-03 20:33:37,336 INFO     Search BICs for /tmp/Compress-23b/
2021-07-03 20:33:37,336 DEBUG    Reading the coverage of org.apache.commons.compress.archivers.sevenz.SevenZFileTest::testCompressedHeaderWithNonDefaultDictionarySize (failings)
2021-07-03 20:33:37,371 INFO     Loaded 1x239 Coverage Matrix
2021-07-03 20:33:37,372 INFO     The number of total commits: 1438
2021-07-03 20:33:37,709 DEBUG    [single line]   org/apache/commons/compress/archivers/ArchiveStreamFactory.java <init> 76
2021-07-03 20:33:37,759 DEBUG                  - depth 0, hash 6a70323, HEAD~1315
2021-07-03 20:33:37,765 DEBUG                  - depth 1, hash ca16539, HEAD~1325
2021-07-03 20:33:37,769 DEBUG    [line range] org/apache/commons/compress/archivers/ArchiveStreamFactory.java <init> 117:117
2021-07-03 20:33:37,820 DEBUG                  - depth 0, hash 2ab43b0, HEAD~373
2021-07-03 20:33:38,116 DEBUG    [single line]   org/apache/commons/compress/archivers/sevenz/Archive.java <init> 22
2021-07-03 20:33:38,163 DEBUG                  - depth 0, hash f69ccab, HEAD~253
2021-07-03 20:33:38,467 DEBUG    [line range] org/apache/commons/compress/archivers/sevenz/BoundedRandomAccessFileInputStream.java <init> 28:32
2021-07-03 20:33:38,515 DEBUG                  - depth 0, hash 1044ee4, HEAD~252
2021-07-03 20:33:38,520 DEBUG    [line range] org/apache/commons/compress/archivers/sevenz/BoundedRandomAccessFileInputStream.java close 60:63
2021-07-03 20:33:38,567 DEBUG                  - depth 0, hash 8279181, HEAD~141
2021-07-03 20:33:38,573 DEBUG                  - depth 1, hash 1044ee4, HEAD~252
2021-07-03 20:33:38,577 DEBUG    [line range] org/apache/commons/compress/archivers/sevenz/BoundedRandomAccessFileInputStream.java read 34:42
2021-07-03 20:33:38,625 DEBUG                  - depth 0, hash 1044ee4, HEAD~252
2021-07-03 20:33:38,630 DEBUG    [line range] org/apache/commons/compress/archivers/sevenz/BoundedRandomAccessFileInputStream.java read 44:58
2021-07-03 20:33:38,679 DEBUG                  - depth 0, hash 1044ee4, HEAD~252
2021-07-03 20:33:38,960 DEBUG    [single line]   org/apache/commons/compress/archivers/sevenz/Coder.java <init> 20
2021-07-03 20:33:39,013 DEBUG                  - depth 0, hash f69ccab, HEAD~253
2021-07-03 20:33:39,018 DEBUG    [line range] org/apache/commons/compress/archivers/sevenz/Coder.java <init> 24:24
2021-07-03 20:33:39,065 DEBUG                  - depth 0, hash f69ccab, HEAD~253
2021-07-03 20:33:39,437 DEBUG    [line range] org/apache/commons/compress/archivers/sevenz/Coders.java <clinit> 65:72
2021-07-03 20:33:39,484 DEBUG                  - depth 0, hash 86531d8, HEAD~158
2021-07-03 20:33:39,490 DEBUG                  - depth 1, hash f5b32b0, HEAD~165
2021-07-03 20:33:39,494 DEBUG                  - depth 2, hash e33d42e, HEAD~210
2021-07-03 20:33:39,498 DEBUG                  - depth 3, hash 1044ee4, HEAD~252
2021-07-03 20:33:39,502 DEBUG    [line range] org/apache/commons/compress/archivers/sevenz/Coders.java addDecoder 44:53
2021-07-03 20:33:39,550 DEBUG                  - depth 0, hash d46463e, HEAD~146
2021-07-03 20:33:39,555 DEBUG                  - depth 1, hash 86531d8, HEAD~158
2021-07-03 20:33:39,560 DEBUG                  - depth 2, hash 1044ee4, HEAD~252
2021-07-03 20:33:39,564 DEBUG    [single line]   org/apache/commons/compress/archivers/sevenz/Coders.java <init> 147
2021-07-03 20:33:39,612 DEBUG                  - depth 0, hash 1044ee4, HEAD~252
2021-07-03 20:33:39,618 DEBUG    [single line]   org/apache/commons/compress/archivers/sevenz/Coders.java <init> 134
2021-07-03 20:33:39,665 DEBUG                  - depth 0, hash 1044ee4, HEAD~252
2021-07-03 20:33:39,670 DEBUG    [single line]   org/apache/commons/compress/archivers/sevenz/Coders.java <init> 84
2021-07-03 20:33:39,718 DEBUG                  - depth 0, hash 1044ee4, HEAD~252
2021-07-03 20:33:39,723 DEBUG    [line range] org/apache/commons/compress/archivers/sevenz/Coders.java <init> 75:78
2021-07-03 20:33:39,772 DEBUG                  - depth 0, hash 86531d8, HEAD~158
2021-07-03 20:33:39,777 DEBUG                  - depth 1, hash 1044ee4, HEAD~252
2021-07-03 20:33:39,781 DEBUG    [single line]   org/apache/commons/compress/archivers/sevenz/Coders.java <init> 93
2021-07-03 20:33:39,830 DEBUG                  - depth 0, hash 1044ee4, HEAD~252
2021-07-03 20:33:39,835 DEBUG    [single line]   org/apache/commons/compress/archivers/sevenz/Coders.java <init> 121
2021-07-03 20:33:39,883 DEBUG                  - depth 0, hash f5b32b0, HEAD~165
2021-07-03 20:33:39,889 DEBUG                  - depth 1, hash 1044ee4, HEAD~252
2021-07-03 20:33:39,893 DEBUG    [single line]   org/apache/commons/compress/archivers/sevenz/Coders.java <init> 105
2021-07-03 20:33:39,941 DEBUG                  - depth 0, hash e33d42e, HEAD~210
2021-07-03 20:33:39,947 DEBUG    [line range] org/apache/commons/compress/archivers/sevenz/Coders.java decode 106:118
2021-07-03 20:33:39,993 DEBUG                  - depth 0, hash d46463e, HEAD~146
2021-07-03 20:33:39,998 DEBUG                  - depth 1, hash e33d42e, HEAD~210
2021-07-03 20:33:40,285 DEBUG    [single line]   org/apache/commons/compress/archivers/sevenz/Folder.java <init> 23
2021-07-03 20:33:40,332 DEBUG                  - depth 0, hash f69ccab, HEAD~253
2021-07-03 20:33:40,338 DEBUG    [line range] org/apache/commons/compress/archivers/sevenz/Folder.java findBindPairForInStream 44:51
2021-07-03 20:33:40,385 DEBUG                  - depth 0, hash f69ccab, HEAD~253
2021-07-03 20:33:40,671 DEBUG    [single line]   org/apache/commons/compress/archivers/sevenz/LZMA2Decoder.java <init> 28
2021-07-03 20:33:40,718 DEBUG                  - depth 0, hash 2c9bec1, HEAD~155
2021-07-03 20:33:41,176 DEBUG    [line range] org/apache/commons/compress/archivers/sevenz/SevenZFile.java <clinit> 77:79
2021-07-03 20:33:41,229 DEBUG                  - depth 0, hash 67ea501, HEAD~209
2021-07-03 20:33:41,234 DEBUG                  - depth 1, hash f69ccab, HEAD~253
2021-07-03 20:33:41,238 DEBUG    [line range] org/apache/commons/compress/archivers/sevenz/SevenZFile.java <init> 115:117
2021-07-03 20:33:41,289 DEBUG                  - depth 0, hash 5989652, HEAD~238
2021-07-03 20:33:41,294 DEBUG                  - depth 1, hash 1044ee4, HEAD~252
2021-07-03 20:33:41,299 DEBUG    [line range] org/apache/commons/compress/archivers/sevenz/SevenZFile.java <init> 71:71
2021-07-03 20:33:41,349 DEBUG                  - depth 0, hash f69ccab, HEAD~253
2021-07-03 20:33:41,355 DEBUG    [line range] org/apache/commons/compress/archivers/sevenz/SevenZFile.java readAllOrBits 559:571
2021-07-03 20:33:41,407 DEBUG                  - depth 0, hash f69ccab, HEAD~253
2021-07-03 20:33:41,412 DEBUG    [line range] org/apache/commons/compress/archivers/sevenz/SevenZFile.java readEncodedHeader 261:292
2021-07-03 20:33:41,463 DEBUG                  - depth 0, hash 6ef5248, HEAD~144
2021-07-03 20:33:41,469 DEBUG                  - depth 1, hash d46463e, HEAD~146
2021-07-03 20:33:41,473 DEBUG                  - depth 2, hash ae2a0ed, HEAD~164
2021-07-03 20:33:41,477 DEBUG                  - depth 3, hash 5989652, HEAD~238
2021-07-03 20:33:41,481 DEBUG                  - depth 4, hash f69ccab, HEAD~253
2021-07-03 20:33:41,485 DEBUG    [line range] org/apache/commons/compress/archivers/sevenz/SevenZFile.java readFolder 480:557
2021-07-03 20:33:41,537 DEBUG                  - depth 0, hash 8a2f04c, HEAD~46
2021-07-03 20:33:41,542 DEBUG                  - depth 1, hash 6ef5248, HEAD~144
2021-07-03 20:33:41,546 DEBUG                  - depth 2, hash f69ccab, HEAD~253
2021-07-03 20:33:41,551 DEBUG    [line range] org/apache/commons/compress/archivers/sevenz/SevenZFile.java readHeaders 154:203
2021-07-03 20:33:41,604 DEBUG                  - depth 0, hash 651c295, HEAD~29
2021-07-03 20:33:41,609 DEBUG                  - depth 1, hash d658439, HEAD~90
2021-07-03 20:33:41,613 DEBUG                  - depth 2, hash 5106367, HEAD~143
2021-07-03 20:33:41,617 DEBUG                  - depth 3, hash 6ef5248, HEAD~144
2021-07-03 20:33:41,621 DEBUG                  - depth 4, hash d46463e, HEAD~146
2021-07-03 20:33:41,626 DEBUG                  - depth 5, hash 5989652, HEAD~238
2021-07-03 20:33:41,630 DEBUG                  - depth 6, hash f69ccab, HEAD~253
2021-07-03 20:33:41,634 DEBUG    [line range] org/apache/commons/compress/archivers/sevenz/SevenZFile.java readPackInfo 320:347
2021-07-03 20:33:41,687 DEBUG                  - depth 0, hash d658439, HEAD~90
2021-07-03 20:33:41,692 DEBUG                  - depth 1, hash 6ef5248, HEAD~144
2021-07-03 20:33:41,696 DEBUG                  - depth 2, hash f69ccab, HEAD~253
2021-07-03 20:33:41,701 DEBUG    [line range] org/apache/commons/compress/archivers/sevenz/SevenZFile.java readStartHeader 205:220
2021-07-03 20:33:41,753 DEBUG                  - depth 0, hash d658439, HEAD~90
2021-07-03 20:33:41,759 DEBUG                  - depth 1, hash 1044ee4, HEAD~252
2021-07-03 20:33:41,763 DEBUG                  - depth 2, hash f69ccab, HEAD~253
2021-07-03 20:33:41,767 DEBUG    [line range] org/apache/commons/compress/archivers/sevenz/SevenZFile.java readStreamsInfo 294:318
2021-07-03 20:33:41,819 DEBUG                  - depth 0, hash 6ef5248, HEAD~144
2021-07-03 20:33:41,825 DEBUG                  - depth 1, hash 5d6dc46, HEAD~169
2021-07-03 20:33:41,829 DEBUG                  - depth 2, hash f69ccab, HEAD~253
2021-07-03 20:33:41,833 DEBUG    [line range] org/apache/commons/compress/archivers/sevenz/SevenZFile.java readUint64 896:910
2021-07-03 20:33:41,885 DEBUG                  - depth 0, hash 41dc6e8, HEAD~25
2021-07-03 20:33:41,891 DEBUG                  - depth 1, hash eee4f61, HEAD~27
2021-07-03 20:33:41,895 DEBUG                  - depth 2, hash 8a2f04c, HEAD~46
2021-07-03 20:33:41,899 DEBUG                  - depth 3, hash 011a0e7, HEAD~111
2021-07-03 20:33:41,903 DEBUG                  - depth 4, hash db0ea95, HEAD~112
2021-07-03 20:33:41,907 DEBUG                  - depth 5, hash a33995a, HEAD~218
2021-07-03 20:33:41,911 DEBUG                  - depth 6, hash f69ccab, HEAD~253
2021-07-03 20:33:41,915 DEBUG    [line range] org/apache/commons/compress/archivers/sevenz/SevenZFile.java readUnpackInfo 349:395
2021-07-03 20:33:41,970 DEBUG                  - depth 0, hash d658439, HEAD~90
2021-07-03 20:33:41,975 DEBUG                  - depth 1, hash 6ef5248, HEAD~144
2021-07-03 20:33:41,979 DEBUG                  - depth 2, hash f69ccab, HEAD~253
2021-07-03 20:33:42,298 DEBUG    [single line]   org/apache/commons/compress/archivers/sevenz/SevenZMethod.java <clinit> 25
2021-07-03 20:33:42,346 DEBUG                  - depth 0, hash 86531d8, HEAD~158
2021-07-03 20:33:42,351 DEBUG    [single line]   org/apache/commons/compress/archivers/sevenz/SevenZMethod.java <clinit> 27
2021-07-03 20:33:42,399 DEBUG                  - depth 0, hash 86531d8, HEAD~158
2021-07-03 20:33:42,404 DEBUG    [single line]   org/apache/commons/compress/archivers/sevenz/SevenZMethod.java <clinit> 29
2021-07-03 20:33:42,451 DEBUG                  - depth 0, hash 86531d8, HEAD~158
2021-07-03 20:33:42,457 DEBUG    [single line]   org/apache/commons/compress/archivers/sevenz/SevenZMethod.java <clinit> 31
2021-07-03 20:33:42,503 DEBUG                  - depth 0, hash 2c9bec1, HEAD~155
2021-07-03 20:33:42,509 DEBUG                  - depth 1, hash 86531d8, HEAD~158
2021-07-03 20:33:42,513 DEBUG    [single line]   org/apache/commons/compress/archivers/sevenz/SevenZMethod.java <clinit> 43
2021-07-03 20:33:42,560 DEBUG                  - depth 0, hash 86531d8, HEAD~158
2021-07-03 20:33:42,565 DEBUG    [single line]   org/apache/commons/compress/archivers/sevenz/SevenZMethod.java <clinit> 45
2021-07-03 20:33:42,612 DEBUG                  - depth 0, hash 86531d8, HEAD~158
2021-07-03 20:33:42,617 DEBUG    [single line]   org/apache/commons/compress/archivers/sevenz/SevenZMethod.java <clinit> 50
2021-07-03 20:33:42,665 DEBUG                  - depth 0, hash 86531d8, HEAD~158
2021-07-03 20:33:42,670 DEBUG    [line range] org/apache/commons/compress/archivers/sevenz/SevenZMethod.java <init> 54:56
2021-07-03 20:33:42,717 DEBUG                  - depth 0, hash 86531d8, HEAD~158
2021-07-03 20:33:42,722 DEBUG    [line range] org/apache/commons/compress/archivers/sevenz/SevenZMethod.java getId 58:62
2021-07-03 20:33:42,769 DEBUG                  - depth 0, hash 86531d8, HEAD~158
2021-07-03 20:33:43,043 DEBUG    [single line]   org/apache/commons/compress/archivers/sevenz/StartHeader.java <init> 20
2021-07-03 20:33:43,091 DEBUG                  - depth 0, hash f69ccab, HEAD~253
2021-07-03 20:33:43,391 DEBUG    [line range] org/apache/commons/compress/utils/CRC32VerifyingInputStream.java <init> 38:40
2021-07-03 20:33:43,439 DEBUG                  - depth 0, hash 3f2f313, HEAD~89
2021-07-03 20:33:43,444 DEBUG                  - depth 1, hash d658439, HEAD~90
2021-07-03 20:33:43,448 DEBUG                  - depth 2, hash c25c8df, HEAD~237
2021-07-03 20:33:43,453 DEBUG                  - depth 3, hash 5989652, HEAD~238
2021-07-03 20:33:43,457 DEBUG                  - depth 4, hash f69ccab, HEAD~253
2021-07-03 20:33:43,755 DEBUG    [line range] org/apache/commons/compress/utils/ChecksumVerifyingInputStream.java <init> 36:42
2021-07-03 20:33:43,803 DEBUG                  - depth 0, hash 3f2f313, HEAD~89
2021-07-03 20:33:43,808 DEBUG    [line range] org/apache/commons/compress/utils/ChecksumVerifyingInputStream.java close 106:109
2021-07-03 20:33:43,855 DEBUG                  - depth 0, hash 3f2f313, HEAD~89
2021-07-03 20:33:43,860 DEBUG    [line range] org/apache/commons/compress/utils/ChecksumVerifyingInputStream.java read 50:64
2021-07-03 20:33:43,907 DEBUG                  - depth 0, hash 3f2f313, HEAD~89
2021-07-03 20:33:43,913 DEBUG    [line range] org/apache/commons/compress/utils/ChecksumVerifyingInputStream.java read 83:94
2021-07-03 20:33:43,961 DEBUG                  - depth 0, hash 3f2f313, HEAD~89
2021-07-03 20:33:43,967 INFO     The number of BIC candidates: 27
