2021-07-03 20:38:10,735 INFO     Search BICs for /tmp/Compress-32b/
2021-07-03 20:38:10,735 DEBUG    Reading the coverage of org.apache.commons.compress.archivers.tar.TarArchiveInputStreamTest::shouldReadBigGid (failings)
2021-07-03 20:38:10,755 INFO     Loaded 1x573 Coverage Matrix
2021-07-03 20:38:10,755 INFO     The number of total commits: 1731
2021-07-03 20:38:11,056 DEBUG    [single line]   org/apache/commons/compress/archivers/ArchiveInputStream.java <init> 40
2021-07-03 20:38:11,114 DEBUG                  - depth 0, hash ca16539, HEAD~1618
2021-07-03 20:38:11,120 DEBUG    [line range] org/apache/commons/compress/archivers/ArchiveInputStream.java <init> 42:42
2021-07-03 20:38:11,179 DEBUG                  - depth 0, hash 2a207ec, HEAD~600
2021-07-03 20:38:11,185 DEBUG                  - depth 1, hash 253196a, HEAD~1382
2021-07-03 20:38:11,189 DEBUG    [line range] org/apache/commons/compress/archivers/ArchiveInputStream.java count 91:93
2021-07-03 20:38:11,247 DEBUG                  - depth 0, hash 2dca661, HEAD~1162
2021-07-03 20:38:11,252 DEBUG                  - depth 1, hash 4bce1fb, HEAD~1316
2021-07-03 20:38:11,256 DEBUG    [line range] org/apache/commons/compress/archivers/ArchiveInputStream.java count 102:106
2021-07-03 20:38:11,315 DEBUG                  - depth 0, hash 2dca661, HEAD~1162
2021-07-03 20:38:11,320 DEBUG                  - depth 1, hash 4bce1fb, HEAD~1316
2021-07-03 20:38:11,324 DEBUG    [line range] org/apache/commons/compress/archivers/ArchiveInputStream.java read 79:83
2021-07-03 20:38:11,383 DEBUG                  - depth 0, hash fb06e3a, HEAD~879
2021-07-03 20:38:11,388 DEBUG                  - depth 1, hash 253196a, HEAD~1382
2021-07-03 20:38:11,680 DEBUG    [single line]   org/apache/commons/compress/archivers/ArchiveOutputStream.java <init> 47
2021-07-03 20:38:11,738 DEBUG                  - depth 0, hash c30b588, HEAD~1574
2021-07-03 20:38:11,744 DEBUG                  - depth 1, hash f77e1f1, HEAD~1582
2021-07-03 20:38:11,748 DEBUG                  - depth 2, hash ca16539, HEAD~1618
2021-07-03 20:38:11,752 DEBUG    [line range] org/apache/commons/compress/archivers/ArchiveOutputStream.java <init> 50:50
2021-07-03 20:38:11,811 DEBUG                  - depth 0, hash 52fcfa0, HEAD~1386
2021-07-03 20:38:11,816 DEBUG    [line range] org/apache/commons/compress/archivers/ArchiveOutputStream.java write 106:110
2021-07-03 20:38:11,876 DEBUG                  - depth 0, hash fb06e3a, HEAD~879
2021-07-03 20:38:11,881 DEBUG                  - depth 1, hash 52fcfa0, HEAD~1386
2021-07-03 20:38:12,310 DEBUG    [line range] org/apache/commons/compress/archivers/tar/TarArchiveEntry.java <init> 185:194
2021-07-03 20:38:12,377 DEBUG                  - depth 0, hash c0a9923, HEAD~634
2021-07-03 20:38:12,382 DEBUG                  - depth 1, hash 69ceb4e, HEAD~746
2021-07-03 20:38:12,386 DEBUG                  - depth 2, hash 8118f82, HEAD~1336
2021-07-03 20:38:12,390 DEBUG                  - depth 3, hash 1d55670, HEAD~1339
2021-07-03 20:38:12,395 DEBUG                  - depth 4, hash 24f9c9b, HEAD~1341
2021-07-03 20:38:12,399 DEBUG                  - depth 5, hash 46ad24d, HEAD~1604
2021-07-03 20:38:12,403 DEBUG                  - depth 6, hash 8822084, HEAD~1689
2021-07-03 20:38:12,407 DEBUG    [line range] org/apache/commons/compress/archivers/tar/TarArchiveEntry.java <init> 118:118
2021-07-03 20:38:12,473 DEBUG                  - depth 0, hash c0a9923, HEAD~634
2021-07-03 20:38:12,478 DEBUG                  - depth 1, hash 1d55670, HEAD~1339
2021-07-03 20:38:12,482 DEBUG                  - depth 2, hash 46ad24d, HEAD~1604
2021-07-03 20:38:12,486 DEBUG                  - depth 3, hash 8822084, HEAD~1689
2021-07-03 20:38:12,491 DEBUG    [line range] org/apache/commons/compress/archivers/tar/TarArchiveEntry.java <init> 202:204
2021-07-03 20:38:12,556 DEBUG                  - depth 0, hash 3e2ddad, HEAD~1191
2021-07-03 20:38:12,562 DEBUG                  - depth 1, hash 46ad24d, HEAD~1604
2021-07-03 20:38:12,566 DEBUG                  - depth 2, hash ca16539, HEAD~1618
2021-07-03 20:38:12,570 DEBUG    [line range] org/apache/commons/compress/archivers/tar/TarArchiveEntry.java <init> 235:237
2021-07-03 20:38:12,635 DEBUG                  - depth 0, hash 6583714, HEAD~633
2021-07-03 20:38:12,641 DEBUG                  - depth 1, hash 46ad24d, HEAD~1604
2021-07-03 20:38:12,645 DEBUG                  - depth 2, hash ca16539, HEAD~1618
2021-07-03 20:38:12,649 DEBUG    [line range] org/apache/commons/compress/archivers/tar/TarArchiveEntry.java <init> 249:256
2021-07-03 20:38:12,716 DEBUG                  - depth 0, hash 6583714, HEAD~633
2021-07-03 20:38:12,721 DEBUG                  - depth 1, hash 7bb5d88, HEAD~1190
2021-07-03 20:38:12,726 DEBUG                  - depth 2, hash 46ad24d, HEAD~1604
2021-07-03 20:38:12,730 DEBUG                  - depth 3, hash ca16539, HEAD~1618
2021-07-03 20:38:12,734 DEBUG    [line range] org/apache/commons/compress/archivers/tar/TarArchiveEntry.java <init> 216:227
2021-07-03 20:38:12,801 DEBUG                  - depth 0, hash 8a2f04c, HEAD~339
2021-07-03 20:38:12,806 DEBUG                  - depth 1, hash c0a9923, HEAD~634
2021-07-03 20:38:12,810 DEBUG                  - depth 2, hash 9a1011d, HEAD~751
2021-07-03 20:38:12,814 DEBUG                  - depth 3, hash 3e2ddad, HEAD~1191
2021-07-03 20:38:12,818 DEBUG                  - depth 4, hash 1d55670, HEAD~1339
2021-07-03 20:38:12,822 DEBUG                  - depth 5, hash 32eea1e, HEAD~1496
2021-07-03 20:38:12,826 DEBUG                  - depth 6, hash 46ad24d, HEAD~1604
2021-07-03 20:38:12,830 DEBUG                  - depth 7, hash ca16539, HEAD~1618
2021-07-03 20:38:12,834 DEBUG    [line range] org/apache/commons/compress/archivers/tar/TarArchiveEntry.java <init> 322:326
2021-07-03 20:38:12,901 DEBUG                  - depth 0, hash e4ee376, HEAD~745
2021-07-03 20:38:12,906 DEBUG                  - depth 1, hash 69ceb4e, HEAD~746
2021-07-03 20:38:12,910 DEBUG                  - depth 2, hash 46ad24d, HEAD~1604
2021-07-03 20:38:12,914 DEBUG                  - depth 3, hash 8822084, HEAD~1689
2021-07-03 20:38:12,918 DEBUG    [line range] org/apache/commons/compress/archivers/tar/TarArchiveEntry.java evaluateType 1108:1116
2021-07-03 20:38:12,982 DEBUG                  - depth 0, hash 70d0fce, HEAD~726
2021-07-03 20:38:12,988 DEBUG                  - depth 1, hash a0e435e, HEAD~727
2021-07-03 20:38:12,992 DEBUG                  - depth 2, hash aa9d0bc, HEAD~1014
2021-07-03 20:38:12,996 DEBUG    [line range] org/apache/commons/compress/archivers/tar/TarArchiveEntry.java getDevMajor 650:652
2021-07-03 20:38:13,061 DEBUG                  - depth 0, hash 5b13f84, HEAD~750
2021-07-03 20:38:13,066 DEBUG    [line range] org/apache/commons/compress/archivers/tar/TarArchiveEntry.java getDevMinor 675:677
2021-07-03 20:38:13,131 DEBUG                  - depth 0, hash 5b13f84, HEAD~750
2021-07-03 20:38:13,136 DEBUG    [line range] org/apache/commons/compress/archivers/tar/TarArchiveEntry.java getLinkName 408:410
2021-07-03 20:38:13,205 DEBUG                  - depth 0, hash 09aecce, HEAD~85
2021-07-03 20:38:13,210 DEBUG                  - depth 1, hash 46ad24d, HEAD~1604
2021-07-03 20:38:13,215 DEBUG                  - depth 2, hash 8822084, HEAD~1689
2021-07-03 20:38:13,219 DEBUG    [line range] org/apache/commons/compress/archivers/tar/TarArchiveEntry.java getLongGroupId 490:492
2021-07-03 20:38:13,279 DEBUG                  - depth 0, hash 24a3100, HEAD~0
2021-07-03 20:38:13,285 DEBUG    [line range] org/apache/commons/compress/archivers/tar/TarArchiveEntry.java getLongUserId 450:452
2021-07-03 20:38:13,344 DEBUG                  - depth 0, hash 24a3100, HEAD~0
2021-07-03 20:38:13,349 DEBUG    [line range] org/apache/commons/compress/archivers/tar/TarArchiveEntry.java getModTime 585:587
2021-07-03 20:38:13,418 DEBUG                  - depth 0, hash 46ad24d, HEAD~1604
2021-07-03 20:38:13,423 DEBUG                  - depth 1, hash 8822084, HEAD~1689
2021-07-03 20:38:13,427 DEBUG    [line range] org/apache/commons/compress/archivers/tar/TarArchiveEntry.java getMode 618:620
2021-07-03 20:38:13,494 DEBUG                  - depth 0, hash 46ad24d, HEAD~1604
2021-07-03 20:38:13,499 DEBUG                  - depth 1, hash 8822084, HEAD~1689
2021-07-03 20:38:13,503 DEBUG    [line range] org/apache/commons/compress/archivers/tar/TarArchiveEntry.java getName 381:383
2021-07-03 20:38:13,572 DEBUG                  - depth 0, hash 09aecce, HEAD~85
2021-07-03 20:38:13,577 DEBUG                  - depth 1, hash 46ad24d, HEAD~1604
2021-07-03 20:38:13,581 DEBUG                  - depth 2, hash 8822084, HEAD~1689
2021-07-03 20:38:13,586 DEBUG    [line range] org/apache/commons/compress/archivers/tar/TarArchiveEntry.java getSize 627:629
2021-07-03 20:38:13,654 DEBUG                  - depth 0, hash 46ad24d, HEAD~1604
2021-07-03 20:38:13,660 DEBUG                  - depth 1, hash 8822084, HEAD~1689
2021-07-03 20:38:13,664 DEBUG    [line range] org/apache/commons/compress/archivers/tar/TarArchiveEntry.java isDirectory 771:785
2021-07-03 20:38:13,729 DEBUG                  - depth 0, hash 46ad24d, HEAD~1604
2021-07-03 20:38:13,734 DEBUG                  - depth 1, hash ca16539, HEAD~1618
2021-07-03 20:38:13,738 DEBUG    [line range] org/apache/commons/compress/archivers/tar/TarArchiveEntry.java isGNULongLinkEntry 727:730
2021-07-03 20:38:13,798 DEBUG                  - depth 0, hash 601e4d7, HEAD~513
2021-07-03 20:38:13,803 DEBUG    [line range] org/apache/commons/compress/archivers/tar/TarArchiveEntry.java isGNULongNameEntry 737:740
2021-07-03 20:38:13,869 DEBUG                  - depth 0, hash f36320a, HEAD~672
2021-07-03 20:38:13,875 DEBUG                  - depth 1, hash 75f92f6, HEAD~1497
2021-07-03 20:38:13,879 DEBUG                  - depth 2, hash 46ad24d, HEAD~1604
2021-07-03 20:38:13,883 DEBUG                  - depth 3, hash ca16539, HEAD~1618
2021-07-03 20:38:13,887 DEBUG    [line range] org/apache/commons/compress/archivers/tar/TarArchiveEntry.java isGNUSparse 718:720
2021-07-03 20:38:13,952 DEBUG                  - depth 0, hash aa9d0bc, HEAD~1014
2021-07-03 20:38:13,957 DEBUG    [line range] org/apache/commons/compress/archivers/tar/TarArchiveEntry.java isPaxHeader 750:753
2021-07-03 20:38:14,021 DEBUG                  - depth 0, hash 05b6eb1, HEAD~1092
2021-07-03 20:38:14,027 DEBUG                  - depth 1, hash 33cd35e, HEAD~1094
2021-07-03 20:38:14,031 DEBUG    [line range] org/apache/commons/compress/archivers/tar/TarArchiveEntry.java normalizeFileName 1063:1100
2021-07-03 20:38:14,097 DEBUG                  - depth 0, hash 09aecce, HEAD~85
2021-07-03 20:38:14,102 DEBUG                  - depth 1, hash 8a2f04c, HEAD~339
2021-07-03 20:38:14,107 DEBUG                  - depth 2, hash bed564b, HEAD~1166
2021-07-03 20:38:14,111 DEBUG                  - depth 3, hash 3e2ddad, HEAD~1191
2021-07-03 20:38:14,115 DEBUG                  - depth 4, hash 32eea1e, HEAD~1496
2021-07-03 20:38:14,119 DEBUG    [line range] org/apache/commons/compress/archivers/tar/TarArchiveEntry.java parseTarHeader 983:986
2021-07-03 20:38:14,182 DEBUG                  - depth 0, hash 69ceb4e, HEAD~746
2021-07-03 20:38:14,188 DEBUG    [line range] org/apache/commons/compress/archivers/tar/TarArchiveEntry.java parseTarHeader 988:1057
2021-07-03 20:38:14,253 DEBUG                  - depth 0, hash 811fb4e, HEAD~668
2021-07-03 20:38:14,258 DEBUG                  - depth 1, hash 69ceb4e, HEAD~746
2021-07-03 20:38:14,262 DEBUG                  - depth 2, hash 6c71a2b, HEAD~756
2021-07-03 20:38:14,266 DEBUG                  - depth 3, hash 7ee6b67, HEAD~769
2021-07-03 20:38:14,270 DEBUG                  - depth 4, hash 6846564, HEAD~789
2021-07-03 20:38:14,275 DEBUG                  - depth 5, hash aa9d0bc, HEAD~1014
2021-07-03 20:38:14,279 DEBUG                  - depth 6, hash 5b25f6c, HEAD~1091
2021-07-03 20:38:14,283 DEBUG                  - depth 7, hash 33cd35e, HEAD~1094
2021-07-03 20:38:14,287 DEBUG                  - depth 8, hash 8118f82, HEAD~1336
2021-07-03 20:38:14,291 DEBUG                  - depth 9, hash 46ad24d, HEAD~1604
2021-07-03 20:38:14,295 DEBUG                  - depth 10, hash ca16539, HEAD~1618
2021-07-03 20:38:14,300 DEBUG    [line range] org/apache/commons/compress/archivers/tar/TarArchiveEntry.java setGroupId 499:501
2021-07-03 20:38:14,369 DEBUG                  - depth 0, hash 24a3100, HEAD~0
2021-07-03 20:38:14,374 DEBUG                  - depth 1, hash 46ad24d, HEAD~1604
2021-07-03 20:38:14,378 DEBUG                  - depth 2, hash 8822084, HEAD~1689
2021-07-03 20:38:14,382 DEBUG    [line range] org/apache/commons/compress/archivers/tar/TarArchiveEntry.java setModTime 576:578
2021-07-03 20:38:14,451 DEBUG                  - depth 0, hash 46ad24d, HEAD~1604
2021-07-03 20:38:14,456 DEBUG                  - depth 1, hash 8822084, HEAD~1689
2021-07-03 20:38:14,461 DEBUG    [line range] org/apache/commons/compress/archivers/tar/TarArchiveEntry.java setSize 637:642
2021-07-03 20:38:14,527 DEBUG                  - depth 0, hash a6fbdae, HEAD~781
2021-07-03 20:38:14,532 DEBUG                  - depth 1, hash 5dad112, HEAD~785
2021-07-03 20:38:14,537 DEBUG                  - depth 2, hash 26d12c5, HEAD~1360
2021-07-03 20:38:14,541 DEBUG                  - depth 3, hash 46ad24d, HEAD~1604
2021-07-03 20:38:14,545 DEBUG                  - depth 4, hash 8822084, HEAD~1689
2021-07-03 20:38:14,549 DEBUG    [line range] org/apache/commons/compress/archivers/tar/TarArchiveEntry.java writeEntryHeader 898:940
2021-07-03 20:38:14,614 DEBUG                  - depth 0, hash 32619a8, HEAD~740
2021-07-03 20:38:14,620 DEBUG                  - depth 1, hash be286da, HEAD~753
2021-07-03 20:38:14,624 DEBUG                  - depth 2, hash a6fbdae, HEAD~781
2021-07-03 20:38:14,628 DEBUG                  - depth 3, hash 8118f82, HEAD~1336
2021-07-03 20:38:14,632 DEBUG                  - depth 4, hash 1d55670, HEAD~1339
2021-07-03 20:38:14,636 DEBUG                  - depth 5, hash 46ad24d, HEAD~1604
2021-07-03 20:38:14,640 DEBUG                  - depth 6, hash ca16539, HEAD~1618
2021-07-03 20:38:14,645 DEBUG    [line range] org/apache/commons/compress/archivers/tar/TarArchiveEntry.java writeEntryHeaderField 942:953
2021-07-03 20:38:14,710 DEBUG                  - depth 0, hash 8a2f04c, HEAD~339
2021-07-03 20:38:14,715 DEBUG                  - depth 1, hash be286da, HEAD~753
2021-07-03 20:38:15,106 DEBUG    [line range] org/apache/commons/compress/archivers/tar/TarArchiveInputStream.java <init> 85:87
2021-07-03 20:38:15,172 DEBUG                  - depth 0, hash a671a70, HEAD~480
2021-07-03 20:38:15,178 DEBUG                  - depth 1, hash 0a986c6, HEAD~1568
2021-07-03 20:38:15,182 DEBUG                  - depth 2, hash a7049ab, HEAD~1570
2021-07-03 20:38:15,186 DEBUG                  - depth 3, hash 55c78f6, HEAD~1572
2021-07-03 20:38:15,190 DEBUG                  - depth 4, hash 0ba4e2a, HEAD~1573
2021-07-03 20:38:15,194 DEBUG                  - depth 5, hash 3f9bcc6, HEAD~1579
2021-07-03 20:38:15,199 DEBUG                  - depth 6, hash 5e5804c, HEAD~1590
2021-07-03 20:38:15,203 DEBUG                  - depth 7, hash 46ad24d, HEAD~1604
2021-07-03 20:38:15,207 DEBUG                  - depth 8, hash 726f6f2, HEAD~1605
2021-07-03 20:38:15,211 DEBUG                  - depth 9, hash a8a9e64, HEAD~1616
2021-07-03 20:38:15,215 DEBUG                  - depth 10, hash ca16539, HEAD~1618
2021-07-03 20:38:15,219 DEBUG    [line range] org/apache/commons/compress/archivers/tar/TarArchiveInputStream.java <init> 127:129
2021-07-03 20:38:15,284 DEBUG                  - depth 0, hash a671a70, HEAD~480
2021-07-03 20:38:15,289 DEBUG                  - depth 1, hash 69ceb4e, HEAD~746
2021-07-03 20:38:15,294 DEBUG                  - depth 2, hash 0a986c6, HEAD~1568
2021-07-03 20:38:15,298 DEBUG                  - depth 3, hash a7049ab, HEAD~1570
2021-07-03 20:38:15,302 DEBUG                  - depth 4, hash 55c78f6, HEAD~1572
2021-07-03 20:38:15,306 DEBUG                  - depth 5, hash 0ba4e2a, HEAD~1573
2021-07-03 20:38:15,310 DEBUG                  - depth 6, hash 3f9bcc6, HEAD~1579
2021-07-03 20:38:15,314 DEBUG                  - depth 7, hash 5e5804c, HEAD~1590
2021-07-03 20:38:15,319 DEBUG                  - depth 8, hash 46ad24d, HEAD~1604
2021-07-03 20:38:15,323 DEBUG                  - depth 9, hash 726f6f2, HEAD~1605
2021-07-03 20:38:15,327 DEBUG                  - depth 10, hash a8a9e64, HEAD~1616
2021-07-03 20:38:15,331 DEBUG                  - depth 11, hash ca16539, HEAD~1618
2021-07-03 20:38:15,335 DEBUG    [line range] org/apache/commons/compress/archivers/tar/TarArchiveInputStream.java <init> 52:52
2021-07-03 20:38:15,399 DEBUG                  - depth 0, hash a2f978e, HEAD~628
2021-07-03 20:38:15,405 DEBUG    [line range] org/apache/commons/compress/archivers/tar/TarArchiveInputStream.java applyPaxHeadersToCurrentEntry 481:518
2021-07-03 20:38:15,468 DEBUG                  - depth 0, hash 5b13f84, HEAD~750
2021-07-03 20:38:15,474 DEBUG                  - depth 1, hash 1ffe1b1, HEAD~755
2021-07-03 20:38:15,478 DEBUG                  - depth 2, hash a6fbdae, HEAD~781
2021-07-03 20:38:15,482 DEBUG                  - depth 3, hash 5c136a3, HEAD~783
2021-07-03 20:38:15,486 DEBUG                  - depth 4, hash 5dad112, HEAD~785
2021-07-03 20:38:15,490 DEBUG                  - depth 5, hash 4397820, HEAD~916
2021-07-03 20:38:15,494 DEBUG                  - depth 6, hash 45fa6e0, HEAD~1088
2021-07-03 20:38:15,499 DEBUG    [line range] org/apache/commons/compress/archivers/tar/TarArchiveInputStream.java available 179:185
2021-07-03 20:38:15,564 DEBUG                  - depth 0, hash 46628ef, HEAD~915
2021-07-03 20:38:15,569 DEBUG                  - depth 1, hash 0a986c6, HEAD~1568
2021-07-03 20:38:15,573 DEBUG                  - depth 2, hash a7049ab, HEAD~1570
2021-07-03 20:38:15,578 DEBUG                  - depth 3, hash 55c78f6, HEAD~1572
2021-07-03 20:38:15,582 DEBUG                  - depth 4, hash 0ba4e2a, HEAD~1573
2021-07-03 20:38:15,586 DEBUG                  - depth 5, hash 3f9bcc6, HEAD~1579
2021-07-03 20:38:15,590 DEBUG                  - depth 6, hash 5e5804c, HEAD~1590
2021-07-03 20:38:15,594 DEBUG                  - depth 7, hash 46ad24d, HEAD~1604
2021-07-03 20:38:15,598 DEBUG                  - depth 8, hash 726f6f2, HEAD~1605
2021-07-03 20:38:15,603 DEBUG                  - depth 9, hash a8a9e64, HEAD~1616
2021-07-03 20:38:15,607 DEBUG                  - depth 10, hash ca16539, HEAD~1618
2021-07-03 20:38:15,611 DEBUG    [line range] org/apache/commons/compress/archivers/tar/TarArchiveInputStream.java getNextEntry 556:559
2021-07-03 20:38:15,676 DEBUG                  - depth 0, hash 46628ef, HEAD~915
2021-07-03 20:38:15,681 DEBUG                  - depth 1, hash 0a986c6, HEAD~1568
2021-07-03 20:38:15,686 DEBUG                  - depth 2, hash a7049ab, HEAD~1570
2021-07-03 20:38:15,690 DEBUG                  - depth 3, hash 55c78f6, HEAD~1572
2021-07-03 20:38:15,694 DEBUG                  - depth 4, hash 0ba4e2a, HEAD~1573
2021-07-03 20:38:15,698 DEBUG                  - depth 5, hash 3f9bcc6, HEAD~1579
2021-07-03 20:38:15,702 DEBUG                  - depth 6, hash 5e5804c, HEAD~1590
2021-07-03 20:38:15,706 DEBUG                  - depth 7, hash 46ad24d, HEAD~1604
2021-07-03 20:38:15,710 DEBUG                  - depth 8, hash 726f6f2, HEAD~1605
2021-07-03 20:38:15,714 DEBUG                  - depth 9, hash a8a9e64, HEAD~1616
2021-07-03 20:38:15,718 DEBUG                  - depth 10, hash ca16539, HEAD~1618
2021-07-03 20:38:15,723 DEBUG    [line range] org/apache/commons/compress/archivers/tar/TarArchiveInputStream.java getNextTarEntry 256:325
2021-07-03 20:38:15,789 DEBUG                  - depth 0, hash d50feb6, HEAD~20
2021-07-03 20:38:15,794 DEBUG                  - depth 1, hash c9c1565, HEAD~205
2021-07-03 20:38:15,798 DEBUG                  - depth 2, hash a671a70, HEAD~480
2021-07-03 20:38:15,802 DEBUG                  - depth 3, hash d57a662, HEAD~496
2021-07-03 20:38:15,807 DEBUG                  - depth 4, hash 29d9a8b, HEAD~512
2021-07-03 20:38:15,811 DEBUG                  - depth 5, hash 601e4d7, HEAD~513
2021-07-03 20:38:15,815 DEBUG                  - depth 6, hash 2f69e63, HEAD~592
2021-07-03 20:38:15,819 DEBUG                  - depth 7, hash a2f978e, HEAD~628
2021-07-03 20:38:15,823 DEBUG                  - depth 8, hash f4044dd, HEAD~631
2021-07-03 20:38:15,827 DEBUG                  - depth 9, hash f36320a, HEAD~672
2021-07-03 20:38:15,831 DEBUG                  - depth 10, hash f331a7d, HEAD~715
2021-07-03 20:38:15,836 DEBUG                  - depth 11, hash 69ceb4e, HEAD~746
2021-07-03 20:38:15,840 DEBUG                  - depth 12, hash bc84d20, HEAD~765
2021-07-03 20:38:15,844 DEBUG                  - depth 13, hash 5dad112, HEAD~785
2021-07-03 20:38:15,848 DEBUG                  - depth 14, hash aa9d0bc, HEAD~1014
2021-07-03 20:38:15,852 DEBUG                  - depth 15, hash 45fa6e0, HEAD~1088
2021-07-03 20:38:15,856 DEBUG                  - depth 16, hash 4bce1fb, HEAD~1316
2021-07-03 20:38:15,860 DEBUG                  - depth 17, hash 04c4921, HEAD~1324
2021-07-03 20:38:15,865 DEBUG                  - depth 18, hash 0a986c6, HEAD~1568
2021-07-03 20:38:15,869 DEBUG                  - depth 19, hash a7049ab, HEAD~1570
2021-07-03 20:38:15,873 DEBUG                  - depth 20, hash 55c78f6, HEAD~1572
2021-07-03 20:38:15,877 DEBUG                  - depth 21, hash 0ba4e2a, HEAD~1573
2021-07-03 20:38:15,881 DEBUG                  - depth 22, hash 3f9bcc6, HEAD~1579
2021-07-03 20:38:15,885 DEBUG                  - depth 23, hash 5e5804c, HEAD~1590
2021-07-03 20:38:15,890 DEBUG                  - depth 24, hash 46ad24d, HEAD~1604
2021-07-03 20:38:15,894 DEBUG                  - depth 25, hash 726f6f2, HEAD~1605
2021-07-03 20:38:15,898 DEBUG                  - depth 26, hash a8a9e64, HEAD~1616
2021-07-03 20:38:15,902 DEBUG                  - depth 27, hash ca16539, HEAD~1618
2021-07-03 20:38:15,906 DEBUG    [line range] org/apache/commons/compress/archivers/tar/TarArchiveInputStream.java getRecord 387:396
2021-07-03 20:38:15,970 DEBUG                  - depth 0, hash a671a70, HEAD~480
2021-07-03 20:38:15,975 DEBUG                  - depth 1, hash d57a662, HEAD~496
2021-07-03 20:38:15,979 DEBUG                  - depth 2, hash d4baeb1, HEAD~549
2021-07-03 20:38:15,984 DEBUG                  - depth 3, hash 79a7d82, HEAD~603
2021-07-03 20:38:15,988 DEBUG                  - depth 4, hash aa9d0bc, HEAD~1014
2021-07-03 20:38:15,992 DEBUG    [line range] org/apache/commons/compress/archivers/tar/TarArchiveInputStream.java isEOFRecord 405:407
2021-07-03 20:38:16,054 DEBUG                  - depth 0, hash a671a70, HEAD~480
2021-07-03 20:38:16,060 DEBUG    [line range] org/apache/commons/compress/archivers/tar/TarArchiveInputStream.java parsePaxHeaders 434:479
2021-07-03 20:38:16,123 DEBUG                  - depth 0, hash f525a2a, HEAD~190
2021-07-03 20:38:16,129 DEBUG                  - depth 1, hash c1ae99e, HEAD~224
2021-07-03 20:38:16,133 DEBUG                  - depth 2, hash d7119be, HEAD~714
2021-07-03 20:38:16,137 DEBUG                  - depth 3, hash c2bc7a4, HEAD~739
2021-07-03 20:38:16,141 DEBUG                  - depth 4, hash 67c25f9, HEAD~782
2021-07-03 20:38:16,146 DEBUG                  - depth 5, hash 5c136a3, HEAD~783
2021-07-03 20:38:16,150 DEBUG                  - depth 6, hash 7e74dd4, HEAD~889
2021-07-03 20:38:16,154 DEBUG                  - depth 7, hash b64aa8a, HEAD~890
2021-07-03 20:38:16,158 DEBUG                  - depth 8, hash 3553cda, HEAD~918
2021-07-03 20:38:16,162 DEBUG                  - depth 9, hash 45fa6e0, HEAD~1088
2021-07-03 20:38:16,167 DEBUG    [line range] org/apache/commons/compress/archivers/tar/TarArchiveInputStream.java paxHeaders 428:432
2021-07-03 20:38:16,231 DEBUG                  - depth 0, hash c2bc7a4, HEAD~739
2021-07-03 20:38:16,237 DEBUG                  - depth 1, hash 5c136a3, HEAD~783
2021-07-03 20:38:16,241 DEBUG                  - depth 2, hash 3ed497f, HEAD~886
2021-07-03 20:38:16,245 DEBUG                  - depth 3, hash b64aa8a, HEAD~890
2021-07-03 20:38:16,250 DEBUG                  - depth 4, hash 45fa6e0, HEAD~1088
2021-07-03 20:38:16,254 DEBUG    [line range] org/apache/commons/compress/archivers/tar/TarArchiveInputStream.java read 600:627
2021-07-03 20:38:16,320 DEBUG                  - depth 0, hash ddb5fd6, HEAD~207
2021-07-03 20:38:16,326 DEBUG                  - depth 1, hash aa0c705, HEAD~216
2021-07-03 20:38:16,330 DEBUG                  - depth 2, hash f8f1a84, HEAD~423
2021-07-03 20:38:16,334 DEBUG                  - depth 3, hash a671a70, HEAD~480
2021-07-03 20:38:16,338 DEBUG                  - depth 4, hash 46628ef, HEAD~915
2021-07-03 20:38:16,342 DEBUG                  - depth 5, hash 2dca661, HEAD~1162
2021-07-03 20:38:16,347 DEBUG                  - depth 6, hash 4bce1fb, HEAD~1316
2021-07-03 20:38:16,351 DEBUG                  - depth 7, hash 0a986c6, HEAD~1568
2021-07-03 20:38:16,355 DEBUG                  - depth 8, hash a7049ab, HEAD~1570
2021-07-03 20:38:16,359 DEBUG                  - depth 9, hash 55c78f6, HEAD~1572
2021-07-03 20:38:16,363 DEBUG                  - depth 10, hash 0ba4e2a, HEAD~1573
2021-07-03 20:38:16,368 DEBUG                  - depth 11, hash 3f9bcc6, HEAD~1579
2021-07-03 20:38:16,372 DEBUG                  - depth 12, hash 5e5804c, HEAD~1590
2021-07-03 20:38:16,376 DEBUG                  - depth 13, hash 46ad24d, HEAD~1604
2021-07-03 20:38:16,380 DEBUG                  - depth 14, hash 726f6f2, HEAD~1605
2021-07-03 20:38:16,385 DEBUG                  - depth 15, hash a8a9e64, HEAD~1616
2021-07-03 20:38:16,389 DEBUG                  - depth 16, hash ca16539, HEAD~1618
2021-07-03 20:38:16,393 DEBUG    [line range] org/apache/commons/compress/archivers/tar/TarArchiveInputStream.java readRecord 415:426
2021-07-03 20:38:16,456 DEBUG                  - depth 0, hash 2221ee8, HEAD~395
2021-07-03 20:38:16,462 DEBUG                  - depth 1, hash a671a70, HEAD~480
2021-07-03 20:38:16,466 DEBUG    [line range] org/apache/commons/compress/archivers/tar/TarArchiveInputStream.java skip 204:215
2021-07-03 20:38:16,534 DEBUG                  - depth 0, hash f2c2b9f, HEAD~204
2021-07-03 20:38:16,539 DEBUG                  - depth 1, hash c9c1565, HEAD~205
2021-07-03 20:38:16,544 DEBUG                  - depth 2, hash 88d7809, HEAD~338
2021-07-03 20:38:16,548 DEBUG                  - depth 3, hash a671a70, HEAD~480
2021-07-03 20:38:16,552 DEBUG                  - depth 4, hash a2f978e, HEAD~628
2021-07-03 20:38:16,556 DEBUG                  - depth 5, hash 46628ef, HEAD~915
2021-07-03 20:38:16,561 DEBUG                  - depth 6, hash 0a986c6, HEAD~1568
2021-07-03 20:38:16,565 DEBUG                  - depth 7, hash a7049ab, HEAD~1570
2021-07-03 20:38:16,569 DEBUG                  - depth 8, hash 55c78f6, HEAD~1572
2021-07-03 20:38:16,573 DEBUG                  - depth 9, hash 0ba4e2a, HEAD~1573
2021-07-03 20:38:16,578 DEBUG                  - depth 10, hash 3f9bcc6, HEAD~1579
2021-07-03 20:38:16,582 DEBUG                  - depth 11, hash 5e5804c, HEAD~1590
2021-07-03 20:38:16,586 DEBUG                  - depth 12, hash 46ad24d, HEAD~1604
2021-07-03 20:38:16,590 DEBUG                  - depth 13, hash 726f6f2, HEAD~1605
2021-07-03 20:38:16,595 DEBUG                  - depth 14, hash a8a9e64, HEAD~1616
2021-07-03 20:38:16,599 DEBUG                  - depth 15, hash ca16539, HEAD~1618
2021-07-03 20:38:16,603 DEBUG    [line range] org/apache/commons/compress/archivers/tar/TarArchiveInputStream.java skipRecordPadding 331:338
2021-07-03 20:38:16,666 DEBUG                  - depth 0, hash a671a70, HEAD~480
2021-07-03 20:38:17,069 DEBUG    [line range] org/apache/commons/compress/archivers/tar/TarArchiveOutputStream.java <clinit> 93:94
2021-07-03 20:38:17,155 DEBUG                  - depth 0, hash 9629265, HEAD~737
2021-07-03 20:38:17,161 DEBUG    [line range] org/apache/commons/compress/archivers/tar/TarArchiveOutputStream.java <init> 100:102
2021-07-03 20:38:17,226 DEBUG                  - depth 0, hash a671a70, HEAD~480
2021-07-03 20:38:17,232 DEBUG                  - depth 1, hash 0a986c6, HEAD~1568
2021-07-03 20:38:17,236 DEBUG                  - depth 2, hash 55c78f6, HEAD~1572
2021-07-03 20:38:17,240 DEBUG                  - depth 3, hash 0ba4e2a, HEAD~1573
2021-07-03 20:38:17,245 DEBUG                  - depth 4, hash 90a05f7, HEAD~1575
2021-07-03 20:38:17,249 DEBUG                  - depth 5, hash c828c1d, HEAD~1578
2021-07-03 20:38:17,253 DEBUG                  - depth 6, hash 3f9bcc6, HEAD~1579
2021-07-03 20:38:17,257 DEBUG                  - depth 7, hash 5e5804c, HEAD~1590
2021-07-03 20:38:17,262 DEBUG                  - depth 8, hash 01d3951, HEAD~1599
2021-07-03 20:38:17,266 DEBUG                  - depth 9, hash 46ad24d, HEAD~1604
2021-07-03 20:38:17,270 DEBUG                  - depth 10, hash d1789e6, HEAD~1610
2021-07-03 20:38:17,274 DEBUG                  - depth 11, hash a8a9e64, HEAD~1616
2021-07-03 20:38:17,278 DEBUG                  - depth 12, hash ca16539, HEAD~1618
2021-07-03 20:38:17,283 DEBUG    [line range] org/apache/commons/compress/archivers/tar/TarArchiveOutputStream.java <init> 141:143
2021-07-03 20:38:17,348 DEBUG                  - depth 0, hash 69ceb4e, HEAD~746
2021-07-03 20:38:17,354 DEBUG                  - depth 1, hash 0a986c6, HEAD~1568
2021-07-03 20:38:17,358 DEBUG                  - depth 2, hash 55c78f6, HEAD~1572
2021-07-03 20:38:17,362 DEBUG                  - depth 3, hash 0ba4e2a, HEAD~1573
2021-07-03 20:38:17,366 DEBUG                  - depth 4, hash 90a05f7, HEAD~1575
2021-07-03 20:38:17,370 DEBUG                  - depth 5, hash c828c1d, HEAD~1578
2021-07-03 20:38:17,375 DEBUG                  - depth 6, hash 3f9bcc6, HEAD~1579
2021-07-03 20:38:17,379 DEBUG                  - depth 7, hash 5e5804c, HEAD~1590
2021-07-03 20:38:17,383 DEBUG                  - depth 8, hash 01d3951, HEAD~1599
2021-07-03 20:38:17,387 DEBUG                  - depth 9, hash 46ad24d, HEAD~1604
2021-07-03 20:38:17,391 DEBUG                  - depth 10, hash d1789e6, HEAD~1610
2021-07-03 20:38:17,396 DEBUG                  - depth 11, hash a8a9e64, HEAD~1616
2021-07-03 20:38:17,400 DEBUG                  - depth 12, hash ca16539, HEAD~1618
2021-07-03 20:38:17,404 DEBUG    [line range] org/apache/commons/compress/archivers/tar/TarArchiveOutputStream.java <init> 71:71
2021-07-03 20:38:17,470 DEBUG                  - depth 0, hash 41f4a20, HEAD~1488
2021-07-03 20:38:17,475 DEBUG                  - depth 1, hash 0a986c6, HEAD~1568
2021-07-03 20:38:17,479 DEBUG                  - depth 2, hash 55c78f6, HEAD~1572
2021-07-03 20:38:17,484 DEBUG                  - depth 3, hash 0ba4e2a, HEAD~1573
2021-07-03 20:38:17,488 DEBUG                  - depth 4, hash 90a05f7, HEAD~1575
2021-07-03 20:38:17,492 DEBUG                  - depth 5, hash c828c1d, HEAD~1578
2021-07-03 20:38:17,496 DEBUG                  - depth 6, hash 3f9bcc6, HEAD~1579
2021-07-03 20:38:17,500 DEBUG                  - depth 7, hash 5e5804c, HEAD~1590
2021-07-03 20:38:17,504 DEBUG                  - depth 8, hash 01d3951, HEAD~1599
2021-07-03 20:38:17,509 DEBUG                  - depth 9, hash 46ad24d, HEAD~1604
2021-07-03 20:38:17,513 DEBUG                  - depth 10, hash d1789e6, HEAD~1610
2021-07-03 20:38:17,517 DEBUG                  - depth 11, hash a8a9e64, HEAD~1616
2021-07-03 20:38:17,521 DEBUG                  - depth 12, hash ca16539, HEAD~1618
2021-07-03 20:38:17,526 DEBUG    [line range] org/apache/commons/compress/archivers/tar/TarArchiveOutputStream.java addPaxHeaderForBigNumber 603:609
2021-07-03 20:38:17,588 DEBUG                  - depth 0, hash 23db0b7, HEAD~748
2021-07-03 20:38:17,594 DEBUG    [line range] org/apache/commons/compress/archivers/tar/TarArchiveOutputStream.java addPaxHeadersForBigNumbers 583:601
2021-07-03 20:38:17,657 DEBUG                  - depth 0, hash 24a3100, HEAD~0
2021-07-03 20:38:17,663 DEBUG                  - depth 1, hash 4239871, HEAD~747
2021-07-03 20:38:17,667 DEBUG                  - depth 2, hash 23db0b7, HEAD~748
2021-07-03 20:38:17,671 DEBUG                  - depth 3, hash 8b2ec5a, HEAD~749
2021-07-03 20:38:17,675 DEBUG                  - depth 4, hash 5b13f84, HEAD~750
2021-07-03 20:38:17,680 DEBUG                  - depth 5, hash 20e860d, HEAD~752
2021-07-03 20:38:17,684 DEBUG    [line range] org/apache/commons/compress/archivers/tar/TarArchiveOutputStream.java close 237:247
2021-07-03 20:38:17,751 DEBUG                  - depth 0, hash a671a70, HEAD~480
2021-07-03 20:38:17,757 DEBUG                  - depth 1, hash 39c93f4, HEAD~718
2021-07-03 20:38:17,761 DEBUG                  - depth 2, hash 46628ef, HEAD~915
2021-07-03 20:38:17,766 DEBUG                  - depth 3, hash 545bfa8, HEAD~1240
2021-07-03 20:38:17,770 DEBUG                  - depth 4, hash 6273f3a, HEAD~1258
2021-07-03 20:38:17,774 DEBUG                  - depth 5, hash 0a986c6, HEAD~1568
2021-07-03 20:38:17,778 DEBUG                  - depth 6, hash 55c78f6, HEAD~1572
2021-07-03 20:38:17,782 DEBUG                  - depth 7, hash 0ba4e2a, HEAD~1573
2021-07-03 20:38:17,787 DEBUG                  - depth 8, hash 90a05f7, HEAD~1575
2021-07-03 20:38:17,791 DEBUG                  - depth 9, hash c828c1d, HEAD~1578
2021-07-03 20:38:17,795 DEBUG                  - depth 10, hash 3f9bcc6, HEAD~1579
2021-07-03 20:38:17,799 DEBUG                  - depth 11, hash 5e5804c, HEAD~1590
2021-07-03 20:38:17,804 DEBUG                  - depth 12, hash 01d3951, HEAD~1599
2021-07-03 20:38:17,808 DEBUG                  - depth 13, hash 46ad24d, HEAD~1604
2021-07-03 20:38:17,812 DEBUG                  - depth 14, hash d1789e6, HEAD~1610
2021-07-03 20:38:17,816 DEBUG                  - depth 15, hash a8a9e64, HEAD~1616
2021-07-03 20:38:17,821 DEBUG                  - depth 16, hash ca16539, HEAD~1618
2021-07-03 20:38:17,825 DEBUG    [line range] org/apache/commons/compress/archivers/tar/TarArchiveOutputStream.java closeArchiveEntry 333:359
2021-07-03 20:38:17,893 DEBUG                  - depth 0, hash a671a70, HEAD~480
2021-07-03 20:38:17,898 DEBUG                  - depth 1, hash f36320a, HEAD~672
2021-07-03 20:38:17,902 DEBUG                  - depth 2, hash 46628ef, HEAD~915
2021-07-03 20:38:17,907 DEBUG                  - depth 3, hash 6a6d62d, HEAD~1231
2021-07-03 20:38:17,911 DEBUG                  - depth 4, hash a45e9cb, HEAD~1238
2021-07-03 20:38:17,915 DEBUG                  - depth 5, hash d170f34, HEAD~1259
2021-07-03 20:38:17,919 DEBUG                  - depth 6, hash d92df02, HEAD~1383
2021-07-03 20:38:17,924 DEBUG                  - depth 7, hash 0a986c6, HEAD~1568
2021-07-03 20:38:17,928 DEBUG                  - depth 8, hash 55c78f6, HEAD~1572
2021-07-03 20:38:17,932 DEBUG                  - depth 9, hash 0ba4e2a, HEAD~1573
2021-07-03 20:38:17,936 DEBUG                  - depth 10, hash 90a05f7, HEAD~1575
2021-07-03 20:38:17,941 DEBUG                  - depth 11, hash c828c1d, HEAD~1578
2021-07-03 20:38:17,945 DEBUG                  - depth 12, hash 3f9bcc6, HEAD~1579
2021-07-03 20:38:17,949 DEBUG                  - depth 13, hash 5e5804c, HEAD~1590
2021-07-03 20:38:17,953 DEBUG                  - depth 14, hash 01d3951, HEAD~1599
2021-07-03 20:38:17,958 DEBUG                  - depth 15, hash 46ad24d, HEAD~1604
2021-07-03 20:38:17,962 DEBUG                  - depth 16, hash d1789e6, HEAD~1610
2021-07-03 20:38:17,966 DEBUG                  - depth 17, hash a8a9e64, HEAD~1616
2021-07-03 20:38:17,970 DEBUG                  - depth 18, hash ca16539, HEAD~1618
2021-07-03 20:38:17,975 DEBUG    [line range] org/apache/commons/compress/archivers/tar/TarArchiveOutputStream.java failForBigNumber 625:627
2021-07-03 20:38:18,040 DEBUG                  - depth 0, hash 33c9577, HEAD~79
2021-07-03 20:38:18,045 DEBUG                  - depth 1, hash 8b2ec5a, HEAD~749
2021-07-03 20:38:18,050 DEBUG                  - depth 2, hash 5b13f84, HEAD~750
2021-07-03 20:38:18,054 DEBUG                  - depth 3, hash 20e860d, HEAD~752
2021-07-03 20:38:18,058 DEBUG    [line range] org/apache/commons/compress/archivers/tar/TarArchiveOutputStream.java failForBigNumber 633:639
2021-07-03 20:38:18,121 DEBUG                  - depth 0, hash 33c9577, HEAD~79
2021-07-03 20:38:18,126 DEBUG                  - depth 1, hash 8b2ec5a, HEAD~749
2021-07-03 20:38:18,131 DEBUG                  - depth 2, hash 5b13f84, HEAD~750
2021-07-03 20:38:18,135 DEBUG                  - depth 3, hash 20e860d, HEAD~752
2021-07-03 20:38:18,139 DEBUG    [line range] org/apache/commons/compress/archivers/tar/TarArchiveOutputStream.java finish 217:231
2021-07-03 20:38:18,205 DEBUG                  - depth 0, hash a671a70, HEAD~480
2021-07-03 20:38:18,211 DEBUG                  - depth 1, hash f36320a, HEAD~672
2021-07-03 20:38:18,215 DEBUG                  - depth 2, hash 39c93f4, HEAD~718
2021-07-03 20:38:18,219 DEBUG                  - depth 3, hash 46628ef, HEAD~915
2021-07-03 20:38:18,223 DEBUG                  - depth 4, hash 1eb9dbb, HEAD~1049
2021-07-03 20:38:18,228 DEBUG                  - depth 5, hash 545bfa8, HEAD~1240
2021-07-03 20:38:18,232 DEBUG                  - depth 6, hash d170f34, HEAD~1259
2021-07-03 20:38:18,236 DEBUG                  - depth 7, hash b69329d, HEAD~1313
2021-07-03 20:38:18,240 DEBUG                  - depth 8, hash 0a986c6, HEAD~1568
2021-07-03 20:38:18,245 DEBUG                  - depth 9, hash 55c78f6, HEAD~1572
2021-07-03 20:38:18,249 DEBUG                  - depth 10, hash 0ba4e2a, HEAD~1573
2021-07-03 20:38:18,253 DEBUG                  - depth 11, hash 90a05f7, HEAD~1575
2021-07-03 20:38:18,258 DEBUG                  - depth 12, hash c828c1d, HEAD~1578
2021-07-03 20:38:18,262 DEBUG                  - depth 13, hash 3f9bcc6, HEAD~1579
2021-07-03 20:38:18,266 DEBUG                  - depth 14, hash 5e5804c, HEAD~1590
2021-07-03 20:38:18,270 DEBUG                  - depth 15, hash 01d3951, HEAD~1599
2021-07-03 20:38:18,275 DEBUG                  - depth 16, hash 46ad24d, HEAD~1604
2021-07-03 20:38:18,279 DEBUG                  - depth 17, hash d1789e6, HEAD~1610
2021-07-03 20:38:18,283 DEBUG                  - depth 18, hash a8a9e64, HEAD~1616
2021-07-03 20:38:18,287 DEBUG                  - depth 19, hash ca16539, HEAD~1618
2021-07-03 20:38:18,292 DEBUG    [line range] org/apache/commons/compress/archivers/tar/TarArchiveOutputStream.java handleLongName 663:692
2021-07-03 20:38:18,353 DEBUG                  - depth 0, hash d50feb6, HEAD~20
2021-07-03 20:38:18,358 DEBUG                  - depth 1, hash 23d15f6, HEAD~157
2021-07-03 20:38:18,363 DEBUG                  - depth 2, hash dd71368, HEAD~159
2021-07-03 20:38:18,367 DEBUG                  - depth 3, hash 16da2b9, HEAD~475
2021-07-03 20:38:18,371 DEBUG                  - depth 4, hash 2ba2203, HEAD~478
2021-07-03 20:38:18,376 DEBUG    [line range] org/apache/commons/compress/archivers/tar/TarArchiveOutputStream.java padAsNeeded 574:581
2021-07-03 20:38:18,439 DEBUG                  - depth 0, hash a671a70, HEAD~480
2021-07-03 20:38:18,445 DEBUG    [line range] org/apache/commons/compress/archivers/tar/TarArchiveOutputStream.java putArchiveEntry 271:321
2021-07-03 20:38:18,511 DEBUG                  - depth 0, hash d50feb6, HEAD~20
2021-07-03 20:38:18,516 DEBUG                  - depth 1, hash 23d15f6, HEAD~157
2021-07-03 20:38:18,520 DEBUG                  - depth 2, hash dd71368, HEAD~159
2021-07-03 20:38:18,525 DEBUG                  - depth 3, hash aa0c705, HEAD~216
2021-07-03 20:38:18,529 DEBUG                  - depth 4, hash 16da2b9, HEAD~475
2021-07-03 20:38:18,533 DEBUG                  - depth 5, hash 8d7e1f4, HEAD~476
2021-07-03 20:38:18,537 DEBUG                  - depth 6, hash 2ba2203, HEAD~478
2021-07-03 20:38:18,542 DEBUG                  - depth 7, hash a671a70, HEAD~480
2021-07-03 20:38:18,546 DEBUG                  - depth 8, hash e9d7bcf, HEAD~647
2021-07-03 20:38:18,550 DEBUG                  - depth 9, hash 5c05b49, HEAD~735
2021-07-03 20:38:18,554 DEBUG                  - depth 10, hash 9629265, HEAD~737
2021-07-03 20:38:18,559 DEBUG                  - depth 11, hash 32619a8, HEAD~740
2021-07-03 20:38:18,563 DEBUG                  - depth 12, hash 4239871, HEAD~747
2021-07-03 20:38:18,567 DEBUG                  - depth 13, hash 20e860d, HEAD~752
2021-07-03 20:38:18,571 DEBUG                  - depth 14, hash 2d52e39, HEAD~779
2021-07-03 20:38:18,575 DEBUG                  - depth 15, hash 0ad3bf8, HEAD~780
2021-07-03 20:38:18,580 DEBUG                  - depth 16, hash a6fbdae, HEAD~781
2021-07-03 20:38:18,584 DEBUG                  - depth 17, hash 46628ef, HEAD~915
2021-07-03 20:38:18,588 DEBUG                  - depth 18, hash a45e9cb, HEAD~1238
2021-07-03 20:38:18,593 DEBUG                  - depth 19, hash 4c9360e, HEAD~1253
2021-07-03 20:38:18,597 DEBUG                  - depth 20, hash d170f34, HEAD~1259
2021-07-03 20:38:18,601 DEBUG                  - depth 21, hash 865686a, HEAD~1291
2021-07-03 20:38:18,605 DEBUG                  - depth 22, hash b4e2915, HEAD~1361
2021-07-03 20:38:18,610 DEBUG                  - depth 23, hash d92df02, HEAD~1383
2021-07-03 20:38:18,614 DEBUG                  - depth 24, hash 0a986c6, HEAD~1568
2021-07-03 20:38:18,618 DEBUG                  - depth 25, hash 55c78f6, HEAD~1572
2021-07-03 20:38:18,622 DEBUG                  - depth 26, hash 0ba4e2a, HEAD~1573
2021-07-03 20:38:18,627 DEBUG                  - depth 27, hash 90a05f7, HEAD~1575
2021-07-03 20:38:18,631 DEBUG                  - depth 28, hash c828c1d, HEAD~1578
2021-07-03 20:38:18,635 DEBUG                  - depth 29, hash 3f9bcc6, HEAD~1579
2021-07-03 20:38:18,639 DEBUG                  - depth 30, hash 5e5804c, HEAD~1590
2021-07-03 20:38:18,644 DEBUG                  - depth 31, hash 01d3951, HEAD~1599
2021-07-03 20:38:18,648 DEBUG                  - depth 32, hash 46ad24d, HEAD~1604
2021-07-03 20:38:18,652 DEBUG                  - depth 33, hash d1789e6, HEAD~1610
2021-07-03 20:38:18,657 DEBUG                  - depth 34, hash a8a9e64, HEAD~1616
2021-07-03 20:38:18,661 DEBUG                  - depth 35, hash ca16539, HEAD~1618
2021-07-03 20:38:18,666 DEBUG    [line range] org/apache/commons/compress/archivers/tar/TarArchiveOutputStream.java setBigNumberMode 185:187
2021-07-03 20:38:18,729 DEBUG                  - depth 0, hash 4239871, HEAD~747
2021-07-03 20:38:18,735 DEBUG                  - depth 1, hash a6fbdae, HEAD~781
2021-07-03 20:38:18,739 DEBUG    [line range] org/apache/commons/compress/archivers/tar/TarArchiveOutputStream.java shouldBeReplaced 505:509
2021-07-03 20:38:18,799 DEBUG                  - depth 0, hash c608c33, HEAD~282
2021-07-03 20:38:18,805 DEBUG    [line range] org/apache/commons/compress/archivers/tar/TarArchiveOutputStream.java stripTo7Bits 487:499
2021-07-03 20:38:18,867 DEBUG                  - depth 0, hash c608c33, HEAD~282
2021-07-03 20:38:18,873 DEBUG                  - depth 1, hash bb2200b, HEAD~484
2021-07-03 20:38:18,877 DEBUG                  - depth 2, hash 9629265, HEAD~737
2021-07-03 20:38:18,882 DEBUG    [line range] org/apache/commons/compress/archivers/tar/TarArchiveOutputStream.java transferModTime 694:701
2021-07-03 20:38:18,942 DEBUG                  - depth 0, hash 23d15f6, HEAD~157
2021-07-03 20:38:18,948 DEBUG    [line range] org/apache/commons/compress/archivers/tar/TarArchiveOutputStream.java write 375:442
2021-07-03 20:38:19,013 DEBUG                  - depth 0, hash aa0c705, HEAD~216
2021-07-03 20:38:19,018 DEBUG                  - depth 1, hash 8a2f04c, HEAD~339
2021-07-03 20:38:19,023 DEBUG                  - depth 2, hash a671a70, HEAD~480
2021-07-03 20:38:19,027 DEBUG                  - depth 3, hash fdac147, HEAD~835
2021-07-03 20:38:19,031 DEBUG                  - depth 4, hash 46628ef, HEAD~915
2021-07-03 20:38:19,036 DEBUG                  - depth 5, hash ab26943, HEAD~1248
2021-07-03 20:38:19,040 DEBUG                  - depth 6, hash 0a986c6, HEAD~1568
2021-07-03 20:38:19,044 DEBUG                  - depth 7, hash 55c78f6, HEAD~1572
2021-07-03 20:38:19,049 DEBUG                  - depth 8, hash 0ba4e2a, HEAD~1573
2021-07-03 20:38:19,053 DEBUG                  - depth 9, hash 90a05f7, HEAD~1575
2021-07-03 20:38:19,057 DEBUG                  - depth 10, hash c828c1d, HEAD~1578
2021-07-03 20:38:19,062 DEBUG                  - depth 11, hash 3f9bcc6, HEAD~1579
2021-07-03 20:38:19,066 DEBUG                  - depth 12, hash 5e5804c, HEAD~1590
2021-07-03 20:38:19,070 DEBUG                  - depth 13, hash 01d3951, HEAD~1599
2021-07-03 20:38:19,075 DEBUG                  - depth 14, hash 46ad24d, HEAD~1604
2021-07-03 20:38:19,079 DEBUG                  - depth 15, hash d1789e6, HEAD~1610
2021-07-03 20:38:19,083 DEBUG                  - depth 16, hash a8a9e64, HEAD~1616
2021-07-03 20:38:19,087 DEBUG                  - depth 17, hash ca16539, HEAD~1618
2021-07-03 20:38:19,092 DEBUG    [line range] org/apache/commons/compress/archivers/tar/TarArchiveOutputStream.java writeEOFRecord 515:518
2021-07-03 20:38:19,160 DEBUG                  - depth 0, hash a671a70, HEAD~480
2021-07-03 20:38:19,166 DEBUG                  - depth 1, hash 21148e7, HEAD~630
2021-07-03 20:38:19,170 DEBUG                  - depth 2, hash 0a986c6, HEAD~1568
2021-07-03 20:38:19,174 DEBUG                  - depth 3, hash 55c78f6, HEAD~1572
2021-07-03 20:38:19,179 DEBUG                  - depth 4, hash 0ba4e2a, HEAD~1573
2021-07-03 20:38:19,183 DEBUG                  - depth 5, hash 90a05f7, HEAD~1575
2021-07-03 20:38:19,187 DEBUG                  - depth 6, hash c828c1d, HEAD~1578
2021-07-03 20:38:19,192 DEBUG                  - depth 7, hash 3f9bcc6, HEAD~1579
2021-07-03 20:38:19,196 DEBUG                  - depth 8, hash 5e5804c, HEAD~1590
2021-07-03 20:38:19,200 DEBUG                  - depth 9, hash 01d3951, HEAD~1599
2021-07-03 20:38:19,204 DEBUG                  - depth 10, hash 46ad24d, HEAD~1604
2021-07-03 20:38:19,209 DEBUG                  - depth 11, hash d1789e6, HEAD~1610
2021-07-03 20:38:19,213 DEBUG                  - depth 12, hash a8a9e64, HEAD~1616
2021-07-03 20:38:19,217 DEBUG                  - depth 13, hash ca16539, HEAD~1618
2021-07-03 20:38:19,222 DEBUG    [line range] org/apache/commons/compress/archivers/tar/TarArchiveOutputStream.java writePaxHeaders 448:485
2021-07-03 20:38:19,285 DEBUG                  - depth 0, hash 23d15f6, HEAD~157
2021-07-03 20:38:19,290 DEBUG                  - depth 1, hash c608c33, HEAD~282
2021-07-03 20:38:19,295 DEBUG                  - depth 2, hash e4f645c, HEAD~643
2021-07-03 20:38:19,299 DEBUG                  - depth 3, hash 09b8f6d, HEAD~644
2021-07-03 20:38:19,303 DEBUG                  - depth 4, hash d7119be, HEAD~714
2021-07-03 20:38:19,308 DEBUG                  - depth 5, hash 9629265, HEAD~737
2021-07-03 20:38:19,312 DEBUG                  - depth 6, hash 2d52e39, HEAD~779
2021-07-03 20:38:19,316 DEBUG                  - depth 7, hash 0ad3bf8, HEAD~780
2021-07-03 20:38:19,321 DEBUG    [line range] org/apache/commons/compress/archivers/tar/TarArchiveOutputStream.java writeRecord 540:550
2021-07-03 20:38:19,385 DEBUG                  - depth 0, hash a671a70, HEAD~480
2021-07-03 20:38:19,796 DEBUG    [line range] org/apache/commons/compress/archivers/tar/TarUtils.java <clinit> 40:41
2021-07-03 20:38:19,860 DEBUG                  - depth 0, hash 69ceb4e, HEAD~746
2021-07-03 20:38:19,865 DEBUG    [line range] org/apache/commons/compress/archivers/tar/TarUtils.java computeCheckSum 556:564
2021-07-03 20:38:19,931 DEBUG                  - depth 0, hash c364195, HEAD~341
2021-07-03 20:38:19,936 DEBUG                  - depth 1, hash 1d55670, HEAD~1339
2021-07-03 20:38:19,941 DEBUG                  - depth 2, hash 46ad24d, HEAD~1604
2021-07-03 20:38:19,945 DEBUG                  - depth 3, hash 8822084, HEAD~1689
2021-07-03 20:38:19,950 DEBUG    [line range] org/apache/commons/compress/archivers/tar/TarUtils.java formatCheckSumOctalBytes 539:548
2021-07-03 20:38:20,014 DEBUG                  - depth 0, hash 1d55670, HEAD~1339
2021-07-03 20:38:20,019 DEBUG                  - depth 1, hash 11349c5, HEAD~1359
2021-07-03 20:38:20,024 DEBUG                  - depth 2, hash 46ad24d, HEAD~1604
2021-07-03 20:38:20,028 DEBUG                  - depth 3, hash 8822084, HEAD~1689
2021-07-03 20:38:20,032 DEBUG    [line range] org/apache/commons/compress/archivers/tar/TarUtils.java formatLongOctalBytes 442:450
2021-07-03 20:38:20,096 DEBUG                  - depth 0, hash 39c93f4, HEAD~718
2021-07-03 20:38:20,102 DEBUG                  - depth 1, hash 1d55670, HEAD~1339
2021-07-03 20:38:20,106 DEBUG                  - depth 2, hash 11349c5, HEAD~1359
2021-07-03 20:38:20,110 DEBUG                  - depth 3, hash 46ad24d, HEAD~1604
2021-07-03 20:38:20,115 DEBUG                  - depth 4, hash 8822084, HEAD~1689
2021-07-03 20:38:20,119 DEBUG    [line range] org/apache/commons/compress/archivers/tar/TarUtils.java formatLongOctalOrBinaryBytes 469:487
2021-07-03 20:38:20,181 DEBUG                  - depth 0, hash b90b1f4, HEAD~758
2021-07-03 20:38:20,187 DEBUG                  - depth 1, hash 915e8ef, HEAD~767
2021-07-03 20:38:20,191 DEBUG                  - depth 2, hash a6fbdae, HEAD~781
2021-07-03 20:38:20,196 DEBUG    [line range] org/apache/commons/compress/archivers/tar/TarUtils.java formatNameBytes 318:330
2021-07-03 20:38:20,259 DEBUG                  - depth 0, hash 029af4d, HEAD~741
2021-07-03 20:38:20,265 DEBUG                  - depth 1, hash 69ceb4e, HEAD~746
2021-07-03 20:38:20,269 DEBUG                  - depth 2, hash 1d55670, HEAD~1339
2021-07-03 20:38:20,274 DEBUG                  - depth 3, hash ae3c158, HEAD~1362
2021-07-03 20:38:20,278 DEBUG                  - depth 4, hash 46ad24d, HEAD~1604
2021-07-03 20:38:20,282 DEBUG                  - depth 5, hash 8822084, HEAD~1689
2021-07-03 20:38:20,287 DEBUG    [line range] org/apache/commons/compress/archivers/tar/TarUtils.java formatNameBytes 349:367
2021-07-03 20:38:20,349 DEBUG                  - depth 0, hash 716666a, HEAD~645
2021-07-03 20:38:20,354 DEBUG                  - depth 1, hash 69ceb4e, HEAD~746
2021-07-03 20:38:20,359 DEBUG    [line range] org/apache/commons/compress/archivers/tar/TarUtils.java formatUnsignedOctalString 378:401
2021-07-03 20:38:20,422 DEBUG                  - depth 0, hash 1d55670, HEAD~1339
2021-07-03 20:38:20,428 DEBUG                  - depth 1, hash 11349c5, HEAD~1359
2021-07-03 20:38:20,432 DEBUG    [line range] org/apache/commons/compress/archivers/tar/TarUtils.java parseName 259:270
2021-07-03 20:38:20,497 DEBUG                  - depth 0, hash 029af4d, HEAD~741
2021-07-03 20:38:20,503 DEBUG                  - depth 1, hash 69ceb4e, HEAD~746
2021-07-03 20:38:20,507 DEBUG                  - depth 2, hash 2d858d5, HEAD~1075
2021-07-03 20:38:20,511 DEBUG                  - depth 3, hash 1d55670, HEAD~1339
2021-07-03 20:38:20,515 DEBUG                  - depth 4, hash ae3c158, HEAD~1362
2021-07-03 20:38:20,520 DEBUG                  - depth 5, hash 46ad24d, HEAD~1604
2021-07-03 20:38:20,524 DEBUG                  - depth 6, hash 8822084, HEAD~1689
2021-07-03 20:38:20,528 DEBUG    [line range] org/apache/commons/compress/archivers/tar/TarUtils.java parseName 284:301
2021-07-03 20:38:20,592 DEBUG                  - depth 0, hash 69ceb4e, HEAD~746
2021-07-03 20:38:20,598 DEBUG                  - depth 1, hash ae3c158, HEAD~1362
2021-07-03 20:38:20,602 DEBUG                  - depth 2, hash 8822084, HEAD~1689
2021-07-03 20:38:20,606 DEBUG    [line range] org/apache/commons/compress/archivers/tar/TarUtils.java parseOctal 101:145
2021-07-03 20:38:20,670 DEBUG                  - depth 0, hash f8bf454, HEAD~9
2021-07-03 20:38:20,675 DEBUG                  - depth 1, hash 915fdd3, HEAD~37
2021-07-03 20:38:20,680 DEBUG                  - depth 2, hash 1ea7e01, HEAD~208
2021-07-03 20:38:20,684 DEBUG                  - depth 3, hash 8da3772, HEAD~287
2021-07-03 20:38:20,688 DEBUG                  - depth 4, hash ab45643, HEAD~657
2021-07-03 20:38:20,692 DEBUG                  - depth 5, hash 40f2e63, HEAD~759
2021-07-03 20:38:20,697 DEBUG                  - depth 6, hash 35e4e4f, HEAD~1064
2021-07-03 20:38:20,701 DEBUG                  - depth 7, hash 1d55670, HEAD~1339
2021-07-03 20:38:20,705 DEBUG                  - depth 8, hash ae3c158, HEAD~1362
2021-07-03 20:38:20,709 DEBUG                  - depth 9, hash 46ad24d, HEAD~1604
2021-07-03 20:38:20,714 DEBUG                  - depth 10, hash 8822084, HEAD~1689
2021-07-03 20:38:20,718 DEBUG    [line range] org/apache/commons/compress/archivers/tar/TarUtils.java parseOctalOrBinary 164:175
2021-07-03 20:38:20,780 DEBUG                  - depth 0, hash b90b1f4, HEAD~758
2021-07-03 20:38:20,786 DEBUG                  - depth 1, hash 6846564, HEAD~789
2021-07-03 20:38:20,790 DEBUG    [line range] org/apache/commons/compress/archivers/tar/TarUtils.java verifyCheckSum 601:623
2021-07-03 20:38:20,851 DEBUG                  - depth 0, hash 811fb4e, HEAD~668
2021-07-03 20:38:20,857 DEBUG    [line range] org/apache/commons/compress/archivers/tar/TarUtils.java <init> 47:74
2021-07-03 20:38:20,919 DEBUG                  - depth 0, hash 09aecce, HEAD~85
2021-07-03 20:38:20,925 DEBUG                  - depth 1, hash bb2200b, HEAD~484
2021-07-03 20:38:20,929 DEBUG                  - depth 2, hash 32619a8, HEAD~740
2021-07-03 20:38:20,933 DEBUG                  - depth 3, hash 029af4d, HEAD~741
2021-07-03 20:38:21,233 DEBUG    [line range] org/apache/commons/compress/archivers/zip/FallbackZipEncoding.java <init> 60:62
2021-07-03 20:38:21,291 DEBUG                  - depth 0, hash ac525fe, HEAD~430
2021-07-03 20:38:21,297 DEBUG                  - depth 1, hash 853176f, HEAD~1530
2021-07-03 20:38:21,301 DEBUG    [line range] org/apache/commons/compress/archivers/zip/FallbackZipEncoding.java decode 88:94
2021-07-03 20:38:21,359 DEBUG                  - depth 0, hash ac525fe, HEAD~430
2021-07-03 20:38:21,365 DEBUG                  - depth 1, hash 325f002, HEAD~1284
2021-07-03 20:38:21,369 DEBUG                  - depth 2, hash b99befd, HEAD~1288
2021-07-03 20:38:21,373 DEBUG                  - depth 3, hash 865686a, HEAD~1291
2021-07-03 20:38:21,377 DEBUG                  - depth 4, hash 853176f, HEAD~1530
2021-07-03 20:38:21,382 DEBUG    [line range] org/apache/commons/compress/archivers/zip/FallbackZipEncoding.java encode 76:82
2021-07-03 20:38:21,441 DEBUG                  - depth 0, hash ac525fe, HEAD~430
2021-07-03 20:38:21,446 DEBUG                  - depth 1, hash 325f002, HEAD~1284
2021-07-03 20:38:21,451 DEBUG                  - depth 2, hash 865686a, HEAD~1291
2021-07-03 20:38:21,455 DEBUG                  - depth 3, hash 853176f, HEAD~1530
2021-07-03 20:38:21,767 DEBUG    [line range] org/apache/commons/compress/archivers/zip/NioZipEncoding.java <init> 50:52
2021-07-03 20:38:21,825 DEBUG                  - depth 0, hash 853176f, HEAD~1530
2021-07-03 20:38:22,179 DEBUG    [single line]   org/apache/commons/compress/archivers/zip/ZipEncodingHelper.java <clinit> 71
2021-07-03 20:38:22,239 DEBUG                  - depth 0, hash 59dfc7c, HEAD~653
2021-07-03 20:38:22,245 DEBUG                  - depth 1, hash e53e88a, HEAD~1001
2021-07-03 20:38:22,249 DEBUG                  - depth 2, hash 853176f, HEAD~1530
2021-07-03 20:38:22,253 DEBUG    [single line]   org/apache/commons/compress/archivers/zip/ZipEncodingHelper.java <clinit> 74
2021-07-03 20:38:22,311 DEBUG                  - depth 0, hash 853176f, HEAD~1530
2021-07-03 20:38:22,317 DEBUG    [single line]   org/apache/commons/compress/archivers/zip/ZipEncodingHelper.java <clinit> 98
2021-07-03 20:38:22,375 DEBUG                  - depth 0, hash 853176f, HEAD~1530
2021-07-03 20:38:22,381 DEBUG    [single line]   org/apache/commons/compress/archivers/zip/ZipEncodingHelper.java <clinit> 100
2021-07-03 20:38:22,439 DEBUG                  - depth 0, hash 59dfc7c, HEAD~653
2021-07-03 20:38:22,445 DEBUG                  - depth 1, hash 853176f, HEAD~1530
2021-07-03 20:38:22,449 DEBUG    [single line]   org/apache/commons/compress/archivers/zip/ZipEncodingHelper.java <clinit> 101
2021-07-03 20:38:22,507 DEBUG                  - depth 0, hash 59dfc7c, HEAD~653
2021-07-03 20:38:22,513 DEBUG                  - depth 1, hash 853176f, HEAD~1530
2021-07-03 20:38:22,517 DEBUG    [single line]   org/apache/commons/compress/archivers/zip/ZipEncodingHelper.java <clinit> 102
2021-07-03 20:38:22,575 DEBUG                  - depth 0, hash 59dfc7c, HEAD~653
2021-07-03 20:38:22,581 DEBUG                  - depth 1, hash 853176f, HEAD~1530
2021-07-03 20:38:22,585 DEBUG    [single line]   org/apache/commons/compress/archivers/zip/ZipEncodingHelper.java <clinit> 103
2021-07-03 20:38:22,643 DEBUG                  - depth 0, hash 59dfc7c, HEAD~653
2021-07-03 20:38:22,649 DEBUG                  - depth 1, hash 853176f, HEAD~1530
2021-07-03 20:38:22,653 DEBUG    [single line]   org/apache/commons/compress/archivers/zip/ZipEncodingHelper.java <clinit> 104
2021-07-03 20:38:22,711 DEBUG                  - depth 0, hash 59dfc7c, HEAD~653
2021-07-03 20:38:22,717 DEBUG                  - depth 1, hash 853176f, HEAD~1530
2021-07-03 20:38:22,722 DEBUG    [single line]   org/apache/commons/compress/archivers/zip/ZipEncodingHelper.java <clinit> 106
2021-07-03 20:38:22,781 DEBUG                  - depth 0, hash 853176f, HEAD~1530
2021-07-03 20:38:22,787 DEBUG    [single line]   org/apache/commons/compress/archivers/zip/ZipEncodingHelper.java <clinit> 130
2021-07-03 20:38:22,846 DEBUG                  - depth 0, hash 853176f, HEAD~1530
2021-07-03 20:38:22,852 DEBUG    [single line]   org/apache/commons/compress/archivers/zip/ZipEncodingHelper.java <clinit> 132
2021-07-03 20:38:22,910 DEBUG                  - depth 0, hash 59dfc7c, HEAD~653
2021-07-03 20:38:22,916 DEBUG                  - depth 1, hash 853176f, HEAD~1530
2021-07-03 20:38:22,921 DEBUG    [single line]   org/apache/commons/compress/archivers/zip/ZipEncodingHelper.java <clinit> 133
2021-07-03 20:38:22,980 DEBUG                  - depth 0, hash 59dfc7c, HEAD~653
2021-07-03 20:38:22,985 DEBUG                  - depth 1, hash 853176f, HEAD~1530
2021-07-03 20:38:22,990 DEBUG    [single line]   org/apache/commons/compress/archivers/zip/ZipEncodingHelper.java <clinit> 134
2021-07-03 20:38:23,048 DEBUG                  - depth 0, hash 59dfc7c, HEAD~653
2021-07-03 20:38:23,054 DEBUG                  - depth 1, hash 853176f, HEAD~1530
2021-07-03 20:38:23,058 DEBUG    [single line]   org/apache/commons/compress/archivers/zip/ZipEncodingHelper.java <clinit> 135
2021-07-03 20:38:23,118 DEBUG                  - depth 0, hash 59dfc7c, HEAD~653
2021-07-03 20:38:23,124 DEBUG                  - depth 1, hash 853176f, HEAD~1530
2021-07-03 20:38:23,128 DEBUG    [single line]   org/apache/commons/compress/archivers/zip/ZipEncodingHelper.java <clinit> 136
2021-07-03 20:38:23,186 DEBUG                  - depth 0, hash 59dfc7c, HEAD~653
2021-07-03 20:38:23,192 DEBUG                  - depth 1, hash 853176f, HEAD~1530
2021-07-03 20:38:23,196 DEBUG    [single line]   org/apache/commons/compress/archivers/zip/ZipEncodingHelper.java <clinit> 137
2021-07-03 20:38:23,256 DEBUG                  - depth 0, hash 59dfc7c, HEAD~653
2021-07-03 20:38:23,262 DEBUG                  - depth 1, hash 853176f, HEAD~1530
2021-07-03 20:38:23,266 DEBUG    [line range] org/apache/commons/compress/archivers/zip/ZipEncodingHelper.java <clinit> 168:172
2021-07-03 20:38:23,326 DEBUG                  - depth 0, hash 4e2380b, HEAD~1559
2021-07-03 20:38:23,332 DEBUG    [line range] org/apache/commons/compress/archivers/zip/ZipEncodingHelper.java getZipEncoding 210:235
2021-07-03 20:38:23,394 DEBUG                  - depth 0, hash 9fff335, HEAD~428
2021-07-03 20:38:23,399 DEBUG                  - depth 1, hash 69ceb4e, HEAD~746
2021-07-03 20:38:23,404 DEBUG                  - depth 2, hash e53e88a, HEAD~1001
2021-07-03 20:38:23,408 DEBUG                  - depth 3, hash 853176f, HEAD~1530
2021-07-03 20:38:23,412 DEBUG                  - depth 4, hash 4e2380b, HEAD~1559
2021-07-03 20:38:23,417 DEBUG    [line range] org/apache/commons/compress/archivers/zip/ZipEncodingHelper.java isUTF8 243:257
2021-07-03 20:38:23,476 DEBUG                  - depth 0, hash af1f816, HEAD~8
2021-07-03 20:38:23,482 DEBUG                  - depth 1, hash eb9318d, HEAD~425
2021-07-03 20:38:23,486 DEBUG                  - depth 2, hash bed564b, HEAD~1166
2021-07-03 20:38:23,491 DEBUG                  - depth 3, hash ae0f984, HEAD~1172
2021-07-03 20:38:23,495 DEBUG                  - depth 4, hash 853176f, HEAD~1530
2021-07-03 20:38:23,499 DEBUG                  - depth 5, hash 1cef965, HEAD~1542
2021-07-03 20:38:23,503 DEBUG                  - depth 6, hash a96f1f2, HEAD~1551
2021-07-03 20:38:23,508 DEBUG    [line range] org/apache/commons/compress/archivers/zip/ZipEncodingHelper.java <init> 52:54
2021-07-03 20:38:23,567 DEBUG                  - depth 0, hash d6f3633, HEAD~1425
2021-07-03 20:38:23,573 DEBUG                  - depth 1, hash 99870ef, HEAD~1426
2021-07-03 20:38:23,577 DEBUG                  - depth 2, hash 853176f, HEAD~1530
2021-07-03 20:38:23,910 DEBUG    [line range] org/apache/commons/compress/utils/ArchiveUtils.java isArrayZero 245:252
2021-07-03 20:38:23,968 DEBUG                  - depth 0, hash a671a70, HEAD~480
2021-07-03 20:38:23,974 DEBUG                  - depth 1, hash 39c93f4, HEAD~718
2021-07-03 20:38:23,979 DEBUG                  - depth 2, hash 9567f87, HEAD~1337
2021-07-03 20:38:23,983 DEBUG    [line range] org/apache/commons/compress/utils/ArchiveUtils.java isEqual 147:177
2021-07-03 20:38:24,042 DEBUG                  - depth 0, hash 39c93f4, HEAD~718
2021-07-03 20:38:24,048 DEBUG                  - depth 1, hash 9567f87, HEAD~1337
2021-07-03 20:38:24,052 DEBUG    [line range] org/apache/commons/compress/utils/ArchiveUtils.java matchAsciiBuffer 68:77
2021-07-03 20:38:24,110 DEBUG                  - depth 0, hash 90b73bf, HEAD~471
2021-07-03 20:38:24,116 DEBUG                  - depth 1, hash 9567f87, HEAD~1337
2021-07-03 20:38:24,405 DEBUG    [line range] org/apache/commons/compress/utils/Charsets.java <clinit> 98:98
2021-07-03 20:38:24,463 DEBUG                  - depth 0, hash c654e04, HEAD~702
2021-07-03 20:38:24,469 DEBUG                  - depth 1, hash a75598d, HEAD~704
2021-07-03 20:38:24,473 DEBUG                  - depth 2, hash d7119be, HEAD~714
2021-07-03 20:38:24,773 DEBUG    [line range] org/apache/commons/compress/utils/CountingOutputStream.java <init> 31:31
2021-07-03 20:38:24,831 DEBUG                  - depth 0, hash 267a334, HEAD~833
2021-07-03 20:38:24,837 DEBUG                  - depth 1, hash 41fc7c5, HEAD~837
2021-07-03 20:38:24,842 DEBUG    [line range] org/apache/commons/compress/utils/CountingOutputStream.java count 58:62
2021-07-03 20:38:24,900 DEBUG                  - depth 0, hash 267a334, HEAD~833
2021-07-03 20:38:24,906 DEBUG                  - depth 1, hash 41fc7c5, HEAD~837
2021-07-03 20:38:24,911 DEBUG    [line range] org/apache/commons/compress/utils/CountingOutputStream.java write 42:45
2021-07-03 20:38:24,970 DEBUG                  - depth 0, hash 41fc7c5, HEAD~837
2021-07-03 20:38:24,975 DEBUG    [line range] org/apache/commons/compress/utils/CountingOutputStream.java write 46:50
2021-07-03 20:38:25,034 DEBUG                  - depth 0, hash 41fc7c5, HEAD~837
2021-07-03 20:38:25,348 DEBUG    [line range] org/apache/commons/compress/utils/IOUtils.java <clinit> 38:38
2021-07-03 20:38:25,407 DEBUG                  - depth 0, hash 0508270, HEAD~217
2021-07-03 20:38:25,412 DEBUG    [line range] org/apache/commons/compress/utils/IOUtils.java readFully 131:133
2021-07-03 20:38:25,471 DEBUG                  - depth 0, hash 3685eea, HEAD~460
2021-07-03 20:38:25,476 DEBUG    [line range] org/apache/commons/compress/utils/IOUtils.java readFully 151:165
2021-07-03 20:38:25,535 DEBUG                  - depth 0, hash 3685eea, HEAD~460
2021-07-03 20:38:25,541 DEBUG    [line range] org/apache/commons/compress/utils/IOUtils.java skip 98:117
2021-07-03 20:38:25,600 DEBUG                  - depth 0, hash 0508270, HEAD~217
2021-07-03 20:38:25,606 DEBUG                  - depth 1, hash 557800a, HEAD~218
2021-07-03 20:38:25,610 DEBUG                  - depth 2, hash 8a2f04c, HEAD~339
2021-07-03 20:38:25,615 DEBUG                  - depth 3, hash a671a70, HEAD~480
2021-07-03 20:38:25,619 INFO     The number of BIC candidates: 164
