2021-07-03 20:36:19,511 INFO     Search BICs for /tmp/Compress-29b/
2021-07-03 20:36:19,511 DEBUG    Reading the coverage of org.apache.commons.compress.archivers.ArchiveStreamFactoryTest::testEncodingInputStreamAutodetect (failings)
2021-07-03 20:36:19,557 DEBUG    Reading the coverage of org.apache.commons.compress.archivers.ArchiveStreamFactoryTest::testEncodingInputStream (failings)
2021-07-03 20:36:19,612 DEBUG    Reading the coverage of org.apache.commons.compress.archivers.ArchiveStreamFactoryTest::testEncodingOutputStream (failings)
2021-07-03 20:36:19,660 INFO     Loaded 3x727 Coverage Matrix
2021-07-03 20:36:19,661 INFO     The number of total commits: 1710
2021-07-03 20:36:19,962 DEBUG    [single line]   org/apache/commons/compress/archivers/ArchiveInputStream.java <init> 40
2021-07-03 20:36:20,019 DEBUG                  - depth 0, hash ca16539, HEAD~1597
2021-07-03 20:36:20,025 DEBUG    [line range] org/apache/commons/compress/archivers/ArchiveInputStream.java <init> 42:42
2021-07-03 20:36:20,083 DEBUG                  - depth 0, hash 2a207ec, HEAD~579
2021-07-03 20:36:20,088 DEBUG                  - depth 1, hash 253196a, HEAD~1361
2021-07-03 20:36:20,092 DEBUG    [line range] org/apache/commons/compress/archivers/ArchiveInputStream.java count 91:93
2021-07-03 20:36:20,152 DEBUG                  - depth 0, hash 2dca661, HEAD~1141
2021-07-03 20:36:20,158 DEBUG                  - depth 1, hash 4bce1fb, HEAD~1295
2021-07-03 20:36:20,162 DEBUG    [line range] org/apache/commons/compress/archivers/ArchiveInputStream.java count 102:106
2021-07-03 20:36:20,220 DEBUG                  - depth 0, hash 2dca661, HEAD~1141
2021-07-03 20:36:20,226 DEBUG                  - depth 1, hash 4bce1fb, HEAD~1295
2021-07-03 20:36:20,230 DEBUG    [line range] org/apache/commons/compress/archivers/ArchiveInputStream.java pushedBackBytes 114:116
2021-07-03 20:36:20,287 DEBUG                  - depth 0, hash 2dca661, HEAD~1141
2021-07-03 20:36:20,627 DEBUG    [line range] org/apache/commons/compress/archivers/ArchiveStreamFactory.java <init> 134:136
2021-07-03 20:36:20,688 DEBUG                  - depth 0, hash 0b33b14, HEAD~8
2021-07-03 20:36:20,693 DEBUG                  - depth 1, hash 2ab43b0, HEAD~645
2021-07-03 20:36:20,697 DEBUG    [line range] org/apache/commons/compress/archivers/ArchiveStreamFactory.java <init> 129:129
2021-07-03 20:36:20,758 DEBUG                  - depth 0, hash 0b33b14, HEAD~8
2021-07-03 20:36:20,763 DEBUG                  - depth 1, hash 2ab43b0, HEAD~645
2021-07-03 20:36:20,767 DEBUG    [line range] org/apache/commons/compress/archivers/ArchiveStreamFactory.java createArchiveInputStream 320:397
2021-07-03 20:36:20,830 DEBUG                  - depth 0, hash a99d1e3, HEAD~257
2021-07-03 20:36:20,835 DEBUG                  - depth 1, hash 885d205, HEAD~286
2021-07-03 20:36:20,839 DEBUG                  - depth 2, hash 38e8add, HEAD~420
2021-07-03 20:36:20,843 DEBUG                  - depth 3, hash f3d34aa, HEAD~438
2021-07-03 20:36:20,847 DEBUG                  - depth 4, hash 93a15dd, HEAD~506
2021-07-03 20:36:20,851 DEBUG                  - depth 5, hash 9d23637, HEAD~642
2021-07-03 20:36:20,855 DEBUG                  - depth 6, hash 2ab43b0, HEAD~645
2021-07-03 20:36:20,860 DEBUG                  - depth 7, hash 9bdacbf, HEAD~646
2021-07-03 20:36:20,864 DEBUG                  - depth 8, hash b410868, HEAD~754
2021-07-03 20:36:20,868 DEBUG                  - depth 9, hash a933173, HEAD~755
2021-07-03 20:36:20,872 DEBUG                  - depth 10, hash a932366, HEAD~863
2021-07-03 20:36:20,876 DEBUG                  - depth 11, hash 58c56fc, HEAD~990
2021-07-03 20:36:20,880 DEBUG                  - depth 12, hash 60d6b6a, HEAD~1022
2021-07-03 20:36:20,884 DEBUG                  - depth 13, hash e2f8a9b, HEAD~1229
2021-07-03 20:36:20,888 DEBUG                  - depth 14, hash 3a75bfd, HEAD~1317
2021-07-03 20:36:20,892 DEBUG                  - depth 15, hash eeef242, HEAD~1481
2021-07-03 20:36:20,897 DEBUG                  - depth 16, hash c4a65f0, HEAD~1486
2021-07-03 20:36:20,901 DEBUG                  - depth 17, hash 55c78f6, HEAD~1551
2021-07-03 20:36:20,905 DEBUG                  - depth 18, hash 0ba4e2a, HEAD~1552
2021-07-03 20:36:20,909 DEBUG                  - depth 19, hash dff9001, HEAD~1564
2021-07-03 20:36:20,913 DEBUG                  - depth 20, hash b7bc8c7, HEAD~1567
2021-07-03 20:36:20,917 DEBUG                  - depth 21, hash 5d9f7b4, HEAD~1568
2021-07-03 20:36:20,921 DEBUG                  - depth 22, hash 70c8320, HEAD~1577
2021-07-03 20:36:20,925 DEBUG                  - depth 23, hash 6a70323, HEAD~1587
2021-07-03 20:36:20,929 DEBUG                  - depth 24, hash ca16539, HEAD~1597
2021-07-03 20:36:20,934 DEBUG    [line range] org/apache/commons/compress/archivers/ArchiveStreamFactory.java setEntryEncoding 172:179
2021-07-03 20:36:20,994 DEBUG                  - depth 0, hash 0b33b14, HEAD~8
2021-07-03 20:36:21,000 DEBUG                  - depth 1, hash 2ab43b0, HEAD~645
2021-07-03 20:36:21,355 DEBUG    [line range] org/apache/commons/compress/archivers/ar/ArArchiveInputStream.java <clinit> 305:306
2021-07-03 20:36:21,416 DEBUG                  - depth 0, hash 0456186, HEAD~887
2021-07-03 20:36:21,421 DEBUG    [line range] org/apache/commons/compress/archivers/ar/ArArchiveInputStream.java matches 270:302
2021-07-03 20:36:21,481 DEBUG                  - depth 0, hash 3f9bcc6, HEAD~1558
2021-07-03 20:36:21,486 DEBUG                  - depth 1, hash dff9001, HEAD~1564
2021-07-03 20:36:21,490 DEBUG                  - depth 2, hash bd9e3bb, HEAD~1565
2021-07-03 20:36:21,494 DEBUG                  - depth 3, hash 72b8402, HEAD~1581
2021-07-03 20:36:21,499 DEBUG                  - depth 4, hash ca16539, HEAD~1597
2021-07-03 20:36:21,857 DEBUG    [line range] org/apache/commons/compress/archivers/arj/ArjArchiveInputStream.java <init> 81:84
2021-07-03 20:36:21,915 DEBUG                  - depth 0, hash 93a15dd, HEAD~506
2021-07-03 20:36:21,921 DEBUG    [line range] org/apache/commons/compress/archivers/arj/ArjArchiveInputStream.java <init> 48:48
2021-07-03 20:36:21,978 DEBUG                  - depth 0, hash 93a15dd, HEAD~506
2021-07-03 20:36:21,984 DEBUG    [line range] org/apache/commons/compress/archivers/arj/ArjArchiveInputStream.java matches 293:297
2021-07-03 20:36:22,042 DEBUG                  - depth 0, hash 93a15dd, HEAD~506
2021-07-03 20:36:22,048 DEBUG    [line range] org/apache/commons/compress/archivers/arj/ArjArchiveInputStream.java read16 97:101
2021-07-03 20:36:22,106 DEBUG                  - depth 0, hash d7275a2, HEAD~294
2021-07-03 20:36:22,111 DEBUG                  - depth 1, hash 8c34dc5, HEAD~449
2021-07-03 20:36:22,115 DEBUG                  - depth 2, hash 46e61a9, HEAD~467
2021-07-03 20:36:22,119 DEBUG                  - depth 3, hash 93a15dd, HEAD~506
2021-07-03 20:36:22,123 DEBUG    [line range] org/apache/commons/compress/archivers/arj/ArjArchiveInputStream.java read32 103:107
2021-07-03 20:36:22,182 DEBUG                  - depth 0, hash d7275a2, HEAD~294
2021-07-03 20:36:22,187 DEBUG                  - depth 1, hash 8c34dc5, HEAD~449
2021-07-03 20:36:22,191 DEBUG    [line range] org/apache/commons/compress/archivers/arj/ArjArchiveInputStream.java read8 91:95
2021-07-03 20:36:22,250 DEBUG                  - depth 0, hash d7275a2, HEAD~294
2021-07-03 20:36:22,256 DEBUG                  - depth 1, hash 8c34dc5, HEAD~449
2021-07-03 20:36:22,260 DEBUG                  - depth 2, hash 46e61a9, HEAD~467
2021-07-03 20:36:22,264 DEBUG                  - depth 3, hash 93a15dd, HEAD~506
2021-07-03 20:36:22,268 DEBUG    [line range] org/apache/commons/compress/archivers/arj/ArjArchiveInputStream.java readFully 123:127
2021-07-03 20:36:22,326 DEBUG                  - depth 0, hash d7275a2, HEAD~294
2021-07-03 20:36:22,332 DEBUG                  - depth 1, hash 8c34dc5, HEAD~449
2021-07-03 20:36:22,336 DEBUG    [line range] org/apache/commons/compress/archivers/arj/ArjArchiveInputStream.java readHeader 129:156
2021-07-03 20:36:22,393 DEBUG                  - depth 0, hash d658439, HEAD~362
2021-07-03 20:36:22,399 DEBUG                  - depth 1, hash 8c34dc5, HEAD~449
2021-07-03 20:36:22,403 DEBUG                  - depth 2, hash 93a15dd, HEAD~506
2021-07-03 20:36:22,407 DEBUG    [line range] org/apache/commons/compress/archivers/arj/ArjArchiveInputStream.java readMainHeader 158:213
2021-07-03 20:36:22,467 DEBUG                  - depth 0, hash d7275a2, HEAD~294
2021-07-03 20:36:22,473 DEBUG                  - depth 1, hash d658439, HEAD~362
2021-07-03 20:36:22,477 DEBUG                  - depth 2, hash 6ef5248, HEAD~416
2021-07-03 20:36:22,481 DEBUG                  - depth 3, hash 38e8add, HEAD~420
2021-07-03 20:36:22,485 DEBUG                  - depth 4, hash 8c34dc5, HEAD~449
2021-07-03 20:36:22,489 DEBUG                  - depth 5, hash 4c71a47, HEAD~466
2021-07-03 20:36:22,493 DEBUG                  - depth 6, hash 93a15dd, HEAD~506
2021-07-03 20:36:22,498 DEBUG    [line range] org/apache/commons/compress/archivers/arj/ArjArchiveInputStream.java readString 109:121
2021-07-03 20:36:22,557 DEBUG                  - depth 0, hash 8caf1f7, HEAD~292
2021-07-03 20:36:22,562 DEBUG                  - depth 1, hash d7275a2, HEAD~294
2021-07-03 20:36:22,566 DEBUG                  - depth 2, hash 2cb7f9d, HEAD~410
2021-07-03 20:36:22,570 DEBUG                  - depth 3, hash 99358db, HEAD~446
2021-07-03 20:36:22,574 DEBUG                  - depth 4, hash 46e61a9, HEAD~467
2021-07-03 20:36:22,578 DEBUG                  - depth 5, hash 93a15dd, HEAD~506
2021-07-03 20:36:22,873 DEBUG    [single line]   org/apache/commons/compress/archivers/arj/MainHeader.java <init> 22
2021-07-03 20:36:22,930 DEBUG                  - depth 0, hash 93a15dd, HEAD~506
2021-07-03 20:36:22,935 DEBUG    [line range] org/apache/commons/compress/archivers/arj/MainHeader.java <init> 42:42
2021-07-03 20:36:22,991 DEBUG                  - depth 0, hash 93a15dd, HEAD~506
2021-07-03 20:36:23,384 DEBUG    [line range] org/apache/commons/compress/archivers/cpio/CpioArchiveInputStream.java <init> 104:106
2021-07-03 20:36:23,445 DEBUG                  - depth 0, hash 90b73bf, HEAD~450
2021-07-03 20:36:23,450 DEBUG                  - depth 1, hash 93e861d, HEAD~580
2021-07-03 20:36:23,455 DEBUG                  - depth 2, hash 70c8320, HEAD~1577
2021-07-03 20:36:23,459 DEBUG    [line range] org/apache/commons/compress/archivers/cpio/CpioArchiveInputStream.java <init> 70:70
2021-07-03 20:36:23,519 DEBUG                  - depth 0, hash 70c8320, HEAD~1577
2021-07-03 20:36:23,525 DEBUG    [line range] org/apache/commons/compress/archivers/cpio/CpioArchiveInputStream.java matches 519:561
2021-07-03 20:36:23,585 DEBUG                  - depth 0, hash 39c93f4, HEAD~697
2021-07-03 20:36:23,591 DEBUG                  - depth 1, hash 27f87f0, HEAD~1392
2021-07-03 20:36:23,595 DEBUG                  - depth 2, hash 56b47fc, HEAD~1393
2021-07-03 20:36:23,599 DEBUG                  - depth 3, hash 3f9bcc6, HEAD~1558
2021-07-03 20:36:23,603 DEBUG                  - depth 4, hash dff9001, HEAD~1564
2021-07-03 20:36:23,607 DEBUG                  - depth 5, hash bd9e3bb, HEAD~1565
2021-07-03 20:36:23,611 DEBUG                  - depth 6, hash 70c8320, HEAD~1577
2021-07-03 20:36:23,904 DEBUG    [line range] org/apache/commons/compress/archivers/dump/Dirent.java <init> 38:43
2021-07-03 20:36:23,961 DEBUG                  - depth 0, hash 07ec353, HEAD~854
2021-07-03 20:36:23,966 DEBUG                  - depth 1, hash 054452a, HEAD~864
2021-07-03 20:36:24,270 DEBUG    [single line]   org/apache/commons/compress/archivers/dump/DumpArchiveConstants.java <clinit> 42
2021-07-03 20:36:24,327 DEBUG                  - depth 0, hash 054452a, HEAD~864
2021-07-03 20:36:24,332 DEBUG    [single line]   org/apache/commons/compress/archivers/dump/DumpArchiveConstants.java <clinit> 43
2021-07-03 20:36:24,389 DEBUG                  - depth 0, hash 054452a, HEAD~864
2021-07-03 20:36:24,394 DEBUG    [single line]   org/apache/commons/compress/archivers/dump/DumpArchiveConstants.java <clinit> 44
2021-07-03 20:36:24,450 DEBUG                  - depth 0, hash 054452a, HEAD~864
2021-07-03 20:36:24,456 DEBUG    [single line]   org/apache/commons/compress/archivers/dump/DumpArchiveConstants.java <clinit> 45
2021-07-03 20:36:24,512 DEBUG                  - depth 0, hash 054452a, HEAD~864
2021-07-03 20:36:24,518 DEBUG    [single line]   org/apache/commons/compress/archivers/dump/DumpArchiveConstants.java <clinit> 46
2021-07-03 20:36:24,574 DEBUG                  - depth 0, hash 054452a, HEAD~864
2021-07-03 20:36:24,579 DEBUG    [single line]   org/apache/commons/compress/archivers/dump/DumpArchiveConstants.java <clinit> 47
2021-07-03 20:36:24,636 DEBUG                  - depth 0, hash 054452a, HEAD~864
2021-07-03 20:36:24,641 DEBUG    [single line]   org/apache/commons/compress/archivers/dump/DumpArchiveConstants.java <clinit> 48
2021-07-03 20:36:24,699 DEBUG                  - depth 0, hash 054452a, HEAD~864
2021-07-03 20:36:24,704 DEBUG    [line range] org/apache/commons/compress/archivers/dump/DumpArchiveConstants.java <init> 52:54
2021-07-03 20:36:24,760 DEBUG                  - depth 0, hash 054452a, HEAD~864
2021-07-03 20:36:24,766 DEBUG    [line range] org/apache/commons/compress/archivers/dump/DumpArchiveConstants.java find 56:64
2021-07-03 20:36:24,823 DEBUG                  - depth 0, hash 054452a, HEAD~864
2021-07-03 20:36:25,220 DEBUG    [line range] org/apache/commons/compress/archivers/dump/DumpArchiveEntry.java <init> 214:215
2021-07-03 20:36:25,279 DEBUG                  - depth 0, hash 054452a, HEAD~864
2021-07-03 20:36:25,284 DEBUG    [line range] org/apache/commons/compress/archivers/dump/DumpArchiveEntry.java <init> 183:183
2021-07-03 20:36:25,343 DEBUG                  - depth 0, hash 054452a, HEAD~864
2021-07-03 20:36:25,348 DEBUG    [line range] org/apache/commons/compress/archivers/dump/DumpArchiveEntry.java getHeaderCount 366:368
2021-07-03 20:36:25,406 DEBUG                  - depth 0, hash 054452a, HEAD~864
2021-07-03 20:36:25,412 DEBUG    [line range] org/apache/commons/compress/archivers/dump/DumpArchiveEntry.java getHeaderType 359:361
2021-07-03 20:36:25,471 DEBUG                  - depth 0, hash 054452a, HEAD~864
2021-07-03 20:36:25,477 DEBUG    [line range] org/apache/commons/compress/archivers/dump/DumpArchiveEntry.java parse 436:498
2021-07-03 20:36:25,535 DEBUG                  - depth 0, hash 34e9390, HEAD~851
2021-07-03 20:36:25,540 DEBUG                  - depth 1, hash 07ec353, HEAD~854
2021-07-03 20:36:25,545 DEBUG                  - depth 2, hash 054452a, HEAD~864
2021-07-03 20:36:25,549 DEBUG    [line range] org/apache/commons/compress/archivers/dump/DumpArchiveEntry.java setAccessTime 711:713
2021-07-03 20:36:25,610 DEBUG                  - depth 0, hash 34e9390, HEAD~851
2021-07-03 20:36:25,616 DEBUG                  - depth 1, hash 054452a, HEAD~864
2021-07-03 20:36:25,620 DEBUG    [line range] org/apache/commons/compress/archivers/dump/DumpArchiveEntry.java setGroupId 739:741
2021-07-03 20:36:25,680 DEBUG                  - depth 0, hash 054452a, HEAD~864
2021-07-03 20:36:25,686 DEBUG    [line range] org/apache/commons/compress/archivers/dump/DumpArchiveEntry.java setLastModifiedDate 697:699
2021-07-03 20:36:25,746 DEBUG                  - depth 0, hash 34e9390, HEAD~851
2021-07-03 20:36:25,751 DEBUG                  - depth 1, hash 054452a, HEAD~864
2021-07-03 20:36:25,755 DEBUG    [line range] org/apache/commons/compress/archivers/dump/DumpArchiveEntry.java setMode 661:664
2021-07-03 20:36:25,815 DEBUG                  - depth 0, hash 054452a, HEAD~864
2021-07-03 20:36:25,820 DEBUG    [line range] org/apache/commons/compress/archivers/dump/DumpArchiveEntry.java setSize 690:692
2021-07-03 20:36:25,879 DEBUG                  - depth 0, hash 054452a, HEAD~864
2021-07-03 20:36:25,884 DEBUG    [line range] org/apache/commons/compress/archivers/dump/DumpArchiveEntry.java setType 647:649
2021-07-03 20:36:25,943 DEBUG                  - depth 0, hash 054452a, HEAD~864
2021-07-03 20:36:25,948 DEBUG    [line range] org/apache/commons/compress/archivers/dump/DumpArchiveEntry.java setUserId 725:727
2021-07-03 20:36:26,007 DEBUG                  - depth 0, hash 054452a, HEAD~864
2021-07-03 20:36:26,012 DEBUG    [single line]   org/apache/commons/compress/archivers/dump/DumpArchiveEntry.java <clinit> 773
2021-07-03 20:36:26,070 DEBUG                  - depth 0, hash 054452a, HEAD~864
2021-07-03 20:36:26,076 DEBUG    [single line]   org/apache/commons/compress/archivers/dump/DumpArchiveEntry.java <clinit> 774
2021-07-03 20:36:26,134 DEBUG                  - depth 0, hash 054452a, HEAD~864
2021-07-03 20:36:26,139 DEBUG    [single line]   org/apache/commons/compress/archivers/dump/DumpArchiveEntry.java <clinit> 775
2021-07-03 20:36:26,199 DEBUG                  - depth 0, hash 054452a, HEAD~864
2021-07-03 20:36:26,205 DEBUG    [single line]   org/apache/commons/compress/archivers/dump/DumpArchiveEntry.java <clinit> 776
2021-07-03 20:36:26,265 DEBUG                  - depth 0, hash 054452a, HEAD~864
2021-07-03 20:36:26,271 DEBUG    [single line]   org/apache/commons/compress/archivers/dump/DumpArchiveEntry.java <clinit> 777
2021-07-03 20:36:26,331 DEBUG                  - depth 0, hash 054452a, HEAD~864
2021-07-03 20:36:26,336 DEBUG    [single line]   org/apache/commons/compress/archivers/dump/DumpArchiveEntry.java <clinit> 778
2021-07-03 20:36:26,394 DEBUG                  - depth 0, hash 054452a, HEAD~864
2021-07-03 20:36:26,400 DEBUG    [single line]   org/apache/commons/compress/archivers/dump/DumpArchiveEntry.java <clinit> 779
2021-07-03 20:36:26,458 DEBUG                  - depth 0, hash 054452a, HEAD~864
2021-07-03 20:36:26,464 DEBUG    [single line]   org/apache/commons/compress/archivers/dump/DumpArchiveEntry.java <clinit> 780
2021-07-03 20:36:26,523 DEBUG                  - depth 0, hash 054452a, HEAD~864
2021-07-03 20:36:26,528 DEBUG    [single line]   org/apache/commons/compress/archivers/dump/DumpArchiveEntry.java <clinit> 781
2021-07-03 20:36:26,586 DEBUG                  - depth 0, hash 054452a, HEAD~864
2021-07-03 20:36:26,592 DEBUG    [single line]   org/apache/commons/compress/archivers/dump/DumpArchiveEntry.java <clinit> 782
2021-07-03 20:36:26,650 DEBUG                  - depth 0, hash 054452a, HEAD~864
2021-07-03 20:36:26,655 DEBUG    [single line]   org/apache/commons/compress/archivers/dump/DumpArchiveEntry.java <clinit> 783
2021-07-03 20:36:26,714 DEBUG                  - depth 0, hash 054452a, HEAD~864
2021-07-03 20:36:26,719 DEBUG    [single line]   org/apache/commons/compress/archivers/dump/DumpArchiveEntry.java <clinit> 784
2021-07-03 20:36:26,779 DEBUG                  - depth 0, hash 054452a, HEAD~864
2021-07-03 20:36:26,784 DEBUG    [single line]   org/apache/commons/compress/archivers/dump/DumpArchiveEntry.java <clinit> 785
2021-07-03 20:36:26,844 DEBUG                  - depth 0, hash 054452a, HEAD~864
2021-07-03 20:36:26,849 DEBUG    [line range] org/apache/commons/compress/archivers/dump/DumpArchiveEntry.java <init> 789:791
2021-07-03 20:36:26,908 DEBUG                  - depth 0, hash 054452a, HEAD~864
2021-07-03 20:36:26,914 DEBUG    [line range] org/apache/commons/compress/archivers/dump/DumpArchiveEntry.java find 793:807
2021-07-03 20:36:26,971 DEBUG                  - depth 0, hash 054452a, HEAD~864
2021-07-03 20:36:26,977 DEBUG    [single line]   org/apache/commons/compress/archivers/dump/DumpArchiveEntry.java <clinit> 743
2021-07-03 20:36:27,035 DEBUG                  - depth 0, hash 054452a, HEAD~864
2021-07-03 20:36:27,040 DEBUG    [single line]   org/apache/commons/compress/archivers/dump/DumpArchiveEntry.java <clinit> 744
2021-07-03 20:36:27,098 DEBUG                  - depth 0, hash 054452a, HEAD~864
2021-07-03 20:36:27,104 DEBUG    [single line]   org/apache/commons/compress/archivers/dump/DumpArchiveEntry.java <clinit> 745
2021-07-03 20:36:27,163 DEBUG                  - depth 0, hash 054452a, HEAD~864
2021-07-03 20:36:27,168 DEBUG    [single line]   org/apache/commons/compress/archivers/dump/DumpArchiveEntry.java <clinit> 746
2021-07-03 20:36:27,227 DEBUG                  - depth 0, hash 054452a, HEAD~864
2021-07-03 20:36:27,232 DEBUG    [single line]   org/apache/commons/compress/archivers/dump/DumpArchiveEntry.java <clinit> 747
2021-07-03 20:36:27,290 DEBUG                  - depth 0, hash 054452a, HEAD~864
2021-07-03 20:36:27,296 DEBUG    [single line]   org/apache/commons/compress/archivers/dump/DumpArchiveEntry.java <clinit> 748
2021-07-03 20:36:27,354 DEBUG                  - depth 0, hash 054452a, HEAD~864
2021-07-03 20:36:27,359 DEBUG    [single line]   org/apache/commons/compress/archivers/dump/DumpArchiveEntry.java <clinit> 749
2021-07-03 20:36:27,419 DEBUG                  - depth 0, hash 054452a, HEAD~864
2021-07-03 20:36:27,425 DEBUG    [single line]   org/apache/commons/compress/archivers/dump/DumpArchiveEntry.java <clinit> 750
2021-07-03 20:36:27,483 DEBUG                  - depth 0, hash 054452a, HEAD~864
2021-07-03 20:36:27,488 DEBUG    [single line]   org/apache/commons/compress/archivers/dump/DumpArchiveEntry.java <clinit> 751
2021-07-03 20:36:27,546 DEBUG                  - depth 0, hash 054452a, HEAD~864
2021-07-03 20:36:27,552 DEBUG    [single line]   org/apache/commons/compress/archivers/dump/DumpArchiveEntry.java <clinit> 752
2021-07-03 20:36:27,610 DEBUG                  - depth 0, hash 054452a, HEAD~864
2021-07-03 20:36:27,616 DEBUG    [line range] org/apache/commons/compress/archivers/dump/DumpArchiveEntry.java find 760:770
2021-07-03 20:36:27,674 DEBUG                  - depth 0, hash 054452a, HEAD~864
2021-07-03 20:36:27,679 DEBUG    [single line]   org/apache/commons/compress/archivers/dump/DumpArchiveEntry.java access$500 522
2021-07-03 20:36:27,738 DEBUG                  - depth 0, hash 07ec353, HEAD~854
2021-07-03 20:36:27,743 DEBUG                  - depth 1, hash 054452a, HEAD~864
2021-07-03 20:36:27,748 DEBUG    [line range] org/apache/commons/compress/archivers/dump/DumpArchiveEntry.java getCount 546:548
2021-07-03 20:36:27,806 DEBUG                  - depth 0, hash 054452a, HEAD~864
2021-07-03 20:36:27,811 DEBUG    [line range] org/apache/commons/compress/archivers/dump/DumpArchiveEntry.java getType 530:532
2021-07-03 20:36:27,870 DEBUG                  - depth 0, hash 054452a, HEAD~864
2021-07-03 20:36:27,876 DEBUG    [line range] org/apache/commons/compress/archivers/dump/DumpArchiveEntry.java getVolume 534:536
2021-07-03 20:36:27,934 DEBUG                  - depth 0, hash 054452a, HEAD~864
2021-07-03 20:36:28,327 DEBUG    [line range] org/apache/commons/compress/archivers/dump/DumpArchiveInputStream.java <init> 86:88
2021-07-03 20:36:28,386 DEBUG                  - depth 0, hash 5972cab, HEAD~451
2021-07-03 20:36:28,391 DEBUG                  - depth 1, hash a932366, HEAD~863
2021-07-03 20:36:28,396 DEBUG                  - depth 2, hash 054452a, HEAD~864
2021-07-03 20:36:28,400 DEBUG    [line range] org/apache/commons/compress/archivers/dump/DumpArchiveInputStream.java <init> 59:59
2021-07-03 20:36:28,459 DEBUG                  - depth 0, hash a67d562, HEAD~577
2021-07-03 20:36:28,464 DEBUG                  - depth 1, hash 054452a, HEAD~864
2021-07-03 20:36:28,469 DEBUG    [line range] org/apache/commons/compress/archivers/dump/DumpArchiveInputStream.java matches 536:550
2021-07-03 20:36:28,528 DEBUG                  - depth 0, hash 65c2498, HEAD~831
2021-07-03 20:36:28,534 DEBUG                  - depth 1, hash 054452a, HEAD~864
2021-07-03 20:36:28,538 DEBUG    [line range] org/apache/commons/compress/archivers/dump/DumpArchiveInputStream.java readBITS 191:210
2021-07-03 20:36:28,598 DEBUG                  - depth 0, hash 5436797, HEAD~304
2021-07-03 20:36:28,604 DEBUG                  - depth 1, hash 34e9390, HEAD~851
2021-07-03 20:36:28,608 DEBUG                  - depth 2, hash 07ec353, HEAD~854
2021-07-03 20:36:28,612 DEBUG                  - depth 3, hash 054452a, HEAD~864
2021-07-03 20:36:28,616 DEBUG    [line range] org/apache/commons/compress/archivers/dump/DumpArchiveInputStream.java readCLRI 167:186
2021-07-03 20:36:28,677 DEBUG                  - depth 0, hash 5436797, HEAD~304
2021-07-03 20:36:28,682 DEBUG                  - depth 1, hash 34e9390, HEAD~851
2021-07-03 20:36:28,687 DEBUG                  - depth 2, hash 07ec353, HEAD~854
2021-07-03 20:36:28,691 DEBUG                  - depth 3, hash 054452a, HEAD~864
2021-07-03 20:36:28,695 DEBUG    [line range] org/apache/commons/compress/archivers/dump/DumpArchiveInputStream.java compare 98:144
2021-07-03 20:36:28,754 DEBUG                  - depth 0, hash 09aecce, HEAD~64
2021-07-03 20:36:28,759 DEBUG                  - depth 1, hash 8a2f04c, HEAD~318
2021-07-03 20:36:28,763 DEBUG                  - depth 2, hash 5972cab, HEAD~451
2021-07-03 20:36:28,768 DEBUG                  - depth 3, hash 1ce7ae0, HEAD~771
2021-07-03 20:36:28,772 DEBUG                  - depth 4, hash 41fc7c5, HEAD~816
2021-07-03 20:36:28,776 DEBUG                  - depth 5, hash 281591e, HEAD~847
2021-07-03 20:36:28,780 DEBUG                  - depth 6, hash 0ad7f0f, HEAD~853
2021-07-03 20:36:28,784 DEBUG                  - depth 7, hash dfea836, HEAD~862
2021-07-03 20:36:28,789 DEBUG                  - depth 8, hash a932366, HEAD~863
2021-07-03 20:36:28,793 DEBUG                  - depth 9, hash 054452a, HEAD~864
2021-07-03 20:36:29,124 DEBUG    [line range] org/apache/commons/compress/archivers/dump/DumpArchiveSummary.java <init> 46:60
2021-07-03 20:36:29,181 DEBUG                  - depth 0, hash 5972cab, HEAD~451
2021-07-03 20:36:29,186 DEBUG                  - depth 1, hash f331a7d, HEAD~694
2021-07-03 20:36:29,191 DEBUG                  - depth 2, hash 34e9390, HEAD~851
2021-07-03 20:36:29,195 DEBUG                  - depth 3, hash 07ec353, HEAD~854
2021-07-03 20:36:29,199 DEBUG                  - depth 4, hash 054452a, HEAD~864
2021-07-03 20:36:29,203 DEBUG    [line range] org/apache/commons/compress/archivers/dump/DumpArchiveSummary.java getNTRec 226:228
2021-07-03 20:36:29,260 DEBUG                  - depth 0, hash 054452a, HEAD~864
2021-07-03 20:36:29,266 DEBUG    [line range] org/apache/commons/compress/archivers/dump/DumpArchiveSummary.java isCompressed 261:263
2021-07-03 20:36:29,323 DEBUG                  - depth 0, hash 054452a, HEAD~864
2021-07-03 20:36:29,632 DEBUG    [line range] org/apache/commons/compress/archivers/dump/DumpArchiveUtil.java calculateChecksum 40:49
2021-07-03 20:36:29,690 DEBUG                  - depth 0, hash 054452a, HEAD~864
2021-07-03 20:36:29,696 DEBUG    [line range] org/apache/commons/compress/archivers/dump/DumpArchiveUtil.java convert16 128:134
2021-07-03 20:36:29,752 DEBUG                  - depth 0, hash f3b51a5, HEAD~796
2021-07-03 20:36:29,758 DEBUG                  - depth 1, hash 054452a, HEAD~864
2021-07-03 20:36:29,762 DEBUG    [line range] org/apache/commons/compress/archivers/dump/DumpArchiveUtil.java convert32 111:119
2021-07-03 20:36:29,821 DEBUG                  - depth 0, hash f3b51a5, HEAD~796
2021-07-03 20:36:29,826 DEBUG                  - depth 1, hash 054452a, HEAD~864
2021-07-03 20:36:29,831 DEBUG    [line range] org/apache/commons/compress/archivers/dump/DumpArchiveUtil.java convert64 90:102
2021-07-03 20:36:29,889 DEBUG                  - depth 0, hash 336c42d, HEAD~689
2021-07-03 20:36:29,894 DEBUG                  - depth 1, hash 054452a, HEAD~864
2021-07-03 20:36:29,899 DEBUG    [line range] org/apache/commons/compress/archivers/dump/DumpArchiveUtil.java decode 139:144
2021-07-03 20:36:29,957 DEBUG                  - depth 0, hash 5972cab, HEAD~451
2021-07-03 20:36:29,963 DEBUG    [line range] org/apache/commons/compress/archivers/dump/DumpArchiveUtil.java verify 56:72
2021-07-03 20:36:30,019 DEBUG                  - depth 0, hash 054452a, HEAD~864
2021-07-03 20:36:30,383 DEBUG    [line range] org/apache/commons/compress/archivers/dump/TapeInputStream.java <init> 38:38
2021-07-03 20:36:30,440 DEBUG                  - depth 0, hash 054452a, HEAD~864
2021-07-03 20:36:30,446 DEBUG    [line range] org/apache/commons/compress/archivers/dump/TapeInputStream.java read 115:151
2021-07-03 20:36:30,503 DEBUG                  - depth 0, hash 054452a, HEAD~864
2021-07-03 20:36:30,509 DEBUG    [line range] org/apache/commons/compress/archivers/dump/TapeInputStream.java readBlock 257:332
2021-07-03 20:36:30,566 DEBUG                  - depth 0, hash 34e9390, HEAD~851
2021-07-03 20:36:30,572 DEBUG                  - depth 1, hash 054452a, HEAD~864
2021-07-03 20:36:30,576 DEBUG    [line range] org/apache/commons/compress/archivers/dump/TapeInputStream.java readFully 337:345
2021-07-03 20:36:30,635 DEBUG                  - depth 0, hash 3685eea, HEAD~439
2021-07-03 20:36:30,640 DEBUG                  - depth 1, hash 054452a, HEAD~864
2021-07-03 20:36:30,644 DEBUG    [line range] org/apache/commons/compress/archivers/dump/TapeInputStream.java readRecord 238:248
2021-07-03 20:36:30,703 DEBUG                  - depth 0, hash 7be83c0, HEAD~202
2021-07-03 20:36:30,709 DEBUG                  - depth 1, hash 054452a, HEAD~864
2021-07-03 20:36:30,713 DEBUG    [line range] org/apache/commons/compress/archivers/dump/TapeInputStream.java resetBlockSize 67:83
2021-07-03 20:36:30,770 DEBUG                  - depth 0, hash 054452a, HEAD~864
2021-07-03 20:36:30,776 DEBUG    [line range] org/apache/commons/compress/archivers/dump/TapeInputStream.java skip 161:197
2021-07-03 20:36:30,835 DEBUG                  - depth 0, hash 054452a, HEAD~864
2021-07-03 20:36:31,116 DEBUG    [line range] org/apache/commons/compress/archivers/jar/JarArchiveInputStream.java <init> 35:37
2021-07-03 20:36:31,174 DEBUG                  - depth 0, hash bd9e3bb, HEAD~1565
2021-07-03 20:36:31,179 DEBUG                  - depth 1, hash 01d3951, HEAD~1578
2021-07-03 20:36:31,184 DEBUG                  - depth 2, hash d6612b6, HEAD~1585
2021-07-03 20:36:31,188 DEBUG                  - depth 3, hash 6a70323, HEAD~1587
2021-07-03 20:36:31,192 DEBUG                  - depth 4, hash ca16539, HEAD~1597
2021-07-03 20:36:31,196 DEBUG    [line range] org/apache/commons/compress/archivers/jar/JarArchiveInputStream.java matches 59:61
2021-07-03 20:36:31,254 DEBUG                  - depth 0, hash eadbe11, HEAD~1522
2021-07-03 20:36:31,259 DEBUG                  - depth 1, hash 3f9bcc6, HEAD~1558
2021-07-03 20:36:31,264 DEBUG                  - depth 2, hash dff9001, HEAD~1564
2021-07-03 20:36:31,268 DEBUG                  - depth 3, hash bd9e3bb, HEAD~1565
2021-07-03 20:36:31,272 DEBUG                  - depth 4, hash 01d3951, HEAD~1578
2021-07-03 20:36:31,276 DEBUG                  - depth 5, hash d6612b6, HEAD~1585
2021-07-03 20:36:31,280 DEBUG                  - depth 6, hash 6a70323, HEAD~1587
2021-07-03 20:36:31,285 DEBUG                  - depth 7, hash ca16539, HEAD~1597
2021-07-03 20:36:31,736 DEBUG    [line range] org/apache/commons/compress/archivers/sevenz/SevenZFile.java <clinit> 79:81
2021-07-03 20:36:31,800 DEBUG                  - depth 0, hash 67ea501, HEAD~481
2021-07-03 20:36:31,806 DEBUG                  - depth 1, hash f69ccab, HEAD~525
2021-07-03 20:36:31,810 DEBUG    [line range] org/apache/commons/compress/archivers/sevenz/SevenZFile.java matches 947:958
2021-07-03 20:36:31,868 DEBUG                  - depth 0, hash 3a1451b, HEAD~258
2021-07-03 20:36:32,280 DEBUG    [line range] org/apache/commons/compress/archivers/tar/TarArchiveInputStream.java <init> 82:84
2021-07-03 20:36:32,345 DEBUG                  - depth 0, hash a671a70, HEAD~459
2021-07-03 20:36:32,351 DEBUG                  - depth 1, hash 0a986c6, HEAD~1547
2021-07-03 20:36:32,355 DEBUG                  - depth 2, hash a7049ab, HEAD~1549
2021-07-03 20:36:32,359 DEBUG                  - depth 3, hash 55c78f6, HEAD~1551
2021-07-03 20:36:32,364 DEBUG                  - depth 4, hash 0ba4e2a, HEAD~1552
2021-07-03 20:36:32,368 DEBUG                  - depth 5, hash 3f9bcc6, HEAD~1558
2021-07-03 20:36:32,372 DEBUG                  - depth 6, hash 5e5804c, HEAD~1569
2021-07-03 20:36:32,376 DEBUG                  - depth 7, hash 46ad24d, HEAD~1583
2021-07-03 20:36:32,380 DEBUG                  - depth 8, hash 726f6f2, HEAD~1584
2021-07-03 20:36:32,385 DEBUG                  - depth 9, hash a8a9e64, HEAD~1595
2021-07-03 20:36:32,389 DEBUG                  - depth 10, hash ca16539, HEAD~1597
2021-07-03 20:36:32,393 DEBUG    [line range] org/apache/commons/compress/archivers/tar/TarArchiveInputStream.java <init> 124:126
2021-07-03 20:36:32,457 DEBUG                  - depth 0, hash a671a70, HEAD~459
2021-07-03 20:36:32,463 DEBUG                  - depth 1, hash 69ceb4e, HEAD~725
2021-07-03 20:36:32,467 DEBUG                  - depth 2, hash 0a986c6, HEAD~1547
2021-07-03 20:36:32,471 DEBUG                  - depth 3, hash a7049ab, HEAD~1549
2021-07-03 20:36:32,476 DEBUG                  - depth 4, hash 55c78f6, HEAD~1551
2021-07-03 20:36:32,480 DEBUG                  - depth 5, hash 0ba4e2a, HEAD~1552
2021-07-03 20:36:32,484 DEBUG                  - depth 6, hash 3f9bcc6, HEAD~1558
2021-07-03 20:36:32,488 DEBUG                  - depth 7, hash 5e5804c, HEAD~1569
2021-07-03 20:36:32,492 DEBUG                  - depth 8, hash 46ad24d, HEAD~1583
2021-07-03 20:36:32,496 DEBUG                  - depth 9, hash 726f6f2, HEAD~1584
2021-07-03 20:36:32,501 DEBUG                  - depth 10, hash a8a9e64, HEAD~1595
2021-07-03 20:36:32,505 DEBUG                  - depth 11, hash ca16539, HEAD~1597
2021-07-03 20:36:32,509 DEBUG    [line range] org/apache/commons/compress/archivers/tar/TarArchiveInputStream.java <init> 52:52
2021-07-03 20:36:32,570 DEBUG                  - depth 0, hash a2f978e, HEAD~607
2021-07-03 20:36:32,576 DEBUG    [line range] org/apache/commons/compress/archivers/tar/TarArchiveInputStream.java <init> 92:95
2021-07-03 20:36:32,637 DEBUG                  - depth 0, hash a671a70, HEAD~459
2021-07-03 20:36:32,643 DEBUG                  - depth 1, hash 69ceb4e, HEAD~725
2021-07-03 20:36:32,647 DEBUG    [line range] org/apache/commons/compress/archivers/tar/TarArchiveInputStream.java matches 682:718
2021-07-03 20:36:32,714 DEBUG                  - depth 0, hash 1e4034b, HEAD~1068
2021-07-03 20:36:32,720 DEBUG                  - depth 1, hash 8118f82, HEAD~1315
2021-07-03 20:36:32,724 DEBUG                  - depth 2, hash d12bdbd, HEAD~1383
2021-07-03 20:36:32,728 DEBUG                  - depth 3, hash 0a986c6, HEAD~1547
2021-07-03 20:36:32,733 DEBUG                  - depth 4, hash a7049ab, HEAD~1549
2021-07-03 20:36:32,737 DEBUG                  - depth 5, hash 55c78f6, HEAD~1551
2021-07-03 20:36:32,741 DEBUG                  - depth 6, hash 0ba4e2a, HEAD~1552
2021-07-03 20:36:32,745 DEBUG                  - depth 7, hash 3f9bcc6, HEAD~1558
2021-07-03 20:36:32,750 DEBUG                  - depth 8, hash 5e5804c, HEAD~1569
2021-07-03 20:36:32,754 DEBUG                  - depth 9, hash 46ad24d, HEAD~1583
2021-07-03 20:36:32,758 DEBUG                  - depth 10, hash 726f6f2, HEAD~1584
2021-07-03 20:36:32,762 DEBUG                  - depth 11, hash a8a9e64, HEAD~1595
2021-07-03 20:36:32,767 DEBUG                  - depth 12, hash ca16539, HEAD~1597
2021-07-03 20:36:33,058 DEBUG    [line range] org/apache/commons/compress/archivers/zip/FallbackZipEncoding.java <init> 60:62
2021-07-03 20:36:33,116 DEBUG                  - depth 0, hash ac525fe, HEAD~409
2021-07-03 20:36:33,122 DEBUG                  - depth 1, hash 853176f, HEAD~1509
2021-07-03 20:36:33,126 DEBUG    [line range] org/apache/commons/compress/archivers/zip/FallbackZipEncoding.java decode 88:94
2021-07-03 20:36:33,185 DEBUG                  - depth 0, hash ac525fe, HEAD~409
2021-07-03 20:36:33,191 DEBUG                  - depth 1, hash 325f002, HEAD~1263
2021-07-03 20:36:33,195 DEBUG                  - depth 2, hash b99befd, HEAD~1267
2021-07-03 20:36:33,199 DEBUG                  - depth 3, hash 865686a, HEAD~1270
2021-07-03 20:36:33,203 DEBUG                  - depth 4, hash 853176f, HEAD~1509
2021-07-03 20:36:33,505 DEBUG    [line range] org/apache/commons/compress/archivers/zip/NioZipEncoding.java <init> 50:52
2021-07-03 20:36:33,562 DEBUG                  - depth 0, hash 853176f, HEAD~1509
2021-07-03 20:36:34,000 DEBUG    [line range] org/apache/commons/compress/archivers/zip/ZipArchiveInputStream.java <clinit> 768:768
2021-07-03 20:36:34,065 DEBUG                  - depth 0, hash 794c20f, HEAD~875
2021-07-03 20:36:34,071 DEBUG    [line range] org/apache/commons/compress/archivers/zip/ZipArchiveInputStream.java <init> 142:144
2021-07-03 20:36:34,138 DEBUG                  - depth 0, hash 2ab43b0, HEAD~645
2021-07-03 20:36:34,143 DEBUG                  - depth 1, hash 008ca94, HEAD~1426
2021-07-03 20:36:34,148 DEBUG                  - depth 2, hash 743d7c5, HEAD~1570
2021-07-03 20:36:34,152 DEBUG                  - depth 3, hash ca16539, HEAD~1597
2021-07-03 20:36:34,156 DEBUG    [line range] org/apache/commons/compress/archivers/zip/ZipArchiveInputStream.java <init> 151:153
2021-07-03 20:36:34,222 DEBUG                  - depth 0, hash 2ab43b0, HEAD~645
2021-07-03 20:36:34,228 DEBUG                  - depth 1, hash 008ca94, HEAD~1426
2021-07-03 20:36:34,232 DEBUG                  - depth 2, hash 743d7c5, HEAD~1570
2021-07-03 20:36:34,236 DEBUG                  - depth 3, hash ca16539, HEAD~1597
2021-07-03 20:36:34,241 DEBUG    [line range] org/apache/commons/compress/archivers/zip/ZipArchiveInputStream.java <init> 161:163
2021-07-03 20:36:34,308 DEBUG                  - depth 0, hash 429462a, HEAD~336
2021-07-03 20:36:34,313 DEBUG                  - depth 1, hash 03e94a4, HEAD~1095
2021-07-03 20:36:34,317 DEBUG                  - depth 2, hash 008ca94, HEAD~1426
2021-07-03 20:36:34,322 DEBUG                  - depth 3, hash 743d7c5, HEAD~1570
2021-07-03 20:36:34,326 DEBUG                  - depth 4, hash ca16539, HEAD~1597
2021-07-03 20:36:34,330 DEBUG    [line range] org/apache/commons/compress/archivers/zip/ZipArchiveInputStream.java <init> 71:71
2021-07-03 20:36:34,397 DEBUG                  - depth 0, hash 008ca94, HEAD~1426
2021-07-03 20:36:34,403 DEBUG                  - depth 1, hash 743d7c5, HEAD~1570
2021-07-03 20:36:34,407 DEBUG                  - depth 2, hash ca16539, HEAD~1597
2021-07-03 20:36:34,412 DEBUG    [line range] org/apache/commons/compress/archivers/zip/ZipArchiveInputStream.java checksig 545:552
2021-07-03 20:36:34,479 DEBUG                  - depth 0, hash 429462a, HEAD~336
2021-07-03 20:36:34,485 DEBUG                  - depth 1, hash 794c20f, HEAD~875
2021-07-03 20:36:34,489 DEBUG                  - depth 2, hash fa526cb, HEAD~1380
2021-07-03 20:36:34,494 DEBUG                  - depth 3, hash eadbe11, HEAD~1522
2021-07-03 20:36:34,498 DEBUG                  - depth 4, hash 3f9bcc6, HEAD~1558
2021-07-03 20:36:34,502 DEBUG                  - depth 5, hash fa8fea7, HEAD~1566
2021-07-03 20:36:34,506 DEBUG                  - depth 6, hash ca16539, HEAD~1597
2021-07-03 20:36:34,511 DEBUG    [line range] org/apache/commons/compress/archivers/zip/ZipArchiveInputStream.java matches 534:543
2021-07-03 20:36:34,575 DEBUG                  - depth 0, hash 429462a, HEAD~336
2021-07-03 20:36:34,581 DEBUG                  - depth 1, hash 0d6defe, HEAD~615
2021-07-03 20:36:34,585 DEBUG                  - depth 2, hash fa526cb, HEAD~1380
2021-07-03 20:36:34,590 DEBUG                  - depth 3, hash eadbe11, HEAD~1522
2021-07-03 20:36:34,594 DEBUG                  - depth 4, hash dff9001, HEAD~1564
2021-07-03 20:36:34,598 DEBUG                  - depth 5, hash fa8fea7, HEAD~1566
2021-07-03 20:36:34,602 DEBUG                  - depth 6, hash ca16539, HEAD~1597
2021-07-03 20:36:35,068 DEBUG    [line range] org/apache/commons/compress/archivers/zip/ZipArchiveOutputStream.java <clinit> 151:151
2021-07-03 20:36:35,133 DEBUG                  - depth 0, hash a2f978e, HEAD~607
2021-07-03 20:36:35,485 DEBUG    [single line]   org/apache/commons/compress/archivers/zip/ZipEncodingHelper.java <clinit> 71
2021-07-03 20:36:35,544 DEBUG                  - depth 0, hash 59dfc7c, HEAD~632
2021-07-03 20:36:35,550 DEBUG                  - depth 1, hash e53e88a, HEAD~980
2021-07-03 20:36:35,554 DEBUG                  - depth 2, hash 853176f, HEAD~1509
2021-07-03 20:36:35,558 DEBUG    [single line]   org/apache/commons/compress/archivers/zip/ZipEncodingHelper.java <clinit> 74
2021-07-03 20:36:35,616 DEBUG                  - depth 0, hash 853176f, HEAD~1509
2021-07-03 20:36:35,622 DEBUG    [single line]   org/apache/commons/compress/archivers/zip/ZipEncodingHelper.java <clinit> 98
2021-07-03 20:36:35,679 DEBUG                  - depth 0, hash 853176f, HEAD~1509
2021-07-03 20:36:35,685 DEBUG    [single line]   org/apache/commons/compress/archivers/zip/ZipEncodingHelper.java <clinit> 100
2021-07-03 20:36:35,743 DEBUG                  - depth 0, hash 59dfc7c, HEAD~632
2021-07-03 20:36:35,748 DEBUG                  - depth 1, hash 853176f, HEAD~1509
2021-07-03 20:36:35,753 DEBUG    [single line]   org/apache/commons/compress/archivers/zip/ZipEncodingHelper.java <clinit> 101
2021-07-03 20:36:35,812 DEBUG                  - depth 0, hash 59dfc7c, HEAD~632
2021-07-03 20:36:35,818 DEBUG                  - depth 1, hash 853176f, HEAD~1509
2021-07-03 20:36:35,822 DEBUG    [single line]   org/apache/commons/compress/archivers/zip/ZipEncodingHelper.java <clinit> 102
2021-07-03 20:36:35,880 DEBUG                  - depth 0, hash 59dfc7c, HEAD~632
2021-07-03 20:36:35,886 DEBUG                  - depth 1, hash 853176f, HEAD~1509
2021-07-03 20:36:35,890 DEBUG    [single line]   org/apache/commons/compress/archivers/zip/ZipEncodingHelper.java <clinit> 103
2021-07-03 20:36:35,947 DEBUG                  - depth 0, hash 59dfc7c, HEAD~632
2021-07-03 20:36:35,953 DEBUG                  - depth 1, hash 853176f, HEAD~1509
2021-07-03 20:36:35,957 DEBUG    [single line]   org/apache/commons/compress/archivers/zip/ZipEncodingHelper.java <clinit> 104
2021-07-03 20:36:36,017 DEBUG                  - depth 0, hash 59dfc7c, HEAD~632
2021-07-03 20:36:36,023 DEBUG                  - depth 1, hash 853176f, HEAD~1509
2021-07-03 20:36:36,027 DEBUG    [single line]   org/apache/commons/compress/archivers/zip/ZipEncodingHelper.java <clinit> 106
2021-07-03 20:36:36,084 DEBUG                  - depth 0, hash 853176f, HEAD~1509
2021-07-03 20:36:36,090 DEBUG    [single line]   org/apache/commons/compress/archivers/zip/ZipEncodingHelper.java <clinit> 130
2021-07-03 20:36:36,147 DEBUG                  - depth 0, hash 853176f, HEAD~1509
2021-07-03 20:36:36,153 DEBUG    [single line]   org/apache/commons/compress/archivers/zip/ZipEncodingHelper.java <clinit> 132
2021-07-03 20:36:36,211 DEBUG                  - depth 0, hash 59dfc7c, HEAD~632
2021-07-03 20:36:36,217 DEBUG                  - depth 1, hash 853176f, HEAD~1509
2021-07-03 20:36:36,221 DEBUG    [single line]   org/apache/commons/compress/archivers/zip/ZipEncodingHelper.java <clinit> 133
2021-07-03 20:36:36,278 DEBUG                  - depth 0, hash 59dfc7c, HEAD~632
2021-07-03 20:36:36,284 DEBUG                  - depth 1, hash 853176f, HEAD~1509
2021-07-03 20:36:36,288 DEBUG    [single line]   org/apache/commons/compress/archivers/zip/ZipEncodingHelper.java <clinit> 134
2021-07-03 20:36:36,347 DEBUG                  - depth 0, hash 59dfc7c, HEAD~632
2021-07-03 20:36:36,353 DEBUG                  - depth 1, hash 853176f, HEAD~1509
2021-07-03 20:36:36,357 DEBUG    [single line]   org/apache/commons/compress/archivers/zip/ZipEncodingHelper.java <clinit> 135
2021-07-03 20:36:36,417 DEBUG                  - depth 0, hash 59dfc7c, HEAD~632
2021-07-03 20:36:36,422 DEBUG                  - depth 1, hash 853176f, HEAD~1509
2021-07-03 20:36:36,427 DEBUG    [single line]   org/apache/commons/compress/archivers/zip/ZipEncodingHelper.java <clinit> 136
2021-07-03 20:36:36,486 DEBUG                  - depth 0, hash 59dfc7c, HEAD~632
2021-07-03 20:36:36,492 DEBUG                  - depth 1, hash 853176f, HEAD~1509
2021-07-03 20:36:36,496 DEBUG    [single line]   org/apache/commons/compress/archivers/zip/ZipEncodingHelper.java <clinit> 137
2021-07-03 20:36:36,554 DEBUG                  - depth 0, hash 59dfc7c, HEAD~632
2021-07-03 20:36:36,559 DEBUG                  - depth 1, hash 853176f, HEAD~1509
2021-07-03 20:36:36,564 DEBUG    [line range] org/apache/commons/compress/archivers/zip/ZipEncodingHelper.java <clinit> 168:172
2021-07-03 20:36:36,621 DEBUG                  - depth 0, hash 4e2380b, HEAD~1538
2021-07-03 20:36:36,627 DEBUG    [line range] org/apache/commons/compress/archivers/zip/ZipEncodingHelper.java getZipEncoding 210:235
2021-07-03 20:36:36,686 DEBUG                  - depth 0, hash 9fff335, HEAD~407
2021-07-03 20:36:36,692 DEBUG                  - depth 1, hash 69ceb4e, HEAD~725
2021-07-03 20:36:36,696 DEBUG                  - depth 2, hash e53e88a, HEAD~980
2021-07-03 20:36:36,700 DEBUG                  - depth 3, hash 853176f, HEAD~1509
2021-07-03 20:36:36,704 DEBUG                  - depth 4, hash 4e2380b, HEAD~1538
2021-07-03 20:36:36,709 DEBUG    [line range] org/apache/commons/compress/archivers/zip/ZipEncodingHelper.java isUTF8 243:257
2021-07-03 20:36:36,767 DEBUG                  - depth 0, hash eb9318d, HEAD~404
2021-07-03 20:36:36,773 DEBUG                  - depth 1, hash bed564b, HEAD~1145
2021-07-03 20:36:36,777 DEBUG                  - depth 2, hash ae0f984, HEAD~1151
2021-07-03 20:36:36,781 DEBUG                  - depth 3, hash 853176f, HEAD~1509
2021-07-03 20:36:36,786 DEBUG                  - depth 4, hash 1cef965, HEAD~1521
2021-07-03 20:36:36,790 DEBUG                  - depth 5, hash a96f1f2, HEAD~1530
2021-07-03 20:36:36,794 DEBUG    [line range] org/apache/commons/compress/archivers/zip/ZipEncodingHelper.java <init> 52:54
2021-07-03 20:36:36,854 DEBUG                  - depth 0, hash d6f3633, HEAD~1404
2021-07-03 20:36:36,859 DEBUG                  - depth 1, hash 99870ef, HEAD~1405
2021-07-03 20:36:36,864 DEBUG                  - depth 2, hash 853176f, HEAD~1509
2021-07-03 20:36:37,197 DEBUG    [line range] org/apache/commons/compress/archivers/zip/ZipLong.java <clinit> 50:50
2021-07-03 20:36:37,257 DEBUG                  - depth 0, hash 008ca94, HEAD~1426
2021-07-03 20:36:37,263 DEBUG    [line range] org/apache/commons/compress/archivers/zip/ZipLong.java <init> 93:95
2021-07-03 20:36:37,323 DEBUG                  - depth 0, hash ab9ebfc, HEAD~1576
2021-07-03 20:36:37,329 DEBUG                  - depth 1, hash 8822084, HEAD~1668
2021-07-03 20:36:37,333 DEBUG    [line range] org/apache/commons/compress/archivers/zip/ZipLong.java getBytes 118:120
2021-07-03 20:36:37,393 DEBUG                  - depth 0, hash ab9ebfc, HEAD~1576
2021-07-03 20:36:37,399 DEBUG                  - depth 1, hash 8822084, HEAD~1668
2021-07-03 20:36:37,404 DEBUG    [line range] org/apache/commons/compress/archivers/zip/ZipLong.java getBytes 135:139
2021-07-03 20:36:37,463 DEBUG                  - depth 0, hash 1418705, HEAD~103
2021-07-03 20:36:37,469 DEBUG                  - depth 1, hash ab9ebfc, HEAD~1576
2021-07-03 20:36:37,473 DEBUG    [line range] org/apache/commons/compress/archivers/zip/ZipLong.java putLong 150:155
2021-07-03 20:36:37,533 DEBUG                  - depth 0, hash 1418705, HEAD~103
2021-07-03 20:36:37,886 DEBUG    [line range] org/apache/commons/compress/utils/ArchiveUtils.java isEqual 147:177
2021-07-03 20:36:37,944 DEBUG                  - depth 0, hash 39c93f4, HEAD~697
2021-07-03 20:36:37,950 DEBUG                  - depth 1, hash 9567f87, HEAD~1316
2021-07-03 20:36:37,954 DEBUG    [line range] org/apache/commons/compress/utils/ArchiveUtils.java matchAsciiBuffer 68:77
2021-07-03 20:36:38,013 DEBUG                  - depth 0, hash 90b73bf, HEAD~450
2021-07-03 20:36:38,019 DEBUG                  - depth 1, hash 9567f87, HEAD~1316
2021-07-03 20:36:38,316 DEBUG    [line range] org/apache/commons/compress/utils/Charsets.java <clinit> 98:98
2021-07-03 20:36:38,398 DEBUG                  - depth 0, hash c654e04, HEAD~681
2021-07-03 20:36:38,403 DEBUG                  - depth 1, hash a75598d, HEAD~683
2021-07-03 20:36:38,408 DEBUG                  - depth 2, hash d7119be, HEAD~693
2021-07-03 20:36:38,735 DEBUG    [line range] org/apache/commons/compress/utils/IOUtils.java <clinit> 38:38
2021-07-03 20:36:38,793 DEBUG                  - depth 0, hash 0508270, HEAD~196
2021-07-03 20:36:38,799 DEBUG    [line range] org/apache/commons/compress/utils/IOUtils.java readFully 131:133
2021-07-03 20:36:38,857 DEBUG                  - depth 0, hash 3685eea, HEAD~439
2021-07-03 20:36:38,862 DEBUG    [line range] org/apache/commons/compress/utils/IOUtils.java readFully 151:165
2021-07-03 20:36:38,920 DEBUG                  - depth 0, hash 3685eea, HEAD~439
2021-07-03 20:36:38,926 DEBUG    [line range] org/apache/commons/compress/archivers/ArchiveStreamFactory.java createArchiveInputStream 193:251
2021-07-03 20:36:38,987 DEBUG                  - depth 0, hash a99d1e3, HEAD~257
2021-07-03 20:36:38,993 DEBUG                  - depth 1, hash 90b73bf, HEAD~450
2021-07-03 20:36:38,997 DEBUG                  - depth 2, hash 5972cab, HEAD~451
2021-07-03 20:36:39,001 DEBUG                  - depth 3, hash 93a15dd, HEAD~506
2021-07-03 20:36:39,005 DEBUG                  - depth 4, hash 2ab43b0, HEAD~645
2021-07-03 20:36:39,010 DEBUG                  - depth 5, hash 39c93f4, HEAD~697
2021-07-03 20:36:39,014 DEBUG                  - depth 6, hash a932366, HEAD~863
2021-07-03 20:36:39,018 DEBUG                  - depth 7, hash c640fab, HEAD~1122
2021-07-03 20:36:39,023 DEBUG                  - depth 8, hash bed564b, HEAD~1145
2021-07-03 20:36:39,027 DEBUG                  - depth 9, hash ae0f984, HEAD~1151
2021-07-03 20:36:39,031 DEBUG                  - depth 10, hash 2e3acfa, HEAD~1154
2021-07-03 20:36:39,035 DEBUG                  - depth 11, hash e7517b8, HEAD~1160
2021-07-03 20:36:39,040 DEBUG                  - depth 12, hash c4a65f0, HEAD~1486
2021-07-03 20:36:39,044 DEBUG                  - depth 13, hash 55c78f6, HEAD~1551
2021-07-03 20:36:39,048 DEBUG                  - depth 14, hash 0ba4e2a, HEAD~1552
2021-07-03 20:36:39,053 DEBUG                  - depth 15, hash b7bc8c7, HEAD~1567
2021-07-03 20:36:39,057 DEBUG                  - depth 16, hash 70c8320, HEAD~1577
2021-07-03 20:36:39,061 DEBUG                  - depth 17, hash 6a70323, HEAD~1587
2021-07-03 20:36:39,066 DEBUG                  - depth 18, hash ca16539, HEAD~1597
2021-07-03 20:36:39,071 DEBUG    [line range] org/apache/commons/compress/archivers/cpio/CpioArchiveInputStream.java <init> 119:121
2021-07-03 20:36:39,128 DEBUG                  - depth 0, hash 90b73bf, HEAD~450
2021-07-03 20:36:39,134 DEBUG                  - depth 1, hash 93e861d, HEAD~580
2021-07-03 20:36:39,138 DEBUG    [line range] org/apache/commons/compress/archivers/zip/NioZipEncoding.java decode 117:122
2021-07-03 20:36:39,195 DEBUG                  - depth 0, hash 853176f, HEAD~1509
2021-07-03 20:36:39,500 DEBUG    [single line]   org/apache/commons/compress/archivers/ArchiveOutputStream.java <init> 47
2021-07-03 20:36:39,557 DEBUG                  - depth 0, hash c30b588, HEAD~1553
2021-07-03 20:36:39,563 DEBUG                  - depth 1, hash f77e1f1, HEAD~1561
2021-07-03 20:36:39,567 DEBUG                  - depth 2, hash ca16539, HEAD~1597
2021-07-03 20:36:39,572 DEBUG    [line range] org/apache/commons/compress/archivers/ArchiveOutputStream.java <init> 50:50
2021-07-03 20:36:39,631 DEBUG                  - depth 0, hash 52fcfa0, HEAD~1365
2021-07-03 20:36:39,637 DEBUG    [line range] org/apache/commons/compress/archivers/ArchiveStreamFactory.java createArchiveOutputStream 265:306
2021-07-03 20:36:39,698 DEBUG                  - depth 0, hash a99d1e3, HEAD~257
2021-07-03 20:36:39,703 DEBUG                  - depth 1, hash 90b73bf, HEAD~450
2021-07-03 20:36:39,707 DEBUG                  - depth 2, hash 2ab43b0, HEAD~645
2021-07-03 20:36:39,712 DEBUG                  - depth 3, hash c640fab, HEAD~1122
2021-07-03 20:36:39,716 DEBUG                  - depth 4, hash bed564b, HEAD~1145
2021-07-03 20:36:39,720 DEBUG                  - depth 5, hash ae0f984, HEAD~1151
2021-07-03 20:36:39,724 DEBUG                  - depth 6, hash e7517b8, HEAD~1160
2021-07-03 20:36:39,728 DEBUG                  - depth 7, hash c4a65f0, HEAD~1486
2021-07-03 20:36:39,733 DEBUG                  - depth 8, hash 55c78f6, HEAD~1551
2021-07-03 20:36:39,737 DEBUG                  - depth 9, hash 0ba4e2a, HEAD~1552
2021-07-03 20:36:39,741 DEBUG                  - depth 10, hash 6284d8d, HEAD~1560
2021-07-03 20:36:39,745 DEBUG                  - depth 11, hash f77e1f1, HEAD~1561
2021-07-03 20:36:39,749 DEBUG                  - depth 12, hash b7bc8c7, HEAD~1567
2021-07-03 20:36:39,754 DEBUG                  - depth 13, hash 70c8320, HEAD~1577
2021-07-03 20:36:39,758 DEBUG                  - depth 14, hash 6a70323, HEAD~1587
2021-07-03 20:36:39,762 DEBUG                  - depth 15, hash ca16539, HEAD~1597
2021-07-03 20:36:40,140 DEBUG    [line range] org/apache/commons/compress/archivers/cpio/CpioArchiveOutputStream.java <init> 170:172
2021-07-03 20:36:40,201 DEBUG                  - depth 0, hash 70c8320, HEAD~1577
2021-07-03 20:36:40,207 DEBUG    [line range] org/apache/commons/compress/archivers/cpio/CpioArchiveOutputStream.java <init> 185:187
2021-07-03 20:36:40,264 DEBUG                  - depth 0, hash 90b73bf, HEAD~450
2021-07-03 20:36:40,270 DEBUG    [line range] org/apache/commons/compress/archivers/cpio/CpioArchiveOutputStream.java <init> 107:109
2021-07-03 20:36:40,332 DEBUG                  - depth 0, hash 90b73bf, HEAD~450
2021-07-03 20:36:40,338 DEBUG                  - depth 1, hash b11dca2, HEAD~1146
2021-07-03 20:36:40,343 DEBUG                  - depth 2, hash 70c8320, HEAD~1577
2021-07-03 20:36:40,347 DEBUG    [line range] org/apache/commons/compress/archivers/cpio/CpioArchiveOutputStream.java <init> 69:69
2021-07-03 20:36:40,410 DEBUG                  - depth 0, hash 70c8320, HEAD~1577
2021-07-03 20:36:40,700 DEBUG    [line range] org/apache/commons/compress/archivers/jar/JarArchiveOutputStream.java <init> 38:38
2021-07-03 20:36:40,757 DEBUG                  - depth 0, hash 1903db4, HEAD~1537
2021-07-03 20:36:40,763 DEBUG                  - depth 1, hash 3f9bcc6, HEAD~1558
2021-07-03 20:36:40,767 DEBUG                  - depth 2, hash ca80593, HEAD~1559
2021-07-03 20:36:40,772 DEBUG                  - depth 3, hash ca16539, HEAD~1597
2021-07-03 20:36:41,168 DEBUG    [line range] org/apache/commons/compress/archivers/tar/TarArchiveOutputStream.java <clinit> 90:91
2021-07-03 20:36:41,231 DEBUG                  - depth 0, hash 9629265, HEAD~716
2021-07-03 20:36:41,236 DEBUG    [line range] org/apache/commons/compress/archivers/tar/TarArchiveOutputStream.java <init> 97:99
2021-07-03 20:36:41,302 DEBUG                  - depth 0, hash a671a70, HEAD~459
2021-07-03 20:36:41,308 DEBUG                  - depth 1, hash 0a986c6, HEAD~1547
2021-07-03 20:36:41,312 DEBUG                  - depth 2, hash 55c78f6, HEAD~1551
2021-07-03 20:36:41,316 DEBUG                  - depth 3, hash 0ba4e2a, HEAD~1552
2021-07-03 20:36:41,320 DEBUG                  - depth 4, hash 90a05f7, HEAD~1554
2021-07-03 20:36:41,325 DEBUG                  - depth 5, hash c828c1d, HEAD~1557
2021-07-03 20:36:41,329 DEBUG                  - depth 6, hash 3f9bcc6, HEAD~1558
2021-07-03 20:36:41,333 DEBUG                  - depth 7, hash 5e5804c, HEAD~1569
2021-07-03 20:36:41,337 DEBUG                  - depth 8, hash 01d3951, HEAD~1578
2021-07-03 20:36:41,341 DEBUG                  - depth 9, hash 46ad24d, HEAD~1583
2021-07-03 20:36:41,346 DEBUG                  - depth 10, hash d1789e6, HEAD~1589
2021-07-03 20:36:41,350 DEBUG                  - depth 11, hash a8a9e64, HEAD~1595
2021-07-03 20:36:41,354 DEBUG                  - depth 12, hash ca16539, HEAD~1597
2021-07-03 20:36:41,358 DEBUG    [line range] org/apache/commons/compress/archivers/tar/TarArchiveOutputStream.java <init> 138:140
2021-07-03 20:36:41,423 DEBUG                  - depth 0, hash 69ceb4e, HEAD~725
2021-07-03 20:36:41,429 DEBUG                  - depth 1, hash 0a986c6, HEAD~1547
2021-07-03 20:36:41,433 DEBUG                  - depth 2, hash 55c78f6, HEAD~1551
2021-07-03 20:36:41,437 DEBUG                  - depth 3, hash 0ba4e2a, HEAD~1552
2021-07-03 20:36:41,441 DEBUG                  - depth 4, hash 90a05f7, HEAD~1554
2021-07-03 20:36:41,445 DEBUG                  - depth 5, hash c828c1d, HEAD~1557
2021-07-03 20:36:41,450 DEBUG                  - depth 6, hash 3f9bcc6, HEAD~1558
2021-07-03 20:36:41,454 DEBUG                  - depth 7, hash 5e5804c, HEAD~1569
2021-07-03 20:36:41,458 DEBUG                  - depth 8, hash 01d3951, HEAD~1578
2021-07-03 20:36:41,463 DEBUG                  - depth 9, hash 46ad24d, HEAD~1583
2021-07-03 20:36:41,467 DEBUG                  - depth 10, hash d1789e6, HEAD~1589
2021-07-03 20:36:41,471 DEBUG                  - depth 11, hash a8a9e64, HEAD~1595
2021-07-03 20:36:41,476 DEBUG                  - depth 12, hash ca16539, HEAD~1597
2021-07-03 20:36:41,480 DEBUG    [line range] org/apache/commons/compress/archivers/tar/TarArchiveOutputStream.java <init> 71:71
2021-07-03 20:36:41,545 DEBUG                  - depth 0, hash 41f4a20, HEAD~1467
2021-07-03 20:36:41,551 DEBUG                  - depth 1, hash 0a986c6, HEAD~1547
2021-07-03 20:36:41,555 DEBUG                  - depth 2, hash 55c78f6, HEAD~1551
2021-07-03 20:36:41,559 DEBUG                  - depth 3, hash 0ba4e2a, HEAD~1552
2021-07-03 20:36:41,563 DEBUG                  - depth 4, hash 90a05f7, HEAD~1554
2021-07-03 20:36:41,568 DEBUG                  - depth 5, hash c828c1d, HEAD~1557
2021-07-03 20:36:41,572 DEBUG                  - depth 6, hash 3f9bcc6, HEAD~1558
2021-07-03 20:36:41,576 DEBUG                  - depth 7, hash 5e5804c, HEAD~1569
2021-07-03 20:36:41,581 DEBUG                  - depth 8, hash 01d3951, HEAD~1578
2021-07-03 20:36:41,585 DEBUG                  - depth 9, hash 46ad24d, HEAD~1583
2021-07-03 20:36:41,589 DEBUG                  - depth 10, hash d1789e6, HEAD~1589
2021-07-03 20:36:41,593 DEBUG                  - depth 11, hash a8a9e64, HEAD~1595
2021-07-03 20:36:41,597 DEBUG                  - depth 12, hash ca16539, HEAD~1597
2021-07-03 20:36:41,602 DEBUG    [line range] org/apache/commons/compress/archivers/tar/TarArchiveOutputStream.java <init> 107:109
2021-07-03 20:36:41,664 DEBUG                  - depth 0, hash a671a70, HEAD~459
2021-07-03 20:36:41,670 DEBUG                  - depth 1, hash 69ceb4e, HEAD~725
2021-07-03 20:36:42,008 DEBUG    [line range] org/apache/commons/compress/archivers/zip/StreamCompressor.java <init> 50:50
2021-07-03 20:36:42,065 DEBUG                  - depth 0, hash e214adb, HEAD~108
2021-07-03 20:36:42,072 DEBUG    [line range] org/apache/commons/compress/archivers/zip/StreamCompressor.java create 71:73
2021-07-03 20:36:42,128 DEBUG                  - depth 0, hash 2db99ab, HEAD~95
2021-07-03 20:36:42,133 DEBUG                  - depth 1, hash e214adb, HEAD~108
2021-07-03 20:36:42,138 DEBUG    [line range] org/apache/commons/compress/archivers/zip/StreamCompressor.java <init> 281:284
2021-07-03 20:36:42,195 DEBUG                  - depth 0, hash e214adb, HEAD~108
2021-07-03 20:36:42,457 DEBUG    [single line]   org/apache/commons/compress/archivers/zip/Zip64Mode.java <clinit> 28
2021-07-03 20:36:42,513 DEBUG                  - depth 0, hash 6a301f8, HEAD~884
2021-07-03 20:36:42,519 DEBUG    [single line]   org/apache/commons/compress/archivers/zip/Zip64Mode.java <clinit> 33
2021-07-03 20:36:42,576 DEBUG                  - depth 0, hash 6a301f8, HEAD~884
2021-07-03 20:36:42,582 DEBUG    [single line]   org/apache/commons/compress/archivers/zip/Zip64Mode.java <clinit> 41
2021-07-03 20:36:42,638 DEBUG                  - depth 0, hash 6a301f8, HEAD~884
2021-07-03 20:36:42,644 DEBUG    [single line]   org/apache/commons/compress/archivers/zip/Zip64Mode.java <clinit> 46
2021-07-03 20:36:42,702 DEBUG                  - depth 0, hash 6a301f8, HEAD~884
2021-07-03 20:36:42,708 DEBUG    [line range] org/apache/commons/compress/archivers/zip/ZipArchiveOutputStream.java <init> 112:112
2021-07-03 20:36:42,782 DEBUG                  - depth 0, hash a45e9cb, HEAD~1217
2021-07-03 20:36:42,787 DEBUG                  - depth 1, hash 285ee87, HEAD~1218
2021-07-03 20:36:42,792 DEBUG                  - depth 2, hash 545bfa8, HEAD~1219
2021-07-03 20:36:42,797 DEBUG    [line range] org/apache/commons/compress/archivers/zip/ZipArchiveOutputStream.java <init> 278:283
2021-07-03 20:36:42,874 DEBUG                  - depth 0, hash 2db99ab, HEAD~95
2021-07-03 20:36:42,880 DEBUG                  - depth 1, hash 33176d7, HEAD~1483
2021-07-03 20:36:42,884 DEBUG                  - depth 2, hash c30b588, HEAD~1553
2021-07-03 20:36:42,888 DEBUG                  - depth 3, hash 6284d8d, HEAD~1560
2021-07-03 20:36:42,892 DEBUG                  - depth 4, hash ab9ebfc, HEAD~1576
2021-07-03 20:36:42,897 DEBUG                  - depth 5, hash 8822084, HEAD~1668
2021-07-03 20:36:42,901 DEBUG    [line range] org/apache/commons/compress/archivers/zip/ZipArchiveOutputStream.java setEncoding 330:336
2021-07-03 20:36:42,977 DEBUG                  - depth 0, hash 4aea7b2, HEAD~890
2021-07-03 20:36:42,983 DEBUG                  - depth 1, hash 2b20993, HEAD~1136
2021-07-03 20:36:42,987 DEBUG                  - depth 2, hash 853176f, HEAD~1509
2021-07-03 20:36:42,991 DEBUG                  - depth 3, hash 4ba374a, HEAD~1534
2021-07-03 20:36:42,996 DEBUG                  - depth 4, hash ab9ebfc, HEAD~1576
2021-07-03 20:36:43,000 DEBUG                  - depth 5, hash 8822084, HEAD~1668
2021-07-03 20:36:43,004 DEBUG    [line range] org/apache/commons/compress/archivers/zip/ZipArchiveOutputStream.java <init> 1563:1565
2021-07-03 20:36:43,077 DEBUG                  - depth 0, hash d9bd84f, HEAD~1500
2021-07-03 20:36:43,376 DEBUG    [line range] org/apache/commons/compress/utils/CountingOutputStream.java <init> 31:31
2021-07-03 20:36:43,435 DEBUG                  - depth 0, hash 267a334, HEAD~812
2021-07-03 20:36:43,440 DEBUG                  - depth 1, hash 41fc7c5, HEAD~816
2021-07-03 20:36:43,445 INFO     The number of BIC candidates: 144
