2021-07-03 20:28:00,479 INFO     Search BICs for /tmp/Compress-10b/
2021-07-03 20:28:00,480 DEBUG    Reading the coverage of org.apache.commons.compress.archivers.zip.UTF8ZipFilesTest::testReadWinZipArchive (failings)
2021-07-03 20:28:00,514 INFO     Loaded 1x524 Coverage Matrix
2021-07-03 20:28:00,514 INFO     The number of total commits: 944
2021-07-03 20:28:00,846 DEBUG    [single line]   org/apache/commons/compress/archivers/ArchiveStreamFactory.java <init> 74
2021-07-03 20:28:00,880 DEBUG                  - depth 0, hash 6a70323, HEAD~821
2021-07-03 20:28:00,886 DEBUG                  - depth 1, hash ca16539, HEAD~831
2021-07-03 20:28:01,229 DEBUG    [line range] org/apache/commons/compress/archivers/zip/AbstractUnicodeExtraField.java <init> 34:35
2021-07-03 20:28:01,260 DEBUG                  - depth 0, hash 4e2380b, HEAD~772
2021-07-03 20:28:01,265 DEBUG    [line range] org/apache/commons/compress/archivers/zip/AbstractUnicodeExtraField.java assembleData 73:83
2021-07-03 20:28:01,297 DEBUG                  - depth 0, hash 4e2380b, HEAD~772
2021-07-03 20:28:01,302 DEBUG    [line range] org/apache/commons/compress/archivers/zip/AbstractUnicodeExtraField.java getCentralDirectoryData 129:139
2021-07-03 20:28:01,334 DEBUG                  - depth 0, hash 4aea7b2, HEAD~124
2021-07-03 20:28:01,339 DEBUG                  - depth 1, hash 4e2380b, HEAD~772
2021-07-03 20:28:01,343 DEBUG    [line range] org/apache/commons/compress/archivers/zip/AbstractUnicodeExtraField.java getCentralDirectoryLength 142:147
2021-07-03 20:28:01,375 DEBUG                  - depth 0, hash 4e2380b, HEAD~772
2021-07-03 20:28:01,380 DEBUG    [line range] org/apache/commons/compress/archivers/zip/AbstractUnicodeExtraField.java getLocalFileDataData 150:152
2021-07-03 20:28:01,411 DEBUG                  - depth 0, hash 4e2380b, HEAD~772
2021-07-03 20:28:01,416 DEBUG    [line range] org/apache/commons/compress/archivers/zip/AbstractUnicodeExtraField.java getLocalFileDataLength 155:157
2021-07-03 20:28:01,447 DEBUG                  - depth 0, hash 4e2380b, HEAD~772
2021-07-03 20:28:01,452 DEBUG    [line range] org/apache/commons/compress/archivers/zip/AbstractUnicodeExtraField.java getNameCRC32 89:91
2021-07-03 20:28:01,483 DEBUG                  - depth 0, hash 4e2380b, HEAD~772
2021-07-03 20:28:01,488 DEBUG    [line range] org/apache/commons/compress/archivers/zip/AbstractUnicodeExtraField.java getUnicodeName 105:112
2021-07-03 20:28:01,520 DEBUG                  - depth 0, hash 4aea7b2, HEAD~124
2021-07-03 20:28:01,525 DEBUG                  - depth 1, hash 4e2380b, HEAD~772
2021-07-03 20:28:01,529 DEBUG    [line range] org/apache/commons/compress/archivers/zip/AbstractUnicodeExtraField.java parseFromCentralDirectoryData 184:188
2021-07-03 20:28:01,561 DEBUG                  - depth 0, hash dfbdfee, HEAD~739
2021-07-03 20:28:01,566 DEBUG    [line range] org/apache/commons/compress/archivers/zip/AbstractUnicodeExtraField.java parseFromLocalFileData 160:178
2021-07-03 20:28:01,597 DEBUG                  - depth 0, hash 7fce030, HEAD~454
2021-07-03 20:28:01,602 DEBUG                  - depth 1, hash 4e2380b, HEAD~772
2021-07-03 20:28:01,961 DEBUG    [line range] org/apache/commons/compress/archivers/zip/AsiExtraField.java <clinit> 55:55
2021-07-03 20:28:01,995 DEBUG                  - depth 0, hash ab9ebfc, HEAD~810
2021-07-03 20:28:02,000 DEBUG    [line range] org/apache/commons/compress/archivers/zip/AsiExtraField.java <init> 60:60
2021-07-03 20:28:02,034 DEBUG                  - depth 0, hash ab9ebfc, HEAD~810
2021-07-03 20:28:02,039 DEBUG                  - depth 1, hash 8822084, HEAD~902
2021-07-03 20:28:02,043 DEBUG    [line range] org/apache/commons/compress/archivers/zip/AsiExtraField.java getHeaderId 93:95
2021-07-03 20:28:02,078 DEBUG                  - depth 0, hash ab9ebfc, HEAD~810
2021-07-03 20:28:02,084 DEBUG                  - depth 1, hash 8822084, HEAD~902
2021-07-03 20:28:02,442 DEBUG    [single line]   org/apache/commons/compress/archivers/zip/ExtraFieldUtils.java <clinit> 41
2021-07-03 20:28:02,477 DEBUG                  - depth 0, hash e53e88a, HEAD~214
2021-07-03 20:28:02,483 DEBUG                  - depth 1, hash 2ae5e28, HEAD~805
2021-07-03 20:28:02,487 DEBUG                  - depth 2, hash ab9ebfc, HEAD~810
2021-07-03 20:28:02,491 DEBUG                  - depth 3, hash 8822084, HEAD~902
2021-07-03 20:28:02,495 DEBUG    [single line]   org/apache/commons/compress/archivers/zip/ExtraFieldUtils.java <clinit> 42
2021-07-03 20:28:02,529 DEBUG                  - depth 0, hash ab9ebfc, HEAD~810
2021-07-03 20:28:02,534 DEBUG                  - depth 1, hash 8822084, HEAD~902
2021-07-03 20:28:02,538 DEBUG    [single line]   org/apache/commons/compress/archivers/zip/ExtraFieldUtils.java <clinit> 43
2021-07-03 20:28:02,573 DEBUG                  - depth 0, hash ab9ebfc, HEAD~810
2021-07-03 20:28:02,579 DEBUG                  - depth 1, hash 8822084, HEAD~902
2021-07-03 20:28:02,583 DEBUG    [single line]   org/apache/commons/compress/archivers/zip/ExtraFieldUtils.java <clinit> 44
2021-07-03 20:28:02,618 DEBUG                  - depth 0, hash 4e2380b, HEAD~772
2021-07-03 20:28:02,623 DEBUG    [single line]   org/apache/commons/compress/archivers/zip/ExtraFieldUtils.java <clinit> 45
2021-07-03 20:28:02,657 DEBUG                  - depth 0, hash 4e2380b, HEAD~772
2021-07-03 20:28:02,663 DEBUG    [single line]   org/apache/commons/compress/archivers/zip/ExtraFieldUtils.java <clinit> 46
2021-07-03 20:28:02,698 DEBUG                  - depth 0, hash 60e2dec, HEAD~238
2021-07-03 20:28:02,703 DEBUG    [single line]   org/apache/commons/compress/archivers/zip/ExtraFieldUtils.java <clinit> 47
2021-07-03 20:28:02,737 DEBUG                  - depth 0, hash 8822084, HEAD~902
2021-07-03 20:28:02,742 DEBUG    [line range] org/apache/commons/compress/archivers/zip/ExtraFieldUtils.java createExtraField 77:86
2021-07-03 20:28:02,778 DEBUG                  - depth 0, hash e53e88a, HEAD~214
2021-07-03 20:28:02,783 DEBUG                  - depth 1, hash ab9ebfc, HEAD~810
2021-07-03 20:28:02,787 DEBUG                  - depth 2, hash 8822084, HEAD~902
2021-07-03 20:28:02,792 DEBUG    [line range] org/apache/commons/compress/archivers/zip/ExtraFieldUtils.java mergeLocalFileDataData 193:220
2021-07-03 20:28:02,827 DEBUG                  - depth 0, hash bebc6ed, HEAD~384
2021-07-03 20:28:02,832 DEBUG                  - depth 1, hash ab9ebfc, HEAD~810
2021-07-03 20:28:02,836 DEBUG                  - depth 2, hash 8822084, HEAD~902
2021-07-03 20:28:02,840 DEBUG    [line range] org/apache/commons/compress/archivers/zip/ExtraFieldUtils.java parse 127:186
2021-07-03 20:28:02,876 DEBUG                  - depth 0, hash e53e88a, HEAD~214
2021-07-03 20:28:02,882 DEBUG                  - depth 1, hash 49bf626, HEAD~350
2021-07-03 20:28:02,886 DEBUG                  - depth 2, hash bebc6ed, HEAD~384
2021-07-03 20:28:02,890 DEBUG                  - depth 3, hash 124f97c, HEAD~389
2021-07-03 20:28:02,894 DEBUG                  - depth 4, hash dfbdfee, HEAD~739
2021-07-03 20:28:02,898 DEBUG                  - depth 5, hash 2ae5e28, HEAD~805
2021-07-03 20:28:02,902 DEBUG                  - depth 6, hash 838dcc1, HEAD~806
2021-07-03 20:28:02,906 DEBUG                  - depth 7, hash ab9ebfc, HEAD~810
2021-07-03 20:28:02,910 DEBUG                  - depth 8, hash 8822084, HEAD~902
2021-07-03 20:28:02,915 DEBUG    [line range] org/apache/commons/compress/archivers/zip/ExtraFieldUtils.java register 56:67
2021-07-03 20:28:02,950 DEBUG                  - depth 0, hash e53e88a, HEAD~214
2021-07-03 20:28:02,955 DEBUG                  - depth 1, hash ab9ebfc, HEAD~810
2021-07-03 20:28:02,959 DEBUG                  - depth 2, hash 8822084, HEAD~902
2021-07-03 20:28:02,964 DEBUG    [line range] org/apache/commons/compress/archivers/zip/ExtraFieldUtils.java <clinit> 278:279
2021-07-03 20:28:02,998 DEBUG                  - depth 0, hash bebc6ed, HEAD~384
2021-07-03 20:28:03,004 DEBUG    [line range] org/apache/commons/compress/archivers/zip/ExtraFieldUtils.java <init> 297:299
2021-07-03 20:28:03,037 DEBUG                  - depth 0, hash bebc6ed, HEAD~384
2021-07-03 20:28:03,348 DEBUG    [line range] org/apache/commons/compress/archivers/zip/FallbackZipEncoding.java <init> 60:62
2021-07-03 20:28:03,380 DEBUG                  - depth 0, hash 853176f, HEAD~743
2021-07-03 20:28:03,385 DEBUG    [line range] org/apache/commons/compress/archivers/zip/FallbackZipEncoding.java decode 88:94
2021-07-03 20:28:03,416 DEBUG                  - depth 0, hash 325f002, HEAD~497
2021-07-03 20:28:03,421 DEBUG                  - depth 1, hash b99befd, HEAD~501
2021-07-03 20:28:03,425 DEBUG                  - depth 2, hash 865686a, HEAD~504
2021-07-03 20:28:03,429 DEBUG                  - depth 3, hash 853176f, HEAD~743
2021-07-03 20:28:03,738 DEBUG    [line range] org/apache/commons/compress/archivers/zip/GeneralPurposeBit.java <init> 52:52
2021-07-03 20:28:03,769 DEBUG                  - depth 0, hash 4d68dda, HEAD~369
2021-07-03 20:28:03,775 DEBUG    [line range] org/apache/commons/compress/archivers/zip/GeneralPurposeBit.java parse 141:150
2021-07-03 20:28:03,805 DEBUG                  - depth 0, hash b7bd6e4, HEAD~368
2021-07-03 20:28:03,811 DEBUG                  - depth 1, hash 4d68dda, HEAD~369
2021-07-03 20:28:03,815 DEBUG    [line range] org/apache/commons/compress/archivers/zip/GeneralPurposeBit.java useDataDescriptor 86:88
2021-07-03 20:28:03,845 DEBUG                  - depth 0, hash 4d68dda, HEAD~369
2021-07-03 20:28:03,851 DEBUG    [line range] org/apache/commons/compress/archivers/zip/GeneralPurposeBit.java useEncryption 100:102
2021-07-03 20:28:03,881 DEBUG                  - depth 0, hash b7bd6e4, HEAD~368
2021-07-03 20:28:03,887 DEBUG    [line range] org/apache/commons/compress/archivers/zip/GeneralPurposeBit.java useStrongEncryption 114:119
2021-07-03 20:28:03,917 DEBUG                  - depth 0, hash b7bd6e4, HEAD~368
2021-07-03 20:28:03,922 DEBUG    [line range] org/apache/commons/compress/archivers/zip/GeneralPurposeBit.java useUTF8ForNames 70:72
2021-07-03 20:28:03,953 DEBUG                  - depth 0, hash 4d68dda, HEAD~369
2021-07-03 20:28:03,958 DEBUG    [line range] org/apache/commons/compress/archivers/zip/GeneralPurposeBit.java usesEncryption 93:95
2021-07-03 20:28:03,989 DEBUG                  - depth 0, hash b7bd6e4, HEAD~368
2021-07-03 20:28:03,995 DEBUG    [line range] org/apache/commons/compress/archivers/zip/GeneralPurposeBit.java usesUTF8ForNames 63:65
2021-07-03 20:28:04,025 DEBUG                  - depth 0, hash 4d68dda, HEAD~369
2021-07-03 20:28:04,331 DEBUG    [line range] org/apache/commons/compress/archivers/zip/JarMarker.java <clinit> 29:29
2021-07-03 20:28:04,369 DEBUG                  - depth 0, hash e190c40, HEAD~809
2021-07-03 20:28:04,374 DEBUG    [line range] org/apache/commons/compress/archivers/zip/JarMarker.java <init> 35:37
2021-07-03 20:28:04,405 DEBUG                  - depth 0, hash e190c40, HEAD~809
2021-07-03 20:28:04,410 DEBUG    [line range] org/apache/commons/compress/archivers/zip/JarMarker.java getHeaderId 51:53
2021-07-03 20:28:04,441 DEBUG                  - depth 0, hash e190c40, HEAD~809
2021-07-03 20:28:04,729 DEBUG    [line range] org/apache/commons/compress/archivers/zip/UnicodeCommentExtraField.java <clinit> 40:40
2021-07-03 20:28:04,760 DEBUG                  - depth 0, hash 4e2380b, HEAD~772
2021-07-03 20:28:04,766 DEBUG    [line range] org/apache/commons/compress/archivers/zip/UnicodeCommentExtraField.java <init> 42:43
2021-07-03 20:28:04,797 DEBUG                  - depth 0, hash 4e2380b, HEAD~772
2021-07-03 20:28:04,802 DEBUG    [line range] org/apache/commons/compress/archivers/zip/UnicodeCommentExtraField.java getHeaderId 72:74
2021-07-03 20:28:04,833 DEBUG                  - depth 0, hash 4e2380b, HEAD~772
2021-07-03 20:28:05,133 DEBUG    [line range] org/apache/commons/compress/archivers/zip/UnicodePathExtraField.java <clinit> 40:40
2021-07-03 20:28:05,165 DEBUG                  - depth 0, hash 4e2380b, HEAD~772
2021-07-03 20:28:05,170 DEBUG    [line range] org/apache/commons/compress/archivers/zip/UnicodePathExtraField.java <init> 42:43
2021-07-03 20:28:05,201 DEBUG                  - depth 0, hash 4e2380b, HEAD~772
2021-07-03 20:28:05,207 DEBUG    [line range] org/apache/commons/compress/archivers/zip/UnicodePathExtraField.java getHeaderId 71:73
2021-07-03 20:28:05,237 DEBUG                  - depth 0, hash 4e2380b, HEAD~772
2021-07-03 20:28:05,556 DEBUG    [single line]   org/apache/commons/compress/archivers/zip/UnrecognizedExtraField.java <init> 29
2021-07-03 20:28:05,591 DEBUG                  - depth 0, hash 633ab9a, HEAD~740
2021-07-03 20:28:05,596 DEBUG                  - depth 1, hash ff40903, HEAD~754
2021-07-03 20:28:05,600 DEBUG                  - depth 2, hash 8822084, HEAD~902
2021-07-03 20:28:05,604 DEBUG    [line range] org/apache/commons/compress/archivers/zip/UnrecognizedExtraField.java getHeaderId 48:50
2021-07-03 20:28:05,638 DEBUG                  - depth 0, hash 633ab9a, HEAD~740
2021-07-03 20:28:05,644 DEBUG                  - depth 1, hash 5e5804c, HEAD~803
2021-07-03 20:28:05,648 DEBUG                  - depth 2, hash 8822084, HEAD~902
2021-07-03 20:28:05,652 DEBUG    [line range] org/apache/commons/compress/archivers/zip/UnrecognizedExtraField.java getLocalFileDataData 79:81
2021-07-03 20:28:05,686 DEBUG                  - depth 0, hash bebc6ed, HEAD~384
2021-07-03 20:28:05,691 DEBUG                  - depth 1, hash 633ab9a, HEAD~740
2021-07-03 20:28:05,695 DEBUG                  - depth 2, hash 8822084, HEAD~902
2021-07-03 20:28:05,700 DEBUG    [line range] org/apache/commons/compress/archivers/zip/UnrecognizedExtraField.java getLocalFileDataLength 71:73
2021-07-03 20:28:05,734 DEBUG                  - depth 0, hash 633ab9a, HEAD~740
2021-07-03 20:28:05,740 DEBUG                  - depth 1, hash 5e5804c, HEAD~803
2021-07-03 20:28:05,744 DEBUG                  - depth 2, hash 8822084, HEAD~902
2021-07-03 20:28:05,748 DEBUG    [line range] org/apache/commons/compress/archivers/zip/UnrecognizedExtraField.java parseFromCentralDirectoryData 138:146
2021-07-03 20:28:05,782 DEBUG                  - depth 0, hash dfbdfee, HEAD~739
2021-07-03 20:28:05,788 DEBUG    [line range] org/apache/commons/compress/archivers/zip/UnrecognizedExtraField.java setCentralDirectoryData 93:95
2021-07-03 20:28:05,822 DEBUG                  - depth 0, hash bebc6ed, HEAD~384
2021-07-03 20:28:05,827 DEBUG                  - depth 1, hash 633ab9a, HEAD~740
2021-07-03 20:28:05,831 DEBUG                  - depth 2, hash ab9ebfc, HEAD~810
2021-07-03 20:28:05,835 DEBUG                  - depth 3, hash 8822084, HEAD~902
2021-07-03 20:28:05,840 DEBUG    [line range] org/apache/commons/compress/archivers/zip/UnrecognizedExtraField.java setHeaderId 40:42
2021-07-03 20:28:05,874 DEBUG                  - depth 0, hash 633ab9a, HEAD~740
2021-07-03 20:28:05,879 DEBUG                  - depth 1, hash 8822084, HEAD~902
2021-07-03 20:28:05,883 DEBUG    [line range] org/apache/commons/compress/archivers/zip/UnrecognizedExtraField.java setLocalFileDataData 63:65
2021-07-03 20:28:05,918 DEBUG                  - depth 0, hash bebc6ed, HEAD~384
2021-07-03 20:28:05,923 DEBUG                  - depth 1, hash 633ab9a, HEAD~740
2021-07-03 20:28:05,927 DEBUG                  - depth 2, hash 5e5804c, HEAD~803
2021-07-03 20:28:05,931 DEBUG                  - depth 3, hash 8822084, HEAD~902
2021-07-03 20:28:06,274 DEBUG    [line range] org/apache/commons/compress/archivers/zip/Zip64ExtendedInformationExtraField.java <clinit> 78:78
2021-07-03 20:28:06,307 DEBUG                  - depth 0, hash 6c5f04b, HEAD~208
2021-07-03 20:28:06,313 DEBUG                  - depth 1, hash 60e2dec, HEAD~238
2021-07-03 20:28:06,317 DEBUG    [line range] org/apache/commons/compress/archivers/zip/Zip64ExtendedInformationExtraField.java <init> 103:103
2021-07-03 20:28:06,348 DEBUG                  - depth 0, hash 60e2dec, HEAD~238
2021-07-03 20:28:06,354 DEBUG    [line range] org/apache/commons/compress/archivers/zip/Zip64ExtendedInformationExtraField.java getHeaderId 137:139
2021-07-03 20:28:06,385 DEBUG                  - depth 0, hash 60e2dec, HEAD~238
2021-07-03 20:28:06,781 DEBUG    [line range] org/apache/commons/compress/archivers/zip/ZipArchiveEntry.java <init> 144:146
2021-07-03 20:28:06,817 DEBUG                  - depth 0, hash 5066e9a, HEAD~396
2021-07-03 20:28:06,823 DEBUG                  - depth 1, hash 463d6eb, HEAD~796
2021-07-03 20:28:06,827 DEBUG                  - depth 2, hash ab9ebfc, HEAD~810
2021-07-03 20:28:06,831 DEBUG                  - depth 3, hash 8822084, HEAD~902
2021-07-03 20:28:06,835 DEBUG    [line range] org/apache/commons/compress/archivers/zip/ZipArchiveEntry.java <init> 96:99
2021-07-03 20:28:06,871 DEBUG                  - depth 0, hash 5066e9a, HEAD~396
2021-07-03 20:28:06,877 DEBUG                  - depth 1, hash 463d6eb, HEAD~796
2021-07-03 20:28:06,881 DEBUG                  - depth 2, hash ab9ebfc, HEAD~810
2021-07-03 20:28:06,885 DEBUG                  - depth 3, hash 8822084, HEAD~902
2021-07-03 20:28:06,889 DEBUG    [line range] org/apache/commons/compress/archivers/zip/ZipArchiveEntry.java <init> 69:69
2021-07-03 20:28:06,924 DEBUG                  - depth 0, hash 7b125a3, HEAD~400
2021-07-03 20:28:06,930 DEBUG    [line range] org/apache/commons/compress/archivers/zip/ZipArchiveEntry.java getExtraField 408:413
2021-07-03 20:28:06,966 DEBUG                  - depth 0, hash e53e88a, HEAD~214
2021-07-03 20:28:06,972 DEBUG                  - depth 1, hash 2b5fb91, HEAD~758
2021-07-03 20:28:06,976 DEBUG    [line range] org/apache/commons/compress/archivers/zip/ZipArchiveEntry.java getExtraFields 320:332
2021-07-03 20:28:07,014 DEBUG                  - depth 0, hash e53e88a, HEAD~214
2021-07-03 20:28:07,020 DEBUG                  - depth 1, hash 91695e4, HEAD~383
2021-07-03 20:28:07,024 DEBUG                  - depth 2, hash 2ae5e28, HEAD~805
2021-07-03 20:28:07,028 DEBUG                  - depth 3, hash ab9ebfc, HEAD~810
2021-07-03 20:28:07,032 DEBUG                  - depth 4, hash 8822084, HEAD~902
2021-07-03 20:28:07,036 DEBUG    [line range] org/apache/commons/compress/archivers/zip/ZipArchiveEntry.java getGeneralPurposeBit 588:590
2021-07-03 20:28:07,070 DEBUG                  - depth 0, hash 62cb9c4, HEAD~341
2021-07-03 20:28:07,076 DEBUG                  - depth 1, hash c7e51ed, HEAD~367
2021-07-03 20:28:07,080 DEBUG    [line range] org/apache/commons/compress/archivers/zip/ZipArchiveEntry.java getMethod 189:192
2021-07-03 20:28:07,116 DEBUG                  - depth 0, hash fb06e3a, HEAD~92
2021-07-03 20:28:07,121 DEBUG                  - depth 1, hash 7b125a3, HEAD~400
2021-07-03 20:28:07,125 DEBUG    [line range] org/apache/commons/compress/archivers/zip/ZipArchiveEntry.java getName 493:496
2021-07-03 20:28:07,164 DEBUG                  - depth 0, hash e53e88a, HEAD~214
2021-07-03 20:28:07,169 DEBUG                  - depth 1, hash ab9ebfc, HEAD~810
2021-07-03 20:28:07,173 DEBUG                  - depth 2, hash 8822084, HEAD~902
2021-07-03 20:28:07,177 DEBUG    [line range] org/apache/commons/compress/archivers/zip/ZipArchiveEntry.java hashCode 575:582
2021-07-03 20:28:07,216 DEBUG                  - depth 0, hash e53e88a, HEAD~214
2021-07-03 20:28:07,221 DEBUG                  - depth 1, hash ab9ebfc, HEAD~810
2021-07-03 20:28:07,225 DEBUG                  - depth 2, hash 8822084, HEAD~902
2021-07-03 20:28:07,230 DEBUG    [line range] org/apache/commons/compress/archivers/zip/ZipArchiveEntry.java mergeExtraFields 608:634
2021-07-03 20:28:07,266 DEBUG                  - depth 0, hash 91695e4, HEAD~383
2021-07-03 20:28:07,271 DEBUG                  - depth 1, hash dfbdfee, HEAD~739
2021-07-03 20:28:07,276 DEBUG    [line range] org/apache/commons/compress/archivers/zip/ZipArchiveEntry.java setCentralDirectoryExtra 461:470
2021-07-03 20:28:07,312 DEBUG                  - depth 0, hash 91695e4, HEAD~383
2021-07-03 20:28:07,318 DEBUG                  - depth 1, hash bcebf92, HEAD~455
2021-07-03 20:28:07,322 DEBUG                  - depth 2, hash dfbdfee, HEAD~739
2021-07-03 20:28:07,326 DEBUG    [line range] org/apache/commons/compress/archivers/zip/ZipArchiveEntry.java setExternalAttributes 239:241
2021-07-03 20:28:07,363 DEBUG                  - depth 0, hash ab9ebfc, HEAD~810
2021-07-03 20:28:07,368 DEBUG                  - depth 1, hash 8822084, HEAD~902
2021-07-03 20:28:07,372 DEBUG    [line range] org/apache/commons/compress/archivers/zip/ZipArchiveEntry.java setExtra 454:456
2021-07-03 20:28:07,408 DEBUG                  - depth 0, hash 91695e4, HEAD~383
2021-07-03 20:28:07,414 DEBUG                  - depth 1, hash ab9ebfc, HEAD~810
2021-07-03 20:28:07,418 DEBUG                  - depth 2, hash 8822084, HEAD~902
2021-07-03 20:28:07,422 DEBUG    [line range] org/apache/commons/compress/archivers/zip/ZipArchiveEntry.java setExtra 434:446
2021-07-03 20:28:07,461 DEBUG                  - depth 0, hash e53e88a, HEAD~214
2021-07-03 20:28:07,466 DEBUG                  - depth 1, hash 91695e4, HEAD~383
2021-07-03 20:28:07,470 DEBUG                  - depth 2, hash 25b5956, HEAD~390
2021-07-03 20:28:07,475 DEBUG                  - depth 3, hash bcebf92, HEAD~455
2021-07-03 20:28:07,479 DEBUG                  - depth 4, hash dfbdfee, HEAD~739
2021-07-03 20:28:07,483 DEBUG                  - depth 5, hash 838dcc1, HEAD~806
2021-07-03 20:28:07,487 DEBUG                  - depth 6, hash ab9ebfc, HEAD~810
2021-07-03 20:28:07,491 DEBUG                  - depth 7, hash 8822084, HEAD~902
2021-07-03 20:28:07,495 DEBUG    [line range] org/apache/commons/compress/archivers/zip/ZipArchiveEntry.java setExtraFields 291:301
2021-07-03 20:28:07,534 DEBUG                  - depth 0, hash e53e88a, HEAD~214
2021-07-03 20:28:07,539 DEBUG                  - depth 1, hash 3c5ab4f, HEAD~382
2021-07-03 20:28:07,543 DEBUG                  - depth 2, hash 91695e4, HEAD~383
2021-07-03 20:28:07,548 DEBUG                  - depth 3, hash 2ae5e28, HEAD~805
2021-07-03 20:28:07,552 DEBUG                  - depth 4, hash ab9ebfc, HEAD~810
2021-07-03 20:28:07,556 DEBUG                  - depth 5, hash 8822084, HEAD~902
2021-07-03 20:28:07,560 DEBUG    [line range] org/apache/commons/compress/archivers/zip/ZipArchiveEntry.java setGeneralPurposeBit 596:598
2021-07-03 20:28:07,595 DEBUG                  - depth 0, hash 62cb9c4, HEAD~341
2021-07-03 20:28:07,601 DEBUG                  - depth 1, hash c7e51ed, HEAD~367
2021-07-03 20:28:07,605 DEBUG    [line range] org/apache/commons/compress/archivers/zip/ZipArchiveEntry.java setInternalAttributes 223:225
2021-07-03 20:28:07,641 DEBUG                  - depth 0, hash ab9ebfc, HEAD~810
2021-07-03 20:28:07,647 DEBUG                  - depth 1, hash 8822084, HEAD~902
2021-07-03 20:28:07,651 DEBUG    [line range] org/apache/commons/compress/archivers/zip/ZipArchiveEntry.java setMethod 201:208
2021-07-03 20:28:07,686 DEBUG                  - depth 0, hash fb06e3a, HEAD~92
2021-07-03 20:28:07,691 DEBUG                  - depth 1, hash 7b125a3, HEAD~400
2021-07-03 20:28:07,695 DEBUG    [line range] org/apache/commons/compress/archivers/zip/ZipArchiveEntry.java setName 511:513
2021-07-03 20:28:07,732 DEBUG                  - depth 0, hash ab9ebfc, HEAD~810
2021-07-03 20:28:07,737 DEBUG                  - depth 1, hash 8822084, HEAD~902
2021-07-03 20:28:07,742 DEBUG    [line range] org/apache/commons/compress/archivers/zip/ZipArchiveEntry.java setName 547:550
2021-07-03 20:28:07,775 DEBUG                  - depth 0, hash 15f04cc, HEAD~212
2021-07-03 20:28:07,780 DEBUG                  - depth 1, hash 934a96e, HEAD~229
2021-07-03 20:28:07,785 DEBUG    [line range] org/apache/commons/compress/archivers/zip/ZipArchiveEntry.java setPlatform 283:285
2021-07-03 20:28:07,822 DEBUG                  - depth 0, hash ab9ebfc, HEAD~810
2021-07-03 20:28:07,827 DEBUG                  - depth 1, hash 8822084, HEAD~902
2021-07-03 20:28:07,832 DEBUG    [line range] org/apache/commons/compress/archivers/zip/ZipArchiveEntry.java setSize 530:536
2021-07-03 20:28:07,867 DEBUG                  - depth 0, hash e53e88a, HEAD~214
2021-07-03 20:28:07,872 DEBUG                  - depth 1, hash d7d90da, HEAD~237
2021-07-03 20:28:08,336 DEBUG    [line range] org/apache/commons/compress/archivers/zip/ZipArchiveOutputStream.java <clinit> 173:173
2021-07-03 20:28:08,380 DEBUG                  - depth 0, hash ab9ebfc, HEAD~810
2021-07-03 20:28:08,386 DEBUG                  - depth 1, hash 8822084, HEAD~902
2021-07-03 20:28:08,737 DEBUG    [single line]   org/apache/commons/compress/archivers/zip/ZipEncodingHelper.java <clinit> 68
2021-07-03 20:28:08,769 DEBUG                  - depth 0, hash e53e88a, HEAD~214
2021-07-03 20:28:08,775 DEBUG                  - depth 1, hash 853176f, HEAD~743
2021-07-03 20:28:08,779 DEBUG    [single line]   org/apache/commons/compress/archivers/zip/ZipEncodingHelper.java <clinit> 70
2021-07-03 20:28:08,811 DEBUG                  - depth 0, hash 853176f, HEAD~743
2021-07-03 20:28:08,816 DEBUG    [single line]   org/apache/commons/compress/archivers/zip/ZipEncodingHelper.java <clinit> 94
2021-07-03 20:28:08,848 DEBUG                  - depth 0, hash 853176f, HEAD~743
2021-07-03 20:28:08,854 DEBUG    [single line]   org/apache/commons/compress/archivers/zip/ZipEncodingHelper.java <clinit> 96
2021-07-03 20:28:08,885 DEBUG                  - depth 0, hash 853176f, HEAD~743
2021-07-03 20:28:08,891 DEBUG    [single line]   org/apache/commons/compress/archivers/zip/ZipEncodingHelper.java <clinit> 97
2021-07-03 20:28:08,921 DEBUG                  - depth 0, hash 853176f, HEAD~743
2021-07-03 20:28:08,927 DEBUG    [single line]   org/apache/commons/compress/archivers/zip/ZipEncodingHelper.java <clinit> 98
2021-07-03 20:28:08,958 DEBUG                  - depth 0, hash 853176f, HEAD~743
2021-07-03 20:28:08,964 DEBUG    [single line]   org/apache/commons/compress/archivers/zip/ZipEncodingHelper.java <clinit> 99
2021-07-03 20:28:08,995 DEBUG                  - depth 0, hash 853176f, HEAD~743
2021-07-03 20:28:09,000 DEBUG    [single line]   org/apache/commons/compress/archivers/zip/ZipEncodingHelper.java <clinit> 100
2021-07-03 20:28:09,032 DEBUG                  - depth 0, hash 853176f, HEAD~743
2021-07-03 20:28:09,038 DEBUG    [single line]   org/apache/commons/compress/archivers/zip/ZipEncodingHelper.java <clinit> 102
2021-07-03 20:28:09,069 DEBUG                  - depth 0, hash 853176f, HEAD~743
2021-07-03 20:28:09,075 DEBUG    [single line]   org/apache/commons/compress/archivers/zip/ZipEncodingHelper.java <clinit> 126
2021-07-03 20:28:09,106 DEBUG                  - depth 0, hash 853176f, HEAD~743
2021-07-03 20:28:09,112 DEBUG    [single line]   org/apache/commons/compress/archivers/zip/ZipEncodingHelper.java <clinit> 128
2021-07-03 20:28:09,144 DEBUG                  - depth 0, hash 853176f, HEAD~743
2021-07-03 20:28:09,149 DEBUG    [single line]   org/apache/commons/compress/archivers/zip/ZipEncodingHelper.java <clinit> 129
2021-07-03 20:28:09,182 DEBUG                  - depth 0, hash 853176f, HEAD~743
2021-07-03 20:28:09,187 DEBUG    [single line]   org/apache/commons/compress/archivers/zip/ZipEncodingHelper.java <clinit> 130
2021-07-03 20:28:09,218 DEBUG                  - depth 0, hash 853176f, HEAD~743
2021-07-03 20:28:09,224 DEBUG    [single line]   org/apache/commons/compress/archivers/zip/ZipEncodingHelper.java <clinit> 131
2021-07-03 20:28:09,255 DEBUG                  - depth 0, hash 853176f, HEAD~743
2021-07-03 20:28:09,261 DEBUG    [single line]   org/apache/commons/compress/archivers/zip/ZipEncodingHelper.java <clinit> 132
2021-07-03 20:28:09,292 DEBUG                  - depth 0, hash 853176f, HEAD~743
2021-07-03 20:28:09,298 DEBUG    [line range] org/apache/commons/compress/archivers/zip/ZipEncodingHelper.java <clinit> 163:167
2021-07-03 20:28:09,330 DEBUG                  - depth 0, hash 4e2380b, HEAD~772
2021-07-03 20:28:09,335 DEBUG    [line range] org/apache/commons/compress/archivers/zip/ZipEncodingHelper.java getZipEncoding 210:235
2021-07-03 20:28:09,369 DEBUG                  - depth 0, hash e53e88a, HEAD~214
2021-07-03 20:28:09,374 DEBUG                  - depth 1, hash 853176f, HEAD~743
2021-07-03 20:28:09,379 DEBUG                  - depth 2, hash 4e2380b, HEAD~772
2021-07-03 20:28:09,383 DEBUG    [line range] org/apache/commons/compress/archivers/zip/ZipEncodingHelper.java isUTF8 241:248
2021-07-03 20:28:09,415 DEBUG                  - depth 0, hash bed564b, HEAD~379
2021-07-03 20:28:09,420 DEBUG                  - depth 1, hash ae0f984, HEAD~385
2021-07-03 20:28:09,425 DEBUG                  - depth 2, hash 853176f, HEAD~743
2021-07-03 20:28:09,429 DEBUG                  - depth 3, hash 1cef965, HEAD~755
2021-07-03 20:28:09,433 DEBUG                  - depth 4, hash a96f1f2, HEAD~764
2021-07-03 20:28:09,437 DEBUG    [line range] org/apache/commons/compress/archivers/zip/ZipEncodingHelper.java <init> 49:51
2021-07-03 20:28:09,469 DEBUG                  - depth 0, hash d6f3633, HEAD~638
2021-07-03 20:28:09,474 DEBUG                  - depth 1, hash 99870ef, HEAD~639
2021-07-03 20:28:09,478 DEBUG                  - depth 2, hash 853176f, HEAD~743
2021-07-03 20:28:09,922 DEBUG    [line range] org/apache/commons/compress/archivers/zip/ZipFile.java <clinit> 386:387
2021-07-03 20:28:09,954 DEBUG                  - depth 0, hash 794c20f, HEAD~109
2021-07-03 20:28:09,960 DEBUG    [line range] org/apache/commons/compress/archivers/zip/ZipFile.java <init> 86:87
2021-07-03 20:28:09,995 DEBUG                  - depth 0, hash d3aea33, HEAD~142
2021-07-03 20:28:10,000 DEBUG                  - depth 1, hash ade9379, HEAD~346
2021-07-03 20:28:10,005 DEBUG                  - depth 2, hash 2ae5e28, HEAD~805
2021-07-03 20:28:10,009 DEBUG                  - depth 3, hash e190c40, HEAD~809
2021-07-03 20:28:10,013 DEBUG    [single line]   org/apache/commons/compress/archivers/zip/ZipFile.java access$700 73
2021-07-03 20:28:10,049 DEBUG                  - depth 0, hash e190c40, HEAD~809
2021-07-03 20:28:10,054 DEBUG    [line range] org/apache/commons/compress/archivers/zip/ZipFile.java close 234:241
2021-07-03 20:28:10,090 DEBUG                  - depth 0, hash 6eb1982, HEAD~251
2021-07-03 20:28:10,095 DEBUG                  - depth 1, hash dba2c5c, HEAD~252
2021-07-03 20:28:10,100 DEBUG                  - depth 2, hash 8c2e5e6, HEAD~253
2021-07-03 20:28:10,104 DEBUG                  - depth 3, hash e190c40, HEAD~809
2021-07-03 20:28:10,108 DEBUG    [line range] org/apache/commons/compress/archivers/zip/ZipFile.java closeQuietly 248:256
2021-07-03 20:28:10,144 DEBUG                  - depth 0, hash 58c56fc, HEAD~224
2021-07-03 20:28:10,150 DEBUG                  - depth 1, hash e190c40, HEAD~809
2021-07-03 20:28:10,154 DEBUG    [line range] org/apache/commons/compress/archivers/zip/ZipFile.java getEntry 294:296
2021-07-03 20:28:10,190 DEBUG                  - depth 0, hash d3aea33, HEAD~142
2021-07-03 20:28:10,196 DEBUG                  - depth 1, hash 463d6eb, HEAD~796
2021-07-03 20:28:10,200 DEBUG                  - depth 2, hash e190c40, HEAD~809
2021-07-03 20:28:10,204 DEBUG    [line range] org/apache/commons/compress/archivers/zip/ZipFile.java getInputStream 317:344
2021-07-03 20:28:10,240 DEBUG                  - depth 0, hash fb06e3a, HEAD~92
2021-07-03 20:28:10,245 DEBUG                  - depth 1, hash d3aea33, HEAD~142
2021-07-03 20:28:10,250 DEBUG                  - depth 2, hash b4d7505, HEAD~247
2021-07-03 20:28:10,254 DEBUG                  - depth 3, hash b6814d4, HEAD~345
2021-07-03 20:28:10,258 DEBUG                  - depth 4, hash c7e51ed, HEAD~367
2021-07-03 20:28:10,262 DEBUG                  - depth 5, hash 463d6eb, HEAD~796
2021-07-03 20:28:10,266 DEBUG                  - depth 6, hash e190c40, HEAD~809
2021-07-03 20:28:10,271 DEBUG    [line range] org/apache/commons/compress/archivers/zip/ZipFile.java populateFromCentralDirectory 400:422
2021-07-03 20:28:10,307 DEBUG                  - depth 0, hash 794c20f, HEAD~109
2021-07-03 20:28:10,313 DEBUG                  - depth 1, hash d3aea33, HEAD~142
2021-07-03 20:28:10,317 DEBUG                  - depth 2, hash 2b20993, HEAD~370
2021-07-03 20:28:10,321 DEBUG                  - depth 3, hash 1cef965, HEAD~755
2021-07-03 20:28:10,325 DEBUG                  - depth 4, hash 6284d8d, HEAD~794
2021-07-03 20:28:10,329 DEBUG                  - depth 5, hash e190c40, HEAD~809
2021-07-03 20:28:10,334 DEBUG    [line range] org/apache/commons/compress/archivers/zip/ZipFile.java positionAtCentralDirectory 663:675
2021-07-03 20:28:10,370 DEBUG                  - depth 0, hash 794c20f, HEAD~109
2021-07-03 20:28:10,375 DEBUG                  - depth 1, hash 45b3f7c, HEAD~139
2021-07-03 20:28:10,380 DEBUG                  - depth 2, hash e190c40, HEAD~809
2021-07-03 20:28:10,384 DEBUG    [line range] org/apache/commons/compress/archivers/zip/ZipFile.java positionAtCentralDirectory32 711:722
2021-07-03 20:28:10,417 DEBUG                  - depth 0, hash b64aa8a, HEAD~103
2021-07-03 20:28:10,422 DEBUG                  - depth 1, hash 45b3f7c, HEAD~139
2021-07-03 20:28:10,426 DEBUG                  - depth 2, hash d870323, HEAD~141
2021-07-03 20:28:10,431 DEBUG    [line range] org/apache/commons/compress/archivers/zip/ZipFile.java readCentralDirectoryEntry 433:515
2021-07-03 20:28:10,468 DEBUG                  - depth 0, hash 9dd152d, HEAD~108
2021-07-03 20:28:10,473 DEBUG                  - depth 1, hash 794c20f, HEAD~109
2021-07-03 20:28:10,477 DEBUG                  - depth 2, hash 2629802, HEAD~137
2021-07-03 20:28:10,482 DEBUG                  - depth 3, hash 934a96e, HEAD~229
2021-07-03 20:28:10,486 DEBUG                  - depth 4, hash 62cb9c4, HEAD~341
2021-07-03 20:28:10,490 DEBUG                  - depth 5, hash c7e51ed, HEAD~367
2021-07-03 20:28:10,494 DEBUG                  - depth 6, hash 4d68dda, HEAD~369
2021-07-03 20:28:10,498 DEBUG                  - depth 7, hash 2b20993, HEAD~370
2021-07-03 20:28:10,503 DEBUG                  - depth 8, hash 41f4a20, HEAD~701
2021-07-03 20:28:10,507 DEBUG                  - depth 9, hash dfbdfee, HEAD~739
2021-07-03 20:28:10,511 DEBUG                  - depth 10, hash 853176f, HEAD~743
2021-07-03 20:28:10,515 DEBUG                  - depth 11, hash ff40903, HEAD~754
2021-07-03 20:28:10,519 DEBUG                  - depth 12, hash 1cef965, HEAD~755
2021-07-03 20:28:10,523 DEBUG                  - depth 13, hash 4ba374a, HEAD~768
2021-07-03 20:28:10,528 DEBUG                  - depth 14, hash 463d6eb, HEAD~796
2021-07-03 20:28:10,532 DEBUG                  - depth 15, hash 5e5804c, HEAD~803
2021-07-03 20:28:10,536 DEBUG                  - depth 16, hash e190c40, HEAD~809
2021-07-03 20:28:10,542 DEBUG    [line range] org/apache/commons/compress/archivers/zip/ZipFile.java resolveLocalFileHeaderData 801:839
2021-07-03 20:28:10,577 DEBUG                  - depth 0, hash d3aea33, HEAD~142
2021-07-03 20:28:10,583 DEBUG                  - depth 1, hash 2b20993, HEAD~370
2021-07-03 20:28:10,587 DEBUG                  - depth 2, hash 008ca94, HEAD~660
2021-07-03 20:28:10,591 DEBUG                  - depth 3, hash 853176f, HEAD~743
2021-07-03 20:28:10,595 DEBUG                  - depth 4, hash ff40903, HEAD~754
2021-07-03 20:28:10,599 DEBUG                  - depth 5, hash 1cef965, HEAD~755
2021-07-03 20:28:10,604 DEBUG                  - depth 6, hash 463d6eb, HEAD~796
2021-07-03 20:28:10,608 DEBUG                  - depth 7, hash 5e5804c, HEAD~803
2021-07-03 20:28:10,612 DEBUG                  - depth 8, hash e190c40, HEAD~809
2021-07-03 20:28:10,617 DEBUG    [line range] org/apache/commons/compress/archivers/zip/ZipFile.java setSizesAndOffsetFromZip64Extra 529:563
2021-07-03 20:28:10,653 DEBUG                  - depth 0, hash 9dd152d, HEAD~108
2021-07-03 20:28:10,658 DEBUG                  - depth 1, hash 794c20f, HEAD~109
2021-07-03 20:28:10,663 DEBUG                  - depth 2, hash 46701aa, HEAD~134
2021-07-03 20:28:10,667 DEBUG                  - depth 3, hash 2629802, HEAD~137
2021-07-03 20:28:10,671 DEBUG                  - depth 4, hash 2b20993, HEAD~370
2021-07-03 20:28:10,675 DEBUG                  - depth 5, hash 853176f, HEAD~743
2021-07-03 20:28:10,679 DEBUG                  - depth 6, hash 1cef965, HEAD~755
2021-07-03 20:28:10,684 DEBUG                  - depth 7, hash 4ba374a, HEAD~768
2021-07-03 20:28:10,688 DEBUG                  - depth 8, hash e190c40, HEAD~809
2021-07-03 20:28:10,692 DEBUG    [line range] org/apache/commons/compress/archivers/zip/ZipFile.java skipBytes 768:777
2021-07-03 20:28:10,724 DEBUG                  - depth 0, hash b64aa8a, HEAD~103
2021-07-03 20:28:10,729 DEBUG    [line range] org/apache/commons/compress/archivers/zip/ZipFile.java tryToLocateSignature 729:762
2021-07-03 20:28:10,766 DEBUG                  - depth 0, hash ff615cb, HEAD~140
2021-07-03 20:28:10,771 DEBUG                  - depth 1, hash d870323, HEAD~141
2021-07-03 20:28:10,775 DEBUG                  - depth 2, hash 6284d8d, HEAD~794
2021-07-03 20:28:10,780 DEBUG                  - depth 3, hash e190c40, HEAD~809
2021-07-03 20:28:10,784 DEBUG    [line range] org/apache/commons/compress/archivers/zip/ZipFile.java compare 943:960
2021-07-03 20:28:10,818 DEBUG                  - depth 0, hash 9dd152d, HEAD~108
2021-07-03 20:28:10,824 DEBUG                  - depth 1, hash d3aea33, HEAD~142
2021-07-03 20:28:10,828 DEBUG                  - depth 2, hash 6732f90, HEAD~313
2021-07-03 20:28:10,832 DEBUG                  - depth 3, hash 53c08f4, HEAD~336
2021-07-03 20:28:10,836 DEBUG                  - depth 4, hash ade9379, HEAD~346
2021-07-03 20:28:10,840 DEBUG    [line range] org/apache/commons/compress/archivers/zip/ZipFile.java <init> 865:865
2021-07-03 20:28:10,877 DEBUG                  - depth 0, hash e190c40, HEAD~809
2021-07-03 20:28:10,883 DEBUG    [line range] org/apache/commons/compress/archivers/zip/ZipFile.java read 872:885
2021-07-03 20:28:10,918 DEBUG                  - depth 0, hash fb06e3a, HEAD~92
2021-07-03 20:28:10,923 DEBUG                  - depth 1, hash e190c40, HEAD~809
2021-07-03 20:28:10,928 DEBUG    [line range] org/apache/commons/compress/archivers/zip/ZipFile.java <init> 929:932
2021-07-03 20:28:10,962 DEBUG                  - depth 0, hash 1cef965, HEAD~755
2021-07-03 20:28:10,968 DEBUG    [single line]   org/apache/commons/compress/archivers/zip/ZipFile.java access$500 926
2021-07-03 20:28:11,003 DEBUG                  - depth 0, hash 1cef965, HEAD~755
2021-07-03 20:28:11,008 DEBUG    [line range] org/apache/commons/compress/archivers/zip/ZipFile.java <init> 96:96
2021-07-03 20:28:11,043 DEBUG                  - depth 0, hash e190c40, HEAD~809
2021-07-03 20:28:11,049 DEBUG    [single line]   org/apache/commons/compress/archivers/zip/ZipFile.java access$002 95
2021-07-03 20:28:11,084 DEBUG                  - depth 0, hash e190c40, HEAD~809
2021-07-03 20:28:11,421 DEBUG    [line range] org/apache/commons/compress/archivers/zip/ZipLong.java <clinit> 47:47
2021-07-03 20:28:11,455 DEBUG                  - depth 0, hash 008ca94, HEAD~660
2021-07-03 20:28:11,461 DEBUG    [line range] org/apache/commons/compress/archivers/zip/ZipLong.java <init> 69:71
2021-07-03 20:28:11,495 DEBUG                  - depth 0, hash ab9ebfc, HEAD~810
2021-07-03 20:28:11,501 DEBUG                  - depth 1, hash 8822084, HEAD~902
2021-07-03 20:28:11,505 DEBUG    [line range] org/apache/commons/compress/archivers/zip/ZipLong.java getBytes 94:96
2021-07-03 20:28:11,539 DEBUG                  - depth 0, hash ab9ebfc, HEAD~810
2021-07-03 20:28:11,545 DEBUG                  - depth 1, hash 8822084, HEAD~902
2021-07-03 20:28:11,549 DEBUG    [line range] org/apache/commons/compress/archivers/zip/ZipLong.java getBytes 111:118
2021-07-03 20:28:11,584 DEBUG                  - depth 0, hash ab9ebfc, HEAD~810
2021-07-03 20:28:11,590 DEBUG    [line range] org/apache/commons/compress/archivers/zip/ZipLong.java getValue 139:141
2021-07-03 20:28:11,624 DEBUG                  - depth 0, hash ab9ebfc, HEAD~810
2021-07-03 20:28:11,629 DEBUG                  - depth 1, hash 8822084, HEAD~902
2021-07-03 20:28:11,634 DEBUG    [line range] org/apache/commons/compress/archivers/zip/ZipLong.java getValue 126:132
2021-07-03 20:28:11,668 DEBUG                  - depth 0, hash ab9ebfc, HEAD~810
2021-07-03 20:28:11,994 DEBUG    [line range] org/apache/commons/compress/archivers/zip/ZipShort.java <init> 37:39
2021-07-03 20:28:12,028 DEBUG                  - depth 0, hash ab9ebfc, HEAD~810
2021-07-03 20:28:12,034 DEBUG                  - depth 1, hash 8822084, HEAD~902
2021-07-03 20:28:12,038 DEBUG    [line range] org/apache/commons/compress/archivers/zip/ZipShort.java <init> 54:56
2021-07-03 20:28:12,072 DEBUG                  - depth 0, hash ab9ebfc, HEAD~810
2021-07-03 20:28:12,078 DEBUG                  - depth 1, hash 8822084, HEAD~902
2021-07-03 20:28:12,082 DEBUG    [line range] org/apache/commons/compress/archivers/zip/ZipShort.java equals 115:121
2021-07-03 20:28:12,117 DEBUG                  - depth 0, hash e53e88a, HEAD~214
2021-07-03 20:28:12,122 DEBUG                  - depth 1, hash ab9ebfc, HEAD~810
2021-07-03 20:28:12,126 DEBUG                  - depth 2, hash 8822084, HEAD~902
2021-07-03 20:28:12,131 DEBUG    [line range] org/apache/commons/compress/archivers/zip/ZipShort.java getBytes 62:67
2021-07-03 20:28:12,165 DEBUG                  - depth 0, hash ab9ebfc, HEAD~810
2021-07-03 20:28:12,171 DEBUG                  - depth 1, hash 8822084, HEAD~902
2021-07-03 20:28:12,175 DEBUG    [line range] org/apache/commons/compress/archivers/zip/ZipShort.java getValue 73:75
2021-07-03 20:28:12,210 DEBUG                  - depth 0, hash ab9ebfc, HEAD~810
2021-07-03 20:28:12,215 DEBUG                  - depth 1, hash 8822084, HEAD~902
2021-07-03 20:28:12,220 DEBUG    [line range] org/apache/commons/compress/archivers/zip/ZipShort.java getValue 106:108
2021-07-03 20:28:12,253 DEBUG                  - depth 0, hash ab9ebfc, HEAD~810
2021-07-03 20:28:12,259 DEBUG                  - depth 1, hash 8822084, HEAD~902
2021-07-03 20:28:12,263 DEBUG    [line range] org/apache/commons/compress/archivers/zip/ZipShort.java getValue 95:99
2021-07-03 20:28:12,298 DEBUG                  - depth 0, hash ab9ebfc, HEAD~810
2021-07-03 20:28:12,303 DEBUG                  - depth 1, hash 8822084, HEAD~902
2021-07-03 20:28:12,308 DEBUG    [line range] org/apache/commons/compress/archivers/zip/ZipShort.java hashCode 127:130
2021-07-03 20:28:12,343 DEBUG                  - depth 0, hash e53e88a, HEAD~214
2021-07-03 20:28:12,349 DEBUG                  - depth 1, hash ab9ebfc, HEAD~810
2021-07-03 20:28:12,353 DEBUG                  - depth 2, hash 8822084, HEAD~902
2021-07-03 20:28:12,683 DEBUG    [line range] org/apache/commons/compress/archivers/zip/ZipUtil.java <clinit> 33:33
2021-07-03 20:28:12,715 DEBUG                  - depth 0, hash 41f4a20, HEAD~701
2021-07-03 20:28:12,720 DEBUG    [line range] org/apache/commons/compress/archivers/zip/ZipUtil.java checkRequestedFeatures 219:231
2021-07-03 20:28:12,752 DEBUG                  - depth 0, hash 02e2be6, HEAD~330
2021-07-03 20:28:12,757 DEBUG                  - depth 1, hash 62cb9c4, HEAD~341
2021-07-03 20:28:12,762 DEBUG                  - depth 2, hash 30e1cc8, HEAD~344
2021-07-03 20:28:12,766 DEBUG                  - depth 3, hash b6814d4, HEAD~345
2021-07-03 20:28:12,770 DEBUG    [line range] org/apache/commons/compress/archivers/zip/ZipUtil.java copy 178:185
2021-07-03 20:28:12,801 DEBUG                  - depth 0, hash bebc6ed, HEAD~384
2021-07-03 20:28:12,807 DEBUG    [line range] org/apache/commons/compress/archivers/zip/ZipUtil.java dosToJavaTime 102:113
2021-07-03 20:28:12,839 DEBUG                  - depth 0, hash 41f4a20, HEAD~701
2021-07-03 20:28:12,845 DEBUG    [line range] org/apache/commons/compress/archivers/zip/ZipUtil.java getUnicodeStringIfOriginalMatches 150:172
2021-07-03 20:28:12,877 DEBUG                  - depth 0, hash 008ca94, HEAD~660
2021-07-03 20:28:12,883 DEBUG    [line range] org/apache/commons/compress/archivers/zip/ZipUtil.java setNameAndCommentFromExtraFields 120:141
2021-07-03 20:28:12,914 DEBUG                  - depth 0, hash 008ca94, HEAD~660
2021-07-03 20:28:12,920 DEBUG    [line range] org/apache/commons/compress/archivers/zip/ZipUtil.java supportsEncryptionOf 200:202
2021-07-03 20:28:12,951 DEBUG                  - depth 0, hash 62cb9c4, HEAD~341
2021-07-03 20:28:12,956 DEBUG                  - depth 1, hash b6814d4, HEAD~345
2021-07-03 20:28:12,961 DEBUG    [line range] org/apache/commons/compress/archivers/zip/ZipUtil.java supportsMethodOf 210:213
2021-07-03 20:28:12,993 DEBUG                  - depth 0, hash b6814d4, HEAD~345
2021-07-03 20:28:12,998 INFO     The number of BIC candidates: 71
