2021-07-03 20:51:04,397 INFO     Search BICs for /tmp/Csv-9b/
2021-07-03 20:51:04,397 DEBUG    Reading the coverage of org.apache.commons.csv.CSVRecordTest::testToMapWithNoHeader (failings)
2021-07-03 20:51:04,404 INFO     Loaded 1x185 Coverage Matrix
2021-07-03 20:51:04,404 INFO     The number of total commits: 801
2021-07-03 20:51:04,683 DEBUG    [line range] org/apache/commons/csv/Assertions.java notNull 31:35
2021-07-03 20:51:04,707 DEBUG                  - depth 0, hash 5941149, HEAD~61
2021-07-03 20:51:04,713 DEBUG                  - depth 1, hash 724c88d, HEAD~102
2021-07-03 20:51:04,717 DEBUG                  - depth 2, hash a2fef00, HEAD~104
2021-07-03 20:51:05,130 DEBUG    [line range] org/apache/commons/csv/CSVFormat.java <clinit> 174:175
2021-07-03 20:51:05,169 DEBUG                  - depth 0, hash 5db1a2c, HEAD~111
2021-07-03 20:51:05,174 DEBUG                  - depth 1, hash 97d3457, HEAD~166
2021-07-03 20:51:05,178 DEBUG                  - depth 2, hash 75f39a8, HEAD~178
2021-07-03 20:51:05,182 DEBUG                  - depth 3, hash 60cc83a, HEAD~231
2021-07-03 20:51:05,186 DEBUG                  - depth 4, hash 50e2719, HEAD~422
2021-07-03 20:51:05,190 DEBUG                  - depth 5, hash 42476f4, HEAD~663
2021-07-03 20:51:05,194 DEBUG                  - depth 6, hash 1166ca6, HEAD~674
2021-07-03 20:51:05,198 DEBUG                  - depth 7, hash eac54a2, HEAD~779
2021-07-03 20:51:05,203 DEBUG    [line range] org/apache/commons/csv/CSVFormat.java <init> 296:325
2021-07-03 20:51:05,238 DEBUG                  - depth 0, hash 16b175b, HEAD~2
2021-07-03 20:51:05,243 DEBUG                  - depth 1, hash 35d101c, HEAD~4
2021-07-03 20:51:05,248 DEBUG                  - depth 2, hash 692a1e3, HEAD~5
2021-07-03 20:51:05,252 DEBUG                  - depth 3, hash 5941149, HEAD~61
2021-07-03 20:51:05,256 DEBUG                  - depth 4, hash 97d3457, HEAD~166
2021-07-03 20:51:05,260 DEBUG                  - depth 5, hash 5a0894f, HEAD~190
2021-07-03 20:51:05,264 DEBUG                  - depth 6, hash ab2e7eb, HEAD~194
2021-07-03 20:51:05,268 DEBUG                  - depth 7, hash 75b9a4b, HEAD~230
2021-07-03 20:51:05,272 DEBUG                  - depth 8, hash 60cc83a, HEAD~231
2021-07-03 20:51:05,276 DEBUG                  - depth 9, hash db11c04, HEAD~321
2021-07-03 20:51:05,280 DEBUG                  - depth 10, hash 6a34b82, HEAD~331
2021-07-03 20:51:05,284 DEBUG                  - depth 11, hash 0030e1a, HEAD~383
2021-07-03 20:51:05,288 DEBUG    [line range] org/apache/commons/csv/CSVFormat.java getCommentStart 419:421
2021-07-03 20:51:05,322 DEBUG                  - depth 0, hash 60cc83a, HEAD~231
2021-07-03 20:51:05,328 DEBUG                  - depth 1, hash 9bafed6, HEAD~284
2021-07-03 20:51:05,332 DEBUG                  - depth 2, hash e28d4e9, HEAD~289
2021-07-03 20:51:05,336 DEBUG                  - depth 3, hash 2018c0c, HEAD~298
2021-07-03 20:51:05,340 DEBUG                  - depth 4, hash 5e0e770, HEAD~299
2021-07-03 20:51:05,344 DEBUG                  - depth 5, hash 71a6570, HEAD~315
2021-07-03 20:51:05,348 DEBUG                  - depth 6, hash 713e9c5, HEAD~319
2021-07-03 20:51:05,352 DEBUG                  - depth 7, hash db11c04, HEAD~321
2021-07-03 20:51:05,356 DEBUG                  - depth 8, hash 0383fd5, HEAD~327
2021-07-03 20:51:05,360 DEBUG                  - depth 9, hash 68352ee, HEAD~328
2021-07-03 20:51:05,364 DEBUG                  - depth 10, hash 6a34b82, HEAD~331
2021-07-03 20:51:05,368 DEBUG    [line range] org/apache/commons/csv/CSVFormat.java getDelimiter 428:430
2021-07-03 20:51:05,402 DEBUG                  - depth 0, hash 60cc83a, HEAD~231
2021-07-03 20:51:05,408 DEBUG                  - depth 1, hash 759596a, HEAD~242
2021-07-03 20:51:05,412 DEBUG                  - depth 2, hash d10442b, HEAD~252
2021-07-03 20:51:05,416 DEBUG                  - depth 3, hash df08aca, HEAD~260
2021-07-03 20:51:05,420 DEBUG                  - depth 4, hash 6a34b82, HEAD~331
2021-07-03 20:51:05,424 DEBUG    [line range] org/apache/commons/csv/CSVFormat.java getEscape 437:439
2021-07-03 20:51:05,458 DEBUG                  - depth 0, hash 60cc83a, HEAD~231
2021-07-03 20:51:05,463 DEBUG                  - depth 1, hash df08aca, HEAD~260
2021-07-03 20:51:05,468 DEBUG                  - depth 2, hash 961cce2, HEAD~296
2021-07-03 20:51:05,472 DEBUG                  - depth 3, hash db11c04, HEAD~321
2021-07-03 20:51:05,476 DEBUG                  - depth 4, hash 6a34b82, HEAD~331
2021-07-03 20:51:05,480 DEBUG    [line range] org/apache/commons/csv/CSVFormat.java getHeader 446:448
2021-07-03 20:51:05,514 DEBUG                  - depth 0, hash 390800f, HEAD~171
2021-07-03 20:51:05,519 DEBUG                  - depth 1, hash 60cc83a, HEAD~231
2021-07-03 20:51:05,523 DEBUG                  - depth 2, hash 961cce2, HEAD~296
2021-07-03 20:51:05,527 DEBUG                  - depth 3, hash 6a34b82, HEAD~331
2021-07-03 20:51:05,532 DEBUG    [line range] org/apache/commons/csv/CSVFormat.java getIgnoreEmptyLines 456:458
2021-07-03 20:51:05,565 DEBUG                  - depth 0, hash 60cc83a, HEAD~231
2021-07-03 20:51:05,571 DEBUG                  - depth 1, hash 961cce2, HEAD~296
2021-07-03 20:51:05,575 DEBUG                  - depth 2, hash db11c04, HEAD~321
2021-07-03 20:51:05,579 DEBUG                  - depth 3, hash 6a34b82, HEAD~331
2021-07-03 20:51:05,583 DEBUG    [line range] org/apache/commons/csv/CSVFormat.java getIgnoreSurroundingSpaces 466:468
2021-07-03 20:51:05,617 DEBUG                  - depth 0, hash 60cc83a, HEAD~231
2021-07-03 20:51:05,622 DEBUG                  - depth 1, hash 961cce2, HEAD~296
2021-07-03 20:51:05,626 DEBUG                  - depth 2, hash db11c04, HEAD~321
2021-07-03 20:51:05,630 DEBUG                  - depth 3, hash 6a34b82, HEAD~331
2021-07-03 20:51:05,634 DEBUG    [line range] org/apache/commons/csv/CSVFormat.java getNullString 483:485
2021-07-03 20:51:05,663 DEBUG                  - depth 0, hash 5a0894f, HEAD~190
2021-07-03 20:51:05,669 DEBUG                  - depth 1, hash 75b9a4b, HEAD~230
2021-07-03 20:51:05,673 DEBUG    [line range] org/apache/commons/csv/CSVFormat.java getQuoteChar 492:494
2021-07-03 20:51:05,707 DEBUG                  - depth 0, hash 60cc83a, HEAD~231
2021-07-03 20:51:05,712 DEBUG                  - depth 1, hash 961cce2, HEAD~296
2021-07-03 20:51:05,717 DEBUG                  - depth 2, hash 6a34b82, HEAD~331
2021-07-03 20:51:05,721 DEBUG    [line range] org/apache/commons/csv/CSVFormat.java isLineBreak 242:244
2021-07-03 20:51:05,761 DEBUG                  - depth 0, hash 9631efe, HEAD~120
2021-07-03 20:51:05,767 DEBUG                  - depth 1, hash 60cc83a, HEAD~231
2021-07-03 20:51:05,771 DEBUG                  - depth 2, hash 6a34b82, HEAD~331
2021-07-03 20:51:05,775 DEBUG                  - depth 3, hash 73ec29f, HEAD~337
2021-07-03 20:51:05,779 DEBUG                  - depth 4, hash 53f15f4, HEAD~377
2021-07-03 20:51:05,783 DEBUG                  - depth 5, hash 6e57364, HEAD~382
2021-07-03 20:51:05,787 DEBUG                  - depth 6, hash 0030e1a, HEAD~383
2021-07-03 20:51:05,791 DEBUG                  - depth 7, hash 53fd86d, HEAD~430
2021-07-03 20:51:05,795 DEBUG                  - depth 8, hash 6ab9b46, HEAD~439
2021-07-03 20:51:05,799 DEBUG                  - depth 9, hash 67bbc35, HEAD~442
2021-07-03 20:51:05,803 DEBUG                  - depth 10, hash 6c1b0fa, HEAD~457
2021-07-03 20:51:05,807 DEBUG                  - depth 11, hash 93fc1f9, HEAD~459
2021-07-03 20:51:05,811 DEBUG                  - depth 12, hash bf06bed, HEAD~462
2021-07-03 20:51:05,816 DEBUG                  - depth 13, hash 38741a4, HEAD~547
2021-07-03 20:51:05,820 DEBUG                  - depth 14, hash c9dedff, HEAD~582
2021-07-03 20:51:05,824 DEBUG                  - depth 15, hash aee6c50, HEAD~588
2021-07-03 20:51:05,828 DEBUG                  - depth 16, hash bbb2da1, HEAD~597
2021-07-03 20:51:05,832 DEBUG                  - depth 17, hash 740a1b6, HEAD~613
2021-07-03 20:51:05,836 DEBUG                  - depth 18, hash 194e21c, HEAD~631
2021-07-03 20:51:05,840 DEBUG                  - depth 19, hash 70337be, HEAD~652
2021-07-03 20:51:05,844 DEBUG                  - depth 20, hash cb99634, HEAD~662
2021-07-03 20:51:05,848 DEBUG                  - depth 21, hash 42476f4, HEAD~663
2021-07-03 20:51:05,852 DEBUG                  - depth 22, hash 43b777b, HEAD~668
2021-07-03 20:51:05,856 DEBUG                  - depth 23, hash 1166ca6, HEAD~674
2021-07-03 20:51:05,860 DEBUG                  - depth 24, hash 02b2146, HEAD~686
2021-07-03 20:51:05,865 DEBUG                  - depth 25, hash eac54a2, HEAD~779
2021-07-03 20:51:05,869 DEBUG    [line range] org/apache/commons/csv/CSVFormat.java isLineBreak 254:256
2021-07-03 20:51:05,895 DEBUG                  - depth 0, hash 9631efe, HEAD~120
2021-07-03 20:51:05,901 DEBUG                  - depth 1, hash 15b4e3f, HEAD~121
2021-07-03 20:51:05,905 DEBUG    [line range] org/apache/commons/csv/CSVFormat.java newFormat 266:268
2021-07-03 20:51:05,944 DEBUG                  - depth 0, hash 97d3457, HEAD~166
2021-07-03 20:51:05,949 DEBUG                  - depth 1, hash 75f39a8, HEAD~178
2021-07-03 20:51:05,953 DEBUG                  - depth 2, hash 60cc83a, HEAD~231
2021-07-03 20:51:05,958 DEBUG                  - depth 3, hash 6ab9b46, HEAD~439
2021-07-03 20:51:05,962 DEBUG                  - depth 4, hash aee6c50, HEAD~588
2021-07-03 20:51:05,966 DEBUG                  - depth 5, hash 312f5b0, HEAD~650
2021-07-03 20:51:05,970 DEBUG    [line range] org/apache/commons/csv/CSVFormat.java validate 641:671
2021-07-03 20:51:05,998 DEBUG                  - depth 0, hash 35d101c, HEAD~4
2021-07-03 20:51:06,003 DEBUG                  - depth 1, hash fcc0d15, HEAD~156
2021-07-03 20:51:06,007 DEBUG                  - depth 2, hash f881372, HEAD~168
2021-07-03 20:51:06,011 DEBUG                  - depth 3, hash 75f39a8, HEAD~178
2021-07-03 20:51:06,016 DEBUG    [line range] org/apache/commons/csv/CSVFormat.java withDelimiter 716:722
2021-07-03 20:51:06,044 DEBUG                  - depth 0, hash 97d3457, HEAD~166
2021-07-03 20:51:06,049 DEBUG                  - depth 1, hash 75f39a8, HEAD~178
2021-07-03 20:51:06,053 DEBUG    [line range] org/apache/commons/csv/CSVFormat.java withEscape 733:735
2021-07-03 20:51:06,081 DEBUG                  - depth 0, hash 75f39a8, HEAD~178
2021-07-03 20:51:06,086 DEBUG    [line range] org/apache/commons/csv/CSVFormat.java withEscape 746:752
2021-07-03 20:51:06,114 DEBUG                  - depth 0, hash 97d3457, HEAD~166
2021-07-03 20:51:06,119 DEBUG                  - depth 1, hash 75f39a8, HEAD~178
2021-07-03 20:51:06,123 DEBUG    [line range] org/apache/commons/csv/CSVFormat.java withIgnoreEmptyLines 784:787
2021-07-03 20:51:06,152 DEBUG                  - depth 0, hash 97d3457, HEAD~166
2021-07-03 20:51:06,157 DEBUG                  - depth 1, hash 75f39a8, HEAD~178
2021-07-03 20:51:06,161 DEBUG    [line range] org/apache/commons/csv/CSVFormat.java withIgnoreSurroundingSpaces 797:800
2021-07-03 20:51:06,189 DEBUG                  - depth 0, hash 97d3457, HEAD~166
2021-07-03 20:51:06,194 DEBUG                  - depth 1, hash 75f39a8, HEAD~178
2021-07-03 20:51:06,198 DEBUG    [line range] org/apache/commons/csv/CSVFormat.java withQuoteChar 844:850
2021-07-03 20:51:06,226 DEBUG                  - depth 0, hash 97d3457, HEAD~166
2021-07-03 20:51:06,232 DEBUG                  - depth 1, hash 75f39a8, HEAD~178
2021-07-03 20:51:06,236 DEBUG    [line range] org/apache/commons/csv/CSVFormat.java withRecordSeparator 873:875
2021-07-03 20:51:06,264 DEBUG                  - depth 0, hash 75f39a8, HEAD~178
2021-07-03 20:51:06,269 DEBUG    [line range] org/apache/commons/csv/CSVFormat.java withRecordSeparator 885:888
2021-07-03 20:51:06,298 DEBUG                  - depth 0, hash 97d3457, HEAD~166
2021-07-03 20:51:06,304 DEBUG                  - depth 1, hash 75f39a8, HEAD~178
2021-07-03 20:51:06,674 DEBUG    [line range] org/apache/commons/csv/CSVParser.java <init> 218:218
2021-07-03 20:51:06,700 DEBUG                  - depth 0, hash 61fdb7a, HEAD~173
2021-07-03 20:51:06,706 DEBUG    [line range] org/apache/commons/csv/CSVParser.java addRecordValue 251:259
2021-07-03 20:51:06,732 DEBUG                  - depth 0, hash 316a51f, HEAD~157
2021-07-03 20:51:06,738 DEBUG                  - depth 1, hash 6999746, HEAD~172
2021-07-03 20:51:06,742 DEBUG                  - depth 2, hash 61fdb7a, HEAD~173
2021-07-03 20:51:06,746 DEBUG    [line range] org/apache/commons/csv/CSVParser.java initializeHeader 357:389
2021-07-03 20:51:06,775 DEBUG                  - depth 0, hash 88a7e75, HEAD~1
2021-07-03 20:51:06,781 DEBUG                  - depth 1, hash 07a73d2, HEAD~15
2021-07-03 20:51:06,785 DEBUG                  - depth 2, hash 7d51af9, HEAD~18
2021-07-03 20:51:06,789 DEBUG                  - depth 3, hash ce4e727, HEAD~20
2021-07-03 20:51:06,793 DEBUG                  - depth 4, hash b3553ad, HEAD~65
2021-07-03 20:51:06,797 DEBUG                  - depth 5, hash fcc0d15, HEAD~156
2021-07-03 20:51:06,801 DEBUG                  - depth 6, hash 97d3457, HEAD~166
2021-07-03 20:51:06,805 DEBUG                  - depth 7, hash 1533fac, HEAD~170
2021-07-03 20:51:06,809 DEBUG                  - depth 8, hash 390800f, HEAD~171
2021-07-03 20:51:06,813 DEBUG                  - depth 9, hash 6999746, HEAD~172
2021-07-03 20:51:06,817 DEBUG                  - depth 10, hash 5a0894f, HEAD~190
2021-07-03 20:51:06,821 DEBUG                  - depth 11, hash 4c530ac, HEAD~249
2021-07-03 20:51:06,825 DEBUG                  - depth 12, hash 0e8084a, HEAD~408
2021-07-03 20:51:06,829 DEBUG                  - depth 13, hash 6ab9b46, HEAD~439
2021-07-03 20:51:06,833 DEBUG                  - depth 14, hash 3cd5c85, HEAD~451
2021-07-03 20:51:06,837 DEBUG                  - depth 15, hash 43987a7, HEAD~551
2021-07-03 20:51:06,841 DEBUG                  - depth 16, hash d0035e6, HEAD~572
2021-07-03 20:51:06,845 DEBUG                  - depth 17, hash 7d07c19, HEAD~587
2021-07-03 20:51:06,849 DEBUG                  - depth 18, hash aee6c50, HEAD~588
2021-07-03 20:51:06,854 DEBUG    [line range] org/apache/commons/csv/CSVParser.java isClosed 391:393
2021-07-03 20:51:06,880 DEBUG                  - depth 0, hash 316a51f, HEAD~157
2021-07-03 20:51:06,885 DEBUG                  - depth 1, hash 6999746, HEAD~172
2021-07-03 20:51:06,890 DEBUG                  - depth 2, hash 61fdb7a, HEAD~173
2021-07-03 20:51:06,894 DEBUG    [line range] org/apache/commons/csv/CSVParser.java iterator 403:449
2021-07-03 20:51:06,925 DEBUG                  - depth 0, hash 412d05d, HEAD~146
2021-07-03 20:51:06,930 DEBUG                  - depth 1, hash 316a51f, HEAD~157
2021-07-03 20:51:06,935 DEBUG                  - depth 2, hash 6999746, HEAD~172
2021-07-03 20:51:06,939 DEBUG                  - depth 3, hash f78b5a1, HEAD~175
2021-07-03 20:51:06,943 DEBUG                  - depth 4, hash 933cf2d, HEAD~339
2021-07-03 20:51:06,947 DEBUG                  - depth 5, hash 6306dd7, HEAD~406
2021-07-03 20:51:06,951 DEBUG                  - depth 6, hash 0e8084a, HEAD~408
2021-07-03 20:51:06,955 DEBUG                  - depth 7, hash 6ab9b46, HEAD~439
2021-07-03 20:51:06,959 DEBUG                  - depth 8, hash 25f4b3e, HEAD~452
2021-07-03 20:51:06,963 DEBUG                  - depth 9, hash bf06bed, HEAD~462
2021-07-03 20:51:06,968 DEBUG                  - depth 10, hash aee6c50, HEAD~588
2021-07-03 20:51:06,972 DEBUG                  - depth 11, hash b30da44, HEAD~599
2021-07-03 20:51:06,976 DEBUG                  - depth 12, hash eb6ffbb, HEAD~600
2021-07-03 20:51:06,980 DEBUG                  - depth 13, hash f7220c4, HEAD~601
2021-07-03 20:51:06,984 DEBUG                  - depth 14, hash 2ec4c99, HEAD~624
2021-07-03 20:51:06,988 DEBUG                  - depth 15, hash 045dbbb, HEAD~658
2021-07-03 20:51:06,992 DEBUG    [line range] org/apache/commons/csv/CSVParser.java nextRecord 458:500
2021-07-03 20:51:07,019 DEBUG                  - depth 0, hash a84668e, HEAD~23
2021-07-03 20:51:07,025 DEBUG                  - depth 1, hash 966cd20, HEAD~24
2021-07-03 20:51:07,029 DEBUG                  - depth 2, hash 9873b13, HEAD~34
2021-07-03 20:51:07,033 DEBUG                  - depth 3, hash 316a51f, HEAD~157
2021-07-03 20:51:07,037 DEBUG                  - depth 4, hash 6999746, HEAD~172
2021-07-03 20:51:07,041 DEBUG                  - depth 5, hash 61fdb7a, HEAD~173
2021-07-03 20:51:07,045 DEBUG                  - depth 6, hash f78b5a1, HEAD~175
2021-07-03 20:51:07,050 DEBUG    [line range] org/apache/commons/csv/CSVParser.java parse 173:178
2021-07-03 20:51:07,076 DEBUG                  - depth 0, hash 5941149, HEAD~61
2021-07-03 20:51:07,081 DEBUG                  - depth 1, hash a2fef00, HEAD~104
2021-07-03 20:51:07,086 DEBUG                  - depth 2, hash 152d50c, HEAD~124
2021-07-03 20:51:07,090 DEBUG                  - depth 3, hash 6999746, HEAD~172
2021-07-03 20:51:07,094 DEBUG    [line range] org/apache/commons/csv/CSVParser.java getNextRecord 403:449
2021-07-03 20:51:07,125 DEBUG                  - depth 0, hash 412d05d, HEAD~146
2021-07-03 20:51:07,130 DEBUG                  - depth 1, hash 316a51f, HEAD~157
2021-07-03 20:51:07,135 DEBUG                  - depth 2, hash 6999746, HEAD~172
2021-07-03 20:51:07,139 DEBUG                  - depth 3, hash f78b5a1, HEAD~175
2021-07-03 20:51:07,143 DEBUG                  - depth 4, hash 933cf2d, HEAD~339
2021-07-03 20:51:07,147 DEBUG                  - depth 5, hash 6306dd7, HEAD~406
2021-07-03 20:51:07,151 DEBUG                  - depth 6, hash 0e8084a, HEAD~408
2021-07-03 20:51:07,155 DEBUG                  - depth 7, hash 6ab9b46, HEAD~439
2021-07-03 20:51:07,159 DEBUG                  - depth 8, hash 25f4b3e, HEAD~452
2021-07-03 20:51:07,164 DEBUG                  - depth 9, hash bf06bed, HEAD~462
2021-07-03 20:51:07,168 DEBUG                  - depth 10, hash aee6c50, HEAD~588
2021-07-03 20:51:07,172 DEBUG                  - depth 11, hash b30da44, HEAD~599
2021-07-03 20:51:07,176 DEBUG                  - depth 12, hash eb6ffbb, HEAD~600
2021-07-03 20:51:07,180 DEBUG                  - depth 13, hash f7220c4, HEAD~601
2021-07-03 20:51:07,184 DEBUG                  - depth 14, hash 2ec4c99, HEAD~624
2021-07-03 20:51:07,188 DEBUG                  - depth 15, hash 045dbbb, HEAD~658
2021-07-03 20:51:07,193 DEBUG    [line range] org/apache/commons/csv/CSVParser.java next 403:449
2021-07-03 20:51:07,223 DEBUG                  - depth 0, hash 412d05d, HEAD~146
2021-07-03 20:51:07,229 DEBUG                  - depth 1, hash 316a51f, HEAD~157
2021-07-03 20:51:07,233 DEBUG                  - depth 2, hash 6999746, HEAD~172
2021-07-03 20:51:07,237 DEBUG                  - depth 3, hash f78b5a1, HEAD~175
2021-07-03 20:51:07,241 DEBUG                  - depth 4, hash 933cf2d, HEAD~339
2021-07-03 20:51:07,245 DEBUG                  - depth 5, hash 6306dd7, HEAD~406
2021-07-03 20:51:07,250 DEBUG                  - depth 6, hash 0e8084a, HEAD~408
2021-07-03 20:51:07,254 DEBUG                  - depth 7, hash 6ab9b46, HEAD~439
2021-07-03 20:51:07,258 DEBUG                  - depth 8, hash 25f4b3e, HEAD~452
2021-07-03 20:51:07,262 DEBUG                  - depth 9, hash bf06bed, HEAD~462
2021-07-03 20:51:07,266 DEBUG                  - depth 10, hash aee6c50, HEAD~588
2021-07-03 20:51:07,270 DEBUG                  - depth 11, hash b30da44, HEAD~599
2021-07-03 20:51:07,274 DEBUG                  - depth 12, hash eb6ffbb, HEAD~600
2021-07-03 20:51:07,279 DEBUG                  - depth 13, hash f7220c4, HEAD~601
2021-07-03 20:51:07,283 DEBUG                  - depth 14, hash 2ec4c99, HEAD~624
2021-07-03 20:51:07,287 DEBUG                  - depth 15, hash 045dbbb, HEAD~658
2021-07-03 20:51:07,291 DEBUG    [line range] org/apache/commons/csv/CSVParser.java next 403:449
2021-07-03 20:51:07,322 DEBUG                  - depth 0, hash 412d05d, HEAD~146
2021-07-03 20:51:07,327 DEBUG                  - depth 1, hash 316a51f, HEAD~157
2021-07-03 20:51:07,332 DEBUG                  - depth 2, hash 6999746, HEAD~172
2021-07-03 20:51:07,336 DEBUG                  - depth 3, hash f78b5a1, HEAD~175
2021-07-03 20:51:07,340 DEBUG                  - depth 4, hash 933cf2d, HEAD~339
2021-07-03 20:51:07,344 DEBUG                  - depth 5, hash 6306dd7, HEAD~406
2021-07-03 20:51:07,348 DEBUG                  - depth 6, hash 0e8084a, HEAD~408
2021-07-03 20:51:07,352 DEBUG                  - depth 7, hash 6ab9b46, HEAD~439
2021-07-03 20:51:07,356 DEBUG                  - depth 8, hash 25f4b3e, HEAD~452
2021-07-03 20:51:07,361 DEBUG                  - depth 9, hash bf06bed, HEAD~462
2021-07-03 20:51:07,365 DEBUG                  - depth 10, hash aee6c50, HEAD~588
2021-07-03 20:51:07,369 DEBUG                  - depth 11, hash b30da44, HEAD~599
2021-07-03 20:51:07,373 DEBUG                  - depth 12, hash eb6ffbb, HEAD~600
2021-07-03 20:51:07,377 DEBUG                  - depth 13, hash f7220c4, HEAD~601
2021-07-03 20:51:07,381 DEBUG                  - depth 14, hash 2ec4c99, HEAD~624
2021-07-03 20:51:07,385 DEBUG                  - depth 15, hash 045dbbb, HEAD~658
2021-07-03 20:51:07,390 DEBUG    [line range] org/apache/commons/csv/CSVParser.java <clinit> 458:500
2021-07-03 20:51:07,417 DEBUG                  - depth 0, hash a84668e, HEAD~23
2021-07-03 20:51:07,422 DEBUG                  - depth 1, hash 966cd20, HEAD~24
2021-07-03 20:51:07,426 DEBUG                  - depth 2, hash 9873b13, HEAD~34
2021-07-03 20:51:07,430 DEBUG                  - depth 3, hash 316a51f, HEAD~157
2021-07-03 20:51:07,435 DEBUG                  - depth 4, hash 6999746, HEAD~172
2021-07-03 20:51:07,439 DEBUG                  - depth 5, hash 61fdb7a, HEAD~173
2021-07-03 20:51:07,443 DEBUG                  - depth 6, hash f78b5a1, HEAD~175
2021-07-03 20:51:07,782 DEBUG    [line range] org/apache/commons/csv/CSVRecord.java <clinit> 35:35
2021-07-03 20:51:07,808 DEBUG                  - depth 0, hash 10bf28e, HEAD~573
2021-07-03 20:51:07,814 DEBUG                  - depth 1, hash 530c933, HEAD~586
2021-07-03 20:51:07,818 DEBUG                  - depth 2, hash aee6c50, HEAD~588
2021-07-03 20:51:07,822 DEBUG    [line range] org/apache/commons/csv/CSVRecord.java <init> 51:57
2021-07-03 20:51:07,847 DEBUG                  - depth 0, hash 20fe471, HEAD~294
2021-07-03 20:51:07,852 DEBUG                  - depth 1, hash 68352ee, HEAD~328
2021-07-03 20:51:07,856 DEBUG                  - depth 2, hash daf9849, HEAD~410
2021-07-03 20:51:07,861 DEBUG                  - depth 3, hash 6ab9b46, HEAD~439
2021-07-03 20:51:07,865 DEBUG                  - depth 4, hash 787ab08, HEAD~492
2021-07-03 20:51:07,869 DEBUG                  - depth 5, hash 10bf28e, HEAD~573
2021-07-03 20:51:07,873 DEBUG                  - depth 6, hash 530c933, HEAD~586
2021-07-03 20:51:07,877 DEBUG                  - depth 7, hash aee6c50, HEAD~588
2021-07-03 20:51:07,881 DEBUG    [line range] org/apache/commons/csv/CSVRecord.java putIn 179:187
2021-07-03 20:51:07,905 DEBUG                  - depth 0, hash 9f03b06, HEAD~22
2021-07-03 20:51:07,910 DEBUG                  - depth 1, hash 2414250, HEAD~53
2021-07-03 20:51:07,915 DEBUG                  - depth 2, hash 5f9a198, HEAD~60
2021-07-03 20:51:07,919 DEBUG                  - depth 3, hash 5941149, HEAD~61
2021-07-03 20:51:07,923 DEBUG                  - depth 4, hash d01e6b5, HEAD~62
2021-07-03 20:51:07,927 DEBUG    [line range] org/apache/commons/csv/CSVRecord.java toMap 213:215
2021-07-03 20:51:07,950 DEBUG                  - depth 0, hash d01e6b5, HEAD~62
2021-07-03 20:51:08,242 DEBUG    [line range] org/apache/commons/csv/Constants.java <clinit> 36:36
2021-07-03 20:51:08,267 DEBUG                  - depth 0, hash e5a7b27, HEAD~318
2021-07-03 20:51:08,272 DEBUG                  - depth 1, hash 56ca585, HEAD~432
2021-07-03 20:51:08,592 DEBUG    [line range] org/apache/commons/csv/ExtendedBufferedReader.java <init> 40:40
2021-07-03 20:51:08,617 DEBUG                  - depth 0, hash 1166ca6, HEAD~674
2021-07-03 20:51:08,622 DEBUG                  - depth 1, hash e23e79e, HEAD~800
2021-07-03 20:51:08,627 DEBUG    [line range] org/apache/commons/csv/ExtendedBufferedReader.java getLastChar 72:74
2021-07-03 20:51:08,652 DEBUG                  - depth 0, hash 9f6d3f5, HEAD~401
2021-07-03 20:51:08,657 DEBUG                  - depth 1, hash 516b82b, HEAD~637
2021-07-03 20:51:08,662 DEBUG                  - depth 2, hash 1166ca6, HEAD~674
2021-07-03 20:51:08,666 DEBUG                  - depth 3, hash e23e79e, HEAD~800
2021-07-03 20:51:08,670 DEBUG    [line range] org/apache/commons/csv/ExtendedBufferedReader.java isClosed 160:162
2021-07-03 20:51:08,694 DEBUG                  - depth 0, hash e0b79fe, HEAD~109
2021-07-03 20:51:08,699 DEBUG                  - depth 1, hash fcc0d15, HEAD~156
2021-07-03 20:51:08,704 DEBUG                  - depth 2, hash f78b5a1, HEAD~175
2021-07-03 20:51:08,708 DEBUG    [line range] org/apache/commons/csv/ExtendedBufferedReader.java read 54:62
2021-07-03 20:51:08,734 DEBUG                  - depth 0, hash 71c69df, HEAD~204
2021-07-03 20:51:08,739 DEBUG                  - depth 1, hash 6ab9b46, HEAD~439
2021-07-03 20:51:08,743 DEBUG                  - depth 2, hash e235b2a, HEAD~467
2021-07-03 20:51:08,748 DEBUG                  - depth 3, hash de1838e, HEAD~539
2021-07-03 20:51:08,752 DEBUG                  - depth 4, hash afc831b, HEAD~610
2021-07-03 20:51:08,756 DEBUG                  - depth 5, hash 660f37a, HEAD~630
2021-07-03 20:51:08,760 DEBUG                  - depth 6, hash 1166ca6, HEAD~674
2021-07-03 20:51:08,764 DEBUG                  - depth 7, hash e23e79e, HEAD~800
2021-07-03 20:51:09,130 DEBUG    [line range] org/apache/commons/csv/Lexer.java <init> 61:69
2021-07-03 20:51:09,157 DEBUG                  - depth 0, hash 8e18054, HEAD~27
2021-07-03 20:51:09,163 DEBUG                  - depth 1, hash 5a30b37, HEAD~107
2021-07-03 20:51:09,167 DEBUG                  - depth 2, hash 65f6f1d, HEAD~126
2021-07-03 20:51:09,171 DEBUG                  - depth 3, hash aede94a, HEAD~129
2021-07-03 20:51:09,175 DEBUG                  - depth 4, hash 7b168eb, HEAD~130
2021-07-03 20:51:09,180 DEBUG                  - depth 5, hash 05ecd91, HEAD~254
2021-07-03 20:51:09,184 DEBUG                  - depth 6, hash 6ab9b46, HEAD~439
2021-07-03 20:51:09,188 DEBUG                  - depth 7, hash fdfe508, HEAD~562
2021-07-03 20:51:09,192 DEBUG                  - depth 8, hash 65ab9db, HEAD~566
2021-07-03 20:51:09,196 DEBUG                  - depth 9, hash 38670db, HEAD~592
2021-07-03 20:51:09,200 DEBUG    [line range] org/apache/commons/csv/Lexer.java isClosed 371:373
2021-07-03 20:51:09,225 DEBUG                  - depth 0, hash 8e18054, HEAD~27
2021-07-03 20:51:09,230 DEBUG                  - depth 1, hash 7b168eb, HEAD~130
2021-07-03 20:51:09,234 DEBUG    [line range] org/apache/commons/csv/Lexer.java isCommentStart 411:413
2021-07-03 20:51:09,259 DEBUG                  - depth 0, hash 5a30b37, HEAD~107
2021-07-03 20:51:09,265 DEBUG                  - depth 1, hash 7b168eb, HEAD~130
2021-07-03 20:51:09,269 DEBUG    [line range] org/apache/commons/csv/Lexer.java isDelimiter 399:401
2021-07-03 20:51:09,293 DEBUG                  - depth 0, hash 7b168eb, HEAD~130
2021-07-03 20:51:09,299 DEBUG    [line range] org/apache/commons/csv/Lexer.java isEndOfFile 395:397
2021-07-03 20:51:09,323 DEBUG                  - depth 0, hash 7b168eb, HEAD~130
2021-07-03 20:51:09,329 DEBUG    [line range] org/apache/commons/csv/Lexer.java isEscape 403:405
2021-07-03 20:51:09,354 DEBUG                  - depth 0, hash 7b168eb, HEAD~130
2021-07-03 20:51:09,359 DEBUG    [line range] org/apache/commons/csv/Lexer.java isQuoteChar 407:409
2021-07-03 20:51:09,384 DEBUG                  - depth 0, hash 7b168eb, HEAD~130
2021-07-03 20:51:09,389 DEBUG    [line range] org/apache/commons/csv/Lexer.java isStartOfLine 388:390
2021-07-03 20:51:09,414 DEBUG                  - depth 0, hash 7b168eb, HEAD~130
2021-07-03 20:51:09,419 DEBUG    [line range] org/apache/commons/csv/Lexer.java mapNullToDisabled 290:292
2021-07-03 20:51:09,444 DEBUG                  - depth 0, hash a223126, HEAD~123
2021-07-03 20:51:09,450 DEBUG                  - depth 1, hash 7b168eb, HEAD~130
2021-07-03 20:51:09,454 DEBUG    [line range] org/apache/commons/csv/Lexer.java nextToken 82:164
2021-07-03 20:51:09,482 DEBUG                  - depth 0, hash 8e18054, HEAD~27
2021-07-03 20:51:09,487 DEBUG                  - depth 1, hash fcc0d15, HEAD~156
2021-07-03 20:51:09,491 DEBUG                  - depth 2, hash 530b038, HEAD~191
2021-07-03 20:51:09,496 DEBUG                  - depth 3, hash 93a07b9, HEAD~192
2021-07-03 20:51:09,500 DEBUG                  - depth 4, hash c4014b6, HEAD~283
2021-07-03 20:51:09,504 DEBUG                  - depth 5, hash 350d34d, HEAD~356
2021-07-03 20:51:09,508 DEBUG                  - depth 6, hash 2a8ce4a, HEAD~397
2021-07-03 20:51:09,512 DEBUG                  - depth 7, hash 9f6d3f5, HEAD~401
2021-07-03 20:51:09,517 DEBUG                  - depth 8, hash 992c064, HEAD~420
2021-07-03 20:51:09,521 DEBUG                  - depth 9, hash 3655efc, HEAD~421
2021-07-03 20:51:09,525 DEBUG                  - depth 10, hash 6ab9b46, HEAD~439
2021-07-03 20:51:09,529 DEBUG                  - depth 11, hash 8608520, HEAD~458
2021-07-03 20:51:09,533 DEBUG                  - depth 12, hash 93fc1f9, HEAD~459
2021-07-03 20:51:09,538 DEBUG                  - depth 13, hash bf06bed, HEAD~462
2021-07-03 20:51:09,542 DEBUG                  - depth 14, hash 787ab08, HEAD~492
2021-07-03 20:51:09,546 DEBUG                  - depth 15, hash 8462234, HEAD~498
2021-07-03 20:51:09,550 DEBUG                  - depth 16, hash 3fd45b5, HEAD~502
2021-07-03 20:51:09,555 DEBUG                  - depth 17, hash 7addc8f, HEAD~512
2021-07-03 20:51:09,559 DEBUG                  - depth 18, hash e922bf9, HEAD~520
2021-07-03 20:51:09,563 DEBUG                  - depth 19, hash 05b5c8e, HEAD~521
2021-07-03 20:51:09,567 DEBUG                  - depth 20, hash 93089b2, HEAD~523
2021-07-03 20:51:09,571 DEBUG                  - depth 21, hash 7c2cfea, HEAD~529
2021-07-03 20:51:09,575 DEBUG                  - depth 22, hash 0a0f3bb, HEAD~530
2021-07-03 20:51:09,580 DEBUG                  - depth 23, hash 9114337, HEAD~531
2021-07-03 20:51:09,584 DEBUG                  - depth 24, hash 38741a4, HEAD~547
2021-07-03 20:51:09,588 DEBUG                  - depth 25, hash dd26201, HEAD~552
2021-07-03 20:51:09,592 DEBUG                  - depth 26, hash 9ebd0d9, HEAD~555
2021-07-03 20:51:09,596 DEBUG                  - depth 27, hash 1299ddf, HEAD~556
2021-07-03 20:51:09,600 DEBUG                  - depth 28, hash fa07dea, HEAD~557
2021-07-03 20:51:09,605 DEBUG                  - depth 29, hash 83e4a90, HEAD~559
2021-07-03 20:51:09,609 DEBUG                  - depth 30, hash 38670db, HEAD~592
2021-07-03 20:51:09,613 DEBUG    [line range] org/apache/commons/csv/Lexer.java parseSimpleToken 185:217
2021-07-03 20:51:09,641 DEBUG                  - depth 0, hash 8e18054, HEAD~27
2021-07-03 20:51:09,646 DEBUG                  - depth 1, hash a062477, HEAD~163
2021-07-03 20:51:09,650 DEBUG                  - depth 2, hash 93a07b9, HEAD~192
2021-07-03 20:51:09,655 DEBUG                  - depth 3, hash 2c61208, HEAD~214
2021-07-03 20:51:09,659 DEBUG                  - depth 4, hash c4014b6, HEAD~283
2021-07-03 20:51:09,663 DEBUG                  - depth 5, hash 2a8ce4a, HEAD~397
2021-07-03 20:51:09,667 DEBUG                  - depth 6, hash 3655efc, HEAD~421
2021-07-03 20:51:09,671 DEBUG                  - depth 7, hash 6ab9b46, HEAD~439
2021-07-03 20:51:09,676 DEBUG                  - depth 8, hash 19ba389, HEAD~504
2021-07-03 20:51:09,680 DEBUG                  - depth 9, hash ba26844, HEAD~528
2021-07-03 20:51:09,684 DEBUG                  - depth 10, hash 9114337, HEAD~531
2021-07-03 20:51:09,688 DEBUG                  - depth 11, hash 38741a4, HEAD~547
2021-07-03 20:51:09,693 DEBUG                  - depth 12, hash dd26201, HEAD~552
2021-07-03 20:51:09,697 DEBUG                  - depth 13, hash fa07dea, HEAD~557
2021-07-03 20:51:09,701 DEBUG                  - depth 14, hash 83e4a90, HEAD~559
2021-07-03 20:51:09,705 DEBUG                  - depth 15, hash 38670db, HEAD~592
2021-07-03 20:51:09,710 DEBUG    [line range] org/apache/commons/csv/Lexer.java readEndOfLine 362:369
2021-07-03 20:51:09,734 DEBUG                  - depth 0, hash 8e18054, HEAD~27
2021-07-03 20:51:09,739 DEBUG                  - depth 1, hash 7b168eb, HEAD~130
2021-07-03 20:51:09,999 DEBUG    [single line]   org/apache/commons/csv/Quote.java <clinit> 24
2021-07-03 20:51:10,023 DEBUG                  - depth 0, hash e693d87, HEAD~390
2021-07-03 20:51:10,028 DEBUG    [single line]   org/apache/commons/csv/Quote.java <clinit> 29
2021-07-03 20:51:10,052 DEBUG                  - depth 0, hash e693d87, HEAD~390
2021-07-03 20:51:10,057 DEBUG    [single line]   org/apache/commons/csv/Quote.java <clinit> 35
2021-07-03 20:51:10,081 DEBUG                  - depth 0, hash e693d87, HEAD~390
2021-07-03 20:51:10,087 DEBUG    [single line]   org/apache/commons/csv/Quote.java <clinit> 40
2021-07-03 20:51:10,111 DEBUG                  - depth 0, hash e693d87, HEAD~390
2021-07-03 20:51:10,116 DEBUG    [single line]   org/apache/commons/csv/Quote.java <clinit> 47
2021-07-03 20:51:10,140 DEBUG                  - depth 0, hash e693d87, HEAD~390
2021-07-03 20:51:10,438 DEBUG    [single line]   org/apache/commons/csv/Token.java <init> 29
2021-07-03 20:51:10,462 DEBUG                  - depth 0, hash 0e7e9de, HEAD~403
2021-07-03 20:51:10,467 DEBUG                  - depth 1, hash 7592782, HEAD~567
2021-07-03 20:51:10,472 DEBUG    [line range] org/apache/commons/csv/Token.java <init> 52:52
2021-07-03 20:51:10,495 DEBUG                  - depth 0, hash 7592782, HEAD~567
2021-07-03 20:51:10,501 DEBUG    [line range] org/apache/commons/csv/Token.java reset 60:64
2021-07-03 20:51:10,525 DEBUG                  - depth 0, hash 17c2635, HEAD~404
2021-07-03 20:51:10,530 DEBUG                  - depth 1, hash 7592782, HEAD~567
2021-07-03 20:51:10,535 DEBUG    [single line]   org/apache/commons/csv/Token.java <clinit> 34
2021-07-03 20:51:10,559 DEBUG                  - depth 0, hash 7592782, HEAD~567
2021-07-03 20:51:10,565 DEBUG    [single line]   org/apache/commons/csv/Token.java <clinit> 36
2021-07-03 20:51:10,589 DEBUG                  - depth 0, hash 7592782, HEAD~567
2021-07-03 20:51:10,595 DEBUG    [single line]   org/apache/commons/csv/Token.java <clinit> 39
2021-07-03 20:51:10,619 DEBUG                  - depth 0, hash 7592782, HEAD~567
2021-07-03 20:51:10,624 DEBUG    [single line]   org/apache/commons/csv/Token.java <clinit> 42
2021-07-03 20:51:10,648 DEBUG                  - depth 0, hash 7592782, HEAD~567
2021-07-03 20:51:10,653 DEBUG    [single line]   org/apache/commons/csv/Token.java <clinit> 45
2021-07-03 20:51:10,677 DEBUG                  - depth 0, hash 0a0f3bb, HEAD~530
2021-07-03 20:51:10,682 DEBUG                  - depth 1, hash 7592782, HEAD~567
2021-07-03 20:51:10,687 DEBUG    [single line]   org/apache/commons/csv/Token.java <clinit> 48
2021-07-03 20:51:10,711 DEBUG                  - depth 0, hash 0a0f3bb, HEAD~530
2021-07-03 20:51:10,717 DEBUG                  - depth 1, hash 7592782, HEAD~567
2021-07-03 20:51:10,721 INFO     The number of BIC candidates: 146
