2021-07-03 20:58:23,793 INFO     Search BICs for /tmp/Gson-10b/
2021-07-03 20:58:23,793 DEBUG    Reading the coverage of com.google.gson.functional.JsonAdapterAnnotationOnFieldsTest::testPrimitiveFieldAnnotationTakesPrecedenceOverDefault (failings)
2021-07-03 20:58:23,829 INFO     Loaded 1x605 Coverage Matrix
2021-07-03 20:58:23,830 INFO     The number of total commits: 1263
2021-07-03 20:58:24,131 DEBUG    [single line]   com/google/gson/FieldNamingPolicy.java <clinit> 31
2021-07-03 20:58:24,179 DEBUG                  - depth 0, hash f89e92a, HEAD~514
2021-07-03 20:58:24,185 DEBUG                  - depth 1, hash 57d1f32, HEAD~1262
2021-07-03 20:58:24,189 DEBUG    [single line]   com/google/gson/FieldNamingPolicy.java <clinit> 37
2021-07-03 20:58:24,238 DEBUG                  - depth 0, hash f89e92a, HEAD~514
2021-07-03 20:58:24,243 DEBUG                  - depth 1, hash 57d1f32, HEAD~1262
2021-07-03 20:58:24,247 DEBUG    [single line]   com/google/gson/FieldNamingPolicy.java <clinit> 53
2021-07-03 20:58:24,296 DEBUG                  - depth 0, hash f89e92a, HEAD~514
2021-07-03 20:58:24,302 DEBUG                  - depth 1, hash 57d1f32, HEAD~1262
2021-07-03 20:58:24,306 DEBUG    [single line]   com/google/gson/FieldNamingPolicy.java <clinit> 72
2021-07-03 20:58:24,354 DEBUG                  - depth 0, hash f89e92a, HEAD~514
2021-07-03 20:58:24,360 DEBUG                  - depth 1, hash ba01548, HEAD~979
2021-07-03 20:58:24,364 DEBUG    [single line]   com/google/gson/FieldNamingPolicy.java <clinit> 90
2021-07-03 20:58:24,414 DEBUG                  - depth 0, hash f89e92a, HEAD~514
2021-07-03 20:58:24,419 DEBUG                  - depth 1, hash ad4ff69, HEAD~1060
2021-07-03 20:58:24,423 DEBUG                  - depth 2, hash 57d1f32, HEAD~1262
2021-07-03 20:58:24,427 DEBUG    [single line]   com/google/gson/FieldNamingPolicy.java <clinit> 113
2021-07-03 20:58:24,476 DEBUG                  - depth 0, hash f89e92a, HEAD~514
2021-07-03 20:58:24,482 DEBUG                  - depth 1, hash ad4ff69, HEAD~1060
2021-07-03 20:58:24,486 DEBUG                  - depth 2, hash 57d1f32, HEAD~1262
2021-07-03 20:58:24,490 DEBUG    [single line]   com/google/gson/FieldNamingPolicy.java <init> 37
2021-07-03 20:58:24,539 DEBUG                  - depth 0, hash f89e92a, HEAD~514
2021-07-03 20:58:24,545 DEBUG                  - depth 1, hash 57d1f32, HEAD~1262
2021-07-03 20:58:24,549 DEBUG    [line range] com/google/gson/FieldNamingPolicy.java translateName 38:40
2021-07-03 20:58:24,597 DEBUG                  - depth 0, hash e5b3f63, HEAD~145
2021-07-03 20:58:24,602 DEBUG                  - depth 1, hash f89e92a, HEAD~514
2021-07-03 20:58:24,607 DEBUG                  - depth 2, hash 57d1f32, HEAD~1262
2021-07-03 20:58:24,611 DEBUG    [single line]   com/google/gson/FieldNamingPolicy.java <init> 53
2021-07-03 20:58:24,660 DEBUG                  - depth 0, hash f89e92a, HEAD~514
2021-07-03 20:58:24,666 DEBUG                  - depth 1, hash 57d1f32, HEAD~1262
2021-07-03 20:58:24,670 DEBUG    [single line]   com/google/gson/FieldNamingPolicy.java <init> 72
2021-07-03 20:58:24,718 DEBUG                  - depth 0, hash f89e92a, HEAD~514
2021-07-03 20:58:24,723 DEBUG                  - depth 1, hash ba01548, HEAD~979
2021-07-03 20:58:24,727 DEBUG    [single line]   com/google/gson/FieldNamingPolicy.java <init> 90
2021-07-03 20:58:24,776 DEBUG                  - depth 0, hash f89e92a, HEAD~514
2021-07-03 20:58:24,781 DEBUG                  - depth 1, hash ad4ff69, HEAD~1060
2021-07-03 20:58:24,785 DEBUG                  - depth 2, hash 57d1f32, HEAD~1262
2021-07-03 20:58:24,789 DEBUG    [single line]   com/google/gson/FieldNamingPolicy.java <init> 113
2021-07-03 20:58:24,839 DEBUG                  - depth 0, hash f89e92a, HEAD~514
2021-07-03 20:58:24,844 DEBUG                  - depth 1, hash ad4ff69, HEAD~1060
2021-07-03 20:58:24,848 DEBUG                  - depth 2, hash 57d1f32, HEAD~1262
2021-07-03 20:58:25,281 DEBUG    [line range] com/google/gson/Gson.java <clinit> 112:112
2021-07-03 20:58:25,330 DEBUG                  - depth 0, hash c561184, HEAD~37
2021-07-03 20:58:25,335 DEBUG    [line range] com/google/gson/Gson.java <init> 172:178
2021-07-03 20:58:25,403 DEBUG                  - depth 0, hash 3360c93, HEAD~81
2021-07-03 20:58:25,408 DEBUG                  - depth 1, hash d7fbac0, HEAD~453
2021-07-03 20:58:25,413 DEBUG                  - depth 2, hash 1794182, HEAD~503
2021-07-03 20:58:25,417 DEBUG                  - depth 3, hash aa2f61b, HEAD~507
2021-07-03 20:58:25,421 DEBUG                  - depth 4, hash f89e92a, HEAD~514
2021-07-03 20:58:25,425 DEBUG                  - depth 5, hash d3f927e, HEAD~565
2021-07-03 20:58:25,429 DEBUG                  - depth 6, hash 46e65a7, HEAD~581
2021-07-03 20:58:25,433 DEBUG                  - depth 7, hash c71e61c, HEAD~599
2021-07-03 20:58:25,437 DEBUG                  - depth 8, hash a98d6ea, HEAD~605
2021-07-03 20:58:25,441 DEBUG                  - depth 9, hash 25c6ae1, HEAD~607
2021-07-03 20:58:25,446 DEBUG                  - depth 10, hash aa06705, HEAD~650
2021-07-03 20:58:25,450 DEBUG                  - depth 11, hash 114633f, HEAD~818
2021-07-03 20:58:25,454 DEBUG                  - depth 12, hash b883f8f, HEAD~826
2021-07-03 20:58:25,458 DEBUG                  - depth 13, hash 2b9f81e, HEAD~827
2021-07-03 20:58:25,462 DEBUG                  - depth 14, hash dea7ab8, HEAD~905
2021-07-03 20:58:25,466 DEBUG                  - depth 15, hash 2b1f3ee, HEAD~934
2021-07-03 20:58:25,470 DEBUG                  - depth 16, hash 747e3c3, HEAD~940
2021-07-03 20:58:25,474 DEBUG                  - depth 17, hash 839b0c2, HEAD~1035
2021-07-03 20:58:25,479 DEBUG                  - depth 18, hash 6d50bce, HEAD~1088
2021-07-03 20:58:25,483 DEBUG                  - depth 19, hash b2b2e5d, HEAD~1114
2021-07-03 20:58:25,487 DEBUG                  - depth 20, hash 764e4d9, HEAD~1131
2021-07-03 20:58:25,491 DEBUG                  - depth 21, hash 458f2ba, HEAD~1154
2021-07-03 20:58:25,495 DEBUG                  - depth 22, hash 51881c7, HEAD~1161
2021-07-03 20:58:25,499 DEBUG                  - depth 23, hash cf2a457, HEAD~1205
2021-07-03 20:58:25,503 DEBUG                  - depth 24, hash cc90a68, HEAD~1220
2021-07-03 20:58:25,508 DEBUG                  - depth 25, hash 9dfa454, HEAD~1226
2021-07-03 20:58:25,512 DEBUG                  - depth 26, hash 57d1f32, HEAD~1262
2021-07-03 20:58:25,516 DEBUG    [line range] com/google/gson/Gson.java <init> 122:123
2021-07-03 20:58:25,571 DEBUG                  - depth 0, hash 1e18dce, HEAD~337
2021-07-03 20:58:25,576 DEBUG                  - depth 1, hash 7e76014, HEAD~522
2021-07-03 20:58:25,581 DEBUG    [line range] com/google/gson/Gson.java atomicLongAdapter 350:360
2021-07-03 20:58:25,631 DEBUG                  - depth 0, hash cc54e4d, HEAD~139
2021-07-03 20:58:25,637 DEBUG                  - depth 1, hash 7821b73, HEAD~140
2021-07-03 20:58:25,641 DEBUG    [line range] com/google/gson/Gson.java atomicLongArrayAdapter 362:387
2021-07-03 20:58:25,690 DEBUG                  - depth 0, hash 11b26b5, HEAD~137
2021-07-03 20:58:25,695 DEBUG    [line range] com/google/gson/Gson.java doubleAdapter 272:294
2021-07-03 20:58:25,756 DEBUG                  - depth 0, hash f602bce, HEAD~488
2021-07-03 20:58:25,761 DEBUG                  - depth 1, hash bc68d72, HEAD~499
2021-07-03 20:58:25,765 DEBUG                  - depth 2, hash 0e02cbb, HEAD~551
2021-07-03 20:58:25,769 DEBUG                  - depth 3, hash 25c6ae1, HEAD~607
2021-07-03 20:58:25,773 DEBUG                  - depth 4, hash 9db0c53, HEAD~625
2021-07-03 20:58:25,777 DEBUG                  - depth 5, hash 1885ba7, HEAD~648
2021-07-03 20:58:25,781 DEBUG    [line range] com/google/gson/Gson.java floatAdapter 296:318
2021-07-03 20:58:25,843 DEBUG                  - depth 0, hash f602bce, HEAD~488
2021-07-03 20:58:25,848 DEBUG                  - depth 1, hash bc68d72, HEAD~499
2021-07-03 20:58:25,852 DEBUG                  - depth 2, hash 0e02cbb, HEAD~551
2021-07-03 20:58:25,857 DEBUG                  - depth 3, hash 25c6ae1, HEAD~607
2021-07-03 20:58:25,861 DEBUG                  - depth 4, hash 9db0c53, HEAD~625
2021-07-03 20:58:25,865 DEBUG                  - depth 5, hash 1885ba7, HEAD~648
2021-07-03 20:58:25,869 DEBUG    [line range] com/google/gson/Gson.java getAdapter 395:436
2021-07-03 20:58:25,926 DEBUG                  - depth 0, hash 31dcfa3, HEAD~36
2021-07-03 20:58:25,932 DEBUG                  - depth 1, hash c561184, HEAD~37
2021-07-03 20:58:25,936 DEBUG                  - depth 2, hash 6dc6b4b, HEAD~328
2021-07-03 20:58:25,940 DEBUG                  - depth 3, hash 1e18dce, HEAD~337
2021-07-03 20:58:25,944 DEBUG                  - depth 4, hash d7fbac0, HEAD~453
2021-07-03 20:58:25,948 DEBUG                  - depth 5, hash 756131d, HEAD~487
2021-07-03 20:58:25,952 DEBUG                  - depth 6, hash 4c06b01, HEAD~496
2021-07-03 20:58:25,957 DEBUG                  - depth 7, hash 7e76014, HEAD~522
2021-07-03 20:58:25,961 DEBUG    [line range] com/google/gson/Gson.java longAdapter 328:348
2021-07-03 20:58:26,028 DEBUG                  - depth 0, hash cc54e4d, HEAD~139
2021-07-03 20:58:26,034 DEBUG                  - depth 1, hash f602bce, HEAD~488
2021-07-03 20:58:26,038 DEBUG                  - depth 2, hash bc68d72, HEAD~499
2021-07-03 20:58:26,042 DEBUG                  - depth 3, hash 0e02cbb, HEAD~551
2021-07-03 20:58:26,046 DEBUG                  - depth 4, hash 25c6ae1, HEAD~607
2021-07-03 20:58:26,050 DEBUG                  - depth 5, hash 9db0c53, HEAD~625
2021-07-03 20:58:26,054 DEBUG                  - depth 6, hash aa06705, HEAD~650
2021-07-03 20:58:26,058 DEBUG                  - depth 7, hash f276d13, HEAD~659
2021-07-03 20:58:26,062 DEBUG                  - depth 8, hash 3331dcd, HEAD~660
2021-07-03 20:58:26,066 DEBUG                  - depth 9, hash 37abcf3, HEAD~661
2021-07-03 20:58:26,070 DEBUG                  - depth 10, hash 57d1f32, HEAD~1262
2021-07-03 20:58:26,075 DEBUG    [line range] com/google/gson/Gson.java newJsonWriter 709:719
2021-07-03 20:58:26,132 DEBUG                  - depth 0, hash e81f3eb, HEAD~185
2021-07-03 20:58:26,138 DEBUG                  - depth 1, hash bb7f0b6, HEAD~570
2021-07-03 20:58:26,142 DEBUG    [line range] com/google/gson/Gson.java toJson 576:581
2021-07-03 20:58:26,208 DEBUG                  - depth 0, hash e79bcde, HEAD~700
2021-07-03 20:58:26,214 DEBUG                  - depth 1, hash 56aa828, HEAD~824
2021-07-03 20:58:26,218 DEBUG                  - depth 2, hash e37add7, HEAD~1027
2021-07-03 20:58:26,222 DEBUG                  - depth 3, hash b634804, HEAD~1034
2021-07-03 20:58:26,226 DEBUG                  - depth 4, hash 57d1f32, HEAD~1262
2021-07-03 20:58:26,230 DEBUG    [line range] com/google/gson/Gson.java toJson 598:602
2021-07-03 20:58:26,297 DEBUG                  - depth 0, hash bb7f0b6, HEAD~570
2021-07-03 20:58:26,302 DEBUG                  - depth 1, hash 747e3c3, HEAD~940
2021-07-03 20:58:26,307 DEBUG                  - depth 2, hash e37add7, HEAD~1027
2021-07-03 20:58:26,311 DEBUG                  - depth 3, hash b634804, HEAD~1034
2021-07-03 20:58:26,315 DEBUG                  - depth 4, hash 57d1f32, HEAD~1262
2021-07-03 20:58:26,319 DEBUG    [line range] com/google/gson/Gson.java toJson 656:674
2021-07-03 20:58:26,383 DEBUG                  - depth 0, hash 7e76014, HEAD~522
2021-07-03 20:58:26,389 DEBUG                  - depth 1, hash 47a36fd, HEAD~568
2021-07-03 20:58:26,393 DEBUG                  - depth 2, hash bb7f0b6, HEAD~570
2021-07-03 20:58:26,397 DEBUG                  - depth 3, hash 10db917, HEAD~890
2021-07-03 20:58:26,401 DEBUG                  - depth 4, hash 747e3c3, HEAD~940
2021-07-03 20:58:26,406 DEBUG    [line range] com/google/gson/Gson.java toJson 642:649
2021-07-03 20:58:26,473 DEBUG                  - depth 0, hash bb7f0b6, HEAD~570
2021-07-03 20:58:26,478 DEBUG                  - depth 1, hash 10db917, HEAD~890
2021-07-03 20:58:26,483 DEBUG                  - depth 2, hash e37add7, HEAD~1027
2021-07-03 20:58:26,487 DEBUG                  - depth 3, hash b634804, HEAD~1034
2021-07-03 20:58:26,491 DEBUG                  - depth 4, hash b7cbfc5, HEAD~1082
2021-07-03 20:58:26,495 DEBUG                  - depth 5, hash 9bcbb4c, HEAD~1191
2021-07-03 20:58:26,499 DEBUG                  - depth 6, hash 9dfa454, HEAD~1226
2021-07-03 20:58:26,503 DEBUG                  - depth 7, hash 57d1f32, HEAD~1262
2021-07-03 20:58:26,508 DEBUG    [line range] com/google/gson/Gson.java write 272:294
2021-07-03 20:58:26,569 DEBUG                  - depth 0, hash f602bce, HEAD~488
2021-07-03 20:58:26,574 DEBUG                  - depth 1, hash bc68d72, HEAD~499
2021-07-03 20:58:26,578 DEBUG                  - depth 2, hash 0e02cbb, HEAD~551
2021-07-03 20:58:26,582 DEBUG                  - depth 3, hash 25c6ae1, HEAD~607
2021-07-03 20:58:26,587 DEBUG                  - depth 4, hash 9db0c53, HEAD~625
2021-07-03 20:58:26,591 DEBUG                  - depth 5, hash 1885ba7, HEAD~648
2021-07-03 20:58:26,595 DEBUG    [line range] com/google/gson/Gson.java setDelegate 955:960
2021-07-03 20:58:26,652 DEBUG                  - depth 0, hash 7e76014, HEAD~522
2021-07-03 20:58:26,943 DEBUG    [single line]   com/google/gson/LongSerializationPolicy.java <clinit> 27
2021-07-03 20:58:27,007 DEBUG                  - depth 0, hash e2cfc0c, HEAD~1141
2021-07-03 20:58:27,013 DEBUG    [single line]   com/google/gson/LongSerializationPolicy.java <clinit> 34
2021-07-03 20:58:27,061 DEBUG                  - depth 0, hash a00c5ff, HEAD~517
2021-07-03 20:58:27,066 DEBUG                  - depth 1, hash e2cfc0c, HEAD~1141
2021-07-03 20:58:27,071 DEBUG    [single line]   com/google/gson/LongSerializationPolicy.java <clinit> 45
2021-07-03 20:58:27,119 DEBUG                  - depth 0, hash a00c5ff, HEAD~517
2021-07-03 20:58:27,124 DEBUG                  - depth 1, hash e2cfc0c, HEAD~1141
2021-07-03 20:58:27,128 DEBUG    [single line]   com/google/gson/LongSerializationPolicy.java <init> 34
2021-07-03 20:58:27,177 DEBUG                  - depth 0, hash a00c5ff, HEAD~517
2021-07-03 20:58:27,182 DEBUG                  - depth 1, hash e2cfc0c, HEAD~1141
2021-07-03 20:58:27,186 DEBUG    [single line]   com/google/gson/LongSerializationPolicy.java <init> 45
2021-07-03 20:58:27,235 DEBUG                  - depth 0, hash a00c5ff, HEAD~517
2021-07-03 20:58:27,240 DEBUG                  - depth 1, hash e2cfc0c, HEAD~1141
2021-07-03 20:58:27,566 DEBUG    [single line]   com/google/gson/TypeAdapter.java <init> 119
2021-07-03 20:58:27,617 DEBUG                  - depth 0, hash c5f1df1, HEAD~678
2021-07-03 20:58:27,622 DEBUG    [line range] com/google/gson/TypeAdapter.java nullSafe 185:202
2021-07-03 20:58:27,671 DEBUG                  - depth 0, hash b28e518, HEAD~459
2021-07-03 20:58:27,677 DEBUG                  - depth 1, hash eb2230c, HEAD~479
2021-07-03 20:58:27,681 DEBUG                  - depth 2, hash 0b734e4, HEAD~482
2021-07-03 20:58:27,685 DEBUG                  - depth 3, hash 91be944, HEAD~485
2021-07-03 20:58:27,689 DEBUG    [line range] com/google/gson/TypeAdapter.java <init> 185:202
2021-07-03 20:58:27,739 DEBUG                  - depth 0, hash b28e518, HEAD~459
2021-07-03 20:58:27,744 DEBUG                  - depth 1, hash eb2230c, HEAD~479
2021-07-03 20:58:27,748 DEBUG                  - depth 2, hash 0b734e4, HEAD~482
2021-07-03 20:58:27,752 DEBUG                  - depth 3, hash 91be944, HEAD~485
2021-07-03 20:58:28,104 DEBUG    [line range] com/google/gson/internal/ConstructorConstructor.java <init> 51:53
2021-07-03 20:58:28,155 DEBUG                  - depth 0, hash 1794182, HEAD~503
2021-07-03 20:58:28,160 DEBUG                  - depth 1, hash d391584, HEAD~519
2021-07-03 20:58:28,164 DEBUG                  - depth 2, hash 25c6ae1, HEAD~607
2021-07-03 20:58:28,169 DEBUG    [line range] com/google/gson/internal/ConstructorConstructor.java get 55:95
2021-07-03 20:58:28,219 DEBUG                  - depth 0, hash fef43b2, HEAD~142
2021-07-03 20:58:28,224 DEBUG                  - depth 1, hash 040bae3, HEAD~335
2021-07-03 20:58:28,229 DEBUG                  - depth 2, hash 1a4f690, HEAD~374
2021-07-03 20:58:28,233 DEBUG                  - depth 3, hash 6cca23c, HEAD~432
2021-07-03 20:58:28,237 DEBUG                  - depth 4, hash 1794182, HEAD~503
2021-07-03 20:58:28,241 DEBUG                  - depth 5, hash d391584, HEAD~519
2021-07-03 20:58:28,245 DEBUG                  - depth 6, hash 4a6c084, HEAD~603
2021-07-03 20:58:28,249 DEBUG                  - depth 7, hash 25c6ae1, HEAD~607
2021-07-03 20:58:28,254 DEBUG    [line range] com/google/gson/internal/ConstructorConstructor.java newDefaultConstructor 97:125
2021-07-03 20:58:28,305 DEBUG                  - depth 0, hash fef43b2, HEAD~142
2021-07-03 20:58:28,310 DEBUG                  - depth 1, hash 290fb69, HEAD~542
2021-07-03 20:58:28,314 DEBUG                  - depth 2, hash 4a6c084, HEAD~603
2021-07-03 20:58:28,318 DEBUG                  - depth 3, hash 25c6ae1, HEAD~607
2021-07-03 20:58:28,323 DEBUG    [line range] com/google/gson/internal/ConstructorConstructor.java newDefaultImplementationConstructor 131:214
2021-07-03 20:58:28,374 DEBUG                  - depth 0, hash 371aff7, HEAD~7
2021-07-03 20:58:28,380 DEBUG                  - depth 1, hash fef43b2, HEAD~142
2021-07-03 20:58:28,384 DEBUG                  - depth 2, hash f29d5bc, HEAD~305
2021-07-03 20:58:28,388 DEBUG                  - depth 3, hash af6aa5f, HEAD~322
2021-07-03 20:58:28,392 DEBUG                  - depth 4, hash 7d53113, HEAD~323
2021-07-03 20:58:28,397 DEBUG                  - depth 5, hash 14f16e2, HEAD~342
2021-07-03 20:58:28,401 DEBUG                  - depth 6, hash 1a4f690, HEAD~374
2021-07-03 20:58:28,405 DEBUG                  - depth 7, hash ad3489f, HEAD~421
2021-07-03 20:58:28,409 DEBUG                  - depth 8, hash 4a6c084, HEAD~603
2021-07-03 20:58:28,413 DEBUG                  - depth 9, hash 25c6ae1, HEAD~607
2021-07-03 20:58:28,417 DEBUG    [line range] com/google/gson/internal/ConstructorConstructor.java newUnsafeAllocator 216:231
2021-07-03 20:58:28,468 DEBUG                  - depth 0, hash fef43b2, HEAD~142
2021-07-03 20:58:28,473 DEBUG                  - depth 1, hash 2780a2a, HEAD~595
2021-07-03 20:58:28,477 DEBUG                  - depth 2, hash 4a6c084, HEAD~603
2021-07-03 20:58:28,481 DEBUG                  - depth 3, hash 25c6ae1, HEAD~607
2021-07-03 20:58:28,486 DEBUG    [line range] com/google/gson/internal/ConstructorConstructor.java <init> 216:231
2021-07-03 20:58:28,536 DEBUG                  - depth 0, hash fef43b2, HEAD~142
2021-07-03 20:58:28,541 DEBUG                  - depth 1, hash 2780a2a, HEAD~595
2021-07-03 20:58:28,545 DEBUG                  - depth 2, hash 4a6c084, HEAD~603
2021-07-03 20:58:28,549 DEBUG                  - depth 3, hash 25c6ae1, HEAD~607
2021-07-03 20:58:28,554 DEBUG    [line range] com/google/gson/internal/ConstructorConstructor.java <init> 97:125
2021-07-03 20:58:28,606 DEBUG                  - depth 0, hash fef43b2, HEAD~142
2021-07-03 20:58:28,611 DEBUG                  - depth 1, hash 290fb69, HEAD~542
2021-07-03 20:58:28,615 DEBUG                  - depth 2, hash 4a6c084, HEAD~603
2021-07-03 20:58:28,620 DEBUG                  - depth 3, hash 25c6ae1, HEAD~607
2021-07-03 20:58:28,624 DEBUG    [line range] com/google/gson/internal/ConstructorConstructor.java construct 97:125
2021-07-03 20:58:28,676 DEBUG                  - depth 0, hash fef43b2, HEAD~142
2021-07-03 20:58:28,681 DEBUG                  - depth 1, hash 290fb69, HEAD~542
2021-07-03 20:58:28,686 DEBUG                  - depth 2, hash 4a6c084, HEAD~603
2021-07-03 20:58:28,690 DEBUG                  - depth 3, hash 25c6ae1, HEAD~607
2021-07-03 20:58:29,023 DEBUG    [line range] com/google/gson/internal/Excluder.java <clinit> 52:52
2021-07-03 20:58:29,072 DEBUG                  - depth 0, hash aa2f61b, HEAD~507
2021-07-03 20:58:29,078 DEBUG    [line range] com/google/gson/internal/Excluder.java <init> 54:54
2021-07-03 20:58:29,126 DEBUG                  - depth 0, hash aa2f61b, HEAD~507
2021-07-03 20:58:29,132 DEBUG    [single line]   com/google/gson/internal/Excluder.java clone 50
2021-07-03 20:58:29,180 DEBUG                  - depth 0, hash d7fbac0, HEAD~453
2021-07-03 20:58:29,185 DEBUG                  - depth 1, hash aa2f61b, HEAD~507
2021-07-03 20:58:29,190 DEBUG    [line range] com/google/gson/internal/Excluder.java create 111:147
2021-07-03 20:58:29,238 DEBUG                  - depth 0, hash 83e5a49, HEAD~407
2021-07-03 20:58:29,244 DEBUG                  - depth 1, hash 796a381, HEAD~434
2021-07-03 20:58:29,248 DEBUG                  - depth 2, hash ecdf915, HEAD~445
2021-07-03 20:58:29,252 DEBUG                  - depth 3, hash f602bce, HEAD~488
2021-07-03 20:58:29,256 DEBUG                  - depth 4, hash 26ab404, HEAD~492
2021-07-03 20:58:29,260 DEBUG                  - depth 5, hash aa2f61b, HEAD~507
2021-07-03 20:58:29,264 DEBUG    [line range] com/google/gson/internal/Excluder.java excludeClass 191:213
2021-07-03 20:58:29,314 DEBUG                  - depth 0, hash aa2f61b, HEAD~507
2021-07-03 20:58:29,320 DEBUG    [line range] com/google/gson/internal/Excluder.java excludeField 149:189
2021-07-03 20:58:29,368 DEBUG                  - depth 0, hash aa2f61b, HEAD~507
2021-07-03 20:58:29,374 DEBUG    [line range] com/google/gson/internal/Excluder.java isAnonymousOrLocal 215:218
2021-07-03 20:58:29,422 DEBUG                  - depth 0, hash aa2f61b, HEAD~507
2021-07-03 20:58:29,731 DEBUG    [single line]   com/google/gson/internal/Primitives.java <clinit> 45
2021-07-03 20:58:29,782 DEBUG                  - depth 0, hash 57d1f32, HEAD~1262
2021-07-03 20:58:29,787 DEBUG    [single line]   com/google/gson/internal/Primitives.java <clinit> 46
2021-07-03 20:58:29,839 DEBUG                  - depth 0, hash 57d1f32, HEAD~1262
2021-07-03 20:58:29,845 DEBUG    [single line]   com/google/gson/internal/Primitives.java <clinit> 48
2021-07-03 20:58:29,896 DEBUG                  - depth 0, hash 57d1f32, HEAD~1262
2021-07-03 20:58:29,901 DEBUG    [single line]   com/google/gson/internal/Primitives.java <clinit> 49
2021-07-03 20:58:29,952 DEBUG                  - depth 0, hash 57d1f32, HEAD~1262
2021-07-03 20:58:29,957 DEBUG    [single line]   com/google/gson/internal/Primitives.java <clinit> 50
2021-07-03 20:58:30,007 DEBUG                  - depth 0, hash 57d1f32, HEAD~1262
2021-07-03 20:58:30,013 DEBUG    [single line]   com/google/gson/internal/Primitives.java <clinit> 51
2021-07-03 20:58:30,065 DEBUG                  - depth 0, hash 57d1f32, HEAD~1262
2021-07-03 20:58:30,070 DEBUG    [single line]   com/google/gson/internal/Primitives.java <clinit> 52
2021-07-03 20:58:30,121 DEBUG                  - depth 0, hash 57d1f32, HEAD~1262
2021-07-03 20:58:30,127 DEBUG    [single line]   com/google/gson/internal/Primitives.java <clinit> 53
2021-07-03 20:58:30,177 DEBUG                  - depth 0, hash 57d1f32, HEAD~1262
2021-07-03 20:58:30,183 DEBUG    [single line]   com/google/gson/internal/Primitives.java <clinit> 54
2021-07-03 20:58:30,234 DEBUG                  - depth 0, hash 57d1f32, HEAD~1262
2021-07-03 20:58:30,240 DEBUG    [single line]   com/google/gson/internal/Primitives.java <clinit> 55
2021-07-03 20:58:30,290 DEBUG                  - depth 0, hash 57d1f32, HEAD~1262
2021-07-03 20:58:30,295 DEBUG    [single line]   com/google/gson/internal/Primitives.java <clinit> 56
2021-07-03 20:58:30,346 DEBUG                  - depth 0, hash 57d1f32, HEAD~1262
2021-07-03 20:58:30,351 DEBUG    [single line]   com/google/gson/internal/Primitives.java <clinit> 58
2021-07-03 20:58:30,402 DEBUG                  - depth 0, hash 57d1f32, HEAD~1262
2021-07-03 20:58:30,408 DEBUG    [single line]   com/google/gson/internal/Primitives.java <clinit> 59
2021-07-03 20:58:30,459 DEBUG                  - depth 0, hash 57d1f32, HEAD~1262
2021-07-03 20:58:30,464 DEBUG    [single line]   com/google/gson/internal/Primitives.java <clinit> 60
2021-07-03 20:58:30,514 DEBUG                  - depth 0, hash 57d1f32, HEAD~1262
2021-07-03 20:58:30,520 DEBUG    [line range] com/google/gson/internal/Primitives.java add 62:66
2021-07-03 20:58:30,570 DEBUG                  - depth 0, hash 57d1f32, HEAD~1262
2021-07-03 20:58:30,576 DEBUG    [line range] com/google/gson/internal/Primitives.java isPrimitive 71:73
2021-07-03 20:58:30,626 DEBUG                  - depth 0, hash 883ce46, HEAD~843
2021-07-03 20:58:30,962 DEBUG    [line range] com/google/gson/internal/Streams.java writerForAppendable 75:78
2021-07-03 20:58:31,011 DEBUG                  - depth 0, hash f88eee0, HEAD~285
2021-07-03 20:58:31,017 DEBUG                  - depth 1, hash d70fb90, HEAD~655
2021-07-03 20:58:31,021 DEBUG                  - depth 2, hash fa40b4c, HEAD~942
2021-07-03 20:58:31,342 DEBUG    [single line]   com/google/gson/internal/UnsafeAllocator.java access$000 31
2021-07-03 20:58:31,392 DEBUG                  - depth 0, hash 98aa124, HEAD~657
2021-07-03 20:58:31,398 DEBUG                  - depth 1, hash 5bc80cd, HEAD~772
2021-07-03 20:58:31,402 DEBUG                  - depth 2, hash 4efb133, HEAD~776
2021-07-03 20:58:31,406 DEBUG                  - depth 3, hash 861e047, HEAD~790
2021-07-03 20:58:31,411 DEBUG                  - depth 4, hash 43137b6, HEAD~803
2021-07-03 20:58:31,415 DEBUG    [line range] com/google/gson/internal/UnsafeAllocator.java create 34:107
2021-07-03 20:58:31,463 DEBUG                  - depth 0, hash ab40462, HEAD~17
2021-07-03 20:58:31,469 DEBUG                  - depth 1, hash f1f838c, HEAD~263
2021-07-03 20:58:31,473 DEBUG                  - depth 2, hash 533ea17, HEAD~690
2021-07-03 20:58:31,477 DEBUG                  - depth 3, hash 5bc80cd, HEAD~772
2021-07-03 20:58:31,482 DEBUG                  - depth 4, hash 4efb133, HEAD~776
2021-07-03 20:58:31,486 DEBUG                  - depth 5, hash b51ffc1, HEAD~785
2021-07-03 20:58:31,490 DEBUG                  - depth 6, hash 43137b6, HEAD~803
2021-07-03 20:58:31,494 DEBUG    [line range] com/google/gson/internal/UnsafeAllocator.java <init> 34:107
2021-07-03 20:58:31,543 DEBUG                  - depth 0, hash ab40462, HEAD~17
2021-07-03 20:58:31,549 DEBUG                  - depth 1, hash f1f838c, HEAD~263
2021-07-03 20:58:31,553 DEBUG                  - depth 2, hash 533ea17, HEAD~690
2021-07-03 20:58:31,557 DEBUG                  - depth 3, hash 5bc80cd, HEAD~772
2021-07-03 20:58:31,561 DEBUG                  - depth 4, hash 4efb133, HEAD~776
2021-07-03 20:58:31,566 DEBUG                  - depth 5, hash b51ffc1, HEAD~785
2021-07-03 20:58:31,570 DEBUG                  - depth 6, hash 43137b6, HEAD~803
2021-07-03 20:58:31,903 DEBUG    [line range] com/google/gson/internal/bind/ArrayTypeAdapter.java <clinit> 39:52
2021-07-03 20:58:31,952 DEBUG                  - depth 0, hash e5b3f63, HEAD~145
2021-07-03 20:58:31,958 DEBUG                  - depth 1, hash d7fbac0, HEAD~453
2021-07-03 20:58:31,962 DEBUG                  - depth 2, hash 26ab404, HEAD~492
2021-07-03 20:58:31,966 DEBUG                  - depth 3, hash f777a19, HEAD~515
2021-07-03 20:58:31,970 DEBUG                  - depth 4, hash 7e76014, HEAD~522
2021-07-03 20:58:31,975 DEBUG                  - depth 5, hash 3196450, HEAD~547
2021-07-03 20:58:31,979 DEBUG                  - depth 6, hash 47a36fd, HEAD~568
2021-07-03 20:58:31,983 DEBUG                  - depth 7, hash 2780a2a, HEAD~595
2021-07-03 20:58:31,987 DEBUG                  - depth 8, hash 6e3bf07, HEAD~649
2021-07-03 20:58:31,991 DEBUG                  - depth 9, hash c6bef30, HEAD~676
2021-07-03 20:58:31,996 DEBUG    [line range] com/google/gson/internal/bind/ArrayTypeAdapter.java <init> 39:52
2021-07-03 20:58:32,045 DEBUG                  - depth 0, hash e5b3f63, HEAD~145
2021-07-03 20:58:32,050 DEBUG                  - depth 1, hash d7fbac0, HEAD~453
2021-07-03 20:58:32,055 DEBUG                  - depth 2, hash 26ab404, HEAD~492
2021-07-03 20:58:32,059 DEBUG                  - depth 3, hash f777a19, HEAD~515
2021-07-03 20:58:32,063 DEBUG                  - depth 4, hash 7e76014, HEAD~522
2021-07-03 20:58:32,067 DEBUG                  - depth 5, hash 3196450, HEAD~547
2021-07-03 20:58:32,071 DEBUG                  - depth 6, hash 47a36fd, HEAD~568
2021-07-03 20:58:32,075 DEBUG                  - depth 7, hash 2780a2a, HEAD~595
2021-07-03 20:58:32,080 DEBUG                  - depth 8, hash 6e3bf07, HEAD~649
2021-07-03 20:58:32,084 DEBUG                  - depth 9, hash c6bef30, HEAD~676
2021-07-03 20:58:32,088 DEBUG    [line range] com/google/gson/internal/bind/ArrayTypeAdapter.java create 39:52
2021-07-03 20:58:32,137 DEBUG                  - depth 0, hash e5b3f63, HEAD~145
2021-07-03 20:58:32,143 DEBUG                  - depth 1, hash d7fbac0, HEAD~453
2021-07-03 20:58:32,147 DEBUG                  - depth 2, hash 26ab404, HEAD~492
2021-07-03 20:58:32,151 DEBUG                  - depth 3, hash f777a19, HEAD~515
2021-07-03 20:58:32,155 DEBUG                  - depth 4, hash 7e76014, HEAD~522
2021-07-03 20:58:32,160 DEBUG                  - depth 5, hash 3196450, HEAD~547
2021-07-03 20:58:32,164 DEBUG                  - depth 6, hash 47a36fd, HEAD~568
2021-07-03 20:58:32,168 DEBUG                  - depth 7, hash 2780a2a, HEAD~595
2021-07-03 20:58:32,172 DEBUG                  - depth 8, hash 6e3bf07, HEAD~649
2021-07-03 20:58:32,176 DEBUG                  - depth 9, hash c6bef30, HEAD~676
2021-07-03 20:58:32,494 DEBUG    [line range] com/google/gson/internal/bind/CollectionTypeAdapterFactory.java <init> 39:41
2021-07-03 20:58:32,545 DEBUG                  - depth 0, hash 25c6ae1, HEAD~607
2021-07-03 20:58:32,551 DEBUG    [line range] com/google/gson/internal/bind/CollectionTypeAdapterFactory.java create 43:59
2021-07-03 20:58:32,601 DEBUG                  - depth 0, hash e5b3f63, HEAD~145
2021-07-03 20:58:32,606 DEBUG                  - depth 1, hash 6cca23c, HEAD~432
2021-07-03 20:58:32,611 DEBUG                  - depth 2, hash 26ab404, HEAD~492
2021-07-03 20:58:32,615 DEBUG                  - depth 3, hash 7e76014, HEAD~522
2021-07-03 20:58:32,619 DEBUG                  - depth 4, hash 3196450, HEAD~547
2021-07-03 20:58:32,623 DEBUG                  - depth 5, hash 25c6ae1, HEAD~607
2021-07-03 20:58:32,920 DEBUG    [line range] com/google/gson/internal/bind/DateTypeAdapter.java <clinit> 42:47
2021-07-03 20:58:32,968 DEBUG                  - depth 0, hash e5b3f63, HEAD~145
2021-07-03 20:58:32,974 DEBUG                  - depth 1, hash d7fbac0, HEAD~453
2021-07-03 20:58:32,978 DEBUG                  - depth 2, hash 26ab404, HEAD~492
2021-07-03 20:58:32,982 DEBUG                  - depth 3, hash 7e76014, HEAD~522
2021-07-03 20:58:32,986 DEBUG                  - depth 4, hash 3b3a60d, HEAD~586
2021-07-03 20:58:32,991 DEBUG    [line range] com/google/gson/internal/bind/DateTypeAdapter.java <init> 42:47
2021-07-03 20:58:33,040 DEBUG                  - depth 0, hash e5b3f63, HEAD~145
2021-07-03 20:58:33,046 DEBUG                  - depth 1, hash d7fbac0, HEAD~453
2021-07-03 20:58:33,050 DEBUG                  - depth 2, hash 26ab404, HEAD~492
2021-07-03 20:58:33,054 DEBUG                  - depth 3, hash 7e76014, HEAD~522
2021-07-03 20:58:33,058 DEBUG                  - depth 4, hash 3b3a60d, HEAD~586
2021-07-03 20:58:33,062 DEBUG    [line range] com/google/gson/internal/bind/DateTypeAdapter.java create 42:47
2021-07-03 20:58:33,112 DEBUG                  - depth 0, hash e5b3f63, HEAD~145
2021-07-03 20:58:33,118 DEBUG                  - depth 1, hash d7fbac0, HEAD~453
2021-07-03 20:58:33,122 DEBUG                  - depth 2, hash 26ab404, HEAD~492
2021-07-03 20:58:33,126 DEBUG                  - depth 3, hash 7e76014, HEAD~522
2021-07-03 20:58:33,131 DEBUG                  - depth 4, hash 3b3a60d, HEAD~586
2021-07-03 20:58:33,434 DEBUG    [line range] com/google/gson/internal/bind/JsonAdapterAnnotationTypeAdapterFactory.java <init> 36:38
2021-07-03 20:58:33,483 DEBUG                  - depth 0, hash edf6608, HEAD~279
2021-07-03 20:58:33,488 DEBUG                  - depth 1, hash 7f6a096, HEAD~280
2021-07-03 20:58:33,492 DEBUG                  - depth 2, hash 67d512e, HEAD~289
2021-07-03 20:58:33,497 DEBUG    [line range] com/google/gson/internal/bind/JsonAdapterAnnotationTypeAdapterFactory.java create 40:48
2021-07-03 20:58:33,547 DEBUG                  - depth 0, hash e5b3f63, HEAD~145
2021-07-03 20:58:33,553 DEBUG                  - depth 1, hash 1de2ace, HEAD~248
2021-07-03 20:58:33,557 DEBUG                  - depth 2, hash 117d8ea, HEAD~265
2021-07-03 20:58:33,561 DEBUG                  - depth 3, hash 125e6d9, HEAD~266
2021-07-03 20:58:33,565 DEBUG                  - depth 4, hash edf6608, HEAD~279
2021-07-03 20:58:33,569 DEBUG                  - depth 5, hash 7f6a096, HEAD~280
2021-07-03 20:58:33,574 DEBUG                  - depth 6, hash e280ffd, HEAD~282
2021-07-03 20:58:33,578 DEBUG                  - depth 7, hash bf549f0, HEAD~288
2021-07-03 20:58:33,582 DEBUG                  - depth 8, hash 67d512e, HEAD~289
2021-07-03 20:58:33,586 DEBUG    [line range] com/google/gson/internal/bind/JsonAdapterAnnotationTypeAdapterFactory.java getTypeAdapter 50:71
2021-07-03 20:58:33,635 DEBUG                  - depth 0, hash c731abb, HEAD~54
2021-07-03 20:58:33,640 DEBUG                  - depth 1, hash 23e2916, HEAD~83
2021-07-03 20:58:33,645 DEBUG                  - depth 2, hash 117d8ea, HEAD~265
2021-07-03 20:58:33,649 DEBUG                  - depth 3, hash 125e6d9, HEAD~266
2021-07-03 20:58:33,653 DEBUG                  - depth 4, hash edf6608, HEAD~279
2021-07-03 20:58:33,657 DEBUG                  - depth 5, hash 7f6a096, HEAD~280
2021-07-03 20:58:33,662 DEBUG                  - depth 6, hash e280ffd, HEAD~282
2021-07-03 20:58:33,666 DEBUG                  - depth 7, hash bf549f0, HEAD~288
2021-07-03 20:58:33,670 DEBUG                  - depth 8, hash 67d512e, HEAD~289
2021-07-03 20:58:34,031 DEBUG    [line range] com/google/gson/internal/bind/MapTypeAdapterFactory.java <init> 109:113
2021-07-03 20:58:34,082 DEBUG                  - depth 0, hash a98d6ea, HEAD~605
2021-07-03 20:58:34,088 DEBUG                  - depth 1, hash 25c6ae1, HEAD~607
2021-07-03 20:58:34,092 DEBUG    [line range] com/google/gson/internal/bind/MapTypeAdapterFactory.java create 115:134
2021-07-03 20:58:34,144 DEBUG                  - depth 0, hash e5b3f63, HEAD~145
2021-07-03 20:58:34,150 DEBUG                  - depth 1, hash 6cca23c, HEAD~432
2021-07-03 20:58:34,154 DEBUG                  - depth 2, hash 26ab404, HEAD~492
2021-07-03 20:58:34,158 DEBUG                  - depth 3, hash 7e76014, HEAD~522
2021-07-03 20:58:34,163 DEBUG                  - depth 4, hash 3196450, HEAD~547
2021-07-03 20:58:34,167 DEBUG                  - depth 5, hash 194c18d, HEAD~549
2021-07-03 20:58:34,171 DEBUG                  - depth 6, hash b2d5940, HEAD~585
2021-07-03 20:58:34,175 DEBUG                  - depth 7, hash a98d6ea, HEAD~605
2021-07-03 20:58:34,180 DEBUG                  - depth 8, hash 25c6ae1, HEAD~607
2021-07-03 20:58:34,496 DEBUG    [line range] com/google/gson/internal/bind/ObjectTypeAdapter.java <clinit> 38:46
2021-07-03 20:58:34,545 DEBUG                  - depth 0, hash e5b3f63, HEAD~145
2021-07-03 20:58:34,551 DEBUG                  - depth 1, hash d7fbac0, HEAD~453
2021-07-03 20:58:34,555 DEBUG                  - depth 2, hash 26ab404, HEAD~492
2021-07-03 20:58:34,559 DEBUG                  - depth 3, hash 7e76014, HEAD~522
2021-07-03 20:58:34,564 DEBUG                  - depth 4, hash ea9c023, HEAD~628
2021-07-03 20:58:34,568 DEBUG                  - depth 5, hash 3aeb70e, HEAD~632
2021-07-03 20:58:34,572 DEBUG    [line range] com/google/gson/internal/bind/ObjectTypeAdapter.java <init> 38:46
2021-07-03 20:58:34,621 DEBUG                  - depth 0, hash e5b3f63, HEAD~145
2021-07-03 20:58:34,627 DEBUG                  - depth 1, hash d7fbac0, HEAD~453
2021-07-03 20:58:34,631 DEBUG                  - depth 2, hash 26ab404, HEAD~492
2021-07-03 20:58:34,635 DEBUG                  - depth 3, hash 7e76014, HEAD~522
2021-07-03 20:58:34,640 DEBUG                  - depth 4, hash ea9c023, HEAD~628
2021-07-03 20:58:34,644 DEBUG                  - depth 5, hash 3aeb70e, HEAD~632
2021-07-03 20:58:34,648 DEBUG    [line range] com/google/gson/internal/bind/ObjectTypeAdapter.java create 38:46
2021-07-03 20:58:34,697 DEBUG                  - depth 0, hash e5b3f63, HEAD~145
2021-07-03 20:58:34,703 DEBUG                  - depth 1, hash d7fbac0, HEAD~453
2021-07-03 20:58:34,707 DEBUG                  - depth 2, hash 26ab404, HEAD~492
2021-07-03 20:58:34,711 DEBUG                  - depth 3, hash 7e76014, HEAD~522
2021-07-03 20:58:34,715 DEBUG                  - depth 4, hash ea9c023, HEAD~628
2021-07-03 20:58:34,720 DEBUG                  - depth 5, hash 3aeb70e, HEAD~632
2021-07-03 20:58:35,074 DEBUG    [line range] com/google/gson/internal/bind/ReflectiveTypeAdapterFactory.java <init> 54:59
2021-07-03 20:58:35,125 DEBUG                  - depth 0, hash aa2f61b, HEAD~507
2021-07-03 20:58:35,131 DEBUG                  - depth 1, hash e23973a, HEAD~512
2021-07-03 20:58:35,135 DEBUG                  - depth 2, hash 25c6ae1, HEAD~607
2021-07-03 20:58:35,140 DEBUG    [line range] com/google/gson/internal/bind/ReflectiveTypeAdapterFactory.java create 91:100
2021-07-03 20:58:35,191 DEBUG                  - depth 0, hash e5b3f63, HEAD~145
2021-07-03 20:58:35,197 DEBUG                  - depth 1, hash 125e6d9, HEAD~266
2021-07-03 20:58:35,202 DEBUG                  - depth 2, hash e280ffd, HEAD~282
2021-07-03 20:58:35,206 DEBUG                  - depth 3, hash 6cca23c, HEAD~432
2021-07-03 20:58:35,210 DEBUG                  - depth 4, hash 26ab404, HEAD~492
2021-07-03 20:58:35,215 DEBUG                  - depth 5, hash 7e76014, HEAD~522
2021-07-03 20:58:35,219 DEBUG                  - depth 6, hash 8b21c77, HEAD~579
2021-07-03 20:58:35,223 DEBUG                  - depth 7, hash 25c6ae1, HEAD~607
2021-07-03 20:58:35,227 DEBUG    [line range] com/google/gson/internal/bind/ReflectiveTypeAdapterFactory.java createBoundField 102:130
2021-07-03 20:58:35,279 DEBUG                  - depth 0, hash e5b3f63, HEAD~145
2021-07-03 20:58:35,284 DEBUG                  - depth 1, hash 8d5a413, HEAD~246
2021-07-03 20:58:35,289 DEBUG                  - depth 2, hash bf549f0, HEAD~288
2021-07-03 20:58:35,293 DEBUG                  - depth 3, hash af4879d, HEAD~336
2021-07-03 20:58:35,297 DEBUG                  - depth 4, hash fd4fbe4, HEAD~339
2021-07-03 20:58:35,301 DEBUG                  - depth 5, hash 7e76014, HEAD~522
2021-07-03 20:58:35,306 DEBUG                  - depth 6, hash 3196450, HEAD~547
2021-07-03 20:58:35,310 DEBUG                  - depth 7, hash 25c6ae1, HEAD~607
2021-07-03 20:58:35,314 DEBUG    [line range] com/google/gson/internal/bind/ReflectiveTypeAdapterFactory.java excludeField 61:63
2021-07-03 20:58:35,365 DEBUG                  - depth 0, hash b6a625f, HEAD~247
2021-07-03 20:58:35,371 DEBUG                  - depth 1, hash aa2f61b, HEAD~507
2021-07-03 20:58:35,375 DEBUG                  - depth 2, hash e23973a, HEAD~512
2021-07-03 20:58:35,379 DEBUG                  - depth 3, hash 25c6ae1, HEAD~607
2021-07-03 20:58:35,384 DEBUG    [line range] com/google/gson/internal/bind/ReflectiveTypeAdapterFactory.java excludeField 65:67
2021-07-03 20:58:35,436 DEBUG                  - depth 0, hash b6a625f, HEAD~247
2021-07-03 20:58:35,441 DEBUG                  - depth 1, hash aa2f61b, HEAD~507
2021-07-03 20:58:35,446 DEBUG                  - depth 2, hash e23973a, HEAD~512
2021-07-03 20:58:35,450 DEBUG                  - depth 3, hash 25c6ae1, HEAD~607
2021-07-03 20:58:35,454 DEBUG    [line range] com/google/gson/internal/bind/ReflectiveTypeAdapterFactory.java getBoundFields 141:177
2021-07-03 20:58:35,506 DEBUG                  - depth 0, hash 109915d, HEAD~173
2021-07-03 20:58:35,512 DEBUG                  - depth 1, hash 740d03e, HEAD~451
2021-07-03 20:58:35,516 DEBUG                  - depth 2, hash aa2f61b, HEAD~507
2021-07-03 20:58:35,521 DEBUG                  - depth 3, hash e23973a, HEAD~512
2021-07-03 20:58:35,525 DEBUG                  - depth 4, hash 7e76014, HEAD~522
2021-07-03 20:58:35,529 DEBUG                  - depth 5, hash 25c6ae1, HEAD~607
2021-07-03 20:58:35,534 DEBUG    [line range] com/google/gson/internal/bind/ReflectiveTypeAdapterFactory.java getFieldAdapter 132:139
2021-07-03 20:58:35,585 DEBUG                  - depth 0, hash 7a1c94f, HEAD~88
2021-07-03 20:58:35,591 DEBUG                  - depth 1, hash 117d8ea, HEAD~265
2021-07-03 20:58:35,595 DEBUG                  - depth 2, hash 125e6d9, HEAD~266
2021-07-03 20:58:35,599 DEBUG                  - depth 3, hash edf6608, HEAD~279
2021-07-03 20:58:35,604 DEBUG                  - depth 4, hash 7f6a096, HEAD~280
2021-07-03 20:58:35,608 DEBUG                  - depth 5, hash e280ffd, HEAD~282
2021-07-03 20:58:35,612 DEBUG                  - depth 6, hash bf549f0, HEAD~288
2021-07-03 20:58:35,617 DEBUG    [line range] com/google/gson/internal/bind/ReflectiveTypeAdapterFactory.java getFieldNames 70:89
2021-07-03 20:58:35,668 DEBUG                  - depth 0, hash 8537c89, HEAD~9
2021-07-03 20:58:35,674 DEBUG                  - depth 1, hash 109915d, HEAD~173
2021-07-03 20:58:35,678 DEBUG                  - depth 2, hash b6a625f, HEAD~247
2021-07-03 20:58:35,682 DEBUG                  - depth 3, hash e23973a, HEAD~512
2021-07-03 20:58:35,687 DEBUG                  - depth 4, hash 25c6ae1, HEAD~607
2021-07-03 20:58:35,691 DEBUG    [line range] com/google/gson/internal/bind/ReflectiveTypeAdapterFactory.java <init> 102:130
2021-07-03 20:58:35,743 DEBUG                  - depth 0, hash e5b3f63, HEAD~145
2021-07-03 20:58:35,748 DEBUG                  - depth 1, hash 8d5a413, HEAD~246
2021-07-03 20:58:35,753 DEBUG                  - depth 2, hash bf549f0, HEAD~288
2021-07-03 20:58:35,757 DEBUG                  - depth 3, hash af4879d, HEAD~336
2021-07-03 20:58:35,761 DEBUG                  - depth 4, hash fd4fbe4, HEAD~339
2021-07-03 20:58:35,765 DEBUG                  - depth 5, hash 7e76014, HEAD~522
2021-07-03 20:58:35,770 DEBUG                  - depth 6, hash 3196450, HEAD~547
2021-07-03 20:58:35,774 DEBUG                  - depth 7, hash 25c6ae1, HEAD~607
2021-07-03 20:58:35,778 DEBUG    [line range] com/google/gson/internal/bind/ReflectiveTypeAdapterFactory.java write 102:130
2021-07-03 20:58:35,830 DEBUG                  - depth 0, hash e5b3f63, HEAD~145
2021-07-03 20:58:35,836 DEBUG                  - depth 1, hash 8d5a413, HEAD~246
2021-07-03 20:58:35,840 DEBUG                  - depth 2, hash bf549f0, HEAD~288
2021-07-03 20:58:35,844 DEBUG                  - depth 3, hash af4879d, HEAD~336
2021-07-03 20:58:35,848 DEBUG                  - depth 4, hash fd4fbe4, HEAD~339
2021-07-03 20:58:35,853 DEBUG                  - depth 5, hash 7e76014, HEAD~522
2021-07-03 20:58:35,857 DEBUG                  - depth 6, hash 3196450, HEAD~547
2021-07-03 20:58:35,861 DEBUG                  - depth 7, hash 25c6ae1, HEAD~607
2021-07-03 20:58:35,866 DEBUG    [line range] com/google/gson/internal/bind/ReflectiveTypeAdapterFactory.java writeField 102:130
2021-07-03 20:58:35,916 DEBUG                  - depth 0, hash e5b3f63, HEAD~145
2021-07-03 20:58:35,922 DEBUG                  - depth 1, hash 8d5a413, HEAD~246
2021-07-03 20:58:35,926 DEBUG                  - depth 2, hash bf549f0, HEAD~288
2021-07-03 20:58:35,931 DEBUG                  - depth 3, hash af4879d, HEAD~336
2021-07-03 20:58:35,935 DEBUG                  - depth 4, hash fd4fbe4, HEAD~339
2021-07-03 20:58:35,939 DEBUG                  - depth 5, hash 7e76014, HEAD~522
2021-07-03 20:58:35,943 DEBUG                  - depth 6, hash 3196450, HEAD~547
2021-07-03 20:58:35,948 DEBUG                  - depth 7, hash 25c6ae1, HEAD~607
2021-07-03 20:58:35,952 DEBUG    [line range] com/google/gson/internal/bind/ReflectiveTypeAdapterFactory.java <init> 198:201
2021-07-03 20:58:36,003 DEBUG                  - depth 0, hash 7a1c94f, HEAD~88
2021-07-03 20:58:36,009 DEBUG                  - depth 1, hash 8b21c77, HEAD~579
2021-07-03 20:58:36,014 DEBUG                  - depth 2, hash 25c6ae1, HEAD~607
2021-07-03 20:58:36,018 DEBUG    [line range] com/google/gson/internal/bind/ReflectiveTypeAdapterFactory.java <init> 184:188
2021-07-03 20:58:36,069 DEBUG                  - depth 0, hash 25c6ae1, HEAD~607
2021-07-03 20:58:36,370 DEBUG    [line range] com/google/gson/internal/bind/SqlDateTypeAdapter.java <clinit> 39:45
2021-07-03 20:58:36,420 DEBUG                  - depth 0, hash e5b3f63, HEAD~145
2021-07-03 20:58:36,426 DEBUG                  - depth 1, hash d7fbac0, HEAD~453
2021-07-03 20:58:36,430 DEBUG                  - depth 2, hash 26ab404, HEAD~492
2021-07-03 20:58:36,435 DEBUG                  - depth 3, hash 7e76014, HEAD~522
2021-07-03 20:58:36,439 DEBUG                  - depth 4, hash 3f26144, HEAD~583
2021-07-03 20:58:36,443 DEBUG    [line range] com/google/gson/internal/bind/SqlDateTypeAdapter.java <init> 39:45
2021-07-03 20:58:36,492 DEBUG                  - depth 0, hash e5b3f63, HEAD~145
2021-07-03 20:58:36,497 DEBUG                  - depth 1, hash d7fbac0, HEAD~453
2021-07-03 20:58:36,502 DEBUG                  - depth 2, hash 26ab404, HEAD~492
2021-07-03 20:58:36,506 DEBUG                  - depth 3, hash 7e76014, HEAD~522
2021-07-03 20:58:36,510 DEBUG                  - depth 4, hash 3f26144, HEAD~583
2021-07-03 20:58:36,514 DEBUG    [line range] com/google/gson/internal/bind/SqlDateTypeAdapter.java create 39:45
2021-07-03 20:58:36,563 DEBUG                  - depth 0, hash e5b3f63, HEAD~145
2021-07-03 20:58:36,569 DEBUG                  - depth 1, hash d7fbac0, HEAD~453
2021-07-03 20:58:36,573 DEBUG                  - depth 2, hash 26ab404, HEAD~492
2021-07-03 20:58:36,577 DEBUG                  - depth 3, hash 7e76014, HEAD~522
2021-07-03 20:58:36,582 DEBUG                  - depth 4, hash 3f26144, HEAD~583
2021-07-03 20:58:36,885 DEBUG    [line range] com/google/gson/internal/bind/TimeTypeAdapter.java <clinit> 41:46
2021-07-03 20:58:36,934 DEBUG                  - depth 0, hash e5b3f63, HEAD~145
2021-07-03 20:58:36,940 DEBUG                  - depth 1, hash d7fbac0, HEAD~453
2021-07-03 20:58:36,944 DEBUG                  - depth 2, hash 26ab404, HEAD~492
2021-07-03 20:58:36,948 DEBUG                  - depth 3, hash 7e76014, HEAD~522
2021-07-03 20:58:36,952 DEBUG                  - depth 4, hash 3b3a60d, HEAD~586
2021-07-03 20:58:36,957 DEBUG    [line range] com/google/gson/internal/bind/TimeTypeAdapter.java <init> 41:46
2021-07-03 20:58:37,005 DEBUG                  - depth 0, hash e5b3f63, HEAD~145
2021-07-03 20:58:37,011 DEBUG                  - depth 1, hash d7fbac0, HEAD~453
2021-07-03 20:58:37,015 DEBUG                  - depth 2, hash 26ab404, HEAD~492
2021-07-03 20:58:37,019 DEBUG                  - depth 3, hash 7e76014, HEAD~522
2021-07-03 20:58:37,024 DEBUG                  - depth 4, hash 3b3a60d, HEAD~586
2021-07-03 20:58:37,028 DEBUG    [line range] com/google/gson/internal/bind/TimeTypeAdapter.java create 41:46
2021-07-03 20:58:37,078 DEBUG                  - depth 0, hash e5b3f63, HEAD~145
2021-07-03 20:58:37,083 DEBUG                  - depth 1, hash d7fbac0, HEAD~453
2021-07-03 20:58:37,088 DEBUG                  - depth 2, hash 26ab404, HEAD~492
2021-07-03 20:58:37,092 DEBUG                  - depth 3, hash 7e76014, HEAD~522
2021-07-03 20:58:37,096 DEBUG                  - depth 4, hash 3b3a60d, HEAD~586
2021-07-03 20:58:37,396 DEBUG    [line range] com/google/gson/internal/bind/TypeAdapterRuntimeTypeWrapper.java <init> 32:36
2021-07-03 20:58:37,444 DEBUG                  - depth 0, hash 7e76014, HEAD~522
2021-07-03 20:58:37,450 DEBUG                  - depth 1, hash ad5ff0f, HEAD~643
2021-07-03 20:58:37,455 DEBUG    [line range] com/google/gson/internal/bind/TypeAdapterRuntimeTypeWrapper.java getRuntimeTypeIfMoreSpecific 74:80
2021-07-03 20:58:37,502 DEBUG                  - depth 0, hash f777a19, HEAD~515
2021-07-03 20:58:37,508 DEBUG    [line range] com/google/gson/internal/bind/TypeAdapterRuntimeTypeWrapper.java write 43:69
2021-07-03 20:58:37,558 DEBUG                  - depth 0, hash f602bce, HEAD~488
2021-07-03 20:58:37,563 DEBUG                  - depth 1, hash f777a19, HEAD~515
2021-07-03 20:58:37,568 DEBUG                  - depth 2, hash 3196450, HEAD~547
2021-07-03 20:58:37,572 DEBUG                  - depth 3, hash 25c6ae1, HEAD~607
2021-07-03 20:58:37,576 DEBUG                  - depth 4, hash 57ea7ff, HEAD~641
2021-07-03 20:58:37,581 DEBUG                  - depth 5, hash f7121ad, HEAD~642
2021-07-03 20:58:37,585 DEBUG                  - depth 6, hash ad5ff0f, HEAD~643
2021-07-03 20:58:38,008 DEBUG    [line range] com/google/gson/internal/bind/TypeAdapters.java <clinit> 68:89
2021-07-03 20:58:38,059 DEBUG                  - depth 0, hash 6a69c60, HEAD~325
2021-07-03 20:58:38,065 DEBUG                  - depth 1, hash dd86d63, HEAD~427
2021-07-03 20:58:38,069 DEBUG                  - depth 2, hash 82f18a2, HEAD~455
2021-07-03 20:58:38,074 DEBUG                  - depth 3, hash bd937fe, HEAD~456
2021-07-03 20:58:38,079 DEBUG    [line range] com/google/gson/internal/bind/TypeAdapters.java newFactory 848:859
2021-07-03 20:58:38,134 DEBUG                  - depth 0, hash e5b3f63, HEAD~145
2021-07-03 20:58:38,140 DEBUG                  - depth 1, hash d7fbac0, HEAD~453
2021-07-03 20:58:38,144 DEBUG                  - depth 2, hash 26ab404, HEAD~492
2021-07-03 20:58:38,148 DEBUG                  - depth 3, hash 7e76014, HEAD~522
2021-07-03 20:58:38,152 DEBUG                  - depth 4, hash 94d59b5, HEAD~543
2021-07-03 20:58:38,157 DEBUG                  - depth 5, hash c71e61c, HEAD~599
2021-07-03 20:58:38,161 DEBUG                  - depth 6, hash c5f1df1, HEAD~678
2021-07-03 20:58:38,165 DEBUG    [line range] com/google/gson/internal/bind/TypeAdapters.java newFactory 861:874
2021-07-03 20:58:38,221 DEBUG                  - depth 0, hash e5b3f63, HEAD~145
2021-07-03 20:58:38,227 DEBUG                  - depth 1, hash d7fbac0, HEAD~453
2021-07-03 20:58:38,231 DEBUG                  - depth 2, hash 26ab404, HEAD~492
2021-07-03 20:58:38,236 DEBUG                  - depth 3, hash 7e76014, HEAD~522
2021-07-03 20:58:38,240 DEBUG                  - depth 4, hash 94d59b5, HEAD~543
2021-07-03 20:58:38,244 DEBUG                  - depth 5, hash c71e61c, HEAD~599
2021-07-03 20:58:38,249 DEBUG                  - depth 6, hash 9db0c53, HEAD~625
2021-07-03 20:58:38,253 DEBUG                  - depth 7, hash aa06705, HEAD~650
2021-07-03 20:58:38,257 DEBUG                  - depth 8, hash c5f1df1, HEAD~678
2021-07-03 20:58:38,262 DEBUG    [line range] com/google/gson/internal/bind/TypeAdapters.java newFactoryForMultipleTypes 876:889
2021-07-03 20:58:38,315 DEBUG                  - depth 0, hash e5b3f63, HEAD~145
2021-07-03 20:58:38,320 DEBUG                  - depth 1, hash d7fbac0, HEAD~453
2021-07-03 20:58:38,325 DEBUG                  - depth 2, hash 26ab404, HEAD~492
2021-07-03 20:58:38,329 DEBUG                  - depth 3, hash 7e76014, HEAD~522
2021-07-03 20:58:38,333 DEBUG                  - depth 4, hash 94d59b5, HEAD~543
2021-07-03 20:58:38,338 DEBUG                  - depth 5, hash d20df34, HEAD~593
2021-07-03 20:58:38,342 DEBUG    [line range] com/google/gson/internal/bind/TypeAdapters.java newTypeHierarchyFactory 895:923
2021-07-03 20:58:38,398 DEBUG                  - depth 0, hash e5b3f63, HEAD~145
2021-07-03 20:58:38,404 DEBUG                  - depth 1, hash 7d1973e, HEAD~149
2021-07-03 20:58:38,408 DEBUG                  - depth 2, hash d7fbac0, HEAD~453
2021-07-03 20:58:38,412 DEBUG                  - depth 3, hash 26ab404, HEAD~492
2021-07-03 20:58:38,417 DEBUG                  - depth 4, hash 7e76014, HEAD~522
2021-07-03 20:58:38,421 DEBUG                  - depth 5, hash 94d59b5, HEAD~543
2021-07-03 20:58:38,425 DEBUG                  - depth 6, hash c71e61c, HEAD~599
2021-07-03 20:58:38,430 DEBUG                  - depth 7, hash ea9c023, HEAD~628
2021-07-03 20:58:38,434 DEBUG                  - depth 8, hash c5f1df1, HEAD~678
2021-07-03 20:58:38,439 DEBUG    [line range] com/google/gson/internal/bind/TypeAdapters.java write 256:267
2021-07-03 20:58:38,488 DEBUG                  - depth 0, hash 7821b73, HEAD~140
2021-07-03 20:58:38,494 DEBUG    [line range] com/google/gson/internal/bind/TypeAdapters.java write 313:330
2021-07-03 20:58:38,548 DEBUG                  - depth 0, hash f602bce, HEAD~488
2021-07-03 20:58:38,554 DEBUG                  - depth 1, hash 0e02cbb, HEAD~551
2021-07-03 20:58:38,558 DEBUG                  - depth 2, hash b90b43e, HEAD~601
2021-07-03 20:58:38,563 DEBUG                  - depth 3, hash f3c0a96, HEAD~618
2021-07-03 20:58:38,567 DEBUG                  - depth 4, hash e19672d, HEAD~623
2021-07-03 20:58:38,571 DEBUG                  - depth 5, hash 9db0c53, HEAD~625
2021-07-03 20:58:38,576 DEBUG                  - depth 6, hash c5f1df1, HEAD~678
2021-07-03 20:58:38,580 DEBUG    [line range] com/google/gson/internal/bind/TypeAdapters.java <init> 588:607
2021-07-03 20:58:38,636 DEBUG                  - depth 0, hash e5b3f63, HEAD~145
2021-07-03 20:58:38,642 DEBUG                  - depth 1, hash d7fbac0, HEAD~453
2021-07-03 20:58:38,647 DEBUG                  - depth 2, hash f602bce, HEAD~488
2021-07-03 20:58:38,651 DEBUG                  - depth 3, hash 26ab404, HEAD~492
2021-07-03 20:58:38,656 DEBUG                  - depth 4, hash 7e76014, HEAD~522
2021-07-03 20:58:38,660 DEBUG                  - depth 5, hash 5db4cae, HEAD~552
2021-07-03 20:58:38,664 DEBUG                  - depth 6, hash 3f26144, HEAD~583
2021-07-03 20:58:38,669 DEBUG                  - depth 7, hash c1bac6d, HEAD~588
2021-07-03 20:58:38,673 DEBUG                  - depth 8, hash 81854db, HEAD~589
2021-07-03 20:58:38,677 DEBUG                  - depth 9, hash 8217aca, HEAD~592
2021-07-03 20:58:38,682 DEBUG    [line range] com/google/gson/internal/bind/TypeAdapters.java create 588:607
2021-07-03 20:58:38,736 DEBUG                  - depth 0, hash e5b3f63, HEAD~145
2021-07-03 20:58:38,741 DEBUG                  - depth 1, hash d7fbac0, HEAD~453
2021-07-03 20:58:38,746 DEBUG                  - depth 2, hash f602bce, HEAD~488
2021-07-03 20:58:38,750 DEBUG                  - depth 3, hash 26ab404, HEAD~492
2021-07-03 20:58:38,755 DEBUG                  - depth 4, hash 7e76014, HEAD~522
2021-07-03 20:58:38,759 DEBUG                  - depth 5, hash 5db4cae, HEAD~552
2021-07-03 20:58:38,763 DEBUG                  - depth 6, hash 3f26144, HEAD~583
2021-07-03 20:58:38,768 DEBUG                  - depth 7, hash c1bac6d, HEAD~588
2021-07-03 20:58:38,772 DEBUG                  - depth 8, hash 81854db, HEAD~589
2021-07-03 20:58:38,776 DEBUG                  - depth 9, hash 8217aca, HEAD~592
2021-07-03 20:58:38,781 DEBUG    [line range] com/google/gson/internal/bind/TypeAdapters.java <init> 848:859
2021-07-03 20:58:38,835 DEBUG                  - depth 0, hash e5b3f63, HEAD~145
2021-07-03 20:58:38,841 DEBUG                  - depth 1, hash d7fbac0, HEAD~453
2021-07-03 20:58:38,845 DEBUG                  - depth 2, hash 26ab404, HEAD~492
2021-07-03 20:58:38,849 DEBUG                  - depth 3, hash 7e76014, HEAD~522
2021-07-03 20:58:38,854 DEBUG                  - depth 4, hash 94d59b5, HEAD~543
2021-07-03 20:58:38,858 DEBUG                  - depth 5, hash c71e61c, HEAD~599
2021-07-03 20:58:38,862 DEBUG                  - depth 6, hash c5f1df1, HEAD~678
2021-07-03 20:58:38,867 DEBUG    [line range] com/google/gson/internal/bind/TypeAdapters.java <init> 861:874
2021-07-03 20:58:38,922 DEBUG                  - depth 0, hash e5b3f63, HEAD~145
2021-07-03 20:58:38,928 DEBUG                  - depth 1, hash d7fbac0, HEAD~453
2021-07-03 20:58:38,932 DEBUG                  - depth 2, hash 26ab404, HEAD~492
2021-07-03 20:58:38,937 DEBUG                  - depth 3, hash 7e76014, HEAD~522
2021-07-03 20:58:38,941 DEBUG                  - depth 4, hash 94d59b5, HEAD~543
2021-07-03 20:58:38,945 DEBUG                  - depth 5, hash c71e61c, HEAD~599
2021-07-03 20:58:38,950 DEBUG                  - depth 6, hash 9db0c53, HEAD~625
2021-07-03 20:58:38,954 DEBUG                  - depth 7, hash aa06705, HEAD~650
2021-07-03 20:58:38,958 DEBUG                  - depth 8, hash c5f1df1, HEAD~678
2021-07-03 20:58:39,300 DEBUG    [line range] com/google/gson/reflect/TypeToken.java <init> 60:65
2021-07-03 20:58:39,351 DEBUG                  - depth 0, hash c8bd121, HEAD~753
2021-07-03 20:58:39,356 DEBUG                  - depth 1, hash 4efb133, HEAD~776
2021-07-03 20:58:39,361 DEBUG                  - depth 2, hash d1ddab2, HEAD~844
2021-07-03 20:58:39,365 DEBUG                  - depth 3, hash 57d1f32, HEAD~1262
2021-07-03 20:58:39,370 DEBUG    [line range] com/google/gson/reflect/TypeToken.java <init> 70:75
2021-07-03 20:58:39,419 DEBUG                  - depth 0, hash c8bd121, HEAD~753
2021-07-03 20:58:39,425 DEBUG                  - depth 1, hash 4efb133, HEAD~776
2021-07-03 20:58:39,429 DEBUG                  - depth 2, hash 5e74dab, HEAD~777
2021-07-03 20:58:39,433 DEBUG                  - depth 3, hash d1ddab2, HEAD~844
2021-07-03 20:58:39,438 DEBUG                  - depth 4, hash 57d1f32, HEAD~1262
2021-07-03 20:58:39,442 DEBUG    [line range] com/google/gson/reflect/TypeToken.java get 302:304
2021-07-03 20:58:39,491 DEBUG                  - depth 0, hash d1ddab2, HEAD~844
2021-07-03 20:58:39,497 DEBUG                  - depth 1, hash 57d1f32, HEAD~1262
2021-07-03 20:58:39,502 DEBUG    [line range] com/google/gson/reflect/TypeToken.java get 295:297
2021-07-03 20:58:39,551 DEBUG                  - depth 0, hash d1ddab2, HEAD~844
2021-07-03 20:58:39,557 DEBUG                  - depth 1, hash 57d1f32, HEAD~1262
2021-07-03 20:58:39,562 DEBUG    [line range] com/google/gson/reflect/TypeToken.java getRawType 93:95
2021-07-03 20:58:39,612 DEBUG                  - depth 0, hash d1ddab2, HEAD~844
2021-07-03 20:58:39,617 DEBUG                  - depth 1, hash 57d1f32, HEAD~1262
2021-07-03 20:58:39,622 DEBUG    [line range] com/google/gson/reflect/TypeToken.java getSuperclassTypeParameter 81:88
2021-07-03 20:58:39,672 DEBUG                  - depth 0, hash c8bd121, HEAD~753
2021-07-03 20:58:39,678 DEBUG                  - depth 1, hash 4efb133, HEAD~776
2021-07-03 20:58:39,682 DEBUG                  - depth 2, hash d1ddab2, HEAD~844
2021-07-03 20:58:39,687 DEBUG                  - depth 3, hash 3b0f8f4, HEAD~1071
2021-07-03 20:58:39,691 DEBUG                  - depth 4, hash 57d1f32, HEAD~1262
2021-07-03 20:58:39,695 DEBUG    [line range] com/google/gson/reflect/TypeToken.java getType 100:102
2021-07-03 20:58:39,745 DEBUG                  - depth 0, hash d1ddab2, HEAD~844
2021-07-03 20:58:39,751 DEBUG                  - depth 1, hash 57d1f32, HEAD~1262
2021-07-03 20:58:39,756 DEBUG    [line range] com/google/gson/reflect/TypeToken.java hashCode 279:281
2021-07-03 20:58:39,805 DEBUG                  - depth 0, hash d1ddab2, HEAD~844
2021-07-03 20:58:40,069 DEBUG    [single line]   com/google/gson/stream/JsonToken.java <clinit> 25
2021-07-03 20:58:40,117 DEBUG                  - depth 0, hash 765a9f1, HEAD~951
2021-07-03 20:58:40,123 DEBUG    [single line]   com/google/gson/stream/JsonToken.java <clinit> 31
2021-07-03 20:58:40,171 DEBUG                  - depth 0, hash 765a9f1, HEAD~951
2021-07-03 20:58:40,177 DEBUG    [single line]   com/google/gson/stream/JsonToken.java <clinit> 37
2021-07-03 20:58:40,225 DEBUG                  - depth 0, hash 765a9f1, HEAD~951
2021-07-03 20:58:40,230 DEBUG    [single line]   com/google/gson/stream/JsonToken.java <clinit> 43
2021-07-03 20:58:40,280 DEBUG                  - depth 0, hash 765a9f1, HEAD~951
2021-07-03 20:58:40,286 DEBUG    [single line]   com/google/gson/stream/JsonToken.java <clinit> 49
2021-07-03 20:58:40,333 DEBUG                  - depth 0, hash 765a9f1, HEAD~951
2021-07-03 20:58:40,339 DEBUG    [single line]   com/google/gson/stream/JsonToken.java <clinit> 56
2021-07-03 20:58:40,388 DEBUG                  - depth 0, hash 765a9f1, HEAD~951
2021-07-03 20:58:40,394 DEBUG    [single line]   com/google/gson/stream/JsonToken.java <clinit> 61
2021-07-03 20:58:40,443 DEBUG                  - depth 0, hash 765a9f1, HEAD~951
2021-07-03 20:58:40,449 DEBUG    [single line]   com/google/gson/stream/JsonToken.java <clinit> 67
2021-07-03 20:58:40,497 DEBUG                  - depth 0, hash 765a9f1, HEAD~951
2021-07-03 20:58:40,502 DEBUG    [single line]   com/google/gson/stream/JsonToken.java <clinit> 72
2021-07-03 20:58:40,550 DEBUG                  - depth 0, hash 765a9f1, HEAD~951
2021-07-03 20:58:40,556 DEBUG    [single line]   com/google/gson/stream/JsonToken.java <clinit> 77
2021-07-03 20:58:40,604 DEBUG                  - depth 0, hash 765a9f1, HEAD~951
2021-07-03 20:58:40,609 DEBUG    [single line]   com/google/gson/stream/JsonToken.java <clinit> 84
2021-07-03 20:58:40,657 DEBUG                  - depth 0, hash 765a9f1, HEAD~951
2021-07-03 20:58:41,039 DEBUG    [single line]   com/google/gson/stream/JsonWriter.java <clinit> 145
2021-07-03 20:58:41,088 DEBUG                  - depth 0, hash a991e54, HEAD~412
2021-07-03 20:58:41,094 DEBUG    [single line]   com/google/gson/stream/JsonWriter.java <clinit> 146
2021-07-03 20:58:41,142 DEBUG                  - depth 0, hash a991e54, HEAD~412
2021-07-03 20:58:41,148 DEBUG    [single line]   com/google/gson/stream/JsonWriter.java <clinit> 147
2021-07-03 20:58:41,196 DEBUG                  - depth 0, hash a991e54, HEAD~412
2021-07-03 20:58:41,202 DEBUG    [single line]   com/google/gson/stream/JsonWriter.java <clinit> 149
2021-07-03 20:58:41,250 DEBUG                  - depth 0, hash a991e54, HEAD~412
2021-07-03 20:58:41,256 DEBUG    [single line]   com/google/gson/stream/JsonWriter.java <clinit> 150
2021-07-03 20:58:41,304 DEBUG                  - depth 0, hash a991e54, HEAD~412
2021-07-03 20:58:41,310 DEBUG    [single line]   com/google/gson/stream/JsonWriter.java <clinit> 151
2021-07-03 20:58:41,359 DEBUG                  - depth 0, hash a991e54, HEAD~412
2021-07-03 20:58:41,365 DEBUG    [single line]   com/google/gson/stream/JsonWriter.java <clinit> 152
2021-07-03 20:58:41,414 DEBUG                  - depth 0, hash a991e54, HEAD~412
2021-07-03 20:58:41,420 DEBUG    [single line]   com/google/gson/stream/JsonWriter.java <clinit> 153
2021-07-03 20:58:41,468 DEBUG                  - depth 0, hash a991e54, HEAD~412
2021-07-03 20:58:41,474 DEBUG    [single line]   com/google/gson/stream/JsonWriter.java <clinit> 154
2021-07-03 20:58:41,522 DEBUG                  - depth 0, hash a991e54, HEAD~412
2021-07-03 20:58:41,528 DEBUG    [single line]   com/google/gson/stream/JsonWriter.java <clinit> 155
2021-07-03 20:58:41,576 DEBUG                  - depth 0, hash a991e54, HEAD~412
2021-07-03 20:58:41,582 DEBUG    [single line]   com/google/gson/stream/JsonWriter.java <clinit> 156
2021-07-03 20:58:41,632 DEBUG                  - depth 0, hash a991e54, HEAD~412
2021-07-03 20:58:41,638 DEBUG    [single line]   com/google/gson/stream/JsonWriter.java <clinit> 157
2021-07-03 20:58:41,687 DEBUG                  - depth 0, hash a991e54, HEAD~412
2021-07-03 20:58:41,692 DEBUG    [single line]   com/google/gson/stream/JsonWriter.java <clinit> 158
2021-07-03 20:58:41,741 DEBUG                  - depth 0, hash a991e54, HEAD~412
2021-07-03 20:58:41,747 DEBUG    [single line]   com/google/gson/stream/JsonWriter.java <clinit> 159
2021-07-03 20:58:41,795 DEBUG                  - depth 0, hash a991e54, HEAD~412
2021-07-03 20:58:41,800 DEBUG    [single line]   com/google/gson/stream/JsonWriter.java <clinit> 160
2021-07-03 20:58:41,849 DEBUG                  - depth 0, hash a991e54, HEAD~412
2021-07-03 20:58:41,855 DEBUG    [single line]   com/google/gson/stream/JsonWriter.java <clinit> 161
2021-07-03 20:58:41,903 DEBUG                  - depth 0, hash a991e54, HEAD~412
2021-07-03 20:58:41,909 DEBUG    [single line]   com/google/gson/stream/JsonWriter.java <clinit> 162
2021-07-03 20:58:41,960 DEBUG                  - depth 0, hash a991e54, HEAD~412
2021-07-03 20:58:41,965 DEBUG    [line range] com/google/gson/stream/JsonWriter.java <init> 167:167
2021-07-03 20:58:42,015 DEBUG                  - depth 0, hash 35c1317, HEAD~375
2021-07-03 20:58:42,021 DEBUG                  - depth 1, hash 765a9f1, HEAD~951
2021-07-03 20:58:42,025 DEBUG    [line range] com/google/gson/stream/JsonWriter.java beforeName 611:620
2021-07-03 20:58:42,075 DEBUG                  - depth 0, hash 35c1317, HEAD~375
2021-07-03 20:58:42,081 DEBUG                  - depth 1, hash 765a9f1, HEAD~951
2021-07-03 20:58:42,086 DEBUG    [line range] com/google/gson/stream/JsonWriter.java beforeValue 627:658
2021-07-03 20:58:42,137 DEBUG                  - depth 0, hash c8627c8, HEAD~79
2021-07-03 20:58:42,142 DEBUG                  - depth 1, hash 35c1317, HEAD~375
2021-07-03 20:58:42,147 DEBUG                  - depth 2, hash 2c8bec2, HEAD~423
2021-07-03 20:58:42,151 DEBUG                  - depth 3, hash 486820f, HEAD~944
2021-07-03 20:58:42,155 DEBUG                  - depth 4, hash 765a9f1, HEAD~951
2021-07-03 20:58:42,160 DEBUG    [line range] com/google/gson/stream/JsonWriter.java beginObject 306:309
2021-07-03 20:58:42,211 DEBUG                  - depth 0, hash 35c1317, HEAD~375
2021-07-03 20:58:42,217 DEBUG                  - depth 1, hash bb7f0b6, HEAD~570
2021-07-03 20:58:42,221 DEBUG                  - depth 2, hash 765a9f1, HEAD~951
2021-07-03 20:58:42,226 DEBUG    [line range] com/google/gson/stream/JsonWriter.java close 335:351
2021-07-03 20:58:42,277 DEBUG                  - depth 0, hash 35c1317, HEAD~375
2021-07-03 20:58:42,282 DEBUG                  - depth 1, hash bb7f0b6, HEAD~570
2021-07-03 20:58:42,287 DEBUG                  - depth 2, hash 765a9f1, HEAD~951
2021-07-03 20:58:42,291 DEBUG    [line range] com/google/gson/stream/JsonWriter.java endObject 316:318
2021-07-03 20:58:42,342 DEBUG                  - depth 0, hash 35c1317, HEAD~375
2021-07-03 20:58:42,348 DEBUG                  - depth 1, hash 765a9f1, HEAD~951
2021-07-03 20:58:42,352 DEBUG    [line range] com/google/gson/stream/JsonWriter.java getSerializeNulls 276:278
2021-07-03 20:58:42,403 DEBUG                  - depth 0, hash bb7f0b6, HEAD~570
2021-07-03 20:58:42,409 DEBUG    [line range] com/google/gson/stream/JsonWriter.java isHtmlSafe 260:262
2021-07-03 20:58:42,459 DEBUG                  - depth 0, hash d26c818, HEAD~572
2021-07-03 20:58:42,465 DEBUG                  - depth 1, hash 747e3c3, HEAD~940
2021-07-03 20:58:42,470 DEBUG    [line range] com/google/gson/stream/JsonWriter.java isLenient 241:243
2021-07-03 20:58:42,520 DEBUG                  - depth 0, hash 747e3c3, HEAD~940
2021-07-03 20:58:42,526 DEBUG    [line range] com/google/gson/stream/JsonWriter.java name 385:397
2021-07-03 20:58:42,575 DEBUG                  - depth 0, hash 35c1317, HEAD~375
2021-07-03 20:58:42,581 DEBUG                  - depth 1, hash 2c8bec2, HEAD~423
2021-07-03 20:58:42,586 DEBUG                  - depth 2, hash bb7f0b6, HEAD~570
2021-07-03 20:58:42,590 DEBUG                  - depth 3, hash 765a9f1, HEAD~951
2021-07-03 20:58:42,594 DEBUG    [line range] com/google/gson/stream/JsonWriter.java newline 596:605
2021-07-03 20:58:42,645 DEBUG                  - depth 0, hash 35c1317, HEAD~375
2021-07-03 20:58:42,651 DEBUG                  - depth 1, hash 765a9f1, HEAD~951
2021-07-03 20:58:42,655 DEBUG    [line range] com/google/gson/stream/JsonWriter.java open 324:329
2021-07-03 20:58:42,706 DEBUG                  - depth 0, hash c8627c8, HEAD~79
2021-07-03 20:58:42,712 DEBUG                  - depth 1, hash 35c1317, HEAD~375
2021-07-03 20:58:42,717 DEBUG                  - depth 2, hash 765a9f1, HEAD~951
2021-07-03 20:58:42,721 DEBUG    [line range] com/google/gson/stream/JsonWriter.java peek 365:370
2021-07-03 20:58:42,773 DEBUG                  - depth 0, hash 35c1317, HEAD~375
2021-07-03 20:58:42,778 DEBUG                  - depth 1, hash 2c8bec2, HEAD~423
2021-07-03 20:58:42,783 DEBUG                  - depth 2, hash 765a9f1, HEAD~951
2021-07-03 20:58:42,787 DEBUG    [line range] com/google/gson/stream/JsonWriter.java push 353:360
2021-07-03 20:58:42,836 DEBUG                  - depth 0, hash 35c1317, HEAD~375
2021-07-03 20:58:42,842 DEBUG    [line range] com/google/gson/stream/JsonWriter.java replaceTop 375:377
2021-07-03 20:58:42,891 DEBUG                  - depth 0, hash 35c1317, HEAD~375
2021-07-03 20:58:42,897 DEBUG                  - depth 1, hash 765a9f1, HEAD~951
2021-07-03 20:58:42,902 DEBUG    [line range] com/google/gson/stream/JsonWriter.java setHtmlSafe 252:254
2021-07-03 20:58:42,952 DEBUG                  - depth 0, hash d26c818, HEAD~572
2021-07-03 20:58:42,958 DEBUG                  - depth 1, hash 747e3c3, HEAD~940
2021-07-03 20:58:42,962 DEBUG    [line range] com/google/gson/stream/JsonWriter.java setLenient 234:236
2021-07-03 20:58:43,013 DEBUG                  - depth 0, hash d26c818, HEAD~572
2021-07-03 20:58:43,019 DEBUG                  - depth 1, hash 486820f, HEAD~944
2021-07-03 20:58:43,024 DEBUG    [line range] com/google/gson/stream/JsonWriter.java setSerializeNulls 268:270
2021-07-03 20:58:43,074 DEBUG                  - depth 0, hash bb7f0b6, HEAD~570
2021-07-03 20:58:43,080 DEBUG    [line range] com/google/gson/stream/JsonWriter.java string 564:594
2021-07-03 20:58:43,129 DEBUG                  - depth 0, hash a991e54, HEAD~412
2021-07-03 20:58:43,135 DEBUG                  - depth 1, hash d3a4b48, HEAD~674
2021-07-03 20:58:43,140 DEBUG                  - depth 2, hash 747e3c3, HEAD~940
2021-07-03 20:58:43,144 DEBUG                  - depth 3, hash 486820f, HEAD~944
2021-07-03 20:58:43,148 DEBUG                  - depth 4, hash ff7aa3f, HEAD~945
2021-07-03 20:58:43,152 DEBUG                  - depth 5, hash 765a9f1, HEAD~951
2021-07-03 20:58:43,157 DEBUG    [line range] com/google/gson/stream/JsonWriter.java value 522:536
2021-07-03 20:58:43,208 DEBUG                  - depth 0, hash c8627c8, HEAD~79
2021-07-03 20:58:43,213 DEBUG                  - depth 1, hash bb7f0b6, HEAD~570
2021-07-03 20:58:43,218 DEBUG                  - depth 2, hash 486820f, HEAD~944
2021-07-03 20:58:43,222 DEBUG                  - depth 3, hash 765a9f1, HEAD~951
2021-07-03 20:58:43,226 DEBUG    [line range] com/google/gson/stream/JsonWriter.java writeDeferredName 399:405
2021-07-03 20:58:43,275 DEBUG                  - depth 0, hash bb7f0b6, HEAD~570
2021-07-03 20:58:43,281 INFO     The number of BIC candidates: 156
