2021-07-03 20:56:30,758 INFO     Search BICs for /tmp/Gson-6b/
2021-07-03 20:56:30,758 DEBUG    Reading the coverage of com.google.gson.regression.JsonAdapterNullSafeTest::testNullSafeBugDeserialize (failings)
2021-07-03 20:56:30,788 DEBUG    Reading the coverage of com.google.gson.regression.JsonAdapterNullSafeTest::testNullSafeBugSerialize (failings)
2021-07-03 20:56:30,819 INFO     Loaded 2x459 Coverage Matrix
2021-07-03 20:56:30,819 INFO     The number of total commits: 1208
2021-07-03 20:56:31,118 DEBUG    [single line]   com/google/gson/FieldNamingPolicy.java <clinit> 31
2021-07-03 20:56:31,167 DEBUG                  - depth 0, hash f89e92a, HEAD~459
2021-07-03 20:56:31,172 DEBUG                  - depth 1, hash 57d1f32, HEAD~1207
2021-07-03 20:56:31,177 DEBUG    [single line]   com/google/gson/FieldNamingPolicy.java <clinit> 37
2021-07-03 20:56:31,224 DEBUG                  - depth 0, hash f89e92a, HEAD~459
2021-07-03 20:56:31,229 DEBUG                  - depth 1, hash 57d1f32, HEAD~1207
2021-07-03 20:56:31,233 DEBUG    [single line]   com/google/gson/FieldNamingPolicy.java <clinit> 53
2021-07-03 20:56:31,282 DEBUG                  - depth 0, hash f89e92a, HEAD~459
2021-07-03 20:56:31,287 DEBUG                  - depth 1, hash 57d1f32, HEAD~1207
2021-07-03 20:56:31,291 DEBUG    [single line]   com/google/gson/FieldNamingPolicy.java <clinit> 72
2021-07-03 20:56:31,340 DEBUG                  - depth 0, hash f89e92a, HEAD~459
2021-07-03 20:56:31,345 DEBUG                  - depth 1, hash ba01548, HEAD~924
2021-07-03 20:56:31,349 DEBUG    [single line]   com/google/gson/FieldNamingPolicy.java <clinit> 90
2021-07-03 20:56:31,398 DEBUG                  - depth 0, hash f89e92a, HEAD~459
2021-07-03 20:56:31,404 DEBUG                  - depth 1, hash ad4ff69, HEAD~1005
2021-07-03 20:56:31,408 DEBUG                  - depth 2, hash 57d1f32, HEAD~1207
2021-07-03 20:56:31,412 DEBUG    [single line]   com/google/gson/FieldNamingPolicy.java <clinit> 113
2021-07-03 20:56:31,461 DEBUG                  - depth 0, hash f89e92a, HEAD~459
2021-07-03 20:56:31,466 DEBUG                  - depth 1, hash ad4ff69, HEAD~1005
2021-07-03 20:56:31,470 DEBUG                  - depth 2, hash 57d1f32, HEAD~1207
2021-07-03 20:56:31,475 DEBUG    [single line]   com/google/gson/FieldNamingPolicy.java <init> 37
2021-07-03 20:56:31,522 DEBUG                  - depth 0, hash f89e92a, HEAD~459
2021-07-03 20:56:31,528 DEBUG                  - depth 1, hash 57d1f32, HEAD~1207
2021-07-03 20:56:31,532 DEBUG    [single line]   com/google/gson/FieldNamingPolicy.java <init> 53
2021-07-03 20:56:31,581 DEBUG                  - depth 0, hash f89e92a, HEAD~459
2021-07-03 20:56:31,586 DEBUG                  - depth 1, hash 57d1f32, HEAD~1207
2021-07-03 20:56:31,590 DEBUG    [single line]   com/google/gson/FieldNamingPolicy.java <init> 72
2021-07-03 20:56:31,639 DEBUG                  - depth 0, hash f89e92a, HEAD~459
2021-07-03 20:56:31,644 DEBUG                  - depth 1, hash ba01548, HEAD~924
2021-07-03 20:56:31,648 DEBUG    [single line]   com/google/gson/FieldNamingPolicy.java <init> 90
2021-07-03 20:56:31,697 DEBUG                  - depth 0, hash f89e92a, HEAD~459
2021-07-03 20:56:31,702 DEBUG                  - depth 1, hash ad4ff69, HEAD~1005
2021-07-03 20:56:31,706 DEBUG                  - depth 2, hash 57d1f32, HEAD~1207
2021-07-03 20:56:31,711 DEBUG    [single line]   com/google/gson/FieldNamingPolicy.java <init> 113
2021-07-03 20:56:31,758 DEBUG                  - depth 0, hash f89e92a, HEAD~459
2021-07-03 20:56:31,763 DEBUG                  - depth 1, hash ad4ff69, HEAD~1005
2021-07-03 20:56:31,767 DEBUG                  - depth 2, hash 57d1f32, HEAD~1207
2021-07-03 20:56:32,195 DEBUG    [line range] com/google/gson/Gson.java <init> 185:191
2021-07-03 20:56:32,263 DEBUG                  - depth 0, hash 3360c93, HEAD~26
2021-07-03 20:56:32,268 DEBUG                  - depth 1, hash d7fbac0, HEAD~398
2021-07-03 20:56:32,272 DEBUG                  - depth 2, hash 1794182, HEAD~448
2021-07-03 20:56:32,277 DEBUG                  - depth 3, hash aa2f61b, HEAD~452
2021-07-03 20:56:32,281 DEBUG                  - depth 4, hash f89e92a, HEAD~459
2021-07-03 20:56:32,285 DEBUG                  - depth 5, hash d3f927e, HEAD~510
2021-07-03 20:56:32,289 DEBUG                  - depth 6, hash 46e65a7, HEAD~526
2021-07-03 20:56:32,293 DEBUG                  - depth 7, hash c71e61c, HEAD~544
2021-07-03 20:56:32,297 DEBUG                  - depth 8, hash a98d6ea, HEAD~550
2021-07-03 20:56:32,301 DEBUG                  - depth 9, hash 25c6ae1, HEAD~552
2021-07-03 20:56:32,306 DEBUG                  - depth 10, hash aa06705, HEAD~595
2021-07-03 20:56:32,310 DEBUG                  - depth 11, hash 114633f, HEAD~763
2021-07-03 20:56:32,314 DEBUG                  - depth 12, hash b883f8f, HEAD~771
2021-07-03 20:56:32,318 DEBUG                  - depth 13, hash 2b9f81e, HEAD~772
2021-07-03 20:56:32,322 DEBUG                  - depth 14, hash dea7ab8, HEAD~850
2021-07-03 20:56:32,326 DEBUG                  - depth 15, hash 2b1f3ee, HEAD~879
2021-07-03 20:56:32,330 DEBUG                  - depth 16, hash 747e3c3, HEAD~885
2021-07-03 20:56:32,334 DEBUG                  - depth 17, hash 839b0c2, HEAD~980
2021-07-03 20:56:32,339 DEBUG                  - depth 18, hash 6d50bce, HEAD~1033
2021-07-03 20:56:32,343 DEBUG                  - depth 19, hash b2b2e5d, HEAD~1059
2021-07-03 20:56:32,347 DEBUG                  - depth 20, hash 764e4d9, HEAD~1076
2021-07-03 20:56:32,351 DEBUG                  - depth 21, hash 458f2ba, HEAD~1099
2021-07-03 20:56:32,355 DEBUG                  - depth 22, hash 51881c7, HEAD~1106
2021-07-03 20:56:32,359 DEBUG                  - depth 23, hash cf2a457, HEAD~1150
2021-07-03 20:56:32,364 DEBUG                  - depth 24, hash cc90a68, HEAD~1165
2021-07-03 20:56:32,368 DEBUG                  - depth 25, hash 9dfa454, HEAD~1171
2021-07-03 20:56:32,372 DEBUG                  - depth 26, hash 57d1f32, HEAD~1207
2021-07-03 20:56:32,376 DEBUG    [line range] com/google/gson/Gson.java <init> 120:121
2021-07-03 20:56:32,430 DEBUG                  - depth 0, hash 1e18dce, HEAD~282
2021-07-03 20:56:32,436 DEBUG                  - depth 1, hash 7e76014, HEAD~467
2021-07-03 20:56:32,441 DEBUG    [line range] com/google/gson/Gson.java atomicLongAdapter 345:355
2021-07-03 20:56:32,488 DEBUG                  - depth 0, hash cc54e4d, HEAD~84
2021-07-03 20:56:32,494 DEBUG                  - depth 1, hash 7821b73, HEAD~85
2021-07-03 20:56:32,498 DEBUG    [line range] com/google/gson/Gson.java atomicLongArrayAdapter 357:382
2021-07-03 20:56:32,546 DEBUG                  - depth 0, hash 11b26b5, HEAD~82
2021-07-03 20:56:32,551 DEBUG    [line range] com/google/gson/Gson.java doubleAdapter 267:289
2021-07-03 20:56:32,611 DEBUG                  - depth 0, hash f602bce, HEAD~433
2021-07-03 20:56:32,616 DEBUG                  - depth 1, hash bc68d72, HEAD~444
2021-07-03 20:56:32,621 DEBUG                  - depth 2, hash 0e02cbb, HEAD~496
2021-07-03 20:56:32,625 DEBUG                  - depth 3, hash 25c6ae1, HEAD~552
2021-07-03 20:56:32,629 DEBUG                  - depth 4, hash 9db0c53, HEAD~570
2021-07-03 20:56:32,633 DEBUG                  - depth 5, hash 1885ba7, HEAD~593
2021-07-03 20:56:32,637 DEBUG    [line range] com/google/gson/Gson.java floatAdapter 291:313
2021-07-03 20:56:32,698 DEBUG                  - depth 0, hash f602bce, HEAD~433
2021-07-03 20:56:32,704 DEBUG                  - depth 1, hash bc68d72, HEAD~444
2021-07-03 20:56:32,708 DEBUG                  - depth 2, hash 0e02cbb, HEAD~496
2021-07-03 20:56:32,712 DEBUG                  - depth 3, hash 25c6ae1, HEAD~552
2021-07-03 20:56:32,716 DEBUG                  - depth 4, hash 9db0c53, HEAD~570
2021-07-03 20:56:32,720 DEBUG                  - depth 5, hash 1885ba7, HEAD~593
2021-07-03 20:56:32,724 DEBUG    [line range] com/google/gson/Gson.java fromJson 869:898
2021-07-03 20:56:32,792 DEBUG                  - depth 0, hash af4879d, HEAD~281
2021-07-03 20:56:32,797 DEBUG                  - depth 1, hash 22c835f, HEAD~283
2021-07-03 20:56:32,801 DEBUG                  - depth 2, hash fd4fbe4, HEAD~284
2021-07-03 20:56:32,805 DEBUG                  - depth 3, hash c25278b, HEAD~286
2021-07-03 20:56:32,809 DEBUG                  - depth 4, hash 7e76014, HEAD~467
2021-07-03 20:56:32,814 DEBUG                  - depth 5, hash 016261d, HEAD~483
2021-07-03 20:56:32,818 DEBUG                  - depth 6, hash 25c6ae1, HEAD~552
2021-07-03 20:56:32,822 DEBUG                  - depth 7, hash 9980191, HEAD~565
2021-07-03 20:56:32,826 DEBUG                  - depth 8, hash bafc43a, HEAD~581
2021-07-03 20:56:32,830 DEBUG                  - depth 9, hash 84c7140, HEAD~582
2021-07-03 20:56:32,834 DEBUG                  - depth 10, hash 10db917, HEAD~835
2021-07-03 20:56:32,839 DEBUG                  - depth 11, hash 747e3c3, HEAD~885
2021-07-03 20:56:32,843 DEBUG                  - depth 12, hash fa40b4c, HEAD~887
2021-07-03 20:56:32,847 DEBUG                  - depth 13, hash 7a7bbf7, HEAD~895
2021-07-03 20:56:32,851 DEBUG                  - depth 14, hash 29ab864, HEAD~1017
2021-07-03 20:56:32,855 DEBUG                  - depth 15, hash abf4ab2, HEAD~1036
2021-07-03 20:56:32,859 DEBUG                  - depth 16, hash 6e59e50, HEAD~1037
2021-07-03 20:56:32,864 DEBUG                  - depth 17, hash 5c6d5a0, HEAD~1045
2021-07-03 20:56:32,868 DEBUG                  - depth 18, hash 2034090, HEAD~1051
2021-07-03 20:56:32,872 DEBUG                  - depth 19, hash 2c7cc62, HEAD~1074
2021-07-03 20:56:32,876 DEBUG                  - depth 20, hash cf2a457, HEAD~1150
2021-07-03 20:56:32,880 DEBUG                  - depth 21, hash 9dfa454, HEAD~1171
2021-07-03 20:56:32,885 DEBUG                  - depth 22, hash 57d1f32, HEAD~1207
2021-07-03 20:56:32,889 DEBUG    [line range] com/google/gson/Gson.java fromJson 841:847
2021-07-03 20:56:32,958 DEBUG                  - depth 0, hash 3360c93, HEAD~26
2021-07-03 20:56:32,963 DEBUG                  - depth 1, hash 756131d, HEAD~432
2021-07-03 20:56:32,967 DEBUG                  - depth 2, hash a92cf39, HEAD~475
2021-07-03 20:56:32,972 DEBUG                  - depth 3, hash de727d8, HEAD~502
2021-07-03 20:56:32,976 DEBUG                  - depth 4, hash 1c5f513, HEAD~797
2021-07-03 20:56:32,980 DEBUG                  - depth 5, hash 0a3f5fa, HEAD~802
2021-07-03 20:56:32,984 DEBUG                  - depth 6, hash 7d055fc, HEAD~814
2021-07-03 20:56:32,988 DEBUG                  - depth 7, hash 32afd1a, HEAD~821
2021-07-03 20:56:32,993 DEBUG                  - depth 8, hash 10db917, HEAD~835
2021-07-03 20:56:32,997 DEBUG                  - depth 9, hash 747e3c3, HEAD~885
2021-07-03 20:56:33,001 DEBUG                  - depth 10, hash fa40b4c, HEAD~887
2021-07-03 20:56:33,005 DEBUG                  - depth 11, hash 7a7bbf7, HEAD~895
2021-07-03 20:56:33,009 DEBUG                  - depth 12, hash 29ab864, HEAD~1017
2021-07-03 20:56:33,014 DEBUG                  - depth 13, hash abf4ab2, HEAD~1036
2021-07-03 20:56:33,018 DEBUG                  - depth 14, hash 6e59e50, HEAD~1037
2021-07-03 20:56:33,022 DEBUG                  - depth 15, hash 5c6d5a0, HEAD~1045
2021-07-03 20:56:33,026 DEBUG                  - depth 16, hash 2034090, HEAD~1051
2021-07-03 20:56:33,030 DEBUG                  - depth 17, hash 2c7cc62, HEAD~1074
2021-07-03 20:56:33,035 DEBUG                  - depth 18, hash cf2a457, HEAD~1150
2021-07-03 20:56:33,039 DEBUG                  - depth 19, hash 9dfa454, HEAD~1171
2021-07-03 20:56:33,043 DEBUG                  - depth 20, hash 57d1f32, HEAD~1207
2021-07-03 20:56:33,047 DEBUG    [line range] com/google/gson/Gson.java fromJson 764:767
2021-07-03 20:56:33,115 DEBUG                  - depth 0, hash 5bc80cd, HEAD~717
2021-07-03 20:56:33,121 DEBUG                  - depth 1, hash 4efb133, HEAD~721
2021-07-03 20:56:33,125 DEBUG                  - depth 2, hash 10db917, HEAD~835
2021-07-03 20:56:33,129 DEBUG                  - depth 3, hash c8c3a69, HEAD~853
2021-07-03 20:56:33,133 DEBUG                  - depth 4, hash 20d895f, HEAD~854
2021-07-03 20:56:33,137 DEBUG                  - depth 5, hash 57d1f32, HEAD~1207
2021-07-03 20:56:33,142 DEBUG    [line range] com/google/gson/Gson.java fromJson 787:795
2021-07-03 20:56:33,210 DEBUG                  - depth 0, hash 2cbddbb, HEAD~477
2021-07-03 20:56:33,215 DEBUG                  - depth 1, hash 016261d, HEAD~483
2021-07-03 20:56:33,219 DEBUG                  - depth 2, hash 9980191, HEAD~565
2021-07-03 20:56:33,223 DEBUG                  - depth 3, hash 84c7140, HEAD~582
2021-07-03 20:56:33,228 DEBUG                  - depth 4, hash 10db917, HEAD~835
2021-07-03 20:56:33,232 DEBUG                  - depth 5, hash d3eda04, HEAD~869
2021-07-03 20:56:33,236 DEBUG                  - depth 6, hash 57d1f32, HEAD~1207
2021-07-03 20:56:33,240 DEBUG    [line range] com/google/gson/Gson.java getAdapter 390:431
2021-07-03 20:56:33,295 DEBUG                  - depth 0, hash 6dc6b4b, HEAD~273
2021-07-03 20:56:33,301 DEBUG                  - depth 1, hash 1e18dce, HEAD~282
2021-07-03 20:56:33,305 DEBUG                  - depth 2, hash d7fbac0, HEAD~398
2021-07-03 20:56:33,309 DEBUG                  - depth 3, hash 756131d, HEAD~432
2021-07-03 20:56:33,314 DEBUG                  - depth 4, hash 4c06b01, HEAD~441
2021-07-03 20:56:33,318 DEBUG                  - depth 5, hash 7e76014, HEAD~467
2021-07-03 20:56:33,322 DEBUG    [line range] com/google/gson/Gson.java getDelegateAdapter 483:504
2021-07-03 20:56:33,378 DEBUG                  - depth 0, hash f2591b6, HEAD~198
2021-07-03 20:56:33,384 DEBUG                  - depth 1, hash 83e5a49, HEAD~352
2021-07-03 20:56:33,388 DEBUG                  - depth 2, hash 6c78bf5, HEAD~384
2021-07-03 20:56:33,392 DEBUG                  - depth 3, hash ecdf915, HEAD~390
2021-07-03 20:56:33,397 DEBUG                  - depth 4, hash d7fbac0, HEAD~398
2021-07-03 20:56:33,401 DEBUG                  - depth 5, hash 8f8e69a, HEAD~436
2021-07-03 20:56:33,405 DEBUG                  - depth 6, hash 7e76014, HEAD~467
2021-07-03 20:56:33,409 DEBUG    [line range] com/google/gson/Gson.java longAdapter 323:343
2021-07-03 20:56:33,475 DEBUG                  - depth 0, hash cc54e4d, HEAD~84
2021-07-03 20:56:33,480 DEBUG                  - depth 1, hash f602bce, HEAD~433
2021-07-03 20:56:33,485 DEBUG                  - depth 2, hash bc68d72, HEAD~444
2021-07-03 20:56:33,489 DEBUG                  - depth 3, hash 0e02cbb, HEAD~496
2021-07-03 20:56:33,493 DEBUG                  - depth 4, hash 25c6ae1, HEAD~552
2021-07-03 20:56:33,497 DEBUG                  - depth 5, hash 9db0c53, HEAD~570
2021-07-03 20:56:33,502 DEBUG                  - depth 6, hash aa06705, HEAD~595
2021-07-03 20:56:33,506 DEBUG                  - depth 7, hash f276d13, HEAD~604
2021-07-03 20:56:33,510 DEBUG                  - depth 8, hash 3331dcd, HEAD~605
2021-07-03 20:56:33,514 DEBUG                  - depth 9, hash 37abcf3, HEAD~606
2021-07-03 20:56:33,518 DEBUG                  - depth 10, hash 57d1f32, HEAD~1207
2021-07-03 20:56:33,523 DEBUG    [line range] com/google/gson/Gson.java newJsonReader 719:723
2021-07-03 20:56:33,570 DEBUG                  - depth 0, hash 3360c93, HEAD~26
2021-07-03 20:56:33,576 DEBUG    [line range] com/google/gson/Gson.java <init> 135:140
2021-07-03 20:56:33,629 DEBUG                  - depth 0, hash e5b3f63, HEAD~90
2021-07-03 20:56:33,635 DEBUG                  - depth 1, hash 756131d, HEAD~432
2021-07-03 20:56:33,639 DEBUG                  - depth 2, hash d391584, HEAD~464
2021-07-03 20:56:33,644 DEBUG    [line range] com/google/gson/Gson.java write 267:289
2021-07-03 20:56:33,703 DEBUG                  - depth 0, hash f602bce, HEAD~433
2021-07-03 20:56:33,709 DEBUG                  - depth 1, hash bc68d72, HEAD~444
2021-07-03 20:56:33,713 DEBUG                  - depth 2, hash 0e02cbb, HEAD~496
2021-07-03 20:56:33,717 DEBUG                  - depth 3, hash 25c6ae1, HEAD~552
2021-07-03 20:56:33,722 DEBUG                  - depth 4, hash 9db0c53, HEAD~570
2021-07-03 20:56:33,726 DEBUG                  - depth 5, hash 1885ba7, HEAD~593
2021-07-03 20:56:34,000 DEBUG    [single line]   com/google/gson/LongSerializationPolicy.java <clinit> 27
2021-07-03 20:56:34,048 DEBUG                  - depth 0, hash e2cfc0c, HEAD~1086
2021-07-03 20:56:34,054 DEBUG    [single line]   com/google/gson/LongSerializationPolicy.java <clinit> 34
2021-07-03 20:56:34,101 DEBUG                  - depth 0, hash a00c5ff, HEAD~462
2021-07-03 20:56:34,107 DEBUG                  - depth 1, hash e2cfc0c, HEAD~1086
2021-07-03 20:56:34,111 DEBUG    [single line]   com/google/gson/LongSerializationPolicy.java <clinit> 45
2021-07-03 20:56:34,159 DEBUG                  - depth 0, hash a00c5ff, HEAD~462
2021-07-03 20:56:34,164 DEBUG                  - depth 1, hash e2cfc0c, HEAD~1086
2021-07-03 20:56:34,168 DEBUG    [single line]   com/google/gson/LongSerializationPolicy.java <init> 34
2021-07-03 20:56:34,217 DEBUG                  - depth 0, hash a00c5ff, HEAD~462
2021-07-03 20:56:34,223 DEBUG                  - depth 1, hash e2cfc0c, HEAD~1086
2021-07-03 20:56:34,227 DEBUG    [single line]   com/google/gson/LongSerializationPolicy.java <init> 45
2021-07-03 20:56:34,276 DEBUG                  - depth 0, hash a00c5ff, HEAD~462
2021-07-03 20:56:34,281 DEBUG                  - depth 1, hash e2cfc0c, HEAD~1086
2021-07-03 20:56:34,607 DEBUG    [single line]   com/google/gson/TypeAdapter.java <init> 119
2021-07-03 20:56:34,656 DEBUG                  - depth 0, hash c5f1df1, HEAD~623
2021-07-03 20:56:34,662 DEBUG    [line range] com/google/gson/TypeAdapter.java nullSafe 185:202
2021-07-03 20:56:34,710 DEBUG                  - depth 0, hash b28e518, HEAD~404
2021-07-03 20:56:34,716 DEBUG                  - depth 1, hash eb2230c, HEAD~424
2021-07-03 20:56:34,720 DEBUG                  - depth 2, hash 0b734e4, HEAD~427
2021-07-03 20:56:34,724 DEBUG                  - depth 3, hash 91be944, HEAD~430
2021-07-03 20:56:34,729 DEBUG    [line range] com/google/gson/TypeAdapter.java <init> 185:202
2021-07-03 20:56:34,778 DEBUG                  - depth 0, hash b28e518, HEAD~404
2021-07-03 20:56:34,784 DEBUG                  - depth 1, hash eb2230c, HEAD~424
2021-07-03 20:56:34,788 DEBUG                  - depth 2, hash 0b734e4, HEAD~427
2021-07-03 20:56:34,792 DEBUG                  - depth 3, hash 91be944, HEAD~430
2021-07-03 20:56:35,149 DEBUG    [line range] com/google/gson/internal/ConstructorConstructor.java <init> 51:53
2021-07-03 20:56:35,200 DEBUG                  - depth 0, hash 1794182, HEAD~448
2021-07-03 20:56:35,206 DEBUG                  - depth 1, hash d391584, HEAD~464
2021-07-03 20:56:35,210 DEBUG                  - depth 2, hash 25c6ae1, HEAD~552
2021-07-03 20:56:35,215 DEBUG    [line range] com/google/gson/internal/ConstructorConstructor.java get 55:95
2021-07-03 20:56:35,264 DEBUG                  - depth 0, hash fef43b2, HEAD~87
2021-07-03 20:56:35,269 DEBUG                  - depth 1, hash 040bae3, HEAD~280
2021-07-03 20:56:35,274 DEBUG                  - depth 2, hash 1a4f690, HEAD~319
2021-07-03 20:56:35,278 DEBUG                  - depth 3, hash 6cca23c, HEAD~377
2021-07-03 20:56:35,282 DEBUG                  - depth 4, hash 1794182, HEAD~448
2021-07-03 20:56:35,286 DEBUG                  - depth 5, hash d391584, HEAD~464
2021-07-03 20:56:35,290 DEBUG                  - depth 6, hash 4a6c084, HEAD~548
2021-07-03 20:56:35,295 DEBUG                  - depth 7, hash 25c6ae1, HEAD~552
2021-07-03 20:56:35,299 DEBUG    [line range] com/google/gson/internal/ConstructorConstructor.java newDefaultConstructor 97:125
2021-07-03 20:56:35,349 DEBUG                  - depth 0, hash fef43b2, HEAD~87
2021-07-03 20:56:35,354 DEBUG                  - depth 1, hash 290fb69, HEAD~487
2021-07-03 20:56:35,358 DEBUG                  - depth 2, hash 4a6c084, HEAD~548
2021-07-03 20:56:35,363 DEBUG                  - depth 3, hash 25c6ae1, HEAD~552
2021-07-03 20:56:35,367 DEBUG    [line range] com/google/gson/internal/ConstructorConstructor.java <init> 97:125
2021-07-03 20:56:35,417 DEBUG                  - depth 0, hash fef43b2, HEAD~87
2021-07-03 20:56:35,422 DEBUG                  - depth 1, hash 290fb69, HEAD~487
2021-07-03 20:56:35,427 DEBUG                  - depth 2, hash 4a6c084, HEAD~548
2021-07-03 20:56:35,431 DEBUG                  - depth 3, hash 25c6ae1, HEAD~552
2021-07-03 20:56:35,435 DEBUG    [line range] com/google/gson/internal/ConstructorConstructor.java construct 97:125
2021-07-03 20:56:35,485 DEBUG                  - depth 0, hash fef43b2, HEAD~87
2021-07-03 20:56:35,491 DEBUG                  - depth 1, hash 290fb69, HEAD~487
2021-07-03 20:56:35,495 DEBUG                  - depth 2, hash 4a6c084, HEAD~548
2021-07-03 20:56:35,499 DEBUG                  - depth 3, hash 25c6ae1, HEAD~552
2021-07-03 20:56:35,837 DEBUG    [line range] com/google/gson/internal/Excluder.java <clinit> 52:52
2021-07-03 20:56:35,884 DEBUG                  - depth 0, hash aa2f61b, HEAD~452
2021-07-03 20:56:35,890 DEBUG    [line range] com/google/gson/internal/Excluder.java <init> 54:54
2021-07-03 20:56:35,938 DEBUG                  - depth 0, hash aa2f61b, HEAD~452
2021-07-03 20:56:35,943 DEBUG    [single line]   com/google/gson/internal/Excluder.java clone 50
2021-07-03 20:56:35,991 DEBUG                  - depth 0, hash d7fbac0, HEAD~398
2021-07-03 20:56:35,996 DEBUG                  - depth 1, hash aa2f61b, HEAD~452
2021-07-03 20:56:36,001 DEBUG    [line range] com/google/gson/internal/Excluder.java create 111:147
2021-07-03 20:56:36,051 DEBUG                  - depth 0, hash 83e5a49, HEAD~352
2021-07-03 20:56:36,056 DEBUG                  - depth 1, hash 796a381, HEAD~379
2021-07-03 20:56:36,060 DEBUG                  - depth 2, hash ecdf915, HEAD~390
2021-07-03 20:56:36,065 DEBUG                  - depth 3, hash f602bce, HEAD~433
2021-07-03 20:56:36,069 DEBUG                  - depth 4, hash 26ab404, HEAD~437
2021-07-03 20:56:36,073 DEBUG                  - depth 5, hash aa2f61b, HEAD~452
2021-07-03 20:56:36,078 DEBUG    [line range] com/google/gson/internal/Excluder.java excludeClass 191:213
2021-07-03 20:56:36,127 DEBUG                  - depth 0, hash aa2f61b, HEAD~452
2021-07-03 20:56:36,132 DEBUG    [line range] com/google/gson/internal/Excluder.java isAnonymousOrLocal 215:218
2021-07-03 20:56:36,180 DEBUG                  - depth 0, hash aa2f61b, HEAD~452
2021-07-03 20:56:36,462 DEBUG    [single line]   com/google/gson/internal/JsonReaderInternalAccess.java <init> 25
2021-07-03 20:56:36,509 DEBUG                  - depth 0, hash 852cd72, HEAD~440
2021-07-03 20:56:36,832 DEBUG    [line range] com/google/gson/internal/bind/ArrayTypeAdapter.java <clinit> 39:52
2021-07-03 20:56:36,881 DEBUG                  - depth 0, hash e5b3f63, HEAD~90
2021-07-03 20:56:36,886 DEBUG                  - depth 1, hash d7fbac0, HEAD~398
2021-07-03 20:56:36,890 DEBUG                  - depth 2, hash 26ab404, HEAD~437
2021-07-03 20:56:36,895 DEBUG                  - depth 3, hash f777a19, HEAD~460
2021-07-03 20:56:36,899 DEBUG                  - depth 4, hash 7e76014, HEAD~467
2021-07-03 20:56:36,903 DEBUG                  - depth 5, hash 3196450, HEAD~492
2021-07-03 20:56:36,908 DEBUG                  - depth 6, hash 47a36fd, HEAD~513
2021-07-03 20:56:36,912 DEBUG                  - depth 7, hash 2780a2a, HEAD~540
2021-07-03 20:56:36,916 DEBUG                  - depth 8, hash 6e3bf07, HEAD~594
2021-07-03 20:56:36,920 DEBUG                  - depth 9, hash c6bef30, HEAD~621
2021-07-03 20:56:36,925 DEBUG    [line range] com/google/gson/internal/bind/ArrayTypeAdapter.java <init> 39:52
2021-07-03 20:56:36,975 DEBUG                  - depth 0, hash e5b3f63, HEAD~90
2021-07-03 20:56:36,980 DEBUG                  - depth 1, hash d7fbac0, HEAD~398
2021-07-03 20:56:36,984 DEBUG                  - depth 2, hash 26ab404, HEAD~437
2021-07-03 20:56:36,989 DEBUG                  - depth 3, hash f777a19, HEAD~460
2021-07-03 20:56:36,993 DEBUG                  - depth 4, hash 7e76014, HEAD~467
2021-07-03 20:56:36,997 DEBUG                  - depth 5, hash 3196450, HEAD~492
2021-07-03 20:56:37,002 DEBUG                  - depth 6, hash 47a36fd, HEAD~513
2021-07-03 20:56:37,006 DEBUG                  - depth 7, hash 2780a2a, HEAD~540
2021-07-03 20:56:37,010 DEBUG                  - depth 8, hash 6e3bf07, HEAD~594
2021-07-03 20:56:37,014 DEBUG                  - depth 9, hash c6bef30, HEAD~621
2021-07-03 20:56:37,019 DEBUG    [line range] com/google/gson/internal/bind/ArrayTypeAdapter.java create 39:52
2021-07-03 20:56:37,067 DEBUG                  - depth 0, hash e5b3f63, HEAD~90
2021-07-03 20:56:37,073 DEBUG                  - depth 1, hash d7fbac0, HEAD~398
2021-07-03 20:56:37,077 DEBUG                  - depth 2, hash 26ab404, HEAD~437
2021-07-03 20:56:37,081 DEBUG                  - depth 3, hash f777a19, HEAD~460
2021-07-03 20:56:37,085 DEBUG                  - depth 4, hash 7e76014, HEAD~467
2021-07-03 20:56:37,090 DEBUG                  - depth 5, hash 3196450, HEAD~492
2021-07-03 20:56:37,094 DEBUG                  - depth 6, hash 47a36fd, HEAD~513
2021-07-03 20:56:37,098 DEBUG                  - depth 7, hash 2780a2a, HEAD~540
2021-07-03 20:56:37,103 DEBUG                  - depth 8, hash 6e3bf07, HEAD~594
2021-07-03 20:56:37,107 DEBUG                  - depth 9, hash c6bef30, HEAD~621
2021-07-03 20:56:37,424 DEBUG    [line range] com/google/gson/internal/bind/CollectionTypeAdapterFactory.java <init> 39:41
2021-07-03 20:56:37,473 DEBUG                  - depth 0, hash 25c6ae1, HEAD~552
2021-07-03 20:56:37,479 DEBUG    [line range] com/google/gson/internal/bind/CollectionTypeAdapterFactory.java create 43:59
2021-07-03 20:56:37,528 DEBUG                  - depth 0, hash e5b3f63, HEAD~90
2021-07-03 20:56:37,533 DEBUG                  - depth 1, hash 6cca23c, HEAD~377
2021-07-03 20:56:37,538 DEBUG                  - depth 2, hash 26ab404, HEAD~437
2021-07-03 20:56:37,542 DEBUG                  - depth 3, hash 7e76014, HEAD~467
2021-07-03 20:56:37,546 DEBUG                  - depth 4, hash 3196450, HEAD~492
2021-07-03 20:56:37,551 DEBUG                  - depth 5, hash 25c6ae1, HEAD~552
2021-07-03 20:56:37,848 DEBUG    [line range] com/google/gson/internal/bind/DateTypeAdapter.java <clinit> 42:47
2021-07-03 20:56:37,897 DEBUG                  - depth 0, hash e5b3f63, HEAD~90
2021-07-03 20:56:37,903 DEBUG                  - depth 1, hash d7fbac0, HEAD~398
2021-07-03 20:56:37,907 DEBUG                  - depth 2, hash 26ab404, HEAD~437
2021-07-03 20:56:37,911 DEBUG                  - depth 3, hash 7e76014, HEAD~467
2021-07-03 20:56:37,916 DEBUG                  - depth 4, hash 3b3a60d, HEAD~531
2021-07-03 20:56:37,920 DEBUG    [line range] com/google/gson/internal/bind/DateTypeAdapter.java <init> 42:47
2021-07-03 20:56:37,969 DEBUG                  - depth 0, hash e5b3f63, HEAD~90
2021-07-03 20:56:37,974 DEBUG                  - depth 1, hash d7fbac0, HEAD~398
2021-07-03 20:56:37,978 DEBUG                  - depth 2, hash 26ab404, HEAD~437
2021-07-03 20:56:37,983 DEBUG                  - depth 3, hash 7e76014, HEAD~467
2021-07-03 20:56:37,987 DEBUG                  - depth 4, hash 3b3a60d, HEAD~531
2021-07-03 20:56:37,991 DEBUG    [line range] com/google/gson/internal/bind/DateTypeAdapter.java create 42:47
2021-07-03 20:56:38,039 DEBUG                  - depth 0, hash e5b3f63, HEAD~90
2021-07-03 20:56:38,045 DEBUG                  - depth 1, hash d7fbac0, HEAD~398
2021-07-03 20:56:38,049 DEBUG                  - depth 2, hash 26ab404, HEAD~437
2021-07-03 20:56:38,054 DEBUG                  - depth 3, hash 7e76014, HEAD~467
2021-07-03 20:56:38,058 DEBUG                  - depth 4, hash 3b3a60d, HEAD~531
2021-07-03 20:56:38,354 DEBUG    [line range] com/google/gson/internal/bind/JsonAdapterAnnotationTypeAdapterFactory.java <init> 36:38
2021-07-03 20:56:38,401 DEBUG                  - depth 0, hash edf6608, HEAD~224
2021-07-03 20:56:38,407 DEBUG                  - depth 1, hash 7f6a096, HEAD~225
2021-07-03 20:56:38,411 DEBUG                  - depth 2, hash 67d512e, HEAD~234
2021-07-03 20:56:38,416 DEBUG    [line range] com/google/gson/internal/bind/JsonAdapterAnnotationTypeAdapterFactory.java create 40:48
2021-07-03 20:56:38,464 DEBUG                  - depth 0, hash e5b3f63, HEAD~90
2021-07-03 20:56:38,470 DEBUG                  - depth 1, hash 1de2ace, HEAD~193
2021-07-03 20:56:38,474 DEBUG                  - depth 2, hash 117d8ea, HEAD~210
2021-07-03 20:56:38,479 DEBUG                  - depth 3, hash 125e6d9, HEAD~211
2021-07-03 20:56:38,483 DEBUG                  - depth 4, hash edf6608, HEAD~224
2021-07-03 20:56:38,487 DEBUG                  - depth 5, hash 7f6a096, HEAD~225
2021-07-03 20:56:38,491 DEBUG                  - depth 6, hash e280ffd, HEAD~227
2021-07-03 20:56:38,496 DEBUG                  - depth 7, hash bf549f0, HEAD~233
2021-07-03 20:56:38,500 DEBUG                  - depth 8, hash 67d512e, HEAD~234
2021-07-03 20:56:38,504 DEBUG    [line range] com/google/gson/internal/bind/JsonAdapterAnnotationTypeAdapterFactory.java getTypeAdapter 50:69
2021-07-03 20:56:38,554 DEBUG                  - depth 0, hash 23e2916, HEAD~28
2021-07-03 20:56:38,559 DEBUG                  - depth 1, hash 117d8ea, HEAD~210
2021-07-03 20:56:38,564 DEBUG                  - depth 2, hash 125e6d9, HEAD~211
2021-07-03 20:56:38,568 DEBUG                  - depth 3, hash edf6608, HEAD~224
2021-07-03 20:56:38,572 DEBUG                  - depth 4, hash 7f6a096, HEAD~225
2021-07-03 20:56:38,576 DEBUG                  - depth 5, hash e280ffd, HEAD~227
2021-07-03 20:56:38,581 DEBUG                  - depth 6, hash bf549f0, HEAD~233
2021-07-03 20:56:38,585 DEBUG                  - depth 7, hash 67d512e, HEAD~234
2021-07-03 20:56:38,949 DEBUG    [line range] com/google/gson/internal/bind/MapTypeAdapterFactory.java <init> 109:113
2021-07-03 20:56:38,999 DEBUG                  - depth 0, hash a98d6ea, HEAD~550
2021-07-03 20:56:39,005 DEBUG                  - depth 1, hash 25c6ae1, HEAD~552
2021-07-03 20:56:39,009 DEBUG    [line range] com/google/gson/internal/bind/MapTypeAdapterFactory.java create 115:134
2021-07-03 20:56:39,059 DEBUG                  - depth 0, hash e5b3f63, HEAD~90
2021-07-03 20:56:39,065 DEBUG                  - depth 1, hash 6cca23c, HEAD~377
2021-07-03 20:56:39,069 DEBUG                  - depth 2, hash 26ab404, HEAD~437
2021-07-03 20:56:39,073 DEBUG                  - depth 3, hash 7e76014, HEAD~467
2021-07-03 20:56:39,078 DEBUG                  - depth 4, hash 3196450, HEAD~492
2021-07-03 20:56:39,082 DEBUG                  - depth 5, hash 194c18d, HEAD~494
2021-07-03 20:56:39,086 DEBUG                  - depth 6, hash b2d5940, HEAD~530
2021-07-03 20:56:39,090 DEBUG                  - depth 7, hash a98d6ea, HEAD~550
2021-07-03 20:56:39,095 DEBUG                  - depth 8, hash 25c6ae1, HEAD~552
2021-07-03 20:56:39,398 DEBUG    [line range] com/google/gson/internal/bind/ObjectTypeAdapter.java <clinit> 38:46
2021-07-03 20:56:39,446 DEBUG                  - depth 0, hash e5b3f63, HEAD~90
2021-07-03 20:56:39,452 DEBUG                  - depth 1, hash d7fbac0, HEAD~398
2021-07-03 20:56:39,456 DEBUG                  - depth 2, hash 26ab404, HEAD~437
2021-07-03 20:56:39,460 DEBUG                  - depth 3, hash 7e76014, HEAD~467
2021-07-03 20:56:39,464 DEBUG                  - depth 4, hash ea9c023, HEAD~573
2021-07-03 20:56:39,469 DEBUG                  - depth 5, hash 3aeb70e, HEAD~577
2021-07-03 20:56:39,473 DEBUG    [line range] com/google/gson/internal/bind/ObjectTypeAdapter.java <init> 38:46
2021-07-03 20:56:39,521 DEBUG                  - depth 0, hash e5b3f63, HEAD~90
2021-07-03 20:56:39,527 DEBUG                  - depth 1, hash d7fbac0, HEAD~398
2021-07-03 20:56:39,531 DEBUG                  - depth 2, hash 26ab404, HEAD~437
2021-07-03 20:56:39,536 DEBUG                  - depth 3, hash 7e76014, HEAD~467
2021-07-03 20:56:39,540 DEBUG                  - depth 4, hash ea9c023, HEAD~573
2021-07-03 20:56:39,544 DEBUG                  - depth 5, hash 3aeb70e, HEAD~577
2021-07-03 20:56:39,549 DEBUG    [line range] com/google/gson/internal/bind/ObjectTypeAdapter.java create 38:46
2021-07-03 20:56:39,598 DEBUG                  - depth 0, hash e5b3f63, HEAD~90
2021-07-03 20:56:39,603 DEBUG                  - depth 1, hash d7fbac0, HEAD~398
2021-07-03 20:56:39,608 DEBUG                  - depth 2, hash 26ab404, HEAD~437
2021-07-03 20:56:39,612 DEBUG                  - depth 3, hash 7e76014, HEAD~467
2021-07-03 20:56:39,616 DEBUG                  - depth 4, hash ea9c023, HEAD~573
2021-07-03 20:56:39,621 DEBUG                  - depth 5, hash 3aeb70e, HEAD~577
2021-07-03 20:56:39,977 DEBUG    [line range] com/google/gson/internal/bind/ReflectiveTypeAdapterFactory.java <init> 53:58
2021-07-03 20:56:40,027 DEBUG                  - depth 0, hash aa2f61b, HEAD~452
2021-07-03 20:56:40,033 DEBUG                  - depth 1, hash e23973a, HEAD~457
2021-07-03 20:56:40,037 DEBUG                  - depth 2, hash 25c6ae1, HEAD~552
2021-07-03 20:56:40,338 DEBUG    [line range] com/google/gson/internal/bind/SqlDateTypeAdapter.java <clinit> 39:45
2021-07-03 20:56:40,386 DEBUG                  - depth 0, hash e5b3f63, HEAD~90
2021-07-03 20:56:40,392 DEBUG                  - depth 1, hash d7fbac0, HEAD~398
2021-07-03 20:56:40,396 DEBUG                  - depth 2, hash 26ab404, HEAD~437
2021-07-03 20:56:40,400 DEBUG                  - depth 3, hash 7e76014, HEAD~467
2021-07-03 20:56:40,404 DEBUG                  - depth 4, hash 3f26144, HEAD~528
2021-07-03 20:56:40,409 DEBUG    [line range] com/google/gson/internal/bind/SqlDateTypeAdapter.java <init> 39:45
2021-07-03 20:56:40,456 DEBUG                  - depth 0, hash e5b3f63, HEAD~90
2021-07-03 20:56:40,462 DEBUG                  - depth 1, hash d7fbac0, HEAD~398
2021-07-03 20:56:40,467 DEBUG                  - depth 2, hash 26ab404, HEAD~437
2021-07-03 20:56:40,471 DEBUG                  - depth 3, hash 7e76014, HEAD~467
2021-07-03 20:56:40,475 DEBUG                  - depth 4, hash 3f26144, HEAD~528
2021-07-03 20:56:40,479 DEBUG    [line range] com/google/gson/internal/bind/SqlDateTypeAdapter.java create 39:45
2021-07-03 20:56:40,528 DEBUG                  - depth 0, hash e5b3f63, HEAD~90
2021-07-03 20:56:40,534 DEBUG                  - depth 1, hash d7fbac0, HEAD~398
2021-07-03 20:56:40,538 DEBUG                  - depth 2, hash 26ab404, HEAD~437
2021-07-03 20:56:40,543 DEBUG                  - depth 3, hash 7e76014, HEAD~467
2021-07-03 20:56:40,547 DEBUG                  - depth 4, hash 3f26144, HEAD~528
2021-07-03 20:56:40,857 DEBUG    [line range] com/google/gson/internal/bind/TimeTypeAdapter.java <clinit> 41:46
2021-07-03 20:56:40,908 DEBUG                  - depth 0, hash e5b3f63, HEAD~90
2021-07-03 20:56:40,914 DEBUG                  - depth 1, hash d7fbac0, HEAD~398
2021-07-03 20:56:40,918 DEBUG                  - depth 2, hash 26ab404, HEAD~437
2021-07-03 20:56:40,922 DEBUG                  - depth 3, hash 7e76014, HEAD~467
2021-07-03 20:56:40,926 DEBUG                  - depth 4, hash 3b3a60d, HEAD~531
2021-07-03 20:56:40,931 DEBUG    [line range] com/google/gson/internal/bind/TimeTypeAdapter.java <init> 41:46
2021-07-03 20:56:40,978 DEBUG                  - depth 0, hash e5b3f63, HEAD~90
2021-07-03 20:56:40,984 DEBUG                  - depth 1, hash d7fbac0, HEAD~398
2021-07-03 20:56:40,988 DEBUG                  - depth 2, hash 26ab404, HEAD~437
2021-07-03 20:56:40,992 DEBUG                  - depth 3, hash 7e76014, HEAD~467
2021-07-03 20:56:40,997 DEBUG                  - depth 4, hash 3b3a60d, HEAD~531
2021-07-03 20:56:41,001 DEBUG    [line range] com/google/gson/internal/bind/TimeTypeAdapter.java create 41:46
2021-07-03 20:56:41,048 DEBUG                  - depth 0, hash e5b3f63, HEAD~90
2021-07-03 20:56:41,054 DEBUG                  - depth 1, hash d7fbac0, HEAD~398
2021-07-03 20:56:41,058 DEBUG                  - depth 2, hash 26ab404, HEAD~437
2021-07-03 20:56:41,063 DEBUG                  - depth 3, hash 7e76014, HEAD~467
2021-07-03 20:56:41,067 DEBUG                  - depth 4, hash 3b3a60d, HEAD~531
2021-07-03 20:56:41,524 DEBUG    [line range] com/google/gson/internal/bind/TypeAdapters.java <clinit> 68:89
2021-07-03 20:56:41,574 DEBUG                  - depth 0, hash 6a69c60, HEAD~270
2021-07-03 20:56:41,580 DEBUG                  - depth 1, hash dd86d63, HEAD~372
2021-07-03 20:56:41,584 DEBUG                  - depth 2, hash 82f18a2, HEAD~400
2021-07-03 20:56:41,588 DEBUG                  - depth 3, hash bd937fe, HEAD~401
2021-07-03 20:56:41,594 DEBUG    [line range] com/google/gson/internal/bind/TypeAdapters.java newFactory 852:863
2021-07-03 20:56:41,648 DEBUG                  - depth 0, hash e5b3f63, HEAD~90
2021-07-03 20:56:41,654 DEBUG                  - depth 1, hash d7fbac0, HEAD~398
2021-07-03 20:56:41,658 DEBUG                  - depth 2, hash 26ab404, HEAD~437
2021-07-03 20:56:41,662 DEBUG                  - depth 3, hash 7e76014, HEAD~467
2021-07-03 20:56:41,667 DEBUG                  - depth 4, hash 94d59b5, HEAD~488
2021-07-03 20:56:41,671 DEBUG                  - depth 5, hash c71e61c, HEAD~544
2021-07-03 20:56:41,675 DEBUG                  - depth 6, hash c5f1df1, HEAD~623
2021-07-03 20:56:41,679 DEBUG    [line range] com/google/gson/internal/bind/TypeAdapters.java newFactory 865:878
2021-07-03 20:56:41,732 DEBUG                  - depth 0, hash e5b3f63, HEAD~90
2021-07-03 20:56:41,738 DEBUG                  - depth 1, hash d7fbac0, HEAD~398
2021-07-03 20:56:41,743 DEBUG                  - depth 2, hash 26ab404, HEAD~437
2021-07-03 20:56:41,747 DEBUG                  - depth 3, hash 7e76014, HEAD~467
2021-07-03 20:56:41,751 DEBUG                  - depth 4, hash 94d59b5, HEAD~488
2021-07-03 20:56:41,755 DEBUG                  - depth 5, hash c71e61c, HEAD~544
2021-07-03 20:56:41,759 DEBUG                  - depth 6, hash 9db0c53, HEAD~570
2021-07-03 20:56:41,764 DEBUG                  - depth 7, hash aa06705, HEAD~595
2021-07-03 20:56:41,768 DEBUG                  - depth 8, hash c5f1df1, HEAD~623
2021-07-03 20:56:41,773 DEBUG    [line range] com/google/gson/internal/bind/TypeAdapters.java newFactoryForMultipleTypes 880:893
2021-07-03 20:56:41,827 DEBUG                  - depth 0, hash e5b3f63, HEAD~90
2021-07-03 20:56:41,832 DEBUG                  - depth 1, hash d7fbac0, HEAD~398
2021-07-03 20:56:41,837 DEBUG                  - depth 2, hash 26ab404, HEAD~437
2021-07-03 20:56:41,841 DEBUG                  - depth 3, hash 7e76014, HEAD~467
2021-07-03 20:56:41,845 DEBUG                  - depth 4, hash 94d59b5, HEAD~488
2021-07-03 20:56:41,850 DEBUG                  - depth 5, hash d20df34, HEAD~538
2021-07-03 20:56:41,854 DEBUG    [line range] com/google/gson/internal/bind/TypeAdapters.java newTypeHierarchyFactory 899:927
2021-07-03 20:56:41,907 DEBUG                  - depth 0, hash e5b3f63, HEAD~90
2021-07-03 20:56:41,912 DEBUG                  - depth 1, hash 7d1973e, HEAD~94
2021-07-03 20:56:41,917 DEBUG                  - depth 2, hash d7fbac0, HEAD~398
2021-07-03 20:56:41,921 DEBUG                  - depth 3, hash 26ab404, HEAD~437
2021-07-03 20:56:41,926 DEBUG                  - depth 4, hash 7e76014, HEAD~467
2021-07-03 20:56:41,930 DEBUG                  - depth 5, hash 94d59b5, HEAD~488
2021-07-03 20:56:41,934 DEBUG                  - depth 6, hash c71e61c, HEAD~544
2021-07-03 20:56:41,939 DEBUG                  - depth 7, hash ea9c023, HEAD~573
2021-07-03 20:56:41,943 DEBUG                  - depth 8, hash c5f1df1, HEAD~623
2021-07-03 20:56:41,947 DEBUG    [line range] com/google/gson/internal/bind/TypeAdapters.java write 260:271
2021-07-03 20:56:41,995 DEBUG                  - depth 0, hash 7821b73, HEAD~85
2021-07-03 20:56:42,002 DEBUG    [line range] com/google/gson/internal/bind/TypeAdapters.java <init> 592:611
2021-07-03 20:56:42,055 DEBUG                  - depth 0, hash e5b3f63, HEAD~90
2021-07-03 20:56:42,060 DEBUG                  - depth 1, hash d7fbac0, HEAD~398
2021-07-03 20:56:42,065 DEBUG                  - depth 2, hash f602bce, HEAD~433
2021-07-03 20:56:42,069 DEBUG                  - depth 3, hash 26ab404, HEAD~437
2021-07-03 20:56:42,073 DEBUG                  - depth 4, hash 7e76014, HEAD~467
2021-07-03 20:56:42,078 DEBUG                  - depth 5, hash 5db4cae, HEAD~497
2021-07-03 20:56:42,082 DEBUG                  - depth 6, hash 3f26144, HEAD~528
2021-07-03 20:56:42,086 DEBUG                  - depth 7, hash c1bac6d, HEAD~533
2021-07-03 20:56:42,091 DEBUG                  - depth 8, hash 81854db, HEAD~534
2021-07-03 20:56:42,095 DEBUG                  - depth 9, hash 8217aca, HEAD~537
2021-07-03 20:56:42,099 DEBUG    [line range] com/google/gson/internal/bind/TypeAdapters.java create 592:611
2021-07-03 20:56:42,153 DEBUG                  - depth 0, hash e5b3f63, HEAD~90
2021-07-03 20:56:42,159 DEBUG                  - depth 1, hash d7fbac0, HEAD~398
2021-07-03 20:56:42,163 DEBUG                  - depth 2, hash f602bce, HEAD~433
2021-07-03 20:56:42,167 DEBUG                  - depth 3, hash 26ab404, HEAD~437
2021-07-03 20:56:42,171 DEBUG                  - depth 4, hash 7e76014, HEAD~467
2021-07-03 20:56:42,176 DEBUG                  - depth 5, hash 5db4cae, HEAD~497
2021-07-03 20:56:42,180 DEBUG                  - depth 6, hash 3f26144, HEAD~528
2021-07-03 20:56:42,184 DEBUG                  - depth 7, hash c1bac6d, HEAD~533
2021-07-03 20:56:42,188 DEBUG                  - depth 8, hash 81854db, HEAD~534
2021-07-03 20:56:42,193 DEBUG                  - depth 9, hash 8217aca, HEAD~537
2021-07-03 20:56:42,197 DEBUG    [line range] com/google/gson/internal/bind/TypeAdapters.java <init> 852:863
2021-07-03 20:56:42,252 DEBUG                  - depth 0, hash e5b3f63, HEAD~90
2021-07-03 20:56:42,257 DEBUG                  - depth 1, hash d7fbac0, HEAD~398
2021-07-03 20:56:42,262 DEBUG                  - depth 2, hash 26ab404, HEAD~437
2021-07-03 20:56:42,266 DEBUG                  - depth 3, hash 7e76014, HEAD~467
2021-07-03 20:56:42,271 DEBUG                  - depth 4, hash 94d59b5, HEAD~488
2021-07-03 20:56:42,275 DEBUG                  - depth 5, hash c71e61c, HEAD~544
2021-07-03 20:56:42,279 DEBUG                  - depth 6, hash c5f1df1, HEAD~623
2021-07-03 20:56:42,284 DEBUG    [line range] com/google/gson/internal/bind/TypeAdapters.java <init> 865:878
2021-07-03 20:56:42,338 DEBUG                  - depth 0, hash e5b3f63, HEAD~90
2021-07-03 20:56:42,344 DEBUG                  - depth 1, hash d7fbac0, HEAD~398
2021-07-03 20:56:42,348 DEBUG                  - depth 2, hash 26ab404, HEAD~437
2021-07-03 20:56:42,352 DEBUG                  - depth 3, hash 7e76014, HEAD~467
2021-07-03 20:56:42,357 DEBUG                  - depth 4, hash 94d59b5, HEAD~488
2021-07-03 20:56:42,361 DEBUG                  - depth 5, hash c71e61c, HEAD~544
2021-07-03 20:56:42,365 DEBUG                  - depth 6, hash 9db0c53, HEAD~570
2021-07-03 20:56:42,369 DEBUG                  - depth 7, hash aa06705, HEAD~595
2021-07-03 20:56:42,374 DEBUG                  - depth 8, hash c5f1df1, HEAD~623
2021-07-03 20:56:42,727 DEBUG    [line range] com/google/gson/reflect/TypeToken.java <init> 70:75
2021-07-03 20:56:42,776 DEBUG                  - depth 0, hash c8bd121, HEAD~698
2021-07-03 20:56:42,782 DEBUG                  - depth 1, hash 4efb133, HEAD~721
2021-07-03 20:56:42,787 DEBUG                  - depth 2, hash 5e74dab, HEAD~722
2021-07-03 20:56:42,791 DEBUG                  - depth 3, hash d1ddab2, HEAD~789
2021-07-03 20:56:42,795 DEBUG                  - depth 4, hash 57d1f32, HEAD~1207
2021-07-03 20:56:42,800 DEBUG    [line range] com/google/gson/reflect/TypeToken.java get 302:304
2021-07-03 20:56:42,850 DEBUG                  - depth 0, hash d1ddab2, HEAD~789
2021-07-03 20:56:42,855 DEBUG                  - depth 1, hash 57d1f32, HEAD~1207
2021-07-03 20:56:42,860 DEBUG    [line range] com/google/gson/reflect/TypeToken.java get 295:297
2021-07-03 20:56:42,910 DEBUG                  - depth 0, hash d1ddab2, HEAD~789
2021-07-03 20:56:42,916 DEBUG                  - depth 1, hash 57d1f32, HEAD~1207
2021-07-03 20:56:42,920 DEBUG    [line range] com/google/gson/reflect/TypeToken.java getRawType 93:95
2021-07-03 20:56:42,971 DEBUG                  - depth 0, hash d1ddab2, HEAD~789
2021-07-03 20:56:42,976 DEBUG                  - depth 1, hash 57d1f32, HEAD~1207
2021-07-03 20:56:42,981 DEBUG    [line range] com/google/gson/reflect/TypeToken.java getType 100:102
2021-07-03 20:56:43,031 DEBUG                  - depth 0, hash d1ddab2, HEAD~789
2021-07-03 20:56:43,037 DEBUG                  - depth 1, hash 57d1f32, HEAD~1207
2021-07-03 20:56:43,042 DEBUG    [line range] com/google/gson/reflect/TypeToken.java hashCode 279:281
2021-07-03 20:56:43,092 DEBUG                  - depth 0, hash d1ddab2, HEAD~789
2021-07-03 20:56:43,561 DEBUG    [line range] com/google/gson/stream/JsonReader.java <clinit> 192:192
2021-07-03 20:56:43,616 DEBUG                  - depth 0, hash b96d2d9, HEAD~314
2021-07-03 20:56:43,621 DEBUG    [line range] com/google/gson/stream/JsonReader.java <init> 230:230
2021-07-03 20:56:43,676 DEBUG                  - depth 0, hash 46b4346, HEAD~316
2021-07-03 20:56:43,682 DEBUG    [line range] com/google/gson/stream/JsonReader.java consumeNonExecutePrefix 1573:1590
2021-07-03 20:56:43,736 DEBUG                  - depth 0, hash b96d2d9, HEAD~314
2021-07-03 20:56:43,742 DEBUG    [line range] com/google/gson/stream/JsonReader.java doPeek 465:599
2021-07-03 20:56:43,797 DEBUG                  - depth 0, hash c8627c8, HEAD~24
2021-07-03 20:56:43,802 DEBUG                  - depth 1, hash 7a1c94f, HEAD~33
2021-07-03 20:56:43,807 DEBUG                  - depth 2, hash 085856c, HEAD~311
2021-07-03 20:56:43,811 DEBUG                  - depth 3, hash b96d2d9, HEAD~314
2021-07-03 20:56:43,816 DEBUG                  - depth 4, hash 46b4346, HEAD~316
2021-07-03 20:56:43,820 DEBUG    [line range] com/google/gson/stream/JsonReader.java fillBuffer 1281:1308
2021-07-03 20:56:43,874 DEBUG                  - depth 0, hash 8daf3aa, HEAD~303
2021-07-03 20:56:43,880 DEBUG                  - depth 1, hash 46b7363, HEAD~304
2021-07-03 20:56:43,884 DEBUG                  - depth 2, hash 46b4346, HEAD~316
2021-07-03 20:56:43,889 DEBUG    [line range] com/google/gson/stream/JsonReader.java isLenient 332:334
2021-07-03 20:56:43,942 DEBUG                  - depth 0, hash 46b4346, HEAD~316
2021-07-03 20:56:43,948 DEBUG    [line range] com/google/gson/stream/JsonReader.java nextNonWhitespace 1324:1412
2021-07-03 20:56:44,001 DEBUG                  - depth 0, hash 8daf3aa, HEAD~303
2021-07-03 20:56:44,007 DEBUG                  - depth 1, hash bdf2cac, HEAD~306
2021-07-03 20:56:44,011 DEBUG                  - depth 2, hash 46b4346, HEAD~316
2021-07-03 20:56:44,016 DEBUG    [line range] com/google/gson/stream/JsonReader.java peek 426:463
2021-07-03 20:56:44,070 DEBUG                  - depth 0, hash 3920d95, HEAD~302
2021-07-03 20:56:44,076 DEBUG                  - depth 1, hash 085856c, HEAD~311
2021-07-03 20:56:44,080 DEBUG                  - depth 2, hash 46b4346, HEAD~316
2021-07-03 20:56:44,085 DEBUG    [line range] com/google/gson/stream/JsonReader.java setLenient 325:327
2021-07-03 20:56:44,138 DEBUG                  - depth 0, hash 46b4346, HEAD~316
2021-07-03 20:56:44,144 DEBUG    [single line]   com/google/gson/stream/JsonReader.java <init> 1593
2021-07-03 20:56:44,197 DEBUG                  - depth 0, hash 46b4346, HEAD~316
2021-07-03 20:56:44,467 DEBUG    [single line]   com/google/gson/stream/JsonToken.java <clinit> 25
2021-07-03 20:56:44,515 DEBUG                  - depth 0, hash 765a9f1, HEAD~896
2021-07-03 20:56:44,521 DEBUG    [single line]   com/google/gson/stream/JsonToken.java <clinit> 31
2021-07-03 20:56:44,569 DEBUG                  - depth 0, hash 765a9f1, HEAD~896
2021-07-03 20:56:44,575 DEBUG    [single line]   com/google/gson/stream/JsonToken.java <clinit> 37
2021-07-03 20:56:44,622 DEBUG                  - depth 0, hash 765a9f1, HEAD~896
2021-07-03 20:56:44,627 DEBUG    [single line]   com/google/gson/stream/JsonToken.java <clinit> 43
2021-07-03 20:56:44,674 DEBUG                  - depth 0, hash 765a9f1, HEAD~896
2021-07-03 20:56:44,680 DEBUG    [single line]   com/google/gson/stream/JsonToken.java <clinit> 49
2021-07-03 20:56:44,727 DEBUG                  - depth 0, hash 765a9f1, HEAD~896
2021-07-03 20:56:44,733 DEBUG    [single line]   com/google/gson/stream/JsonToken.java <clinit> 56
2021-07-03 20:56:44,780 DEBUG                  - depth 0, hash 765a9f1, HEAD~896
2021-07-03 20:56:44,785 DEBUG    [single line]   com/google/gson/stream/JsonToken.java <clinit> 61
2021-07-03 20:56:44,833 DEBUG                  - depth 0, hash 765a9f1, HEAD~896
2021-07-03 20:56:44,839 DEBUG    [single line]   com/google/gson/stream/JsonToken.java <clinit> 67
2021-07-03 20:56:44,888 DEBUG                  - depth 0, hash 765a9f1, HEAD~896
2021-07-03 20:56:44,893 DEBUG    [single line]   com/google/gson/stream/JsonToken.java <clinit> 72
2021-07-03 20:56:44,942 DEBUG                  - depth 0, hash 765a9f1, HEAD~896
2021-07-03 20:56:44,948 DEBUG    [single line]   com/google/gson/stream/JsonToken.java <clinit> 77
2021-07-03 20:56:44,996 DEBUG                  - depth 0, hash 765a9f1, HEAD~896
2021-07-03 20:56:45,001 DEBUG    [single line]   com/google/gson/stream/JsonToken.java <clinit> 84
2021-07-03 20:56:45,049 DEBUG                  - depth 0, hash 765a9f1, HEAD~896
2021-07-03 20:56:45,055 DEBUG    [line range] com/google/gson/Gson.java newJsonWriter 704:714
2021-07-03 20:56:45,113 DEBUG                  - depth 0, hash e81f3eb, HEAD~130
2021-07-03 20:56:45,119 DEBUG                  - depth 1, hash bb7f0b6, HEAD~515
2021-07-03 20:56:45,123 DEBUG    [line range] com/google/gson/Gson.java toJson 571:576
2021-07-03 20:56:45,188 DEBUG                  - depth 0, hash e79bcde, HEAD~645
2021-07-03 20:56:45,194 DEBUG                  - depth 1, hash 56aa828, HEAD~769
2021-07-03 20:56:45,199 DEBUG                  - depth 2, hash e37add7, HEAD~972
2021-07-03 20:56:45,203 DEBUG                  - depth 3, hash b634804, HEAD~979
2021-07-03 20:56:45,207 DEBUG                  - depth 4, hash 57d1f32, HEAD~1207
2021-07-03 20:56:45,212 DEBUG    [line range] com/google/gson/Gson.java toJson 593:597
2021-07-03 20:56:45,279 DEBUG                  - depth 0, hash bb7f0b6, HEAD~515
2021-07-03 20:56:45,284 DEBUG                  - depth 1, hash 747e3c3, HEAD~885
2021-07-03 20:56:45,289 DEBUG                  - depth 2, hash e37add7, HEAD~972
2021-07-03 20:56:45,293 DEBUG                  - depth 3, hash b634804, HEAD~979
2021-07-03 20:56:45,297 DEBUG                  - depth 4, hash 57d1f32, HEAD~1207
2021-07-03 20:56:45,302 DEBUG    [line range] com/google/gson/Gson.java toJson 651:669
2021-07-03 20:56:45,365 DEBUG                  - depth 0, hash 7e76014, HEAD~467
2021-07-03 20:56:45,371 DEBUG                  - depth 1, hash 47a36fd, HEAD~513
2021-07-03 20:56:45,375 DEBUG                  - depth 2, hash bb7f0b6, HEAD~515
2021-07-03 20:56:45,379 DEBUG                  - depth 3, hash 10db917, HEAD~835
2021-07-03 20:56:45,384 DEBUG                  - depth 4, hash 747e3c3, HEAD~885
2021-07-03 20:56:45,388 DEBUG    [line range] com/google/gson/Gson.java toJson 637:644
2021-07-03 20:56:45,455 DEBUG                  - depth 0, hash bb7f0b6, HEAD~515
2021-07-03 20:56:45,461 DEBUG                  - depth 1, hash 10db917, HEAD~835
2021-07-03 20:56:45,465 DEBUG                  - depth 2, hash e37add7, HEAD~972
2021-07-03 20:56:45,470 DEBUG                  - depth 3, hash b634804, HEAD~979
2021-07-03 20:56:45,474 DEBUG                  - depth 4, hash b7cbfc5, HEAD~1027
2021-07-03 20:56:45,478 DEBUG                  - depth 5, hash 9bcbb4c, HEAD~1136
2021-07-03 20:56:45,483 DEBUG                  - depth 6, hash 9dfa454, HEAD~1171
2021-07-03 20:56:45,487 DEBUG                  - depth 7, hash 57d1f32, HEAD~1207
2021-07-03 20:56:45,800 DEBUG    [line range] com/google/gson/internal/Streams.java writerForAppendable 75:78
2021-07-03 20:56:45,848 DEBUG                  - depth 0, hash f88eee0, HEAD~230
2021-07-03 20:56:45,854 DEBUG                  - depth 1, hash d70fb90, HEAD~600
2021-07-03 20:56:45,858 DEBUG                  - depth 2, hash fa40b4c, HEAD~887
2021-07-03 20:56:46,219 DEBUG    [single line]   com/google/gson/stream/JsonWriter.java <clinit> 145
2021-07-03 20:56:46,267 DEBUG                  - depth 0, hash a991e54, HEAD~357
2021-07-03 20:56:46,272 DEBUG    [single line]   com/google/gson/stream/JsonWriter.java <clinit> 146
2021-07-03 20:56:46,320 DEBUG                  - depth 0, hash a991e54, HEAD~357
2021-07-03 20:56:46,326 DEBUG    [single line]   com/google/gson/stream/JsonWriter.java <clinit> 147
2021-07-03 20:56:46,373 DEBUG                  - depth 0, hash a991e54, HEAD~357
2021-07-03 20:56:46,379 DEBUG    [single line]   com/google/gson/stream/JsonWriter.java <clinit> 149
2021-07-03 20:56:46,426 DEBUG                  - depth 0, hash a991e54, HEAD~357
2021-07-03 20:56:46,432 DEBUG    [single line]   com/google/gson/stream/JsonWriter.java <clinit> 150
2021-07-03 20:56:46,479 DEBUG                  - depth 0, hash a991e54, HEAD~357
2021-07-03 20:56:46,485 DEBUG    [single line]   com/google/gson/stream/JsonWriter.java <clinit> 151
2021-07-03 20:56:46,532 DEBUG                  - depth 0, hash a991e54, HEAD~357
2021-07-03 20:56:46,538 DEBUG    [single line]   com/google/gson/stream/JsonWriter.java <clinit> 152
2021-07-03 20:56:46,585 DEBUG                  - depth 0, hash a991e54, HEAD~357
2021-07-03 20:56:46,591 DEBUG    [single line]   com/google/gson/stream/JsonWriter.java <clinit> 153
2021-07-03 20:56:46,638 DEBUG                  - depth 0, hash a991e54, HEAD~357
2021-07-03 20:56:46,644 DEBUG    [single line]   com/google/gson/stream/JsonWriter.java <clinit> 154
2021-07-03 20:56:46,692 DEBUG                  - depth 0, hash a991e54, HEAD~357
2021-07-03 20:56:46,698 DEBUG    [single line]   com/google/gson/stream/JsonWriter.java <clinit> 155
2021-07-03 20:56:46,745 DEBUG                  - depth 0, hash a991e54, HEAD~357
2021-07-03 20:56:46,751 DEBUG    [single line]   com/google/gson/stream/JsonWriter.java <clinit> 156
2021-07-03 20:56:46,800 DEBUG                  - depth 0, hash a991e54, HEAD~357
2021-07-03 20:56:46,805 DEBUG    [single line]   com/google/gson/stream/JsonWriter.java <clinit> 157
2021-07-03 20:56:46,854 DEBUG                  - depth 0, hash a991e54, HEAD~357
2021-07-03 20:56:46,860 DEBUG    [single line]   com/google/gson/stream/JsonWriter.java <clinit> 158
2021-07-03 20:56:46,908 DEBUG                  - depth 0, hash a991e54, HEAD~357
2021-07-03 20:56:46,914 DEBUG    [single line]   com/google/gson/stream/JsonWriter.java <clinit> 159
2021-07-03 20:56:46,963 DEBUG                  - depth 0, hash a991e54, HEAD~357
2021-07-03 20:56:46,969 DEBUG    [single line]   com/google/gson/stream/JsonWriter.java <clinit> 160
2021-07-03 20:56:47,017 DEBUG                  - depth 0, hash a991e54, HEAD~357
2021-07-03 20:56:47,022 DEBUG    [single line]   com/google/gson/stream/JsonWriter.java <clinit> 161
2021-07-03 20:56:47,070 DEBUG                  - depth 0, hash a991e54, HEAD~357
2021-07-03 20:56:47,076 DEBUG    [single line]   com/google/gson/stream/JsonWriter.java <clinit> 162
2021-07-03 20:56:47,124 DEBUG                  - depth 0, hash a991e54, HEAD~357
2021-07-03 20:56:47,129 DEBUG    [line range] com/google/gson/stream/JsonWriter.java <init> 167:167
2021-07-03 20:56:47,180 DEBUG                  - depth 0, hash 35c1317, HEAD~320
2021-07-03 20:56:47,186 DEBUG                  - depth 1, hash 765a9f1, HEAD~896
2021-07-03 20:56:47,190 DEBUG    [line range] com/google/gson/stream/JsonWriter.java push 353:360
2021-07-03 20:56:47,239 DEBUG                  - depth 0, hash 35c1317, HEAD~320
2021-07-03 20:56:47,245 DEBUG    [line range] com/google/gson/stream/JsonWriter.java setSerializeNulls 268:270
2021-07-03 20:56:47,293 DEBUG                  - depth 0, hash bb7f0b6, HEAD~515
2021-07-03 20:56:47,298 INFO     The number of BIC candidates: 155
