2021-07-03 20:58:04,632 INFO     Search BICs for /tmp/Gson-9b/
2021-07-03 20:58:04,632 DEBUG    Reading the coverage of com.google.gson.stream.JsonWriterTest::testBoxedBooleans (failings)
2021-07-03 20:58:04,634 INFO     Loaded 1x57 Coverage Matrix
2021-07-03 20:58:04,634 INFO     The number of total commits: 1247
2021-07-03 20:58:05,003 DEBUG    [single line]   com/google/gson/stream/JsonWriter.java <clinit> 145
2021-07-03 20:58:05,051 DEBUG                  - depth 0, hash a991e54, HEAD~396
2021-07-03 20:58:05,057 DEBUG    [single line]   com/google/gson/stream/JsonWriter.java <clinit> 146
2021-07-03 20:58:05,104 DEBUG                  - depth 0, hash a991e54, HEAD~396
2021-07-03 20:58:05,110 DEBUG    [single line]   com/google/gson/stream/JsonWriter.java <clinit> 147
2021-07-03 20:58:05,159 DEBUG                  - depth 0, hash a991e54, HEAD~396
2021-07-03 20:58:05,165 DEBUG    [single line]   com/google/gson/stream/JsonWriter.java <clinit> 149
2021-07-03 20:58:05,212 DEBUG                  - depth 0, hash a991e54, HEAD~396
2021-07-03 20:58:05,218 DEBUG    [single line]   com/google/gson/stream/JsonWriter.java <clinit> 150
2021-07-03 20:58:05,266 DEBUG                  - depth 0, hash a991e54, HEAD~396
2021-07-03 20:58:05,271 DEBUG    [single line]   com/google/gson/stream/JsonWriter.java <clinit> 151
2021-07-03 20:58:05,319 DEBUG                  - depth 0, hash a991e54, HEAD~396
2021-07-03 20:58:05,325 DEBUG    [single line]   com/google/gson/stream/JsonWriter.java <clinit> 152
2021-07-03 20:58:05,374 DEBUG                  - depth 0, hash a991e54, HEAD~396
2021-07-03 20:58:05,379 DEBUG    [single line]   com/google/gson/stream/JsonWriter.java <clinit> 153
2021-07-03 20:58:05,427 DEBUG                  - depth 0, hash a991e54, HEAD~396
2021-07-03 20:58:05,432 DEBUG    [single line]   com/google/gson/stream/JsonWriter.java <clinit> 154
2021-07-03 20:58:05,480 DEBUG                  - depth 0, hash a991e54, HEAD~396
2021-07-03 20:58:05,486 DEBUG    [single line]   com/google/gson/stream/JsonWriter.java <clinit> 155
2021-07-03 20:58:05,534 DEBUG                  - depth 0, hash a991e54, HEAD~396
2021-07-03 20:58:05,539 DEBUG    [single line]   com/google/gson/stream/JsonWriter.java <clinit> 156
2021-07-03 20:58:05,587 DEBUG                  - depth 0, hash a991e54, HEAD~396
2021-07-03 20:58:05,592 DEBUG    [single line]   com/google/gson/stream/JsonWriter.java <clinit> 157
2021-07-03 20:58:05,641 DEBUG                  - depth 0, hash a991e54, HEAD~396
2021-07-03 20:58:05,646 DEBUG    [single line]   com/google/gson/stream/JsonWriter.java <clinit> 158
2021-07-03 20:58:05,694 DEBUG                  - depth 0, hash a991e54, HEAD~396
2021-07-03 20:58:05,699 DEBUG    [single line]   com/google/gson/stream/JsonWriter.java <clinit> 159
2021-07-03 20:58:05,747 DEBUG                  - depth 0, hash a991e54, HEAD~396
2021-07-03 20:58:05,753 DEBUG    [single line]   com/google/gson/stream/JsonWriter.java <clinit> 160
2021-07-03 20:58:05,801 DEBUG                  - depth 0, hash a991e54, HEAD~396
2021-07-03 20:58:05,806 DEBUG    [single line]   com/google/gson/stream/JsonWriter.java <clinit> 161
2021-07-03 20:58:05,855 DEBUG                  - depth 0, hash a991e54, HEAD~396
2021-07-03 20:58:05,861 DEBUG    [single line]   com/google/gson/stream/JsonWriter.java <clinit> 162
2021-07-03 20:58:05,909 DEBUG                  - depth 0, hash a991e54, HEAD~396
2021-07-03 20:58:05,914 DEBUG    [line range] com/google/gson/stream/JsonWriter.java <init> 167:167
2021-07-03 20:58:05,963 DEBUG                  - depth 0, hash 35c1317, HEAD~359
2021-07-03 20:58:05,969 DEBUG                  - depth 1, hash 765a9f1, HEAD~935
2021-07-03 20:58:05,973 DEBUG    [line range] com/google/gson/stream/JsonWriter.java beforeValue 612:643
2021-07-03 20:58:06,022 DEBUG                  - depth 0, hash c8627c8, HEAD~63
2021-07-03 20:58:06,028 DEBUG                  - depth 1, hash 35c1317, HEAD~359
2021-07-03 20:58:06,032 DEBUG                  - depth 2, hash 2c8bec2, HEAD~407
2021-07-03 20:58:06,036 DEBUG                  - depth 3, hash 486820f, HEAD~928
2021-07-03 20:58:06,040 DEBUG                  - depth 4, hash 765a9f1, HEAD~935
2021-07-03 20:58:06,044 DEBUG    [line range] com/google/gson/stream/JsonWriter.java beginArray 286:289
2021-07-03 20:58:06,095 DEBUG                  - depth 0, hash 35c1317, HEAD~359
2021-07-03 20:58:06,100 DEBUG                  - depth 1, hash bb7f0b6, HEAD~554
2021-07-03 20:58:06,104 DEBUG                  - depth 2, hash 765a9f1, HEAD~935
2021-07-03 20:58:06,109 DEBUG    [line range] com/google/gson/stream/JsonWriter.java newline 581:590
2021-07-03 20:58:06,160 DEBUG                  - depth 0, hash 35c1317, HEAD~359
2021-07-03 20:58:06,165 DEBUG                  - depth 1, hash 765a9f1, HEAD~935
2021-07-03 20:58:06,169 DEBUG    [line range] com/google/gson/stream/JsonWriter.java open 324:329
2021-07-03 20:58:06,219 DEBUG                  - depth 0, hash c8627c8, HEAD~63
2021-07-03 20:58:06,225 DEBUG                  - depth 1, hash 35c1317, HEAD~359
2021-07-03 20:58:06,229 DEBUG                  - depth 2, hash 765a9f1, HEAD~935
2021-07-03 20:58:06,233 DEBUG    [line range] com/google/gson/stream/JsonWriter.java peek 365:370
2021-07-03 20:58:06,284 DEBUG                  - depth 0, hash 35c1317, HEAD~359
2021-07-03 20:58:06,289 DEBUG                  - depth 1, hash 2c8bec2, HEAD~407
2021-07-03 20:58:06,293 DEBUG                  - depth 2, hash 765a9f1, HEAD~935
2021-07-03 20:58:06,297 DEBUG    [line range] com/google/gson/stream/JsonWriter.java push 353:360
2021-07-03 20:58:06,345 DEBUG                  - depth 0, hash 35c1317, HEAD~359
2021-07-03 20:58:06,350 DEBUG    [line range] com/google/gson/stream/JsonWriter.java replaceTop 375:377
2021-07-03 20:58:06,401 DEBUG                  - depth 0, hash 35c1317, HEAD~359
2021-07-03 20:58:06,406 DEBUG                  - depth 1, hash 765a9f1, HEAD~935
2021-07-03 20:58:06,410 DEBUG    [line range] com/google/gson/stream/JsonWriter.java value 464:469
2021-07-03 20:58:06,460 DEBUG                  - depth 0, hash c8627c8, HEAD~63
2021-07-03 20:58:06,465 DEBUG                  - depth 1, hash bb7f0b6, HEAD~554
2021-07-03 20:58:06,469 DEBUG                  - depth 2, hash 765a9f1, HEAD~935
2021-07-03 20:58:06,473 DEBUG    [line range] com/google/gson/stream/JsonWriter.java writeDeferredName 399:405
2021-07-03 20:58:06,523 DEBUG                  - depth 0, hash bb7f0b6, HEAD~554
2021-07-03 20:58:06,528 INFO     The number of BIC candidates: 7
