2021-07-03 21:00:38,924 INFO     Search BICs for /tmp/Gson-14b/
2021-07-03 21:00:38,924 DEBUG    Reading the coverage of com.google.gson.internal.bind.RecursiveTypesResolveTest::testIssue603PrintStream (failings)
2021-07-03 21:00:38,957 DEBUG    Reading the coverage of com.google.gson.internal.bind.RecursiveTypesResolveTest::testDoubleSupertype (failings)
2021-07-03 21:00:38,981 DEBUG    Reading the coverage of com.google.gson.internal.bind.RecursiveTypesResolveTest::testDoubleSubtype (failings)
2021-07-03 21:00:39,014 DEBUG    Reading the coverage of com.google.gson.internal.bind.RecursiveTypesResolveTest::testIssue440WeakReference (failings)
2021-07-03 21:00:39,045 DEBUG    Reading the coverage of com.google.gson.internal.bind.RecursiveTypesResolveTest::testSubSupertype (failings)
2021-07-03 21:00:39,081 DEBUG    Reading the coverage of com.google.gson.internal.bind.RecursiveTypesResolveTest::testSuperSubtype (failings)
2021-07-03 21:00:39,105 DEBUG    Reading the coverage of com.google.gson.internal.bind.RecursiveTypesResolveTest::testRecursiveResolveSimple (failings)
2021-07-03 21:00:39,136 INFO     Loaded 7x453 Coverage Matrix
2021-07-03 21:00:39,137 INFO     The number of total commits: 1349
2021-07-03 21:00:39,447 DEBUG    [single line]   com/google/gson/FieldNamingPolicy.java <clinit> 31
2021-07-03 21:00:39,498 DEBUG                  - depth 0, hash f89e92a, HEAD~600
2021-07-03 21:00:39,504 DEBUG                  - depth 1, hash 57d1f32, HEAD~1348
2021-07-03 21:00:39,508 DEBUG    [single line]   com/google/gson/FieldNamingPolicy.java <clinit> 37
2021-07-03 21:00:39,559 DEBUG                  - depth 0, hash f89e92a, HEAD~600
2021-07-03 21:00:39,564 DEBUG                  - depth 1, hash 57d1f32, HEAD~1348
2021-07-03 21:00:39,568 DEBUG    [single line]   com/google/gson/FieldNamingPolicy.java <clinit> 53
2021-07-03 21:00:39,620 DEBUG                  - depth 0, hash f89e92a, HEAD~600
2021-07-03 21:00:39,626 DEBUG                  - depth 1, hash 57d1f32, HEAD~1348
2021-07-03 21:00:39,630 DEBUG    [single line]   com/google/gson/FieldNamingPolicy.java <clinit> 72
2021-07-03 21:00:39,682 DEBUG                  - depth 0, hash f89e92a, HEAD~600
2021-07-03 21:00:39,687 DEBUG                  - depth 1, hash ba01548, HEAD~1065
2021-07-03 21:00:39,691 DEBUG    [single line]   com/google/gson/FieldNamingPolicy.java <clinit> 90
2021-07-03 21:00:39,743 DEBUG                  - depth 0, hash f89e92a, HEAD~600
2021-07-03 21:00:39,749 DEBUG                  - depth 1, hash ad4ff69, HEAD~1146
2021-07-03 21:00:39,753 DEBUG                  - depth 2, hash 57d1f32, HEAD~1348
2021-07-03 21:00:39,757 DEBUG    [single line]   com/google/gson/FieldNamingPolicy.java <clinit> 113
2021-07-03 21:00:39,809 DEBUG                  - depth 0, hash f89e92a, HEAD~600
2021-07-03 21:00:39,815 DEBUG                  - depth 1, hash ad4ff69, HEAD~1146
2021-07-03 21:00:39,819 DEBUG                  - depth 2, hash 57d1f32, HEAD~1348
2021-07-03 21:00:39,823 DEBUG    [single line]   com/google/gson/FieldNamingPolicy.java <init> 37
2021-07-03 21:00:39,875 DEBUG                  - depth 0, hash f89e92a, HEAD~600
2021-07-03 21:00:39,880 DEBUG                  - depth 1, hash 57d1f32, HEAD~1348
2021-07-03 21:00:39,884 DEBUG    [line range] com/google/gson/FieldNamingPolicy.java translateName 38:40
2021-07-03 21:00:39,937 DEBUG                  - depth 0, hash e5b3f63, HEAD~231
2021-07-03 21:00:39,942 DEBUG                  - depth 1, hash f89e92a, HEAD~600
2021-07-03 21:00:39,946 DEBUG                  - depth 2, hash 57d1f32, HEAD~1348
2021-07-03 21:00:39,950 DEBUG    [single line]   com/google/gson/FieldNamingPolicy.java <init> 53
2021-07-03 21:00:40,003 DEBUG                  - depth 0, hash f89e92a, HEAD~600
2021-07-03 21:00:40,008 DEBUG                  - depth 1, hash 57d1f32, HEAD~1348
2021-07-03 21:00:40,012 DEBUG    [single line]   com/google/gson/FieldNamingPolicy.java <init> 72
2021-07-03 21:00:40,064 DEBUG                  - depth 0, hash f89e92a, HEAD~600
2021-07-03 21:00:40,069 DEBUG                  - depth 1, hash ba01548, HEAD~1065
2021-07-03 21:00:40,073 DEBUG    [single line]   com/google/gson/FieldNamingPolicy.java <init> 90
2021-07-03 21:00:40,125 DEBUG                  - depth 0, hash f89e92a, HEAD~600
2021-07-03 21:00:40,131 DEBUG                  - depth 1, hash ad4ff69, HEAD~1146
2021-07-03 21:00:40,135 DEBUG                  - depth 2, hash 57d1f32, HEAD~1348
2021-07-03 21:00:40,139 DEBUG    [single line]   com/google/gson/FieldNamingPolicy.java <init> 113
2021-07-03 21:00:40,191 DEBUG                  - depth 0, hash f89e92a, HEAD~600
2021-07-03 21:00:40,196 DEBUG                  - depth 1, hash ad4ff69, HEAD~1146
2021-07-03 21:00:40,200 DEBUG                  - depth 2, hash 57d1f32, HEAD~1348
2021-07-03 21:00:40,633 DEBUG    [line range] com/google/gson/Gson.java <clinit> 112:112
2021-07-03 21:00:40,685 DEBUG                  - depth 0, hash 92b52d2, HEAD~9
2021-07-03 21:00:40,690 DEBUG                  - depth 1, hash c561184, HEAD~123
2021-07-03 21:00:40,694 DEBUG    [line range] com/google/gson/Gson.java <init> 173:179
2021-07-03 21:00:40,765 DEBUG                  - depth 0, hash 3360c93, HEAD~167
2021-07-03 21:00:40,770 DEBUG                  - depth 1, hash d7fbac0, HEAD~539
2021-07-03 21:00:40,775 DEBUG                  - depth 2, hash 1794182, HEAD~589
2021-07-03 21:00:40,779 DEBUG                  - depth 3, hash aa2f61b, HEAD~593
2021-07-03 21:00:40,783 DEBUG                  - depth 4, hash f89e92a, HEAD~600
2021-07-03 21:00:40,787 DEBUG                  - depth 5, hash d3f927e, HEAD~651
2021-07-03 21:00:40,791 DEBUG                  - depth 6, hash 46e65a7, HEAD~667
2021-07-03 21:00:40,795 DEBUG                  - depth 7, hash c71e61c, HEAD~685
2021-07-03 21:00:40,799 DEBUG                  - depth 8, hash a98d6ea, HEAD~691
2021-07-03 21:00:40,803 DEBUG                  - depth 9, hash 25c6ae1, HEAD~693
2021-07-03 21:00:40,807 DEBUG                  - depth 10, hash aa06705, HEAD~736
2021-07-03 21:00:40,811 DEBUG                  - depth 11, hash 114633f, HEAD~904
2021-07-03 21:00:40,815 DEBUG                  - depth 12, hash b883f8f, HEAD~912
2021-07-03 21:00:40,820 DEBUG                  - depth 13, hash 2b9f81e, HEAD~913
2021-07-03 21:00:40,824 DEBUG                  - depth 14, hash dea7ab8, HEAD~991
2021-07-03 21:00:40,828 DEBUG                  - depth 15, hash 2b1f3ee, HEAD~1020
2021-07-03 21:00:40,832 DEBUG                  - depth 16, hash 747e3c3, HEAD~1026
2021-07-03 21:00:40,836 DEBUG                  - depth 17, hash 839b0c2, HEAD~1121
2021-07-03 21:00:40,840 DEBUG                  - depth 18, hash 6d50bce, HEAD~1174
2021-07-03 21:00:40,844 DEBUG                  - depth 19, hash b2b2e5d, HEAD~1200
2021-07-03 21:00:40,848 DEBUG                  - depth 20, hash 764e4d9, HEAD~1217
2021-07-03 21:00:40,853 DEBUG                  - depth 21, hash 458f2ba, HEAD~1240
2021-07-03 21:00:40,857 DEBUG                  - depth 22, hash 51881c7, HEAD~1247
2021-07-03 21:00:40,861 DEBUG                  - depth 23, hash cf2a457, HEAD~1291
2021-07-03 21:00:40,865 DEBUG                  - depth 24, hash cc90a68, HEAD~1306
2021-07-03 21:00:40,869 DEBUG                  - depth 25, hash 9dfa454, HEAD~1312
2021-07-03 21:00:40,873 DEBUG                  - depth 26, hash 57d1f32, HEAD~1348
2021-07-03 21:00:40,877 DEBUG    [line range] com/google/gson/Gson.java <init> 122:123
2021-07-03 21:00:40,935 DEBUG                  - depth 0, hash 1e18dce, HEAD~423
2021-07-03 21:00:40,941 DEBUG                  - depth 1, hash 7e76014, HEAD~608
2021-07-03 21:00:40,946 DEBUG    [line range] com/google/gson/Gson.java atomicLongAdapter 352:362
2021-07-03 21:00:40,998 DEBUG                  - depth 0, hash cc54e4d, HEAD~225
2021-07-03 21:00:41,003 DEBUG                  - depth 1, hash 7821b73, HEAD~226
2021-07-03 21:00:41,007 DEBUG    [line range] com/google/gson/Gson.java atomicLongArrayAdapter 364:389
2021-07-03 21:00:41,059 DEBUG                  - depth 0, hash 11b26b5, HEAD~223
2021-07-03 21:00:41,064 DEBUG    [line range] com/google/gson/Gson.java doubleAdapter 274:296
2021-07-03 21:00:41,129 DEBUG                  - depth 0, hash f602bce, HEAD~574
2021-07-03 21:00:41,134 DEBUG                  - depth 1, hash bc68d72, HEAD~585
2021-07-03 21:00:41,138 DEBUG                  - depth 2, hash 0e02cbb, HEAD~637
2021-07-03 21:00:41,142 DEBUG                  - depth 3, hash 25c6ae1, HEAD~693
2021-07-03 21:00:41,147 DEBUG                  - depth 4, hash 9db0c53, HEAD~711
2021-07-03 21:00:41,151 DEBUG                  - depth 5, hash 1885ba7, HEAD~734
2021-07-03 21:00:41,155 DEBUG    [line range] com/google/gson/Gson.java floatAdapter 298:320
2021-07-03 21:00:41,219 DEBUG                  - depth 0, hash f602bce, HEAD~574
2021-07-03 21:00:41,224 DEBUG                  - depth 1, hash bc68d72, HEAD~585
2021-07-03 21:00:41,228 DEBUG                  - depth 2, hash 0e02cbb, HEAD~637
2021-07-03 21:00:41,232 DEBUG                  - depth 3, hash 25c6ae1, HEAD~693
2021-07-03 21:00:41,236 DEBUG                  - depth 4, hash 9db0c53, HEAD~711
2021-07-03 21:00:41,240 DEBUG                  - depth 5, hash 1885ba7, HEAD~734
2021-07-03 21:00:41,245 DEBUG    [line range] com/google/gson/Gson.java getAdapter 397:438
2021-07-03 21:00:41,303 DEBUG                  - depth 0, hash 31dcfa3, HEAD~122
2021-07-03 21:00:41,309 DEBUG                  - depth 1, hash c561184, HEAD~123
2021-07-03 21:00:41,313 DEBUG                  - depth 2, hash 6dc6b4b, HEAD~414
2021-07-03 21:00:41,317 DEBUG                  - depth 3, hash 1e18dce, HEAD~423
2021-07-03 21:00:41,321 DEBUG                  - depth 4, hash d7fbac0, HEAD~539
2021-07-03 21:00:41,325 DEBUG                  - depth 5, hash 756131d, HEAD~573
2021-07-03 21:00:41,329 DEBUG                  - depth 6, hash 4c06b01, HEAD~582
2021-07-03 21:00:41,333 DEBUG                  - depth 7, hash 7e76014, HEAD~608
2021-07-03 21:00:41,338 DEBUG    [line range] com/google/gson/Gson.java getAdapter 520:522
2021-07-03 21:00:41,396 DEBUG                  - depth 0, hash 7e76014, HEAD~608
2021-07-03 21:00:41,401 DEBUG    [line range] com/google/gson/Gson.java longAdapter 330:350
2021-07-03 21:00:41,474 DEBUG                  - depth 0, hash cc54e4d, HEAD~225
2021-07-03 21:00:41,479 DEBUG                  - depth 1, hash f602bce, HEAD~574
2021-07-03 21:00:41,483 DEBUG                  - depth 2, hash bc68d72, HEAD~585
2021-07-03 21:00:41,487 DEBUG                  - depth 3, hash 0e02cbb, HEAD~637
2021-07-03 21:00:41,492 DEBUG                  - depth 4, hash 25c6ae1, HEAD~693
2021-07-03 21:00:41,496 DEBUG                  - depth 5, hash 9db0c53, HEAD~711
2021-07-03 21:00:41,500 DEBUG                  - depth 6, hash aa06705, HEAD~736
2021-07-03 21:00:41,504 DEBUG                  - depth 7, hash f276d13, HEAD~745
2021-07-03 21:00:41,508 DEBUG                  - depth 8, hash 3331dcd, HEAD~746
2021-07-03 21:00:41,512 DEBUG                  - depth 9, hash 37abcf3, HEAD~747
2021-07-03 21:00:41,517 DEBUG                  - depth 10, hash 57d1f32, HEAD~1348
2021-07-03 21:00:41,521 DEBUG    [line range] com/google/gson/Gson.java write 274:296
2021-07-03 21:00:41,583 DEBUG                  - depth 0, hash f602bce, HEAD~574
2021-07-03 21:00:41,589 DEBUG                  - depth 1, hash bc68d72, HEAD~585
2021-07-03 21:00:41,593 DEBUG                  - depth 2, hash 0e02cbb, HEAD~637
2021-07-03 21:00:41,597 DEBUG                  - depth 3, hash 25c6ae1, HEAD~693
2021-07-03 21:00:41,602 DEBUG                  - depth 4, hash 9db0c53, HEAD~711
2021-07-03 21:00:41,606 DEBUG                  - depth 5, hash 1885ba7, HEAD~734
2021-07-03 21:00:41,610 DEBUG    [line range] com/google/gson/Gson.java setDelegate 958:963
2021-07-03 21:00:41,670 DEBUG                  - depth 0, hash 7e76014, HEAD~608
2021-07-03 21:00:41,963 DEBUG    [single line]   com/google/gson/LongSerializationPolicy.java <clinit> 27
2021-07-03 21:00:42,014 DEBUG                  - depth 0, hash e2cfc0c, HEAD~1227
2021-07-03 21:00:42,020 DEBUG    [single line]   com/google/gson/LongSerializationPolicy.java <clinit> 34
2021-07-03 21:00:42,072 DEBUG                  - depth 0, hash a00c5ff, HEAD~603
2021-07-03 21:00:42,077 DEBUG                  - depth 1, hash e2cfc0c, HEAD~1227
2021-07-03 21:00:42,082 DEBUG    [single line]   com/google/gson/LongSerializationPolicy.java <clinit> 45
2021-07-03 21:00:42,132 DEBUG                  - depth 0, hash a00c5ff, HEAD~603
2021-07-03 21:00:42,138 DEBUG                  - depth 1, hash e2cfc0c, HEAD~1227
2021-07-03 21:00:42,142 DEBUG    [single line]   com/google/gson/LongSerializationPolicy.java <init> 34
2021-07-03 21:00:42,194 DEBUG                  - depth 0, hash a00c5ff, HEAD~603
2021-07-03 21:00:42,199 DEBUG                  - depth 1, hash e2cfc0c, HEAD~1227
2021-07-03 21:00:42,203 DEBUG    [single line]   com/google/gson/LongSerializationPolicy.java <init> 45
2021-07-03 21:00:42,256 DEBUG                  - depth 0, hash a00c5ff, HEAD~603
2021-07-03 21:00:42,261 DEBUG                  - depth 1, hash e2cfc0c, HEAD~1227
2021-07-03 21:00:42,582 DEBUG    [single line]   com/google/gson/TypeAdapter.java <init> 119
2021-07-03 21:00:42,642 DEBUG                  - depth 0, hash c5f1df1, HEAD~764
2021-07-03 21:00:42,647 DEBUG    [line range] com/google/gson/TypeAdapter.java nullSafe 185:202
2021-07-03 21:00:42,700 DEBUG                  - depth 0, hash b28e518, HEAD~545
2021-07-03 21:00:42,705 DEBUG                  - depth 1, hash eb2230c, HEAD~565
2021-07-03 21:00:42,709 DEBUG                  - depth 2, hash 0b734e4, HEAD~568
2021-07-03 21:00:42,714 DEBUG                  - depth 3, hash 91be944, HEAD~571
2021-07-03 21:00:42,718 DEBUG    [line range] com/google/gson/TypeAdapter.java <init> 185:202
2021-07-03 21:00:42,770 DEBUG                  - depth 0, hash b28e518, HEAD~545
2021-07-03 21:00:42,776 DEBUG                  - depth 1, hash eb2230c, HEAD~565
2021-07-03 21:00:42,780 DEBUG                  - depth 2, hash 0b734e4, HEAD~568
2021-07-03 21:00:42,784 DEBUG                  - depth 3, hash 91be944, HEAD~571
2021-07-03 21:00:43,129 DEBUG    [line range] com/google/gson/internal/ConstructorConstructor.java <init> 51:53
2021-07-03 21:00:43,182 DEBUG                  - depth 0, hash 1794182, HEAD~589
2021-07-03 21:00:43,188 DEBUG                  - depth 1, hash d391584, HEAD~605
2021-07-03 21:00:43,192 DEBUG                  - depth 2, hash 25c6ae1, HEAD~693
2021-07-03 21:00:43,196 DEBUG    [line range] com/google/gson/internal/ConstructorConstructor.java get 55:95
2021-07-03 21:00:43,249 DEBUG                  - depth 0, hash fef43b2, HEAD~228
2021-07-03 21:00:43,254 DEBUG                  - depth 1, hash 040bae3, HEAD~421
2021-07-03 21:00:43,258 DEBUG                  - depth 2, hash 1a4f690, HEAD~460
2021-07-03 21:00:43,262 DEBUG                  - depth 3, hash 6cca23c, HEAD~518
2021-07-03 21:00:43,266 DEBUG                  - depth 4, hash 1794182, HEAD~589
2021-07-03 21:00:43,271 DEBUG                  - depth 5, hash d391584, HEAD~605
2021-07-03 21:00:43,275 DEBUG                  - depth 6, hash 4a6c084, HEAD~689
2021-07-03 21:00:43,279 DEBUG                  - depth 7, hash 25c6ae1, HEAD~693
2021-07-03 21:00:43,283 DEBUG    [line range] com/google/gson/internal/ConstructorConstructor.java newDefaultConstructor 97:125
2021-07-03 21:00:43,337 DEBUG                  - depth 0, hash fef43b2, HEAD~228
2021-07-03 21:00:43,342 DEBUG                  - depth 1, hash 290fb69, HEAD~628
2021-07-03 21:00:43,347 DEBUG                  - depth 2, hash 4a6c084, HEAD~689
2021-07-03 21:00:43,351 DEBUG                  - depth 3, hash 25c6ae1, HEAD~693
2021-07-03 21:00:43,355 DEBUG    [line range] com/google/gson/internal/ConstructorConstructor.java newDefaultImplementationConstructor 131:214
2021-07-03 21:00:43,410 DEBUG                  - depth 0, hash 371aff7, HEAD~93
2021-07-03 21:00:43,415 DEBUG                  - depth 1, hash fef43b2, HEAD~228
2021-07-03 21:00:43,419 DEBUG                  - depth 2, hash f29d5bc, HEAD~391
2021-07-03 21:00:43,424 DEBUG                  - depth 3, hash af6aa5f, HEAD~408
2021-07-03 21:00:43,428 DEBUG                  - depth 4, hash 7d53113, HEAD~409
2021-07-03 21:00:43,432 DEBUG                  - depth 5, hash 14f16e2, HEAD~428
2021-07-03 21:00:43,436 DEBUG                  - depth 6, hash 1a4f690, HEAD~460
2021-07-03 21:00:43,440 DEBUG                  - depth 7, hash ad3489f, HEAD~507
2021-07-03 21:00:43,444 DEBUG                  - depth 8, hash 4a6c084, HEAD~689
2021-07-03 21:00:43,449 DEBUG                  - depth 9, hash 25c6ae1, HEAD~693
2021-07-03 21:00:43,453 DEBUG    [line range] com/google/gson/internal/ConstructorConstructor.java newUnsafeAllocator 216:231
2021-07-03 21:00:43,507 DEBUG                  - depth 0, hash fef43b2, HEAD~228
2021-07-03 21:00:43,513 DEBUG                  - depth 1, hash 2780a2a, HEAD~681
2021-07-03 21:00:43,517 DEBUG                  - depth 2, hash 4a6c084, HEAD~689
2021-07-03 21:00:43,521 DEBUG                  - depth 3, hash 25c6ae1, HEAD~693
2021-07-03 21:00:43,525 DEBUG    [line range] com/google/gson/internal/ConstructorConstructor.java <init> 216:231
2021-07-03 21:00:43,578 DEBUG                  - depth 0, hash fef43b2, HEAD~228
2021-07-03 21:00:43,584 DEBUG                  - depth 1, hash 2780a2a, HEAD~681
2021-07-03 21:00:43,588 DEBUG                  - depth 2, hash 4a6c084, HEAD~689
2021-07-03 21:00:43,592 DEBUG                  - depth 3, hash 25c6ae1, HEAD~693
2021-07-03 21:00:43,596 DEBUG    [line range] com/google/gson/internal/ConstructorConstructor.java <init> 97:125
2021-07-03 21:00:43,649 DEBUG                  - depth 0, hash fef43b2, HEAD~228
2021-07-03 21:00:43,654 DEBUG                  - depth 1, hash 290fb69, HEAD~628
2021-07-03 21:00:43,659 DEBUG                  - depth 2, hash 4a6c084, HEAD~689
2021-07-03 21:00:43,663 DEBUG                  - depth 3, hash 25c6ae1, HEAD~693
2021-07-03 21:00:43,667 DEBUG    [line range] com/google/gson/internal/ConstructorConstructor.java <init> 131:214
2021-07-03 21:00:43,721 DEBUG                  - depth 0, hash 371aff7, HEAD~93
2021-07-03 21:00:43,727 DEBUG                  - depth 1, hash fef43b2, HEAD~228
2021-07-03 21:00:43,731 DEBUG                  - depth 2, hash f29d5bc, HEAD~391
2021-07-03 21:00:43,735 DEBUG                  - depth 3, hash af6aa5f, HEAD~408
2021-07-03 21:00:43,739 DEBUG                  - depth 4, hash 7d53113, HEAD~409
2021-07-03 21:00:43,744 DEBUG                  - depth 5, hash 14f16e2, HEAD~428
2021-07-03 21:00:43,748 DEBUG                  - depth 6, hash 1a4f690, HEAD~460
2021-07-03 21:00:43,752 DEBUG                  - depth 7, hash ad3489f, HEAD~507
2021-07-03 21:00:43,756 DEBUG                  - depth 8, hash 4a6c084, HEAD~689
2021-07-03 21:00:43,760 DEBUG                  - depth 9, hash 25c6ae1, HEAD~693
2021-07-03 21:00:44,105 DEBUG    [line range] com/google/gson/internal/Excluder.java <clinit> 52:52
2021-07-03 21:00:44,156 DEBUG                  - depth 0, hash aa2f61b, HEAD~593
2021-07-03 21:00:44,161 DEBUG    [line range] com/google/gson/internal/Excluder.java <init> 54:54
2021-07-03 21:00:44,212 DEBUG                  - depth 0, hash aa2f61b, HEAD~593
2021-07-03 21:00:44,218 DEBUG    [single line]   com/google/gson/internal/Excluder.java clone 50
2021-07-03 21:00:44,268 DEBUG                  - depth 0, hash d7fbac0, HEAD~539
2021-07-03 21:00:44,274 DEBUG                  - depth 1, hash aa2f61b, HEAD~593
2021-07-03 21:00:44,278 DEBUG    [line range] com/google/gson/internal/Excluder.java create 111:147
2021-07-03 21:00:44,330 DEBUG                  - depth 0, hash 83e5a49, HEAD~493
2021-07-03 21:00:44,335 DEBUG                  - depth 1, hash 796a381, HEAD~520
2021-07-03 21:00:44,339 DEBUG                  - depth 2, hash ecdf915, HEAD~531
2021-07-03 21:00:44,343 DEBUG                  - depth 3, hash f602bce, HEAD~574
2021-07-03 21:00:44,348 DEBUG                  - depth 4, hash 26ab404, HEAD~578
2021-07-03 21:00:44,352 DEBUG                  - depth 5, hash aa2f61b, HEAD~593
2021-07-03 21:00:44,356 DEBUG    [line range] com/google/gson/internal/Excluder.java excludeClass 191:213
2021-07-03 21:00:44,407 DEBUG                  - depth 0, hash aa2f61b, HEAD~593
2021-07-03 21:00:44,413 DEBUG    [line range] com/google/gson/internal/Excluder.java excludeField 149:189
2021-07-03 21:00:44,463 DEBUG                  - depth 0, hash aa2f61b, HEAD~593
2021-07-03 21:00:44,469 DEBUG    [line range] com/google/gson/internal/Excluder.java isAnonymousOrLocal 215:218
2021-07-03 21:00:44,521 DEBUG                  - depth 0, hash aa2f61b, HEAD~593
2021-07-03 21:00:44,840 DEBUG    [single line]   com/google/gson/internal/Primitives.java <clinit> 45
2021-07-03 21:00:44,893 DEBUG                  - depth 0, hash 57d1f32, HEAD~1348
2021-07-03 21:00:44,899 DEBUG    [single line]   com/google/gson/internal/Primitives.java <clinit> 46
2021-07-03 21:00:44,951 DEBUG                  - depth 0, hash 57d1f32, HEAD~1348
2021-07-03 21:00:44,957 DEBUG    [single line]   com/google/gson/internal/Primitives.java <clinit> 48
2021-07-03 21:00:45,011 DEBUG                  - depth 0, hash 57d1f32, HEAD~1348
2021-07-03 21:00:45,017 DEBUG    [single line]   com/google/gson/internal/Primitives.java <clinit> 49
2021-07-03 21:00:45,069 DEBUG                  - depth 0, hash 57d1f32, HEAD~1348
2021-07-03 21:00:45,075 DEBUG    [single line]   com/google/gson/internal/Primitives.java <clinit> 50
2021-07-03 21:00:45,128 DEBUG                  - depth 0, hash 57d1f32, HEAD~1348
2021-07-03 21:00:45,134 DEBUG    [single line]   com/google/gson/internal/Primitives.java <clinit> 51
2021-07-03 21:00:45,186 DEBUG                  - depth 0, hash 57d1f32, HEAD~1348
2021-07-03 21:00:45,191 DEBUG    [single line]   com/google/gson/internal/Primitives.java <clinit> 52
2021-07-03 21:00:45,245 DEBUG                  - depth 0, hash 57d1f32, HEAD~1348
2021-07-03 21:00:45,251 DEBUG    [single line]   com/google/gson/internal/Primitives.java <clinit> 53
2021-07-03 21:00:45,305 DEBUG                  - depth 0, hash 57d1f32, HEAD~1348
2021-07-03 21:00:45,311 DEBUG    [single line]   com/google/gson/internal/Primitives.java <clinit> 54
2021-07-03 21:00:45,365 DEBUG                  - depth 0, hash 57d1f32, HEAD~1348
2021-07-03 21:00:45,370 DEBUG    [single line]   com/google/gson/internal/Primitives.java <clinit> 55
2021-07-03 21:00:45,425 DEBUG                  - depth 0, hash 57d1f32, HEAD~1348
2021-07-03 21:00:45,430 DEBUG    [single line]   com/google/gson/internal/Primitives.java <clinit> 56
2021-07-03 21:00:45,483 DEBUG                  - depth 0, hash 57d1f32, HEAD~1348
2021-07-03 21:00:45,488 DEBUG    [single line]   com/google/gson/internal/Primitives.java <clinit> 58
2021-07-03 21:00:45,541 DEBUG                  - depth 0, hash 57d1f32, HEAD~1348
2021-07-03 21:00:45,546 DEBUG    [single line]   com/google/gson/internal/Primitives.java <clinit> 59
2021-07-03 21:00:45,599 DEBUG                  - depth 0, hash 57d1f32, HEAD~1348
2021-07-03 21:00:45,604 DEBUG    [single line]   com/google/gson/internal/Primitives.java <clinit> 60
2021-07-03 21:00:45,656 DEBUG                  - depth 0, hash 57d1f32, HEAD~1348
2021-07-03 21:00:45,662 DEBUG    [line range] com/google/gson/internal/Primitives.java add 62:66
2021-07-03 21:00:45,715 DEBUG                  - depth 0, hash 57d1f32, HEAD~1348
2021-07-03 21:00:45,720 DEBUG    [line range] com/google/gson/internal/Primitives.java isPrimitive 71:73
2021-07-03 21:00:45,773 DEBUG                  - depth 0, hash 883ce46, HEAD~929
2021-07-03 21:00:46,088 DEBUG    [single line]   com/google/gson/internal/UnsafeAllocator.java <init> 31
2021-07-03 21:00:46,139 DEBUG                  - depth 0, hash 98aa124, HEAD~743
2021-07-03 21:00:46,145 DEBUG                  - depth 1, hash 5bc80cd, HEAD~858
2021-07-03 21:00:46,149 DEBUG                  - depth 2, hash 4efb133, HEAD~862
2021-07-03 21:00:46,153 DEBUG                  - depth 3, hash 861e047, HEAD~876
2021-07-03 21:00:46,157 DEBUG                  - depth 4, hash 43137b6, HEAD~889
2021-07-03 21:00:46,161 DEBUG    [line range] com/google/gson/internal/UnsafeAllocator.java create 34:107
2021-07-03 21:00:46,212 DEBUG                  - depth 0, hash ab40462, HEAD~103
2021-07-03 21:00:46,218 DEBUG                  - depth 1, hash f1f838c, HEAD~349
2021-07-03 21:00:46,222 DEBUG                  - depth 2, hash 533ea17, HEAD~776
2021-07-03 21:00:46,226 DEBUG                  - depth 3, hash 5bc80cd, HEAD~858
2021-07-03 21:00:46,231 DEBUG                  - depth 4, hash 4efb133, HEAD~862
2021-07-03 21:00:46,235 DEBUG                  - depth 5, hash b51ffc1, HEAD~871
2021-07-03 21:00:46,239 DEBUG                  - depth 6, hash 43137b6, HEAD~889
2021-07-03 21:00:46,243 DEBUG    [line range] com/google/gson/internal/UnsafeAllocator.java <init> 34:107
2021-07-03 21:00:46,296 DEBUG                  - depth 0, hash ab40462, HEAD~103
2021-07-03 21:00:46,302 DEBUG                  - depth 1, hash f1f838c, HEAD~349
2021-07-03 21:00:46,306 DEBUG                  - depth 2, hash 533ea17, HEAD~776
2021-07-03 21:00:46,310 DEBUG                  - depth 3, hash 5bc80cd, HEAD~858
2021-07-03 21:00:46,314 DEBUG                  - depth 4, hash 4efb133, HEAD~862
2021-07-03 21:00:46,318 DEBUG                  - depth 5, hash b51ffc1, HEAD~871
2021-07-03 21:00:46,323 DEBUG                  - depth 6, hash 43137b6, HEAD~889
2021-07-03 21:00:46,640 DEBUG    [line range] com/google/gson/internal/bind/ArrayTypeAdapter.java <clinit> 39:52
2021-07-03 21:00:46,693 DEBUG                  - depth 0, hash e5b3f63, HEAD~231
2021-07-03 21:00:46,698 DEBUG                  - depth 1, hash d7fbac0, HEAD~539
2021-07-03 21:00:46,702 DEBUG                  - depth 2, hash 26ab404, HEAD~578
2021-07-03 21:00:46,707 DEBUG                  - depth 3, hash f777a19, HEAD~601
2021-07-03 21:00:46,711 DEBUG                  - depth 4, hash 7e76014, HEAD~608
2021-07-03 21:00:46,715 DEBUG                  - depth 5, hash 3196450, HEAD~633
2021-07-03 21:00:46,719 DEBUG                  - depth 6, hash 47a36fd, HEAD~654
2021-07-03 21:00:46,723 DEBUG                  - depth 7, hash 2780a2a, HEAD~681
2021-07-03 21:00:46,727 DEBUG                  - depth 8, hash 6e3bf07, HEAD~735
2021-07-03 21:00:46,732 DEBUG                  - depth 9, hash c6bef30, HEAD~762
2021-07-03 21:00:46,736 DEBUG    [line range] com/google/gson/internal/bind/ArrayTypeAdapter.java <init> 57:61
2021-07-03 21:00:46,789 DEBUG                  - depth 0, hash 26016ca, HEAD~403
2021-07-03 21:00:46,795 DEBUG                  - depth 1, hash fd4fbe4, HEAD~425
2021-07-03 21:00:46,799 DEBUG                  - depth 2, hash 7e76014, HEAD~608
2021-07-03 21:00:46,803 DEBUG                  - depth 3, hash ad5ff0f, HEAD~729
2021-07-03 21:00:46,807 DEBUG                  - depth 4, hash 6e3bf07, HEAD~735
2021-07-03 21:00:46,811 DEBUG                  - depth 5, hash c6bef30, HEAD~762
2021-07-03 21:00:46,816 DEBUG    [line range] com/google/gson/internal/bind/ArrayTypeAdapter.java <init> 39:52
2021-07-03 21:00:46,868 DEBUG                  - depth 0, hash e5b3f63, HEAD~231
2021-07-03 21:00:46,873 DEBUG                  - depth 1, hash d7fbac0, HEAD~539
2021-07-03 21:00:46,878 DEBUG                  - depth 2, hash 26ab404, HEAD~578
2021-07-03 21:00:46,882 DEBUG                  - depth 3, hash f777a19, HEAD~601
2021-07-03 21:00:46,886 DEBUG                  - depth 4, hash 7e76014, HEAD~608
2021-07-03 21:00:46,890 DEBUG                  - depth 5, hash 3196450, HEAD~633
2021-07-03 21:00:46,894 DEBUG                  - depth 6, hash 47a36fd, HEAD~654
2021-07-03 21:00:46,898 DEBUG                  - depth 7, hash 2780a2a, HEAD~681
2021-07-03 21:00:46,903 DEBUG                  - depth 8, hash 6e3bf07, HEAD~735
2021-07-03 21:00:46,907 DEBUG                  - depth 9, hash c6bef30, HEAD~762
2021-07-03 21:00:46,911 DEBUG    [line range] com/google/gson/internal/bind/ArrayTypeAdapter.java create 39:52
2021-07-03 21:00:46,966 DEBUG                  - depth 0, hash e5b3f63, HEAD~231
2021-07-03 21:00:46,971 DEBUG                  - depth 1, hash d7fbac0, HEAD~539
2021-07-03 21:00:46,976 DEBUG                  - depth 2, hash 26ab404, HEAD~578
2021-07-03 21:00:46,980 DEBUG                  - depth 3, hash f777a19, HEAD~601
2021-07-03 21:00:46,984 DEBUG                  - depth 4, hash 7e76014, HEAD~608
2021-07-03 21:00:46,988 DEBUG                  - depth 5, hash 3196450, HEAD~633
2021-07-03 21:00:46,992 DEBUG                  - depth 6, hash 47a36fd, HEAD~654
2021-07-03 21:00:46,997 DEBUG                  - depth 7, hash 2780a2a, HEAD~681
2021-07-03 21:00:47,001 DEBUG                  - depth 8, hash 6e3bf07, HEAD~735
2021-07-03 21:00:47,005 DEBUG                  - depth 9, hash c6bef30, HEAD~762
2021-07-03 21:00:47,322 DEBUG    [line range] com/google/gson/internal/bind/CollectionTypeAdapterFactory.java <init> 39:41
2021-07-03 21:00:47,376 DEBUG                  - depth 0, hash 25c6ae1, HEAD~693
2021-07-03 21:00:47,381 DEBUG    [line range] com/google/gson/internal/bind/CollectionTypeAdapterFactory.java create 43:59
2021-07-03 21:00:47,434 DEBUG                  - depth 0, hash e5b3f63, HEAD~231
2021-07-03 21:00:47,440 DEBUG                  - depth 1, hash 6cca23c, HEAD~518
2021-07-03 21:00:47,444 DEBUG                  - depth 2, hash 26ab404, HEAD~578
2021-07-03 21:00:47,448 DEBUG                  - depth 3, hash 7e76014, HEAD~608
2021-07-03 21:00:47,452 DEBUG                  - depth 4, hash 3196450, HEAD~633
2021-07-03 21:00:47,457 DEBUG                  - depth 5, hash 25c6ae1, HEAD~693
2021-07-03 21:00:47,461 DEBUG    [line range] com/google/gson/internal/bind/CollectionTypeAdapterFactory.java <init> 65:71
2021-07-03 21:00:47,515 DEBUG                  - depth 0, hash 26016ca, HEAD~403
2021-07-03 21:00:47,521 DEBUG                  - depth 1, hash fd4fbe4, HEAD~425
2021-07-03 21:00:47,525 DEBUG                  - depth 2, hash 7e76014, HEAD~608
2021-07-03 21:00:47,529 DEBUG                  - depth 3, hash 25c6ae1, HEAD~693
2021-07-03 21:00:47,837 DEBUG    [line range] com/google/gson/internal/bind/DateTypeAdapter.java <clinit> 42:47
2021-07-03 21:00:47,889 DEBUG                  - depth 0, hash e5b3f63, HEAD~231
2021-07-03 21:00:47,895 DEBUG                  - depth 1, hash d7fbac0, HEAD~539
2021-07-03 21:00:47,899 DEBUG                  - depth 2, hash 26ab404, HEAD~578
2021-07-03 21:00:47,903 DEBUG                  - depth 3, hash 7e76014, HEAD~608
2021-07-03 21:00:47,907 DEBUG                  - depth 4, hash 3b3a60d, HEAD~672
2021-07-03 21:00:47,911 DEBUG    [line range] com/google/gson/internal/bind/DateTypeAdapter.java <init> 42:47
2021-07-03 21:00:47,962 DEBUG                  - depth 0, hash e5b3f63, HEAD~231
2021-07-03 21:00:47,967 DEBUG                  - depth 1, hash d7fbac0, HEAD~539
2021-07-03 21:00:47,972 DEBUG                  - depth 2, hash 26ab404, HEAD~578
2021-07-03 21:00:47,976 DEBUG                  - depth 3, hash 7e76014, HEAD~608
2021-07-03 21:00:47,980 DEBUG                  - depth 4, hash 3b3a60d, HEAD~672
2021-07-03 21:00:47,984 DEBUG    [line range] com/google/gson/internal/bind/DateTypeAdapter.java create 42:47
2021-07-03 21:00:48,036 DEBUG                  - depth 0, hash e5b3f63, HEAD~231
2021-07-03 21:00:48,041 DEBUG                  - depth 1, hash d7fbac0, HEAD~539
2021-07-03 21:00:48,046 DEBUG                  - depth 2, hash 26ab404, HEAD~578
2021-07-03 21:00:48,050 DEBUG                  - depth 3, hash 7e76014, HEAD~608
2021-07-03 21:00:48,054 DEBUG                  - depth 4, hash 3b3a60d, HEAD~672
2021-07-03 21:00:48,355 DEBUG    [line range] com/google/gson/internal/bind/JsonAdapterAnnotationTypeAdapterFactory.java <init> 37:39
2021-07-03 21:00:48,406 DEBUG                  - depth 0, hash edf6608, HEAD~365
2021-07-03 21:00:48,412 DEBUG                  - depth 1, hash 7f6a096, HEAD~366
2021-07-03 21:00:48,416 DEBUG                  - depth 2, hash 67d512e, HEAD~375
2021-07-03 21:00:48,421 DEBUG    [line range] com/google/gson/internal/bind/JsonAdapterAnnotationTypeAdapterFactory.java create 41:50
2021-07-03 21:00:48,473 DEBUG                  - depth 0, hash 45511fd, HEAD~77
2021-07-03 21:00:48,479 DEBUG                  - depth 1, hash e5b3f63, HEAD~231
2021-07-03 21:00:48,483 DEBUG                  - depth 2, hash 1de2ace, HEAD~334
2021-07-03 21:00:48,487 DEBUG                  - depth 3, hash 117d8ea, HEAD~351
2021-07-03 21:00:48,491 DEBUG                  - depth 4, hash 125e6d9, HEAD~352
2021-07-03 21:00:48,496 DEBUG                  - depth 5, hash edf6608, HEAD~365
2021-07-03 21:00:48,500 DEBUG                  - depth 6, hash 7f6a096, HEAD~366
2021-07-03 21:00:48,504 DEBUG                  - depth 7, hash e280ffd, HEAD~368
2021-07-03 21:00:48,508 DEBUG                  - depth 8, hash bf549f0, HEAD~374
2021-07-03 21:00:48,513 DEBUG                  - depth 9, hash 67d512e, HEAD~375
2021-07-03 21:00:48,861 DEBUG    [line range] com/google/gson/internal/bind/MapTypeAdapterFactory.java <init> 109:113
2021-07-03 21:00:48,915 DEBUG                  - depth 0, hash a98d6ea, HEAD~691
2021-07-03 21:00:48,921 DEBUG                  - depth 1, hash 25c6ae1, HEAD~693
2021-07-03 21:00:48,925 DEBUG    [line range] com/google/gson/internal/bind/MapTypeAdapterFactory.java create 115:134
2021-07-03 21:00:48,978 DEBUG                  - depth 0, hash e5b3f63, HEAD~231
2021-07-03 21:00:48,984 DEBUG                  - depth 1, hash 6cca23c, HEAD~518
2021-07-03 21:00:48,988 DEBUG                  - depth 2, hash 26ab404, HEAD~578
2021-07-03 21:00:48,992 DEBUG                  - depth 3, hash 7e76014, HEAD~608
2021-07-03 21:00:48,996 DEBUG                  - depth 4, hash 3196450, HEAD~633
2021-07-03 21:00:49,000 DEBUG                  - depth 5, hash 194c18d, HEAD~635
2021-07-03 21:00:49,005 DEBUG                  - depth 6, hash b2d5940, HEAD~671
2021-07-03 21:00:49,009 DEBUG                  - depth 7, hash a98d6ea, HEAD~691
2021-07-03 21:00:49,013 DEBUG                  - depth 8, hash 25c6ae1, HEAD~693
2021-07-03 21:00:49,337 DEBUG    [line range] com/google/gson/internal/bind/ObjectTypeAdapter.java <clinit> 38:46
2021-07-03 21:00:49,401 DEBUG                  - depth 0, hash e5b3f63, HEAD~231
2021-07-03 21:00:49,407 DEBUG                  - depth 1, hash d7fbac0, HEAD~539
2021-07-03 21:00:49,411 DEBUG                  - depth 2, hash 26ab404, HEAD~578
2021-07-03 21:00:49,416 DEBUG                  - depth 3, hash 7e76014, HEAD~608
2021-07-03 21:00:49,420 DEBUG                  - depth 4, hash ea9c023, HEAD~714
2021-07-03 21:00:49,424 DEBUG                  - depth 5, hash 3aeb70e, HEAD~718
2021-07-03 21:00:49,428 DEBUG    [line range] com/google/gson/internal/bind/ObjectTypeAdapter.java <init> 50:52
2021-07-03 21:00:49,480 DEBUG                  - depth 0, hash 7a1c94f, HEAD~174
2021-07-03 21:00:49,486 DEBUG                  - depth 1, hash 7e76014, HEAD~608
2021-07-03 21:00:49,490 DEBUG                  - depth 2, hash 3aeb70e, HEAD~718
2021-07-03 21:00:49,495 DEBUG    [line range] com/google/gson/internal/bind/ObjectTypeAdapter.java <init> 38:46
2021-07-03 21:00:49,547 DEBUG                  - depth 0, hash e5b3f63, HEAD~231
2021-07-03 21:00:49,553 DEBUG                  - depth 1, hash d7fbac0, HEAD~539
2021-07-03 21:00:49,557 DEBUG                  - depth 2, hash 26ab404, HEAD~578
2021-07-03 21:00:49,562 DEBUG                  - depth 3, hash 7e76014, HEAD~608
2021-07-03 21:00:49,566 DEBUG                  - depth 4, hash ea9c023, HEAD~714
2021-07-03 21:00:49,570 DEBUG                  - depth 5, hash 3aeb70e, HEAD~718
2021-07-03 21:00:49,575 DEBUG    [line range] com/google/gson/internal/bind/ObjectTypeAdapter.java create 38:46
2021-07-03 21:00:49,627 DEBUG                  - depth 0, hash e5b3f63, HEAD~231
2021-07-03 21:00:49,633 DEBUG                  - depth 1, hash d7fbac0, HEAD~539
2021-07-03 21:00:49,637 DEBUG                  - depth 2, hash 26ab404, HEAD~578
2021-07-03 21:00:49,641 DEBUG                  - depth 3, hash 7e76014, HEAD~608
2021-07-03 21:00:49,646 DEBUG                  - depth 4, hash ea9c023, HEAD~714
2021-07-03 21:00:49,650 DEBUG                  - depth 5, hash 3aeb70e, HEAD~718
2021-07-03 21:00:49,995 DEBUG    [line range] com/google/gson/internal/bind/ReflectiveTypeAdapterFactory.java <init> 53:60
2021-07-03 21:00:50,048 DEBUG                  - depth 0, hash 45511fd, HEAD~77
2021-07-03 21:00:50,054 DEBUG                  - depth 1, hash aa2f61b, HEAD~593
2021-07-03 21:00:50,058 DEBUG                  - depth 2, hash e23973a, HEAD~598
2021-07-03 21:00:50,062 DEBUG                  - depth 3, hash 25c6ae1, HEAD~693
2021-07-03 21:00:50,067 DEBUG    [line range] com/google/gson/internal/bind/ReflectiveTypeAdapterFactory.java create 92:101
2021-07-03 21:00:50,120 DEBUG                  - depth 0, hash e5b3f63, HEAD~231
2021-07-03 21:00:50,125 DEBUG                  - depth 1, hash 125e6d9, HEAD~352
2021-07-03 21:00:50,130 DEBUG                  - depth 2, hash e280ffd, HEAD~368
2021-07-03 21:00:50,134 DEBUG                  - depth 3, hash 6cca23c, HEAD~518
2021-07-03 21:00:50,138 DEBUG                  - depth 4, hash 26ab404, HEAD~578
2021-07-03 21:00:50,142 DEBUG                  - depth 5, hash 7e76014, HEAD~608
2021-07-03 21:00:50,147 DEBUG                  - depth 6, hash 8b21c77, HEAD~665
2021-07-03 21:00:50,151 DEBUG                  - depth 7, hash 25c6ae1, HEAD~693
2021-07-03 21:00:50,155 DEBUG    [line range] com/google/gson/internal/bind/ReflectiveTypeAdapterFactory.java createBoundField 103:140
2021-07-03 21:00:50,210 DEBUG                  - depth 0, hash 2df6550, HEAD~75
2021-07-03 21:00:50,215 DEBUG                  - depth 1, hash 45511fd, HEAD~77
2021-07-03 21:00:50,220 DEBUG                  - depth 2, hash 3ff16c3, HEAD~85
2021-07-03 21:00:50,224 DEBUG                  - depth 3, hash e5b3f63, HEAD~231
2021-07-03 21:00:50,228 DEBUG                  - depth 4, hash 8d5a413, HEAD~332
2021-07-03 21:00:50,232 DEBUG                  - depth 5, hash bf549f0, HEAD~374
2021-07-03 21:00:50,237 DEBUG                  - depth 6, hash af4879d, HEAD~422
2021-07-03 21:00:50,241 DEBUG                  - depth 7, hash fd4fbe4, HEAD~425
2021-07-03 21:00:50,245 DEBUG                  - depth 8, hash 7e76014, HEAD~608
2021-07-03 21:00:50,249 DEBUG                  - depth 9, hash 3196450, HEAD~633
2021-07-03 21:00:50,254 DEBUG                  - depth 10, hash 25c6ae1, HEAD~693
2021-07-03 21:00:50,258 DEBUG    [line range] com/google/gson/internal/bind/ReflectiveTypeAdapterFactory.java excludeField 62:64
2021-07-03 21:00:50,311 DEBUG                  - depth 0, hash b6a625f, HEAD~333
2021-07-03 21:00:50,317 DEBUG                  - depth 1, hash aa2f61b, HEAD~593
2021-07-03 21:00:50,321 DEBUG                  - depth 2, hash e23973a, HEAD~598
2021-07-03 21:00:50,326 DEBUG                  - depth 3, hash 25c6ae1, HEAD~693
2021-07-03 21:00:50,330 DEBUG    [line range] com/google/gson/internal/bind/ReflectiveTypeAdapterFactory.java excludeField 66:68
2021-07-03 21:00:50,383 DEBUG                  - depth 0, hash b6a625f, HEAD~333
2021-07-03 21:00:50,389 DEBUG                  - depth 1, hash aa2f61b, HEAD~593
2021-07-03 21:00:50,393 DEBUG                  - depth 2, hash e23973a, HEAD~598
2021-07-03 21:00:50,397 DEBUG                  - depth 3, hash 25c6ae1, HEAD~693
2021-07-03 21:00:50,401 DEBUG    [line range] com/google/gson/internal/bind/ReflectiveTypeAdapterFactory.java getBoundFields 142:178
2021-07-03 21:00:50,457 DEBUG                  - depth 0, hash 9e44d60, HEAD~19
2021-07-03 21:00:50,462 DEBUG                  - depth 1, hash 109915d, HEAD~259
2021-07-03 21:00:50,467 DEBUG                  - depth 2, hash 740d03e, HEAD~537
2021-07-03 21:00:50,471 DEBUG                  - depth 3, hash aa2f61b, HEAD~593
2021-07-03 21:00:50,475 DEBUG                  - depth 4, hash e23973a, HEAD~598
2021-07-03 21:00:50,480 DEBUG                  - depth 5, hash 7e76014, HEAD~608
2021-07-03 21:00:50,484 DEBUG                  - depth 6, hash 25c6ae1, HEAD~693
2021-07-03 21:00:50,489 DEBUG    [line range] com/google/gson/internal/bind/ReflectiveTypeAdapterFactory.java getFieldNames 71:90
2021-07-03 21:00:50,542 DEBUG                  - depth 0, hash 8537c89, HEAD~95
2021-07-03 21:00:50,548 DEBUG                  - depth 1, hash 109915d, HEAD~259
2021-07-03 21:00:50,552 DEBUG                  - depth 2, hash b6a625f, HEAD~333
2021-07-03 21:00:50,557 DEBUG                  - depth 3, hash e23973a, HEAD~598
2021-07-03 21:00:50,561 DEBUG                  - depth 4, hash 25c6ae1, HEAD~693
2021-07-03 21:00:50,565 DEBUG    [line range] com/google/gson/internal/bind/ReflectiveTypeAdapterFactory.java <init> 103:140
2021-07-03 21:00:50,620 DEBUG                  - depth 0, hash 2df6550, HEAD~75
2021-07-03 21:00:50,626 DEBUG                  - depth 1, hash 45511fd, HEAD~77
2021-07-03 21:00:50,630 DEBUG                  - depth 2, hash 3ff16c3, HEAD~85
2021-07-03 21:00:50,635 DEBUG                  - depth 3, hash e5b3f63, HEAD~231
2021-07-03 21:00:50,639 DEBUG                  - depth 4, hash 8d5a413, HEAD~332
2021-07-03 21:00:50,643 DEBUG                  - depth 5, hash bf549f0, HEAD~374
2021-07-03 21:00:50,647 DEBUG                  - depth 6, hash af4879d, HEAD~422
2021-07-03 21:00:50,652 DEBUG                  - depth 7, hash fd4fbe4, HEAD~425
2021-07-03 21:00:50,656 DEBUG                  - depth 8, hash 7e76014, HEAD~608
2021-07-03 21:00:50,660 DEBUG                  - depth 9, hash 3196450, HEAD~633
2021-07-03 21:00:50,665 DEBUG                  - depth 10, hash 25c6ae1, HEAD~693
2021-07-03 21:00:50,669 DEBUG    [line range] com/google/gson/internal/bind/ReflectiveTypeAdapterFactory.java <init> 199:202
2021-07-03 21:00:50,724 DEBUG                  - depth 0, hash 7a1c94f, HEAD~174
2021-07-03 21:00:50,729 DEBUG                  - depth 1, hash 8b21c77, HEAD~665
2021-07-03 21:00:50,734 DEBUG                  - depth 2, hash 25c6ae1, HEAD~693
2021-07-03 21:00:50,738 DEBUG    [line range] com/google/gson/internal/bind/ReflectiveTypeAdapterFactory.java <init> 185:189
2021-07-03 21:00:50,793 DEBUG                  - depth 0, hash 25c6ae1, HEAD~693
2021-07-03 21:00:51,094 DEBUG    [line range] com/google/gson/internal/bind/SqlDateTypeAdapter.java <clinit> 39:45
2021-07-03 21:00:51,145 DEBUG                  - depth 0, hash e5b3f63, HEAD~231
2021-07-03 21:00:51,151 DEBUG                  - depth 1, hash d7fbac0, HEAD~539
2021-07-03 21:00:51,155 DEBUG                  - depth 2, hash 26ab404, HEAD~578
2021-07-03 21:00:51,159 DEBUG                  - depth 3, hash 7e76014, HEAD~608
2021-07-03 21:00:51,164 DEBUG                  - depth 4, hash 3f26144, HEAD~669
2021-07-03 21:00:51,168 DEBUG    [line range] com/google/gson/internal/bind/SqlDateTypeAdapter.java <init> 39:45
2021-07-03 21:00:51,218 DEBUG                  - depth 0, hash e5b3f63, HEAD~231
2021-07-03 21:00:51,224 DEBUG                  - depth 1, hash d7fbac0, HEAD~539
2021-07-03 21:00:51,228 DEBUG                  - depth 2, hash 26ab404, HEAD~578
2021-07-03 21:00:51,233 DEBUG                  - depth 3, hash 7e76014, HEAD~608
2021-07-03 21:00:51,237 DEBUG                  - depth 4, hash 3f26144, HEAD~669
2021-07-03 21:00:51,241 DEBUG    [line range] com/google/gson/internal/bind/SqlDateTypeAdapter.java create 39:45
2021-07-03 21:00:51,294 DEBUG                  - depth 0, hash e5b3f63, HEAD~231
2021-07-03 21:00:51,299 DEBUG                  - depth 1, hash d7fbac0, HEAD~539
2021-07-03 21:00:51,304 DEBUG                  - depth 2, hash 26ab404, HEAD~578
2021-07-03 21:00:51,308 DEBUG                  - depth 3, hash 7e76014, HEAD~608
2021-07-03 21:00:51,312 DEBUG                  - depth 4, hash 3f26144, HEAD~669
2021-07-03 21:00:51,624 DEBUG    [line range] com/google/gson/internal/bind/TimeTypeAdapter.java <clinit> 41:46
2021-07-03 21:00:51,675 DEBUG                  - depth 0, hash e5b3f63, HEAD~231
2021-07-03 21:00:51,681 DEBUG                  - depth 1, hash d7fbac0, HEAD~539
2021-07-03 21:00:51,685 DEBUG                  - depth 2, hash 26ab404, HEAD~578
2021-07-03 21:00:51,690 DEBUG                  - depth 3, hash 7e76014, HEAD~608
2021-07-03 21:00:51,694 DEBUG                  - depth 4, hash 3b3a60d, HEAD~672
2021-07-03 21:00:51,698 DEBUG    [line range] com/google/gson/internal/bind/TimeTypeAdapter.java <init> 41:46
2021-07-03 21:00:51,749 DEBUG                  - depth 0, hash e5b3f63, HEAD~231
2021-07-03 21:00:51,755 DEBUG                  - depth 1, hash d7fbac0, HEAD~539
2021-07-03 21:00:51,759 DEBUG                  - depth 2, hash 26ab404, HEAD~578
2021-07-03 21:00:51,764 DEBUG                  - depth 3, hash 7e76014, HEAD~608
2021-07-03 21:00:51,768 DEBUG                  - depth 4, hash 3b3a60d, HEAD~672
2021-07-03 21:00:51,772 DEBUG    [line range] com/google/gson/internal/bind/TimeTypeAdapter.java create 41:46
2021-07-03 21:00:51,824 DEBUG                  - depth 0, hash e5b3f63, HEAD~231
2021-07-03 21:00:51,829 DEBUG                  - depth 1, hash d7fbac0, HEAD~539
2021-07-03 21:00:51,834 DEBUG                  - depth 2, hash 26ab404, HEAD~578
2021-07-03 21:00:51,838 DEBUG                  - depth 3, hash 7e76014, HEAD~608
2021-07-03 21:00:51,842 DEBUG                  - depth 4, hash 3b3a60d, HEAD~672
2021-07-03 21:00:52,145 DEBUG    [line range] com/google/gson/internal/bind/TypeAdapterRuntimeTypeWrapper.java <init> 33:37
2021-07-03 21:00:52,196 DEBUG                  - depth 0, hash 7e76014, HEAD~608
2021-07-03 21:00:52,202 DEBUG                  - depth 1, hash ad5ff0f, HEAD~729
2021-07-03 21:00:52,632 DEBUG    [line range] com/google/gson/internal/bind/TypeAdapters.java <clinit> 68:80
2021-07-03 21:00:52,686 DEBUG                  - depth 0, hash 9e44d60, HEAD~19
2021-07-03 21:00:52,692 DEBUG                  - depth 1, hash 6a69c60, HEAD~411
2021-07-03 21:00:52,696 DEBUG                  - depth 2, hash dd86d63, HEAD~513
2021-07-03 21:00:52,700 DEBUG                  - depth 3, hash 82f18a2, HEAD~541
2021-07-03 21:00:52,705 DEBUG                  - depth 4, hash bd937fe, HEAD~542
2021-07-03 21:00:52,710 DEBUG    [line range] com/google/gson/internal/bind/TypeAdapters.java newFactory 831:842
2021-07-03 21:00:52,767 DEBUG                  - depth 0, hash e5b3f63, HEAD~231
2021-07-03 21:00:52,773 DEBUG                  - depth 1, hash d7fbac0, HEAD~539
2021-07-03 21:00:52,777 DEBUG                  - depth 2, hash 26ab404, HEAD~578
2021-07-03 21:00:52,782 DEBUG                  - depth 3, hash 7e76014, HEAD~608
2021-07-03 21:00:52,786 DEBUG                  - depth 4, hash 94d59b5, HEAD~629
2021-07-03 21:00:52,790 DEBUG                  - depth 5, hash c71e61c, HEAD~685
2021-07-03 21:00:52,795 DEBUG                  - depth 6, hash c5f1df1, HEAD~764
2021-07-03 21:00:52,799 DEBUG    [line range] com/google/gson/internal/bind/TypeAdapters.java newFactory 844:857
2021-07-03 21:00:52,857 DEBUG                  - depth 0, hash e5b3f63, HEAD~231
2021-07-03 21:00:52,862 DEBUG                  - depth 1, hash d7fbac0, HEAD~539
2021-07-03 21:00:52,867 DEBUG                  - depth 2, hash 26ab404, HEAD~578
2021-07-03 21:00:52,871 DEBUG                  - depth 3, hash 7e76014, HEAD~608
2021-07-03 21:00:52,875 DEBUG                  - depth 4, hash 94d59b5, HEAD~629
2021-07-03 21:00:52,879 DEBUG                  - depth 5, hash c71e61c, HEAD~685
2021-07-03 21:00:52,884 DEBUG                  - depth 6, hash 9db0c53, HEAD~711
2021-07-03 21:00:52,888 DEBUG                  - depth 7, hash aa06705, HEAD~736
2021-07-03 21:00:52,892 DEBUG                  - depth 8, hash c5f1df1, HEAD~764
2021-07-03 21:00:52,896 DEBUG    [line range] com/google/gson/internal/bind/TypeAdapters.java newFactoryForMultipleTypes 859:872
2021-07-03 21:00:52,953 DEBUG                  - depth 0, hash e5b3f63, HEAD~231
2021-07-03 21:00:52,959 DEBUG                  - depth 1, hash d7fbac0, HEAD~539
2021-07-03 21:00:52,963 DEBUG                  - depth 2, hash 26ab404, HEAD~578
2021-07-03 21:00:52,968 DEBUG                  - depth 3, hash 7e76014, HEAD~608
2021-07-03 21:00:52,972 DEBUG                  - depth 4, hash 94d59b5, HEAD~629
2021-07-03 21:00:52,976 DEBUG                  - depth 5, hash d20df34, HEAD~679
2021-07-03 21:00:52,980 DEBUG    [line range] com/google/gson/internal/bind/TypeAdapters.java newTypeHierarchyFactory 878:906
2021-07-03 21:00:53,038 DEBUG                  - depth 0, hash e5b3f63, HEAD~231
2021-07-03 21:00:53,044 DEBUG                  - depth 1, hash 7d1973e, HEAD~235
2021-07-03 21:00:53,048 DEBUG                  - depth 2, hash d7fbac0, HEAD~539
2021-07-03 21:00:53,052 DEBUG                  - depth 3, hash 26ab404, HEAD~578
2021-07-03 21:00:53,057 DEBUG                  - depth 4, hash 7e76014, HEAD~608
2021-07-03 21:00:53,061 DEBUG                  - depth 5, hash 94d59b5, HEAD~629
2021-07-03 21:00:53,065 DEBUG                  - depth 6, hash c71e61c, HEAD~685
2021-07-03 21:00:53,069 DEBUG                  - depth 7, hash ea9c023, HEAD~714
2021-07-03 21:00:53,074 DEBUG                  - depth 8, hash c5f1df1, HEAD~764
2021-07-03 21:00:53,078 DEBUG    [line range] com/google/gson/internal/bind/TypeAdapters.java write 238:249
2021-07-03 21:00:53,130 DEBUG                  - depth 0, hash 7821b73, HEAD~226
2021-07-03 21:00:53,137 DEBUG    [line range] com/google/gson/internal/bind/TypeAdapters.java <init> 571:590
2021-07-03 21:00:53,193 DEBUG                  - depth 0, hash e5b3f63, HEAD~231
2021-07-03 21:00:53,199 DEBUG                  - depth 1, hash d7fbac0, HEAD~539
2021-07-03 21:00:53,203 DEBUG                  - depth 2, hash f602bce, HEAD~574
2021-07-03 21:00:53,208 DEBUG                  - depth 3, hash 26ab404, HEAD~578
2021-07-03 21:00:53,212 DEBUG                  - depth 4, hash 7e76014, HEAD~608
2021-07-03 21:00:53,216 DEBUG                  - depth 5, hash 5db4cae, HEAD~638
2021-07-03 21:00:53,220 DEBUG                  - depth 6, hash 3f26144, HEAD~669
2021-07-03 21:00:53,225 DEBUG                  - depth 7, hash c1bac6d, HEAD~674
2021-07-03 21:00:53,229 DEBUG                  - depth 8, hash 81854db, HEAD~675
2021-07-03 21:00:53,233 DEBUG                  - depth 9, hash 8217aca, HEAD~678
2021-07-03 21:00:53,238 DEBUG    [line range] com/google/gson/internal/bind/TypeAdapters.java create 571:590
2021-07-03 21:00:53,293 DEBUG                  - depth 0, hash e5b3f63, HEAD~231
2021-07-03 21:00:53,299 DEBUG                  - depth 1, hash d7fbac0, HEAD~539
2021-07-03 21:00:53,303 DEBUG                  - depth 2, hash f602bce, HEAD~574
2021-07-03 21:00:53,308 DEBUG                  - depth 3, hash 26ab404, HEAD~578
2021-07-03 21:00:53,312 DEBUG                  - depth 4, hash 7e76014, HEAD~608
2021-07-03 21:00:53,316 DEBUG                  - depth 5, hash 5db4cae, HEAD~638
2021-07-03 21:00:53,321 DEBUG                  - depth 6, hash 3f26144, HEAD~669
2021-07-03 21:00:53,325 DEBUG                  - depth 7, hash c1bac6d, HEAD~674
2021-07-03 21:00:53,329 DEBUG                  - depth 8, hash 81854db, HEAD~675
2021-07-03 21:00:53,333 DEBUG                  - depth 9, hash 8217aca, HEAD~678
2021-07-03 21:00:53,338 DEBUG    [line range] com/google/gson/internal/bind/TypeAdapters.java <init> 831:842
2021-07-03 21:00:53,395 DEBUG                  - depth 0, hash e5b3f63, HEAD~231
2021-07-03 21:00:53,401 DEBUG                  - depth 1, hash d7fbac0, HEAD~539
2021-07-03 21:00:53,405 DEBUG                  - depth 2, hash 26ab404, HEAD~578
2021-07-03 21:00:53,409 DEBUG                  - depth 3, hash 7e76014, HEAD~608
2021-07-03 21:00:53,413 DEBUG                  - depth 4, hash 94d59b5, HEAD~629
2021-07-03 21:00:53,418 DEBUG                  - depth 5, hash c71e61c, HEAD~685
2021-07-03 21:00:53,422 DEBUG                  - depth 6, hash c5f1df1, HEAD~764
2021-07-03 21:00:53,426 DEBUG    [line range] com/google/gson/internal/bind/TypeAdapters.java <init> 844:857
2021-07-03 21:00:53,484 DEBUG                  - depth 0, hash e5b3f63, HEAD~231
2021-07-03 21:00:53,490 DEBUG                  - depth 1, hash d7fbac0, HEAD~539
2021-07-03 21:00:53,494 DEBUG                  - depth 2, hash 26ab404, HEAD~578
2021-07-03 21:00:53,498 DEBUG                  - depth 3, hash 7e76014, HEAD~608
2021-07-03 21:00:53,503 DEBUG                  - depth 4, hash 94d59b5, HEAD~629
2021-07-03 21:00:53,507 DEBUG                  - depth 5, hash c71e61c, HEAD~685
2021-07-03 21:00:53,511 DEBUG                  - depth 6, hash 9db0c53, HEAD~711
2021-07-03 21:00:53,515 DEBUG                  - depth 7, hash aa06705, HEAD~736
2021-07-03 21:00:53,520 DEBUG                  - depth 8, hash c5f1df1, HEAD~764
2021-07-03 21:00:53,867 DEBUG    [line range] com/google/gson/reflect/TypeToken.java <init> 70:75
2021-07-03 21:00:53,920 DEBUG                  - depth 0, hash c8bd121, HEAD~839
2021-07-03 21:00:53,926 DEBUG                  - depth 1, hash 4efb133, HEAD~862
2021-07-03 21:00:53,930 DEBUG                  - depth 2, hash 5e74dab, HEAD~863
2021-07-03 21:00:53,934 DEBUG                  - depth 3, hash d1ddab2, HEAD~930
2021-07-03 21:00:53,939 DEBUG                  - depth 4, hash 57d1f32, HEAD~1348
2021-07-03 21:00:53,943 DEBUG    [line range] com/google/gson/reflect/TypeToken.java equals 283:286
2021-07-03 21:00:53,995 DEBUG                  - depth 0, hash c8bd121, HEAD~839
2021-07-03 21:00:54,001 DEBUG                  - depth 1, hash 4efb133, HEAD~862
2021-07-03 21:00:54,006 DEBUG                  - depth 2, hash 8380d28, HEAD~928
2021-07-03 21:00:54,010 DEBUG                  - depth 3, hash d1ddab2, HEAD~930
2021-07-03 21:00:54,014 DEBUG    [line range] com/google/gson/reflect/TypeToken.java get 302:304
2021-07-03 21:00:54,067 DEBUG                  - depth 0, hash d1ddab2, HEAD~930
2021-07-03 21:00:54,072 DEBUG                  - depth 1, hash 57d1f32, HEAD~1348
2021-07-03 21:00:54,077 DEBUG    [line range] com/google/gson/reflect/TypeToken.java get 295:297
2021-07-03 21:00:54,130 DEBUG                  - depth 0, hash d1ddab2, HEAD~930
2021-07-03 21:00:54,135 DEBUG                  - depth 1, hash 57d1f32, HEAD~1348
2021-07-03 21:00:54,140 DEBUG    [line range] com/google/gson/reflect/TypeToken.java getRawType 93:95
2021-07-03 21:00:54,192 DEBUG                  - depth 0, hash d1ddab2, HEAD~930
2021-07-03 21:00:54,198 DEBUG                  - depth 1, hash 57d1f32, HEAD~1348
2021-07-03 21:00:54,203 DEBUG    [line range] com/google/gson/reflect/TypeToken.java getType 100:102
2021-07-03 21:00:54,255 DEBUG                  - depth 0, hash d1ddab2, HEAD~930
2021-07-03 21:00:54,261 DEBUG                  - depth 1, hash 57d1f32, HEAD~1348
2021-07-03 21:00:54,265 DEBUG    [line range] com/google/gson/reflect/TypeToken.java hashCode 279:281
2021-07-03 21:00:54,316 DEBUG                  - depth 0, hash d1ddab2, HEAD~930
2021-07-03 21:00:54,322 INFO     The number of BIC candidates: 134
