2021-07-03 20:55:05,624 INFO     Search BICs for /tmp/Gson-3b/
2021-07-03 20:55:05,625 DEBUG    Reading the coverage of com.google.gson.functional.MapTest::testConcurrentNavigableMap (failings)
2021-07-03 20:55:05,659 DEBUG    Reading the coverage of com.google.gson.functional.MapTest::testConcurrentMap (failings)
2021-07-03 20:55:05,692 INFO     Loaded 2x524 Coverage Matrix
2021-07-03 20:55:05,693 INFO     The number of total commits: 1120
2021-07-03 20:55:06,013 DEBUG    [single line]   com/google/gson/FieldNamingPolicy.java <clinit> 31
2021-07-03 20:55:06,060 DEBUG                  - depth 0, hash f89e92a, HEAD~371
2021-07-03 20:55:06,065 DEBUG                  - depth 1, hash 57d1f32, HEAD~1119
2021-07-03 20:55:06,070 DEBUG    [single line]   com/google/gson/FieldNamingPolicy.java <clinit> 37
2021-07-03 20:55:06,115 DEBUG                  - depth 0, hash f89e92a, HEAD~371
2021-07-03 20:55:06,120 DEBUG                  - depth 1, hash 57d1f32, HEAD~1119
2021-07-03 20:55:06,125 DEBUG    [single line]   com/google/gson/FieldNamingPolicy.java <clinit> 53
2021-07-03 20:55:06,170 DEBUG                  - depth 0, hash f89e92a, HEAD~371
2021-07-03 20:55:06,176 DEBUG                  - depth 1, hash 57d1f32, HEAD~1119
2021-07-03 20:55:06,180 DEBUG    [single line]   com/google/gson/FieldNamingPolicy.java <clinit> 72
2021-07-03 20:55:06,226 DEBUG                  - depth 0, hash f89e92a, HEAD~371
2021-07-03 20:55:06,231 DEBUG                  - depth 1, hash ba01548, HEAD~836
2021-07-03 20:55:06,235 DEBUG    [single line]   com/google/gson/FieldNamingPolicy.java <clinit> 90
2021-07-03 20:55:06,282 DEBUG                  - depth 0, hash f89e92a, HEAD~371
2021-07-03 20:55:06,288 DEBUG                  - depth 1, hash ad4ff69, HEAD~917
2021-07-03 20:55:06,292 DEBUG                  - depth 2, hash 57d1f32, HEAD~1119
2021-07-03 20:55:06,296 DEBUG    [single line]   com/google/gson/FieldNamingPolicy.java <clinit> 113
2021-07-03 20:55:06,343 DEBUG                  - depth 0, hash f89e92a, HEAD~371
2021-07-03 20:55:06,348 DEBUG                  - depth 1, hash ad4ff69, HEAD~917
2021-07-03 20:55:06,353 DEBUG                  - depth 2, hash 57d1f32, HEAD~1119
2021-07-03 20:55:06,357 DEBUG    [single line]   com/google/gson/FieldNamingPolicy.java <init> 37
2021-07-03 20:55:06,403 DEBUG                  - depth 0, hash f89e92a, HEAD~371
2021-07-03 20:55:06,408 DEBUG                  - depth 1, hash 57d1f32, HEAD~1119
2021-07-03 20:55:06,412 DEBUG    [single line]   com/google/gson/FieldNamingPolicy.java <init> 53
2021-07-03 20:55:06,460 DEBUG                  - depth 0, hash f89e92a, HEAD~371
2021-07-03 20:55:06,465 DEBUG                  - depth 1, hash 57d1f32, HEAD~1119
2021-07-03 20:55:06,469 DEBUG    [single line]   com/google/gson/FieldNamingPolicy.java <init> 72
2021-07-03 20:55:06,516 DEBUG                  - depth 0, hash f89e92a, HEAD~371
2021-07-03 20:55:06,521 DEBUG                  - depth 1, hash ba01548, HEAD~836
2021-07-03 20:55:06,525 DEBUG    [single line]   com/google/gson/FieldNamingPolicy.java <init> 90
2021-07-03 20:55:06,571 DEBUG                  - depth 0, hash f89e92a, HEAD~371
2021-07-03 20:55:06,576 DEBUG                  - depth 1, hash ad4ff69, HEAD~917
2021-07-03 20:55:06,581 DEBUG                  - depth 2, hash 57d1f32, HEAD~1119
2021-07-03 20:55:06,585 DEBUG    [single line]   com/google/gson/FieldNamingPolicy.java <init> 113
2021-07-03 20:55:06,632 DEBUG                  - depth 0, hash f89e92a, HEAD~371
2021-07-03 20:55:06,637 DEBUG                  - depth 1, hash ad4ff69, HEAD~917
2021-07-03 20:55:06,642 DEBUG                  - depth 2, hash 57d1f32, HEAD~1119
2021-07-03 20:55:07,045 DEBUG    [line range] com/google/gson/Gson.java <init> 176:181
2021-07-03 20:55:07,111 DEBUG                  - depth 0, hash d7fbac0, HEAD~310
2021-07-03 20:55:07,116 DEBUG                  - depth 1, hash 1794182, HEAD~360
2021-07-03 20:55:07,120 DEBUG                  - depth 2, hash aa2f61b, HEAD~364
2021-07-03 20:55:07,125 DEBUG                  - depth 3, hash f89e92a, HEAD~371
2021-07-03 20:55:07,129 DEBUG                  - depth 4, hash d3f927e, HEAD~422
2021-07-03 20:55:07,133 DEBUG                  - depth 5, hash 46e65a7, HEAD~438
2021-07-03 20:55:07,137 DEBUG                  - depth 6, hash c71e61c, HEAD~456
2021-07-03 20:55:07,141 DEBUG                  - depth 7, hash a98d6ea, HEAD~462
2021-07-03 20:55:07,145 DEBUG                  - depth 8, hash 25c6ae1, HEAD~464
2021-07-03 20:55:07,149 DEBUG                  - depth 9, hash aa06705, HEAD~507
2021-07-03 20:55:07,153 DEBUG                  - depth 10, hash 114633f, HEAD~675
2021-07-03 20:55:07,157 DEBUG                  - depth 11, hash b883f8f, HEAD~683
2021-07-03 20:55:07,161 DEBUG                  - depth 12, hash 2b9f81e, HEAD~684
2021-07-03 20:55:07,165 DEBUG                  - depth 13, hash dea7ab8, HEAD~762
2021-07-03 20:55:07,169 DEBUG                  - depth 14, hash 2b1f3ee, HEAD~791
2021-07-03 20:55:07,173 DEBUG                  - depth 15, hash 747e3c3, HEAD~797
2021-07-03 20:55:07,177 DEBUG                  - depth 16, hash 839b0c2, HEAD~892
2021-07-03 20:55:07,182 DEBUG                  - depth 17, hash 6d50bce, HEAD~945
2021-07-03 20:55:07,186 DEBUG                  - depth 18, hash b2b2e5d, HEAD~971
2021-07-03 20:55:07,190 DEBUG                  - depth 19, hash 764e4d9, HEAD~988
2021-07-03 20:55:07,194 DEBUG                  - depth 20, hash 458f2ba, HEAD~1011
2021-07-03 20:55:07,198 DEBUG                  - depth 21, hash 51881c7, HEAD~1018
2021-07-03 20:55:07,202 DEBUG                  - depth 22, hash cf2a457, HEAD~1062
2021-07-03 20:55:07,206 DEBUG                  - depth 23, hash cc90a68, HEAD~1077
2021-07-03 20:55:07,210 DEBUG                  - depth 24, hash 9dfa454, HEAD~1083
2021-07-03 20:55:07,214 DEBUG                  - depth 25, hash 57d1f32, HEAD~1119
2021-07-03 20:55:07,219 DEBUG    [line range] com/google/gson/Gson.java <init> 112:113
2021-07-03 20:55:07,273 DEBUG                  - depth 0, hash 1e18dce, HEAD~194
2021-07-03 20:55:07,278 DEBUG                  - depth 1, hash 7e76014, HEAD~379
2021-07-03 20:55:07,283 DEBUG    [line range] com/google/gson/Gson.java assertFullConsumption 784:794
2021-07-03 20:55:07,348 DEBUG                  - depth 0, hash 1c5f513, HEAD~709
2021-07-03 20:55:07,354 DEBUG                  - depth 1, hash 0a3f5fa, HEAD~714
2021-07-03 20:55:07,358 DEBUG                  - depth 2, hash 7d055fc, HEAD~726
2021-07-03 20:55:07,362 DEBUG                  - depth 3, hash 32afd1a, HEAD~733
2021-07-03 20:55:07,366 DEBUG                  - depth 4, hash 747e3c3, HEAD~797
2021-07-03 20:55:07,370 DEBUG                  - depth 5, hash fa40b4c, HEAD~799
2021-07-03 20:55:07,374 DEBUG                  - depth 6, hash 7a7bbf7, HEAD~807
2021-07-03 20:55:07,378 DEBUG                  - depth 7, hash 29ab864, HEAD~929
2021-07-03 20:55:07,382 DEBUG                  - depth 8, hash abf4ab2, HEAD~948
2021-07-03 20:55:07,387 DEBUG                  - depth 9, hash 6e59e50, HEAD~949
2021-07-03 20:55:07,391 DEBUG                  - depth 10, hash 5c6d5a0, HEAD~957
2021-07-03 20:55:07,395 DEBUG                  - depth 11, hash 2034090, HEAD~963
2021-07-03 20:55:07,399 DEBUG                  - depth 12, hash 2c7cc62, HEAD~986
2021-07-03 20:55:07,403 DEBUG                  - depth 13, hash cf2a457, HEAD~1062
2021-07-03 20:55:07,407 DEBUG                  - depth 14, hash 9dfa454, HEAD~1083
2021-07-03 20:55:07,411 DEBUG                  - depth 15, hash 57d1f32, HEAD~1119
2021-07-03 20:55:07,415 DEBUG    [line range] com/google/gson/Gson.java doubleAdapter 250:272
2021-07-03 20:55:07,473 DEBUG                  - depth 0, hash f602bce, HEAD~345
2021-07-03 20:55:07,478 DEBUG                  - depth 1, hash bc68d72, HEAD~356
2021-07-03 20:55:07,482 DEBUG                  - depth 2, hash 0e02cbb, HEAD~408
2021-07-03 20:55:07,486 DEBUG                  - depth 3, hash 25c6ae1, HEAD~464
2021-07-03 20:55:07,490 DEBUG                  - depth 4, hash 9db0c53, HEAD~482
2021-07-03 20:55:07,494 DEBUG                  - depth 5, hash 1885ba7, HEAD~505
2021-07-03 20:55:07,499 DEBUG    [line range] com/google/gson/Gson.java floatAdapter 274:296
2021-07-03 20:55:07,557 DEBUG                  - depth 0, hash f602bce, HEAD~345
2021-07-03 20:55:07,562 DEBUG                  - depth 1, hash bc68d72, HEAD~356
2021-07-03 20:55:07,567 DEBUG                  - depth 2, hash 0e02cbb, HEAD~408
2021-07-03 20:55:07,571 DEBUG                  - depth 3, hash 25c6ae1, HEAD~464
2021-07-03 20:55:07,575 DEBUG                  - depth 4, hash 9db0c53, HEAD~482
2021-07-03 20:55:07,579 DEBUG                  - depth 5, hash 1885ba7, HEAD~505
2021-07-03 20:55:07,583 DEBUG    [line range] com/google/gson/Gson.java fromJson 804:833
2021-07-03 20:55:07,648 DEBUG                  - depth 0, hash af4879d, HEAD~193
2021-07-03 20:55:07,654 DEBUG                  - depth 1, hash 22c835f, HEAD~195
2021-07-03 20:55:07,658 DEBUG                  - depth 2, hash fd4fbe4, HEAD~196
2021-07-03 20:55:07,662 DEBUG                  - depth 3, hash c25278b, HEAD~198
2021-07-03 20:55:07,666 DEBUG                  - depth 4, hash 7e76014, HEAD~379
2021-07-03 20:55:07,670 DEBUG                  - depth 5, hash 016261d, HEAD~395
2021-07-03 20:55:07,674 DEBUG                  - depth 6, hash 25c6ae1, HEAD~464
2021-07-03 20:55:07,678 DEBUG                  - depth 7, hash 9980191, HEAD~477
2021-07-03 20:55:07,682 DEBUG                  - depth 8, hash bafc43a, HEAD~493
2021-07-03 20:55:07,686 DEBUG                  - depth 9, hash 84c7140, HEAD~494
2021-07-03 20:55:07,690 DEBUG                  - depth 10, hash 10db917, HEAD~747
2021-07-03 20:55:07,694 DEBUG                  - depth 11, hash 747e3c3, HEAD~797
2021-07-03 20:55:07,699 DEBUG                  - depth 12, hash fa40b4c, HEAD~799
2021-07-03 20:55:07,703 DEBUG                  - depth 13, hash 7a7bbf7, HEAD~807
2021-07-03 20:55:07,707 DEBUG                  - depth 14, hash 29ab864, HEAD~929
2021-07-03 20:55:07,711 DEBUG                  - depth 15, hash abf4ab2, HEAD~948
2021-07-03 20:55:07,715 DEBUG                  - depth 16, hash 6e59e50, HEAD~949
2021-07-03 20:55:07,719 DEBUG                  - depth 17, hash 5c6d5a0, HEAD~957
2021-07-03 20:55:07,723 DEBUG                  - depth 18, hash 2034090, HEAD~963
2021-07-03 20:55:07,727 DEBUG                  - depth 19, hash 2c7cc62, HEAD~986
2021-07-03 20:55:07,731 DEBUG                  - depth 20, hash cf2a457, HEAD~1062
2021-07-03 20:55:07,736 DEBUG                  - depth 21, hash 9dfa454, HEAD~1083
2021-07-03 20:55:07,740 DEBUG                  - depth 22, hash 57d1f32, HEAD~1119
2021-07-03 20:55:07,744 DEBUG    [line range] com/google/gson/Gson.java fromJson 776:782
2021-07-03 20:55:07,808 DEBUG                  - depth 0, hash 756131d, HEAD~344
2021-07-03 20:55:07,814 DEBUG                  - depth 1, hash a92cf39, HEAD~387
2021-07-03 20:55:07,818 DEBUG                  - depth 2, hash de727d8, HEAD~414
2021-07-03 20:55:07,822 DEBUG                  - depth 3, hash 1c5f513, HEAD~709
2021-07-03 20:55:07,826 DEBUG                  - depth 4, hash 0a3f5fa, HEAD~714
2021-07-03 20:55:07,830 DEBUG                  - depth 5, hash 7d055fc, HEAD~726
2021-07-03 20:55:07,834 DEBUG                  - depth 6, hash 32afd1a, HEAD~733
2021-07-03 20:55:07,838 DEBUG                  - depth 7, hash 10db917, HEAD~747
2021-07-03 20:55:07,842 DEBUG                  - depth 8, hash 747e3c3, HEAD~797
2021-07-03 20:55:07,847 DEBUG                  - depth 9, hash fa40b4c, HEAD~799
2021-07-03 20:55:07,851 DEBUG                  - depth 10, hash 7a7bbf7, HEAD~807
2021-07-03 20:55:07,855 DEBUG                  - depth 11, hash 29ab864, HEAD~929
2021-07-03 20:55:07,859 DEBUG                  - depth 12, hash abf4ab2, HEAD~948
2021-07-03 20:55:07,863 DEBUG                  - depth 13, hash 6e59e50, HEAD~949
2021-07-03 20:55:07,867 DEBUG                  - depth 14, hash 5c6d5a0, HEAD~957
2021-07-03 20:55:07,871 DEBUG                  - depth 15, hash 2034090, HEAD~963
2021-07-03 20:55:07,875 DEBUG                  - depth 16, hash 2c7cc62, HEAD~986
2021-07-03 20:55:07,880 DEBUG                  - depth 17, hash cf2a457, HEAD~1062
2021-07-03 20:55:07,884 DEBUG                  - depth 18, hash 9dfa454, HEAD~1083
2021-07-03 20:55:07,888 DEBUG                  - depth 19, hash 57d1f32, HEAD~1119
2021-07-03 20:55:07,892 DEBUG    [line range] com/google/gson/Gson.java fromJson 722:730
2021-07-03 20:55:07,956 DEBUG                  - depth 0, hash 2cbddbb, HEAD~389
2021-07-03 20:55:07,961 DEBUG                  - depth 1, hash 016261d, HEAD~395
2021-07-03 20:55:07,965 DEBUG                  - depth 2, hash 9980191, HEAD~477
2021-07-03 20:55:07,969 DEBUG                  - depth 3, hash 84c7140, HEAD~494
2021-07-03 20:55:07,973 DEBUG                  - depth 4, hash 10db917, HEAD~747
2021-07-03 20:55:07,978 DEBUG                  - depth 5, hash d3eda04, HEAD~781
2021-07-03 20:55:07,982 DEBUG                  - depth 6, hash 57d1f32, HEAD~1119
2021-07-03 20:55:07,986 DEBUG    [line range] com/google/gson/Gson.java getAdapter 334:375
2021-07-03 20:55:08,039 DEBUG                  - depth 0, hash 6dc6b4b, HEAD~185
2021-07-03 20:55:08,044 DEBUG                  - depth 1, hash 1e18dce, HEAD~194
2021-07-03 20:55:08,048 DEBUG                  - depth 2, hash d7fbac0, HEAD~310
2021-07-03 20:55:08,052 DEBUG                  - depth 3, hash 756131d, HEAD~344
2021-07-03 20:55:08,056 DEBUG                  - depth 4, hash 4c06b01, HEAD~353
2021-07-03 20:55:08,060 DEBUG                  - depth 5, hash 7e76014, HEAD~379
2021-07-03 20:55:08,065 DEBUG    [line range] com/google/gson/Gson.java longAdapter 306:326
2021-07-03 20:55:08,130 DEBUG                  - depth 0, hash f602bce, HEAD~345
2021-07-03 20:55:08,136 DEBUG                  - depth 1, hash bc68d72, HEAD~356
2021-07-03 20:55:08,140 DEBUG                  - depth 2, hash 0e02cbb, HEAD~408
2021-07-03 20:55:08,144 DEBUG                  - depth 3, hash 25c6ae1, HEAD~464
2021-07-03 20:55:08,148 DEBUG                  - depth 4, hash 9db0c53, HEAD~482
2021-07-03 20:55:08,152 DEBUG                  - depth 5, hash aa06705, HEAD~507
2021-07-03 20:55:08,156 DEBUG                  - depth 6, hash f276d13, HEAD~516
2021-07-03 20:55:08,160 DEBUG                  - depth 7, hash 3331dcd, HEAD~517
2021-07-03 20:55:08,164 DEBUG                  - depth 8, hash 37abcf3, HEAD~518
2021-07-03 20:55:08,169 DEBUG                  - depth 9, hash 57d1f32, HEAD~1119
2021-07-03 20:55:08,173 DEBUG    [line range] com/google/gson/Gson.java <init> 126:131
2021-07-03 20:55:08,226 DEBUG                  - depth 0, hash e5b3f63, HEAD~2
2021-07-03 20:55:08,231 DEBUG                  - depth 1, hash 756131d, HEAD~344
2021-07-03 20:55:08,236 DEBUG                  - depth 2, hash d391584, HEAD~376
2021-07-03 20:55:08,240 DEBUG    [line range] com/google/gson/Gson.java write 250:272
2021-07-03 20:55:08,297 DEBUG                  - depth 0, hash f602bce, HEAD~345
2021-07-03 20:55:08,303 DEBUG                  - depth 1, hash bc68d72, HEAD~356
2021-07-03 20:55:08,307 DEBUG                  - depth 2, hash 0e02cbb, HEAD~408
2021-07-03 20:55:08,311 DEBUG                  - depth 3, hash 25c6ae1, HEAD~464
2021-07-03 20:55:08,315 DEBUG                  - depth 4, hash 9db0c53, HEAD~482
2021-07-03 20:55:08,319 DEBUG                  - depth 5, hash 1885ba7, HEAD~505
2021-07-03 20:55:08,323 DEBUG    [line range] com/google/gson/Gson.java setDelegate 885:890
2021-07-03 20:55:08,377 DEBUG                  - depth 0, hash 7e76014, HEAD~379
2021-07-03 20:55:08,657 DEBUG    [single line]   com/google/gson/LongSerializationPolicy.java <clinit> 27
2021-07-03 20:55:08,703 DEBUG                  - depth 0, hash e2cfc0c, HEAD~998
2021-07-03 20:55:08,709 DEBUG    [single line]   com/google/gson/LongSerializationPolicy.java <clinit> 34
2021-07-03 20:55:08,755 DEBUG                  - depth 0, hash a00c5ff, HEAD~374
2021-07-03 20:55:08,760 DEBUG                  - depth 1, hash e2cfc0c, HEAD~998
2021-07-03 20:55:08,764 DEBUG    [single line]   com/google/gson/LongSerializationPolicy.java <clinit> 45
2021-07-03 20:55:08,811 DEBUG                  - depth 0, hash a00c5ff, HEAD~374
2021-07-03 20:55:08,817 DEBUG                  - depth 1, hash e2cfc0c, HEAD~998
2021-07-03 20:55:08,821 DEBUG    [single line]   com/google/gson/LongSerializationPolicy.java <init> 34
2021-07-03 20:55:08,867 DEBUG                  - depth 0, hash a00c5ff, HEAD~374
2021-07-03 20:55:08,873 DEBUG                  - depth 1, hash e2cfc0c, HEAD~998
2021-07-03 20:55:08,877 DEBUG    [single line]   com/google/gson/LongSerializationPolicy.java <init> 45
2021-07-03 20:55:08,923 DEBUG                  - depth 0, hash a00c5ff, HEAD~374
2021-07-03 20:55:08,928 DEBUG                  - depth 1, hash e2cfc0c, HEAD~998
2021-07-03 20:55:09,246 DEBUG    [single line]   com/google/gson/TypeAdapter.java <init> 119
2021-07-03 20:55:09,294 DEBUG                  - depth 0, hash c5f1df1, HEAD~535
2021-07-03 20:55:09,653 DEBUG    [line range] com/google/gson/internal/ConstructorConstructor.java <init> 47:49
2021-07-03 20:55:09,701 DEBUG                  - depth 0, hash 1794182, HEAD~360
2021-07-03 20:55:09,706 DEBUG                  - depth 1, hash d391584, HEAD~376
2021-07-03 20:55:09,711 DEBUG                  - depth 2, hash 25c6ae1, HEAD~464
2021-07-03 20:55:09,715 DEBUG    [line range] com/google/gson/internal/ConstructorConstructor.java get 51:91
2021-07-03 20:55:09,762 DEBUG                  - depth 0, hash 040bae3, HEAD~192
2021-07-03 20:55:09,768 DEBUG                  - depth 1, hash 1a4f690, HEAD~231
2021-07-03 20:55:09,772 DEBUG                  - depth 2, hash 6cca23c, HEAD~289
2021-07-03 20:55:09,776 DEBUG                  - depth 3, hash 1794182, HEAD~360
2021-07-03 20:55:09,780 DEBUG                  - depth 4, hash d391584, HEAD~376
2021-07-03 20:55:09,785 DEBUG                  - depth 5, hash 4a6c084, HEAD~460
2021-07-03 20:55:09,789 DEBUG                  - depth 6, hash 25c6ae1, HEAD~464
2021-07-03 20:55:09,793 DEBUG    [line range] com/google/gson/internal/ConstructorConstructor.java newDefaultConstructor 93:121
2021-07-03 20:55:09,841 DEBUG                  - depth 0, hash 290fb69, HEAD~399
2021-07-03 20:55:09,846 DEBUG                  - depth 1, hash 4a6c084, HEAD~460
2021-07-03 20:55:09,850 DEBUG                  - depth 2, hash 25c6ae1, HEAD~464
2021-07-03 20:55:09,854 DEBUG    [line range] com/google/gson/internal/ConstructorConstructor.java newDefaultImplementationConstructor 127:198
2021-07-03 20:55:09,903 DEBUG                  - depth 0, hash f29d5bc, HEAD~162
2021-07-03 20:55:09,909 DEBUG                  - depth 1, hash af6aa5f, HEAD~179
2021-07-03 20:55:09,913 DEBUG                  - depth 2, hash 7d53113, HEAD~180
2021-07-03 20:55:09,917 DEBUG                  - depth 3, hash 14f16e2, HEAD~199
2021-07-03 20:55:09,921 DEBUG                  - depth 4, hash 1a4f690, HEAD~231
2021-07-03 20:55:09,925 DEBUG                  - depth 5, hash ad3489f, HEAD~278
2021-07-03 20:55:09,929 DEBUG                  - depth 6, hash 4a6c084, HEAD~460
2021-07-03 20:55:09,934 DEBUG                  - depth 7, hash 25c6ae1, HEAD~464
2021-07-03 20:55:09,938 DEBUG    [line range] com/google/gson/internal/ConstructorConstructor.java <init> 127:198
2021-07-03 20:55:09,985 DEBUG                  - depth 0, hash f29d5bc, HEAD~162
2021-07-03 20:55:09,991 DEBUG                  - depth 1, hash af6aa5f, HEAD~179
2021-07-03 20:55:09,995 DEBUG                  - depth 2, hash 7d53113, HEAD~180
2021-07-03 20:55:09,999 DEBUG                  - depth 3, hash 14f16e2, HEAD~199
2021-07-03 20:55:10,003 DEBUG                  - depth 4, hash 1a4f690, HEAD~231
2021-07-03 20:55:10,007 DEBUG                  - depth 5, hash ad3489f, HEAD~278
2021-07-03 20:55:10,011 DEBUG                  - depth 6, hash 4a6c084, HEAD~460
2021-07-03 20:55:10,016 DEBUG                  - depth 7, hash 25c6ae1, HEAD~464
2021-07-03 20:55:10,020 DEBUG    [line range] com/google/gson/internal/ConstructorConstructor.java construct 127:198
2021-07-03 20:55:10,068 DEBUG                  - depth 0, hash f29d5bc, HEAD~162
2021-07-03 20:55:10,073 DEBUG                  - depth 1, hash af6aa5f, HEAD~179
2021-07-03 20:55:10,077 DEBUG                  - depth 2, hash 7d53113, HEAD~180
2021-07-03 20:55:10,081 DEBUG                  - depth 3, hash 14f16e2, HEAD~199
2021-07-03 20:55:10,086 DEBUG                  - depth 4, hash 1a4f690, HEAD~231
2021-07-03 20:55:10,090 DEBUG                  - depth 5, hash ad3489f, HEAD~278
2021-07-03 20:55:10,094 DEBUG                  - depth 6, hash 4a6c084, HEAD~460
2021-07-03 20:55:10,098 DEBUG                  - depth 7, hash 25c6ae1, HEAD~464
2021-07-03 20:55:10,441 DEBUG    [line range] com/google/gson/internal/Excluder.java <clinit> 52:52
2021-07-03 20:55:10,488 DEBUG                  - depth 0, hash aa2f61b, HEAD~364
2021-07-03 20:55:10,493 DEBUG    [line range] com/google/gson/internal/Excluder.java <init> 54:54
2021-07-03 20:55:10,539 DEBUG                  - depth 0, hash aa2f61b, HEAD~364
2021-07-03 20:55:10,544 DEBUG    [single line]   com/google/gson/internal/Excluder.java clone 50
2021-07-03 20:55:10,590 DEBUG                  - depth 0, hash d7fbac0, HEAD~310
2021-07-03 20:55:10,595 DEBUG                  - depth 1, hash aa2f61b, HEAD~364
2021-07-03 20:55:10,600 DEBUG    [line range] com/google/gson/internal/Excluder.java create 111:147
2021-07-03 20:55:10,647 DEBUG                  - depth 0, hash 83e5a49, HEAD~264
2021-07-03 20:55:10,653 DEBUG                  - depth 1, hash 796a381, HEAD~291
2021-07-03 20:55:10,657 DEBUG                  - depth 2, hash ecdf915, HEAD~302
2021-07-03 20:55:10,661 DEBUG                  - depth 3, hash f602bce, HEAD~345
2021-07-03 20:55:10,665 DEBUG                  - depth 4, hash 26ab404, HEAD~349
2021-07-03 20:55:10,669 DEBUG                  - depth 5, hash aa2f61b, HEAD~364
2021-07-03 20:55:10,673 DEBUG    [line range] com/google/gson/internal/Excluder.java excludeClass 191:213
2021-07-03 20:55:10,720 DEBUG                  - depth 0, hash aa2f61b, HEAD~364
2021-07-03 20:55:10,725 DEBUG    [line range] com/google/gson/internal/Excluder.java isAnonymousOrLocal 215:218
2021-07-03 20:55:10,772 DEBUG                  - depth 0, hash aa2f61b, HEAD~364
2021-07-03 20:55:11,052 DEBUG    [single line]   com/google/gson/internal/JsonReaderInternalAccess.java <init> 25
2021-07-03 20:55:11,127 DEBUG                  - depth 0, hash 852cd72, HEAD~352
2021-07-03 20:55:11,448 DEBUG    [line range] com/google/gson/internal/bind/ArrayTypeAdapter.java <clinit> 39:52
2021-07-03 20:55:11,496 DEBUG                  - depth 0, hash e5b3f63, HEAD~2
2021-07-03 20:55:11,501 DEBUG                  - depth 1, hash d7fbac0, HEAD~310
2021-07-03 20:55:11,505 DEBUG                  - depth 2, hash 26ab404, HEAD~349
2021-07-03 20:55:11,509 DEBUG                  - depth 3, hash f777a19, HEAD~372
2021-07-03 20:55:11,514 DEBUG                  - depth 4, hash 7e76014, HEAD~379
2021-07-03 20:55:11,518 DEBUG                  - depth 5, hash 3196450, HEAD~404
2021-07-03 20:55:11,522 DEBUG                  - depth 6, hash 47a36fd, HEAD~425
2021-07-03 20:55:11,526 DEBUG                  - depth 7, hash 2780a2a, HEAD~452
2021-07-03 20:55:11,530 DEBUG                  - depth 8, hash 6e3bf07, HEAD~506
2021-07-03 20:55:11,534 DEBUG                  - depth 9, hash c6bef30, HEAD~533
2021-07-03 20:55:11,539 DEBUG    [line range] com/google/gson/internal/bind/ArrayTypeAdapter.java <init> 39:52
2021-07-03 20:55:11,586 DEBUG                  - depth 0, hash e5b3f63, HEAD~2
2021-07-03 20:55:11,591 DEBUG                  - depth 1, hash d7fbac0, HEAD~310
2021-07-03 20:55:11,595 DEBUG                  - depth 2, hash 26ab404, HEAD~349
2021-07-03 20:55:11,599 DEBUG                  - depth 3, hash f777a19, HEAD~372
2021-07-03 20:55:11,604 DEBUG                  - depth 4, hash 7e76014, HEAD~379
2021-07-03 20:55:11,608 DEBUG                  - depth 5, hash 3196450, HEAD~404
2021-07-03 20:55:11,612 DEBUG                  - depth 6, hash 47a36fd, HEAD~425
2021-07-03 20:55:11,616 DEBUG                  - depth 7, hash 2780a2a, HEAD~452
2021-07-03 20:55:11,620 DEBUG                  - depth 8, hash 6e3bf07, HEAD~506
2021-07-03 20:55:11,624 DEBUG                  - depth 9, hash c6bef30, HEAD~533
2021-07-03 20:55:11,628 DEBUG    [line range] com/google/gson/internal/bind/ArrayTypeAdapter.java create 39:52
2021-07-03 20:55:11,677 DEBUG                  - depth 0, hash e5b3f63, HEAD~2
2021-07-03 20:55:11,682 DEBUG                  - depth 1, hash d7fbac0, HEAD~310
2021-07-03 20:55:11,687 DEBUG                  - depth 2, hash 26ab404, HEAD~349
2021-07-03 20:55:11,691 DEBUG                  - depth 3, hash f777a19, HEAD~372
2021-07-03 20:55:11,695 DEBUG                  - depth 4, hash 7e76014, HEAD~379
2021-07-03 20:55:11,699 DEBUG                  - depth 5, hash 3196450, HEAD~404
2021-07-03 20:55:11,704 DEBUG                  - depth 6, hash 47a36fd, HEAD~425
2021-07-03 20:55:11,708 DEBUG                  - depth 7, hash 2780a2a, HEAD~452
2021-07-03 20:55:11,712 DEBUG                  - depth 8, hash 6e3bf07, HEAD~506
2021-07-03 20:55:11,716 DEBUG                  - depth 9, hash c6bef30, HEAD~533
2021-07-03 20:55:12,033 DEBUG    [line range] com/google/gson/internal/bind/CollectionTypeAdapterFactory.java <init> 39:41
2021-07-03 20:55:12,081 DEBUG                  - depth 0, hash 25c6ae1, HEAD~464
2021-07-03 20:55:12,087 DEBUG    [line range] com/google/gson/internal/bind/CollectionTypeAdapterFactory.java create 43:59
2021-07-03 20:55:12,135 DEBUG                  - depth 0, hash e5b3f63, HEAD~2
2021-07-03 20:55:12,140 DEBUG                  - depth 1, hash 6cca23c, HEAD~289
2021-07-03 20:55:12,145 DEBUG                  - depth 2, hash 26ab404, HEAD~349
2021-07-03 20:55:12,149 DEBUG                  - depth 3, hash 7e76014, HEAD~379
2021-07-03 20:55:12,153 DEBUG                  - depth 4, hash 3196450, HEAD~404
2021-07-03 20:55:12,157 DEBUG                  - depth 5, hash 25c6ae1, HEAD~464
2021-07-03 20:55:12,476 DEBUG    [line range] com/google/gson/internal/bind/DateTypeAdapter.java <clinit> 42:47
2021-07-03 20:55:12,523 DEBUG                  - depth 0, hash e5b3f63, HEAD~2
2021-07-03 20:55:12,528 DEBUG                  - depth 1, hash d7fbac0, HEAD~310
2021-07-03 20:55:12,533 DEBUG                  - depth 2, hash 26ab404, HEAD~349
2021-07-03 20:55:12,537 DEBUG                  - depth 3, hash 7e76014, HEAD~379
2021-07-03 20:55:12,541 DEBUG                  - depth 4, hash 3b3a60d, HEAD~443
2021-07-03 20:55:12,545 DEBUG    [line range] com/google/gson/internal/bind/DateTypeAdapter.java <init> 42:47
2021-07-03 20:55:12,592 DEBUG                  - depth 0, hash e5b3f63, HEAD~2
2021-07-03 20:55:12,598 DEBUG                  - depth 1, hash d7fbac0, HEAD~310
2021-07-03 20:55:12,602 DEBUG                  - depth 2, hash 26ab404, HEAD~349
2021-07-03 20:55:12,606 DEBUG                  - depth 3, hash 7e76014, HEAD~379
2021-07-03 20:55:12,611 DEBUG                  - depth 4, hash 3b3a60d, HEAD~443
2021-07-03 20:55:12,615 DEBUG    [line range] com/google/gson/internal/bind/DateTypeAdapter.java create 42:47
2021-07-03 20:55:12,662 DEBUG                  - depth 0, hash e5b3f63, HEAD~2
2021-07-03 20:55:12,668 DEBUG                  - depth 1, hash d7fbac0, HEAD~310
2021-07-03 20:55:12,672 DEBUG                  - depth 2, hash 26ab404, HEAD~349
2021-07-03 20:55:12,676 DEBUG                  - depth 3, hash 7e76014, HEAD~379
2021-07-03 20:55:12,680 DEBUG                  - depth 4, hash 3b3a60d, HEAD~443
2021-07-03 20:55:12,984 DEBUG    [line range] com/google/gson/internal/bind/JsonAdapterAnnotationTypeAdapterFactory.java <init> 36:38
2021-07-03 20:55:13,032 DEBUG                  - depth 0, hash edf6608, HEAD~136
2021-07-03 20:55:13,037 DEBUG                  - depth 1, hash 7f6a096, HEAD~137
2021-07-03 20:55:13,042 DEBUG                  - depth 2, hash 67d512e, HEAD~146
2021-07-03 20:55:13,403 DEBUG    [line range] com/google/gson/internal/bind/MapTypeAdapterFactory.java <init> 109:113
2021-07-03 20:55:13,451 DEBUG                  - depth 0, hash a98d6ea, HEAD~462
2021-07-03 20:55:13,457 DEBUG                  - depth 1, hash 25c6ae1, HEAD~464
2021-07-03 20:55:13,461 DEBUG    [line range] com/google/gson/internal/bind/MapTypeAdapterFactory.java create 115:134
2021-07-03 20:55:13,510 DEBUG                  - depth 0, hash e5b3f63, HEAD~2
2021-07-03 20:55:13,515 DEBUG                  - depth 1, hash 6cca23c, HEAD~289
2021-07-03 20:55:13,519 DEBUG                  - depth 2, hash 26ab404, HEAD~349
2021-07-03 20:55:13,524 DEBUG                  - depth 3, hash 7e76014, HEAD~379
2021-07-03 20:55:13,528 DEBUG                  - depth 4, hash 3196450, HEAD~404
2021-07-03 20:55:13,532 DEBUG                  - depth 5, hash 194c18d, HEAD~406
2021-07-03 20:55:13,536 DEBUG                  - depth 6, hash b2d5940, HEAD~442
2021-07-03 20:55:13,540 DEBUG                  - depth 7, hash a98d6ea, HEAD~462
2021-07-03 20:55:13,545 DEBUG                  - depth 8, hash 25c6ae1, HEAD~464
2021-07-03 20:55:13,549 DEBUG    [line range] com/google/gson/internal/bind/MapTypeAdapterFactory.java getKeyAdapter 139:143
2021-07-03 20:55:13,597 DEBUG                  - depth 0, hash 7e76014, HEAD~379
2021-07-03 20:55:13,603 DEBUG                  - depth 1, hash 194c18d, HEAD~406
2021-07-03 20:55:13,607 DEBUG    [line range] com/google/gson/internal/bind/MapTypeAdapterFactory.java <init> 150:158
2021-07-03 20:55:13,655 DEBUG                  - depth 0, hash 26016ca, HEAD~174
2021-07-03 20:55:13,661 DEBUG                  - depth 1, hash fd4fbe4, HEAD~196
2021-07-03 20:55:13,665 DEBUG                  - depth 2, hash 7e76014, HEAD~379
2021-07-03 20:55:13,669 DEBUG                  - depth 3, hash 38ce537, HEAD~415
2021-07-03 20:55:13,673 DEBUG                  - depth 4, hash b2d5940, HEAD~442
2021-07-03 20:55:13,678 DEBUG                  - depth 5, hash a98d6ea, HEAD~462
2021-07-03 20:55:13,682 DEBUG                  - depth 6, hash 25c6ae1, HEAD~464
2021-07-03 20:55:13,686 DEBUG    [line range] com/google/gson/internal/bind/MapTypeAdapterFactory.java read 160:196
2021-07-03 20:55:13,735 DEBUG                  - depth 0, hash e5b3f63, HEAD~2
2021-07-03 20:55:13,740 DEBUG                  - depth 1, hash af4879d, HEAD~193
2021-07-03 20:55:13,745 DEBUG                  - depth 2, hash fd4fbe4, HEAD~196
2021-07-03 20:55:13,749 DEBUG                  - depth 3, hash f602bce, HEAD~345
2021-07-03 20:55:13,753 DEBUG                  - depth 4, hash 852cd72, HEAD~352
2021-07-03 20:55:13,757 DEBUG                  - depth 5, hash 0e02cbb, HEAD~408
2021-07-03 20:55:13,761 DEBUG                  - depth 6, hash a98d6ea, HEAD~462
2021-07-03 20:55:13,766 DEBUG                  - depth 7, hash 25c6ae1, HEAD~464
2021-07-03 20:55:13,770 DEBUG    [single line]   com/google/gson/internal/bind/MapTypeAdapterFactory.java write 145
2021-07-03 20:55:13,818 DEBUG                  - depth 0, hash a98d6ea, HEAD~462
2021-07-03 20:55:13,824 DEBUG                  - depth 1, hash 25c6ae1, HEAD~464
2021-07-03 20:55:14,133 DEBUG    [line range] com/google/gson/internal/bind/ObjectTypeAdapter.java <clinit> 38:46
2021-07-03 20:55:14,180 DEBUG                  - depth 0, hash e5b3f63, HEAD~2
2021-07-03 20:55:14,186 DEBUG                  - depth 1, hash d7fbac0, HEAD~310
2021-07-03 20:55:14,190 DEBUG                  - depth 2, hash 26ab404, HEAD~349
2021-07-03 20:55:14,194 DEBUG                  - depth 3, hash 7e76014, HEAD~379
2021-07-03 20:55:14,198 DEBUG                  - depth 4, hash ea9c023, HEAD~485
2021-07-03 20:55:14,202 DEBUG                  - depth 5, hash 3aeb70e, HEAD~489
2021-07-03 20:55:14,207 DEBUG    [line range] com/google/gson/internal/bind/ObjectTypeAdapter.java <init> 38:46
2021-07-03 20:55:14,253 DEBUG                  - depth 0, hash e5b3f63, HEAD~2
2021-07-03 20:55:14,258 DEBUG                  - depth 1, hash d7fbac0, HEAD~310
2021-07-03 20:55:14,263 DEBUG                  - depth 2, hash 26ab404, HEAD~349
2021-07-03 20:55:14,267 DEBUG                  - depth 3, hash 7e76014, HEAD~379
2021-07-03 20:55:14,271 DEBUG                  - depth 4, hash ea9c023, HEAD~485
2021-07-03 20:55:14,275 DEBUG                  - depth 5, hash 3aeb70e, HEAD~489
2021-07-03 20:55:14,280 DEBUG    [line range] com/google/gson/internal/bind/ObjectTypeAdapter.java create 38:46
2021-07-03 20:55:14,327 DEBUG                  - depth 0, hash e5b3f63, HEAD~2
2021-07-03 20:55:14,333 DEBUG                  - depth 1, hash d7fbac0, HEAD~310
2021-07-03 20:55:14,337 DEBUG                  - depth 2, hash 26ab404, HEAD~349
2021-07-03 20:55:14,341 DEBUG                  - depth 3, hash 7e76014, HEAD~379
2021-07-03 20:55:14,345 DEBUG                  - depth 4, hash ea9c023, HEAD~485
2021-07-03 20:55:14,350 DEBUG                  - depth 5, hash 3aeb70e, HEAD~489
2021-07-03 20:55:14,711 DEBUG    [line range] com/google/gson/internal/bind/ReflectiveTypeAdapterFactory.java <init> 54:59
2021-07-03 20:55:14,761 DEBUG                  - depth 0, hash aa2f61b, HEAD~364
2021-07-03 20:55:14,766 DEBUG                  - depth 1, hash e23973a, HEAD~369
2021-07-03 20:55:14,770 DEBUG                  - depth 2, hash 25c6ae1, HEAD~464
2021-07-03 20:55:15,068 DEBUG    [line range] com/google/gson/internal/bind/SqlDateTypeAdapter.java <clinit> 39:45
2021-07-03 20:55:15,115 DEBUG                  - depth 0, hash e5b3f63, HEAD~2
2021-07-03 20:55:15,121 DEBUG                  - depth 1, hash d7fbac0, HEAD~310
2021-07-03 20:55:15,125 DEBUG                  - depth 2, hash 26ab404, HEAD~349
2021-07-03 20:55:15,129 DEBUG                  - depth 3, hash 7e76014, HEAD~379
2021-07-03 20:55:15,133 DEBUG                  - depth 4, hash 3f26144, HEAD~440
2021-07-03 20:55:15,138 DEBUG    [line range] com/google/gson/internal/bind/SqlDateTypeAdapter.java <init> 39:45
2021-07-03 20:55:15,185 DEBUG                  - depth 0, hash e5b3f63, HEAD~2
2021-07-03 20:55:15,191 DEBUG                  - depth 1, hash d7fbac0, HEAD~310
2021-07-03 20:55:15,195 DEBUG                  - depth 2, hash 26ab404, HEAD~349
2021-07-03 20:55:15,199 DEBUG                  - depth 3, hash 7e76014, HEAD~379
2021-07-03 20:55:15,204 DEBUG                  - depth 4, hash 3f26144, HEAD~440
2021-07-03 20:55:15,208 DEBUG    [line range] com/google/gson/internal/bind/SqlDateTypeAdapter.java create 39:45
2021-07-03 20:55:15,255 DEBUG                  - depth 0, hash e5b3f63, HEAD~2
2021-07-03 20:55:15,261 DEBUG                  - depth 1, hash d7fbac0, HEAD~310
2021-07-03 20:55:15,265 DEBUG                  - depth 2, hash 26ab404, HEAD~349
2021-07-03 20:55:15,270 DEBUG                  - depth 3, hash 7e76014, HEAD~379
2021-07-03 20:55:15,274 DEBUG                  - depth 4, hash 3f26144, HEAD~440
2021-07-03 20:55:15,590 DEBUG    [line range] com/google/gson/internal/bind/TimeTypeAdapter.java <clinit> 41:46
2021-07-03 20:55:15,637 DEBUG                  - depth 0, hash e5b3f63, HEAD~2
2021-07-03 20:55:15,642 DEBUG                  - depth 1, hash d7fbac0, HEAD~310
2021-07-03 20:55:15,647 DEBUG                  - depth 2, hash 26ab404, HEAD~349
2021-07-03 20:55:15,651 DEBUG                  - depth 3, hash 7e76014, HEAD~379
2021-07-03 20:55:15,655 DEBUG                  - depth 4, hash 3b3a60d, HEAD~443
2021-07-03 20:55:15,659 DEBUG    [line range] com/google/gson/internal/bind/TimeTypeAdapter.java <init> 41:46
2021-07-03 20:55:15,706 DEBUG                  - depth 0, hash e5b3f63, HEAD~2
2021-07-03 20:55:15,712 DEBUG                  - depth 1, hash d7fbac0, HEAD~310
2021-07-03 20:55:15,716 DEBUG                  - depth 2, hash 26ab404, HEAD~349
2021-07-03 20:55:15,720 DEBUG                  - depth 3, hash 7e76014, HEAD~379
2021-07-03 20:55:15,725 DEBUG                  - depth 4, hash 3b3a60d, HEAD~443
2021-07-03 20:55:15,729 DEBUG    [line range] com/google/gson/internal/bind/TimeTypeAdapter.java create 41:46
2021-07-03 20:55:15,776 DEBUG                  - depth 0, hash e5b3f63, HEAD~2
2021-07-03 20:55:15,782 DEBUG                  - depth 1, hash d7fbac0, HEAD~310
2021-07-03 20:55:15,786 DEBUG                  - depth 2, hash 26ab404, HEAD~349
2021-07-03 20:55:15,790 DEBUG                  - depth 3, hash 7e76014, HEAD~379
2021-07-03 20:55:15,794 DEBUG                  - depth 4, hash 3b3a60d, HEAD~443
2021-07-03 20:55:16,099 DEBUG    [line range] com/google/gson/internal/bind/TypeAdapterRuntimeTypeWrapper.java <init> 32:36
2021-07-03 20:55:16,146 DEBUG                  - depth 0, hash 7e76014, HEAD~379
2021-07-03 20:55:16,152 DEBUG                  - depth 1, hash ad5ff0f, HEAD~500
2021-07-03 20:55:16,156 DEBUG    [line range] com/google/gson/internal/bind/TypeAdapterRuntimeTypeWrapper.java read 38:41
2021-07-03 20:55:16,203 DEBUG                  - depth 0, hash f602bce, HEAD~345
2021-07-03 20:55:16,209 DEBUG                  - depth 1, hash ad5ff0f, HEAD~500
2021-07-03 20:55:16,642 DEBUG    [line range] com/google/gson/internal/bind/TypeAdapters.java <clinit> 61:82
2021-07-03 20:55:16,691 DEBUG                  - depth 0, hash 6a69c60, HEAD~182
2021-07-03 20:55:16,696 DEBUG                  - depth 1, hash dd86d63, HEAD~284
2021-07-03 20:55:16,701 DEBUG                  - depth 2, hash 82f18a2, HEAD~312
2021-07-03 20:55:16,705 DEBUG                  - depth 3, hash bd937fe, HEAD~313
2021-07-03 20:55:16,710 DEBUG    [line range] com/google/gson/internal/bind/TypeAdapters.java newFactory 777:788
2021-07-03 20:55:16,763 DEBUG                  - depth 0, hash e5b3f63, HEAD~2
2021-07-03 20:55:16,769 DEBUG                  - depth 1, hash d7fbac0, HEAD~310
2021-07-03 20:55:16,773 DEBUG                  - depth 2, hash 26ab404, HEAD~349
2021-07-03 20:55:16,777 DEBUG                  - depth 3, hash 7e76014, HEAD~379
2021-07-03 20:55:16,781 DEBUG                  - depth 4, hash 94d59b5, HEAD~400
2021-07-03 20:55:16,786 DEBUG                  - depth 5, hash c71e61c, HEAD~456
2021-07-03 20:55:16,790 DEBUG                  - depth 6, hash c5f1df1, HEAD~535
2021-07-03 20:55:16,794 DEBUG    [line range] com/google/gson/internal/bind/TypeAdapters.java newFactory 790:803
2021-07-03 20:55:16,847 DEBUG                  - depth 0, hash e5b3f63, HEAD~2
2021-07-03 20:55:16,852 DEBUG                  - depth 1, hash d7fbac0, HEAD~310
2021-07-03 20:55:16,856 DEBUG                  - depth 2, hash 26ab404, HEAD~349
2021-07-03 20:55:16,861 DEBUG                  - depth 3, hash 7e76014, HEAD~379
2021-07-03 20:55:16,865 DEBUG                  - depth 4, hash 94d59b5, HEAD~400
2021-07-03 20:55:16,869 DEBUG                  - depth 5, hash c71e61c, HEAD~456
2021-07-03 20:55:16,873 DEBUG                  - depth 6, hash 9db0c53, HEAD~482
2021-07-03 20:55:16,877 DEBUG                  - depth 7, hash aa06705, HEAD~507
2021-07-03 20:55:16,881 DEBUG                  - depth 8, hash c5f1df1, HEAD~535
2021-07-03 20:55:16,886 DEBUG    [line range] com/google/gson/internal/bind/TypeAdapters.java newFactoryForMultipleTypes 805:818
2021-07-03 20:55:16,936 DEBUG                  - depth 0, hash e5b3f63, HEAD~2
2021-07-03 20:55:16,942 DEBUG                  - depth 1, hash d7fbac0, HEAD~310
2021-07-03 20:55:16,946 DEBUG                  - depth 2, hash 26ab404, HEAD~349
2021-07-03 20:55:16,950 DEBUG                  - depth 3, hash 7e76014, HEAD~379
2021-07-03 20:55:16,954 DEBUG                  - depth 4, hash 94d59b5, HEAD~400
2021-07-03 20:55:16,959 DEBUG                  - depth 5, hash d20df34, HEAD~450
2021-07-03 20:55:16,963 DEBUG    [line range] com/google/gson/internal/bind/TypeAdapters.java newTypeHierarchyFactory 824:852
2021-07-03 20:55:17,016 DEBUG                  - depth 0, hash e5b3f63, HEAD~2
2021-07-03 20:55:17,021 DEBUG                  - depth 1, hash 7d1973e, HEAD~6
2021-07-03 20:55:17,026 DEBUG                  - depth 2, hash d7fbac0, HEAD~310
2021-07-03 20:55:17,030 DEBUG                  - depth 3, hash 26ab404, HEAD~349
2021-07-03 20:55:17,034 DEBUG                  - depth 4, hash 7e76014, HEAD~379
2021-07-03 20:55:17,038 DEBUG                  - depth 5, hash 94d59b5, HEAD~400
2021-07-03 20:55:17,042 DEBUG                  - depth 6, hash c71e61c, HEAD~456
2021-07-03 20:55:17,046 DEBUG                  - depth 7, hash ea9c023, HEAD~485
2021-07-03 20:55:17,051 DEBUG                  - depth 8, hash c5f1df1, HEAD~535
2021-07-03 20:55:17,055 DEBUG    [line range] com/google/gson/internal/bind/TypeAdapters.java write 61:82
2021-07-03 20:55:17,104 DEBUG                  - depth 0, hash 6a69c60, HEAD~182
2021-07-03 20:55:17,110 DEBUG                  - depth 1, hash dd86d63, HEAD~284
2021-07-03 20:55:17,114 DEBUG                  - depth 2, hash 82f18a2, HEAD~312
2021-07-03 20:55:17,118 DEBUG                  - depth 3, hash bd937fe, HEAD~313
2021-07-03 20:55:17,123 DEBUG    [line range] com/google/gson/internal/bind/TypeAdapters.java read 347:365
2021-07-03 20:55:17,176 DEBUG                  - depth 0, hash f602bce, HEAD~345
2021-07-03 20:55:17,181 DEBUG                  - depth 1, hash 0e02cbb, HEAD~408
2021-07-03 20:55:17,185 DEBUG                  - depth 2, hash b90b43e, HEAD~458
2021-07-03 20:55:17,190 DEBUG                  - depth 3, hash 25c6ae1, HEAD~464
2021-07-03 20:55:17,194 DEBUG                  - depth 4, hash 4f6a36d, HEAD~487
2021-07-03 20:55:17,198 DEBUG                  - depth 5, hash c5f1df1, HEAD~535
2021-07-03 20:55:17,203 DEBUG    [line range] com/google/gson/internal/bind/TypeAdapters.java <init> 517:536
2021-07-03 20:55:17,255 DEBUG                  - depth 0, hash e5b3f63, HEAD~2
2021-07-03 20:55:17,260 DEBUG                  - depth 1, hash d7fbac0, HEAD~310
2021-07-03 20:55:17,265 DEBUG                  - depth 2, hash f602bce, HEAD~345
2021-07-03 20:55:17,269 DEBUG                  - depth 3, hash 26ab404, HEAD~349
2021-07-03 20:55:17,273 DEBUG                  - depth 4, hash 7e76014, HEAD~379
2021-07-03 20:55:17,277 DEBUG                  - depth 5, hash 5db4cae, HEAD~409
2021-07-03 20:55:17,282 DEBUG                  - depth 6, hash 3f26144, HEAD~440
2021-07-03 20:55:17,286 DEBUG                  - depth 7, hash c1bac6d, HEAD~445
2021-07-03 20:55:17,290 DEBUG                  - depth 8, hash 81854db, HEAD~446
2021-07-03 20:55:17,294 DEBUG                  - depth 9, hash 8217aca, HEAD~449
2021-07-03 20:55:17,298 DEBUG    [line range] com/google/gson/internal/bind/TypeAdapters.java create 517:536
2021-07-03 20:55:17,349 DEBUG                  - depth 0, hash e5b3f63, HEAD~2
2021-07-03 20:55:17,354 DEBUG                  - depth 1, hash d7fbac0, HEAD~310
2021-07-03 20:55:17,359 DEBUG                  - depth 2, hash f602bce, HEAD~345
2021-07-03 20:55:17,363 DEBUG                  - depth 3, hash 26ab404, HEAD~349
2021-07-03 20:55:17,367 DEBUG                  - depth 4, hash 7e76014, HEAD~379
2021-07-03 20:55:17,372 DEBUG                  - depth 5, hash 5db4cae, HEAD~409
2021-07-03 20:55:17,376 DEBUG                  - depth 6, hash 3f26144, HEAD~440
2021-07-03 20:55:17,380 DEBUG                  - depth 7, hash c1bac6d, HEAD~445
2021-07-03 20:55:17,384 DEBUG                  - depth 8, hash 81854db, HEAD~446
2021-07-03 20:55:17,388 DEBUG                  - depth 9, hash 8217aca, HEAD~449
2021-07-03 20:55:17,393 DEBUG    [line range] com/google/gson/internal/bind/TypeAdapters.java <init> 777:788
2021-07-03 20:55:17,446 DEBUG                  - depth 0, hash e5b3f63, HEAD~2
2021-07-03 20:55:17,452 DEBUG                  - depth 1, hash d7fbac0, HEAD~310
2021-07-03 20:55:17,456 DEBUG                  - depth 2, hash 26ab404, HEAD~349
2021-07-03 20:55:17,460 DEBUG                  - depth 3, hash 7e76014, HEAD~379
2021-07-03 20:55:17,464 DEBUG                  - depth 4, hash 94d59b5, HEAD~400
2021-07-03 20:55:17,468 DEBUG                  - depth 5, hash c71e61c, HEAD~456
2021-07-03 20:55:17,473 DEBUG                  - depth 6, hash c5f1df1, HEAD~535
2021-07-03 20:55:17,477 DEBUG    [line range] com/google/gson/internal/bind/TypeAdapters.java <init> 790:803
2021-07-03 20:55:17,530 DEBUG                  - depth 0, hash e5b3f63, HEAD~2
2021-07-03 20:55:17,536 DEBUG                  - depth 1, hash d7fbac0, HEAD~310
2021-07-03 20:55:17,540 DEBUG                  - depth 2, hash 26ab404, HEAD~349
2021-07-03 20:55:17,544 DEBUG                  - depth 3, hash 7e76014, HEAD~379
2021-07-03 20:55:17,548 DEBUG                  - depth 4, hash 94d59b5, HEAD~400
2021-07-03 20:55:17,553 DEBUG                  - depth 5, hash c71e61c, HEAD~456
2021-07-03 20:55:17,557 DEBUG                  - depth 6, hash 9db0c53, HEAD~482
2021-07-03 20:55:17,561 DEBUG                  - depth 7, hash aa06705, HEAD~507
2021-07-03 20:55:17,565 DEBUG                  - depth 8, hash c5f1df1, HEAD~535
2021-07-03 20:55:17,570 DEBUG    [line range] com/google/gson/internal/bind/TypeAdapters.java read 232:249
2021-07-03 20:55:17,621 DEBUG                  - depth 0, hash f602bce, HEAD~345
2021-07-03 20:55:17,627 DEBUG                  - depth 1, hash 0e02cbb, HEAD~408
2021-07-03 20:55:17,631 DEBUG                  - depth 2, hash b90b43e, HEAD~458
2021-07-03 20:55:17,635 DEBUG                  - depth 3, hash f3c0a96, HEAD~475
2021-07-03 20:55:17,640 DEBUG                  - depth 4, hash e19672d, HEAD~480
2021-07-03 20:55:17,644 DEBUG                  - depth 5, hash 9db0c53, HEAD~482
2021-07-03 20:55:17,648 DEBUG                  - depth 6, hash c5f1df1, HEAD~535
2021-07-03 20:55:18,009 DEBUG    [line range] com/google/gson/reflect/TypeToken.java <init> 60:65
2021-07-03 20:55:18,082 DEBUG                  - depth 0, hash c8bd121, HEAD~610
2021-07-03 20:55:18,088 DEBUG                  - depth 1, hash 4efb133, HEAD~633
2021-07-03 20:55:18,092 DEBUG                  - depth 2, hash d1ddab2, HEAD~701
2021-07-03 20:55:18,096 DEBUG                  - depth 3, hash 57d1f32, HEAD~1119
2021-07-03 20:55:18,101 DEBUG    [line range] com/google/gson/reflect/TypeToken.java <init> 70:75
2021-07-03 20:55:18,149 DEBUG                  - depth 0, hash c8bd121, HEAD~610
2021-07-03 20:55:18,155 DEBUG                  - depth 1, hash 4efb133, HEAD~633
2021-07-03 20:55:18,159 DEBUG                  - depth 2, hash 5e74dab, HEAD~634
2021-07-03 20:55:18,164 DEBUG                  - depth 3, hash d1ddab2, HEAD~701
2021-07-03 20:55:18,168 DEBUG                  - depth 4, hash 57d1f32, HEAD~1119
2021-07-03 20:55:18,172 DEBUG    [line range] com/google/gson/reflect/TypeToken.java get 295:297
2021-07-03 20:55:18,220 DEBUG                  - depth 0, hash d1ddab2, HEAD~701
2021-07-03 20:55:18,226 DEBUG                  - depth 1, hash 57d1f32, HEAD~1119
2021-07-03 20:55:18,230 DEBUG    [line range] com/google/gson/reflect/TypeToken.java getRawType 93:95
2021-07-03 20:55:18,277 DEBUG                  - depth 0, hash d1ddab2, HEAD~701
2021-07-03 20:55:18,283 DEBUG                  - depth 1, hash 57d1f32, HEAD~1119
2021-07-03 20:55:18,287 DEBUG    [line range] com/google/gson/reflect/TypeToken.java getSuperclassTypeParameter 81:88
2021-07-03 20:55:18,335 DEBUG                  - depth 0, hash c8bd121, HEAD~610
2021-07-03 20:55:18,341 DEBUG                  - depth 1, hash 4efb133, HEAD~633
2021-07-03 20:55:18,345 DEBUG                  - depth 2, hash d1ddab2, HEAD~701
2021-07-03 20:55:18,350 DEBUG                  - depth 3, hash 3b0f8f4, HEAD~928
2021-07-03 20:55:18,354 DEBUG                  - depth 4, hash 57d1f32, HEAD~1119
2021-07-03 20:55:18,358 DEBUG    [line range] com/google/gson/reflect/TypeToken.java getType 100:102
2021-07-03 20:55:18,406 DEBUG                  - depth 0, hash d1ddab2, HEAD~701
2021-07-03 20:55:18,412 DEBUG                  - depth 1, hash 57d1f32, HEAD~1119
2021-07-03 20:55:18,416 DEBUG    [line range] com/google/gson/reflect/TypeToken.java hashCode 279:281
2021-07-03 20:55:18,464 DEBUG                  - depth 0, hash d1ddab2, HEAD~701
2021-07-03 20:55:18,982 DEBUG    [line range] com/google/gson/stream/JsonReader.java <clinit> 192:192
2021-07-03 20:55:19,033 DEBUG                  - depth 0, hash b96d2d9, HEAD~226
2021-07-03 20:55:19,039 DEBUG    [line range] com/google/gson/stream/JsonReader.java <init> 230:230
2021-07-03 20:55:19,090 DEBUG                  - depth 0, hash 46b4346, HEAD~228
2021-07-03 20:55:19,096 DEBUG    [single line]   com/google/gson/stream/JsonReader.java access$300 190
2021-07-03 20:55:19,147 DEBUG                  - depth 0, hash e7bfd0c, HEAD~224
2021-07-03 20:55:19,153 DEBUG                  - depth 1, hash 46b4346, HEAD~228
2021-07-03 20:55:19,158 DEBUG    [line range] com/google/gson/stream/JsonReader.java beginObject 378:390
2021-07-03 20:55:19,209 DEBUG                  - depth 0, hash fbc7e69, HEAD~125
2021-07-03 20:55:19,214 DEBUG                  - depth 1, hash 46b4346, HEAD~228
2021-07-03 20:55:19,219 DEBUG    [line range] com/google/gson/stream/JsonReader.java consumeNonExecutePrefix 1580:1597
2021-07-03 20:55:19,271 DEBUG                  - depth 0, hash b96d2d9, HEAD~226
2021-07-03 20:55:19,277 DEBUG    [line range] com/google/gson/stream/JsonReader.java doPeek 465:606
2021-07-03 20:55:19,329 DEBUG                  - depth 0, hash 085856c, HEAD~223
2021-07-03 20:55:19,334 DEBUG                  - depth 1, hash b96d2d9, HEAD~226
2021-07-03 20:55:19,339 DEBUG                  - depth 2, hash 46b4346, HEAD~228
2021-07-03 20:55:19,344 DEBUG    [line range] com/google/gson/stream/JsonReader.java endObject 396:410
2021-07-03 20:55:19,396 DEBUG                  - depth 0, hash d6c8c1e, HEAD~109
2021-07-03 20:55:19,401 DEBUG                  - depth 1, hash fbc7e69, HEAD~125
2021-07-03 20:55:19,406 DEBUG                  - depth 2, hash 46b4346, HEAD~228
2021-07-03 20:55:19,410 DEBUG    [line range] com/google/gson/stream/JsonReader.java fillBuffer 1288:1315
2021-07-03 20:55:19,463 DEBUG                  - depth 0, hash 8daf3aa, HEAD~215
2021-07-03 20:55:19,469 DEBUG                  - depth 1, hash 46b7363, HEAD~216
2021-07-03 20:55:19,473 DEBUG                  - depth 2, hash 46b4346, HEAD~228
2021-07-03 20:55:19,478 DEBUG    [line range] com/google/gson/stream/JsonReader.java hasNext 415:421
2021-07-03 20:55:19,529 DEBUG                  - depth 0, hash 46b4346, HEAD~228
2021-07-03 20:55:19,535 DEBUG    [line range] com/google/gson/stream/JsonReader.java isLenient 332:334
2021-07-03 20:55:19,586 DEBUG                  - depth 0, hash 46b4346, HEAD~228
2021-07-03 20:55:19,591 DEBUG    [line range] com/google/gson/stream/JsonReader.java nextInt 1168:1215
2021-07-03 20:55:19,643 DEBUG                  - depth 0, hash fbc7e69, HEAD~125
2021-07-03 20:55:19,649 DEBUG                  - depth 1, hash 3920d95, HEAD~214
2021-07-03 20:55:19,653 DEBUG                  - depth 2, hash 085856c, HEAD~223
2021-07-03 20:55:19,657 DEBUG                  - depth 3, hash 46b4346, HEAD~228
2021-07-03 20:55:19,662 DEBUG    [line range] com/google/gson/stream/JsonReader.java nextNonWhitespace 1331:1419
2021-07-03 20:55:19,714 DEBUG                  - depth 0, hash 8daf3aa, HEAD~215
2021-07-03 20:55:19,720 DEBUG                  - depth 1, hash bdf2cac, HEAD~218
2021-07-03 20:55:19,724 DEBUG                  - depth 2, hash 46b4346, HEAD~228
2021-07-03 20:55:19,729 DEBUG    [line range] com/google/gson/stream/JsonReader.java nextQuotedValue 999:1034
2021-07-03 20:55:19,782 DEBUG                  - depth 0, hash 70f9280, HEAD~175
2021-07-03 20:55:19,788 DEBUG                  - depth 1, hash 084047d, HEAD~207
2021-07-03 20:55:19,792 DEBUG                  - depth 2, hash 8daf3aa, HEAD~215
2021-07-03 20:55:19,796 DEBUG                  - depth 3, hash 9807960, HEAD~217
2021-07-03 20:55:19,801 DEBUG                  - depth 4, hash c7cb503, HEAD~222
2021-07-03 20:55:19,805 DEBUG                  - depth 5, hash 46b4346, HEAD~228
2021-07-03 20:55:19,810 DEBUG    [line range] com/google/gson/stream/JsonReader.java nextString 816:843
2021-07-03 20:55:19,862 DEBUG                  - depth 0, hash fbc7e69, HEAD~125
2021-07-03 20:55:19,868 DEBUG                  - depth 1, hash 3920d95, HEAD~214
2021-07-03 20:55:19,872 DEBUG                  - depth 2, hash 085856c, HEAD~223
2021-07-03 20:55:19,877 DEBUG                  - depth 3, hash 46b4346, HEAD~228
2021-07-03 20:55:19,881 DEBUG    [line range] com/google/gson/stream/JsonReader.java peek 426:463
2021-07-03 20:55:19,932 DEBUG                  - depth 0, hash 3920d95, HEAD~214
2021-07-03 20:55:19,938 DEBUG                  - depth 1, hash 085856c, HEAD~223
2021-07-03 20:55:19,942 DEBUG                  - depth 2, hash 46b4346, HEAD~228
2021-07-03 20:55:19,947 DEBUG    [line range] com/google/gson/stream/JsonReader.java push 1268:1281
2021-07-03 20:55:19,998 DEBUG                  - depth 0, hash fbc7e69, HEAD~125
2021-07-03 20:55:20,004 DEBUG                  - depth 1, hash 46b4346, HEAD~228
2021-07-03 20:55:20,008 DEBUG    [line range] com/google/gson/stream/JsonReader.java setLenient 325:327
2021-07-03 20:55:20,059 DEBUG                  - depth 0, hash 46b4346, HEAD~228
2021-07-03 20:55:20,065 DEBUG    [single line]   com/google/gson/stream/JsonReader.java <init> 1600
2021-07-03 20:55:20,116 DEBUG                  - depth 0, hash 46b4346, HEAD~228
2021-07-03 20:55:20,122 DEBUG    [line range] com/google/gson/stream/JsonReader.java promoteNameToValue 1601:1621
2021-07-03 20:55:20,173 DEBUG                  - depth 0, hash fbc7e69, HEAD~125
2021-07-03 20:55:20,178 DEBUG                  - depth 1, hash 46b4346, HEAD~228
2021-07-03 20:55:20,450 DEBUG    [single line]   com/google/gson/stream/JsonToken.java <clinit> 25
2021-07-03 20:55:20,496 DEBUG                  - depth 0, hash 765a9f1, HEAD~808
2021-07-03 20:55:20,502 DEBUG    [single line]   com/google/gson/stream/JsonToken.java <clinit> 31
2021-07-03 20:55:20,547 DEBUG                  - depth 0, hash 765a9f1, HEAD~808
2021-07-03 20:55:20,553 DEBUG    [single line]   com/google/gson/stream/JsonToken.java <clinit> 37
2021-07-03 20:55:20,599 DEBUG                  - depth 0, hash 765a9f1, HEAD~808
2021-07-03 20:55:20,604 DEBUG    [single line]   com/google/gson/stream/JsonToken.java <clinit> 43
2021-07-03 20:55:20,651 DEBUG                  - depth 0, hash 765a9f1, HEAD~808
2021-07-03 20:55:20,657 DEBUG    [single line]   com/google/gson/stream/JsonToken.java <clinit> 49
2021-07-03 20:55:20,705 DEBUG                  - depth 0, hash 765a9f1, HEAD~808
2021-07-03 20:55:20,711 DEBUG    [single line]   com/google/gson/stream/JsonToken.java <clinit> 56
2021-07-03 20:55:20,756 DEBUG                  - depth 0, hash 765a9f1, HEAD~808
2021-07-03 20:55:20,762 DEBUG    [single line]   com/google/gson/stream/JsonToken.java <clinit> 61
2021-07-03 20:55:20,807 DEBUG                  - depth 0, hash 765a9f1, HEAD~808
2021-07-03 20:55:20,813 DEBUG    [single line]   com/google/gson/stream/JsonToken.java <clinit> 67
2021-07-03 20:55:20,859 DEBUG                  - depth 0, hash 765a9f1, HEAD~808
2021-07-03 20:55:20,865 DEBUG    [single line]   com/google/gson/stream/JsonToken.java <clinit> 72
2021-07-03 20:55:20,911 DEBUG                  - depth 0, hash 765a9f1, HEAD~808
2021-07-03 20:55:20,916 DEBUG    [single line]   com/google/gson/stream/JsonToken.java <clinit> 77
2021-07-03 20:55:20,962 DEBUG                  - depth 0, hash 765a9f1, HEAD~808
2021-07-03 20:55:20,968 DEBUG    [single line]   com/google/gson/stream/JsonToken.java <clinit> 84
2021-07-03 20:55:21,013 DEBUG                  - depth 0, hash 765a9f1, HEAD~808
2021-07-03 20:55:21,019 INFO     The number of BIC candidates: 140
