2021-07-03 21:01:11,402 INFO     Search BICs for /tmp/Gson-15b/
2021-07-03 21:01:11,402 DEBUG    Reading the coverage of com.google.gson.stream.JsonWriterTest::testNonFiniteDoublesWhenLenient (failings)
2021-07-03 21:01:11,404 INFO     Loaded 1x49 Coverage Matrix
2021-07-03 21:01:11,404 INFO     The number of total commits: 1353
2021-07-03 21:01:11,763 DEBUG    [single line]   com/google/gson/stream/JsonWriter.java <clinit> 145
2021-07-03 21:01:11,814 DEBUG                  - depth 0, hash a991e54, HEAD~502
2021-07-03 21:01:11,820 DEBUG    [single line]   com/google/gson/stream/JsonWriter.java <clinit> 146
2021-07-03 21:01:11,871 DEBUG                  - depth 0, hash a991e54, HEAD~502
2021-07-03 21:01:11,876 DEBUG    [single line]   com/google/gson/stream/JsonWriter.java <clinit> 147
2021-07-03 21:01:11,927 DEBUG                  - depth 0, hash a991e54, HEAD~502
2021-07-03 21:01:11,932 DEBUG    [single line]   com/google/gson/stream/JsonWriter.java <clinit> 149
2021-07-03 21:01:11,983 DEBUG                  - depth 0, hash a991e54, HEAD~502
2021-07-03 21:01:11,988 DEBUG    [single line]   com/google/gson/stream/JsonWriter.java <clinit> 150
2021-07-03 21:01:12,039 DEBUG                  - depth 0, hash a991e54, HEAD~502
2021-07-03 21:01:12,045 DEBUG    [single line]   com/google/gson/stream/JsonWriter.java <clinit> 151
2021-07-03 21:01:12,095 DEBUG                  - depth 0, hash a991e54, HEAD~502
2021-07-03 21:01:12,100 DEBUG    [single line]   com/google/gson/stream/JsonWriter.java <clinit> 152
2021-07-03 21:01:12,151 DEBUG                  - depth 0, hash a991e54, HEAD~502
2021-07-03 21:01:12,156 DEBUG    [single line]   com/google/gson/stream/JsonWriter.java <clinit> 153
2021-07-03 21:01:12,207 DEBUG                  - depth 0, hash a991e54, HEAD~502
2021-07-03 21:01:12,212 DEBUG    [single line]   com/google/gson/stream/JsonWriter.java <clinit> 154
2021-07-03 21:01:12,263 DEBUG                  - depth 0, hash a991e54, HEAD~502
2021-07-03 21:01:12,268 DEBUG    [single line]   com/google/gson/stream/JsonWriter.java <clinit> 155
2021-07-03 21:01:12,319 DEBUG                  - depth 0, hash a991e54, HEAD~502
2021-07-03 21:01:12,324 DEBUG    [single line]   com/google/gson/stream/JsonWriter.java <clinit> 156
2021-07-03 21:01:12,375 DEBUG                  - depth 0, hash a991e54, HEAD~502
2021-07-03 21:01:12,380 DEBUG    [single line]   com/google/gson/stream/JsonWriter.java <clinit> 157
2021-07-03 21:01:12,430 DEBUG                  - depth 0, hash a991e54, HEAD~502
2021-07-03 21:01:12,436 DEBUG    [single line]   com/google/gson/stream/JsonWriter.java <clinit> 158
2021-07-03 21:01:12,486 DEBUG                  - depth 0, hash a991e54, HEAD~502
2021-07-03 21:01:12,491 DEBUG    [single line]   com/google/gson/stream/JsonWriter.java <clinit> 159
2021-07-03 21:01:12,542 DEBUG                  - depth 0, hash a991e54, HEAD~502
2021-07-03 21:01:12,547 DEBUG    [single line]   com/google/gson/stream/JsonWriter.java <clinit> 160
2021-07-03 21:01:12,598 DEBUG                  - depth 0, hash a991e54, HEAD~502
2021-07-03 21:01:12,603 DEBUG    [single line]   com/google/gson/stream/JsonWriter.java <clinit> 161
2021-07-03 21:01:12,653 DEBUG                  - depth 0, hash a991e54, HEAD~502
2021-07-03 21:01:12,659 DEBUG    [single line]   com/google/gson/stream/JsonWriter.java <clinit> 162
2021-07-03 21:01:12,710 DEBUG                  - depth 0, hash a991e54, HEAD~502
2021-07-03 21:01:12,716 DEBUG    [line range] com/google/gson/stream/JsonWriter.java <init> 167:167
2021-07-03 21:01:12,768 DEBUG                  - depth 0, hash 35c1317, HEAD~465
2021-07-03 21:01:12,773 DEBUG                  - depth 1, hash 765a9f1, HEAD~1041
2021-07-03 21:01:12,777 DEBUG    [line range] com/google/gson/stream/JsonWriter.java beforeValue 627:658
2021-07-03 21:01:12,831 DEBUG                  - depth 0, hash c8627c8, HEAD~169
2021-07-03 21:01:12,836 DEBUG                  - depth 1, hash 35c1317, HEAD~465
2021-07-03 21:01:12,840 DEBUG                  - depth 2, hash 2c8bec2, HEAD~513
2021-07-03 21:01:12,844 DEBUG                  - depth 3, hash 486820f, HEAD~1034
2021-07-03 21:01:12,848 DEBUG                  - depth 4, hash 765a9f1, HEAD~1041
2021-07-03 21:01:12,852 DEBUG    [line range] com/google/gson/stream/JsonWriter.java beginArray 286:289
2021-07-03 21:01:12,904 DEBUG                  - depth 0, hash 35c1317, HEAD~465
2021-07-03 21:01:12,909 DEBUG                  - depth 1, hash bb7f0b6, HEAD~660
2021-07-03 21:01:12,913 DEBUG                  - depth 2, hash 765a9f1, HEAD~1041
2021-07-03 21:01:12,917 DEBUG    [line range] com/google/gson/stream/JsonWriter.java open 324:329
2021-07-03 21:01:12,970 DEBUG                  - depth 0, hash c8627c8, HEAD~169
2021-07-03 21:01:12,975 DEBUG                  - depth 1, hash 35c1317, HEAD~465
2021-07-03 21:01:12,979 DEBUG                  - depth 2, hash 765a9f1, HEAD~1041
2021-07-03 21:01:12,983 DEBUG    [line range] com/google/gson/stream/JsonWriter.java peek 365:370
2021-07-03 21:01:13,035 DEBUG                  - depth 0, hash 35c1317, HEAD~465
2021-07-03 21:01:13,041 DEBUG                  - depth 1, hash 2c8bec2, HEAD~513
2021-07-03 21:01:13,045 DEBUG                  - depth 2, hash 765a9f1, HEAD~1041
2021-07-03 21:01:13,049 DEBUG    [line range] com/google/gson/stream/JsonWriter.java push 353:360
2021-07-03 21:01:13,099 DEBUG                  - depth 0, hash 35c1317, HEAD~465
2021-07-03 21:01:13,105 DEBUG    [line range] com/google/gson/stream/JsonWriter.java replaceTop 375:377
2021-07-03 21:01:13,158 DEBUG                  - depth 0, hash 35c1317, HEAD~465
2021-07-03 21:01:13,164 DEBUG                  - depth 1, hash 765a9f1, HEAD~1041
2021-07-03 21:01:13,168 DEBUG    [line range] com/google/gson/stream/JsonWriter.java setLenient 234:236
2021-07-03 21:01:13,221 DEBUG                  - depth 0, hash d26c818, HEAD~662
2021-07-03 21:01:13,227 DEBUG                  - depth 1, hash 486820f, HEAD~1034
2021-07-03 21:01:13,231 DEBUG    [line range] com/google/gson/stream/JsonWriter.java value 493:501
2021-07-03 21:01:13,283 DEBUG                  - depth 0, hash c8627c8, HEAD~169
2021-07-03 21:01:13,289 DEBUG                  - depth 1, hash bb7f0b6, HEAD~660
2021-07-03 21:01:13,293 DEBUG                  - depth 2, hash 765a9f1, HEAD~1041
2021-07-03 21:01:13,297 DEBUG    [line range] com/google/gson/stream/JsonWriter.java writeDeferredName 399:405
2021-07-03 21:01:13,348 DEBUG                  - depth 0, hash bb7f0b6, HEAD~660
2021-07-03 21:01:13,353 INFO     The number of BIC candidates: 8
