2021-07-03 21:12:22,112 INFO     Search BICs for /tmp/JacksonCore-21b/
2021-07-03 21:12:22,112 DEBUG    Reading the coverage of com.fasterxml.jackson.core.filter.TokenVerifyingParserFiltering330Test::testSkippingForSingleWithPath (failings)
2021-07-03 21:12:22,216 DEBUG    Reading the coverage of com.fasterxml.jackson.core.filter.TokenVerifyingParserFiltering330Test::testBasicSingleMatchFilteringWithPath (failings)
2021-07-03 21:12:22,334 DEBUG    Reading the coverage of com.fasterxml.jackson.core.filter.TokenVerifyingParserFiltering330Test::testTokensSingleMatchWithPath (failings)
2021-07-03 21:12:22,435 INFO     Loaded 3x1015 Coverage Matrix
2021-07-03 21:12:22,436 INFO     The number of total commits: 1250
2021-07-03 21:12:22,899 DEBUG    [line range] com/fasterxml/jackson/core/JsonFactory.java <clinit> 163:163
2021-07-03 21:12:22,950 DEBUG                  - depth 0, hash 7b796a8, HEAD~1007
2021-07-03 21:12:22,956 DEBUG                  - depth 1, hash 0735190, HEAD~1218
2021-07-03 21:12:22,961 DEBUG    [line range] com/fasterxml/jackson/core/JsonFactory.java <init> 285:285
2021-07-03 21:12:23,013 DEBUG                  - depth 0, hash 2bba5dd, HEAD~856
2021-07-03 21:12:23,018 DEBUG                  - depth 1, hash 7b796a8, HEAD~1007
2021-07-03 21:12:23,022 DEBUG                  - depth 2, hash f15531c, HEAD~1244
2021-07-03 21:12:23,027 DEBUG    [line range] com/fasterxml/jackson/core/JsonFactory.java <init> 198:198
2021-07-03 21:12:23,079 DEBUG                  - depth 0, hash 95f76a4, HEAD~1102
2021-07-03 21:12:23,085 DEBUG                  - depth 1, hash f15531c, HEAD~1244
2021-07-03 21:12:23,089 DEBUG    [line range] com/fasterxml/jackson/core/JsonFactory.java <init> 287:287
2021-07-03 21:12:23,142 DEBUG                  - depth 0, hash f15531c, HEAD~1244
2021-07-03 21:12:23,148 DEBUG    [line range] com/fasterxml/jackson/core/JsonFactory.java _createContext 1557:1559
2021-07-03 21:12:23,195 DEBUG                  - depth 0, hash 896000f, HEAD~827
2021-07-03 21:12:23,200 DEBUG    [line range] com/fasterxml/jackson/core/JsonFactory.java _createParser 1345:1350
2021-07-03 21:12:23,248 DEBUG                  - depth 0, hash 0541b3b, HEAD~741
2021-07-03 21:12:23,253 DEBUG                  - depth 1, hash 475a99b, HEAD~814
2021-07-03 21:12:23,257 DEBUG                  - depth 2, hash 64aa9d2, HEAD~829
2021-07-03 21:12:23,261 DEBUG    [line range] com/fasterxml/jackson/core/JsonFactory.java _getBufferRecycler 1534:1551
2021-07-03 21:12:23,314 DEBUG                  - depth 0, hash ddec51c, HEAD~62
2021-07-03 21:12:23,320 DEBUG                  - depth 1, hash 833de41, HEAD~173
2021-07-03 21:12:23,324 DEBUG                  - depth 2, hash 8891c0c, HEAD~478
2021-07-03 21:12:23,328 DEBUG                  - depth 3, hash f15531c, HEAD~1244
2021-07-03 21:12:23,332 DEBUG    [line range] com/fasterxml/jackson/core/JsonFactory.java canUseCharArrays 408:408
2021-07-03 21:12:23,378 DEBUG                  - depth 0, hash 475a99b, HEAD~814
2021-07-03 21:12:23,384 DEBUG    [line range] com/fasterxml/jackson/core/JsonFactory.java createParser 891:903
2021-07-03 21:12:23,435 DEBUG                  - depth 0, hash d7cbb64, HEAD~233
2021-07-03 21:12:23,440 DEBUG                  - depth 1, hash 475a99b, HEAD~814
2021-07-03 21:12:23,444 DEBUG                  - depth 2, hash 84dc184, HEAD~828
2021-07-03 21:12:23,448 DEBUG                  - depth 3, hash 64aa9d2, HEAD~829
2021-07-03 21:12:23,452 DEBUG                  - depth 4, hash 32e4e91, HEAD~853
2021-07-03 21:12:23,457 DEBUG                  - depth 5, hash efc2367, HEAD~876
2021-07-03 21:12:23,461 DEBUG                  - depth 6, hash 6819492, HEAD~1073
2021-07-03 21:12:23,465 DEBUG                  - depth 7, hash feaabd1, HEAD~1138
2021-07-03 21:12:23,469 DEBUG    [line range] com/fasterxml/jackson/core/JsonFactory.java <init> 141:141
2021-07-03 21:12:23,521 DEBUG                  - depth 0, hash e15b9a8, HEAD~861
2021-07-03 21:12:23,527 DEBUG                  - depth 1, hash 0735190, HEAD~1218
2021-07-03 21:12:23,531 DEBUG    [line range] com/fasterxml/jackson/core/JsonFactory.java collectDefaults 133:139
2021-07-03 21:12:23,582 DEBUG                  - depth 0, hash e15b9a8, HEAD~861
2021-07-03 21:12:23,588 DEBUG                  - depth 1, hash 0735190, HEAD~1218
2021-07-03 21:12:23,592 DEBUG    [line range] com/fasterxml/jackson/core/JsonFactory.java enabledByDefault 143:143
2021-07-03 21:12:23,645 DEBUG                  - depth 0, hash 0735190, HEAD~1218
2021-07-03 21:12:23,651 DEBUG    [line range] com/fasterxml/jackson/core/JsonFactory.java enabledIn 144:144
2021-07-03 21:12:23,703 DEBUG                  - depth 0, hash 0735190, HEAD~1218
2021-07-03 21:12:23,708 DEBUG    [line range] com/fasterxml/jackson/core/JsonFactory.java getMask 145:145
2021-07-03 21:12:23,760 DEBUG                  - depth 0, hash 0735190, HEAD~1218
2021-07-03 21:12:24,202 DEBUG    [single line]   com/fasterxml/jackson/core/JsonGenerator.java <clinit> 33
2021-07-03 21:12:24,259 DEBUG                  - depth 0, hash f15531c, HEAD~1244
2021-07-03 21:12:24,265 DEBUG    [single line]   com/fasterxml/jackson/core/JsonGenerator.java <clinit> 49
2021-07-03 21:12:24,321 DEBUG                  - depth 0, hash 0735190, HEAD~1218
2021-07-03 21:12:24,326 DEBUG                  - depth 1, hash 9fc55aa, HEAD~1219
2021-07-03 21:12:24,331 DEBUG                  - depth 2, hash f15531c, HEAD~1244
2021-07-03 21:12:24,335 DEBUG    [single line]   com/fasterxml/jackson/core/JsonGenerator.java <clinit> 61
2021-07-03 21:12:24,391 DEBUG                  - depth 0, hash 0735190, HEAD~1218
2021-07-03 21:12:24,396 DEBUG                  - depth 1, hash 9fc55aa, HEAD~1219
2021-07-03 21:12:24,400 DEBUG                  - depth 2, hash f15531c, HEAD~1244
2021-07-03 21:12:24,404 DEBUG    [single line]   com/fasterxml/jackson/core/JsonGenerator.java <clinit> 74
2021-07-03 21:12:24,454 DEBUG                  - depth 0, hash afef47a, HEAD~524
2021-07-03 21:12:24,460 DEBUG    [single line]   com/fasterxml/jackson/core/JsonGenerator.java <clinit> 87
2021-07-03 21:12:24,516 DEBUG                  - depth 0, hash 0735190, HEAD~1218
2021-07-03 21:12:24,521 DEBUG                  - depth 1, hash 9fc55aa, HEAD~1219
2021-07-03 21:12:24,525 DEBUG                  - depth 2, hash f15531c, HEAD~1244
2021-07-03 21:12:24,529 DEBUG    [single line]   com/fasterxml/jackson/core/JsonGenerator.java <clinit> 101
2021-07-03 21:12:24,585 DEBUG                  - depth 0, hash 0735190, HEAD~1218
2021-07-03 21:12:24,591 DEBUG                  - depth 1, hash 9fc55aa, HEAD~1219
2021-07-03 21:12:24,595 DEBUG                  - depth 2, hash f15531c, HEAD~1244
2021-07-03 21:12:24,599 DEBUG    [single line]   com/fasterxml/jackson/core/JsonGenerator.java <clinit> 118
2021-07-03 21:12:24,656 DEBUG                  - depth 0, hash 0735190, HEAD~1218
2021-07-03 21:12:24,662 DEBUG                  - depth 1, hash 9fc55aa, HEAD~1219
2021-07-03 21:12:24,666 DEBUG                  - depth 2, hash f15531c, HEAD~1244
2021-07-03 21:12:24,670 DEBUG    [single line]   com/fasterxml/jackson/core/JsonGenerator.java <clinit> 130
2021-07-03 21:12:24,725 DEBUG                  - depth 0, hash 0dba714, HEAD~981
2021-07-03 21:12:24,731 DEBUG    [single line]   com/fasterxml/jackson/core/JsonGenerator.java <clinit> 147
2021-07-03 21:12:24,787 DEBUG                  - depth 0, hash 0735190, HEAD~1218
2021-07-03 21:12:24,792 DEBUG                  - depth 1, hash 9fc55aa, HEAD~1219
2021-07-03 21:12:24,797 DEBUG                  - depth 2, hash f15531c, HEAD~1244
2021-07-03 21:12:24,801 DEBUG    [single line]   com/fasterxml/jackson/core/JsonGenerator.java <clinit> 190
2021-07-03 21:12:24,858 DEBUG                  - depth 0, hash f9ad80f, HEAD~915
2021-07-03 21:12:24,863 DEBUG                  - depth 1, hash f15531c, HEAD~1244
2021-07-03 21:12:24,867 DEBUG    [single line]   com/fasterxml/jackson/core/JsonGenerator.java <clinit> 212
2021-07-03 21:12:24,924 DEBUG                  - depth 0, hash 27eb3c1, HEAD~677
2021-07-03 21:12:24,930 DEBUG                  - depth 1, hash f15531c, HEAD~1244
2021-07-03 21:12:24,934 DEBUG    [line range] com/fasterxml/jackson/core/JsonGenerator.java <init> 233:236
2021-07-03 21:12:24,991 DEBUG                  - depth 0, hash 483e662, HEAD~674
2021-07-03 21:12:24,996 DEBUG                  - depth 1, hash 0735190, HEAD~1218
2021-07-03 21:12:25,000 DEBUG                  - depth 2, hash 9fc55aa, HEAD~1219
2021-07-03 21:12:25,005 DEBUG                  - depth 3, hash f15531c, HEAD~1244
2021-07-03 21:12:25,009 DEBUG    [line range] com/fasterxml/jackson/core/JsonGenerator.java collectDefaults 222:231
2021-07-03 21:12:25,065 DEBUG                  - depth 0, hash f15531c, HEAD~1244
2021-07-03 21:12:25,070 DEBUG    [line range] com/fasterxml/jackson/core/JsonGenerator.java enabledByDefault 238:238
2021-07-03 21:12:25,126 DEBUG                  - depth 0, hash f15531c, HEAD~1244
2021-07-03 21:12:25,131 DEBUG    [line range] com/fasterxml/jackson/core/JsonGenerator.java getMask 245:245
2021-07-03 21:12:25,188 DEBUG                  - depth 0, hash f15531c, HEAD~1244
2021-07-03 21:12:25,617 DEBUG    [line range] com/fasterxml/jackson/core/JsonParser.java <init> 346:346
2021-07-03 21:12:25,674 DEBUG                  - depth 0, hash f15531c, HEAD~1244
2021-07-03 21:12:25,679 DEBUG    [line range] com/fasterxml/jackson/core/JsonParser.java <init> 347:347
2021-07-03 21:12:25,735 DEBUG                  - depth 0, hash ed4098c, HEAD~865
2021-07-03 21:12:25,740 DEBUG                  - depth 1, hash f15531c, HEAD~1244
2021-07-03 21:12:25,744 DEBUG    [single line]   com/fasterxml/jackson/core/JsonParser.java <clinit> 45
2021-07-03 21:12:25,802 DEBUG                  - depth 0, hash f15531c, HEAD~1244
2021-07-03 21:12:25,807 DEBUG    [single line]   com/fasterxml/jackson/core/JsonParser.java <clinit> 61
2021-07-03 21:12:25,863 DEBUG                  - depth 0, hash 0735190, HEAD~1218
2021-07-03 21:12:25,869 DEBUG                  - depth 1, hash 9fc55aa, HEAD~1219
2021-07-03 21:12:25,873 DEBUG                  - depth 2, hash f15531c, HEAD~1244
2021-07-03 21:12:25,877 DEBUG    [single line]   com/fasterxml/jackson/core/JsonParser.java <clinit> 77
2021-07-03 21:12:25,932 DEBUG                  - depth 0, hash 0735190, HEAD~1218
2021-07-03 21:12:25,938 DEBUG                  - depth 1, hash 9fc55aa, HEAD~1219
2021-07-03 21:12:25,942 DEBUG                  - depth 2, hash f15531c, HEAD~1244
2021-07-03 21:12:25,946 DEBUG    [single line]   com/fasterxml/jackson/core/JsonParser.java <clinit> 91
2021-07-03 21:12:25,997 DEBUG                  - depth 0, hash 3f84224, HEAD~933
2021-07-03 21:12:26,002 DEBUG    [single line]   com/fasterxml/jackson/core/JsonParser.java <clinit> 102
2021-07-03 21:12:26,058 DEBUG                  - depth 0, hash 0735190, HEAD~1218
2021-07-03 21:12:26,063 DEBUG                  - depth 1, hash 9fc55aa, HEAD~1219
2021-07-03 21:12:26,067 DEBUG                  - depth 2, hash f15531c, HEAD~1244
2021-07-03 21:12:26,072 DEBUG    [single line]   com/fasterxml/jackson/core/JsonParser.java <clinit> 115
2021-07-03 21:12:26,127 DEBUG                  - depth 0, hash 0735190, HEAD~1218
2021-07-03 21:12:26,133 DEBUG                  - depth 1, hash 9fc55aa, HEAD~1219
2021-07-03 21:12:26,137 DEBUG                  - depth 2, hash f15531c, HEAD~1244
2021-07-03 21:12:26,141 DEBUG    [single line]   com/fasterxml/jackson/core/JsonParser.java <clinit> 128
2021-07-03 21:12:26,197 DEBUG                  - depth 0, hash 0735190, HEAD~1218
2021-07-03 21:12:26,202 DEBUG                  - depth 1, hash 9fc55aa, HEAD~1219
2021-07-03 21:12:26,207 DEBUG                  - depth 2, hash f15531c, HEAD~1244
2021-07-03 21:12:26,211 DEBUG    [single line]   com/fasterxml/jackson/core/JsonParser.java <clinit> 139
2021-07-03 21:12:26,268 DEBUG                  - depth 0, hash 0735190, HEAD~1218
2021-07-03 21:12:26,273 DEBUG                  - depth 1, hash 9fc55aa, HEAD~1219
2021-07-03 21:12:26,277 DEBUG                  - depth 2, hash f15531c, HEAD~1244
2021-07-03 21:12:26,282 DEBUG    [single line]   com/fasterxml/jackson/core/JsonParser.java <clinit> 151
2021-07-03 21:12:26,338 DEBUG                  - depth 0, hash 0735190, HEAD~1218
2021-07-03 21:12:26,344 DEBUG                  - depth 1, hash 9fc55aa, HEAD~1219
2021-07-03 21:12:26,348 DEBUG                  - depth 2, hash f15531c, HEAD~1244
2021-07-03 21:12:26,352 DEBUG    [single line]   com/fasterxml/jackson/core/JsonParser.java <clinit> 171
2021-07-03 21:12:26,410 DEBUG                  - depth 0, hash 0735190, HEAD~1218
2021-07-03 21:12:26,415 DEBUG                  - depth 1, hash 9fc55aa, HEAD~1219
2021-07-03 21:12:26,419 DEBUG                  - depth 2, hash f15531c, HEAD~1244
2021-07-03 21:12:26,423 DEBUG    [single line]   com/fasterxml/jackson/core/JsonParser.java <clinit> 189
2021-07-03 21:12:26,466 DEBUG                  - depth 0, hash ce193ae, HEAD~64
2021-07-03 21:12:26,472 DEBUG    [single line]   com/fasterxml/jackson/core/JsonParser.java <clinit> 212
2021-07-03 21:12:26,515 DEBUG                  - depth 0, hash ce193ae, HEAD~64
2021-07-03 21:12:26,520 DEBUG    [single line]   com/fasterxml/jackson/core/JsonParser.java <clinit> 232
2021-07-03 21:12:26,576 DEBUG                  - depth 0, hash 6fc0271, HEAD~917
2021-07-03 21:12:26,581 DEBUG                  - depth 1, hash f15531c, HEAD~1244
2021-07-03 21:12:26,585 DEBUG    [single line]   com/fasterxml/jackson/core/JsonParser.java <clinit> 256
2021-07-03 21:12:26,640 DEBUG                  - depth 0, hash 531b450, HEAD~283
2021-07-03 21:12:26,646 DEBUG                  - depth 1, hash dbaf193, HEAD~568
2021-07-03 21:12:26,650 DEBUG                  - depth 2, hash f15531c, HEAD~1244
2021-07-03 21:12:26,654 DEBUG    [single line]   com/fasterxml/jackson/core/JsonParser.java <clinit> 279
2021-07-03 21:12:26,711 DEBUG                  - depth 0, hash ce193ae, HEAD~64
2021-07-03 21:12:26,717 DEBUG                  - depth 1, hash d7a6f6c, HEAD~121
2021-07-03 21:12:26,721 DEBUG                  - depth 2, hash 531b450, HEAD~283
2021-07-03 21:12:26,725 DEBUG                  - depth 3, hash dbaf193, HEAD~568
2021-07-03 21:12:26,729 DEBUG                  - depth 4, hash f15531c, HEAD~1244
2021-07-03 21:12:26,734 DEBUG    [line range] com/fasterxml/jackson/core/JsonParser.java <init> 305:308
2021-07-03 21:12:26,790 DEBUG                  - depth 0, hash f9ad80f, HEAD~915
2021-07-03 21:12:26,796 DEBUG                  - depth 1, hash 0735190, HEAD~1218
2021-07-03 21:12:26,800 DEBUG                  - depth 2, hash 9fc55aa, HEAD~1219
2021-07-03 21:12:26,804 DEBUG                  - depth 3, hash f15531c, HEAD~1244
2021-07-03 21:12:26,808 DEBUG    [line range] com/fasterxml/jackson/core/JsonParser.java collectDefaults 294:303
2021-07-03 21:12:26,864 DEBUG                  - depth 0, hash f15531c, HEAD~1244
2021-07-03 21:12:26,870 DEBUG    [line range] com/fasterxml/jackson/core/JsonParser.java enabledByDefault 310:310
2021-07-03 21:12:26,926 DEBUG                  - depth 0, hash f15531c, HEAD~1244
2021-07-03 21:12:26,932 DEBUG    [line range] com/fasterxml/jackson/core/JsonParser.java enabledIn 315:315
2021-07-03 21:12:26,988 DEBUG                  - depth 0, hash f9ad80f, HEAD~915
2021-07-03 21:12:26,994 DEBUG                  - depth 1, hash 6fc0271, HEAD~917
2021-07-03 21:12:26,998 DEBUG                  - depth 2, hash 0735190, HEAD~1218
2021-07-03 21:12:27,003 DEBUG                  - depth 3, hash 9fc55aa, HEAD~1219
2021-07-03 21:12:27,007 DEBUG                  - depth 4, hash f15531c, HEAD~1244
2021-07-03 21:12:27,011 DEBUG    [line range] com/fasterxml/jackson/core/JsonParser.java getMask 317:317
2021-07-03 21:12:27,069 DEBUG                  - depth 0, hash 8b88443, HEAD~671
2021-07-03 21:12:27,074 DEBUG                  - depth 1, hash f15531c, HEAD~1244
2021-07-03 21:12:27,391 DEBUG    [line range] com/fasterxml/jackson/core/JsonStreamContext.java <init> 45:45
2021-07-03 21:12:27,432 DEBUG                  - depth 0, hash f15531c, HEAD~1244
2021-07-03 21:12:27,438 DEBUG    [line range] com/fasterxml/jackson/core/JsonStreamContext.java inArray 82:82
2021-07-03 21:12:27,479 DEBUG                  - depth 0, hash f15531c, HEAD~1244
2021-07-03 21:12:27,484 DEBUG    [line range] com/fasterxml/jackson/core/JsonStreamContext.java inObject 95:95
2021-07-03 21:12:27,526 DEBUG                  - depth 0, hash f15531c, HEAD~1244
2021-07-03 21:12:27,532 DEBUG    [line range] com/fasterxml/jackson/core/JsonStreamContext.java inRoot 89:89
2021-07-03 21:12:27,574 DEBUG                  - depth 0, hash f15531c, HEAD~1244
2021-07-03 21:12:27,891 DEBUG    [single line]   com/fasterxml/jackson/core/JsonToken.java <clinit> 12
2021-07-03 21:12:27,933 DEBUG                  - depth 0, hash f15531c, HEAD~1244
2021-07-03 21:12:27,939 DEBUG    [single line]   com/fasterxml/jackson/core/JsonToken.java <clinit> 31
2021-07-03 21:12:27,980 DEBUG                  - depth 0, hash 066463a, HEAD~921
2021-07-03 21:12:27,986 DEBUG                  - depth 1, hash a663c69, HEAD~924
2021-07-03 21:12:27,990 DEBUG                  - depth 2, hash f15531c, HEAD~1244
2021-07-03 21:12:27,994 DEBUG    [single line]   com/fasterxml/jackson/core/JsonToken.java <clinit> 37
2021-07-03 21:12:28,035 DEBUG                  - depth 0, hash 066463a, HEAD~921
2021-07-03 21:12:28,041 DEBUG                  - depth 1, hash a663c69, HEAD~924
2021-07-03 21:12:28,045 DEBUG                  - depth 2, hash f15531c, HEAD~1244
2021-07-03 21:12:28,049 DEBUG    [single line]   com/fasterxml/jackson/core/JsonToken.java <clinit> 43
2021-07-03 21:12:28,091 DEBUG                  - depth 0, hash 066463a, HEAD~921
2021-07-03 21:12:28,096 DEBUG                  - depth 1, hash a663c69, HEAD~924
2021-07-03 21:12:28,101 DEBUG                  - depth 2, hash f15531c, HEAD~1244
2021-07-03 21:12:28,105 DEBUG    [single line]   com/fasterxml/jackson/core/JsonToken.java <clinit> 49
2021-07-03 21:12:28,146 DEBUG                  - depth 0, hash 066463a, HEAD~921
2021-07-03 21:12:28,151 DEBUG                  - depth 1, hash a663c69, HEAD~924
2021-07-03 21:12:28,155 DEBUG                  - depth 2, hash f15531c, HEAD~1244
2021-07-03 21:12:28,160 DEBUG    [single line]   com/fasterxml/jackson/core/JsonToken.java <clinit> 55
2021-07-03 21:12:28,202 DEBUG                  - depth 0, hash 066463a, HEAD~921
2021-07-03 21:12:28,207 DEBUG                  - depth 1, hash a663c69, HEAD~924
2021-07-03 21:12:28,212 DEBUG                  - depth 2, hash f15531c, HEAD~1244
2021-07-03 21:12:28,216 DEBUG    [single line]   com/fasterxml/jackson/core/JsonToken.java <clinit> 61
2021-07-03 21:12:28,257 DEBUG                  - depth 0, hash 066463a, HEAD~921
2021-07-03 21:12:28,262 DEBUG                  - depth 1, hash a663c69, HEAD~924
2021-07-03 21:12:28,267 DEBUG                  - depth 2, hash f15531c, HEAD~1244
2021-07-03 21:12:28,271 DEBUG    [single line]   com/fasterxml/jackson/core/JsonToken.java <clinit> 73
2021-07-03 21:12:28,313 DEBUG                  - depth 0, hash 066463a, HEAD~921
2021-07-03 21:12:28,319 DEBUG                  - depth 1, hash a663c69, HEAD~924
2021-07-03 21:12:28,323 DEBUG                  - depth 2, hash f15531c, HEAD~1244
2021-07-03 21:12:28,327 DEBUG    [single line]   com/fasterxml/jackson/core/JsonToken.java <clinit> 80
2021-07-03 21:12:28,370 DEBUG                  - depth 0, hash 066463a, HEAD~921
2021-07-03 21:12:28,375 DEBUG                  - depth 1, hash a663c69, HEAD~924
2021-07-03 21:12:28,379 DEBUG                  - depth 2, hash f15531c, HEAD~1244
2021-07-03 21:12:28,384 DEBUG    [single line]   com/fasterxml/jackson/core/JsonToken.java <clinit> 88
2021-07-03 21:12:28,426 DEBUG                  - depth 0, hash 066463a, HEAD~921
2021-07-03 21:12:28,431 DEBUG                  - depth 1, hash a663c69, HEAD~924
2021-07-03 21:12:28,436 DEBUG                  - depth 2, hash f15531c, HEAD~1244
2021-07-03 21:12:28,440 DEBUG    [single line]   com/fasterxml/jackson/core/JsonToken.java <clinit> 96
2021-07-03 21:12:28,481 DEBUG                  - depth 0, hash 066463a, HEAD~921
2021-07-03 21:12:28,487 DEBUG                  - depth 1, hash a663c69, HEAD~924
2021-07-03 21:12:28,491 DEBUG                  - depth 2, hash f15531c, HEAD~1244
2021-07-03 21:12:28,495 DEBUG    [single line]   com/fasterxml/jackson/core/JsonToken.java <clinit> 102
2021-07-03 21:12:28,537 DEBUG                  - depth 0, hash 066463a, HEAD~921
2021-07-03 21:12:28,543 DEBUG                  - depth 1, hash 8b9b4cd, HEAD~922
2021-07-03 21:12:28,547 DEBUG                  - depth 2, hash a663c69, HEAD~924
2021-07-03 21:12:28,552 DEBUG                  - depth 3, hash f15531c, HEAD~1244
2021-07-03 21:12:28,556 DEBUG    [single line]   com/fasterxml/jackson/core/JsonToken.java <clinit> 108
2021-07-03 21:12:28,598 DEBUG                  - depth 0, hash 066463a, HEAD~921
2021-07-03 21:12:28,604 DEBUG                  - depth 1, hash 8b9b4cd, HEAD~922
2021-07-03 21:12:28,608 DEBUG                  - depth 2, hash a663c69, HEAD~924
2021-07-03 21:12:28,612 DEBUG                  - depth 3, hash f15531c, HEAD~1244
2021-07-03 21:12:28,617 DEBUG    [single line]   com/fasterxml/jackson/core/JsonToken.java <clinit> 114
2021-07-03 21:12:28,660 DEBUG                  - depth 0, hash 066463a, HEAD~921
2021-07-03 21:12:28,665 DEBUG                  - depth 1, hash 8b9b4cd, HEAD~922
2021-07-03 21:12:28,669 DEBUG                  - depth 2, hash a663c69, HEAD~924
2021-07-03 21:12:28,674 DEBUG                  - depth 3, hash f15531c, HEAD~1244
2021-07-03 21:12:28,678 DEBUG    [line range] com/fasterxml/jackson/core/JsonToken.java <init> 137:164
2021-07-03 21:12:28,720 DEBUG                  - depth 0, hash 066463a, HEAD~921
2021-07-03 21:12:28,726 DEBUG                  - depth 1, hash 8b9b4cd, HEAD~922
2021-07-03 21:12:28,730 DEBUG                  - depth 2, hash a663c69, HEAD~924
2021-07-03 21:12:28,734 DEBUG                  - depth 3, hash f15531c, HEAD~1244
2021-07-03 21:12:28,739 DEBUG    [line range] com/fasterxml/jackson/core/JsonToken.java id 166:166
2021-07-03 21:12:28,781 DEBUG                  - depth 0, hash 066463a, HEAD~921
2021-07-03 21:12:28,786 DEBUG                  - depth 1, hash f15531c, HEAD~1244
2021-07-03 21:12:28,791 DEBUG    [line range] com/fasterxml/jackson/core/JsonToken.java isScalarValue 199:199
2021-07-03 21:12:28,833 DEBUG                  - depth 0, hash 32e4e91, HEAD~853
2021-07-03 21:12:28,838 DEBUG                  - depth 1, hash 066463a, HEAD~921
2021-07-03 21:12:28,843 DEBUG                  - depth 2, hash 8b9b4cd, HEAD~922
2021-07-03 21:12:28,847 DEBUG                  - depth 3, hash a663c69, HEAD~924
2021-07-03 21:12:28,851 DEBUG                  - depth 4, hash f15531c, HEAD~1244
2021-07-03 21:12:28,855 DEBUG    [line range] com/fasterxml/jackson/core/JsonToken.java isStructEnd 192:192
2021-07-03 21:12:28,897 DEBUG                  - depth 0, hash 32e4e91, HEAD~853
2021-07-03 21:12:28,903 DEBUG                  - depth 1, hash 066463a, HEAD~921
2021-07-03 21:12:28,907 DEBUG                  - depth 2, hash a663c69, HEAD~924
2021-07-03 21:12:28,911 DEBUG    [line range] com/fasterxml/jackson/core/JsonToken.java isStructStart 182:182
2021-07-03 21:12:28,953 DEBUG                  - depth 0, hash 32e4e91, HEAD~853
2021-07-03 21:12:28,958 DEBUG                  - depth 1, hash 066463a, HEAD~921
2021-07-03 21:12:28,962 DEBUG                  - depth 2, hash a663c69, HEAD~924
2021-07-03 21:12:29,419 DEBUG    [line range] com/fasterxml/jackson/core/base/ParserBase.java <init> 76:76
2021-07-03 21:12:29,468 DEBUG                  - depth 0, hash f15531c, HEAD~1244
2021-07-03 21:12:29,474 DEBUG    [line range] com/fasterxml/jackson/core/base/ParserBase.java getCurrentName 334:343
2021-07-03 21:12:29,522 DEBUG                  - depth 0, hash c326379, HEAD~305
2021-07-03 21:12:29,527 DEBUG                  - depth 1, hash b4567ca, HEAD~350
2021-07-03 21:12:29,532 DEBUG                  - depth 2, hash 32e4e91, HEAD~853
2021-07-03 21:12:29,536 DEBUG                  - depth 3, hash 4646ed1, HEAD~874
2021-07-03 21:12:29,540 DEBUG                  - depth 4, hash f15531c, HEAD~1244
2021-07-03 21:12:29,545 DEBUG    [line range] com/fasterxml/jackson/core/base/ParserBase.java resetInt 530:538
2021-07-03 21:12:29,594 DEBUG                  - depth 0, hash f15531c, HEAD~1244
2021-07-03 21:12:30,011 DEBUG    [line range] com/fasterxml/jackson/core/base/ParserMinimalBase.java <clinit> 60:60
2021-07-03 21:12:30,053 DEBUG                  - depth 0, hash 056bf5e, HEAD~11
2021-07-03 21:12:30,059 DEBUG    [line range] com/fasterxml/jackson/core/base/ParserMinimalBase.java <init> 158:158
2021-07-03 21:12:30,104 DEBUG                  - depth 0, hash 32e4e91, HEAD~853
2021-07-03 21:12:30,109 DEBUG                  - depth 1, hash f15531c, HEAD~1244
2021-07-03 21:12:30,521 DEBUG    [line range] com/fasterxml/jackson/core/filter/FilteringParserDelegate.java <init> 114:124
2021-07-03 21:12:30,565 DEBUG                  - depth 0, hash 0090031, HEAD~502
2021-07-03 21:12:30,571 DEBUG                  - depth 1, hash dfd6909, HEAD~510
2021-07-03 21:12:30,575 DEBUG    [line range] com/fasterxml/jackson/core/filter/FilteringParserDelegate.java _nextBuffered 740:768
2021-07-03 21:12:30,619 DEBUG                  - depth 0, hash 7f7d10a, HEAD~469
2021-07-03 21:12:30,624 DEBUG                  - depth 1, hash b808f26, HEAD~480
2021-07-03 21:12:30,628 DEBUG                  - depth 2, hash f6d583d, HEAD~494
2021-07-03 21:12:30,633 DEBUG                  - depth 3, hash b1ac057, HEAD~495
2021-07-03 21:12:30,637 DEBUG                  - depth 4, hash ce077d4, HEAD~499
2021-07-03 21:12:30,641 DEBUG                  - depth 5, hash 0090031, HEAD~502
2021-07-03 21:12:30,645 DEBUG                  - depth 6, hash dfd6909, HEAD~510
2021-07-03 21:12:30,650 DEBUG    [line range] com/fasterxml/jackson/core/filter/FilteringParserDelegate.java _nextToken2 456:606
2021-07-03 21:12:30,692 DEBUG                  - depth 0, hash e962fb9, HEAD~179
2021-07-03 21:12:30,697 DEBUG                  - depth 1, hash b808f26, HEAD~480
2021-07-03 21:12:30,702 DEBUG                  - depth 2, hash cfe32d0, HEAD~487
2021-07-03 21:12:30,706 DEBUG                  - depth 3, hash 3222428, HEAD~490
2021-07-03 21:12:30,710 DEBUG                  - depth 4, hash c17c356, HEAD~492
2021-07-03 21:12:30,714 DEBUG                  - depth 5, hash 654acf0, HEAD~493
2021-07-03 21:12:30,719 DEBUG                  - depth 6, hash f6d583d, HEAD~494
2021-07-03 21:12:30,723 DEBUG                  - depth 7, hash b1ac057, HEAD~495
2021-07-03 21:12:30,727 DEBUG                  - depth 8, hash 404aebc, HEAD~496
2021-07-03 21:12:30,731 DEBUG                  - depth 9, hash b46e037, HEAD~497
2021-07-03 21:12:30,736 DEBUG    [line range] com/fasterxml/jackson/core/filter/FilteringParserDelegate.java _nextTokenWithBuffering 611:738
2021-07-03 21:12:30,781 DEBUG                  - depth 0, hash 7f7d10a, HEAD~469
2021-07-03 21:12:30,787 DEBUG                  - depth 1, hash b808f26, HEAD~480
2021-07-03 21:12:30,791 DEBUG                  - depth 2, hash ac4b449, HEAD~481
2021-07-03 21:12:30,795 DEBUG                  - depth 3, hash 3222428, HEAD~490
2021-07-03 21:12:30,800 DEBUG                  - depth 4, hash df52157, HEAD~491
2021-07-03 21:12:30,804 DEBUG                  - depth 5, hash 654acf0, HEAD~493
2021-07-03 21:12:30,808 DEBUG                  - depth 6, hash f6d583d, HEAD~494
2021-07-03 21:12:30,812 DEBUG                  - depth 7, hash b1ac057, HEAD~495
2021-07-03 21:12:30,817 DEBUG                  - depth 8, hash 404aebc, HEAD~496
2021-07-03 21:12:30,821 DEBUG                  - depth 9, hash ce077d4, HEAD~499
2021-07-03 21:12:30,825 DEBUG                  - depth 10, hash 0090031, HEAD~502
2021-07-03 21:12:30,829 DEBUG                  - depth 11, hash dfd6909, HEAD~510
2021-07-03 21:12:30,835 DEBUG    [line range] com/fasterxml/jackson/core/filter/FilteringParserDelegate.java getCurrentToken 148:148
2021-07-03 21:12:30,878 DEBUG                  - depth 0, hash dfd6909, HEAD~510
2021-07-03 21:12:30,884 DEBUG    [line range] com/fasterxml/jackson/core/filter/FilteringParserDelegate.java nextToken 226:448
2021-07-03 21:12:30,927 DEBUG                  - depth 0, hash e962fb9, HEAD~179
2021-07-03 21:12:30,933 DEBUG                  - depth 1, hash fd32772, HEAD~295
2021-07-03 21:12:30,937 DEBUG                  - depth 2, hash 7f7d10a, HEAD~469
2021-07-03 21:12:30,942 DEBUG                  - depth 3, hash b808f26, HEAD~480
2021-07-03 21:12:30,946 DEBUG                  - depth 4, hash ac4b449, HEAD~481
2021-07-03 21:12:30,950 DEBUG                  - depth 5, hash cfe32d0, HEAD~487
2021-07-03 21:12:30,955 DEBUG                  - depth 6, hash 3222428, HEAD~490
2021-07-03 21:12:30,959 DEBUG                  - depth 7, hash df52157, HEAD~491
2021-07-03 21:12:30,963 DEBUG                  - depth 8, hash 654acf0, HEAD~493
2021-07-03 21:12:30,967 DEBUG                  - depth 9, hash f6d583d, HEAD~494
2021-07-03 21:12:30,972 DEBUG                  - depth 10, hash b1ac057, HEAD~495
2021-07-03 21:12:30,976 DEBUG                  - depth 11, hash 404aebc, HEAD~496
2021-07-03 21:12:30,980 DEBUG                  - depth 12, hash b46e037, HEAD~497
2021-07-03 21:12:30,985 DEBUG                  - depth 13, hash ce077d4, HEAD~499
2021-07-03 21:12:30,989 DEBUG                  - depth 14, hash 37d0d6e, HEAD~500
2021-07-03 21:12:30,993 DEBUG                  - depth 15, hash 9a797fb, HEAD~501
2021-07-03 21:12:30,998 DEBUG                  - depth 16, hash 0090031, HEAD~502
2021-07-03 21:12:31,002 DEBUG                  - depth 17, hash dfd6909, HEAD~510
2021-07-03 21:12:31,007 DEBUG    [line range] com/fasterxml/jackson/core/filter/FilteringParserDelegate.java skipChildren 785:809
2021-07-03 21:12:31,052 DEBUG                  - depth 0, hash 0090031, HEAD~502
2021-07-03 21:12:31,058 DEBUG                  - depth 1, hash dfd6909, HEAD~510
2021-07-03 21:12:31,373 DEBUG    [line range] com/fasterxml/jackson/core/filter/TokenFilter.java <clinit> 30:30
2021-07-03 21:12:31,414 DEBUG                  - depth 0, hash c77847e, HEAD~519
2021-07-03 21:12:31,420 DEBUG    [line range] com/fasterxml/jackson/core/filter/TokenFilter.java <init> 34:34
2021-07-03 21:12:31,461 DEBUG                  - depth 0, hash c77847e, HEAD~519
2021-07-03 21:12:31,467 DEBUG                  - depth 1, hash 0f1018f, HEAD~523
2021-07-03 21:12:31,471 DEBUG                  - depth 2, hash b55721a, HEAD~542
2021-07-03 21:12:31,475 DEBUG    [line range] com/fasterxml/jackson/core/filter/TokenFilter.java filterFinishArray 110:110
2021-07-03 21:12:31,516 DEBUG                  - depth 0, hash 0f1018f, HEAD~523
2021-07-03 21:12:31,522 DEBUG    [line range] com/fasterxml/jackson/core/filter/TokenFilter.java filterStartArray 92:94
2021-07-03 21:12:31,564 DEBUG                  - depth 0, hash c77847e, HEAD~519
2021-07-03 21:12:31,570 DEBUG                  - depth 1, hash 0f1018f, HEAD~523
2021-07-03 21:12:31,574 DEBUG                  - depth 2, hash b55721a, HEAD~542
2021-07-03 21:12:31,579 DEBUG    [line range] com/fasterxml/jackson/core/filter/TokenFilter.java filterStartObject 65:67
2021-07-03 21:12:31,620 DEBUG                  - depth 0, hash c77847e, HEAD~519
2021-07-03 21:12:31,625 DEBUG                  - depth 1, hash 0f1018f, HEAD~523
2021-07-03 21:12:31,629 DEBUG                  - depth 2, hash b55721a, HEAD~542
2021-07-03 21:12:31,634 DEBUG    [line range] com/fasterxml/jackson/core/filter/TokenFilter.java includeRootValue 192:194
2021-07-03 21:12:31,675 DEBUG                  - depth 0, hash c77847e, HEAD~519
2021-07-03 21:12:31,680 DEBUG                  - depth 1, hash 1eb7e2a, HEAD~522
2021-07-03 21:12:31,685 DEBUG    [line range] com/fasterxml/jackson/core/filter/TokenFilter.java includeValue 209:211
2021-07-03 21:12:31,727 DEBUG                  - depth 0, hash 37d0d6e, HEAD~500
2021-07-03 21:12:31,732 DEBUG                  - depth 1, hash 1eb7e2a, HEAD~522
2021-07-03 21:12:32,078 DEBUG    [line range] com/fasterxml/jackson/core/filter/TokenFilterContext.java <init> 68:78
2021-07-03 21:12:32,120 DEBUG                  - depth 0, hash ce077d4, HEAD~499
2021-07-03 21:12:32,125 DEBUG                  - depth 1, hash 5a5d119, HEAD~505
2021-07-03 21:12:32,130 DEBUG                  - depth 2, hash ac9fa8d, HEAD~507
2021-07-03 21:12:32,134 DEBUG                  - depth 3, hash 0e53535, HEAD~514
2021-07-03 21:12:32,138 DEBUG                  - depth 4, hash 65df442, HEAD~515
2021-07-03 21:12:32,142 DEBUG                  - depth 5, hash c77847e, HEAD~519
2021-07-03 21:12:32,147 DEBUG                  - depth 6, hash 0f1018f, HEAD~523
2021-07-03 21:12:32,151 DEBUG                  - depth 7, hash b55721a, HEAD~542
2021-07-03 21:12:32,155 DEBUG    [line range] com/fasterxml/jackson/core/filter/TokenFilterContext.java checkValue 137:148
2021-07-03 21:12:32,197 DEBUG                  - depth 0, hash 3222428, HEAD~490
2021-07-03 21:12:32,202 DEBUG                  - depth 1, hash ac9fa8d, HEAD~507
2021-07-03 21:12:32,207 DEBUG                  - depth 2, hash c77847e, HEAD~519
2021-07-03 21:12:32,211 DEBUG                  - depth 3, hash 1eb7e2a, HEAD~522
2021-07-03 21:12:32,215 DEBUG                  - depth 4, hash 0f1018f, HEAD~523
2021-07-03 21:12:32,220 DEBUG    [line range] com/fasterxml/jackson/core/filter/TokenFilterContext.java createChildArrayContext 103:110
2021-07-03 21:12:32,262 DEBUG                  - depth 0, hash c77847e, HEAD~519
2021-07-03 21:12:32,268 DEBUG                  - depth 1, hash 0f1018f, HEAD~523
2021-07-03 21:12:32,272 DEBUG                  - depth 2, hash b55721a, HEAD~542
2021-07-03 21:12:32,276 DEBUG    [line range] com/fasterxml/jackson/core/filter/TokenFilterContext.java createChildObjectContext 112:119
2021-07-03 21:12:32,319 DEBUG                  - depth 0, hash c77847e, HEAD~519
2021-07-03 21:12:32,325 DEBUG                  - depth 1, hash 0f1018f, HEAD~523
2021-07-03 21:12:32,329 DEBUG                  - depth 2, hash b55721a, HEAD~542
2021-07-03 21:12:32,334 DEBUG    [line range] com/fasterxml/jackson/core/filter/TokenFilterContext.java createRootContext 98:101
2021-07-03 21:12:32,376 DEBUG                  - depth 0, hash ce077d4, HEAD~499
2021-07-03 21:12:32,382 DEBUG                  - depth 1, hash c77847e, HEAD~519
2021-07-03 21:12:32,386 DEBUG                  - depth 2, hash 0f1018f, HEAD~523
2021-07-03 21:12:32,391 DEBUG                  - depth 3, hash b55721a, HEAD~542
2021-07-03 21:12:32,395 DEBUG    [line range] com/fasterxml/jackson/core/filter/TokenFilterContext.java findChildOf 301:315
2021-07-03 21:12:32,438 DEBUG                  - depth 0, hash 9a797fb, HEAD~501
2021-07-03 21:12:32,444 DEBUG                  - depth 1, hash 5a5d119, HEAD~505
2021-07-03 21:12:32,448 DEBUG                  - depth 2, hash c77847e, HEAD~519
2021-07-03 21:12:32,453 DEBUG                  - depth 3, hash 0f1018f, HEAD~523
2021-07-03 21:12:32,457 DEBUG    [line range] com/fasterxml/jackson/core/filter/TokenFilterContext.java getFilter 281:281
2021-07-03 21:12:32,500 DEBUG                  - depth 0, hash b46e037, HEAD~497
2021-07-03 21:12:32,505 DEBUG                  - depth 1, hash c77847e, HEAD~519
2021-07-03 21:12:32,510 DEBUG                  - depth 2, hash 0f1018f, HEAD~523
2021-07-03 21:12:32,514 DEBUG    [line range] com/fasterxml/jackson/core/filter/TokenFilterContext.java getParent 276:276
2021-07-03 21:12:32,557 DEBUG                  - depth 0, hash 0f1018f, HEAD~523
2021-07-03 21:12:32,563 DEBUG    [line range] com/fasterxml/jackson/core/filter/TokenFilterContext.java isStartHandled 282:282
2021-07-03 21:12:32,605 DEBUG                  - depth 0, hash b46e037, HEAD~497
2021-07-03 21:12:32,611 DEBUG                  - depth 1, hash c77847e, HEAD~519
2021-07-03 21:12:32,616 DEBUG                  - depth 2, hash 0f1018f, HEAD~523
2021-07-03 21:12:32,620 DEBUG    [line range] com/fasterxml/jackson/core/filter/TokenFilterContext.java nextTokenToRead 284:299
2021-07-03 21:12:32,663 DEBUG                  - depth 0, hash f6d583d, HEAD~494
2021-07-03 21:12:32,668 DEBUG                  - depth 1, hash b1ac057, HEAD~495
2021-07-03 21:12:32,673 DEBUG                  - depth 2, hash 9a797fb, HEAD~501
2021-07-03 21:12:32,677 DEBUG                  - depth 3, hash 5a5d119, HEAD~505
2021-07-03 21:12:32,681 DEBUG                  - depth 4, hash 65df442, HEAD~515
2021-07-03 21:12:32,686 DEBUG                  - depth 5, hash c77847e, HEAD~519
2021-07-03 21:12:32,690 DEBUG                  - depth 6, hash 1eb7e2a, HEAD~522
2021-07-03 21:12:32,694 DEBUG                  - depth 7, hash 0f1018f, HEAD~523
2021-07-03 21:12:32,699 DEBUG    [line range] com/fasterxml/jackson/core/filter/TokenFilterContext.java reset 80:90
2021-07-03 21:12:32,740 DEBUG                  - depth 0, hash 5a5d119, HEAD~505
2021-07-03 21:12:32,746 DEBUG                  - depth 1, hash ac9fa8d, HEAD~507
2021-07-03 21:12:32,750 DEBUG                  - depth 2, hash 0e53535, HEAD~514
2021-07-03 21:12:32,755 DEBUG                  - depth 3, hash c77847e, HEAD~519
2021-07-03 21:12:32,759 DEBUG                  - depth 4, hash 0f1018f, HEAD~523
2021-07-03 21:12:32,763 DEBUG                  - depth 5, hash b55721a, HEAD~542
2021-07-03 21:12:32,767 DEBUG    [line range] com/fasterxml/jackson/core/filter/TokenFilterContext.java setFieldName 127:131
2021-07-03 21:12:32,809 DEBUG                  - depth 0, hash 5a5d119, HEAD~505
2021-07-03 21:12:32,815 DEBUG                  - depth 1, hash 0e53535, HEAD~514
2021-07-03 21:12:32,819 DEBUG                  - depth 2, hash c77847e, HEAD~519
2021-07-03 21:12:32,824 DEBUG                  - depth 3, hash 1eb7e2a, HEAD~522
2021-07-03 21:12:32,828 DEBUG                  - depth 4, hash b55721a, HEAD~542
2021-07-03 21:12:33,182 DEBUG    [line range] com/fasterxml/jackson/core/io/CharTypes.java <clinit> 7:7
2021-07-03 21:12:33,223 DEBUG                  - depth 0, hash fedd795, HEAD~869
2021-07-03 21:12:33,229 DEBUG                  - depth 1, hash f15531c, HEAD~1244
2021-07-03 21:12:33,235 DEBUG    [line range] com/fasterxml/jackson/core/io/CharTypes.java getInputCodeLatin1 195:195
2021-07-03 21:12:33,278 DEBUG                  - depth 0, hash 1dc2c61, HEAD~1108
2021-07-03 21:12:33,284 DEBUG                  - depth 1, hash f15531c, HEAD~1244
2021-07-03 21:12:33,620 DEBUG    [line range] com/fasterxml/jackson/core/io/IOContext.java <init> 101:106
2021-07-03 21:12:33,662 DEBUG                  - depth 0, hash f15531c, HEAD~1244
2021-07-03 21:12:33,668 DEBUG    [line range] com/fasterxml/jackson/core/io/IOContext.java _verifyAlloc 276:278
2021-07-03 21:12:33,710 DEBUG                  - depth 0, hash 4ceaba8, HEAD~729
2021-07-03 21:12:33,716 DEBUG                  - depth 1, hash 288b1f3, HEAD~868
2021-07-03 21:12:33,720 DEBUG                  - depth 2, hash a8bc72e, HEAD~873
2021-07-03 21:12:33,725 DEBUG                  - depth 3, hash 2343927, HEAD~1034
2021-07-03 21:12:33,729 DEBUG    [line range] com/fasterxml/jackson/core/io/IOContext.java allocTokenBuffer 195:198
2021-07-03 21:12:33,771 DEBUG                  - depth 0, hash 84dc184, HEAD~828
2021-07-03 21:12:33,777 DEBUG    [line range] com/fasterxml/jackson/core/io/IOContext.java constructTextBuffer 136:138
2021-07-03 21:12:33,819 DEBUG                  - depth 0, hash 1dc2c61, HEAD~1108
2021-07-03 21:12:33,825 DEBUG                  - depth 1, hash f15531c, HEAD~1244
2021-07-03 21:12:34,162 DEBUG    [line range] com/fasterxml/jackson/core/io/SerializedString.java <init> 49:54
2021-07-03 21:12:34,204 DEBUG                  - depth 0, hash 95f76a4, HEAD~1102
2021-07-03 21:12:34,210 DEBUG                  - depth 1, hash f15531c, HEAD~1244
2021-07-03 21:12:34,558 DEBUG    [line range] com/fasterxml/jackson/core/json/JsonReadContext.java <init> 56:64
2021-07-03 21:12:34,600 DEBUG                  - depth 0, hash 007dccb, HEAD~860
2021-07-03 21:12:34,606 DEBUG                  - depth 1, hash f9ad80f, HEAD~915
2021-07-03 21:12:34,610 DEBUG                  - depth 2, hash f15531c, HEAD~1244
2021-07-03 21:12:34,614 DEBUG    [line range] com/fasterxml/jackson/core/json/JsonReadContext.java clearAndGetParent 171:175
2021-07-03 21:12:34,656 DEBUG                  - depth 0, hash b4567ca, HEAD~350
2021-07-03 21:12:34,662 DEBUG    [line range] com/fasterxml/jackson/core/json/JsonReadContext.java createChildArrayContext 113:122
2021-07-03 21:12:34,704 DEBUG                  - depth 0, hash 007dccb, HEAD~860
2021-07-03 21:12:34,709 DEBUG                  - depth 1, hash f9ad80f, HEAD~915
2021-07-03 21:12:34,714 DEBUG                  - depth 2, hash 6fc0271, HEAD~917
2021-07-03 21:12:34,718 DEBUG                  - depth 3, hash 1dc2c61, HEAD~1108
2021-07-03 21:12:34,722 DEBUG                  - depth 4, hash f15531c, HEAD~1244
2021-07-03 21:12:34,727 DEBUG    [line range] com/fasterxml/jackson/core/json/JsonReadContext.java createChildObjectContext 124:133
2021-07-03 21:12:34,770 DEBUG                  - depth 0, hash 007dccb, HEAD~860
2021-07-03 21:12:34,775 DEBUG                  - depth 1, hash f9ad80f, HEAD~915
2021-07-03 21:12:34,780 DEBUG                  - depth 2, hash 6fc0271, HEAD~917
2021-07-03 21:12:34,784 DEBUG                  - depth 3, hash 1dc2c61, HEAD~1108
2021-07-03 21:12:34,788 DEBUG                  - depth 4, hash f15531c, HEAD~1244
2021-07-03 21:12:34,793 DEBUG    [line range] com/fasterxml/jackson/core/json/JsonReadContext.java createRootContext 109:111
2021-07-03 21:12:34,836 DEBUG                  - depth 0, hash f9ad80f, HEAD~915
2021-07-03 21:12:34,841 DEBUG                  - depth 1, hash f15531c, HEAD~1244
2021-07-03 21:12:34,846 DEBUG    [line range] com/fasterxml/jackson/core/json/JsonReadContext.java expectComma 187:194
2021-07-03 21:12:34,888 DEBUG                  - depth 0, hash 007dccb, HEAD~860
2021-07-03 21:12:34,894 DEBUG                  - depth 1, hash 1dc2c61, HEAD~1108
2021-07-03 21:12:34,898 DEBUG                  - depth 2, hash f15531c, HEAD~1244
2021-07-03 21:12:34,902 DEBUG    [line range] com/fasterxml/jackson/core/json/JsonReadContext.java reset 66:76
2021-07-03 21:12:34,946 DEBUG                  - depth 0, hash 44f42e8, HEAD~656
2021-07-03 21:12:34,951 DEBUG                  - depth 1, hash 007dccb, HEAD~860
2021-07-03 21:12:34,956 DEBUG                  - depth 2, hash 6fc0271, HEAD~917
2021-07-03 21:12:34,960 DEBUG                  - depth 3, hash 1dc2c61, HEAD~1108
2021-07-03 21:12:34,964 DEBUG                  - depth 4, hash f15531c, HEAD~1244
2021-07-03 21:12:34,969 DEBUG    [line range] com/fasterxml/jackson/core/json/JsonReadContext.java setCurrentName 196:199
2021-07-03 21:12:35,012 DEBUG                  - depth 0, hash 007dccb, HEAD~860
2021-07-03 21:12:35,018 DEBUG                  - depth 1, hash 6fc0271, HEAD~917
2021-07-03 21:12:35,022 DEBUG                  - depth 2, hash f15531c, HEAD~1244
2021-07-03 21:12:35,585 DEBUG    [line range] com/fasterxml/jackson/core/json/ReaderBasedJsonParser.java <clinit> 22:22
2021-07-03 21:12:35,631 DEBUG                  - depth 0, hash b6846ee, HEAD~114
2021-07-03 21:12:35,637 DEBUG    [line range] com/fasterxml/jackson/core/json/ReaderBasedJsonParser.java <init> 113:127
2021-07-03 21:12:35,713 DEBUG                  - depth 0, hash 64aa9d2, HEAD~829
2021-07-03 21:12:35,719 DEBUG                  - depth 1, hash a7ec583, HEAD~1148
2021-07-03 21:12:35,724 DEBUG                  - depth 2, hash f15531c, HEAD~1244
2021-07-03 21:12:35,728 DEBUG    [line range] com/fasterxml/jackson/core/json/ReaderBasedJsonParser.java _closeScope 2844:2861
2021-07-03 21:12:35,777 DEBUG                  - depth 0, hash d7a6f6c, HEAD~121
2021-07-03 21:12:35,783 DEBUG    [line range] com/fasterxml/jackson/core/json/ReaderBasedJsonParser.java _nextAfterName 759:774
2021-07-03 21:12:35,858 DEBUG                  - depth 0, hash 4195e6e, HEAD~380
2021-07-03 21:12:35,864 DEBUG                  - depth 1, hash 2574bd6, HEAD~798
2021-07-03 21:12:35,868 DEBUG                  - depth 2, hash 1dc2c61, HEAD~1108
2021-07-03 21:12:35,873 DEBUG                  - depth 3, hash f15531c, HEAD~1244
2021-07-03 21:12:35,877 DEBUG    [line range] com/fasterxml/jackson/core/json/ReaderBasedJsonParser.java _parseName 1663:1687
2021-07-03 21:12:35,953 DEBUG                  - depth 0, hash e60ad11, HEAD~765
2021-07-03 21:12:35,959 DEBUG                  - depth 1, hash 2574bd6, HEAD~798
2021-07-03 21:12:35,963 DEBUG                  - depth 2, hash 76af3ae, HEAD~817
2021-07-03 21:12:35,968 DEBUG                  - depth 3, hash b01c64d, HEAD~818
2021-07-03 21:12:35,972 DEBUG                  - depth 4, hash 007dccb, HEAD~860
2021-07-03 21:12:35,976 DEBUG                  - depth 5, hash 0a39869, HEAD~930
2021-07-03 21:12:35,981 DEBUG                  - depth 6, hash 89d5f32, HEAD~931
2021-07-03 21:12:35,985 DEBUG                  - depth 7, hash a3de8a0, HEAD~932
2021-07-03 21:12:35,989 DEBUG                  - depth 8, hash 1dc2c61, HEAD~1108
2021-07-03 21:12:35,994 DEBUG                  - depth 9, hash 3532520, HEAD~1145
2021-07-03 21:12:35,998 DEBUG                  - depth 10, hash a7ec583, HEAD~1148
2021-07-03 21:12:36,002 DEBUG                  - depth 11, hash f15531c, HEAD~1244
2021-07-03 21:12:36,007 DEBUG    [line range] com/fasterxml/jackson/core/json/ReaderBasedJsonParser.java _parsePosNumber 1251:1302
2021-07-03 21:12:36,086 DEBUG                  - depth 0, hash 329756d, HEAD~381
2021-07-03 21:12:36,092 DEBUG                  - depth 1, hash e1880f4, HEAD~758
2021-07-03 21:12:36,096 DEBUG                  - depth 2, hash 996c3ff, HEAD~767
2021-07-03 21:12:36,101 DEBUG                  - depth 3, hash c01dc8c, HEAD~768
2021-07-03 21:12:36,105 DEBUG                  - depth 4, hash 224f65d, HEAD~770
2021-07-03 21:12:36,109 DEBUG                  - depth 5, hash 2574bd6, HEAD~798
2021-07-03 21:12:36,114 DEBUG                  - depth 6, hash ec928f7, HEAD~811
2021-07-03 21:12:36,118 DEBUG                  - depth 7, hash e781993, HEAD~815
2021-07-03 21:12:36,122 DEBUG                  - depth 8, hash 007dccb, HEAD~860
2021-07-03 21:12:36,127 DEBUG                  - depth 9, hash 0a39869, HEAD~930
2021-07-03 21:12:36,131 DEBUG                  - depth 10, hash 1dc2c61, HEAD~1108
2021-07-03 21:12:36,135 DEBUG                  - depth 11, hash f15531c, HEAD~1244
2021-07-03 21:12:36,140 DEBUG    [line range] com/fasterxml/jackson/core/json/ReaderBasedJsonParser.java _skipColon 2126:2178
2021-07-03 21:12:36,206 DEBUG                  - depth 0, hash 329756d, HEAD~381
2021-07-03 21:12:36,212 DEBUG                  - depth 1, hash 208d54a, HEAD~777
2021-07-03 21:12:36,217 DEBUG                  - depth 2, hash 2574bd6, HEAD~798
2021-07-03 21:12:36,221 DEBUG                  - depth 3, hash 691b574, HEAD~819
2021-07-03 21:12:36,225 DEBUG                  - depth 4, hash c390231, HEAD~820
2021-07-03 21:12:36,230 DEBUG    [line range] com/fasterxml/jackson/core/json/ReaderBasedJsonParser.java _skipComma 2268:2294
2021-07-03 21:12:36,306 DEBUG                  - depth 0, hash 98f8444, HEAD~209
2021-07-03 21:12:36,312 DEBUG                  - depth 1, hash 06c510a, HEAD~775
2021-07-03 21:12:36,316 DEBUG                  - depth 2, hash de6df16, HEAD~776
2021-07-03 21:12:36,321 DEBUG                  - depth 3, hash 2574bd6, HEAD~798
2021-07-03 21:12:36,325 DEBUG                  - depth 4, hash b0e855a, HEAD~816
2021-07-03 21:12:36,329 DEBUG                  - depth 5, hash a3de8a0, HEAD~932
2021-07-03 21:12:36,333 DEBUG                  - depth 6, hash 1dc2c61, HEAD~1108
2021-07-03 21:12:36,338 DEBUG                  - depth 7, hash f15531c, HEAD~1244
2021-07-03 21:12:36,342 DEBUG    [line range] com/fasterxml/jackson/core/json/ReaderBasedJsonParser.java _skipWSOrEnd 2326:2375
2021-07-03 21:12:36,417 DEBUG                  - depth 0, hash 244ddd1, HEAD~229
2021-07-03 21:12:36,423 DEBUG                  - depth 1, hash 329756d, HEAD~381
2021-07-03 21:12:36,427 DEBUG                  - depth 2, hash 18bc774, HEAD~748
2021-07-03 21:12:36,432 DEBUG                  - depth 3, hash ac2921d, HEAD~749
2021-07-03 21:12:36,436 DEBUG                  - depth 4, hash 8486974, HEAD~773
2021-07-03 21:12:36,440 DEBUG                  - depth 5, hash d9db35e, HEAD~774
2021-07-03 21:12:36,445 DEBUG                  - depth 6, hash 2574bd6, HEAD~798
2021-07-03 21:12:36,449 DEBUG                  - depth 7, hash a2af653, HEAD~821
2021-07-03 21:12:36,453 DEBUG                  - depth 8, hash 0a39869, HEAD~930
2021-07-03 21:12:36,458 DEBUG                  - depth 9, hash 89d5f32, HEAD~931
2021-07-03 21:12:36,462 DEBUG                  - depth 10, hash a3de8a0, HEAD~932
2021-07-03 21:12:36,466 DEBUG                  - depth 11, hash 1dc2c61, HEAD~1108
2021-07-03 21:12:36,471 DEBUG                  - depth 12, hash f15531c, HEAD~1244
2021-07-03 21:12:36,475 DEBUG    [line range] com/fasterxml/jackson/core/json/ReaderBasedJsonParser.java _updateLocation 2789:2795
2021-07-03 21:12:36,530 DEBUG                  - depth 0, hash e6f6179, HEAD~374
2021-07-03 21:12:36,535 DEBUG                  - depth 1, hash bae8621, HEAD~375
2021-07-03 21:12:36,540 DEBUG                  - depth 2, hash c390e92, HEAD~378
2021-07-03 21:12:36,544 DEBUG                  - depth 3, hash 4195e6e, HEAD~380
2021-07-03 21:12:36,549 DEBUG    [line range] com/fasterxml/jackson/core/json/ReaderBasedJsonParser.java _updateNameLocation 2798:2804
2021-07-03 21:12:36,605 DEBUG                  - depth 0, hash a77c3de, HEAD~373
2021-07-03 21:12:36,611 DEBUG                  - depth 1, hash e6f6179, HEAD~374
2021-07-03 21:12:36,615 DEBUG                  - depth 2, hash bae8621, HEAD~375
2021-07-03 21:12:36,620 DEBUG                  - depth 3, hash c390e92, HEAD~378
2021-07-03 21:12:36,624 DEBUG    [line range] com/fasterxml/jackson/core/json/ReaderBasedJsonParser.java nextToken 630:757
2021-07-03 21:12:36,703 DEBUG                  - depth 0, hash b6846ee, HEAD~114
2021-07-03 21:12:36,708 DEBUG                  - depth 1, hash d7a6f6c, HEAD~121
2021-07-03 21:12:36,713 DEBUG                  - depth 2, hash ca842af, HEAD~280
2021-07-03 21:12:36,717 DEBUG                  - depth 3, hash 8a009d1, HEAD~281
2021-07-03 21:12:36,722 DEBUG                  - depth 4, hash 531b450, HEAD~283
2021-07-03 21:12:36,726 DEBUG                  - depth 5, hash bf9a490, HEAD~290
2021-07-03 21:12:36,730 DEBUG                  - depth 6, hash b4567ca, HEAD~350
2021-07-03 21:12:36,735 DEBUG                  - depth 7, hash fede6c9, HEAD~376
2021-07-03 21:12:36,739 DEBUG                  - depth 8, hash c390e92, HEAD~378
2021-07-03 21:12:36,744 DEBUG                  - depth 9, hash 4195e6e, HEAD~380
2021-07-03 21:12:36,748 DEBUG                  - depth 10, hash 1d170d7, HEAD~422
2021-07-03 21:12:36,752 DEBUG                  - depth 11, hash e60ad11, HEAD~765
2021-07-03 21:12:36,757 DEBUG                  - depth 12, hash c01dc8c, HEAD~768
2021-07-03 21:12:36,761 DEBUG                  - depth 13, hash 224f65d, HEAD~770
2021-07-03 21:12:36,765 DEBUG                  - depth 14, hash 06c510a, HEAD~775
2021-07-03 21:12:36,770 DEBUG                  - depth 15, hash de6df16, HEAD~776
2021-07-03 21:12:36,774 DEBUG                  - depth 16, hash 322fe4d, HEAD~797
2021-07-03 21:12:36,779 DEBUG                  - depth 17, hash 2574bd6, HEAD~798
2021-07-03 21:12:36,783 DEBUG                  - depth 18, hash b0e855a, HEAD~816
2021-07-03 21:12:36,787 DEBUG                  - depth 19, hash c390231, HEAD~820
2021-07-03 21:12:36,792 DEBUG                  - depth 20, hash e15b9a8, HEAD~861
2021-07-03 21:12:36,796 DEBUG                  - depth 21, hash 0a39869, HEAD~930
2021-07-03 21:12:36,801 DEBUG                  - depth 22, hash 89d5f32, HEAD~931
2021-07-03 21:12:36,805 DEBUG                  - depth 23, hash c0a3c76, HEAD~936
2021-07-03 21:12:36,809 DEBUG                  - depth 24, hash f15531c, HEAD~1244
2021-07-03 21:12:37,290 DEBUG    [line range] com/fasterxml/jackson/core/sym/ByteQuadsCanonicalizer.java <init> 222:242
2021-07-03 21:12:37,337 DEBUG                  - depth 0, hash 791e288, HEAD~594
2021-07-03 21:12:37,343 DEBUG    [line range] com/fasterxml/jackson/core/sym/ByteQuadsCanonicalizer.java _calcTertiaryShift 1185:1202
2021-07-03 21:12:37,389 DEBUG                  - depth 0, hash 86b31e7, HEAD~531
2021-07-03 21:12:37,395 DEBUG                  - depth 1, hash aa65eaa, HEAD~583
2021-07-03 21:12:37,399 DEBUG                  - depth 2, hash 6b9505b, HEAD~585
2021-07-03 21:12:37,404 DEBUG    [line range] com/fasterxml/jackson/core/sym/ByteQuadsCanonicalizer.java createRoot 284:291
2021-07-03 21:12:37,451 DEBUG                  - depth 0, hash 67add8c, HEAD~72
2021-07-03 21:12:37,457 DEBUG                  - depth 1, hash 791e288, HEAD~594
2021-07-03 21:12:37,461 DEBUG    [line range] com/fasterxml/jackson/core/sym/ByteQuadsCanonicalizer.java createRoot 295:297
2021-07-03 21:12:37,509 DEBUG                  - depth 0, hash 791e288, HEAD~594
2021-07-03 21:12:37,514 DEBUG    [line range] com/fasterxml/jackson/core/sym/ByteQuadsCanonicalizer.java <init> 1227:1237
2021-07-03 21:12:37,561 DEBUG                  - depth 0, hash 6b9505b, HEAD~585
2021-07-03 21:12:37,567 DEBUG                  - depth 1, hash 30a2670, HEAD~589
2021-07-03 21:12:37,572 DEBUG                  - depth 2, hash 3a00c86, HEAD~593
2021-07-03 21:12:37,576 DEBUG                  - depth 3, hash 791e288, HEAD~594
2021-07-03 21:12:37,581 DEBUG    [line range] com/fasterxml/jackson/core/sym/ByteQuadsCanonicalizer.java createInitial 1250:1262
2021-07-03 21:12:37,629 DEBUG                  - depth 0, hash a71a00e, HEAD~433
2021-07-03 21:12:37,634 DEBUG                  - depth 1, hash 6b9505b, HEAD~585
2021-07-03 21:12:37,639 DEBUG                  - depth 2, hash 30a2670, HEAD~589
2021-07-03 21:12:37,643 DEBUG                  - depth 3, hash 6c629a8, HEAD~592
2021-07-03 21:12:37,648 DEBUG                  - depth 4, hash 3a00c86, HEAD~593
2021-07-03 21:12:37,652 DEBUG                  - depth 5, hash 791e288, HEAD~594
2021-07-03 21:12:38,050 DEBUG    [line range] com/fasterxml/jackson/core/sym/CharsToNameCanonicalizer.java <init> 231:246
2021-07-03 21:12:38,095 DEBUG                  - depth 0, hash 67add8c, HEAD~72
2021-07-03 21:12:38,101 DEBUG                  - depth 1, hash 383bc8f, HEAD~739
2021-07-03 21:12:38,105 DEBUG                  - depth 2, hash 9318b80, HEAD~881
2021-07-03 21:12:38,110 DEBUG                  - depth 3, hash bda3a91, HEAD~1146
2021-07-03 21:12:38,114 DEBUG                  - depth 4, hash a7ec583, HEAD~1148
2021-07-03 21:12:38,118 DEBUG                  - depth 5, hash f15531c, HEAD~1244
2021-07-03 21:12:38,123 DEBUG    [line range] com/fasterxml/jackson/core/sym/CharsToNameCanonicalizer.java <init> 251:274
2021-07-03 21:12:38,168 DEBUG                  - depth 0, hash 67add8c, HEAD~72
2021-07-03 21:12:38,174 DEBUG                  - depth 1, hash 383bc8f, HEAD~739
2021-07-03 21:12:38,179 DEBUG                  - depth 2, hash 9318b80, HEAD~881
2021-07-03 21:12:38,183 DEBUG                  - depth 3, hash bda3a91, HEAD~1146
2021-07-03 21:12:38,188 DEBUG                  - depth 4, hash a7ec583, HEAD~1148
2021-07-03 21:12:38,192 DEBUG                  - depth 5, hash f15531c, HEAD~1244
2021-07-03 21:12:38,197 DEBUG    [line range] com/fasterxml/jackson/core/sym/CharsToNameCanonicalizer.java _addSymbol 477:512
2021-07-03 21:12:38,242 DEBUG                  - depth 0, hash 67add8c, HEAD~72
2021-07-03 21:12:38,248 DEBUG                  - depth 1, hash 383bc8f, HEAD~739
2021-07-03 21:12:38,252 DEBUG                  - depth 2, hash 608a055, HEAD~825
2021-07-03 21:12:38,256 DEBUG                  - depth 3, hash 3532520, HEAD~1145
2021-07-03 21:12:38,261 DEBUG                  - depth 4, hash a7ec583, HEAD~1148
2021-07-03 21:12:38,265 DEBUG                  - depth 5, hash f15531c, HEAD~1244
2021-07-03 21:12:38,270 DEBUG    [line range] com/fasterxml/jackson/core/sym/CharsToNameCanonicalizer.java _hashToIndex 544:550
2021-07-03 21:12:38,314 DEBUG                  - depth 0, hash 3357e8f, HEAD~532
2021-07-03 21:12:38,320 DEBUG                  - depth 1, hash 19cb615, HEAD~533
2021-07-03 21:12:38,325 DEBUG                  - depth 2, hash 9318b80, HEAD~881
2021-07-03 21:12:38,329 DEBUG                  - depth 3, hash 1dc2c61, HEAD~1108
2021-07-03 21:12:38,333 DEBUG                  - depth 4, hash 3532520, HEAD~1145
2021-07-03 21:12:38,338 DEBUG    [line range] com/fasterxml/jackson/core/sym/CharsToNameCanonicalizer.java _thresholdSize 276:276
2021-07-03 21:12:38,379 DEBUG                  - depth 0, hash 67add8c, HEAD~72
2021-07-03 21:12:38,385 DEBUG    [line range] com/fasterxml/jackson/core/sym/CharsToNameCanonicalizer.java copyArrays 592:597
2021-07-03 21:12:38,429 DEBUG                  - depth 0, hash 9318b80, HEAD~881
2021-07-03 21:12:38,435 DEBUG                  - depth 1, hash 60cb7bd, HEAD~991
2021-07-03 21:12:38,440 DEBUG                  - depth 2, hash f15531c, HEAD~1244
2021-07-03 21:12:38,444 DEBUG    [line range] com/fasterxml/jackson/core/sym/CharsToNameCanonicalizer.java createRoot 289:297
2021-07-03 21:12:38,485 DEBUG                  - depth 0, hash 67add8c, HEAD~72
2021-07-03 21:12:38,491 DEBUG    [line range] com/fasterxml/jackson/core/sym/CharsToNameCanonicalizer.java createRoot 299:301
2021-07-03 21:12:38,532 DEBUG                  - depth 0, hash 67add8c, HEAD~72
2021-07-03 21:12:38,538 DEBUG    [line range] com/fasterxml/jackson/core/sym/CharsToNameCanonicalizer.java findSymbol 422:464
2021-07-03 21:12:38,585 DEBUG                  - depth 0, hash 0ecbeeb, HEAD~823
2021-07-03 21:12:38,591 DEBUG                  - depth 1, hash 159a9c8, HEAD~824
2021-07-03 21:12:38,595 DEBUG                  - depth 2, hash 608a055, HEAD~825
2021-07-03 21:12:38,600 DEBUG                  - depth 3, hash 3532520, HEAD~1145
2021-07-03 21:12:38,604 DEBUG                  - depth 4, hash f15531c, HEAD~1244
2021-07-03 21:12:38,609 DEBUG    [line range] com/fasterxml/jackson/core/sym/CharsToNameCanonicalizer.java hashSeed 387:387
2021-07-03 21:12:38,654 DEBUG                  - depth 0, hash 67add8c, HEAD~72
2021-07-03 21:12:38,660 DEBUG                  - depth 1, hash 9318b80, HEAD~881
2021-07-03 21:12:38,664 DEBUG                  - depth 2, hash a7ec583, HEAD~1148
2021-07-03 21:12:38,668 DEBUG                  - depth 3, hash f15531c, HEAD~1244
2021-07-03 21:12:38,673 DEBUG    [line range] com/fasterxml/jackson/core/sym/CharsToNameCanonicalizer.java makeChild 314:316
2021-07-03 21:12:38,719 DEBUG                  - depth 0, hash 67add8c, HEAD~72
2021-07-03 21:12:38,724 DEBUG                  - depth 1, hash 383bc8f, HEAD~739
2021-07-03 21:12:38,729 DEBUG                  - depth 2, hash 0541b3b, HEAD~741
2021-07-03 21:12:38,733 DEBUG                  - depth 3, hash 9318b80, HEAD~881
2021-07-03 21:12:38,738 DEBUG                  - depth 4, hash 66a5a60, HEAD~1128
2021-07-03 21:12:38,742 DEBUG                  - depth 5, hash 9c9622d, HEAD~1137
2021-07-03 21:12:38,746 DEBUG                  - depth 6, hash a7ec583, HEAD~1148
2021-07-03 21:12:38,751 DEBUG                  - depth 7, hash f15531c, HEAD~1244
2021-07-03 21:12:38,755 DEBUG    [line range] com/fasterxml/jackson/core/sym/CharsToNameCanonicalizer.java <init> 791:798
2021-07-03 21:12:38,796 DEBUG                  - depth 0, hash 67add8c, HEAD~72
2021-07-03 21:12:38,802 DEBUG    [line range] com/fasterxml/jackson/core/sym/CharsToNameCanonicalizer.java createInitial 808:812
2021-07-03 21:12:38,843 DEBUG                  - depth 0, hash 67add8c, HEAD~72
2021-07-03 21:12:39,160 DEBUG    [line range] com/fasterxml/jackson/core/util/BufferRecycler.java <clinit> 45:45
2021-07-03 21:12:39,202 DEBUG                  - depth 0, hash 175a97b, HEAD~875
2021-07-03 21:12:39,208 DEBUG                  - depth 1, hash f633f10, HEAD~885
2021-07-03 21:12:39,212 DEBUG                  - depth 2, hash f15531c, HEAD~1244
2021-07-03 21:12:39,216 DEBUG    [line range] com/fasterxml/jackson/core/util/BufferRecycler.java <init> 61:63
2021-07-03 21:12:39,259 DEBUG                  - depth 0, hash ebf0091, HEAD~872
2021-07-03 21:12:39,264 DEBUG                  - depth 1, hash f633f10, HEAD~885
2021-07-03 21:12:39,269 DEBUG                  - depth 2, hash f15531c, HEAD~1244
2021-07-03 21:12:39,273 DEBUG    [line range] com/fasterxml/jackson/core/util/BufferRecycler.java <init> 71:74
2021-07-03 21:12:39,315 DEBUG                  - depth 0, hash ebf0091, HEAD~872
2021-07-03 21:12:39,321 DEBUG                  - depth 1, hash f15531c, HEAD~1244
2021-07-03 21:12:39,326 DEBUG    [line range] com/fasterxml/jackson/core/util/BufferRecycler.java allocCharBuffer 117:129
2021-07-03 21:12:39,368 DEBUG                  - depth 0, hash ebf0091, HEAD~872
2021-07-03 21:12:39,374 DEBUG                  - depth 1, hash f633f10, HEAD~885
2021-07-03 21:12:39,378 DEBUG                  - depth 2, hash f15531c, HEAD~1244
2021-07-03 21:12:39,383 DEBUG    [line range] com/fasterxml/jackson/core/util/BufferRecycler.java calloc 156:156
2021-07-03 21:12:39,426 DEBUG                  - depth 0, hash ebf0091, HEAD~872
2021-07-03 21:12:39,432 DEBUG                  - depth 1, hash f633f10, HEAD~885
2021-07-03 21:12:39,436 DEBUG                  - depth 2, hash 6c842ae, HEAD~1107
2021-07-03 21:12:39,441 DEBUG                  - depth 3, hash f15531c, HEAD~1244
2021-07-03 21:12:39,445 DEBUG    [line range] com/fasterxml/jackson/core/util/BufferRecycler.java charBufferLength 145:147
2021-07-03 21:12:39,487 DEBUG                  - depth 0, hash ebf0091, HEAD~872
2021-07-03 21:12:39,838 DEBUG    [line range] com/fasterxml/jackson/core/util/DefaultPrettyPrinter.java <clinit> 28:28
2021-07-03 21:12:39,880 DEBUG                  - depth 0, hash e6dfc69, HEAD~1111
2021-07-03 21:12:40,169 DEBUG    [line range] com/fasterxml/jackson/core/util/InternCache.java <clinit> 29:29
2021-07-03 21:12:40,210 DEBUG                  - depth 0, hash f15531c, HEAD~1244
2021-07-03 21:12:40,216 DEBUG    [line range] com/fasterxml/jackson/core/util/InternCache.java <init> 36:36
2021-07-03 21:12:40,257 DEBUG                  - depth 0, hash fedd795, HEAD~869
2021-07-03 21:12:40,262 DEBUG                  - depth 1, hash f633f10, HEAD~885
2021-07-03 21:12:40,267 DEBUG                  - depth 2, hash 8475c8b, HEAD~939
2021-07-03 21:12:40,271 DEBUG    [line range] com/fasterxml/jackson/core/util/InternCache.java intern 40:63
2021-07-03 21:12:40,313 DEBUG                  - depth 0, hash fedd795, HEAD~869
2021-07-03 21:12:40,318 DEBUG                  - depth 1, hash 8475c8b, HEAD~939
2021-07-03 21:12:40,323 DEBUG                  - depth 2, hash f15531c, HEAD~1244
2021-07-03 21:12:40,676 DEBUG    [line range] com/fasterxml/jackson/core/util/JsonParserDelegate.java <init> 25:27
2021-07-03 21:12:40,720 DEBUG                  - depth 0, hash f15531c, HEAD~1244
2021-07-03 21:12:41,147 DEBUG    [line range] com/fasterxml/jackson/core/util/TextBuffer.java <clinit> 29:29
2021-07-03 21:12:41,191 DEBUG                  - depth 0, hash f15531c, HEAD~1244
2021-07-03 21:12:41,196 DEBUG    [line range] com/fasterxml/jackson/core/util/TextBuffer.java <init> 121:123
2021-07-03 21:12:41,239 DEBUG                  - depth 0, hash 0c8d86e, HEAD~864
2021-07-03 21:12:41,245 DEBUG                  - depth 1, hash f15531c, HEAD~1244
2021-07-03 21:12:41,250 DEBUG    [line range] com/fasterxml/jackson/core/util/TextBuffer.java resetWithShared 176:191
2021-07-03 21:12:41,293 DEBUG                  - depth 0, hash f15531c, HEAD~1244
2021-07-03 21:12:41,299 DEBUG    [line range] com/fasterxml/jackson/core/JsonFactory.java _createGenerator 1404:1416
2021-07-03 21:12:41,352 DEBUG                  - depth 0, hash efc2367, HEAD~876
2021-07-03 21:12:41,357 DEBUG                  - depth 1, hash 6819492, HEAD~1073
2021-07-03 21:12:41,362 DEBUG                  - depth 2, hash e6dfc69, HEAD~1111
2021-07-03 21:12:41,366 DEBUG                  - depth 3, hash ec30027, HEAD~1149
2021-07-03 21:12:41,371 DEBUG                  - depth 4, hash eeb2fbd, HEAD~1164
2021-07-03 21:12:41,375 DEBUG                  - depth 5, hash f15531c, HEAD~1244
2021-07-03 21:12:41,380 DEBUG    [line range] com/fasterxml/jackson/core/JsonFactory.java _decorate 1512:1520
2021-07-03 21:12:41,429 DEBUG                  - depth 0, hash 896000f, HEAD~827
2021-07-03 21:12:41,435 DEBUG    [line range] com/fasterxml/jackson/core/JsonFactory.java createGenerator 1175:1178
2021-07-03 21:12:41,488 DEBUG                  - depth 0, hash 896000f, HEAD~827
2021-07-03 21:12:41,494 DEBUG                  - depth 1, hash b0a2e19, HEAD~831
2021-07-03 21:12:41,498 DEBUG                  - depth 2, hash 4ab04ce, HEAD~1072
2021-07-03 21:12:41,503 DEBUG                  - depth 3, hash feaabd1, HEAD~1138
2021-07-03 21:12:41,507 DEBUG                  - depth 4, hash f15531c, HEAD~1244
2021-07-03 21:12:41,512 DEBUG    [line range] com/fasterxml/jackson/core/JsonGenerator.java <init> 267:267
2021-07-03 21:12:41,569 DEBUG                  - depth 0, hash f15531c, HEAD~1244
2021-07-03 21:12:41,575 DEBUG    [line range] com/fasterxml/jackson/core/JsonGenerator.java copyCurrentEvent 1709:1781
2021-07-03 21:12:41,634 DEBUG                  - depth 0, hash cd5b6ff, HEAD~177
2021-07-03 21:12:41,639 DEBUG                  - depth 1, hash e052c31, HEAD~190
2021-07-03 21:12:41,644 DEBUG                  - depth 2, hash 526b46d, HEAD~314
2021-07-03 21:12:41,648 DEBUG                  - depth 3, hash ed4098c, HEAD~865
2021-07-03 21:12:41,653 DEBUG                  - depth 4, hash 5cf2e6e, HEAD~898
2021-07-03 21:12:41,657 DEBUG                  - depth 5, hash f15531c, HEAD~1244
2021-07-03 21:12:41,662 DEBUG    [line range] com/fasterxml/jackson/core/JsonGenerator.java enabledIn 243:243
2021-07-03 21:12:41,715 DEBUG                  - depth 0, hash f9ad80f, HEAD~915
2021-07-03 21:12:41,721 DEBUG    [single line]   com/fasterxml/jackson/core/JsonParser.java <clinit> 38
2021-07-03 21:12:41,778 DEBUG                  - depth 0, hash f15531c, HEAD~1244
2021-07-03 21:12:41,784 DEBUG    [single line]   com/fasterxml/jackson/core/JsonParser.java <clinit> 39
2021-07-03 21:12:41,840 DEBUG                  - depth 0, hash f15531c, HEAD~1244
2021-07-03 21:12:42,233 DEBUG    [line range] com/fasterxml/jackson/core/base/GeneratorBase.java <clinit> 31:35
2021-07-03 21:12:42,277 DEBUG                  - depth 0, hash d58d420, HEAD~319
2021-07-03 21:12:42,282 DEBUG                  - depth 1, hash 2a6f9f2, HEAD~672
2021-07-03 21:12:42,287 DEBUG                  - depth 2, hash 483e662, HEAD~674
2021-07-03 21:12:42,291 DEBUG    [line range] com/fasterxml/jackson/core/base/GeneratorBase.java <init> 103:111
2021-07-03 21:12:42,337 DEBUG                  - depth 0, hash 1e4a20b, HEAD~685
2021-07-03 21:12:42,343 DEBUG                  - depth 1, hash 32e4e91, HEAD~853
2021-07-03 21:12:42,348 DEBUG                  - depth 2, hash f9ad80f, HEAD~915
2021-07-03 21:12:42,352 DEBUG                  - depth 3, hash f15531c, HEAD~1244
2021-07-03 21:12:42,357 DEBUG    [line range] com/fasterxml/jackson/core/base/GeneratorBase.java close 408:408
2021-07-03 21:12:42,402 DEBUG                  - depth 0, hash 32e4e91, HEAD~853
2021-07-03 21:12:42,408 DEBUG                  - depth 1, hash f15531c, HEAD~1244
2021-07-03 21:12:42,412 DEBUG    [line range] com/fasterxml/jackson/core/base/GeneratorBase.java disable 172:186
2021-07-03 21:12:42,458 DEBUG                  - depth 0, hash 074c506, HEAD~670
2021-07-03 21:12:42,464 DEBUG                  - depth 1, hash 483e662, HEAD~674
2021-07-03 21:12:42,469 DEBUG                  - depth 2, hash 0735190, HEAD~1218
2021-07-03 21:12:42,473 DEBUG                  - depth 3, hash 9fc55aa, HEAD~1219
2021-07-03 21:12:42,477 DEBUG                  - depth 4, hash f15531c, HEAD~1244
2021-07-03 21:12:42,482 DEBUG    [line range] com/fasterxml/jackson/core/base/GeneratorBase.java isEnabled 148:148
2021-07-03 21:12:42,526 DEBUG                  - depth 0, hash 074c506, HEAD~670
2021-07-03 21:12:42,532 DEBUG    [line range] com/fasterxml/jackson/core/base/ParserBase.java _parseNumericValue 737:786
2021-07-03 21:12:42,580 DEBUG                  - depth 0, hash 4646ed1, HEAD~874
2021-07-03 21:12:42,586 DEBUG                  - depth 1, hash 38d6e35, HEAD~928
2021-07-03 21:12:42,590 DEBUG                  - depth 2, hash f15531c, HEAD~1244
2021-07-03 21:12:42,595 DEBUG    [line range] com/fasterxml/jackson/core/base/ParserBase.java _releaseBuffers 464:471
2021-07-03 21:12:42,644 DEBUG                  - depth 0, hash 32e4e91, HEAD~853
2021-07-03 21:12:42,650 DEBUG                  - depth 1, hash f15531c, HEAD~1244
2021-07-03 21:12:42,655 DEBUG    [line range] com/fasterxml/jackson/core/base/ParserBase.java close 361:372
2021-07-03 21:12:42,703 DEBUG                  - depth 0, hash 32e4e91, HEAD~853
2021-07-03 21:12:42,709 DEBUG                  - depth 1, hash 4646ed1, HEAD~874
2021-07-03 21:12:42,713 DEBUG                  - depth 2, hash 487fe10, HEAD~1206
2021-07-03 21:12:42,717 DEBUG                  - depth 3, hash f15531c, HEAD~1244
2021-07-03 21:12:42,722 DEBUG    [line range] com/fasterxml/jackson/core/base/ParserBase.java getIntValue 637:649
2021-07-03 21:12:42,770 DEBUG                  - depth 0, hash 36d774e, HEAD~606
2021-07-03 21:12:42,775 DEBUG                  - depth 1, hash 4646ed1, HEAD~874
2021-07-03 21:12:42,780 DEBUG                  - depth 2, hash f15531c, HEAD~1244
2021-07-03 21:12:42,784 DEBUG    [line range] com/fasterxml/jackson/core/base/ParserBase.java getNumberType 609:635
2021-07-03 21:12:42,832 DEBUG                  - depth 0, hash 4646ed1, HEAD~874
2021-07-03 21:12:42,838 DEBUG                  - depth 1, hash f15531c, HEAD~1244
2021-07-03 21:12:42,843 DEBUG    [line range] com/fasterxml/jackson/core/filter/FilteringParserDelegate.java _filterContext 896:901
2021-07-03 21:12:42,886 DEBUG                  - depth 0, hash 0090031, HEAD~502
2021-07-03 21:12:42,892 DEBUG    [line range] com/fasterxml/jackson/core/filter/FilteringParserDelegate.java currentToken 149:149
2021-07-03 21:12:42,933 DEBUG                  - depth 0, hash e052c31, HEAD~190
2021-07-03 21:12:42,938 DEBUG    [line range] com/fasterxml/jackson/core/filter/FilteringParserDelegate.java getCurrentName 184:192
2021-07-03 21:12:42,983 DEBUG                  - depth 0, hash 0090031, HEAD~502
2021-07-03 21:12:42,989 DEBUG    [line range] com/fasterxml/jackson/core/filter/FilteringParserDelegate.java getIntValue 850:851
2021-07-03 21:12:43,032 DEBUG                  - depth 0, hash dfd6909, HEAD~510
2021-07-03 21:12:43,038 DEBUG    [line range] com/fasterxml/jackson/core/filter/FilteringParserDelegate.java getNumberType 856:857
2021-07-03 21:12:43,082 DEBUG                  - depth 0, hash dfd6909, HEAD~510
2021-07-03 21:12:43,088 DEBUG    [line range] com/fasterxml/jackson/core/filter/TokenFilterContext.java getCurrentName 277:277
2021-07-03 21:12:43,131 DEBUG                  - depth 0, hash 0f1018f, HEAD~523
2021-07-03 21:12:43,136 DEBUG    [line range] com/fasterxml/jackson/core/io/CharTypes.java copyHexChars 251:253
2021-07-03 21:12:43,179 DEBUG                  - depth 0, hash fedd795, HEAD~869
2021-07-03 21:12:43,185 DEBUG                  - depth 1, hash f15531c, HEAD~1244
2021-07-03 21:12:43,189 DEBUG    [line range] com/fasterxml/jackson/core/io/CharTypes.java get7BitOutputEscapes 211:211
2021-07-03 21:12:43,232 DEBUG                  - depth 0, hash 1dc2c61, HEAD~1108
2021-07-03 21:12:43,237 DEBUG                  - depth 1, hash f15531c, HEAD~1244
2021-07-03 21:12:43,242 DEBUG    [line range] com/fasterxml/jackson/core/io/IOContext.java _verifyRelease 285:288
2021-07-03 21:12:43,283 DEBUG                  - depth 0, hash 4bace84, HEAD~291
2021-07-03 21:12:43,289 DEBUG                  - depth 1, hash 4ceaba8, HEAD~729
2021-07-03 21:12:43,293 DEBUG                  - depth 2, hash 288b1f3, HEAD~868
2021-07-03 21:12:43,298 DEBUG    [line range] com/fasterxml/jackson/core/io/IOContext.java allocConcatBuffer 200:203
2021-07-03 21:12:43,341 DEBUG                  - depth 0, hash a8bc72e, HEAD~873
2021-07-03 21:12:43,347 DEBUG                  - depth 1, hash f633f10, HEAD~885
2021-07-03 21:12:43,351 DEBUG                  - depth 2, hash 2343927, HEAD~1034
2021-07-03 21:12:43,356 DEBUG                  - depth 3, hash 1dc2c61, HEAD~1108
2021-07-03 21:12:43,360 DEBUG                  - depth 4, hash f15531c, HEAD~1244
2021-07-03 21:12:43,365 DEBUG    [line range] com/fasterxml/jackson/core/io/IOContext.java isResourceManaged 128:128
2021-07-03 21:12:43,408 DEBUG                  - depth 0, hash 1dc2c61, HEAD~1108
2021-07-03 21:12:43,414 DEBUG                  - depth 1, hash f15531c, HEAD~1244
2021-07-03 21:12:43,418 DEBUG    [line range] com/fasterxml/jackson/core/io/IOContext.java releaseConcatBuffer 252:259
2021-07-03 21:12:43,461 DEBUG                  - depth 0, hash 288b1f3, HEAD~868
2021-07-03 21:12:43,467 DEBUG                  - depth 1, hash a8bc72e, HEAD~873
2021-07-03 21:12:43,472 DEBUG                  - depth 2, hash f633f10, HEAD~885
2021-07-03 21:12:43,476 DEBUG                  - depth 3, hash 2343927, HEAD~1034
2021-07-03 21:12:43,480 DEBUG                  - depth 4, hash 1dc2c61, HEAD~1108
2021-07-03 21:12:43,485 DEBUG                  - depth 5, hash f15531c, HEAD~1244
2021-07-03 21:12:43,490 DEBUG    [line range] com/fasterxml/jackson/core/io/IOContext.java releaseTokenBuffer 244:250
2021-07-03 21:12:43,533 DEBUG                  - depth 0, hash a8bc72e, HEAD~873
2021-07-03 21:12:43,539 DEBUG                  - depth 1, hash f633f10, HEAD~885
2021-07-03 21:12:43,543 DEBUG                  - depth 2, hash 2343927, HEAD~1034
2021-07-03 21:12:43,548 DEBUG                  - depth 3, hash 1dc2c61, HEAD~1108
2021-07-03 21:12:43,552 DEBUG                  - depth 4, hash f15531c, HEAD~1244
2021-07-03 21:12:43,915 DEBUG    [line range] com/fasterxml/jackson/core/io/NumberInput.java <clinit> 18:18
2021-07-03 21:12:43,957 DEBUG                  - depth 0, hash f15531c, HEAD~1244
2021-07-03 21:12:43,963 DEBUG    [line range] com/fasterxml/jackson/core/io/NumberInput.java parseInt 28:56
2021-07-03 21:12:44,004 DEBUG                  - depth 0, hash 0cb9748, HEAD~804
2021-07-03 21:12:44,010 DEBUG                  - depth 1, hash b169e5b, HEAD~805
2021-07-03 21:12:44,015 DEBUG                  - depth 2, hash fedd795, HEAD~869
2021-07-03 21:12:44,019 DEBUG                  - depth 3, hash 1dc2c61, HEAD~1108
2021-07-03 21:12:44,024 DEBUG                  - depth 4, hash f15531c, HEAD~1244
2021-07-03 21:12:44,431 DEBUG    [line range] com/fasterxml/jackson/core/io/NumberOutput.java <clinit> 5:5
2021-07-03 21:12:44,474 DEBUG                  - depth 0, hash f15531c, HEAD~1244
2021-07-03 21:12:44,481 DEBUG    [line range] com/fasterxml/jackson/core/io/NumberOutput.java outputInt 56:107
2021-07-03 21:12:44,523 DEBUG                  - depth 0, hash 54406c6, HEAD~165
2021-07-03 21:12:44,529 DEBUG                  - depth 1, hash e43ecc2, HEAD~167
2021-07-03 21:12:44,534 DEBUG                  - depth 2, hash 5b50cd5, HEAD~168
2021-07-03 21:12:44,538 DEBUG                  - depth 3, hash 9943779, HEAD~169
2021-07-03 21:12:44,542 DEBUG                  - depth 4, hash fedd795, HEAD~869
2021-07-03 21:12:44,547 DEBUG                  - depth 5, hash f15531c, HEAD~1244
2021-07-03 21:12:44,876 DEBUG    [line range] com/fasterxml/jackson/core/json/JsonGeneratorImpl.java <clinit> 31:31
2021-07-03 21:12:44,918 DEBUG                  - depth 0, hash e6dfc69, HEAD~1111
2021-07-03 21:12:44,924 DEBUG    [line range] com/fasterxml/jackson/core/json/JsonGeneratorImpl.java <init> 53:53
2021-07-03 21:12:44,965 DEBUG                  - depth 0, hash e6dfc69, HEAD~1111
2021-07-03 21:12:44,971 DEBUG    [line range] com/fasterxml/jackson/core/json/JsonGeneratorImpl.java disable 138:145
2021-07-03 21:12:45,012 DEBUG                  - depth 0, hash d58d420, HEAD~319
2021-07-03 21:12:45,344 DEBUG    [line range] com/fasterxml/jackson/core/json/JsonWriteContext.java <init> 69:75
2021-07-03 21:12:45,386 DEBUG                  - depth 0, hash 007dccb, HEAD~860
2021-07-03 21:12:45,392 DEBUG                  - depth 1, hash f9ad80f, HEAD~915
2021-07-03 21:12:45,397 DEBUG                  - depth 2, hash f15531c, HEAD~1244
2021-07-03 21:12:45,401 DEBUG    [line range] com/fasterxml/jackson/core/json/JsonWriteContext.java clearAndGetParent 151:155
2021-07-03 21:12:45,443 DEBUG                  - depth 0, hash b4567ca, HEAD~350
2021-07-03 21:12:45,449 DEBUG    [line range] com/fasterxml/jackson/core/json/JsonWriteContext.java createRootContext 114:116
2021-07-03 21:12:45,492 DEBUG                  - depth 0, hash 483e662, HEAD~674
2021-07-03 21:12:45,498 DEBUG                  - depth 1, hash 007dccb, HEAD~860
2021-07-03 21:12:45,502 DEBUG                  - depth 2, hash f9ad80f, HEAD~915
2021-07-03 21:12:45,507 DEBUG    [line range] com/fasterxml/jackson/core/json/JsonWriteContext.java writeFieldName 166:174
2021-07-03 21:12:45,549 DEBUG                  - depth 0, hash e0b105f, HEAD~235
2021-07-03 21:12:45,555 DEBUG                  - depth 1, hash b9a86aa, HEAD~327
2021-07-03 21:12:45,559 DEBUG                  - depth 2, hash 12e8fed, HEAD~662
2021-07-03 21:12:45,564 DEBUG                  - depth 3, hash 27eb3c1, HEAD~677
2021-07-03 21:12:45,568 DEBUG                  - depth 4, hash 007dccb, HEAD~860
2021-07-03 21:12:45,572 DEBUG                  - depth 5, hash f9ad80f, HEAD~915
2021-07-03 21:12:45,577 DEBUG                  - depth 6, hash 7dc9de6, HEAD~957
2021-07-03 21:12:45,581 DEBUG                  - depth 7, hash f15531c, HEAD~1244
2021-07-03 21:12:45,586 DEBUG    [line range] com/fasterxml/jackson/core/json/JsonWriteContext.java writeValue 184:206
2021-07-03 21:12:45,627 DEBUG                  - depth 0, hash 5cddffa, HEAD~610
2021-07-03 21:12:45,633 DEBUG                  - depth 1, hash 27eb3c1, HEAD~677
2021-07-03 21:12:45,638 DEBUG                  - depth 2, hash 007dccb, HEAD~860
2021-07-03 21:12:45,642 DEBUG                  - depth 3, hash 7dc9de6, HEAD~957
2021-07-03 21:12:45,647 DEBUG                  - depth 4, hash f15531c, HEAD~1244
2021-07-03 21:12:45,652 DEBUG    [line range] com/fasterxml/jackson/core/json/ReaderBasedJsonParser.java _closeInput 182:197
2021-07-03 21:12:45,728 DEBUG                  - depth 0, hash 007dccb, HEAD~860
2021-07-03 21:12:45,734 DEBUG                  - depth 1, hash f15531c, HEAD~1244
2021-07-03 21:12:45,739 DEBUG    [line range] com/fasterxml/jackson/core/json/ReaderBasedJsonParser.java _releaseBuffers 205:218
2021-07-03 21:12:45,815 DEBUG                  - depth 0, hash 64aa9d2, HEAD~829
2021-07-03 21:12:45,821 DEBUG                  - depth 1, hash 007dccb, HEAD~860
2021-07-03 21:12:45,825 DEBUG                  - depth 2, hash e15b9a8, HEAD~861
2021-07-03 21:12:45,830 DEBUG                  - depth 3, hash 3761c5c, HEAD~913
2021-07-03 21:12:45,834 DEBUG                  - depth 4, hash f15531c, HEAD~1244
2021-07-03 21:12:46,365 DEBUG    [line range] com/fasterxml/jackson/core/json/WriterBasedJsonGenerator.java <clinit> 22:22
2021-07-03 21:12:46,484 DEBUG                  - depth 0, hash f15531c, HEAD~1244
2021-07-03 21:12:46,490 DEBUG    [line range] com/fasterxml/jackson/core/json/WriterBasedJsonGenerator.java <init> 38:38
2021-07-03 21:12:46,533 DEBUG                  - depth 0, hash 63fd0ab, HEAD~208
2021-07-03 21:12:46,539 DEBUG    [line range] com/fasterxml/jackson/core/json/WriterBasedJsonGenerator.java _flushBuffer 1940:1948
2021-07-03 21:12:46,592 DEBUG                  - depth 0, hash 1dc2c61, HEAD~1108
2021-07-03 21:12:46,598 DEBUG                  - depth 1, hash f15531c, HEAD~1244
2021-07-03 21:12:46,603 DEBUG    [line range] com/fasterxml/jackson/core/json/WriterBasedJsonGenerator.java _releaseBuffers 936:949
2021-07-03 21:12:46,657 DEBUG                  - depth 0, hash 933f33c, HEAD~66
2021-07-03 21:12:46,662 DEBUG                  - depth 1, hash f975512, HEAD~80
2021-07-03 21:12:46,667 DEBUG                  - depth 2, hash 5497073, HEAD~81
2021-07-03 21:12:46,671 DEBUG                  - depth 3, hash f15531c, HEAD~1244
2021-07-03 21:12:46,676 DEBUG    [line range] com/fasterxml/jackson/core/json/WriterBasedJsonGenerator.java _verifyValueWrite 840:873
2021-07-03 21:12:46,731 DEBUG                  - depth 0, hash 0c14032, HEAD~97
2021-07-03 21:12:46,737 DEBUG                  - depth 1, hash 12cea03, HEAD~162
2021-07-03 21:12:46,741 DEBUG                  - depth 2, hash 3b1a36b, HEAD~789
2021-07-03 21:12:46,746 DEBUG                  - depth 3, hash 15f909b, HEAD~790
2021-07-03 21:12:46,750 DEBUG                  - depth 4, hash 2343927, HEAD~1034
2021-07-03 21:12:46,755 DEBUG                  - depth 5, hash 1dc2c61, HEAD~1108
2021-07-03 21:12:46,759 DEBUG                  - depth 6, hash e6dfc69, HEAD~1111
2021-07-03 21:12:46,763 DEBUG                  - depth 7, hash f15531c, HEAD~1244
2021-07-03 21:12:46,768 DEBUG    [line range] com/fasterxml/jackson/core/json/WriterBasedJsonGenerator.java _writeFieldName 153:180
2021-07-03 21:12:46,814 DEBUG                  - depth 0, hash 0c14032, HEAD~97
2021-07-03 21:12:46,820 DEBUG                  - depth 1, hash 63fd0ab, HEAD~208
2021-07-03 21:12:46,824 DEBUG                  - depth 2, hash d58d420, HEAD~319
2021-07-03 21:12:46,829 DEBUG                  - depth 3, hash b4067f1, HEAD~349
2021-07-03 21:12:46,833 DEBUG    [line range] com/fasterxml/jackson/core/json/WriterBasedJsonGenerator.java _writeString 957:984
2021-07-03 21:12:46,887 DEBUG                  - depth 0, hash 15f909b, HEAD~790
2021-07-03 21:12:46,893 DEBUG                  - depth 1, hash f15531c, HEAD~1244
2021-07-03 21:12:46,898 DEBUG    [line range] com/fasterxml/jackson/core/json/WriterBasedJsonGenerator.java _writeString2 986:1021
2021-07-03 21:12:46,950 DEBUG                  - depth 0, hash 15f909b, HEAD~790
2021-07-03 21:12:46,956 DEBUG                  - depth 1, hash f15531c, HEAD~1244
2021-07-03 21:12:46,961 DEBUG    [line range] com/fasterxml/jackson/core/json/WriterBasedJsonGenerator.java close 892:934
2021-07-03 21:12:47,014 DEBUG                  - depth 0, hash 46b4f02, HEAD~460
2021-07-03 21:12:47,020 DEBUG                  - depth 1, hash f15531c, HEAD~1244
2021-07-03 21:12:47,025 DEBUG    [line range] com/fasterxml/jackson/core/json/WriterBasedJsonGenerator.java writeEndObject 291:306
2021-07-03 21:12:47,078 DEBUG                  - depth 0, hash 98f8444, HEAD~209
2021-07-03 21:12:47,083 DEBUG                  - depth 1, hash 4bace84, HEAD~291
2021-07-03 21:12:47,088 DEBUG                  - depth 2, hash b4567ca, HEAD~350
2021-07-03 21:12:47,092 DEBUG                  - depth 3, hash 1dc2c61, HEAD~1108
2021-07-03 21:12:47,097 DEBUG                  - depth 4, hash 5437738, HEAD~1153
2021-07-03 21:12:47,101 DEBUG                  - depth 5, hash f15531c, HEAD~1244
2021-07-03 21:12:47,106 DEBUG    [line range] com/fasterxml/jackson/core/json/WriterBasedJsonGenerator.java writeFieldName 132:140
2021-07-03 21:12:47,160 DEBUG                  - depth 0, hash 3aa2414, HEAD~788
2021-07-03 21:12:47,166 DEBUG                  - depth 1, hash 1dc2c61, HEAD~1108
2021-07-03 21:12:47,171 DEBUG                  - depth 2, hash f15531c, HEAD~1244
2021-07-03 21:12:47,175 DEBUG    [line range] com/fasterxml/jackson/core/json/WriterBasedJsonGenerator.java writeNumber 674:687
2021-07-03 21:12:47,228 DEBUG                  - depth 0, hash 5cddffa, HEAD~610
2021-07-03 21:12:47,234 DEBUG                  - depth 1, hash abb4089, HEAD~791
2021-07-03 21:12:47,238 DEBUG                  - depth 2, hash 7190d20, HEAD~1027
2021-07-03 21:12:47,243 DEBUG                  - depth 3, hash f15531c, HEAD~1244
2021-07-03 21:12:47,247 DEBUG    [line range] com/fasterxml/jackson/core/json/WriterBasedJsonGenerator.java writeStartObject 276:289
2021-07-03 21:12:47,301 DEBUG                  - depth 0, hash 4bace84, HEAD~291
2021-07-03 21:12:47,307 DEBUG                  - depth 1, hash 1dc2c61, HEAD~1108
2021-07-03 21:12:47,311 DEBUG                  - depth 2, hash f15531c, HEAD~1244
2021-07-03 21:12:47,316 DEBUG    [single line]   com/fasterxml/jackson/core/sym/CharsToNameCanonicalizer.java access$300 45
2021-07-03 21:12:47,360 DEBUG                  - depth 0, hash f15531c, HEAD~1244
2021-07-03 21:12:47,366 DEBUG    [line range] com/fasterxml/jackson/core/sym/CharsToNameCanonicalizer.java maybeDirty 386:386
2021-07-03 21:12:47,411 DEBUG                  - depth 0, hash 67add8c, HEAD~72
2021-07-03 21:12:47,417 DEBUG                  - depth 1, hash 9318b80, HEAD~881
2021-07-03 21:12:47,422 DEBUG                  - depth 2, hash a7ec583, HEAD~1148
2021-07-03 21:12:47,426 DEBUG                  - depth 3, hash f15531c, HEAD~1244
2021-07-03 21:12:47,430 DEBUG    [line range] com/fasterxml/jackson/core/sym/CharsToNameCanonicalizer.java mergeChild 344:363
2021-07-03 21:12:47,474 DEBUG                  - depth 0, hash 67add8c, HEAD~72
2021-07-03 21:12:47,480 DEBUG                  - depth 1, hash 383bc8f, HEAD~739
2021-07-03 21:12:47,485 DEBUG                  - depth 2, hash 9318b80, HEAD~881
2021-07-03 21:12:47,489 DEBUG                  - depth 3, hash 9c9622d, HEAD~1137
2021-07-03 21:12:47,494 DEBUG                  - depth 4, hash a7ec583, HEAD~1148
2021-07-03 21:12:47,498 DEBUG                  - depth 5, hash f15531c, HEAD~1244
2021-07-03 21:12:47,503 DEBUG    [line range] com/fasterxml/jackson/core/sym/CharsToNameCanonicalizer.java release 324:335
2021-07-03 21:12:47,547 DEBUG                  - depth 0, hash 67add8c, HEAD~72
2021-07-03 21:12:47,553 DEBUG                  - depth 1, hash 383bc8f, HEAD~739
2021-07-03 21:12:47,558 DEBUG                  - depth 2, hash 9318b80, HEAD~881
2021-07-03 21:12:47,562 DEBUG                  - depth 3, hash a7ec583, HEAD~1148
2021-07-03 21:12:47,566 DEBUG                  - depth 4, hash f15531c, HEAD~1244
2021-07-03 21:12:47,571 DEBUG    [line range] com/fasterxml/jackson/core/sym/CharsToNameCanonicalizer.java <init> 800:806
2021-07-03 21:12:47,613 DEBUG                  - depth 0, hash 67add8c, HEAD~72
2021-07-03 21:12:47,619 DEBUG    [line range] com/fasterxml/jackson/core/util/BufferRecycler.java allocCharBuffer 113:115
2021-07-03 21:12:47,661 DEBUG                  - depth 0, hash f633f10, HEAD~885
2021-07-03 21:12:47,667 DEBUG                  - depth 1, hash f15531c, HEAD~1244
2021-07-03 21:12:47,672 DEBUG    [line range] com/fasterxml/jackson/core/util/BufferRecycler.java releaseCharBuffer 131:133
2021-07-03 21:12:47,714 DEBUG                  - depth 0, hash ebf0091, HEAD~872
2021-07-03 21:12:47,720 DEBUG                  - depth 1, hash f633f10, HEAD~885
2021-07-03 21:12:47,725 DEBUG                  - depth 2, hash f15531c, HEAD~1244
2021-07-03 21:12:47,729 DEBUG    [line range] com/fasterxml/jackson/core/util/JsonParserDelegate.java close 102:102
2021-07-03 21:12:47,772 DEBUG                  - depth 0, hash f633f10, HEAD~885
2021-07-03 21:12:47,778 DEBUG                  - depth 1, hash f15531c, HEAD~1244
2021-07-03 21:12:47,783 DEBUG    [line range] com/fasterxml/jackson/core/util/TextBuffer.java getTextBuffer 310:324
2021-07-03 21:12:47,827 DEBUG                  - depth 0, hash 7f5065a, HEAD~554
2021-07-03 21:12:47,833 DEBUG                  - depth 1, hash 11f0b40, HEAD~559
2021-07-03 21:12:47,838 DEBUG                  - depth 2, hash 0c8d86e, HEAD~864
2021-07-03 21:12:47,842 DEBUG                  - depth 3, hash f15531c, HEAD~1244
2021-07-03 21:12:47,847 DEBUG    [line range] com/fasterxml/jackson/core/util/TextBuffer.java getTextOffset 284:290
2021-07-03 21:12:47,891 DEBUG                  - depth 0, hash 0c8d86e, HEAD~864
2021-07-03 21:12:47,897 DEBUG                  - depth 1, hash f15531c, HEAD~1244
2021-07-03 21:12:47,901 DEBUG    [line range] com/fasterxml/jackson/core/util/TextBuffer.java releaseBuffers 134:148
2021-07-03 21:12:47,945 DEBUG                  - depth 0, hash f633f10, HEAD~885
2021-07-03 21:12:47,951 DEBUG                  - depth 1, hash f15531c, HEAD~1244
2021-07-03 21:12:47,955 DEBUG    [line range] com/fasterxml/jackson/core/filter/FilteringParserDelegate.java getCurrentTokenId 151:154
2021-07-03 21:12:48,000 DEBUG                  - depth 0, hash dfd6909, HEAD~510
2021-07-03 21:12:48,006 DEBUG    [line range] com/fasterxml/jackson/core/filter/FilteringParserDelegate.java getText 817:817
2021-07-03 21:12:48,050 DEBUG                  - depth 0, hash dfd6909, HEAD~510
2021-07-03 21:12:48,056 DEBUG    [line range] com/fasterxml/jackson/core/filter/FilteringParserDelegate.java hasCurrentToken 160:160
2021-07-03 21:12:48,099 DEBUG                  - depth 0, hash dfd6909, HEAD~510
2021-07-03 21:12:48,105 DEBUG    [line range] com/fasterxml/jackson/core/filter/FilteringParserDelegate.java isExpectedStartArrayToken 173:173
2021-07-03 21:12:48,149 DEBUG                  - depth 0, hash dfd6909, HEAD~510
2021-07-03 21:12:48,155 DEBUG    [line range] com/fasterxml/jackson/core/filter/FilteringParserDelegate.java isExpectedStartObjectToken 174:174
2021-07-03 21:12:48,199 DEBUG                  - depth 0, hash dfd6909, HEAD~510
2021-07-03 21:12:48,205 DEBUG    [single line]   com/fasterxml/jackson/core/filter/TokenFilterContext.java getParent 13
2021-07-03 21:12:48,248 DEBUG                  - depth 0, hash b55721a, HEAD~542
2021-07-03 21:12:48,254 DEBUG    [line range] com/fasterxml/jackson/core/json/ReaderBasedJsonParser.java _getText2 347:363
2021-07-03 21:12:48,331 DEBUG                  - depth 0, hash 2574bd6, HEAD~798
2021-07-03 21:12:48,337 DEBUG                  - depth 1, hash e15b9a8, HEAD~861
2021-07-03 21:12:48,342 DEBUG                  - depth 2, hash 066463a, HEAD~921
2021-07-03 21:12:48,346 DEBUG                  - depth 3, hash ab1b250, HEAD~1036
2021-07-03 21:12:48,351 DEBUG                  - depth 4, hash 1dc2c61, HEAD~1108
2021-07-03 21:12:48,355 DEBUG                  - depth 5, hash f15531c, HEAD~1244
2021-07-03 21:12:48,360 DEBUG    [line range] com/fasterxml/jackson/core/json/ReaderBasedJsonParser.java getText 271:283
2021-07-03 21:12:48,434 DEBUG                  - depth 0, hash 2574bd6, HEAD~798
2021-07-03 21:12:48,440 DEBUG                  - depth 1, hash e15b9a8, HEAD~861
2021-07-03 21:12:48,445 DEBUG                  - depth 2, hash 1dc2c61, HEAD~1108
2021-07-03 21:12:48,449 DEBUG                  - depth 3, hash f15531c, HEAD~1244
2021-07-03 21:12:48,453 INFO     The number of BIC candidates: 189
