2021-07-03 21:06:13,003 INFO     Search BICs for /tmp/JacksonCore-9b/
2021-07-03 21:06:13,003 DEBUG    Reading the coverage of com.fasterxml.jackson.core.json.TestJsonParser::testGetValueAsTextBytes (failings)
2021-07-03 21:06:13,093 DEBUG    Reading the coverage of com.fasterxml.jackson.core.json.TestJsonParser::testGetValueAsTextChars (failings)
2021-07-03 21:06:13,184 INFO     Loaded 2x766 Coverage Matrix
2021-07-03 21:06:13,184 INFO     The number of total commits: 717
2021-07-03 21:06:13,459 DEBUG    [single line]   com/fasterxml/jackson/core/JsonEncoding.java <clinit> 18
2021-07-03 21:06:13,484 DEBUG                  - depth 0, hash f15531c, HEAD~711
2021-07-03 21:06:13,490 DEBUG    [single line]   com/fasterxml/jackson/core/JsonEncoding.java <clinit> 19
2021-07-03 21:06:13,515 DEBUG                  - depth 0, hash 347f237, HEAD~390
2021-07-03 21:06:13,521 DEBUG                  - depth 1, hash f15531c, HEAD~711
2021-07-03 21:06:13,525 DEBUG    [single line]   com/fasterxml/jackson/core/JsonEncoding.java <clinit> 20
2021-07-03 21:06:13,549 DEBUG                  - depth 0, hash 347f237, HEAD~390
2021-07-03 21:06:13,554 DEBUG                  - depth 1, hash f15531c, HEAD~711
2021-07-03 21:06:13,558 DEBUG    [single line]   com/fasterxml/jackson/core/JsonEncoding.java <clinit> 21
2021-07-03 21:06:13,582 DEBUG                  - depth 0, hash 347f237, HEAD~390
2021-07-03 21:06:13,588 DEBUG                  - depth 1, hash f15531c, HEAD~711
2021-07-03 21:06:13,592 DEBUG    [single line]   com/fasterxml/jackson/core/JsonEncoding.java <clinit> 22
2021-07-03 21:06:13,617 DEBUG                  - depth 0, hash 347f237, HEAD~390
2021-07-03 21:06:13,622 DEBUG                  - depth 1, hash f15531c, HEAD~711
2021-07-03 21:06:13,626 DEBUG    [single line]   com/fasterxml/jackson/core/JsonEncoding.java <clinit> 23
2021-07-03 21:06:13,651 DEBUG                  - depth 0, hash 347f237, HEAD~390
2021-07-03 21:06:13,657 DEBUG                  - depth 1, hash f15531c, HEAD~711
2021-07-03 21:06:13,661 DEBUG    [line range] com/fasterxml/jackson/core/JsonEncoding.java <init> 32:37
2021-07-03 21:06:13,686 DEBUG                  - depth 0, hash 347f237, HEAD~390
2021-07-03 21:06:13,691 DEBUG                  - depth 1, hash f15531c, HEAD~711
2021-07-03 21:06:14,142 DEBUG    [line range] com/fasterxml/jackson/core/JsonFactory.java <clinit> 145:145
2021-07-03 21:06:14,174 DEBUG                  - depth 0, hash 7b796a8, HEAD~474
2021-07-03 21:06:14,180 DEBUG                  - depth 1, hash 0735190, HEAD~685
2021-07-03 21:06:14,184 DEBUG    [line range] com/fasterxml/jackson/core/JsonFactory.java <init> 277:277
2021-07-03 21:06:14,216 DEBUG                  - depth 0, hash 2bba5dd, HEAD~323
2021-07-03 21:06:14,222 DEBUG                  - depth 1, hash 7b796a8, HEAD~474
2021-07-03 21:06:14,226 DEBUG                  - depth 2, hash f15531c, HEAD~711
2021-07-03 21:06:14,230 DEBUG    [line range] com/fasterxml/jackson/core/JsonFactory.java <init> 180:180
2021-07-03 21:06:14,262 DEBUG                  - depth 0, hash 95f76a4, HEAD~569
2021-07-03 21:06:14,267 DEBUG                  - depth 1, hash f15531c, HEAD~711
2021-07-03 21:06:14,272 DEBUG    [line range] com/fasterxml/jackson/core/JsonFactory.java <init> 279:279
2021-07-03 21:06:14,304 DEBUG                  - depth 0, hash f15531c, HEAD~711
2021-07-03 21:06:14,309 DEBUG    [line range] com/fasterxml/jackson/core/JsonFactory.java _createContext 1401:1403
2021-07-03 21:06:14,336 DEBUG                  - depth 0, hash 896000f, HEAD~294
2021-07-03 21:06:14,341 DEBUG    [line range] com/fasterxml/jackson/core/JsonFactory.java _createParser 1245:1249
2021-07-03 21:06:14,374 DEBUG                  - depth 0, hash dccffbe, HEAD~48
2021-07-03 21:06:14,379 DEBUG                  - depth 1, hash 0541b3b, HEAD~208
2021-07-03 21:06:14,383 DEBUG                  - depth 2, hash 64aa9d2, HEAD~296
2021-07-03 21:06:14,387 DEBUG                  - depth 3, hash efc2367, HEAD~343
2021-07-03 21:06:14,391 DEBUG                  - depth 4, hash 6819492, HEAD~540
2021-07-03 21:06:14,396 DEBUG                  - depth 5, hash eeb2fbd, HEAD~631
2021-07-03 21:06:14,400 DEBUG                  - depth 6, hash f15531c, HEAD~711
2021-07-03 21:06:14,404 DEBUG    [line range] com/fasterxml/jackson/core/JsonFactory.java _getBufferRecycler 1385:1395
2021-07-03 21:06:14,436 DEBUG                  - depth 0, hash f15531c, HEAD~711
2021-07-03 21:06:14,441 DEBUG    [line range] com/fasterxml/jackson/core/JsonFactory.java createParser 791:800
2021-07-03 21:06:14,472 DEBUG                  - depth 0, hash 896000f, HEAD~294
2021-07-03 21:06:14,477 DEBUG                  - depth 1, hash 32e4e91, HEAD~320
2021-07-03 21:06:14,481 DEBUG                  - depth 2, hash 6819492, HEAD~540
2021-07-03 21:06:14,485 DEBUG                  - depth 3, hash feaabd1, HEAD~605
2021-07-03 21:06:14,489 DEBUG    [line range] com/fasterxml/jackson/core/JsonFactory.java <init> 123:123
2021-07-03 21:06:14,521 DEBUG                  - depth 0, hash e15b9a8, HEAD~328
2021-07-03 21:06:14,527 DEBUG                  - depth 1, hash 0735190, HEAD~685
2021-07-03 21:06:14,531 DEBUG    [line range] com/fasterxml/jackson/core/JsonFactory.java collectDefaults 115:121
2021-07-03 21:06:14,563 DEBUG                  - depth 0, hash e15b9a8, HEAD~328
2021-07-03 21:06:14,568 DEBUG                  - depth 1, hash 0735190, HEAD~685
2021-07-03 21:06:14,572 DEBUG    [line range] com/fasterxml/jackson/core/JsonFactory.java enabledByDefault 125:125
2021-07-03 21:06:14,604 DEBUG                  - depth 0, hash 0735190, HEAD~685
2021-07-03 21:06:14,610 DEBUG    [line range] com/fasterxml/jackson/core/JsonFactory.java enabledIn 126:126
2021-07-03 21:06:14,641 DEBUG                  - depth 0, hash 0735190, HEAD~685
2021-07-03 21:06:14,647 DEBUG    [line range] com/fasterxml/jackson/core/JsonFactory.java getMask 127:127
2021-07-03 21:06:14,678 DEBUG                  - depth 0, hash 0735190, HEAD~685
2021-07-03 21:06:15,099 DEBUG    [single line]   com/fasterxml/jackson/core/JsonGenerator.java <clinit> 45
2021-07-03 21:06:15,132 DEBUG                  - depth 0, hash f15531c, HEAD~711
2021-07-03 21:06:15,137 DEBUG    [single line]   com/fasterxml/jackson/core/JsonGenerator.java <clinit> 59
2021-07-03 21:06:15,169 DEBUG                  - depth 0, hash 0735190, HEAD~685
2021-07-03 21:06:15,174 DEBUG                  - depth 1, hash 9fc55aa, HEAD~686
2021-07-03 21:06:15,179 DEBUG                  - depth 2, hash f15531c, HEAD~711
2021-07-03 21:06:15,183 DEBUG    [single line]   com/fasterxml/jackson/core/JsonGenerator.java <clinit> 71
2021-07-03 21:06:15,215 DEBUG                  - depth 0, hash 0735190, HEAD~685
2021-07-03 21:06:15,220 DEBUG                  - depth 1, hash 9fc55aa, HEAD~686
2021-07-03 21:06:15,224 DEBUG                  - depth 2, hash f15531c, HEAD~711
2021-07-03 21:06:15,229 DEBUG    [single line]   com/fasterxml/jackson/core/JsonGenerator.java <clinit> 82
2021-07-03 21:06:15,261 DEBUG                  - depth 0, hash 0735190, HEAD~685
2021-07-03 21:06:15,266 DEBUG                  - depth 1, hash 9fc55aa, HEAD~686
2021-07-03 21:06:15,270 DEBUG                  - depth 2, hash f15531c, HEAD~711
2021-07-03 21:06:15,274 DEBUG    [single line]   com/fasterxml/jackson/core/JsonGenerator.java <clinit> 96
2021-07-03 21:06:15,307 DEBUG                  - depth 0, hash 0735190, HEAD~685
2021-07-03 21:06:15,312 DEBUG                  - depth 1, hash 9fc55aa, HEAD~686
2021-07-03 21:06:15,316 DEBUG                  - depth 2, hash f15531c, HEAD~711
2021-07-03 21:06:15,320 DEBUG    [single line]   com/fasterxml/jackson/core/JsonGenerator.java <clinit> 113
2021-07-03 21:06:15,354 DEBUG                  - depth 0, hash 0735190, HEAD~685
2021-07-03 21:06:15,359 DEBUG                  - depth 1, hash 9fc55aa, HEAD~686
2021-07-03 21:06:15,363 DEBUG                  - depth 2, hash f15531c, HEAD~711
2021-07-03 21:06:15,367 DEBUG    [single line]   com/fasterxml/jackson/core/JsonGenerator.java <clinit> 125
2021-07-03 21:06:15,397 DEBUG                  - depth 0, hash 0dba714, HEAD~448
2021-07-03 21:06:15,403 DEBUG    [single line]   com/fasterxml/jackson/core/JsonGenerator.java <clinit> 138
2021-07-03 21:06:15,435 DEBUG                  - depth 0, hash 0735190, HEAD~685
2021-07-03 21:06:15,440 DEBUG                  - depth 1, hash 9fc55aa, HEAD~686
2021-07-03 21:06:15,444 DEBUG                  - depth 2, hash f15531c, HEAD~711
2021-07-03 21:06:15,448 DEBUG    [single line]   com/fasterxml/jackson/core/JsonGenerator.java <clinit> 155
2021-07-03 21:06:15,481 DEBUG                  - depth 0, hash 0735190, HEAD~685
2021-07-03 21:06:15,487 DEBUG                  - depth 1, hash 9fc55aa, HEAD~686
2021-07-03 21:06:15,491 DEBUG                  - depth 2, hash f15531c, HEAD~711
2021-07-03 21:06:15,495 DEBUG    [single line]   com/fasterxml/jackson/core/JsonGenerator.java <clinit> 172
2021-07-03 21:06:15,528 DEBUG                  - depth 0, hash f9ad80f, HEAD~382
2021-07-03 21:06:15,533 DEBUG                  - depth 1, hash f15531c, HEAD~711
2021-07-03 21:06:15,537 DEBUG    [single line]   com/fasterxml/jackson/core/JsonGenerator.java <clinit> 194
2021-07-03 21:06:15,570 DEBUG                  - depth 0, hash 27eb3c1, HEAD~144
2021-07-03 21:06:15,575 DEBUG                  - depth 1, hash f15531c, HEAD~711
2021-07-03 21:06:15,579 DEBUG    [line range] com/fasterxml/jackson/core/JsonGenerator.java <init> 215:218
2021-07-03 21:06:15,612 DEBUG                  - depth 0, hash 483e662, HEAD~141
2021-07-03 21:06:15,617 DEBUG                  - depth 1, hash 0735190, HEAD~685
2021-07-03 21:06:15,622 DEBUG                  - depth 2, hash 9fc55aa, HEAD~686
2021-07-03 21:06:15,626 DEBUG                  - depth 3, hash f15531c, HEAD~711
2021-07-03 21:06:15,630 DEBUG    [line range] com/fasterxml/jackson/core/JsonGenerator.java collectDefaults 204:213
2021-07-03 21:06:15,663 DEBUG                  - depth 0, hash f15531c, HEAD~711
2021-07-03 21:06:15,668 DEBUG    [line range] com/fasterxml/jackson/core/JsonGenerator.java enabledByDefault 220:220
2021-07-03 21:06:15,700 DEBUG                  - depth 0, hash f15531c, HEAD~711
2021-07-03 21:06:15,706 DEBUG    [line range] com/fasterxml/jackson/core/JsonGenerator.java getMask 227:227
2021-07-03 21:06:15,738 DEBUG                  - depth 0, hash f15531c, HEAD~711
2021-07-03 21:06:16,138 DEBUG    [line range] com/fasterxml/jackson/core/JsonParser.java <init> 271:271
2021-07-03 21:06:16,171 DEBUG                  - depth 0, hash ed4098c, HEAD~332
2021-07-03 21:06:16,177 DEBUG                  - depth 1, hash f15531c, HEAD~711
2021-07-03 21:06:16,181 DEBUG    [single line]   com/fasterxml/jackson/core/JsonParser.java <clinit> 43
2021-07-03 21:06:16,214 DEBUG                  - depth 0, hash f15531c, HEAD~711
2021-07-03 21:06:16,219 DEBUG    [single line]   com/fasterxml/jackson/core/JsonParser.java <clinit> 59
2021-07-03 21:06:16,252 DEBUG                  - depth 0, hash 0735190, HEAD~685
2021-07-03 21:06:16,258 DEBUG                  - depth 1, hash 9fc55aa, HEAD~686
2021-07-03 21:06:16,262 DEBUG                  - depth 2, hash f15531c, HEAD~711
2021-07-03 21:06:16,266 DEBUG    [single line]   com/fasterxml/jackson/core/JsonParser.java <clinit> 75
2021-07-03 21:06:16,300 DEBUG                  - depth 0, hash 0735190, HEAD~685
2021-07-03 21:06:16,305 DEBUG                  - depth 1, hash 9fc55aa, HEAD~686
2021-07-03 21:06:16,310 DEBUG                  - depth 2, hash f15531c, HEAD~711
2021-07-03 21:06:16,314 DEBUG    [single line]   com/fasterxml/jackson/core/JsonParser.java <clinit> 89
2021-07-03 21:06:16,343 DEBUG                  - depth 0, hash 3f84224, HEAD~400
2021-07-03 21:06:16,348 DEBUG    [single line]   com/fasterxml/jackson/core/JsonParser.java <clinit> 100
2021-07-03 21:06:16,382 DEBUG                  - depth 0, hash 0735190, HEAD~685
2021-07-03 21:06:16,387 DEBUG                  - depth 1, hash 9fc55aa, HEAD~686
2021-07-03 21:06:16,392 DEBUG                  - depth 2, hash f15531c, HEAD~711
2021-07-03 21:06:16,396 DEBUG    [single line]   com/fasterxml/jackson/core/JsonParser.java <clinit> 113
2021-07-03 21:06:16,429 DEBUG                  - depth 0, hash 0735190, HEAD~685
2021-07-03 21:06:16,435 DEBUG                  - depth 1, hash 9fc55aa, HEAD~686
2021-07-03 21:06:16,439 DEBUG                  - depth 2, hash f15531c, HEAD~711
2021-07-03 21:06:16,443 DEBUG    [single line]   com/fasterxml/jackson/core/JsonParser.java <clinit> 126
2021-07-03 21:06:16,477 DEBUG                  - depth 0, hash 0735190, HEAD~685
2021-07-03 21:06:16,482 DEBUG                  - depth 1, hash 9fc55aa, HEAD~686
2021-07-03 21:06:16,487 DEBUG                  - depth 2, hash f15531c, HEAD~711
2021-07-03 21:06:16,491 DEBUG    [single line]   com/fasterxml/jackson/core/JsonParser.java <clinit> 137
2021-07-03 21:06:16,524 DEBUG                  - depth 0, hash 0735190, HEAD~685
2021-07-03 21:06:16,529 DEBUG                  - depth 1, hash 9fc55aa, HEAD~686
2021-07-03 21:06:16,534 DEBUG                  - depth 2, hash f15531c, HEAD~711
2021-07-03 21:06:16,538 DEBUG    [single line]   com/fasterxml/jackson/core/JsonParser.java <clinit> 149
2021-07-03 21:06:16,571 DEBUG                  - depth 0, hash 0735190, HEAD~685
2021-07-03 21:06:16,577 DEBUG                  - depth 1, hash 9fc55aa, HEAD~686
2021-07-03 21:06:16,581 DEBUG                  - depth 2, hash f15531c, HEAD~711
2021-07-03 21:06:16,585 DEBUG    [single line]   com/fasterxml/jackson/core/JsonParser.java <clinit> 169
2021-07-03 21:06:16,619 DEBUG                  - depth 0, hash 0735190, HEAD~685
2021-07-03 21:06:16,624 DEBUG                  - depth 1, hash 9fc55aa, HEAD~686
2021-07-03 21:06:16,628 DEBUG                  - depth 2, hash f15531c, HEAD~711
2021-07-03 21:06:16,632 DEBUG    [single line]   com/fasterxml/jackson/core/JsonParser.java <clinit> 187
2021-07-03 21:06:16,666 DEBUG                  - depth 0, hash 6fc0271, HEAD~384
2021-07-03 21:06:16,671 DEBUG                  - depth 1, hash f15531c, HEAD~711
2021-07-03 21:06:16,675 DEBUG    [single line]   com/fasterxml/jackson/core/JsonParser.java <clinit> 211
2021-07-03 21:06:16,708 DEBUG                  - depth 0, hash dbaf193, HEAD~35
2021-07-03 21:06:16,714 DEBUG                  - depth 1, hash f15531c, HEAD~711
2021-07-03 21:06:16,718 DEBUG    [line range] com/fasterxml/jackson/core/JsonParser.java <init> 236:239
2021-07-03 21:06:16,752 DEBUG                  - depth 0, hash f9ad80f, HEAD~382
2021-07-03 21:06:16,758 DEBUG                  - depth 1, hash 0735190, HEAD~685
2021-07-03 21:06:16,762 DEBUG                  - depth 2, hash 9fc55aa, HEAD~686
2021-07-03 21:06:16,766 DEBUG                  - depth 3, hash f15531c, HEAD~711
2021-07-03 21:06:16,770 DEBUG    [line range] com/fasterxml/jackson/core/JsonParser.java collectDefaults 225:234
2021-07-03 21:06:16,803 DEBUG                  - depth 0, hash f15531c, HEAD~711
2021-07-03 21:06:16,809 DEBUG    [line range] com/fasterxml/jackson/core/JsonParser.java enabledByDefault 241:241
2021-07-03 21:06:16,842 DEBUG                  - depth 0, hash f15531c, HEAD~711
2021-07-03 21:06:16,848 DEBUG    [line range] com/fasterxml/jackson/core/JsonParser.java enabledIn 246:246
2021-07-03 21:06:16,882 DEBUG                  - depth 0, hash f9ad80f, HEAD~382
2021-07-03 21:06:16,887 DEBUG                  - depth 1, hash 6fc0271, HEAD~384
2021-07-03 21:06:16,891 DEBUG                  - depth 2, hash 0735190, HEAD~685
2021-07-03 21:06:16,895 DEBUG                  - depth 3, hash 9fc55aa, HEAD~686
2021-07-03 21:06:16,900 DEBUG                  - depth 4, hash f15531c, HEAD~711
2021-07-03 21:06:16,904 DEBUG    [line range] com/fasterxml/jackson/core/JsonParser.java getMask 248:248
2021-07-03 21:06:16,938 DEBUG                  - depth 0, hash 8b88443, HEAD~138
2021-07-03 21:06:16,943 DEBUG                  - depth 1, hash f15531c, HEAD~711
2021-07-03 21:06:17,234 DEBUG    [line range] com/fasterxml/jackson/core/JsonStreamContext.java <init> 43:43
2021-07-03 21:06:17,260 DEBUG                  - depth 0, hash f15531c, HEAD~711
2021-07-03 21:06:17,265 DEBUG    [line range] com/fasterxml/jackson/core/JsonStreamContext.java inObject 74:74
2021-07-03 21:06:17,290 DEBUG                  - depth 0, hash f15531c, HEAD~711
2021-07-03 21:06:17,296 DEBUG    [line range] com/fasterxml/jackson/core/JsonStreamContext.java inRoot 68:68
2021-07-03 21:06:17,321 DEBUG                  - depth 0, hash f15531c, HEAD~711
2021-07-03 21:06:17,643 DEBUG    [single line]   com/fasterxml/jackson/core/JsonToken.java <clinit> 12
2021-07-03 21:06:17,668 DEBUG                  - depth 0, hash f15531c, HEAD~711
2021-07-03 21:06:17,674 DEBUG    [single line]   com/fasterxml/jackson/core/JsonToken.java <clinit> 31
2021-07-03 21:06:17,699 DEBUG                  - depth 0, hash 066463a, HEAD~388
2021-07-03 21:06:17,705 DEBUG                  - depth 1, hash a663c69, HEAD~391
2021-07-03 21:06:17,709 DEBUG                  - depth 2, hash f15531c, HEAD~711
2021-07-03 21:06:17,713 DEBUG    [single line]   com/fasterxml/jackson/core/JsonToken.java <clinit> 37
2021-07-03 21:06:17,738 DEBUG                  - depth 0, hash 066463a, HEAD~388
2021-07-03 21:06:17,744 DEBUG                  - depth 1, hash a663c69, HEAD~391
2021-07-03 21:06:17,748 DEBUG                  - depth 2, hash f15531c, HEAD~711
2021-07-03 21:06:17,752 DEBUG    [single line]   com/fasterxml/jackson/core/JsonToken.java <clinit> 43
2021-07-03 21:06:17,778 DEBUG                  - depth 0, hash 066463a, HEAD~388
2021-07-03 21:06:17,784 DEBUG                  - depth 1, hash a663c69, HEAD~391
2021-07-03 21:06:17,788 DEBUG                  - depth 2, hash f15531c, HEAD~711
2021-07-03 21:06:17,792 DEBUG    [single line]   com/fasterxml/jackson/core/JsonToken.java <clinit> 49
2021-07-03 21:06:17,818 DEBUG                  - depth 0, hash 066463a, HEAD~388
2021-07-03 21:06:17,823 DEBUG                  - depth 1, hash a663c69, HEAD~391
2021-07-03 21:06:17,827 DEBUG                  - depth 2, hash f15531c, HEAD~711
2021-07-03 21:06:17,832 DEBUG    [single line]   com/fasterxml/jackson/core/JsonToken.java <clinit> 55
2021-07-03 21:06:17,857 DEBUG                  - depth 0, hash 066463a, HEAD~388
2021-07-03 21:06:17,863 DEBUG                  - depth 1, hash a663c69, HEAD~391
2021-07-03 21:06:17,867 DEBUG                  - depth 2, hash f15531c, HEAD~711
2021-07-03 21:06:17,871 DEBUG    [single line]   com/fasterxml/jackson/core/JsonToken.java <clinit> 61
2021-07-03 21:06:17,897 DEBUG                  - depth 0, hash 066463a, HEAD~388
2021-07-03 21:06:17,902 DEBUG                  - depth 1, hash a663c69, HEAD~391
2021-07-03 21:06:17,906 DEBUG                  - depth 2, hash f15531c, HEAD~711
2021-07-03 21:06:17,910 DEBUG    [single line]   com/fasterxml/jackson/core/JsonToken.java <clinit> 73
2021-07-03 21:06:17,936 DEBUG                  - depth 0, hash 066463a, HEAD~388
2021-07-03 21:06:17,941 DEBUG                  - depth 1, hash a663c69, HEAD~391
2021-07-03 21:06:17,945 DEBUG                  - depth 2, hash f15531c, HEAD~711
2021-07-03 21:06:17,950 DEBUG    [single line]   com/fasterxml/jackson/core/JsonToken.java <clinit> 80
2021-07-03 21:06:17,975 DEBUG                  - depth 0, hash 066463a, HEAD~388
2021-07-03 21:06:17,981 DEBUG                  - depth 1, hash a663c69, HEAD~391
2021-07-03 21:06:17,985 DEBUG                  - depth 2, hash f15531c, HEAD~711
2021-07-03 21:06:17,989 DEBUG    [single line]   com/fasterxml/jackson/core/JsonToken.java <clinit> 88
2021-07-03 21:06:18,014 DEBUG                  - depth 0, hash 066463a, HEAD~388
2021-07-03 21:06:18,020 DEBUG                  - depth 1, hash a663c69, HEAD~391
2021-07-03 21:06:18,024 DEBUG                  - depth 2, hash f15531c, HEAD~711
2021-07-03 21:06:18,028 DEBUG    [single line]   com/fasterxml/jackson/core/JsonToken.java <clinit> 96
2021-07-03 21:06:18,054 DEBUG                  - depth 0, hash 066463a, HEAD~388
2021-07-03 21:06:18,059 DEBUG                  - depth 1, hash a663c69, HEAD~391
2021-07-03 21:06:18,063 DEBUG                  - depth 2, hash f15531c, HEAD~711
2021-07-03 21:06:18,067 DEBUG    [single line]   com/fasterxml/jackson/core/JsonToken.java <clinit> 102
2021-07-03 21:06:18,093 DEBUG                  - depth 0, hash 066463a, HEAD~388
2021-07-03 21:06:18,098 DEBUG                  - depth 1, hash 8b9b4cd, HEAD~389
2021-07-03 21:06:18,103 DEBUG                  - depth 2, hash a663c69, HEAD~391
2021-07-03 21:06:18,107 DEBUG                  - depth 3, hash f15531c, HEAD~711
2021-07-03 21:06:18,111 DEBUG    [single line]   com/fasterxml/jackson/core/JsonToken.java <clinit> 108
2021-07-03 21:06:18,136 DEBUG                  - depth 0, hash 066463a, HEAD~388
2021-07-03 21:06:18,141 DEBUG                  - depth 1, hash 8b9b4cd, HEAD~389
2021-07-03 21:06:18,145 DEBUG                  - depth 2, hash a663c69, HEAD~391
2021-07-03 21:06:18,150 DEBUG                  - depth 3, hash f15531c, HEAD~711
2021-07-03 21:06:18,154 DEBUG    [single line]   com/fasterxml/jackson/core/JsonToken.java <clinit> 114
2021-07-03 21:06:18,179 DEBUG                  - depth 0, hash 066463a, HEAD~388
2021-07-03 21:06:18,185 DEBUG                  - depth 1, hash 8b9b4cd, HEAD~389
2021-07-03 21:06:18,189 DEBUG                  - depth 2, hash a663c69, HEAD~391
2021-07-03 21:06:18,193 DEBUG                  - depth 3, hash f15531c, HEAD~711
2021-07-03 21:06:18,197 DEBUG    [line range] com/fasterxml/jackson/core/JsonToken.java <init> 137:164
2021-07-03 21:06:18,223 DEBUG                  - depth 0, hash 066463a, HEAD~388
2021-07-03 21:06:18,228 DEBUG                  - depth 1, hash 8b9b4cd, HEAD~389
2021-07-03 21:06:18,233 DEBUG                  - depth 2, hash a663c69, HEAD~391
2021-07-03 21:06:18,237 DEBUG                  - depth 3, hash f15531c, HEAD~711
2021-07-03 21:06:18,241 DEBUG    [line range] com/fasterxml/jackson/core/JsonToken.java id 166:166
2021-07-03 21:06:18,267 DEBUG                  - depth 0, hash 066463a, HEAD~388
2021-07-03 21:06:18,272 DEBUG                  - depth 1, hash f15531c, HEAD~711
2021-07-03 21:06:18,276 DEBUG    [line range] com/fasterxml/jackson/core/JsonToken.java isScalarValue 199:199
2021-07-03 21:06:18,302 DEBUG                  - depth 0, hash 32e4e91, HEAD~320
2021-07-03 21:06:18,307 DEBUG                  - depth 1, hash 066463a, HEAD~388
2021-07-03 21:06:18,312 DEBUG                  - depth 2, hash 8b9b4cd, HEAD~389
2021-07-03 21:06:18,316 DEBUG                  - depth 3, hash a663c69, HEAD~391
2021-07-03 21:06:18,320 DEBUG                  - depth 4, hash f15531c, HEAD~711
2021-07-03 21:06:18,763 DEBUG    [line range] com/fasterxml/jackson/core/base/ParserBase.java <clinit> 194:194
2021-07-03 21:06:18,793 DEBUG                  - depth 0, hash 9340204, HEAD~642
2021-07-03 21:06:18,798 DEBUG                  - depth 1, hash f15531c, HEAD~711
2021-07-03 21:06:18,803 DEBUG    [line range] com/fasterxml/jackson/core/base/ParserBase.java <init> 53:53
2021-07-03 21:06:18,832 DEBUG                  - depth 0, hash f15531c, HEAD~711
2021-07-03 21:06:18,838 DEBUG    [line range] com/fasterxml/jackson/core/base/ParserBase.java resetInt 556:564
2021-07-03 21:06:18,867 DEBUG                  - depth 0, hash f15531c, HEAD~711
2021-07-03 21:06:19,280 DEBUG    [line range] com/fasterxml/jackson/core/base/ParserMinimalBase.java <init> 73:73
2021-07-03 21:06:19,308 DEBUG                  - depth 0, hash 32e4e91, HEAD~320
2021-07-03 21:06:19,314 DEBUG                  - depth 1, hash f15531c, HEAD~711
2021-07-03 21:06:19,318 DEBUG    [line range] com/fasterxml/jackson/core/base/ParserMinimalBase.java getValueAsString 395:403
2021-07-03 21:06:19,345 DEBUG                  - depth 0, hash 53c68d4, HEAD~20
2021-07-03 21:06:19,350 DEBUG                  - depth 1, hash 32e4e91, HEAD~320
2021-07-03 21:06:19,354 DEBUG                  - depth 2, hash 5ad18ff, HEAD~581
2021-07-03 21:06:19,698 DEBUG    [line range] com/fasterxml/jackson/core/io/CharTypes.java <clinit> 7:7
2021-07-03 21:06:19,723 DEBUG                  - depth 0, hash fedd795, HEAD~336
2021-07-03 21:06:19,729 DEBUG                  - depth 1, hash f15531c, HEAD~711
2021-07-03 21:06:19,735 DEBUG    [line range] com/fasterxml/jackson/core/io/CharTypes.java getInputCodeLatin1 195:195
2021-07-03 21:06:19,760 DEBUG                  - depth 0, hash 1dc2c61, HEAD~575
2021-07-03 21:06:19,765 DEBUG                  - depth 1, hash f15531c, HEAD~711
2021-07-03 21:06:19,769 DEBUG    [line range] com/fasterxml/jackson/core/io/CharTypes.java getInputCodeUtf8 196:196
2021-07-03 21:06:19,795 DEBUG                  - depth 0, hash a3de8a0, HEAD~399
2021-07-03 21:06:19,800 DEBUG                  - depth 1, hash 1dc2c61, HEAD~575
2021-07-03 21:06:19,805 DEBUG                  - depth 2, hash f15531c, HEAD~711
2021-07-03 21:06:20,134 DEBUG    [line range] com/fasterxml/jackson/core/io/IOContext.java <init> 59:59
2021-07-03 21:06:20,160 DEBUG                  - depth 0, hash f15531c, HEAD~711
2021-07-03 21:06:20,166 DEBUG    [line range] com/fasterxml/jackson/core/io/IOContext.java constructTextBuffer 136:138
2021-07-03 21:06:20,192 DEBUG                  - depth 0, hash 1dc2c61, HEAD~575
2021-07-03 21:06:20,197 DEBUG                  - depth 1, hash f15531c, HEAD~711
2021-07-03 21:06:20,201 DEBUG    [line range] com/fasterxml/jackson/core/io/IOContext.java setEncoding 108:110
2021-07-03 21:06:20,227 DEBUG                  - depth 0, hash 2343927, HEAD~501
2021-07-03 21:06:20,232 DEBUG                  - depth 1, hash f15531c, HEAD~711
2021-07-03 21:06:20,570 DEBUG    [line range] com/fasterxml/jackson/core/io/SerializedString.java <init> 47:52
2021-07-03 21:06:20,595 DEBUG                  - depth 0, hash 95f76a4, HEAD~569
2021-07-03 21:06:20,601 DEBUG                  - depth 1, hash f15531c, HEAD~711
2021-07-03 21:06:20,983 DEBUG    [line range] com/fasterxml/jackson/core/json/ByteSourceJsonBootstrapper.java <init> 74:74
2021-07-03 21:06:21,009 DEBUG                  - depth 0, hash f15531c, HEAD~711
2021-07-03 21:06:21,015 DEBUG    [line range] com/fasterxml/jackson/core/json/ByteSourceJsonBootstrapper.java checkUTF16 447:460
2021-07-03 21:06:21,040 DEBUG                  - depth 0, hash f15531c, HEAD~711
2021-07-03 21:06:21,045 DEBUG    [line range] com/fasterxml/jackson/core/json/ByteSourceJsonBootstrapper.java checkUTF32 424:445
2021-07-03 21:06:21,070 DEBUG                  - depth 0, hash 007dccb, HEAD~327
2021-07-03 21:06:21,076 DEBUG                  - depth 1, hash f15531c, HEAD~711
2021-07-03 21:06:21,080 DEBUG    [line range] com/fasterxml/jackson/core/json/ByteSourceJsonBootstrapper.java constructParser 211:229
2021-07-03 21:06:21,107 DEBUG                  - depth 0, hash 3a00c86, HEAD~60
2021-07-03 21:06:21,112 DEBUG                  - depth 1, hash 0541b3b, HEAD~208
2021-07-03 21:06:21,117 DEBUG                  - depth 2, hash 64aa9d2, HEAD~296
2021-07-03 21:06:21,121 DEBUG                  - depth 3, hash 007dccb, HEAD~327
2021-07-03 21:06:21,125 DEBUG                  - depth 4, hash 347f237, HEAD~390
2021-07-03 21:06:21,129 DEBUG                  - depth 5, hash 0735190, HEAD~685
2021-07-03 21:06:21,133 DEBUG                  - depth 6, hash f15531c, HEAD~711
2021-07-03 21:06:21,138 DEBUG    [line range] com/fasterxml/jackson/core/json/ByteSourceJsonBootstrapper.java detectEncoding 115:173
2021-07-03 21:06:21,164 DEBUG                  - depth 0, hash 007dccb, HEAD~327
2021-07-03 21:06:21,169 DEBUG                  - depth 1, hash f15531c, HEAD~711
2021-07-03 21:06:21,174 DEBUG    [line range] com/fasterxml/jackson/core/json/ByteSourceJsonBootstrapper.java ensureLoaded 478:498
2021-07-03 21:06:21,200 DEBUG                  - depth 0, hash 007dccb, HEAD~327
2021-07-03 21:06:21,205 DEBUG                  - depth 1, hash f15531c, HEAD~711
2021-07-03 21:06:21,210 DEBUG    [line range] com/fasterxml/jackson/core/json/ByteSourceJsonBootstrapper.java handleBOM 379:422
2021-07-03 21:06:21,235 DEBUG                  - depth 0, hash 007dccb, HEAD~327
2021-07-03 21:06:21,241 DEBUG                  - depth 1, hash f15531c, HEAD~711
2021-07-03 21:06:21,578 DEBUG    [line range] com/fasterxml/jackson/core/json/JsonReadContext.java <init> 33:33
2021-07-03 21:06:21,604 DEBUG                  - depth 0, hash f15531c, HEAD~711
2021-07-03 21:06:21,610 DEBUG    [line range] com/fasterxml/jackson/core/json/JsonReadContext.java createRootContext 120:122
2021-07-03 21:06:21,634 DEBUG                  - depth 0, hash f9ad80f, HEAD~382
2021-07-03 21:06:21,640 DEBUG                  - depth 1, hash f15531c, HEAD~711
2021-07-03 21:06:21,644 DEBUG    [line range] com/fasterxml/jackson/core/json/JsonReadContext.java expectComma 181:188
2021-07-03 21:06:21,670 DEBUG                  - depth 0, hash 007dccb, HEAD~327
2021-07-03 21:06:21,676 DEBUG                  - depth 1, hash 1dc2c61, HEAD~575
2021-07-03 21:06:21,680 DEBUG                  - depth 2, hash f15531c, HEAD~711
2021-07-03 21:06:21,684 DEBUG    [line range] com/fasterxml/jackson/core/json/JsonReadContext.java setCurrentName 190:193
2021-07-03 21:06:21,710 DEBUG                  - depth 0, hash 007dccb, HEAD~327
2021-07-03 21:06:21,715 DEBUG                  - depth 1, hash 6fc0271, HEAD~384
2021-07-03 21:06:21,720 DEBUG                  - depth 2, hash f15531c, HEAD~711
2021-07-03 21:06:22,368 DEBUG    [line range] com/fasterxml/jackson/core/json/UTF8StreamJsonParser.java <clinit> 27:27
2021-07-03 21:06:22,418 DEBUG                  - depth 0, hash 0a39869, HEAD~397
2021-07-03 21:06:22,423 DEBUG                  - depth 1, hash f15531c, HEAD~711
2021-07-03 21:06:22,428 DEBUG    [line range] com/fasterxml/jackson/core/json/UTF8StreamJsonParser.java <init> 60:60
2021-07-03 21:06:22,479 DEBUG                  - depth 0, hash f15531c, HEAD~711
2021-07-03 21:06:22,485 DEBUG    [line range] com/fasterxml/jackson/core/json/UTF8StreamJsonParser.java _getText2 362:379
2021-07-03 21:06:22,536 DEBUG                  - depth 0, hash 7ee3878, HEAD~374
2021-07-03 21:06:22,541 DEBUG                  - depth 1, hash 45f1bb3, HEAD~387
2021-07-03 21:06:22,546 DEBUG                  - depth 2, hash ab1b250, HEAD~503
2021-07-03 21:06:22,550 DEBUG                  - depth 3, hash 1dc2c61, HEAD~575
2021-07-03 21:06:22,554 DEBUG                  - depth 4, hash f15531c, HEAD~711
2021-07-03 21:06:22,558 DEBUG    [line range] com/fasterxml/jackson/core/json/UTF8StreamJsonParser.java _nextTokenNotInObject 795:836
2021-07-03 21:06:22,611 DEBUG                  - depth 0, hash 4983fd1, HEAD~236
2021-07-03 21:06:22,616 DEBUG                  - depth 1, hash 1feb504, HEAD~269
2021-07-03 21:06:22,620 DEBUG                  - depth 2, hash 7ee3878, HEAD~374
2021-07-03 21:06:22,625 DEBUG                  - depth 3, hash 38d6e35, HEAD~395
2021-07-03 21:06:22,629 DEBUG                  - depth 4, hash c0a3c76, HEAD~403
2021-07-03 21:06:22,633 DEBUG                  - depth 5, hash 1dc2c61, HEAD~575
2021-07-03 21:06:22,637 DEBUG                  - depth 6, hash f15531c, HEAD~711
2021-07-03 21:06:22,642 DEBUG    [line range] com/fasterxml/jackson/core/json/UTF8StreamJsonParser.java _parseName 1643:1703
2021-07-03 21:06:22,695 DEBUG                  - depth 0, hash 3a00c86, HEAD~60
2021-07-03 21:06:22,701 DEBUG                  - depth 1, hash b48bcfa, HEAD~66
2021-07-03 21:06:22,705 DEBUG                  - depth 2, hash 1dfdf1f, HEAD~233
2021-07-03 21:06:22,710 DEBUG                  - depth 3, hash 25968cc, HEAD~270
2021-07-03 21:06:22,714 DEBUG                  - depth 4, hash 0f42f01, HEAD~274
2021-07-03 21:06:22,718 DEBUG                  - depth 5, hash eaa2b0c, HEAD~394
2021-07-03 21:06:22,722 DEBUG                  - depth 6, hash 0a39869, HEAD~397
2021-07-03 21:06:22,726 DEBUG                  - depth 7, hash 1dc2c61, HEAD~575
2021-07-03 21:06:22,730 DEBUG                  - depth 8, hash f15531c, HEAD~711
2021-07-03 21:06:22,734 DEBUG    [line range] com/fasterxml/jackson/core/json/UTF8StreamJsonParser.java _parsePosNumber 1339:1379
2021-07-03 21:06:22,786 DEBUG                  - depth 0, hash e774d74, HEAD~158
2021-07-03 21:06:22,792 DEBUG                  - depth 1, hash 4983fd1, HEAD~236
2021-07-03 21:06:22,796 DEBUG                  - depth 2, hash 1feb504, HEAD~269
2021-07-03 21:06:22,800 DEBUG                  - depth 3, hash 38d6e35, HEAD~395
2021-07-03 21:06:22,804 DEBUG                  - depth 4, hash 1dc2c61, HEAD~575
2021-07-03 21:06:22,809 DEBUG                  - depth 5, hash f15531c, HEAD~711
2021-07-03 21:06:22,813 DEBUG    [line range] com/fasterxml/jackson/core/json/UTF8StreamJsonParser.java _skipColon 2928:2981
2021-07-03 21:06:22,864 DEBUG                  - depth 0, hash ea1fd86, HEAD~246
2021-07-03 21:06:22,870 DEBUG                  - depth 1, hash 0d1a14e, HEAD~273
2021-07-03 21:06:22,874 DEBUG                  - depth 2, hash 7ee3878, HEAD~374
2021-07-03 21:06:22,878 DEBUG                  - depth 3, hash 89d5f32, HEAD~398
2021-07-03 21:06:22,882 DEBUG                  - depth 4, hash a3de8a0, HEAD~399
2021-07-03 21:06:22,887 DEBUG                  - depth 5, hash c0a3c76, HEAD~403
2021-07-03 21:06:22,891 DEBUG                  - depth 6, hash d721193, HEAD~554
2021-07-03 21:06:22,895 DEBUG                  - depth 7, hash 1dc2c61, HEAD~575
2021-07-03 21:06:22,899 DEBUG                  - depth 8, hash f15531c, HEAD~711
2021-07-03 21:06:22,904 DEBUG    [line range] com/fasterxml/jackson/core/json/UTF8StreamJsonParser.java _skipWSOrEnd 2847:2896
2021-07-03 21:06:22,956 DEBUG                  - depth 0, hash 18bc774, HEAD~215
2021-07-03 21:06:22,961 DEBUG                  - depth 1, hash 8486974, HEAD~240
2021-07-03 21:06:22,966 DEBUG                  - depth 2, hash 7ee3878, HEAD~374
2021-07-03 21:06:22,970 DEBUG                  - depth 3, hash a3de8a0, HEAD~399
2021-07-03 21:06:22,974 DEBUG                  - depth 4, hash 1dc2c61, HEAD~575
2021-07-03 21:06:22,978 DEBUG                  - depth 5, hash f15531c, HEAD~711
2021-07-03 21:06:22,982 DEBUG    [line range] com/fasterxml/jackson/core/json/UTF8StreamJsonParser.java addName 2234:2340
2021-07-03 21:06:23,036 DEBUG                  - depth 0, hash 3a00c86, HEAD~60
2021-07-03 21:06:23,041 DEBUG                  - depth 1, hash 7ee3878, HEAD~374
2021-07-03 21:06:23,046 DEBUG                  - depth 2, hash 1dc2c61, HEAD~575
2021-07-03 21:06:23,050 DEBUG                  - depth 3, hash f15531c, HEAD~711
2021-07-03 21:06:23,055 DEBUG    [line range] com/fasterxml/jackson/core/json/UTF8StreamJsonParser.java findName 2174:2185
2021-07-03 21:06:23,108 DEBUG                  - depth 0, hash 3a00c86, HEAD~60
2021-07-03 21:06:23,114 DEBUG                  - depth 1, hash b48bcfa, HEAD~66
2021-07-03 21:06:23,118 DEBUG                  - depth 2, hash e997287, HEAD~178
2021-07-03 21:06:23,123 DEBUG                  - depth 3, hash 7ee3878, HEAD~374
2021-07-03 21:06:23,127 DEBUG                  - depth 4, hash 1dc2c61, HEAD~575
2021-07-03 21:06:23,131 DEBUG                  - depth 5, hash f15531c, HEAD~711
2021-07-03 21:06:23,135 DEBUG    [line range] com/fasterxml/jackson/core/json/UTF8StreamJsonParser.java getText 279:290
2021-07-03 21:06:23,186 DEBUG                  - depth 0, hash 36d774e, HEAD~73
2021-07-03 21:06:23,191 DEBUG                  - depth 1, hash d101679, HEAD~74
2021-07-03 21:06:23,196 DEBUG                  - depth 2, hash 5ad18ff, HEAD~581
2021-07-03 21:06:23,200 DEBUG                  - depth 3, hash f15531c, HEAD~711
2021-07-03 21:06:23,204 DEBUG    [line range] com/fasterxml/jackson/core/json/UTF8StreamJsonParser.java getValueAsString 295:306
2021-07-03 21:06:23,253 DEBUG                  - depth 0, hash 36d774e, HEAD~73
2021-07-03 21:06:23,259 DEBUG                  - depth 1, hash d101679, HEAD~74
2021-07-03 21:06:23,263 DEBUG                  - depth 2, hash 5ad18ff, HEAD~581
2021-07-03 21:06:23,267 DEBUG    [line range] com/fasterxml/jackson/core/json/UTF8StreamJsonParser.java nextToken 672:793
2021-07-03 21:06:23,322 DEBUG                  - depth 0, hash 3a00c86, HEAD~60
2021-07-03 21:06:23,327 DEBUG                  - depth 1, hash 4983fd1, HEAD~236
2021-07-03 21:06:23,332 DEBUG                  - depth 2, hash ef860da, HEAD~249
2021-07-03 21:06:23,336 DEBUG                  - depth 3, hash 4ce6e0b, HEAD~263
2021-07-03 21:06:23,340 DEBUG                  - depth 4, hash 1feb504, HEAD~269
2021-07-03 21:06:23,344 DEBUG                  - depth 5, hash 0d1a14e, HEAD~273
2021-07-03 21:06:23,348 DEBUG                  - depth 6, hash b01c64d, HEAD~285
2021-07-03 21:06:23,353 DEBUG                  - depth 7, hash eaa2b0c, HEAD~394
2021-07-03 21:06:23,357 DEBUG                  - depth 8, hash 38d6e35, HEAD~395
2021-07-03 21:06:23,361 DEBUG                  - depth 9, hash a3de8a0, HEAD~399
2021-07-03 21:06:23,365 DEBUG                  - depth 10, hash c0a3c76, HEAD~403
2021-07-03 21:06:23,369 DEBUG                  - depth 11, hash f15531c, HEAD~711
2021-07-03 21:06:23,374 DEBUG    [line range] com/fasterxml/jackson/core/json/UTF8StreamJsonParser.java pad 3614:3616
2021-07-03 21:06:23,403 DEBUG                  - depth 0, hash e997287, HEAD~178
2021-07-03 21:06:23,861 DEBUG    [line range] com/fasterxml/jackson/core/sym/ByteQuadsCanonicalizer.java <init> 239:259
2021-07-03 21:06:23,891 DEBUG                  - depth 0, hash 791e288, HEAD~61
2021-07-03 21:06:23,897 DEBUG    [line range] com/fasterxml/jackson/core/sym/ByteQuadsCanonicalizer.java <init> 264:289
2021-07-03 21:06:23,927 DEBUG                  - depth 0, hash 6b9505b, HEAD~52
2021-07-03 21:06:23,932 DEBUG                  - depth 1, hash 075ce3f, HEAD~54
2021-07-03 21:06:23,936 DEBUG                  - depth 2, hash 30a2670, HEAD~56
2021-07-03 21:06:23,941 DEBUG                  - depth 3, hash 3a00c86, HEAD~60
2021-07-03 21:06:23,945 DEBUG                  - depth 4, hash 791e288, HEAD~61
2021-07-03 21:06:23,949 DEBUG    [line range] com/fasterxml/jackson/core/sym/ByteQuadsCanonicalizer.java _calcOffset 621:629
2021-07-03 21:06:23,979 DEBUG                  - depth 0, hash 30a2670, HEAD~56
2021-07-03 21:06:23,985 DEBUG                  - depth 1, hash 791e288, HEAD~61
2021-07-03 21:06:23,990 DEBUG    [line range] com/fasterxml/jackson/core/sym/ByteQuadsCanonicalizer.java _calcTertiaryShift 1196:1213
2021-07-03 21:06:24,018 DEBUG                  - depth 0, hash 86b31e7, HEAD~1
2021-07-03 21:06:24,024 DEBUG                  - depth 1, hash aa65eaa, HEAD~50
2021-07-03 21:06:24,028 DEBUG                  - depth 2, hash 6b9505b, HEAD~52
2021-07-03 21:06:24,033 DEBUG    [line range] com/fasterxml/jackson/core/sym/ByteQuadsCanonicalizer.java _findOffsetForAdd 905:944
2021-07-03 21:06:24,063 DEBUG                  - depth 0, hash 4b041e9, HEAD~0
2021-07-03 21:06:24,069 DEBUG                  - depth 1, hash aa65eaa, HEAD~50
2021-07-03 21:06:24,073 DEBUG                  - depth 2, hash 6b9505b, HEAD~52
2021-07-03 21:06:24,077 DEBUG                  - depth 3, hash 075ce3f, HEAD~54
2021-07-03 21:06:24,082 DEBUG                  - depth 4, hash 50ac853, HEAD~55
2021-07-03 21:06:24,086 DEBUG                  - depth 5, hash 30a2670, HEAD~56
2021-07-03 21:06:24,090 DEBUG                  - depth 6, hash 6c629a8, HEAD~59
2021-07-03 21:06:24,094 DEBUG                  - depth 7, hash 3a00c86, HEAD~60
2021-07-03 21:06:24,099 DEBUG                  - depth 8, hash 791e288, HEAD~61
2021-07-03 21:06:24,103 DEBUG    [line range] com/fasterxml/jackson/core/sym/ByteQuadsCanonicalizer.java _verifyNeedForRehash 878:888
2021-07-03 21:06:24,133 DEBUG                  - depth 0, hash f7a1d5c, HEAD~46
2021-07-03 21:06:24,138 DEBUG                  - depth 1, hash 6b9505b, HEAD~52
2021-07-03 21:06:24,143 DEBUG                  - depth 2, hash 50ac853, HEAD~55
2021-07-03 21:06:24,147 DEBUG                  - depth 3, hash 30a2670, HEAD~56
2021-07-03 21:06:24,151 DEBUG                  - depth 4, hash 3a00c86, HEAD~60
2021-07-03 21:06:24,155 DEBUG                  - depth 5, hash 791e288, HEAD~61
2021-07-03 21:06:24,160 DEBUG    [line range] com/fasterxml/jackson/core/sym/ByteQuadsCanonicalizer.java _verifySharing 890:900
2021-07-03 21:06:24,189 DEBUG                  - depth 0, hash f7a1d5c, HEAD~46
2021-07-03 21:06:24,195 DEBUG                  - depth 1, hash 30a2670, HEAD~56
2021-07-03 21:06:24,199 DEBUG                  - depth 2, hash 6c629a8, HEAD~59
2021-07-03 21:06:24,203 DEBUG                  - depth 3, hash 3a00c86, HEAD~60
2021-07-03 21:06:24,208 DEBUG                  - depth 4, hash 791e288, HEAD~61
2021-07-03 21:06:24,212 DEBUG    [line range] com/fasterxml/jackson/core/sym/ByteQuadsCanonicalizer.java addName 827:876
2021-07-03 21:06:24,242 DEBUG                  - depth 0, hash f7a1d5c, HEAD~46
2021-07-03 21:06:24,247 DEBUG                  - depth 1, hash 30a2670, HEAD~56
2021-07-03 21:06:24,252 DEBUG                  - depth 2, hash 6c629a8, HEAD~59
2021-07-03 21:06:24,256 DEBUG                  - depth 3, hash 3a00c86, HEAD~60
2021-07-03 21:06:24,260 DEBUG                  - depth 4, hash 791e288, HEAD~61
2021-07-03 21:06:24,265 DEBUG    [line range] com/fasterxml/jackson/core/sym/ByteQuadsCanonicalizer.java calcHash 985:996
2021-07-03 21:06:24,295 DEBUG                  - depth 0, hash fe4ca6a, HEAD~5
2021-07-03 21:06:24,301 DEBUG                  - depth 1, hash 791e288, HEAD~61
2021-07-03 21:06:24,305 DEBUG    [line range] com/fasterxml/jackson/core/sym/ByteQuadsCanonicalizer.java createRoot 301:309
2021-07-03 21:06:24,335 DEBUG                  - depth 0, hash 791e288, HEAD~61
2021-07-03 21:06:24,340 DEBUG    [line range] com/fasterxml/jackson/core/sym/ByteQuadsCanonicalizer.java createRoot 315:317
2021-07-03 21:06:24,370 DEBUG                  - depth 0, hash 791e288, HEAD~61
2021-07-03 21:06:24,376 DEBUG    [line range] com/fasterxml/jackson/core/sym/ByteQuadsCanonicalizer.java findName 485:515
2021-07-03 21:06:24,407 DEBUG                  - depth 0, hash f611ebf, HEAD~17
2021-07-03 21:06:24,413 DEBUG                  - depth 1, hash 075ce3f, HEAD~54
2021-07-03 21:06:24,417 DEBUG                  - depth 2, hash 30a2670, HEAD~56
2021-07-03 21:06:24,421 DEBUG                  - depth 3, hash 6c629a8, HEAD~59
2021-07-03 21:06:24,425 DEBUG                  - depth 4, hash 3a00c86, HEAD~60
2021-07-03 21:06:24,430 DEBUG                  - depth 5, hash 791e288, HEAD~61
2021-07-03 21:06:24,434 DEBUG    [line range] com/fasterxml/jackson/core/sym/ByteQuadsCanonicalizer.java makeChild 323:329
2021-07-03 21:06:24,464 DEBUG                  - depth 0, hash 791e288, HEAD~61
2021-07-03 21:06:24,470 DEBUG    [line range] com/fasterxml/jackson/core/sym/ByteQuadsCanonicalizer.java <init> 1238:1248
2021-07-03 21:06:24,500 DEBUG                  - depth 0, hash 6b9505b, HEAD~52
2021-07-03 21:06:24,505 DEBUG                  - depth 1, hash 30a2670, HEAD~56
2021-07-03 21:06:24,509 DEBUG                  - depth 2, hash 3a00c86, HEAD~60
2021-07-03 21:06:24,514 DEBUG                  - depth 3, hash 791e288, HEAD~61
2021-07-03 21:06:24,518 DEBUG    [line range] com/fasterxml/jackson/core/sym/ByteQuadsCanonicalizer.java createInitial 1261:1273
2021-07-03 21:06:24,548 DEBUG                  - depth 0, hash 6b9505b, HEAD~52
2021-07-03 21:06:24,553 DEBUG                  - depth 1, hash 30a2670, HEAD~56
2021-07-03 21:06:24,558 DEBUG                  - depth 2, hash 6c629a8, HEAD~59
2021-07-03 21:06:24,562 DEBUG                  - depth 3, hash 3a00c86, HEAD~60
2021-07-03 21:06:24,566 DEBUG                  - depth 4, hash 791e288, HEAD~61
2021-07-03 21:06:25,040 DEBUG    [line range] com/fasterxml/jackson/core/sym/BytesToNameCanonicalizer.java <init> 270:291
2021-07-03 21:06:25,071 DEBUG                  - depth 0, hash 5004f15, HEAD~203
2021-07-03 21:06:25,077 DEBUG                  - depth 1, hash e17a4dd, HEAD~205
2021-07-03 21:06:25,081 DEBUG                  - depth 2, hash aefbe1d, HEAD~349
2021-07-03 21:06:25,086 DEBUG                  - depth 3, hash 9c13500, HEAD~350
2021-07-03 21:06:25,090 DEBUG                  - depth 4, hash 30f0352, HEAD~601
2021-07-03 21:06:25,094 DEBUG                  - depth 5, hash 3532520, HEAD~612
2021-07-03 21:06:25,098 DEBUG                  - depth 6, hash f15531c, HEAD~711
2021-07-03 21:06:25,103 DEBUG    [line range] com/fasterxml/jackson/core/sym/BytesToNameCanonicalizer.java createRoot 348:356
2021-07-03 21:06:25,133 DEBUG                  - depth 0, hash aefbe1d, HEAD~349
2021-07-03 21:06:25,138 DEBUG                  - depth 1, hash 321d809, HEAD~572
2021-07-03 21:06:25,143 DEBUG                  - depth 2, hash 9c9622d, HEAD~604
2021-07-03 21:06:25,147 DEBUG    [line range] com/fasterxml/jackson/core/sym/BytesToNameCanonicalizer.java createRoot 362:364
2021-07-03 21:06:25,178 DEBUG                  - depth 0, hash 5004f15, HEAD~203
2021-07-03 21:06:25,183 DEBUG                  - depth 1, hash e17a4dd, HEAD~205
2021-07-03 21:06:25,187 DEBUG                  - depth 2, hash aefbe1d, HEAD~349
2021-07-03 21:06:25,192 DEBUG                  - depth 3, hash 9c13500, HEAD~350
2021-07-03 21:06:25,196 DEBUG                  - depth 4, hash 9c9622d, HEAD~604
2021-07-03 21:06:25,200 DEBUG                  - depth 5, hash f15531c, HEAD~711
2021-07-03 21:06:25,204 DEBUG    [line range] com/fasterxml/jackson/core/sym/BytesToNameCanonicalizer.java initTableInfo 326:336
2021-07-03 21:06:25,235 DEBUG                  - depth 0, hash aefbe1d, HEAD~349
2021-07-03 21:06:25,240 DEBUG                  - depth 1, hash 30f0352, HEAD~601
2021-07-03 21:06:25,245 DEBUG                  - depth 2, hash bda3a91, HEAD~613
2021-07-03 21:06:25,249 DEBUG                  - depth 3, hash f15531c, HEAD~711
2021-07-03 21:06:25,253 DEBUG    [line range] com/fasterxml/jackson/core/sym/BytesToNameCanonicalizer.java <init> 1231:1242
2021-07-03 21:06:25,282 DEBUG                  - depth 0, hash 30f0352, HEAD~601
2021-07-03 21:06:25,682 DEBUG    [line range] com/fasterxml/jackson/core/sym/CharsToNameCanonicalizer.java <clinit> 93:93
2021-07-03 21:06:25,711 DEBUG                  - depth 0, hash 9318b80, HEAD~348
2021-07-03 21:06:25,716 DEBUG                  - depth 1, hash f15531c, HEAD~711
2021-07-03 21:06:25,721 DEBUG    [line range] com/fasterxml/jackson/core/sym/CharsToNameCanonicalizer.java <init> 236:245
2021-07-03 21:06:25,750 DEBUG                  - depth 0, hash 383bc8f, HEAD~206
2021-07-03 21:06:25,756 DEBUG                  - depth 1, hash 9318b80, HEAD~348
2021-07-03 21:06:25,760 DEBUG                  - depth 2, hash a7ec583, HEAD~615
2021-07-03 21:06:25,764 DEBUG                  - depth 3, hash f15531c, HEAD~711
2021-07-03 21:06:25,769 DEBUG    [line range] com/fasterxml/jackson/core/sym/CharsToNameCanonicalizer.java <init> 264:283
2021-07-03 21:06:25,797 DEBUG                  - depth 0, hash 383bc8f, HEAD~206
2021-07-03 21:06:25,803 DEBUG                  - depth 1, hash 9318b80, HEAD~348
2021-07-03 21:06:25,807 DEBUG                  - depth 2, hash bda3a91, HEAD~613
2021-07-03 21:06:25,812 DEBUG                  - depth 3, hash a7ec583, HEAD~615
2021-07-03 21:06:25,816 DEBUG                  - depth 4, hash f15531c, HEAD~711
2021-07-03 21:06:25,820 DEBUG    [line range] com/fasterxml/jackson/core/sym/CharsToNameCanonicalizer.java _thresholdSize 259:259
2021-07-03 21:06:25,848 DEBUG                  - depth 0, hash 9318b80, HEAD~348
2021-07-03 21:06:25,854 DEBUG                  - depth 1, hash 1dc2c61, HEAD~575
2021-07-03 21:06:25,858 DEBUG                  - depth 2, hash bda3a91, HEAD~613
2021-07-03 21:06:25,862 DEBUG    [line range] com/fasterxml/jackson/core/sym/CharsToNameCanonicalizer.java createRoot 219:227
2021-07-03 21:06:25,891 DEBUG                  - depth 0, hash 9318b80, HEAD~348
2021-07-03 21:06:25,897 DEBUG                  - depth 1, hash 321d809, HEAD~572
2021-07-03 21:06:25,901 DEBUG                  - depth 2, hash 3532520, HEAD~612
2021-07-03 21:06:25,905 DEBUG                  - depth 3, hash a7ec583, HEAD~615
2021-07-03 21:06:25,910 DEBUG                  - depth 4, hash f15531c, HEAD~711
2021-07-03 21:06:25,914 DEBUG    [line range] com/fasterxml/jackson/core/sym/CharsToNameCanonicalizer.java createRoot 229:231
2021-07-03 21:06:25,943 DEBUG                  - depth 0, hash a7ec583, HEAD~615
2021-07-03 21:06:25,948 DEBUG                  - depth 1, hash f15531c, HEAD~711
2021-07-03 21:06:25,953 DEBUG    [line range] com/fasterxml/jackson/core/sym/CharsToNameCanonicalizer.java initTables 247:257
2021-07-03 21:06:25,981 DEBUG                  - depth 0, hash bda3a91, HEAD~613
2021-07-03 21:06:25,987 DEBUG                  - depth 1, hash a7ec583, HEAD~615
2021-07-03 21:06:25,991 DEBUG                  - depth 2, hash f15531c, HEAD~711
2021-07-03 21:06:25,996 DEBUG    [line range] com/fasterxml/jackson/core/sym/CharsToNameCanonicalizer.java makeOrphan 319:321
2021-07-03 21:06:26,024 DEBUG                  - depth 0, hash 383bc8f, HEAD~206
2021-07-03 21:06:26,029 DEBUG                  - depth 1, hash 9318b80, HEAD~348
2021-07-03 21:06:26,034 DEBUG                  - depth 2, hash a7ec583, HEAD~615
2021-07-03 21:06:26,038 DEBUG                  - depth 3, hash f15531c, HEAD~711
2021-07-03 21:06:26,366 DEBUG    [line range] com/fasterxml/jackson/core/util/BufferRecycler.java <clinit> 45:45
2021-07-03 21:06:26,392 DEBUG                  - depth 0, hash 175a97b, HEAD~342
2021-07-03 21:06:26,397 DEBUG                  - depth 1, hash f633f10, HEAD~352
2021-07-03 21:06:26,402 DEBUG                  - depth 2, hash f15531c, HEAD~711
2021-07-03 21:06:26,406 DEBUG    [line range] com/fasterxml/jackson/core/util/BufferRecycler.java <init> 61:63
2021-07-03 21:06:26,431 DEBUG                  - depth 0, hash ebf0091, HEAD~339
2021-07-03 21:06:26,437 DEBUG                  - depth 1, hash f633f10, HEAD~352
2021-07-03 21:06:26,441 DEBUG                  - depth 2, hash f15531c, HEAD~711
2021-07-03 21:06:26,445 DEBUG    [line range] com/fasterxml/jackson/core/util/BufferRecycler.java <init> 71:74
2021-07-03 21:06:26,471 DEBUG                  - depth 0, hash ebf0091, HEAD~339
2021-07-03 21:06:26,476 DEBUG                  - depth 1, hash f15531c, HEAD~711
2021-07-03 21:06:26,481 DEBUG    [line range] com/fasterxml/jackson/core/util/BufferRecycler.java allocCharBuffer 117:129
2021-07-03 21:06:26,506 DEBUG                  - depth 0, hash ebf0091, HEAD~339
2021-07-03 21:06:26,512 DEBUG                  - depth 1, hash f633f10, HEAD~352
2021-07-03 21:06:26,516 DEBUG                  - depth 2, hash f15531c, HEAD~711
2021-07-03 21:06:26,521 DEBUG    [line range] com/fasterxml/jackson/core/util/BufferRecycler.java calloc 156:156
2021-07-03 21:06:26,547 DEBUG                  - depth 0, hash ebf0091, HEAD~339
2021-07-03 21:06:26,552 DEBUG                  - depth 1, hash f633f10, HEAD~352
2021-07-03 21:06:26,557 DEBUG                  - depth 2, hash 6c842ae, HEAD~574
2021-07-03 21:06:26,561 DEBUG                  - depth 3, hash f15531c, HEAD~711
2021-07-03 21:06:26,565 DEBUG    [line range] com/fasterxml/jackson/core/util/BufferRecycler.java charBufferLength 145:147
2021-07-03 21:06:26,591 DEBUG                  - depth 0, hash ebf0091, HEAD~339
2021-07-03 21:06:26,938 DEBUG    [line range] com/fasterxml/jackson/core/util/DefaultPrettyPrinter.java <clinit> 28:28
2021-07-03 21:06:26,965 DEBUG                  - depth 0, hash e6dfc69, HEAD~578
2021-07-03 21:06:27,252 DEBUG    [line range] com/fasterxml/jackson/core/util/InternCache.java <clinit> 28:28
2021-07-03 21:06:27,277 DEBUG                  - depth 0, hash f15531c, HEAD~711
2021-07-03 21:06:27,282 DEBUG    [line range] com/fasterxml/jackson/core/util/InternCache.java <init> 35:35
2021-07-03 21:06:27,307 DEBUG                  - depth 0, hash fedd795, HEAD~336
2021-07-03 21:06:27,312 DEBUG                  - depth 1, hash f633f10, HEAD~352
2021-07-03 21:06:27,317 DEBUG                  - depth 2, hash 8475c8b, HEAD~406
2021-07-03 21:06:27,321 DEBUG    [line range] com/fasterxml/jackson/core/util/InternCache.java intern 39:62
2021-07-03 21:06:27,346 DEBUG                  - depth 0, hash fedd795, HEAD~336
2021-07-03 21:06:27,352 DEBUG                  - depth 1, hash 8475c8b, HEAD~406
2021-07-03 21:06:27,356 DEBUG                  - depth 2, hash f15531c, HEAD~711
2021-07-03 21:06:27,755 DEBUG    [line range] com/fasterxml/jackson/core/util/TextBuffer.java <clinit> 29:29
2021-07-03 21:06:27,782 DEBUG                  - depth 0, hash f15531c, HEAD~711
2021-07-03 21:06:27,788 DEBUG    [line range] com/fasterxml/jackson/core/util/TextBuffer.java <init> 85:85
2021-07-03 21:06:27,814 DEBUG                  - depth 0, hash f15531c, HEAD~711
2021-07-03 21:06:27,819 DEBUG    [line range] com/fasterxml/jackson/core/util/TextBuffer.java buf 232:238
2021-07-03 21:06:27,846 DEBUG                  - depth 0, hash 0c8d86e, HEAD~331
2021-07-03 21:06:27,852 DEBUG                  - depth 1, hash f633f10, HEAD~352
2021-07-03 21:06:27,856 DEBUG                  - depth 2, hash 1dc2c61, HEAD~575
2021-07-03 21:06:27,860 DEBUG                  - depth 3, hash f15531c, HEAD~711
2021-07-03 21:06:27,865 DEBUG    [line range] com/fasterxml/jackson/core/util/TextBuffer.java emptyAndGetCurrentSegment 535:555
2021-07-03 21:06:27,892 DEBUG                  - depth 0, hash 0c8d86e, HEAD~331
2021-07-03 21:06:27,897 DEBUG                  - depth 1, hash 1dc2c61, HEAD~575
2021-07-03 21:06:27,902 DEBUG                  - depth 2, hash f15531c, HEAD~711
2021-07-03 21:06:27,906 DEBUG    [line range] com/fasterxml/jackson/core/util/TextBuffer.java setCurrentLength 558:558
2021-07-03 21:06:27,933 DEBUG                  - depth 0, hash f633f10, HEAD~352
2021-07-03 21:06:27,939 DEBUG                  - depth 1, hash f15531c, HEAD~711
2021-07-03 21:06:27,943 DEBUG    [line range] com/fasterxml/jackson/core/JsonFactory.java _createParser 1227:1232
2021-07-03 21:06:27,971 DEBUG                  - depth 0, hash 0541b3b, HEAD~208
2021-07-03 21:06:27,977 DEBUG                  - depth 1, hash 475a99b, HEAD~281
2021-07-03 21:06:27,981 DEBUG                  - depth 2, hash 64aa9d2, HEAD~296
2021-07-03 21:06:27,986 DEBUG    [line range] com/fasterxml/jackson/core/JsonFactory.java canUseCharArrays 400:400
2021-07-03 21:06:28,013 DEBUG                  - depth 0, hash 475a99b, HEAD~281
2021-07-03 21:06:28,018 DEBUG    [line range] com/fasterxml/jackson/core/JsonFactory.java createParser 830:842
2021-07-03 21:06:28,050 DEBUG                  - depth 0, hash 475a99b, HEAD~281
2021-07-03 21:06:28,055 DEBUG                  - depth 1, hash 84dc184, HEAD~295
2021-07-03 21:06:28,060 DEBUG                  - depth 2, hash 64aa9d2, HEAD~296
2021-07-03 21:06:28,064 DEBUG                  - depth 3, hash 32e4e91, HEAD~320
2021-07-03 21:06:28,068 DEBUG                  - depth 4, hash efc2367, HEAD~343
2021-07-03 21:06:28,072 DEBUG                  - depth 5, hash 6819492, HEAD~540
2021-07-03 21:06:28,077 DEBUG                  - depth 6, hash feaabd1, HEAD~605
2021-07-03 21:06:28,081 DEBUG    [line range] com/fasterxml/jackson/core/io/IOContext.java _verifyAlloc 268:270
2021-07-03 21:06:28,106 DEBUG                  - depth 0, hash 4ceaba8, HEAD~196
2021-07-03 21:06:28,112 DEBUG                  - depth 1, hash 288b1f3, HEAD~335
2021-07-03 21:06:28,116 DEBUG                  - depth 2, hash a8bc72e, HEAD~340
2021-07-03 21:06:28,121 DEBUG                  - depth 3, hash 2343927, HEAD~501
2021-07-03 21:06:28,125 DEBUG    [line range] com/fasterxml/jackson/core/io/IOContext.java allocTokenBuffer 187:190
2021-07-03 21:06:28,150 DEBUG                  - depth 0, hash 84dc184, HEAD~295
2021-07-03 21:06:28,672 DEBUG    [line range] com/fasterxml/jackson/core/json/ReaderBasedJsonParser.java <clinit> 24:24
2021-07-03 21:06:28,710 DEBUG                  - depth 0, hash 0a39869, HEAD~397
2021-07-03 21:06:28,715 DEBUG    [line range] com/fasterxml/jackson/core/json/ReaderBasedJsonParser.java <init> 77:77
2021-07-03 21:06:28,756 DEBUG                  - depth 0, hash f15531c, HEAD~711
2021-07-03 21:06:28,762 DEBUG    [line range] com/fasterxml/jackson/core/json/ReaderBasedJsonParser.java <init> 91:105
2021-07-03 21:06:28,803 DEBUG                  - depth 0, hash 64aa9d2, HEAD~296
2021-07-03 21:06:28,808 DEBUG                  - depth 1, hash a7ec583, HEAD~615
2021-07-03 21:06:28,813 DEBUG                  - depth 2, hash f15531c, HEAD~711
2021-07-03 21:06:28,818 DEBUG    [line range] com/fasterxml/jackson/core/json/ReaderBasedJsonParser.java _getText2 269:285
2021-07-03 21:06:28,860 DEBUG                  - depth 0, hash 2574bd6, HEAD~265
2021-07-03 21:06:28,866 DEBUG                  - depth 1, hash e15b9a8, HEAD~328
2021-07-03 21:06:28,870 DEBUG                  - depth 2, hash 066463a, HEAD~388
2021-07-03 21:06:28,874 DEBUG                  - depth 3, hash ab1b250, HEAD~503
2021-07-03 21:06:28,878 DEBUG                  - depth 4, hash 1dc2c61, HEAD~575
2021-07-03 21:06:28,883 DEBUG                  - depth 5, hash f15531c, HEAD~711
2021-07-03 21:06:28,887 DEBUG    [line range] com/fasterxml/jackson/core/json/ReaderBasedJsonParser.java _parseName 1245:1269
2021-07-03 21:06:28,931 DEBUG                  - depth 0, hash e60ad11, HEAD~232
2021-07-03 21:06:28,936 DEBUG                  - depth 1, hash 2574bd6, HEAD~265
2021-07-03 21:06:28,941 DEBUG                  - depth 2, hash 76af3ae, HEAD~284
2021-07-03 21:06:28,945 DEBUG                  - depth 3, hash b01c64d, HEAD~285
2021-07-03 21:06:28,949 DEBUG                  - depth 4, hash 007dccb, HEAD~327
2021-07-03 21:06:28,954 DEBUG                  - depth 5, hash 0a39869, HEAD~397
2021-07-03 21:06:28,958 DEBUG                  - depth 6, hash 89d5f32, HEAD~398
2021-07-03 21:06:28,962 DEBUG                  - depth 7, hash a3de8a0, HEAD~399
2021-07-03 21:06:28,966 DEBUG                  - depth 8, hash 1dc2c61, HEAD~575
2021-07-03 21:06:28,971 DEBUG                  - depth 9, hash 3532520, HEAD~612
2021-07-03 21:06:28,975 DEBUG                  - depth 10, hash a7ec583, HEAD~615
2021-07-03 21:06:28,979 DEBUG                  - depth 11, hash f15531c, HEAD~711
2021-07-03 21:06:28,984 DEBUG    [line range] com/fasterxml/jackson/core/json/ReaderBasedJsonParser.java _parsePosNumber 840:891
2021-07-03 21:06:29,026 DEBUG                  - depth 0, hash e1880f4, HEAD~225
2021-07-03 21:06:29,032 DEBUG                  - depth 1, hash 996c3ff, HEAD~234
2021-07-03 21:06:29,037 DEBUG                  - depth 2, hash c01dc8c, HEAD~235
2021-07-03 21:06:29,041 DEBUG                  - depth 3, hash 224f65d, HEAD~237
2021-07-03 21:06:29,045 DEBUG                  - depth 4, hash 2574bd6, HEAD~265
2021-07-03 21:06:29,049 DEBUG                  - depth 5, hash ec928f7, HEAD~278
2021-07-03 21:06:29,054 DEBUG                  - depth 6, hash e781993, HEAD~282
2021-07-03 21:06:29,058 DEBUG                  - depth 7, hash 007dccb, HEAD~327
2021-07-03 21:06:29,062 DEBUG                  - depth 8, hash 0a39869, HEAD~397
2021-07-03 21:06:29,067 DEBUG                  - depth 9, hash 1dc2c61, HEAD~575
2021-07-03 21:06:29,071 DEBUG                  - depth 10, hash f15531c, HEAD~711
2021-07-03 21:06:29,076 DEBUG    [line range] com/fasterxml/jackson/core/json/ReaderBasedJsonParser.java _skipColon 1695:1747
2021-07-03 21:06:29,110 DEBUG                  - depth 0, hash 208d54a, HEAD~244
2021-07-03 21:06:29,116 DEBUG                  - depth 1, hash 2574bd6, HEAD~265
2021-07-03 21:06:29,120 DEBUG                  - depth 2, hash 691b574, HEAD~286
2021-07-03 21:06:29,124 DEBUG                  - depth 3, hash c390231, HEAD~287
2021-07-03 21:06:29,129 DEBUG    [line range] com/fasterxml/jackson/core/json/ReaderBasedJsonParser.java _skipWSOrEnd 1850:1899
2021-07-03 21:06:29,172 DEBUG                  - depth 0, hash 18bc774, HEAD~215
2021-07-03 21:06:29,178 DEBUG                  - depth 1, hash ac2921d, HEAD~216
2021-07-03 21:06:29,182 DEBUG                  - depth 2, hash 8486974, HEAD~240
2021-07-03 21:06:29,187 DEBUG                  - depth 3, hash d9db35e, HEAD~241
2021-07-03 21:06:29,191 DEBUG                  - depth 4, hash 2574bd6, HEAD~265
2021-07-03 21:06:29,195 DEBUG                  - depth 5, hash a2af653, HEAD~288
2021-07-03 21:06:29,199 DEBUG                  - depth 6, hash 0a39869, HEAD~397
2021-07-03 21:06:29,204 DEBUG                  - depth 7, hash 89d5f32, HEAD~398
2021-07-03 21:06:29,208 DEBUG                  - depth 8, hash a3de8a0, HEAD~399
2021-07-03 21:06:29,212 DEBUG                  - depth 9, hash 1dc2c61, HEAD~575
2021-07-03 21:06:29,216 DEBUG                  - depth 10, hash f15531c, HEAD~711
2021-07-03 21:06:29,221 DEBUG    [line range] com/fasterxml/jackson/core/json/ReaderBasedJsonParser.java getText 226:238
2021-07-03 21:06:29,263 DEBUG                  - depth 0, hash 2574bd6, HEAD~265
2021-07-03 21:06:29,269 DEBUG                  - depth 1, hash e15b9a8, HEAD~328
2021-07-03 21:06:29,274 DEBUG                  - depth 2, hash 1dc2c61, HEAD~575
2021-07-03 21:06:29,278 DEBUG                  - depth 3, hash f15531c, HEAD~711
2021-07-03 21:06:29,282 DEBUG    [line range] com/fasterxml/jackson/core/json/ReaderBasedJsonParser.java getValueAsString 243:254
2021-07-03 21:06:29,322 DEBUG                  - depth 0, hash 2574bd6, HEAD~265
2021-07-03 21:06:29,327 DEBUG                  - depth 1, hash e15b9a8, HEAD~328
2021-07-03 21:06:29,332 DEBUG                  - depth 2, hash 5ad18ff, HEAD~581
2021-07-03 21:06:29,336 DEBUG    [line range] com/fasterxml/jackson/core/json/ReaderBasedJsonParser.java nextToken 556:693
2021-07-03 21:06:29,379 DEBUG                  - depth 0, hash e60ad11, HEAD~232
2021-07-03 21:06:29,385 DEBUG                  - depth 1, hash c01dc8c, HEAD~235
2021-07-03 21:06:29,389 DEBUG                  - depth 2, hash 224f65d, HEAD~237
2021-07-03 21:06:29,393 DEBUG                  - depth 3, hash 06c510a, HEAD~242
2021-07-03 21:06:29,398 DEBUG                  - depth 4, hash de6df16, HEAD~243
2021-07-03 21:06:29,402 DEBUG                  - depth 5, hash 322fe4d, HEAD~264
2021-07-03 21:06:29,406 DEBUG                  - depth 6, hash 2574bd6, HEAD~265
2021-07-03 21:06:29,410 DEBUG                  - depth 7, hash b0e855a, HEAD~283
2021-07-03 21:06:29,415 DEBUG                  - depth 8, hash c390231, HEAD~287
2021-07-03 21:06:29,419 DEBUG                  - depth 9, hash e15b9a8, HEAD~328
2021-07-03 21:06:29,423 DEBUG                  - depth 10, hash 0a39869, HEAD~397
2021-07-03 21:06:29,427 DEBUG                  - depth 11, hash 89d5f32, HEAD~398
2021-07-03 21:06:29,432 DEBUG                  - depth 12, hash c0a3c76, HEAD~403
2021-07-03 21:06:29,436 DEBUG                  - depth 13, hash f15531c, HEAD~711
2021-07-03 21:06:29,441 DEBUG    [line range] com/fasterxml/jackson/core/sym/CharsToNameCanonicalizer.java _addSymbol 487:524
2021-07-03 21:06:29,469 DEBUG                  - depth 0, hash 383bc8f, HEAD~206
2021-07-03 21:06:29,475 DEBUG                  - depth 1, hash 608a055, HEAD~292
2021-07-03 21:06:29,480 DEBUG                  - depth 2, hash 3532520, HEAD~612
2021-07-03 21:06:29,484 DEBUG                  - depth 3, hash a7ec583, HEAD~615
2021-07-03 21:06:29,488 DEBUG                  - depth 4, hash f15531c, HEAD~711
2021-07-03 21:06:29,493 DEBUG    [line range] com/fasterxml/jackson/core/sym/CharsToNameCanonicalizer.java _hashToIndex 556:562
2021-07-03 21:06:29,520 DEBUG                  - depth 0, hash 3357e8f, HEAD~2
2021-07-03 21:06:29,526 DEBUG                  - depth 1, hash 19cb615, HEAD~3
2021-07-03 21:06:29,531 DEBUG                  - depth 2, hash 9318b80, HEAD~348
2021-07-03 21:06:29,535 DEBUG                  - depth 3, hash 1dc2c61, HEAD~575
2021-07-03 21:06:29,539 DEBUG                  - depth 4, hash 3532520, HEAD~612
2021-07-03 21:06:29,544 DEBUG    [line range] com/fasterxml/jackson/core/sym/CharsToNameCanonicalizer.java copyArrays 604:609
2021-07-03 21:06:29,572 DEBUG                  - depth 0, hash 9318b80, HEAD~348
2021-07-03 21:06:29,578 DEBUG                  - depth 1, hash 60cb7bd, HEAD~458
2021-07-03 21:06:29,582 DEBUG                  - depth 2, hash f15531c, HEAD~711
2021-07-03 21:06:29,586 DEBUG    [line range] com/fasterxml/jackson/core/sym/CharsToNameCanonicalizer.java findSymbol 432:474
2021-07-03 21:06:29,615 DEBUG                  - depth 0, hash 0ecbeeb, HEAD~290
2021-07-03 21:06:29,621 DEBUG                  - depth 1, hash 159a9c8, HEAD~291
2021-07-03 21:06:29,625 DEBUG                  - depth 2, hash 608a055, HEAD~292
2021-07-03 21:06:29,630 DEBUG                  - depth 3, hash 3532520, HEAD~612
2021-07-03 21:06:29,634 DEBUG                  - depth 4, hash f15531c, HEAD~711
2021-07-03 21:06:29,639 DEBUG    [line range] com/fasterxml/jackson/core/sym/CharsToNameCanonicalizer.java hashSeed 397:397
2021-07-03 21:06:29,667 DEBUG                  - depth 0, hash a7ec583, HEAD~615
2021-07-03 21:06:29,673 DEBUG    [line range] com/fasterxml/jackson/core/sym/CharsToNameCanonicalizer.java makeChild 297:317
2021-07-03 21:06:29,702 DEBUG                  - depth 0, hash 383bc8f, HEAD~206
2021-07-03 21:06:29,707 DEBUG                  - depth 1, hash 0541b3b, HEAD~208
2021-07-03 21:06:29,712 DEBUG                  - depth 2, hash 9318b80, HEAD~348
2021-07-03 21:06:29,716 DEBUG                  - depth 3, hash 66a5a60, HEAD~595
2021-07-03 21:06:29,720 DEBUG                  - depth 4, hash 9c9622d, HEAD~604
2021-07-03 21:06:29,724 DEBUG                  - depth 5, hash a7ec583, HEAD~615
2021-07-03 21:06:29,729 DEBUG                  - depth 6, hash f15531c, HEAD~711
2021-07-03 21:06:29,733 DEBUG    [line range] com/fasterxml/jackson/core/util/TextBuffer.java resetWithShared 176:191
2021-07-03 21:06:29,759 DEBUG                  - depth 0, hash f15531c, HEAD~711
2021-07-03 21:06:29,765 INFO     The number of BIC candidates: 126
