2021-07-03 21:04:03,983 INFO     Search BICs for /tmp/JacksonCore-3b/
2021-07-03 21:04:03,983 DEBUG    Reading the coverage of com.fasterxml.jackson.core.json.TestLocation::testOffsetWithInputOffset (failings)
2021-07-03 21:04:04,059 INFO     Loaded 1x450 Coverage Matrix
2021-07-03 21:04:04,059 INFO     The number of total commits: 342
2021-07-03 21:04:04,345 DEBUG    [single line]   com/fasterxml/jackson/core/JsonEncoding.java <clinit> 18
2021-07-03 21:04:04,360 DEBUG                  - depth 0, hash f15531c, HEAD~336
2021-07-03 21:04:04,366 DEBUG    [single line]   com/fasterxml/jackson/core/JsonEncoding.java <clinit> 19
2021-07-03 21:04:04,380 DEBUG                  - depth 0, hash 347f237, HEAD~15
2021-07-03 21:04:04,385 DEBUG                  - depth 1, hash f15531c, HEAD~336
2021-07-03 21:04:04,389 DEBUG    [single line]   com/fasterxml/jackson/core/JsonEncoding.java <clinit> 20
2021-07-03 21:04:04,404 DEBUG                  - depth 0, hash 347f237, HEAD~15
2021-07-03 21:04:04,409 DEBUG                  - depth 1, hash f15531c, HEAD~336
2021-07-03 21:04:04,413 DEBUG    [single line]   com/fasterxml/jackson/core/JsonEncoding.java <clinit> 21
2021-07-03 21:04:04,428 DEBUG                  - depth 0, hash 347f237, HEAD~15
2021-07-03 21:04:04,433 DEBUG                  - depth 1, hash f15531c, HEAD~336
2021-07-03 21:04:04,437 DEBUG    [single line]   com/fasterxml/jackson/core/JsonEncoding.java <clinit> 22
2021-07-03 21:04:04,452 DEBUG                  - depth 0, hash 347f237, HEAD~15
2021-07-03 21:04:04,457 DEBUG                  - depth 1, hash f15531c, HEAD~336
2021-07-03 21:04:04,461 DEBUG    [single line]   com/fasterxml/jackson/core/JsonEncoding.java <clinit> 23
2021-07-03 21:04:04,476 DEBUG                  - depth 0, hash 347f237, HEAD~15
2021-07-03 21:04:04,481 DEBUG                  - depth 1, hash f15531c, HEAD~336
2021-07-03 21:04:04,485 DEBUG    [line range] com/fasterxml/jackson/core/JsonEncoding.java <init> 32:37
2021-07-03 21:04:04,500 DEBUG                  - depth 0, hash 347f237, HEAD~15
2021-07-03 21:04:04,505 DEBUG                  - depth 1, hash f15531c, HEAD~336
2021-07-03 21:04:04,983 DEBUG    [line range] com/fasterxml/jackson/core/JsonFactory.java <clinit> 140:140
2021-07-03 21:04:05,002 DEBUG                  - depth 0, hash 7b796a8, HEAD~99
2021-07-03 21:04:05,007 DEBUG                  - depth 1, hash 0735190, HEAD~310
2021-07-03 21:04:05,012 DEBUG    [line range] com/fasterxml/jackson/core/JsonFactory.java <init> 260:260
2021-07-03 21:04:05,030 DEBUG                  - depth 0, hash 7b796a8, HEAD~99
2021-07-03 21:04:05,036 DEBUG                  - depth 1, hash f15531c, HEAD~336
2021-07-03 21:04:05,040 DEBUG    [line range] com/fasterxml/jackson/core/JsonFactory.java <init> 175:175
2021-07-03 21:04:05,059 DEBUG                  - depth 0, hash 95f76a4, HEAD~194
2021-07-03 21:04:05,064 DEBUG                  - depth 1, hash f15531c, HEAD~336
2021-07-03 21:04:05,068 DEBUG    [line range] com/fasterxml/jackson/core/JsonFactory.java <init> 262:262
2021-07-03 21:04:05,087 DEBUG                  - depth 0, hash f15531c, HEAD~336
2021-07-03 21:04:05,093 DEBUG    [line range] com/fasterxml/jackson/core/JsonFactory.java _createContext 1412:1415
2021-07-03 21:04:05,111 DEBUG                  - depth 0, hash f15531c, HEAD~336
2021-07-03 21:04:05,117 DEBUG    [line range] com/fasterxml/jackson/core/JsonFactory.java _createParser 1297:1304
2021-07-03 21:04:05,136 DEBUG                  - depth 0, hash 6819492, HEAD~165
2021-07-03 21:04:05,141 DEBUG                  - depth 1, hash eeb2fbd, HEAD~256
2021-07-03 21:04:05,145 DEBUG                  - depth 2, hash f15531c, HEAD~336
2021-07-03 21:04:05,149 DEBUG    [line range] com/fasterxml/jackson/core/JsonFactory.java _getBufferRecycler 1423:1433
2021-07-03 21:04:05,168 DEBUG                  - depth 0, hash f15531c, HEAD~336
2021-07-03 21:04:05,173 DEBUG    [line range] com/fasterxml/jackson/core/JsonFactory.java createParser 814:826
2021-07-03 21:04:05,191 DEBUG                  - depth 0, hash 6819492, HEAD~165
2021-07-03 21:04:05,197 DEBUG                  - depth 1, hash feaabd1, HEAD~230
2021-07-03 21:04:05,201 DEBUG    [line range] com/fasterxml/jackson/core/JsonFactory.java isEnabled 496:498
2021-07-03 21:04:05,220 DEBUG                  - depth 0, hash 0735190, HEAD~310
2021-07-03 21:04:05,225 DEBUG    [line range] com/fasterxml/jackson/core/JsonFactory.java <init> 113:116
2021-07-03 21:04:05,244 DEBUG                  - depth 0, hash 0735190, HEAD~310
2021-07-03 21:04:05,249 DEBUG    [line range] com/fasterxml/jackson/core/JsonFactory.java collectDefaults 102:111
2021-07-03 21:04:05,268 DEBUG                  - depth 0, hash 0735190, HEAD~310
2021-07-03 21:04:05,273 DEBUG    [line range] com/fasterxml/jackson/core/JsonFactory.java enabledByDefault 118:118
2021-07-03 21:04:05,292 DEBUG                  - depth 0, hash 0735190, HEAD~310
2021-07-03 21:04:05,297 DEBUG    [line range] com/fasterxml/jackson/core/JsonFactory.java getMask 122:122
2021-07-03 21:04:05,316 DEBUG                  - depth 0, hash 0735190, HEAD~310
2021-07-03 21:04:05,728 DEBUG    [single line]   com/fasterxml/jackson/core/JsonGenerator.java <clinit> 27
2021-07-03 21:04:05,748 DEBUG                  - depth 0, hash f15531c, HEAD~336
2021-07-03 21:04:05,753 DEBUG    [single line]   com/fasterxml/jackson/core/JsonGenerator.java <clinit> 41
2021-07-03 21:04:05,773 DEBUG                  - depth 0, hash 0735190, HEAD~310
2021-07-03 21:04:05,778 DEBUG                  - depth 1, hash 9fc55aa, HEAD~311
2021-07-03 21:04:05,782 DEBUG                  - depth 2, hash f15531c, HEAD~336
2021-07-03 21:04:05,786 DEBUG    [single line]   com/fasterxml/jackson/core/JsonGenerator.java <clinit> 53
2021-07-03 21:04:05,806 DEBUG                  - depth 0, hash 0735190, HEAD~310
2021-07-03 21:04:05,812 DEBUG                  - depth 1, hash 9fc55aa, HEAD~311
2021-07-03 21:04:05,816 DEBUG                  - depth 2, hash f15531c, HEAD~336
2021-07-03 21:04:05,820 DEBUG    [single line]   com/fasterxml/jackson/core/JsonGenerator.java <clinit> 64
2021-07-03 21:04:05,840 DEBUG                  - depth 0, hash 0735190, HEAD~310
2021-07-03 21:04:05,845 DEBUG                  - depth 1, hash 9fc55aa, HEAD~311
2021-07-03 21:04:05,849 DEBUG                  - depth 2, hash f15531c, HEAD~336
2021-07-03 21:04:05,853 DEBUG    [single line]   com/fasterxml/jackson/core/JsonGenerator.java <clinit> 78
2021-07-03 21:04:05,873 DEBUG                  - depth 0, hash 0735190, HEAD~310
2021-07-03 21:04:05,879 DEBUG                  - depth 1, hash 9fc55aa, HEAD~311
2021-07-03 21:04:05,883 DEBUG                  - depth 2, hash f15531c, HEAD~336
2021-07-03 21:04:05,887 DEBUG    [single line]   com/fasterxml/jackson/core/JsonGenerator.java <clinit> 95
2021-07-03 21:04:05,907 DEBUG                  - depth 0, hash 0735190, HEAD~310
2021-07-03 21:04:05,913 DEBUG                  - depth 1, hash 9fc55aa, HEAD~311
2021-07-03 21:04:05,917 DEBUG                  - depth 2, hash f15531c, HEAD~336
2021-07-03 21:04:05,921 DEBUG    [single line]   com/fasterxml/jackson/core/JsonGenerator.java <clinit> 107
2021-07-03 21:04:05,938 DEBUG                  - depth 0, hash 0dba714, HEAD~73
2021-07-03 21:04:05,943 DEBUG    [single line]   com/fasterxml/jackson/core/JsonGenerator.java <clinit> 120
2021-07-03 21:04:05,963 DEBUG                  - depth 0, hash 0735190, HEAD~310
2021-07-03 21:04:05,968 DEBUG                  - depth 1, hash 9fc55aa, HEAD~311
2021-07-03 21:04:05,973 DEBUG                  - depth 2, hash f15531c, HEAD~336
2021-07-03 21:04:05,977 DEBUG    [single line]   com/fasterxml/jackson/core/JsonGenerator.java <clinit> 131
2021-07-03 21:04:05,997 DEBUG                  - depth 0, hash 0735190, HEAD~310
2021-07-03 21:04:06,002 DEBUG                  - depth 1, hash 9fc55aa, HEAD~311
2021-07-03 21:04:06,006 DEBUG                  - depth 2, hash f15531c, HEAD~336
2021-07-03 21:04:06,010 DEBUG    [single line]   com/fasterxml/jackson/core/JsonGenerator.java <clinit> 146
2021-07-03 21:04:06,030 DEBUG                  - depth 0, hash f9ad80f, HEAD~7
2021-07-03 21:04:06,035 DEBUG                  - depth 1, hash f15531c, HEAD~336
2021-07-03 21:04:06,039 DEBUG    [line range] com/fasterxml/jackson/core/JsonGenerator.java <init> 168:171
2021-07-03 21:04:06,059 DEBUG                  - depth 0, hash 0735190, HEAD~310
2021-07-03 21:04:06,065 DEBUG                  - depth 1, hash 9fc55aa, HEAD~311
2021-07-03 21:04:06,069 DEBUG                  - depth 2, hash f15531c, HEAD~336
2021-07-03 21:04:06,073 DEBUG    [line range] com/fasterxml/jackson/core/JsonGenerator.java collectDefaults 157:166
2021-07-03 21:04:06,093 DEBUG                  - depth 0, hash f15531c, HEAD~336
2021-07-03 21:04:06,098 DEBUG    [line range] com/fasterxml/jackson/core/JsonGenerator.java enabledByDefault 173:173
2021-07-03 21:04:06,117 DEBUG                  - depth 0, hash f15531c, HEAD~336
2021-07-03 21:04:06,123 DEBUG    [line range] com/fasterxml/jackson/core/JsonGenerator.java getMask 180:180
2021-07-03 21:04:06,142 DEBUG                  - depth 0, hash f15531c, HEAD~336
2021-07-03 21:04:06,475 DEBUG    [line range] com/fasterxml/jackson/core/JsonLocation.java <clinit> 22:22
2021-07-03 21:04:06,490 DEBUG                  - depth 0, hash f15531c, HEAD~336
2021-07-03 21:04:06,495 DEBUG    [line range] com/fasterxml/jackson/core/JsonLocation.java <init> 47:55
2021-07-03 21:04:06,510 DEBUG                  - depth 0, hash 3c75618, HEAD~330
2021-07-03 21:04:06,515 DEBUG                  - depth 1, hash f15531c, HEAD~336
2021-07-03 21:04:06,519 DEBUG    [line range] com/fasterxml/jackson/core/JsonLocation.java getByteOffset 87:90
2021-07-03 21:04:06,534 DEBUG                  - depth 0, hash f15531c, HEAD~336
2021-07-03 21:04:06,947 DEBUG    [line range] com/fasterxml/jackson/core/JsonParser.java <init> 246:246
2021-07-03 21:04:06,967 DEBUG                  - depth 0, hash f15531c, HEAD~336
2021-07-03 21:04:06,973 DEBUG    [single line]   com/fasterxml/jackson/core/JsonParser.java <clinit> 43
2021-07-03 21:04:06,993 DEBUG                  - depth 0, hash f15531c, HEAD~336
2021-07-03 21:04:06,998 DEBUG    [single line]   com/fasterxml/jackson/core/JsonParser.java <clinit> 59
2021-07-03 21:04:07,019 DEBUG                  - depth 0, hash 0735190, HEAD~310
2021-07-03 21:04:07,024 DEBUG                  - depth 1, hash 9fc55aa, HEAD~311
2021-07-03 21:04:07,028 DEBUG                  - depth 2, hash f15531c, HEAD~336
2021-07-03 21:04:07,033 DEBUG    [single line]   com/fasterxml/jackson/core/JsonParser.java <clinit> 75
2021-07-03 21:04:07,053 DEBUG                  - depth 0, hash 0735190, HEAD~310
2021-07-03 21:04:07,058 DEBUG                  - depth 1, hash 9fc55aa, HEAD~311
2021-07-03 21:04:07,063 DEBUG                  - depth 2, hash f15531c, HEAD~336
2021-07-03 21:04:07,067 DEBUG    [single line]   com/fasterxml/jackson/core/JsonParser.java <clinit> 89
2021-07-03 21:04:07,083 DEBUG                  - depth 0, hash 3f84224, HEAD~25
2021-07-03 21:04:07,088 DEBUG    [single line]   com/fasterxml/jackson/core/JsonParser.java <clinit> 100
2021-07-03 21:04:07,108 DEBUG                  - depth 0, hash 0735190, HEAD~310
2021-07-03 21:04:07,114 DEBUG                  - depth 1, hash 9fc55aa, HEAD~311
2021-07-03 21:04:07,118 DEBUG                  - depth 2, hash f15531c, HEAD~336
2021-07-03 21:04:07,122 DEBUG    [single line]   com/fasterxml/jackson/core/JsonParser.java <clinit> 113
2021-07-03 21:04:07,143 DEBUG                  - depth 0, hash 0735190, HEAD~310
2021-07-03 21:04:07,149 DEBUG                  - depth 1, hash 9fc55aa, HEAD~311
2021-07-03 21:04:07,153 DEBUG                  - depth 2, hash f15531c, HEAD~336
2021-07-03 21:04:07,157 DEBUG    [single line]   com/fasterxml/jackson/core/JsonParser.java <clinit> 126
2021-07-03 21:04:07,177 DEBUG                  - depth 0, hash 0735190, HEAD~310
2021-07-03 21:04:07,183 DEBUG                  - depth 1, hash 9fc55aa, HEAD~311
2021-07-03 21:04:07,187 DEBUG                  - depth 2, hash f15531c, HEAD~336
2021-07-03 21:04:07,191 DEBUG    [single line]   com/fasterxml/jackson/core/JsonParser.java <clinit> 137
2021-07-03 21:04:07,211 DEBUG                  - depth 0, hash 0735190, HEAD~310
2021-07-03 21:04:07,217 DEBUG                  - depth 1, hash 9fc55aa, HEAD~311
2021-07-03 21:04:07,221 DEBUG                  - depth 2, hash f15531c, HEAD~336
2021-07-03 21:04:07,225 DEBUG    [single line]   com/fasterxml/jackson/core/JsonParser.java <clinit> 149
2021-07-03 21:04:07,246 DEBUG                  - depth 0, hash 0735190, HEAD~310
2021-07-03 21:04:07,252 DEBUG                  - depth 1, hash 9fc55aa, HEAD~311
2021-07-03 21:04:07,256 DEBUG                  - depth 2, hash f15531c, HEAD~336
2021-07-03 21:04:07,260 DEBUG    [single line]   com/fasterxml/jackson/core/JsonParser.java <clinit> 169
2021-07-03 21:04:07,281 DEBUG                  - depth 0, hash 0735190, HEAD~310
2021-07-03 21:04:07,286 DEBUG                  - depth 1, hash 9fc55aa, HEAD~311
2021-07-03 21:04:07,290 DEBUG                  - depth 2, hash f15531c, HEAD~336
2021-07-03 21:04:07,294 DEBUG    [single line]   com/fasterxml/jackson/core/JsonParser.java <clinit> 187
2021-07-03 21:04:07,315 DEBUG                  - depth 0, hash 6fc0271, HEAD~9
2021-07-03 21:04:07,320 DEBUG                  - depth 1, hash f15531c, HEAD~336
2021-07-03 21:04:07,325 DEBUG    [line range] com/fasterxml/jackson/core/JsonParser.java <init> 212:215
2021-07-03 21:04:07,345 DEBUG                  - depth 0, hash f9ad80f, HEAD~7
2021-07-03 21:04:07,351 DEBUG                  - depth 1, hash 0735190, HEAD~310
2021-07-03 21:04:07,355 DEBUG                  - depth 2, hash 9fc55aa, HEAD~311
2021-07-03 21:04:07,359 DEBUG                  - depth 3, hash f15531c, HEAD~336
2021-07-03 21:04:07,363 DEBUG    [line range] com/fasterxml/jackson/core/JsonParser.java collectDefaults 201:210
2021-07-03 21:04:07,383 DEBUG                  - depth 0, hash f15531c, HEAD~336
2021-07-03 21:04:07,389 DEBUG    [line range] com/fasterxml/jackson/core/JsonParser.java enabledByDefault 217:217
2021-07-03 21:04:07,409 DEBUG                  - depth 0, hash f15531c, HEAD~336
2021-07-03 21:04:07,415 DEBUG    [line range] com/fasterxml/jackson/core/JsonParser.java enabledIn 222:222
2021-07-03 21:04:07,435 DEBUG                  - depth 0, hash f9ad80f, HEAD~7
2021-07-03 21:04:07,440 DEBUG                  - depth 1, hash 6fc0271, HEAD~9
2021-07-03 21:04:07,444 DEBUG                  - depth 2, hash 0735190, HEAD~310
2021-07-03 21:04:07,448 DEBUG                  - depth 3, hash 9fc55aa, HEAD~311
2021-07-03 21:04:07,453 DEBUG                  - depth 4, hash f15531c, HEAD~336
2021-07-03 21:04:07,457 DEBUG    [line range] com/fasterxml/jackson/core/JsonParser.java getMask 224:224
2021-07-03 21:04:07,477 DEBUG                  - depth 0, hash f15531c, HEAD~336
2021-07-03 21:04:07,772 DEBUG    [line range] com/fasterxml/jackson/core/JsonStreamContext.java <init> 43:43
2021-07-03 21:04:07,787 DEBUG                  - depth 0, hash f15531c, HEAD~336
2021-07-03 21:04:07,792 DEBUG    [line range] com/fasterxml/jackson/core/JsonStreamContext.java inObject 74:74
2021-07-03 21:04:07,806 DEBUG                  - depth 0, hash f15531c, HEAD~336
2021-07-03 21:04:08,129 DEBUG    [single line]   com/fasterxml/jackson/core/JsonToken.java <clinit> 12
2021-07-03 21:04:08,144 DEBUG                  - depth 0, hash f15531c, HEAD~336
2021-07-03 21:04:08,149 DEBUG    [single line]   com/fasterxml/jackson/core/JsonToken.java <clinit> 31
2021-07-03 21:04:08,164 DEBUG                  - depth 0, hash 066463a, HEAD~13
2021-07-03 21:04:08,170 DEBUG                  - depth 1, hash a663c69, HEAD~16
2021-07-03 21:04:08,174 DEBUG                  - depth 2, hash f15531c, HEAD~336
2021-07-03 21:04:08,178 DEBUG    [single line]   com/fasterxml/jackson/core/JsonToken.java <clinit> 37
2021-07-03 21:04:08,193 DEBUG                  - depth 0, hash 066463a, HEAD~13
2021-07-03 21:04:08,198 DEBUG                  - depth 1, hash a663c69, HEAD~16
2021-07-03 21:04:08,203 DEBUG                  - depth 2, hash f15531c, HEAD~336
2021-07-03 21:04:08,207 DEBUG    [single line]   com/fasterxml/jackson/core/JsonToken.java <clinit> 43
2021-07-03 21:04:08,222 DEBUG                  - depth 0, hash 066463a, HEAD~13
2021-07-03 21:04:08,227 DEBUG                  - depth 1, hash a663c69, HEAD~16
2021-07-03 21:04:08,231 DEBUG                  - depth 2, hash f15531c, HEAD~336
2021-07-03 21:04:08,236 DEBUG    [single line]   com/fasterxml/jackson/core/JsonToken.java <clinit> 49
2021-07-03 21:04:08,251 DEBUG                  - depth 0, hash 066463a, HEAD~13
2021-07-03 21:04:08,256 DEBUG                  - depth 1, hash a663c69, HEAD~16
2021-07-03 21:04:08,260 DEBUG                  - depth 2, hash f15531c, HEAD~336
2021-07-03 21:04:08,264 DEBUG    [single line]   com/fasterxml/jackson/core/JsonToken.java <clinit> 55
2021-07-03 21:04:08,279 DEBUG                  - depth 0, hash 066463a, HEAD~13
2021-07-03 21:04:08,285 DEBUG                  - depth 1, hash a663c69, HEAD~16
2021-07-03 21:04:08,289 DEBUG                  - depth 2, hash f15531c, HEAD~336
2021-07-03 21:04:08,293 DEBUG    [single line]   com/fasterxml/jackson/core/JsonToken.java <clinit> 61
2021-07-03 21:04:08,308 DEBUG                  - depth 0, hash 066463a, HEAD~13
2021-07-03 21:04:08,313 DEBUG                  - depth 1, hash a663c69, HEAD~16
2021-07-03 21:04:08,318 DEBUG                  - depth 2, hash f15531c, HEAD~336
2021-07-03 21:04:08,322 DEBUG    [single line]   com/fasterxml/jackson/core/JsonToken.java <clinit> 73
2021-07-03 21:04:08,337 DEBUG                  - depth 0, hash 066463a, HEAD~13
2021-07-03 21:04:08,342 DEBUG                  - depth 1, hash a663c69, HEAD~16
2021-07-03 21:04:08,347 DEBUG                  - depth 2, hash f15531c, HEAD~336
2021-07-03 21:04:08,351 DEBUG    [single line]   com/fasterxml/jackson/core/JsonToken.java <clinit> 80
2021-07-03 21:04:08,366 DEBUG                  - depth 0, hash 066463a, HEAD~13
2021-07-03 21:04:08,371 DEBUG                  - depth 1, hash a663c69, HEAD~16
2021-07-03 21:04:08,375 DEBUG                  - depth 2, hash f15531c, HEAD~336
2021-07-03 21:04:08,380 DEBUG    [single line]   com/fasterxml/jackson/core/JsonToken.java <clinit> 88
2021-07-03 21:04:08,395 DEBUG                  - depth 0, hash 066463a, HEAD~13
2021-07-03 21:04:08,400 DEBUG                  - depth 1, hash a663c69, HEAD~16
2021-07-03 21:04:08,404 DEBUG                  - depth 2, hash f15531c, HEAD~336
2021-07-03 21:04:08,408 DEBUG    [single line]   com/fasterxml/jackson/core/JsonToken.java <clinit> 96
2021-07-03 21:04:08,423 DEBUG                  - depth 0, hash 066463a, HEAD~13
2021-07-03 21:04:08,429 DEBUG                  - depth 1, hash a663c69, HEAD~16
2021-07-03 21:04:08,433 DEBUG                  - depth 2, hash f15531c, HEAD~336
2021-07-03 21:04:08,437 DEBUG    [single line]   com/fasterxml/jackson/core/JsonToken.java <clinit> 102
2021-07-03 21:04:08,452 DEBUG                  - depth 0, hash 066463a, HEAD~13
2021-07-03 21:04:08,457 DEBUG                  - depth 1, hash 8b9b4cd, HEAD~14
2021-07-03 21:04:08,462 DEBUG                  - depth 2, hash a663c69, HEAD~16
2021-07-03 21:04:08,466 DEBUG                  - depth 3, hash f15531c, HEAD~336
2021-07-03 21:04:08,470 DEBUG    [single line]   com/fasterxml/jackson/core/JsonToken.java <clinit> 108
2021-07-03 21:04:08,485 DEBUG                  - depth 0, hash 066463a, HEAD~13
2021-07-03 21:04:08,490 DEBUG                  - depth 1, hash 8b9b4cd, HEAD~14
2021-07-03 21:04:08,495 DEBUG                  - depth 2, hash a663c69, HEAD~16
2021-07-03 21:04:08,499 DEBUG                  - depth 3, hash f15531c, HEAD~336
2021-07-03 21:04:08,503 DEBUG    [single line]   com/fasterxml/jackson/core/JsonToken.java <clinit> 114
2021-07-03 21:04:08,518 DEBUG                  - depth 0, hash 066463a, HEAD~13
2021-07-03 21:04:08,523 DEBUG                  - depth 1, hash 8b9b4cd, HEAD~14
2021-07-03 21:04:08,528 DEBUG                  - depth 2, hash a663c69, HEAD~16
2021-07-03 21:04:08,532 DEBUG                  - depth 3, hash f15531c, HEAD~336
2021-07-03 21:04:08,536 DEBUG    [line range] com/fasterxml/jackson/core/JsonToken.java <init> 137:164
2021-07-03 21:04:08,551 DEBUG                  - depth 0, hash 066463a, HEAD~13
2021-07-03 21:04:08,556 DEBUG                  - depth 1, hash 8b9b4cd, HEAD~14
2021-07-03 21:04:08,561 DEBUG                  - depth 2, hash a663c69, HEAD~16
2021-07-03 21:04:08,565 DEBUG                  - depth 3, hash f15531c, HEAD~336
2021-07-03 21:04:08,998 DEBUG    [line range] com/fasterxml/jackson/core/base/ParserBase.java <clinit> 195:195
2021-07-03 21:04:09,015 DEBUG                  - depth 0, hash 9340204, HEAD~267
2021-07-03 21:04:09,021 DEBUG                  - depth 1, hash f15531c, HEAD~336
2021-07-03 21:04:09,025 DEBUG    [line range] com/fasterxml/jackson/core/base/ParserBase.java <init> 54:54
2021-07-03 21:04:09,042 DEBUG                  - depth 0, hash f15531c, HEAD~336
2021-07-03 21:04:09,048 DEBUG    [line range] com/fasterxml/jackson/core/base/ParserBase.java getTokenCharacterOffset 422:422
2021-07-03 21:04:09,065 DEBUG                  - depth 0, hash e9b4851, HEAD~273
2021-07-03 21:04:09,070 DEBUG                  - depth 1, hash f15531c, HEAD~336
2021-07-03 21:04:09,074 DEBUG    [line range] com/fasterxml/jackson/core/base/ParserBase.java getTokenColumnNr 424:428
2021-07-03 21:04:09,091 DEBUG                  - depth 0, hash e9b4851, HEAD~273
2021-07-03 21:04:09,097 DEBUG                  - depth 1, hash f15531c, HEAD~336
2021-07-03 21:04:09,101 DEBUG    [line range] com/fasterxml/jackson/core/base/ParserBase.java getTokenLineNr 423:423
2021-07-03 21:04:09,118 DEBUG                  - depth 0, hash e9b4851, HEAD~273
2021-07-03 21:04:09,124 DEBUG                  - depth 1, hash f15531c, HEAD~336
2021-07-03 21:04:09,526 DEBUG    [line range] com/fasterxml/jackson/core/base/ParserMinimalBase.java <init> 67:67
2021-07-03 21:04:09,559 DEBUG                  - depth 0, hash f15531c, HEAD~336
2021-07-03 21:04:09,941 DEBUG    [line range] com/fasterxml/jackson/core/io/CharTypes.java <clinit> 7:7
2021-07-03 21:04:09,956 DEBUG                  - depth 0, hash f15531c, HEAD~336
2021-07-03 21:04:09,963 DEBUG    [line range] com/fasterxml/jackson/core/io/CharTypes.java getInputCodeLatin1 195:195
2021-07-03 21:04:09,978 DEBUG                  - depth 0, hash 1dc2c61, HEAD~200
2021-07-03 21:04:09,984 DEBUG                  - depth 1, hash f15531c, HEAD~336
2021-07-03 21:04:09,988 DEBUG    [line range] com/fasterxml/jackson/core/io/CharTypes.java getInputCodeUtf8 196:196
2021-07-03 21:04:10,003 DEBUG                  - depth 0, hash a3de8a0, HEAD~24
2021-07-03 21:04:10,009 DEBUG                  - depth 1, hash 1dc2c61, HEAD~200
2021-07-03 21:04:10,013 DEBUG                  - depth 2, hash f15531c, HEAD~336
2021-07-03 21:04:10,017 DEBUG    [line range] com/fasterxml/jackson/core/io/CharTypes.java getInputCodeWS 202:202
2021-07-03 21:04:10,031 DEBUG                  - depth 0, hash a3de8a0, HEAD~24
2021-07-03 21:04:10,352 DEBUG    [line range] com/fasterxml/jackson/core/io/IOContext.java <init> 57:57
2021-07-03 21:04:10,367 DEBUG                  - depth 0, hash f15531c, HEAD~336
2021-07-03 21:04:10,373 DEBUG    [line range] com/fasterxml/jackson/core/io/IOContext.java constructTextBuffer 126:128
2021-07-03 21:04:10,387 DEBUG                  - depth 0, hash 1dc2c61, HEAD~200
2021-07-03 21:04:10,393 DEBUG                  - depth 1, hash f15531c, HEAD~336
2021-07-03 21:04:10,397 DEBUG    [line range] com/fasterxml/jackson/core/io/IOContext.java getSourceReference 116:116
2021-07-03 21:04:10,412 DEBUG                  - depth 0, hash 1dc2c61, HEAD~200
2021-07-03 21:04:10,417 DEBUG                  - depth 1, hash f15531c, HEAD~336
2021-07-03 21:04:10,422 DEBUG    [line range] com/fasterxml/jackson/core/io/IOContext.java setEncoding 106:108
2021-07-03 21:04:10,437 DEBUG                  - depth 0, hash 2343927, HEAD~126
2021-07-03 21:04:10,442 DEBUG                  - depth 1, hash f15531c, HEAD~336
2021-07-03 21:04:10,797 DEBUG    [line range] com/fasterxml/jackson/core/io/SerializedString.java <init> 46:51
2021-07-03 21:04:10,812 DEBUG                  - depth 0, hash 95f76a4, HEAD~194
2021-07-03 21:04:10,818 DEBUG                  - depth 1, hash f15531c, HEAD~336
2021-07-03 21:04:11,185 DEBUG    [line range] com/fasterxml/jackson/core/json/ByteSourceJsonBootstrapper.java <init> 74:74
2021-07-03 21:04:11,200 DEBUG                  - depth 0, hash f15531c, HEAD~336
2021-07-03 21:04:11,206 DEBUG    [line range] com/fasterxml/jackson/core/json/ByteSourceJsonBootstrapper.java checkUTF16 457:470
2021-07-03 21:04:11,221 DEBUG                  - depth 0, hash f15531c, HEAD~336
2021-07-03 21:04:11,227 DEBUG    [line range] com/fasterxml/jackson/core/json/ByteSourceJsonBootstrapper.java constructParser 219:237
2021-07-03 21:04:11,241 DEBUG                  - depth 0, hash 347f237, HEAD~15
2021-07-03 21:04:11,247 DEBUG                  - depth 1, hash 0735190, HEAD~310
2021-07-03 21:04:11,251 DEBUG                  - depth 2, hash f15531c, HEAD~336
2021-07-03 21:04:11,255 DEBUG    [line range] com/fasterxml/jackson/core/json/ByteSourceJsonBootstrapper.java detectEncoding 117:180
2021-07-03 21:04:11,270 DEBUG                  - depth 0, hash f15531c, HEAD~336
2021-07-03 21:04:11,276 DEBUG    [line range] com/fasterxml/jackson/core/json/ByteSourceJsonBootstrapper.java ensureLoaded 490:512
2021-07-03 21:04:11,291 DEBUG                  - depth 0, hash f15531c, HEAD~336
2021-07-03 21:04:11,616 DEBUG    [line range] com/fasterxml/jackson/core/json/JsonReadContext.java <init> 41:41
2021-07-03 21:04:11,631 DEBUG                  - depth 0, hash f15531c, HEAD~336
2021-07-03 21:04:11,637 DEBUG    [line range] com/fasterxml/jackson/core/json/JsonReadContext.java createRootContext 97:99
2021-07-03 21:04:11,651 DEBUG                  - depth 0, hash f9ad80f, HEAD~7
2021-07-03 21:04:11,657 DEBUG                  - depth 1, hash f15531c, HEAD~336
2021-07-03 21:04:11,661 DEBUG    [line range] com/fasterxml/jackson/core/json/JsonReadContext.java expectComma 165:173
2021-07-03 21:04:11,676 DEBUG                  - depth 0, hash 1dc2c61, HEAD~200
2021-07-03 21:04:11,682 DEBUG                  - depth 1, hash f15531c, HEAD~336
2021-07-03 21:04:12,268 DEBUG    [line range] com/fasterxml/jackson/core/json/UTF8StreamJsonParser.java <clinit> 27:27
2021-07-03 21:04:12,296 DEBUG                  - depth 0, hash 0a39869, HEAD~22
2021-07-03 21:04:12,302 DEBUG                  - depth 1, hash f15531c, HEAD~336
2021-07-03 21:04:12,306 DEBUG    [line range] com/fasterxml/jackson/core/json/UTF8StreamJsonParser.java <init> 63:63
2021-07-03 21:04:12,334 DEBUG                  - depth 0, hash f15531c, HEAD~336
2021-07-03 21:04:12,340 DEBUG    [line range] com/fasterxml/jackson/core/json/UTF8StreamJsonParser.java _nextTokenNotInObject 770:816
2021-07-03 21:04:12,369 DEBUG                  - depth 0, hash 7ee3878, HEAD~0
2021-07-03 21:04:12,374 DEBUG                  - depth 1, hash 38d6e35, HEAD~20
2021-07-03 21:04:12,378 DEBUG                  - depth 2, hash c0a3c76, HEAD~28
2021-07-03 21:04:12,382 DEBUG                  - depth 3, hash 1dc2c61, HEAD~200
2021-07-03 21:04:12,387 DEBUG                  - depth 4, hash f15531c, HEAD~336
2021-07-03 21:04:12,391 DEBUG    [line range] com/fasterxml/jackson/core/json/UTF8StreamJsonParser.java _skipWSOrEnd 2547:2588
2021-07-03 21:04:12,419 DEBUG                  - depth 0, hash 7ee3878, HEAD~0
2021-07-03 21:04:12,425 DEBUG                  - depth 1, hash 38d6e35, HEAD~20
2021-07-03 21:04:12,429 DEBUG                  - depth 2, hash 0a39869, HEAD~22
2021-07-03 21:04:12,433 DEBUG                  - depth 3, hash 89d5f32, HEAD~23
2021-07-03 21:04:12,437 DEBUG                  - depth 4, hash a3de8a0, HEAD~24
2021-07-03 21:04:12,442 DEBUG                  - depth 5, hash 1dc2c61, HEAD~200
2021-07-03 21:04:12,446 DEBUG                  - depth 6, hash f15531c, HEAD~336
2021-07-03 21:04:12,450 DEBUG    [line range] com/fasterxml/jackson/core/json/UTF8StreamJsonParser.java getTokenLocation 602:609
2021-07-03 21:04:12,466 DEBUG                  - depth 0, hash f8120bb, HEAD~4
2021-07-03 21:04:12,472 DEBUG    [line range] com/fasterxml/jackson/core/json/UTF8StreamJsonParser.java nextToken 631:768
2021-07-03 21:04:12,500 DEBUG                  - depth 0, hash eaa2b0c, HEAD~19
2021-07-03 21:04:12,506 DEBUG                  - depth 1, hash 38d6e35, HEAD~20
2021-07-03 21:04:12,510 DEBUG                  - depth 2, hash a3de8a0, HEAD~24
2021-07-03 21:04:12,514 DEBUG                  - depth 3, hash c0a3c76, HEAD~28
2021-07-03 21:04:12,519 DEBUG                  - depth 4, hash f15531c, HEAD~336
2021-07-03 21:04:12,967 DEBUG    [line range] com/fasterxml/jackson/core/sym/BytesToNameCanonicalizer.java <init> 239:260
2021-07-03 21:04:12,984 DEBUG                  - depth 0, hash 30f0352, HEAD~226
2021-07-03 21:04:12,990 DEBUG                  - depth 1, hash 3532520, HEAD~237
2021-07-03 21:04:12,994 DEBUG                  - depth 2, hash f15531c, HEAD~336
2021-07-03 21:04:12,999 DEBUG    [line range] com/fasterxml/jackson/core/sym/BytesToNameCanonicalizer.java <init> 265:288
2021-07-03 21:04:13,016 DEBUG                  - depth 0, hash 30f0352, HEAD~226
2021-07-03 21:04:13,021 DEBUG                  - depth 1, hash 9c9622d, HEAD~229
2021-07-03 21:04:13,026 DEBUG                  - depth 2, hash 3532520, HEAD~237
2021-07-03 21:04:13,030 DEBUG                  - depth 3, hash bda3a91, HEAD~238
2021-07-03 21:04:13,034 DEBUG                  - depth 4, hash f15531c, HEAD~336
2021-07-03 21:04:13,039 DEBUG    [line range] com/fasterxml/jackson/core/sym/BytesToNameCanonicalizer.java createRoot 317:326
2021-07-03 21:04:13,055 DEBUG                  - depth 0, hash 321d809, HEAD~197
2021-07-03 21:04:13,060 DEBUG                  - depth 1, hash 9c9622d, HEAD~229
2021-07-03 21:04:13,065 DEBUG    [line range] com/fasterxml/jackson/core/sym/BytesToNameCanonicalizer.java createRoot 332:334
2021-07-03 21:04:13,082 DEBUG                  - depth 0, hash 9c9622d, HEAD~229
2021-07-03 21:04:13,087 DEBUG                  - depth 1, hash f15531c, HEAD~336
2021-07-03 21:04:13,092 DEBUG    [line range] com/fasterxml/jackson/core/sym/BytesToNameCanonicalizer.java initTableInfo 294:305
2021-07-03 21:04:13,109 DEBUG                  - depth 0, hash 30f0352, HEAD~226
2021-07-03 21:04:13,114 DEBUG                  - depth 1, hash bda3a91, HEAD~238
2021-07-03 21:04:13,119 DEBUG                  - depth 2, hash f15531c, HEAD~336
2021-07-03 21:04:13,123 DEBUG    [line range] com/fasterxml/jackson/core/sym/BytesToNameCanonicalizer.java makeChild 343:347
2021-07-03 21:04:13,140 DEBUG                  - depth 0, hash 30f0352, HEAD~226
2021-07-03 21:04:13,145 DEBUG                  - depth 1, hash 9c9622d, HEAD~229
2021-07-03 21:04:13,150 DEBUG                  - depth 2, hash f15531c, HEAD~336
2021-07-03 21:04:13,154 DEBUG    [line range] com/fasterxml/jackson/core/sym/BytesToNameCanonicalizer.java <init> 1117:1128
2021-07-03 21:04:13,169 DEBUG                  - depth 0, hash 30f0352, HEAD~226
2021-07-03 21:04:13,556 DEBUG    [single line]   com/fasterxml/jackson/core/sym/CharsToNameCanonicalizer.java <clinit> 97
2021-07-03 21:04:13,572 DEBUG                  - depth 0, hash f15531c, HEAD~336
2021-07-03 21:04:13,578 DEBUG    [single line]   com/fasterxml/jackson/core/sym/CharsToNameCanonicalizer.java <clinit> 98
2021-07-03 21:04:13,594 DEBUG                  - depth 0, hash f15531c, HEAD~336
2021-07-03 21:04:13,599 DEBUG    [line range] com/fasterxml/jackson/core/sym/CharsToNameCanonicalizer.java <init> 233:243
2021-07-03 21:04:13,615 DEBUG                  - depth 0, hash a7ec583, HEAD~240
2021-07-03 21:04:13,621 DEBUG                  - depth 1, hash f15531c, HEAD~336
2021-07-03 21:04:13,625 DEBUG    [line range] com/fasterxml/jackson/core/sym/CharsToNameCanonicalizer.java <init> 264:285
2021-07-03 21:04:13,641 DEBUG                  - depth 0, hash bda3a91, HEAD~238
2021-07-03 21:04:13,647 DEBUG                  - depth 1, hash a7ec583, HEAD~240
2021-07-03 21:04:13,651 DEBUG                  - depth 2, hash f15531c, HEAD~336
2021-07-03 21:04:13,656 DEBUG    [line range] com/fasterxml/jackson/core/sym/CharsToNameCanonicalizer.java _thresholdSize 257:259
2021-07-03 21:04:13,672 DEBUG                  - depth 0, hash 1dc2c61, HEAD~200
2021-07-03 21:04:13,677 DEBUG                  - depth 1, hash bda3a91, HEAD~238
2021-07-03 21:04:13,682 DEBUG    [line range] com/fasterxml/jackson/core/sym/CharsToNameCanonicalizer.java createRoot 212:221
2021-07-03 21:04:13,698 DEBUG                  - depth 0, hash 321d809, HEAD~197
2021-07-03 21:04:13,704 DEBUG                  - depth 1, hash 3532520, HEAD~237
2021-07-03 21:04:13,708 DEBUG                  - depth 2, hash a7ec583, HEAD~240
2021-07-03 21:04:13,712 DEBUG                  - depth 3, hash f15531c, HEAD~336
2021-07-03 21:04:13,717 DEBUG    [line range] com/fasterxml/jackson/core/sym/CharsToNameCanonicalizer.java createRoot 223:225
2021-07-03 21:04:13,732 DEBUG                  - depth 0, hash a7ec583, HEAD~240
2021-07-03 21:04:13,738 DEBUG                  - depth 1, hash f15531c, HEAD~336
2021-07-03 21:04:13,742 DEBUG    [line range] com/fasterxml/jackson/core/sym/CharsToNameCanonicalizer.java initTables 245:255
2021-07-03 21:04:13,758 DEBUG                  - depth 0, hash bda3a91, HEAD~238
2021-07-03 21:04:13,764 DEBUG                  - depth 1, hash a7ec583, HEAD~240
2021-07-03 21:04:13,768 DEBUG                  - depth 2, hash f15531c, HEAD~336
2021-07-03 21:04:13,772 DEBUG    [line range] com/fasterxml/jackson/core/sym/CharsToNameCanonicalizer.java makeOrphan 324:328
2021-07-03 21:04:13,789 DEBUG                  - depth 0, hash a7ec583, HEAD~240
2021-07-03 21:04:13,794 DEBUG                  - depth 1, hash f15531c, HEAD~336
2021-07-03 21:04:14,106 DEBUG    [line range] com/fasterxml/jackson/core/util/BufferRecycler.java <init> 55:55
2021-07-03 21:04:14,121 DEBUG                  - depth 0, hash f15531c, HEAD~336
2021-07-03 21:04:14,127 DEBUG    [single line]   com/fasterxml/jackson/core/util/BufferRecycler.java <clinit> 15
2021-07-03 21:04:14,142 DEBUG                  - depth 0, hash f15531c, HEAD~336
2021-07-03 21:04:14,147 DEBUG    [single line]   com/fasterxml/jackson/core/util/BufferRecycler.java <clinit> 16
2021-07-03 21:04:14,161 DEBUG                  - depth 0, hash f15531c, HEAD~336
2021-07-03 21:04:14,167 DEBUG    [single line]   com/fasterxml/jackson/core/util/BufferRecycler.java <clinit> 21
2021-07-03 21:04:14,181 DEBUG                  - depth 0, hash f15531c, HEAD~336
2021-07-03 21:04:14,187 DEBUG    [single line]   com/fasterxml/jackson/core/util/BufferRecycler.java <clinit> 27
2021-07-03 21:04:14,202 DEBUG                  - depth 0, hash f15531c, HEAD~336
2021-07-03 21:04:14,207 DEBUG    [single line]   com/fasterxml/jackson/core/util/BufferRecycler.java <clinit> 35
2021-07-03 21:04:14,221 DEBUG                  - depth 0, hash 2e70a2a, HEAD~254
2021-07-03 21:04:14,227 DEBUG    [line range] com/fasterxml/jackson/core/util/BufferRecycler.java <init> 40:40
2021-07-03 21:04:14,241 DEBUG                  - depth 0, hash f15531c, HEAD~336
2021-07-03 21:04:14,247 DEBUG    [single line]   com/fasterxml/jackson/core/util/BufferRecycler.java <clinit> 43
2021-07-03 21:04:14,261 DEBUG                  - depth 0, hash f15531c, HEAD~336
2021-07-03 21:04:14,267 DEBUG    [single line]   com/fasterxml/jackson/core/util/BufferRecycler.java <clinit> 44
2021-07-03 21:04:14,281 DEBUG                  - depth 0, hash f15531c, HEAD~336
2021-07-03 21:04:14,287 DEBUG    [single line]   com/fasterxml/jackson/core/util/BufferRecycler.java <clinit> 45
2021-07-03 21:04:14,301 DEBUG                  - depth 0, hash f15531c, HEAD~336
2021-07-03 21:04:14,307 DEBUG    [single line]   com/fasterxml/jackson/core/util/BufferRecycler.java <clinit> 46
2021-07-03 21:04:14,322 DEBUG                  - depth 0, hash f15531c, HEAD~336
2021-07-03 21:04:14,327 DEBUG    [single line]   com/fasterxml/jackson/core/util/BufferRecycler.java <clinit> 47
2021-07-03 21:04:14,342 DEBUG                  - depth 0, hash f15531c, HEAD~336
2021-07-03 21:04:14,720 DEBUG    [line range] com/fasterxml/jackson/core/util/DefaultPrettyPrinter.java <clinit> 29:29
2021-07-03 21:04:14,735 DEBUG                  - depth 0, hash e6dfc69, HEAD~203
2021-07-03 21:04:15,150 DEBUG    [line range] com/fasterxml/jackson/core/util/TextBuffer.java <clinit> 29:29
2021-07-03 21:04:15,165 DEBUG                  - depth 0, hash f15531c, HEAD~336
2021-07-03 21:04:15,171 DEBUG    [line range] com/fasterxml/jackson/core/util/TextBuffer.java <init> 85:85
2021-07-03 21:04:15,186 DEBUG                  - depth 0, hash f15531c, HEAD~336
2021-07-03 21:04:15,192 INFO     The number of BIC candidates: 37
