2021-07-03 21:11:40,817 INFO     Search BICs for /tmp/JacksonCore-20b/
2021-07-03 21:11:40,817 DEBUG    Reading the coverage of com.fasterxml.jackson.core.base64.Base64GenerationTest::testBinaryAsEmbeddedObject (failings)
2021-07-03 21:11:40,892 DEBUG    Reading the coverage of com.fasterxml.jackson.core.main.TestGeneratorMisc::testAsEmbedded (failings)
2021-07-03 21:11:40,956 INFO     Loaded 2x356 Coverage Matrix
2021-07-03 21:11:40,956 INFO     The number of total commits: 1106
2021-07-03 21:11:41,332 DEBUG    [line range] com/fasterxml/jackson/core/Base64Variant.java <init> 146:149
2021-07-03 21:11:41,371 DEBUG                  - depth 0, hash f15531c, HEAD~1100
2021-07-03 21:11:41,376 DEBUG    [line range] com/fasterxml/jackson/core/Base64Variant.java <init> 55:55
2021-07-03 21:11:41,415 DEBUG                  - depth 0, hash 41bd0eb, HEAD~956
2021-07-03 21:11:41,420 DEBUG                  - depth 1, hash f15531c, HEAD~1100
2021-07-03 21:11:41,424 DEBUG    [line range] com/fasterxml/jackson/core/Base64Variant.java <init> 111:139
2021-07-03 21:11:41,463 DEBUG                  - depth 0, hash f15531c, HEAD~1100
2021-07-03 21:11:41,766 DEBUG    [single line]   com/fasterxml/jackson/core/Base64Variants.java <clinit> 34
2021-07-03 21:11:41,803 DEBUG                  - depth 0, hash f15531c, HEAD~1100
2021-07-03 21:11:41,809 DEBUG    [single line]   com/fasterxml/jackson/core/Base64Variants.java <clinit> 45
2021-07-03 21:11:41,845 DEBUG                  - depth 0, hash f15531c, HEAD~1100
2021-07-03 21:11:41,850 DEBUG    [line range] com/fasterxml/jackson/core/Base64Variants.java <clinit> 52:52
2021-07-03 21:11:41,887 DEBUG                  - depth 0, hash f15531c, HEAD~1100
2021-07-03 21:11:42,325 DEBUG    [line range] com/fasterxml/jackson/core/JsonFactory.java <clinit> 160:160
2021-07-03 21:11:42,373 DEBUG                  - depth 0, hash 7b796a8, HEAD~863
2021-07-03 21:11:42,378 DEBUG                  - depth 1, hash 0735190, HEAD~1074
2021-07-03 21:11:42,382 DEBUG    [line range] com/fasterxml/jackson/core/JsonFactory.java <init> 282:282
2021-07-03 21:11:42,429 DEBUG                  - depth 0, hash 2bba5dd, HEAD~712
2021-07-03 21:11:42,435 DEBUG                  - depth 1, hash 7b796a8, HEAD~863
2021-07-03 21:11:42,439 DEBUG                  - depth 2, hash f15531c, HEAD~1100
2021-07-03 21:11:42,443 DEBUG    [line range] com/fasterxml/jackson/core/JsonFactory.java <init> 195:195
2021-07-03 21:11:42,489 DEBUG                  - depth 0, hash 95f76a4, HEAD~958
2021-07-03 21:11:42,495 DEBUG                  - depth 1, hash f15531c, HEAD~1100
2021-07-03 21:11:42,499 DEBUG    [line range] com/fasterxml/jackson/core/JsonFactory.java <init> 284:284
2021-07-03 21:11:42,545 DEBUG                  - depth 0, hash f15531c, HEAD~1100
2021-07-03 21:11:42,550 DEBUG    [line range] com/fasterxml/jackson/core/JsonFactory.java _createContext 1512:1514
2021-07-03 21:11:42,591 DEBUG                  - depth 0, hash 896000f, HEAD~683
2021-07-03 21:11:42,596 DEBUG    [line range] com/fasterxml/jackson/core/JsonFactory.java _createGenerator 1359:1371
2021-07-03 21:11:42,642 DEBUG                  - depth 0, hash efc2367, HEAD~732
2021-07-03 21:11:42,648 DEBUG                  - depth 1, hash 6819492, HEAD~929
2021-07-03 21:11:42,652 DEBUG                  - depth 2, hash e6dfc69, HEAD~967
2021-07-03 21:11:42,656 DEBUG                  - depth 3, hash ec30027, HEAD~1005
2021-07-03 21:11:42,660 DEBUG                  - depth 4, hash eeb2fbd, HEAD~1020
2021-07-03 21:11:42,664 DEBUG                  - depth 5, hash f15531c, HEAD~1100
2021-07-03 21:11:42,668 DEBUG    [line range] com/fasterxml/jackson/core/JsonFactory.java _decorate 1467:1475
2021-07-03 21:11:42,711 DEBUG                  - depth 0, hash 896000f, HEAD~683
2021-07-03 21:11:42,716 DEBUG    [line range] com/fasterxml/jackson/core/JsonFactory.java _getBufferRecycler 1489:1506
2021-07-03 21:11:42,763 DEBUG                  - depth 0, hash 833de41, HEAD~29
2021-07-03 21:11:42,768 DEBUG                  - depth 1, hash 8891c0c, HEAD~334
2021-07-03 21:11:42,772 DEBUG                  - depth 2, hash f15531c, HEAD~1100
2021-07-03 21:11:42,776 DEBUG    [line range] com/fasterxml/jackson/core/JsonFactory.java createGenerator 1128:1131
2021-07-03 21:11:42,824 DEBUG                  - depth 0, hash 896000f, HEAD~683
2021-07-03 21:11:42,829 DEBUG                  - depth 1, hash b0a2e19, HEAD~687
2021-07-03 21:11:42,833 DEBUG                  - depth 2, hash 4ab04ce, HEAD~928
2021-07-03 21:11:42,837 DEBUG                  - depth 3, hash feaabd1, HEAD~994
2021-07-03 21:11:42,841 DEBUG                  - depth 4, hash f15531c, HEAD~1100
2021-07-03 21:11:42,846 DEBUG    [line range] com/fasterxml/jackson/core/JsonFactory.java isEnabled 556:558
2021-07-03 21:11:42,892 DEBUG                  - depth 0, hash 0735190, HEAD~1074
2021-07-03 21:11:42,898 DEBUG    [line range] com/fasterxml/jackson/core/JsonFactory.java <init> 138:138
2021-07-03 21:11:42,945 DEBUG                  - depth 0, hash e15b9a8, HEAD~717
2021-07-03 21:11:42,951 DEBUG                  - depth 1, hash 0735190, HEAD~1074
2021-07-03 21:11:42,955 DEBUG    [line range] com/fasterxml/jackson/core/JsonFactory.java collectDefaults 130:136
2021-07-03 21:11:43,002 DEBUG                  - depth 0, hash e15b9a8, HEAD~717
2021-07-03 21:11:43,007 DEBUG                  - depth 1, hash 0735190, HEAD~1074
2021-07-03 21:11:43,011 DEBUG    [line range] com/fasterxml/jackson/core/JsonFactory.java enabledByDefault 140:140
2021-07-03 21:11:43,058 DEBUG                  - depth 0, hash 0735190, HEAD~1074
2021-07-03 21:11:43,064 DEBUG    [line range] com/fasterxml/jackson/core/JsonFactory.java enabledIn 141:141
2021-07-03 21:11:43,110 DEBUG                  - depth 0, hash 0735190, HEAD~1074
2021-07-03 21:11:43,115 DEBUG    [line range] com/fasterxml/jackson/core/JsonFactory.java getMask 142:142
2021-07-03 21:11:43,162 DEBUG                  - depth 0, hash 0735190, HEAD~1074
2021-07-03 21:11:43,459 DEBUG    [line range] com/fasterxml/jackson/core/JsonGenerationException.java <init> 47:50
2021-07-03 21:11:43,496 DEBUG                  - depth 0, hash 77be53c, HEAD~273
2021-07-03 21:11:43,501 DEBUG                  - depth 1, hash f15531c, HEAD~1100
2021-07-03 21:11:43,927 DEBUG    [line range] com/fasterxml/jackson/core/JsonGenerator.java <init> 267:267
2021-07-03 21:11:43,978 DEBUG                  - depth 0, hash f15531c, HEAD~1100
2021-07-03 21:11:43,984 DEBUG    [line range] com/fasterxml/jackson/core/JsonGenerator.java writeEmbeddedObject 1328:1331
2021-07-03 21:11:44,022 DEBUG                  - depth 0, hash cfb0866, HEAD~68
2021-07-03 21:11:44,027 DEBUG    [single line]   com/fasterxml/jackson/core/JsonGenerator.java <clinit> 33
2021-07-03 21:11:44,077 DEBUG                  - depth 0, hash f15531c, HEAD~1100
2021-07-03 21:11:44,082 DEBUG    [single line]   com/fasterxml/jackson/core/JsonGenerator.java <clinit> 49
2021-07-03 21:11:44,132 DEBUG                  - depth 0, hash 0735190, HEAD~1074
2021-07-03 21:11:44,137 DEBUG                  - depth 1, hash 9fc55aa, HEAD~1075
2021-07-03 21:11:44,141 DEBUG                  - depth 2, hash f15531c, HEAD~1100
2021-07-03 21:11:44,145 DEBUG    [single line]   com/fasterxml/jackson/core/JsonGenerator.java <clinit> 61
2021-07-03 21:11:44,196 DEBUG                  - depth 0, hash 0735190, HEAD~1074
2021-07-03 21:11:44,202 DEBUG                  - depth 1, hash 9fc55aa, HEAD~1075
2021-07-03 21:11:44,206 DEBUG                  - depth 2, hash f15531c, HEAD~1100
2021-07-03 21:11:44,210 DEBUG    [single line]   com/fasterxml/jackson/core/JsonGenerator.java <clinit> 74
2021-07-03 21:11:44,254 DEBUG                  - depth 0, hash afef47a, HEAD~380
2021-07-03 21:11:44,259 DEBUG    [single line]   com/fasterxml/jackson/core/JsonGenerator.java <clinit> 87
2021-07-03 21:11:44,309 DEBUG                  - depth 0, hash 0735190, HEAD~1074
2021-07-03 21:11:44,314 DEBUG                  - depth 1, hash 9fc55aa, HEAD~1075
2021-07-03 21:11:44,319 DEBUG                  - depth 2, hash f15531c, HEAD~1100
2021-07-03 21:11:44,323 DEBUG    [single line]   com/fasterxml/jackson/core/JsonGenerator.java <clinit> 101
2021-07-03 21:11:44,372 DEBUG                  - depth 0, hash 0735190, HEAD~1074
2021-07-03 21:11:44,378 DEBUG                  - depth 1, hash 9fc55aa, HEAD~1075
2021-07-03 21:11:44,382 DEBUG                  - depth 2, hash f15531c, HEAD~1100
2021-07-03 21:11:44,386 DEBUG    [single line]   com/fasterxml/jackson/core/JsonGenerator.java <clinit> 118
2021-07-03 21:11:44,437 DEBUG                  - depth 0, hash 0735190, HEAD~1074
2021-07-03 21:11:44,442 DEBUG                  - depth 1, hash 9fc55aa, HEAD~1075
2021-07-03 21:11:44,446 DEBUG                  - depth 2, hash f15531c, HEAD~1100
2021-07-03 21:11:44,451 DEBUG    [single line]   com/fasterxml/jackson/core/JsonGenerator.java <clinit> 130
2021-07-03 21:11:44,499 DEBUG                  - depth 0, hash 0dba714, HEAD~837
2021-07-03 21:11:44,504 DEBUG    [single line]   com/fasterxml/jackson/core/JsonGenerator.java <clinit> 147
2021-07-03 21:11:44,554 DEBUG                  - depth 0, hash 0735190, HEAD~1074
2021-07-03 21:11:44,559 DEBUG                  - depth 1, hash 9fc55aa, HEAD~1075
2021-07-03 21:11:44,563 DEBUG                  - depth 2, hash f15531c, HEAD~1100
2021-07-03 21:11:44,567 DEBUG    [single line]   com/fasterxml/jackson/core/JsonGenerator.java <clinit> 190
2021-07-03 21:11:44,618 DEBUG                  - depth 0, hash f9ad80f, HEAD~771
2021-07-03 21:11:44,624 DEBUG                  - depth 1, hash f15531c, HEAD~1100
2021-07-03 21:11:44,628 DEBUG    [single line]   com/fasterxml/jackson/core/JsonGenerator.java <clinit> 212
2021-07-03 21:11:44,677 DEBUG                  - depth 0, hash 27eb3c1, HEAD~533
2021-07-03 21:11:44,683 DEBUG                  - depth 1, hash f15531c, HEAD~1100
2021-07-03 21:11:44,687 DEBUG    [line range] com/fasterxml/jackson/core/JsonGenerator.java <init> 233:236
2021-07-03 21:11:44,738 DEBUG                  - depth 0, hash 483e662, HEAD~530
2021-07-03 21:11:44,744 DEBUG                  - depth 1, hash 0735190, HEAD~1074
2021-07-03 21:11:44,748 DEBUG                  - depth 2, hash 9fc55aa, HEAD~1075
2021-07-03 21:11:44,752 DEBUG                  - depth 3, hash f15531c, HEAD~1100
2021-07-03 21:11:44,756 DEBUG    [line range] com/fasterxml/jackson/core/JsonGenerator.java collectDefaults 222:231
2021-07-03 21:11:44,807 DEBUG                  - depth 0, hash f15531c, HEAD~1100
2021-07-03 21:11:44,812 DEBUG    [line range] com/fasterxml/jackson/core/JsonGenerator.java enabledByDefault 238:238
2021-07-03 21:11:44,863 DEBUG                  - depth 0, hash f15531c, HEAD~1100
2021-07-03 21:11:44,869 DEBUG    [line range] com/fasterxml/jackson/core/JsonGenerator.java enabledIn 243:243
2021-07-03 21:11:44,916 DEBUG                  - depth 0, hash f9ad80f, HEAD~771
2021-07-03 21:11:44,921 DEBUG    [line range] com/fasterxml/jackson/core/JsonGenerator.java getMask 245:245
2021-07-03 21:11:44,972 DEBUG                  - depth 0, hash f15531c, HEAD~1100
2021-07-03 21:11:45,385 DEBUG    [single line]   com/fasterxml/jackson/core/JsonParser.java <clinit> 44
2021-07-03 21:11:45,434 DEBUG                  - depth 0, hash f15531c, HEAD~1100
2021-07-03 21:11:45,440 DEBUG    [single line]   com/fasterxml/jackson/core/JsonParser.java <clinit> 60
2021-07-03 21:11:45,489 DEBUG                  - depth 0, hash 0735190, HEAD~1074
2021-07-03 21:11:45,494 DEBUG                  - depth 1, hash 9fc55aa, HEAD~1075
2021-07-03 21:11:45,499 DEBUG                  - depth 2, hash f15531c, HEAD~1100
2021-07-03 21:11:45,503 DEBUG    [single line]   com/fasterxml/jackson/core/JsonParser.java <clinit> 76
2021-07-03 21:11:45,552 DEBUG                  - depth 0, hash 0735190, HEAD~1074
2021-07-03 21:11:45,558 DEBUG                  - depth 1, hash 9fc55aa, HEAD~1075
2021-07-03 21:11:45,562 DEBUG                  - depth 2, hash f15531c, HEAD~1100
2021-07-03 21:11:45,566 DEBUG    [single line]   com/fasterxml/jackson/core/JsonParser.java <clinit> 90
2021-07-03 21:11:45,612 DEBUG                  - depth 0, hash 3f84224, HEAD~789
2021-07-03 21:11:45,617 DEBUG    [single line]   com/fasterxml/jackson/core/JsonParser.java <clinit> 101
2021-07-03 21:11:45,668 DEBUG                  - depth 0, hash 0735190, HEAD~1074
2021-07-03 21:11:45,673 DEBUG                  - depth 1, hash 9fc55aa, HEAD~1075
2021-07-03 21:11:45,677 DEBUG                  - depth 2, hash f15531c, HEAD~1100
2021-07-03 21:11:45,682 DEBUG    [single line]   com/fasterxml/jackson/core/JsonParser.java <clinit> 114
2021-07-03 21:11:45,731 DEBUG                  - depth 0, hash 0735190, HEAD~1074
2021-07-03 21:11:45,737 DEBUG                  - depth 1, hash 9fc55aa, HEAD~1075
2021-07-03 21:11:45,741 DEBUG                  - depth 2, hash f15531c, HEAD~1100
2021-07-03 21:11:45,745 DEBUG    [single line]   com/fasterxml/jackson/core/JsonParser.java <clinit> 127
2021-07-03 21:11:45,794 DEBUG                  - depth 0, hash 0735190, HEAD~1074
2021-07-03 21:11:45,800 DEBUG                  - depth 1, hash 9fc55aa, HEAD~1075
2021-07-03 21:11:45,804 DEBUG                  - depth 2, hash f15531c, HEAD~1100
2021-07-03 21:11:45,808 DEBUG    [single line]   com/fasterxml/jackson/core/JsonParser.java <clinit> 138
2021-07-03 21:11:45,857 DEBUG                  - depth 0, hash 0735190, HEAD~1074
2021-07-03 21:11:45,862 DEBUG                  - depth 1, hash 9fc55aa, HEAD~1075
2021-07-03 21:11:45,866 DEBUG                  - depth 2, hash f15531c, HEAD~1100
2021-07-03 21:11:45,870 DEBUG    [single line]   com/fasterxml/jackson/core/JsonParser.java <clinit> 150
2021-07-03 21:11:45,920 DEBUG                  - depth 0, hash 0735190, HEAD~1074
2021-07-03 21:11:45,925 DEBUG                  - depth 1, hash 9fc55aa, HEAD~1075
2021-07-03 21:11:45,929 DEBUG                  - depth 2, hash f15531c, HEAD~1100
2021-07-03 21:11:45,934 DEBUG    [single line]   com/fasterxml/jackson/core/JsonParser.java <clinit> 170
2021-07-03 21:11:45,984 DEBUG                  - depth 0, hash 0735190, HEAD~1074
2021-07-03 21:11:45,989 DEBUG                  - depth 1, hash 9fc55aa, HEAD~1075
2021-07-03 21:11:45,993 DEBUG                  - depth 2, hash f15531c, HEAD~1100
2021-07-03 21:11:45,998 DEBUG    [single line]   com/fasterxml/jackson/core/JsonParser.java <clinit> 188
2021-07-03 21:11:46,047 DEBUG                  - depth 0, hash 6fc0271, HEAD~773
2021-07-03 21:11:46,053 DEBUG                  - depth 1, hash f15531c, HEAD~1100
2021-07-03 21:11:46,057 DEBUG    [single line]   com/fasterxml/jackson/core/JsonParser.java <clinit> 212
2021-07-03 21:11:46,106 DEBUG                  - depth 0, hash 531b450, HEAD~139
2021-07-03 21:11:46,111 DEBUG                  - depth 1, hash dbaf193, HEAD~424
2021-07-03 21:11:46,116 DEBUG                  - depth 2, hash f15531c, HEAD~1100
2021-07-03 21:11:46,120 DEBUG    [single line]   com/fasterxml/jackson/core/JsonParser.java <clinit> 230
2021-07-03 21:11:46,169 DEBUG                  - depth 0, hash 531b450, HEAD~139
2021-07-03 21:11:46,175 DEBUG                  - depth 1, hash dbaf193, HEAD~424
2021-07-03 21:11:46,179 DEBUG                  - depth 2, hash f15531c, HEAD~1100
2021-07-03 21:11:46,183 DEBUG    [line range] com/fasterxml/jackson/core/JsonParser.java <init> 255:258
2021-07-03 21:11:46,233 DEBUG                  - depth 0, hash f9ad80f, HEAD~771
2021-07-03 21:11:46,239 DEBUG                  - depth 1, hash 0735190, HEAD~1074
2021-07-03 21:11:46,243 DEBUG                  - depth 2, hash 9fc55aa, HEAD~1075
2021-07-03 21:11:46,247 DEBUG                  - depth 3, hash f15531c, HEAD~1100
2021-07-03 21:11:46,251 DEBUG    [line range] com/fasterxml/jackson/core/JsonParser.java collectDefaults 244:253
2021-07-03 21:11:46,302 DEBUG                  - depth 0, hash f15531c, HEAD~1100
2021-07-03 21:11:46,307 DEBUG    [line range] com/fasterxml/jackson/core/JsonParser.java enabledByDefault 260:260
2021-07-03 21:11:46,356 DEBUG                  - depth 0, hash f15531c, HEAD~1100
2021-07-03 21:11:46,362 DEBUG    [line range] com/fasterxml/jackson/core/JsonParser.java getMask 267:267
2021-07-03 21:11:46,410 DEBUG                  - depth 0, hash 8b88443, HEAD~527
2021-07-03 21:11:46,416 DEBUG                  - depth 1, hash f15531c, HEAD~1100
2021-07-03 21:11:46,726 DEBUG    [line range] com/fasterxml/jackson/core/JsonProcessingException.java <init> 36:38
2021-07-03 21:11:46,763 DEBUG                  - depth 0, hash 32e4e91, HEAD~709
2021-07-03 21:11:46,768 DEBUG                  - depth 1, hash f15531c, HEAD~1100
2021-07-03 21:11:46,773 DEBUG    [line range] com/fasterxml/jackson/core/JsonProcessingException.java <init> 21:30
2021-07-03 21:11:46,809 DEBUG                  - depth 0, hash 32e4e91, HEAD~709
2021-07-03 21:11:46,814 DEBUG                  - depth 1, hash 8e922aa, HEAD~1056
2021-07-03 21:11:46,819 DEBUG                  - depth 2, hash f15531c, HEAD~1100
2021-07-03 21:11:46,823 DEBUG    [line range] com/fasterxml/jackson/core/JsonProcessingException.java getLocation 54:54
2021-07-03 21:11:46,860 DEBUG                  - depth 0, hash 77be53c, HEAD~273
2021-07-03 21:11:46,865 DEBUG    [line range] com/fasterxml/jackson/core/JsonProcessingException.java getMessage 103:125
2021-07-03 21:11:46,902 DEBUG                  - depth 0, hash 32e4e91, HEAD~709
2021-07-03 21:11:46,907 DEBUG                  - depth 1, hash 8e922aa, HEAD~1056
2021-07-03 21:11:46,912 DEBUG                  - depth 2, hash f15531c, HEAD~1100
2021-07-03 21:11:46,916 DEBUG    [line range] com/fasterxml/jackson/core/JsonProcessingException.java getMessageSuffix 92:92
2021-07-03 21:11:46,953 DEBUG                  - depth 0, hash 32e4e91, HEAD~709
2021-07-03 21:11:46,958 DEBUG                  - depth 1, hash 8e922aa, HEAD~1056
2021-07-03 21:11:46,962 DEBUG                  - depth 2, hash f15531c, HEAD~1100
2021-07-03 21:11:46,966 DEBUG    [line range] com/fasterxml/jackson/core/JsonProcessingException.java toString 127:127
2021-07-03 21:11:47,004 DEBUG                  - depth 0, hash 32e4e91, HEAD~709
2021-07-03 21:11:47,009 DEBUG                  - depth 1, hash f15531c, HEAD~1100
2021-07-03 21:11:47,304 DEBUG    [line range] com/fasterxml/jackson/core/JsonStreamContext.java <init> 43:43
2021-07-03 21:11:47,341 DEBUG                  - depth 0, hash f15531c, HEAD~1100
2021-07-03 21:11:47,702 DEBUG    [line range] com/fasterxml/jackson/core/base/GeneratorBase.java <clinit> 30:34
2021-07-03 21:11:47,740 DEBUG                  - depth 0, hash d58d420, HEAD~175
2021-07-03 21:11:47,746 DEBUG                  - depth 1, hash 2a6f9f2, HEAD~528
2021-07-03 21:11:47,750 DEBUG                  - depth 2, hash 483e662, HEAD~530
2021-07-03 21:11:47,754 DEBUG    [line range] com/fasterxml/jackson/core/base/GeneratorBase.java <init> 102:110
2021-07-03 21:11:47,794 DEBUG                  - depth 0, hash 1e4a20b, HEAD~541
2021-07-03 21:11:47,799 DEBUG                  - depth 1, hash 32e4e91, HEAD~709
2021-07-03 21:11:47,804 DEBUG                  - depth 2, hash f9ad80f, HEAD~771
2021-07-03 21:11:47,808 DEBUG                  - depth 3, hash f15531c, HEAD~1100
2021-07-03 21:11:48,165 DEBUG    [line range] com/fasterxml/jackson/core/io/CharTypes.java <clinit> 7:7
2021-07-03 21:11:48,202 DEBUG                  - depth 0, hash fedd795, HEAD~725
2021-07-03 21:11:48,208 DEBUG                  - depth 1, hash f15531c, HEAD~1100
2021-07-03 21:11:48,214 DEBUG    [line range] com/fasterxml/jackson/core/io/CharTypes.java copyHexChars 251:253
2021-07-03 21:11:48,250 DEBUG                  - depth 0, hash fedd795, HEAD~725
2021-07-03 21:11:48,256 DEBUG                  - depth 1, hash f15531c, HEAD~1100
2021-07-03 21:11:48,260 DEBUG    [line range] com/fasterxml/jackson/core/io/CharTypes.java get7BitOutputEscapes 211:211
2021-07-03 21:11:48,297 DEBUG                  - depth 0, hash 1dc2c61, HEAD~964
2021-07-03 21:11:48,302 DEBUG                  - depth 1, hash f15531c, HEAD~1100
2021-07-03 21:11:48,639 DEBUG    [line range] com/fasterxml/jackson/core/io/IOContext.java <init> 101:106
2021-07-03 21:11:48,677 DEBUG                  - depth 0, hash f15531c, HEAD~1100
2021-07-03 21:11:48,682 DEBUG    [line range] com/fasterxml/jackson/core/io/IOContext.java _verifyAlloc 268:270
2021-07-03 21:11:48,719 DEBUG                  - depth 0, hash 4ceaba8, HEAD~585
2021-07-03 21:11:48,725 DEBUG                  - depth 1, hash 288b1f3, HEAD~724
2021-07-03 21:11:48,729 DEBUG                  - depth 2, hash a8bc72e, HEAD~729
2021-07-03 21:11:48,733 DEBUG                  - depth 3, hash 2343927, HEAD~890
2021-07-03 21:11:48,737 DEBUG    [line range] com/fasterxml/jackson/core/io/IOContext.java allocConcatBuffer 192:195
2021-07-03 21:11:48,776 DEBUG                  - depth 0, hash a8bc72e, HEAD~729
2021-07-03 21:11:48,782 DEBUG                  - depth 1, hash f633f10, HEAD~741
2021-07-03 21:11:48,786 DEBUG                  - depth 2, hash 2343927, HEAD~890
2021-07-03 21:11:48,790 DEBUG                  - depth 3, hash 1dc2c61, HEAD~964
2021-07-03 21:11:48,794 DEBUG                  - depth 4, hash f15531c, HEAD~1100
2021-07-03 21:11:49,142 DEBUG    [line range] com/fasterxml/jackson/core/io/SerializedString.java <init> 49:54
2021-07-03 21:11:49,179 DEBUG                  - depth 0, hash 95f76a4, HEAD~958
2021-07-03 21:11:49,184 DEBUG                  - depth 1, hash f15531c, HEAD~1100
2021-07-03 21:11:49,526 DEBUG    [line range] com/fasterxml/jackson/core/json/JsonGeneratorImpl.java <clinit> 31:31
2021-07-03 21:11:49,563 DEBUG                  - depth 0, hash e6dfc69, HEAD~967
2021-07-03 21:11:49,569 DEBUG    [line range] com/fasterxml/jackson/core/json/JsonGeneratorImpl.java <init> 53:53
2021-07-03 21:11:49,606 DEBUG                  - depth 0, hash e6dfc69, HEAD~967
2021-07-03 21:11:49,958 DEBUG    [line range] com/fasterxml/jackson/core/json/JsonWriteContext.java <init> 69:75
2021-07-03 21:11:49,996 DEBUG                  - depth 0, hash 007dccb, HEAD~716
2021-07-03 21:11:50,002 DEBUG                  - depth 1, hash f9ad80f, HEAD~771
2021-07-03 21:11:50,006 DEBUG                  - depth 2, hash f15531c, HEAD~1100
2021-07-03 21:11:50,010 DEBUG    [line range] com/fasterxml/jackson/core/json/JsonWriteContext.java createRootContext 114:116
2021-07-03 21:11:50,047 DEBUG                  - depth 0, hash 483e662, HEAD~530
2021-07-03 21:11:50,053 DEBUG                  - depth 1, hash 007dccb, HEAD~716
2021-07-03 21:11:50,057 DEBUG                  - depth 2, hash f9ad80f, HEAD~771
2021-07-03 21:11:50,571 DEBUG    [line range] com/fasterxml/jackson/core/json/WriterBasedJsonGenerator.java <clinit> 19:19
2021-07-03 21:11:50,620 DEBUG                  - depth 0, hash f15531c, HEAD~1100
2021-07-03 21:11:50,626 DEBUG    [line range] com/fasterxml/jackson/core/json/WriterBasedJsonGenerator.java <init> 35:35
2021-07-03 21:11:50,664 DEBUG                  - depth 0, hash 63fd0ab, HEAD~64
2021-07-03 21:11:51,145 DEBUG    [line range] com/fasterxml/jackson/core/sym/ByteQuadsCanonicalizer.java <init> 222:242
2021-07-03 21:11:51,188 DEBUG                  - depth 0, hash 791e288, HEAD~450
2021-07-03 21:11:51,194 DEBUG    [line range] com/fasterxml/jackson/core/sym/ByteQuadsCanonicalizer.java _calcTertiaryShift 1190:1207
2021-07-03 21:11:51,234 DEBUG                  - depth 0, hash 86b31e7, HEAD~387
2021-07-03 21:11:51,240 DEBUG                  - depth 1, hash aa65eaa, HEAD~439
2021-07-03 21:11:51,244 DEBUG                  - depth 2, hash 6b9505b, HEAD~441
2021-07-03 21:11:51,249 DEBUG    [line range] com/fasterxml/jackson/core/sym/ByteQuadsCanonicalizer.java createRoot 284:292
2021-07-03 21:11:51,292 DEBUG                  - depth 0, hash 791e288, HEAD~450
2021-07-03 21:11:51,297 DEBUG    [line range] com/fasterxml/jackson/core/sym/ByteQuadsCanonicalizer.java createRoot 298:300
2021-07-03 21:11:51,340 DEBUG                  - depth 0, hash 791e288, HEAD~450
2021-07-03 21:11:51,346 DEBUG    [line range] com/fasterxml/jackson/core/sym/ByteQuadsCanonicalizer.java <init> 1232:1242
2021-07-03 21:11:51,389 DEBUG                  - depth 0, hash 6b9505b, HEAD~441
2021-07-03 21:11:51,395 DEBUG                  - depth 1, hash 30a2670, HEAD~445
2021-07-03 21:11:51,399 DEBUG                  - depth 2, hash 3a00c86, HEAD~449
2021-07-03 21:11:51,403 DEBUG                  - depth 3, hash 791e288, HEAD~450
2021-07-03 21:11:51,408 DEBUG    [line range] com/fasterxml/jackson/core/sym/ByteQuadsCanonicalizer.java createInitial 1255:1267
2021-07-03 21:11:51,451 DEBUG                  - depth 0, hash a71a00e, HEAD~289
2021-07-03 21:11:51,457 DEBUG                  - depth 1, hash 6b9505b, HEAD~441
2021-07-03 21:11:51,461 DEBUG                  - depth 2, hash 30a2670, HEAD~445
2021-07-03 21:11:51,465 DEBUG                  - depth 3, hash 6c629a8, HEAD~448
2021-07-03 21:11:51,469 DEBUG                  - depth 4, hash 3a00c86, HEAD~449
2021-07-03 21:11:51,474 DEBUG                  - depth 5, hash 791e288, HEAD~450
2021-07-03 21:11:51,887 DEBUG    [line range] com/fasterxml/jackson/core/sym/CharsToNameCanonicalizer.java <clinit> 93:93
2021-07-03 21:11:51,927 DEBUG                  - depth 0, hash 9318b80, HEAD~737
2021-07-03 21:11:51,933 DEBUG                  - depth 1, hash f15531c, HEAD~1100
2021-07-03 21:11:51,937 DEBUG    [line range] com/fasterxml/jackson/core/sym/CharsToNameCanonicalizer.java <init> 236:245
2021-07-03 21:11:51,977 DEBUG                  - depth 0, hash 383bc8f, HEAD~595
2021-07-03 21:11:51,983 DEBUG                  - depth 1, hash 9318b80, HEAD~737
2021-07-03 21:11:51,987 DEBUG                  - depth 2, hash a7ec583, HEAD~1004
2021-07-03 21:11:51,991 DEBUG                  - depth 3, hash f15531c, HEAD~1100
2021-07-03 21:11:51,995 DEBUG    [line range] com/fasterxml/jackson/core/sym/CharsToNameCanonicalizer.java <init> 264:283
2021-07-03 21:11:52,036 DEBUG                  - depth 0, hash 383bc8f, HEAD~595
2021-07-03 21:11:52,042 DEBUG                  - depth 1, hash 9318b80, HEAD~737
2021-07-03 21:11:52,046 DEBUG                  - depth 2, hash bda3a91, HEAD~1002
2021-07-03 21:11:52,050 DEBUG                  - depth 3, hash a7ec583, HEAD~1004
2021-07-03 21:11:52,055 DEBUG                  - depth 4, hash f15531c, HEAD~1100
2021-07-03 21:11:52,059 DEBUG    [line range] com/fasterxml/jackson/core/sym/CharsToNameCanonicalizer.java _thresholdSize 259:259
2021-07-03 21:11:52,100 DEBUG                  - depth 0, hash 9318b80, HEAD~737
2021-07-03 21:11:52,106 DEBUG                  - depth 1, hash 1dc2c61, HEAD~964
2021-07-03 21:11:52,110 DEBUG                  - depth 2, hash bda3a91, HEAD~1002
2021-07-03 21:11:52,114 DEBUG    [line range] com/fasterxml/jackson/core/sym/CharsToNameCanonicalizer.java createRoot 219:227
2021-07-03 21:11:52,155 DEBUG                  - depth 0, hash 9318b80, HEAD~737
2021-07-03 21:11:52,160 DEBUG                  - depth 1, hash 321d809, HEAD~961
2021-07-03 21:11:52,165 DEBUG                  - depth 2, hash 3532520, HEAD~1001
2021-07-03 21:11:52,169 DEBUG                  - depth 3, hash a7ec583, HEAD~1004
2021-07-03 21:11:52,173 DEBUG                  - depth 4, hash f15531c, HEAD~1100
2021-07-03 21:11:52,177 DEBUG    [line range] com/fasterxml/jackson/core/sym/CharsToNameCanonicalizer.java createRoot 229:231
2021-07-03 21:11:52,217 DEBUG                  - depth 0, hash a7ec583, HEAD~1004
2021-07-03 21:11:52,223 DEBUG                  - depth 1, hash f15531c, HEAD~1100
2021-07-03 21:11:52,227 DEBUG    [line range] com/fasterxml/jackson/core/sym/CharsToNameCanonicalizer.java initTables 247:257
2021-07-03 21:11:52,268 DEBUG                  - depth 0, hash bda3a91, HEAD~1002
2021-07-03 21:11:52,273 DEBUG                  - depth 1, hash a7ec583, HEAD~1004
2021-07-03 21:11:52,277 DEBUG                  - depth 2, hash f15531c, HEAD~1100
2021-07-03 21:11:52,282 DEBUG    [line range] com/fasterxml/jackson/core/sym/CharsToNameCanonicalizer.java makeOrphan 319:321
2021-07-03 21:11:52,323 DEBUG                  - depth 0, hash 383bc8f, HEAD~595
2021-07-03 21:11:52,328 DEBUG                  - depth 1, hash 9318b80, HEAD~737
2021-07-03 21:11:52,333 DEBUG                  - depth 2, hash a7ec583, HEAD~1004
2021-07-03 21:11:52,337 DEBUG                  - depth 3, hash f15531c, HEAD~1100
2021-07-03 21:11:52,643 DEBUG    [line range] com/fasterxml/jackson/core/util/BufferRecycler.java <clinit> 45:45
2021-07-03 21:11:52,679 DEBUG                  - depth 0, hash 175a97b, HEAD~731
2021-07-03 21:11:52,685 DEBUG                  - depth 1, hash f633f10, HEAD~741
2021-07-03 21:11:52,689 DEBUG                  - depth 2, hash f15531c, HEAD~1100
2021-07-03 21:11:52,694 DEBUG    [line range] com/fasterxml/jackson/core/util/BufferRecycler.java <init> 61:63
2021-07-03 21:11:52,732 DEBUG                  - depth 0, hash ebf0091, HEAD~728
2021-07-03 21:11:52,737 DEBUG                  - depth 1, hash f633f10, HEAD~741
2021-07-03 21:11:52,741 DEBUG                  - depth 2, hash f15531c, HEAD~1100
2021-07-03 21:11:52,746 DEBUG    [line range] com/fasterxml/jackson/core/util/BufferRecycler.java <init> 71:74
2021-07-03 21:11:52,783 DEBUG                  - depth 0, hash ebf0091, HEAD~728
2021-07-03 21:11:52,788 DEBUG                  - depth 1, hash f15531c, HEAD~1100
2021-07-03 21:11:52,793 DEBUG    [line range] com/fasterxml/jackson/core/util/BufferRecycler.java allocCharBuffer 113:115
2021-07-03 21:11:52,829 DEBUG                  - depth 0, hash f633f10, HEAD~741
2021-07-03 21:11:52,835 DEBUG                  - depth 1, hash f15531c, HEAD~1100
2021-07-03 21:11:52,839 DEBUG    [line range] com/fasterxml/jackson/core/util/BufferRecycler.java allocCharBuffer 117:129
2021-07-03 21:11:52,877 DEBUG                  - depth 0, hash ebf0091, HEAD~728
2021-07-03 21:11:52,883 DEBUG                  - depth 1, hash f633f10, HEAD~741
2021-07-03 21:11:52,887 DEBUG                  - depth 2, hash f15531c, HEAD~1100
2021-07-03 21:11:52,891 DEBUG    [line range] com/fasterxml/jackson/core/util/BufferRecycler.java calloc 156:156
2021-07-03 21:11:52,929 DEBUG                  - depth 0, hash ebf0091, HEAD~728
2021-07-03 21:11:52,934 DEBUG                  - depth 1, hash f633f10, HEAD~741
2021-07-03 21:11:52,938 DEBUG                  - depth 2, hash 6c842ae, HEAD~963
2021-07-03 21:11:52,943 DEBUG                  - depth 3, hash f15531c, HEAD~1100
2021-07-03 21:11:52,947 DEBUG    [line range] com/fasterxml/jackson/core/util/BufferRecycler.java charBufferLength 145:147
2021-07-03 21:11:52,984 DEBUG                  - depth 0, hash ebf0091, HEAD~728
2021-07-03 21:11:53,333 DEBUG    [line range] com/fasterxml/jackson/core/util/DefaultPrettyPrinter.java <clinit> 28:28
2021-07-03 21:11:53,371 DEBUG                  - depth 0, hash e6dfc69, HEAD~967
2021-07-03 21:11:53,377 INFO     The number of BIC candidates: 62
