2021-07-03 21:07:34,356 INFO     Search BICs for /tmp/JacksonCore-11b/
2021-07-03 21:07:34,356 DEBUG    Reading the coverage of com.fasterxml.jackson.core.sym.SymbolsViaParserTest::testSymbolTableExpansionBytes (failings)
2021-07-03 21:07:34,453 INFO     Loaded 1x742 Coverage Matrix
2021-07-03 21:07:34,453 INFO     The number of total commits: 822
2021-07-03 21:07:34,731 DEBUG    [single line]   com/fasterxml/jackson/core/JsonEncoding.java <clinit> 18
2021-07-03 21:07:34,759 DEBUG                  - depth 0, hash f15531c, HEAD~816
2021-07-03 21:07:34,765 DEBUG    [single line]   com/fasterxml/jackson/core/JsonEncoding.java <clinit> 19
2021-07-03 21:07:34,792 DEBUG                  - depth 0, hash 347f237, HEAD~495
2021-07-03 21:07:34,798 DEBUG                  - depth 1, hash f15531c, HEAD~816
2021-07-03 21:07:34,802 DEBUG    [single line]   com/fasterxml/jackson/core/JsonEncoding.java <clinit> 20
2021-07-03 21:07:34,830 DEBUG                  - depth 0, hash 347f237, HEAD~495
2021-07-03 21:07:34,835 DEBUG                  - depth 1, hash f15531c, HEAD~816
2021-07-03 21:07:34,839 DEBUG    [single line]   com/fasterxml/jackson/core/JsonEncoding.java <clinit> 21
2021-07-03 21:07:34,867 DEBUG                  - depth 0, hash 347f237, HEAD~495
2021-07-03 21:07:34,872 DEBUG                  - depth 1, hash f15531c, HEAD~816
2021-07-03 21:07:34,876 DEBUG    [single line]   com/fasterxml/jackson/core/JsonEncoding.java <clinit> 22
2021-07-03 21:07:34,906 DEBUG                  - depth 0, hash 347f237, HEAD~495
2021-07-03 21:07:34,912 DEBUG                  - depth 1, hash f15531c, HEAD~816
2021-07-03 21:07:34,916 DEBUG    [single line]   com/fasterxml/jackson/core/JsonEncoding.java <clinit> 23
2021-07-03 21:07:34,947 DEBUG                  - depth 0, hash 347f237, HEAD~495
2021-07-03 21:07:34,953 DEBUG                  - depth 1, hash f15531c, HEAD~816
2021-07-03 21:07:34,957 DEBUG    [line range] com/fasterxml/jackson/core/JsonEncoding.java <init> 32:37
2021-07-03 21:07:34,987 DEBUG                  - depth 0, hash 347f237, HEAD~495
2021-07-03 21:07:34,992 DEBUG                  - depth 1, hash f15531c, HEAD~816
2021-07-03 21:07:35,439 DEBUG    [line range] com/fasterxml/jackson/core/JsonFactory.java <clinit> 160:160
2021-07-03 21:07:35,474 DEBUG                  - depth 0, hash 7b796a8, HEAD~579
2021-07-03 21:07:35,479 DEBUG                  - depth 1, hash 0735190, HEAD~790
2021-07-03 21:07:35,483 DEBUG    [line range] com/fasterxml/jackson/core/JsonFactory.java <init> 292:292
2021-07-03 21:07:35,519 DEBUG                  - depth 0, hash 2bba5dd, HEAD~428
2021-07-03 21:07:35,525 DEBUG                  - depth 1, hash 7b796a8, HEAD~579
2021-07-03 21:07:35,529 DEBUG                  - depth 2, hash f15531c, HEAD~816
2021-07-03 21:07:35,533 DEBUG    [line range] com/fasterxml/jackson/core/JsonFactory.java <init> 195:195
2021-07-03 21:07:35,569 DEBUG                  - depth 0, hash 95f76a4, HEAD~674
2021-07-03 21:07:35,574 DEBUG                  - depth 1, hash f15531c, HEAD~816
2021-07-03 21:07:35,578 DEBUG    [line range] com/fasterxml/jackson/core/JsonFactory.java <init> 294:294
2021-07-03 21:07:35,613 DEBUG                  - depth 0, hash f15531c, HEAD~816
2021-07-03 21:07:35,619 DEBUG    [line range] com/fasterxml/jackson/core/JsonFactory.java _createContext 1451:1453
2021-07-03 21:07:35,649 DEBUG                  - depth 0, hash 896000f, HEAD~399
2021-07-03 21:07:35,654 DEBUG    [line range] com/fasterxml/jackson/core/JsonFactory.java _createParser 1285:1289
2021-07-03 21:07:35,689 DEBUG                  - depth 0, hash dccffbe, HEAD~153
2021-07-03 21:07:35,695 DEBUG                  - depth 1, hash 0541b3b, HEAD~313
2021-07-03 21:07:35,699 DEBUG                  - depth 2, hash 64aa9d2, HEAD~401
2021-07-03 21:07:35,703 DEBUG                  - depth 3, hash efc2367, HEAD~448
2021-07-03 21:07:35,707 DEBUG                  - depth 4, hash 6819492, HEAD~645
2021-07-03 21:07:35,711 DEBUG                  - depth 5, hash eeb2fbd, HEAD~736
2021-07-03 21:07:35,715 DEBUG                  - depth 6, hash f15531c, HEAD~816
2021-07-03 21:07:35,719 DEBUG    [line range] com/fasterxml/jackson/core/JsonFactory.java _getBufferRecycler 1425:1445
2021-07-03 21:07:35,756 DEBUG                  - depth 0, hash 8891c0c, HEAD~50
2021-07-03 21:07:35,761 DEBUG                  - depth 1, hash f15531c, HEAD~816
2021-07-03 21:07:35,765 DEBUG    [line range] com/fasterxml/jackson/core/JsonFactory.java createParser 831:840
2021-07-03 21:07:35,800 DEBUG                  - depth 0, hash 896000f, HEAD~399
2021-07-03 21:07:35,805 DEBUG                  - depth 1, hash 32e4e91, HEAD~425
2021-07-03 21:07:35,809 DEBUG                  - depth 2, hash 6819492, HEAD~645
2021-07-03 21:07:35,813 DEBUG                  - depth 3, hash feaabd1, HEAD~710
2021-07-03 21:07:35,818 DEBUG    [line range] com/fasterxml/jackson/core/JsonFactory.java isEnabled 563:565
2021-07-03 21:07:35,853 DEBUG                  - depth 0, hash 0735190, HEAD~790
2021-07-03 21:07:35,859 DEBUG    [line range] com/fasterxml/jackson/core/JsonFactory.java <init> 138:138
2021-07-03 21:07:35,894 DEBUG                  - depth 0, hash e15b9a8, HEAD~433
2021-07-03 21:07:35,899 DEBUG                  - depth 1, hash 0735190, HEAD~790
2021-07-03 21:07:35,904 DEBUG    [line range] com/fasterxml/jackson/core/JsonFactory.java collectDefaults 130:136
2021-07-03 21:07:35,939 DEBUG                  - depth 0, hash e15b9a8, HEAD~433
2021-07-03 21:07:35,945 DEBUG                  - depth 1, hash 0735190, HEAD~790
2021-07-03 21:07:35,949 DEBUG    [line range] com/fasterxml/jackson/core/JsonFactory.java enabledByDefault 140:140
2021-07-03 21:07:35,985 DEBUG                  - depth 0, hash 0735190, HEAD~790
2021-07-03 21:07:35,991 DEBUG    [line range] com/fasterxml/jackson/core/JsonFactory.java enabledIn 141:141
2021-07-03 21:07:36,026 DEBUG                  - depth 0, hash 0735190, HEAD~790
2021-07-03 21:07:36,032 DEBUG    [line range] com/fasterxml/jackson/core/JsonFactory.java getMask 142:142
2021-07-03 21:07:36,067 DEBUG                  - depth 0, hash 0735190, HEAD~790
2021-07-03 21:07:36,521 DEBUG    [single line]   com/fasterxml/jackson/core/JsonGenerator.java <clinit> 33
2021-07-03 21:07:36,558 DEBUG                  - depth 0, hash f15531c, HEAD~816
2021-07-03 21:07:36,563 DEBUG    [single line]   com/fasterxml/jackson/core/JsonGenerator.java <clinit> 49
2021-07-03 21:07:36,600 DEBUG                  - depth 0, hash 0735190, HEAD~790
2021-07-03 21:07:36,606 DEBUG                  - depth 1, hash 9fc55aa, HEAD~791
2021-07-03 21:07:36,610 DEBUG                  - depth 2, hash f15531c, HEAD~816
2021-07-03 21:07:36,614 DEBUG    [single line]   com/fasterxml/jackson/core/JsonGenerator.java <clinit> 61
2021-07-03 21:07:36,652 DEBUG                  - depth 0, hash 0735190, HEAD~790
2021-07-03 21:07:36,657 DEBUG                  - depth 1, hash 9fc55aa, HEAD~791
2021-07-03 21:07:36,662 DEBUG                  - depth 2, hash f15531c, HEAD~816
2021-07-03 21:07:36,666 DEBUG    [single line]   com/fasterxml/jackson/core/JsonGenerator.java <clinit> 74
2021-07-03 21:07:36,696 DEBUG                  - depth 0, hash afef47a, HEAD~96
2021-07-03 21:07:36,701 DEBUG    [single line]   com/fasterxml/jackson/core/JsonGenerator.java <clinit> 87
2021-07-03 21:07:36,739 DEBUG                  - depth 0, hash 0735190, HEAD~790
2021-07-03 21:07:36,745 DEBUG                  - depth 1, hash 9fc55aa, HEAD~791
2021-07-03 21:07:36,749 DEBUG                  - depth 2, hash f15531c, HEAD~816
2021-07-03 21:07:36,753 DEBUG    [single line]   com/fasterxml/jackson/core/JsonGenerator.java <clinit> 101
2021-07-03 21:07:36,791 DEBUG                  - depth 0, hash 0735190, HEAD~790
2021-07-03 21:07:36,796 DEBUG                  - depth 1, hash 9fc55aa, HEAD~791
2021-07-03 21:07:36,800 DEBUG                  - depth 2, hash f15531c, HEAD~816
2021-07-03 21:07:36,805 DEBUG    [single line]   com/fasterxml/jackson/core/JsonGenerator.java <clinit> 118
2021-07-03 21:07:36,842 DEBUG                  - depth 0, hash 0735190, HEAD~790
2021-07-03 21:07:36,847 DEBUG                  - depth 1, hash 9fc55aa, HEAD~791
2021-07-03 21:07:36,851 DEBUG                  - depth 2, hash f15531c, HEAD~816
2021-07-03 21:07:36,856 DEBUG    [single line]   com/fasterxml/jackson/core/JsonGenerator.java <clinit> 130
2021-07-03 21:07:36,890 DEBUG                  - depth 0, hash 0dba714, HEAD~553
2021-07-03 21:07:36,896 DEBUG    [single line]   com/fasterxml/jackson/core/JsonGenerator.java <clinit> 147
2021-07-03 21:07:36,933 DEBUG                  - depth 0, hash 0735190, HEAD~790
2021-07-03 21:07:36,938 DEBUG                  - depth 1, hash 9fc55aa, HEAD~791
2021-07-03 21:07:36,942 DEBUG                  - depth 2, hash f15531c, HEAD~816
2021-07-03 21:07:36,946 DEBUG    [single line]   com/fasterxml/jackson/core/JsonGenerator.java <clinit> 166
2021-07-03 21:07:36,984 DEBUG                  - depth 0, hash f9ad80f, HEAD~487
2021-07-03 21:07:36,989 DEBUG                  - depth 1, hash f15531c, HEAD~816
2021-07-03 21:07:36,993 DEBUG    [single line]   com/fasterxml/jackson/core/JsonGenerator.java <clinit> 188
2021-07-03 21:07:37,031 DEBUG                  - depth 0, hash 27eb3c1, HEAD~249
2021-07-03 21:07:37,036 DEBUG                  - depth 1, hash f15531c, HEAD~816
2021-07-03 21:07:37,041 DEBUG    [line range] com/fasterxml/jackson/core/JsonGenerator.java <init> 209:212
2021-07-03 21:07:37,078 DEBUG                  - depth 0, hash 483e662, HEAD~246
2021-07-03 21:07:37,084 DEBUG                  - depth 1, hash 0735190, HEAD~790
2021-07-03 21:07:37,088 DEBUG                  - depth 2, hash 9fc55aa, HEAD~791
2021-07-03 21:07:37,092 DEBUG                  - depth 3, hash f15531c, HEAD~816
2021-07-03 21:07:37,096 DEBUG    [line range] com/fasterxml/jackson/core/JsonGenerator.java collectDefaults 198:207
2021-07-03 21:07:37,134 DEBUG                  - depth 0, hash f15531c, HEAD~816
2021-07-03 21:07:37,139 DEBUG    [line range] com/fasterxml/jackson/core/JsonGenerator.java enabledByDefault 214:214
2021-07-03 21:07:37,177 DEBUG                  - depth 0, hash f15531c, HEAD~816
2021-07-03 21:07:37,182 DEBUG    [line range] com/fasterxml/jackson/core/JsonGenerator.java getMask 221:221
2021-07-03 21:07:37,220 DEBUG                  - depth 0, hash f15531c, HEAD~816
2021-07-03 21:07:37,638 DEBUG    [line range] com/fasterxml/jackson/core/JsonParser.java <init> 271:271
2021-07-03 21:07:37,674 DEBUG                  - depth 0, hash ed4098c, HEAD~437
2021-07-03 21:07:37,680 DEBUG                  - depth 1, hash f15531c, HEAD~816
2021-07-03 21:07:37,684 DEBUG    [single line]   com/fasterxml/jackson/core/JsonParser.java <clinit> 43
2021-07-03 21:07:37,720 DEBUG                  - depth 0, hash f15531c, HEAD~816
2021-07-03 21:07:37,726 DEBUG    [single line]   com/fasterxml/jackson/core/JsonParser.java <clinit> 59
2021-07-03 21:07:37,764 DEBUG                  - depth 0, hash 0735190, HEAD~790
2021-07-03 21:07:37,769 DEBUG                  - depth 1, hash 9fc55aa, HEAD~791
2021-07-03 21:07:37,773 DEBUG                  - depth 2, hash f15531c, HEAD~816
2021-07-03 21:07:37,777 DEBUG    [single line]   com/fasterxml/jackson/core/JsonParser.java <clinit> 75
2021-07-03 21:07:37,814 DEBUG                  - depth 0, hash 0735190, HEAD~790
2021-07-03 21:07:37,820 DEBUG                  - depth 1, hash 9fc55aa, HEAD~791
2021-07-03 21:07:37,824 DEBUG                  - depth 2, hash f15531c, HEAD~816
2021-07-03 21:07:37,828 DEBUG    [single line]   com/fasterxml/jackson/core/JsonParser.java <clinit> 89
2021-07-03 21:07:37,861 DEBUG                  - depth 0, hash 3f84224, HEAD~505
2021-07-03 21:07:37,867 DEBUG    [single line]   com/fasterxml/jackson/core/JsonParser.java <clinit> 100
2021-07-03 21:07:37,904 DEBUG                  - depth 0, hash 0735190, HEAD~790
2021-07-03 21:07:37,910 DEBUG                  - depth 1, hash 9fc55aa, HEAD~791
2021-07-03 21:07:37,914 DEBUG                  - depth 2, hash f15531c, HEAD~816
2021-07-03 21:07:37,918 DEBUG    [single line]   com/fasterxml/jackson/core/JsonParser.java <clinit> 113
2021-07-03 21:07:37,955 DEBUG                  - depth 0, hash 0735190, HEAD~790
2021-07-03 21:07:37,960 DEBUG                  - depth 1, hash 9fc55aa, HEAD~791
2021-07-03 21:07:37,964 DEBUG                  - depth 2, hash f15531c, HEAD~816
2021-07-03 21:07:37,969 DEBUG    [single line]   com/fasterxml/jackson/core/JsonParser.java <clinit> 126
2021-07-03 21:07:38,007 DEBUG                  - depth 0, hash 0735190, HEAD~790
2021-07-03 21:07:38,012 DEBUG                  - depth 1, hash 9fc55aa, HEAD~791
2021-07-03 21:07:38,016 DEBUG                  - depth 2, hash f15531c, HEAD~816
2021-07-03 21:07:38,020 DEBUG    [single line]   com/fasterxml/jackson/core/JsonParser.java <clinit> 137
2021-07-03 21:07:38,058 DEBUG                  - depth 0, hash 0735190, HEAD~790
2021-07-03 21:07:38,063 DEBUG                  - depth 1, hash 9fc55aa, HEAD~791
2021-07-03 21:07:38,068 DEBUG                  - depth 2, hash f15531c, HEAD~816
2021-07-03 21:07:38,072 DEBUG    [single line]   com/fasterxml/jackson/core/JsonParser.java <clinit> 149
2021-07-03 21:07:38,109 DEBUG                  - depth 0, hash 0735190, HEAD~790
2021-07-03 21:07:38,114 DEBUG                  - depth 1, hash 9fc55aa, HEAD~791
2021-07-03 21:07:38,118 DEBUG                  - depth 2, hash f15531c, HEAD~816
2021-07-03 21:07:38,122 DEBUG    [single line]   com/fasterxml/jackson/core/JsonParser.java <clinit> 169
2021-07-03 21:07:38,161 DEBUG                  - depth 0, hash 0735190, HEAD~790
2021-07-03 21:07:38,166 DEBUG                  - depth 1, hash 9fc55aa, HEAD~791
2021-07-03 21:07:38,171 DEBUG                  - depth 2, hash f15531c, HEAD~816
2021-07-03 21:07:38,175 DEBUG    [single line]   com/fasterxml/jackson/core/JsonParser.java <clinit> 187
2021-07-03 21:07:38,211 DEBUG                  - depth 0, hash 6fc0271, HEAD~489
2021-07-03 21:07:38,216 DEBUG                  - depth 1, hash f15531c, HEAD~816
2021-07-03 21:07:38,221 DEBUG    [single line]   com/fasterxml/jackson/core/JsonParser.java <clinit> 211
2021-07-03 21:07:38,258 DEBUG                  - depth 0, hash dbaf193, HEAD~140
2021-07-03 21:07:38,264 DEBUG                  - depth 1, hash f15531c, HEAD~816
2021-07-03 21:07:38,268 DEBUG    [line range] com/fasterxml/jackson/core/JsonParser.java <init> 236:239
2021-07-03 21:07:38,306 DEBUG                  - depth 0, hash f9ad80f, HEAD~487
2021-07-03 21:07:38,311 DEBUG                  - depth 1, hash 0735190, HEAD~790
2021-07-03 21:07:38,315 DEBUG                  - depth 2, hash 9fc55aa, HEAD~791
2021-07-03 21:07:38,319 DEBUG                  - depth 3, hash f15531c, HEAD~816
2021-07-03 21:07:38,324 DEBUG    [line range] com/fasterxml/jackson/core/JsonParser.java collectDefaults 225:234
2021-07-03 21:07:38,361 DEBUG                  - depth 0, hash f15531c, HEAD~816
2021-07-03 21:07:38,366 DEBUG    [line range] com/fasterxml/jackson/core/JsonParser.java enabledByDefault 241:241
2021-07-03 21:07:38,403 DEBUG                  - depth 0, hash f15531c, HEAD~816
2021-07-03 21:07:38,409 DEBUG    [line range] com/fasterxml/jackson/core/JsonParser.java enabledIn 246:246
2021-07-03 21:07:38,446 DEBUG                  - depth 0, hash f9ad80f, HEAD~487
2021-07-03 21:07:38,451 DEBUG                  - depth 1, hash 6fc0271, HEAD~489
2021-07-03 21:07:38,455 DEBUG                  - depth 2, hash 0735190, HEAD~790
2021-07-03 21:07:38,460 DEBUG                  - depth 3, hash 9fc55aa, HEAD~791
2021-07-03 21:07:38,464 DEBUG                  - depth 4, hash f15531c, HEAD~816
2021-07-03 21:07:38,468 DEBUG    [line range] com/fasterxml/jackson/core/JsonParser.java getMask 248:248
2021-07-03 21:07:38,505 DEBUG                  - depth 0, hash 8b88443, HEAD~243
2021-07-03 21:07:38,511 DEBUG                  - depth 1, hash f15531c, HEAD~816
2021-07-03 21:07:38,807 DEBUG    [line range] com/fasterxml/jackson/core/JsonStreamContext.java <init> 43:43
2021-07-03 21:07:38,836 DEBUG                  - depth 0, hash f15531c, HEAD~816
2021-07-03 21:07:38,842 DEBUG    [line range] com/fasterxml/jackson/core/JsonStreamContext.java inObject 74:74
2021-07-03 21:07:38,870 DEBUG                  - depth 0, hash f15531c, HEAD~816
2021-07-03 21:07:38,876 DEBUG    [line range] com/fasterxml/jackson/core/JsonStreamContext.java inRoot 68:68
2021-07-03 21:07:38,904 DEBUG                  - depth 0, hash f15531c, HEAD~816
2021-07-03 21:07:39,226 DEBUG    [single line]   com/fasterxml/jackson/core/JsonToken.java <clinit> 12
2021-07-03 21:07:39,255 DEBUG                  - depth 0, hash f15531c, HEAD~816
2021-07-03 21:07:39,260 DEBUG    [single line]   com/fasterxml/jackson/core/JsonToken.java <clinit> 31
2021-07-03 21:07:39,289 DEBUG                  - depth 0, hash 066463a, HEAD~493
2021-07-03 21:07:39,294 DEBUG                  - depth 1, hash a663c69, HEAD~496
2021-07-03 21:07:39,298 DEBUG                  - depth 2, hash f15531c, HEAD~816
2021-07-03 21:07:39,302 DEBUG    [single line]   com/fasterxml/jackson/core/JsonToken.java <clinit> 37
2021-07-03 21:07:39,331 DEBUG                  - depth 0, hash 066463a, HEAD~493
2021-07-03 21:07:39,337 DEBUG                  - depth 1, hash a663c69, HEAD~496
2021-07-03 21:07:39,341 DEBUG                  - depth 2, hash f15531c, HEAD~816
2021-07-03 21:07:39,345 DEBUG    [single line]   com/fasterxml/jackson/core/JsonToken.java <clinit> 43
2021-07-03 21:07:39,373 DEBUG                  - depth 0, hash 066463a, HEAD~493
2021-07-03 21:07:39,379 DEBUG                  - depth 1, hash a663c69, HEAD~496
2021-07-03 21:07:39,383 DEBUG                  - depth 2, hash f15531c, HEAD~816
2021-07-03 21:07:39,387 DEBUG    [single line]   com/fasterxml/jackson/core/JsonToken.java <clinit> 49
2021-07-03 21:07:39,415 DEBUG                  - depth 0, hash 066463a, HEAD~493
2021-07-03 21:07:39,421 DEBUG                  - depth 1, hash a663c69, HEAD~496
2021-07-03 21:07:39,425 DEBUG                  - depth 2, hash f15531c, HEAD~816
2021-07-03 21:07:39,429 DEBUG    [single line]   com/fasterxml/jackson/core/JsonToken.java <clinit> 55
2021-07-03 21:07:39,458 DEBUG                  - depth 0, hash 066463a, HEAD~493
2021-07-03 21:07:39,463 DEBUG                  - depth 1, hash a663c69, HEAD~496
2021-07-03 21:07:39,468 DEBUG                  - depth 2, hash f15531c, HEAD~816
2021-07-03 21:07:39,472 DEBUG    [single line]   com/fasterxml/jackson/core/JsonToken.java <clinit> 61
2021-07-03 21:07:39,501 DEBUG                  - depth 0, hash 066463a, HEAD~493
2021-07-03 21:07:39,506 DEBUG                  - depth 1, hash a663c69, HEAD~496
2021-07-03 21:07:39,511 DEBUG                  - depth 2, hash f15531c, HEAD~816
2021-07-03 21:07:39,515 DEBUG    [single line]   com/fasterxml/jackson/core/JsonToken.java <clinit> 73
2021-07-03 21:07:39,544 DEBUG                  - depth 0, hash 066463a, HEAD~493
2021-07-03 21:07:39,549 DEBUG                  - depth 1, hash a663c69, HEAD~496
2021-07-03 21:07:39,553 DEBUG                  - depth 2, hash f15531c, HEAD~816
2021-07-03 21:07:39,558 DEBUG    [single line]   com/fasterxml/jackson/core/JsonToken.java <clinit> 80
2021-07-03 21:07:39,587 DEBUG                  - depth 0, hash 066463a, HEAD~493
2021-07-03 21:07:39,592 DEBUG                  - depth 1, hash a663c69, HEAD~496
2021-07-03 21:07:39,596 DEBUG                  - depth 2, hash f15531c, HEAD~816
2021-07-03 21:07:39,601 DEBUG    [single line]   com/fasterxml/jackson/core/JsonToken.java <clinit> 88
2021-07-03 21:07:39,630 DEBUG                  - depth 0, hash 066463a, HEAD~493
2021-07-03 21:07:39,635 DEBUG                  - depth 1, hash a663c69, HEAD~496
2021-07-03 21:07:39,639 DEBUG                  - depth 2, hash f15531c, HEAD~816
2021-07-03 21:07:39,644 DEBUG    [single line]   com/fasterxml/jackson/core/JsonToken.java <clinit> 96
2021-07-03 21:07:39,672 DEBUG                  - depth 0, hash 066463a, HEAD~493
2021-07-03 21:07:39,678 DEBUG                  - depth 1, hash a663c69, HEAD~496
2021-07-03 21:07:39,682 DEBUG                  - depth 2, hash f15531c, HEAD~816
2021-07-03 21:07:39,686 DEBUG    [single line]   com/fasterxml/jackson/core/JsonToken.java <clinit> 102
2021-07-03 21:07:39,715 DEBUG                  - depth 0, hash 066463a, HEAD~493
2021-07-03 21:07:39,721 DEBUG                  - depth 1, hash 8b9b4cd, HEAD~494
2021-07-03 21:07:39,725 DEBUG                  - depth 2, hash a663c69, HEAD~496
2021-07-03 21:07:39,729 DEBUG                  - depth 3, hash f15531c, HEAD~816
2021-07-03 21:07:39,733 DEBUG    [single line]   com/fasterxml/jackson/core/JsonToken.java <clinit> 108
2021-07-03 21:07:39,762 DEBUG                  - depth 0, hash 066463a, HEAD~493
2021-07-03 21:07:39,768 DEBUG                  - depth 1, hash 8b9b4cd, HEAD~494
2021-07-03 21:07:39,772 DEBUG                  - depth 2, hash a663c69, HEAD~496
2021-07-03 21:07:39,776 DEBUG                  - depth 3, hash f15531c, HEAD~816
2021-07-03 21:07:39,780 DEBUG    [single line]   com/fasterxml/jackson/core/JsonToken.java <clinit> 114
2021-07-03 21:07:39,809 DEBUG                  - depth 0, hash 066463a, HEAD~493
2021-07-03 21:07:39,815 DEBUG                  - depth 1, hash 8b9b4cd, HEAD~494
2021-07-03 21:07:39,819 DEBUG                  - depth 2, hash a663c69, HEAD~496
2021-07-03 21:07:39,823 DEBUG                  - depth 3, hash f15531c, HEAD~816
2021-07-03 21:07:39,827 DEBUG    [line range] com/fasterxml/jackson/core/JsonToken.java <init> 137:164
2021-07-03 21:07:39,856 DEBUG                  - depth 0, hash 066463a, HEAD~493
2021-07-03 21:07:39,862 DEBUG                  - depth 1, hash 8b9b4cd, HEAD~494
2021-07-03 21:07:39,866 DEBUG                  - depth 2, hash a663c69, HEAD~496
2021-07-03 21:07:39,870 DEBUG                  - depth 3, hash f15531c, HEAD~816
2021-07-03 21:07:40,312 DEBUG    [line range] com/fasterxml/jackson/core/base/ParserBase.java <clinit> 194:194
2021-07-03 21:07:40,376 DEBUG                  - depth 0, hash 9340204, HEAD~747
2021-07-03 21:07:40,382 DEBUG                  - depth 1, hash f15531c, HEAD~816
2021-07-03 21:07:40,386 DEBUG    [line range] com/fasterxml/jackson/core/base/ParserBase.java <init> 53:53
2021-07-03 21:07:40,418 DEBUG                  - depth 0, hash f15531c, HEAD~816
2021-07-03 21:07:40,424 DEBUG    [line range] com/fasterxml/jackson/core/base/ParserBase.java _eofAsNextChar 508:511
2021-07-03 21:07:40,453 DEBUG                  - depth 0, hash 18bc774, HEAD~320
2021-07-03 21:07:40,458 DEBUG    [line range] com/fasterxml/jackson/core/base/ParserBase.java _handleEOF 498:503
2021-07-03 21:07:40,491 DEBUG                  - depth 0, hash 32e4e91, HEAD~425
2021-07-03 21:07:40,497 DEBUG                  - depth 1, hash f15531c, HEAD~816
2021-07-03 21:07:40,501 DEBUG    [line range] com/fasterxml/jackson/core/base/ParserBase.java _releaseBuffers 484:491
2021-07-03 21:07:40,533 DEBUG                  - depth 0, hash 32e4e91, HEAD~425
2021-07-03 21:07:40,539 DEBUG                  - depth 1, hash f15531c, HEAD~816
2021-07-03 21:07:40,543 DEBUG    [line range] com/fasterxml/jackson/core/base/ParserBase.java close 381:392
2021-07-03 21:07:40,576 DEBUG                  - depth 0, hash 32e4e91, HEAD~425
2021-07-03 21:07:40,581 DEBUG                  - depth 1, hash 4646ed1, HEAD~446
2021-07-03 21:07:40,586 DEBUG                  - depth 2, hash 487fe10, HEAD~778
2021-07-03 21:07:40,590 DEBUG                  - depth 3, hash f15531c, HEAD~816
2021-07-03 21:07:40,594 DEBUG    [line range] com/fasterxml/jackson/core/base/ParserBase.java getCurrentName 356:363
2021-07-03 21:07:40,627 DEBUG                  - depth 0, hash 32e4e91, HEAD~425
2021-07-03 21:07:40,632 DEBUG                  - depth 1, hash 4646ed1, HEAD~446
2021-07-03 21:07:40,636 DEBUG                  - depth 2, hash f15531c, HEAD~816
2021-07-03 21:07:41,025 DEBUG    [line range] com/fasterxml/jackson/core/base/ParserMinimalBase.java <init> 73:73
2021-07-03 21:07:41,056 DEBUG                  - depth 0, hash 32e4e91, HEAD~425
2021-07-03 21:07:41,062 DEBUG                  - depth 1, hash f15531c, HEAD~816
2021-07-03 21:07:41,417 DEBUG    [line range] com/fasterxml/jackson/core/io/CharTypes.java <clinit> 7:7
2021-07-03 21:07:41,445 DEBUG                  - depth 0, hash fedd795, HEAD~441
2021-07-03 21:07:41,451 DEBUG                  - depth 1, hash f15531c, HEAD~816
2021-07-03 21:07:41,456 DEBUG    [line range] com/fasterxml/jackson/core/io/CharTypes.java getInputCodeLatin1 195:195
2021-07-03 21:07:41,485 DEBUG                  - depth 0, hash 1dc2c61, HEAD~680
2021-07-03 21:07:41,490 DEBUG                  - depth 1, hash f15531c, HEAD~816
2021-07-03 21:07:41,495 DEBUG    [line range] com/fasterxml/jackson/core/io/CharTypes.java getInputCodeUtf8 196:196
2021-07-03 21:07:41,524 DEBUG                  - depth 0, hash a3de8a0, HEAD~504
2021-07-03 21:07:41,529 DEBUG                  - depth 1, hash 1dc2c61, HEAD~680
2021-07-03 21:07:41,534 DEBUG                  - depth 2, hash f15531c, HEAD~816
2021-07-03 21:07:41,875 DEBUG    [line range] com/fasterxml/jackson/core/io/IOContext.java <init> 59:59
2021-07-03 21:07:41,904 DEBUG                  - depth 0, hash f15531c, HEAD~816
2021-07-03 21:07:41,910 DEBUG    [line range] com/fasterxml/jackson/core/io/IOContext.java constructTextBuffer 136:138
2021-07-03 21:07:41,939 DEBUG                  - depth 0, hash 1dc2c61, HEAD~680
2021-07-03 21:07:41,945 DEBUG                  - depth 1, hash f15531c, HEAD~816
2021-07-03 21:07:41,949 DEBUG    [line range] com/fasterxml/jackson/core/io/IOContext.java setEncoding 108:110
2021-07-03 21:07:41,978 DEBUG                  - depth 0, hash 2343927, HEAD~606
2021-07-03 21:07:41,984 DEBUG                  - depth 1, hash f15531c, HEAD~816
2021-07-03 21:07:42,328 DEBUG    [line range] com/fasterxml/jackson/core/io/SerializedString.java <init> 47:52
2021-07-03 21:07:42,357 DEBUG                  - depth 0, hash 95f76a4, HEAD~674
2021-07-03 21:07:42,363 DEBUG                  - depth 1, hash f15531c, HEAD~816
2021-07-03 21:07:42,748 DEBUG    [line range] com/fasterxml/jackson/core/json/ByteSourceJsonBootstrapper.java <init> 74:74
2021-07-03 21:07:42,796 DEBUG                  - depth 0, hash f15531c, HEAD~816
2021-07-03 21:07:42,802 DEBUG    [line range] com/fasterxml/jackson/core/json/ByteSourceJsonBootstrapper.java checkUTF16 447:460
2021-07-03 21:07:42,831 DEBUG                  - depth 0, hash f15531c, HEAD~816
2021-07-03 21:07:42,837 DEBUG    [line range] com/fasterxml/jackson/core/json/ByteSourceJsonBootstrapper.java checkUTF32 424:445
2021-07-03 21:07:42,865 DEBUG                  - depth 0, hash 007dccb, HEAD~432
2021-07-03 21:07:42,871 DEBUG                  - depth 1, hash f15531c, HEAD~816
2021-07-03 21:07:42,875 DEBUG    [line range] com/fasterxml/jackson/core/json/ByteSourceJsonBootstrapper.java constructParser 211:229
2021-07-03 21:07:42,905 DEBUG                  - depth 0, hash 3a00c86, HEAD~165
2021-07-03 21:07:42,911 DEBUG                  - depth 1, hash 0541b3b, HEAD~313
2021-07-03 21:07:42,915 DEBUG                  - depth 2, hash 64aa9d2, HEAD~401
2021-07-03 21:07:42,919 DEBUG                  - depth 3, hash 007dccb, HEAD~432
2021-07-03 21:07:42,923 DEBUG                  - depth 4, hash 347f237, HEAD~495
2021-07-03 21:07:42,928 DEBUG                  - depth 5, hash 0735190, HEAD~790
2021-07-03 21:07:42,932 DEBUG                  - depth 6, hash f15531c, HEAD~816
2021-07-03 21:07:42,936 DEBUG    [line range] com/fasterxml/jackson/core/json/ByteSourceJsonBootstrapper.java detectEncoding 115:173
2021-07-03 21:07:42,966 DEBUG                  - depth 0, hash 007dccb, HEAD~432
2021-07-03 21:07:42,971 DEBUG                  - depth 1, hash f15531c, HEAD~816
2021-07-03 21:07:42,976 DEBUG    [line range] com/fasterxml/jackson/core/json/ByteSourceJsonBootstrapper.java ensureLoaded 478:498
2021-07-03 21:07:43,005 DEBUG                  - depth 0, hash 007dccb, HEAD~432
2021-07-03 21:07:43,011 DEBUG                  - depth 1, hash f15531c, HEAD~816
2021-07-03 21:07:43,015 DEBUG    [line range] com/fasterxml/jackson/core/json/ByteSourceJsonBootstrapper.java handleBOM 379:422
2021-07-03 21:07:43,045 DEBUG                  - depth 0, hash 007dccb, HEAD~432
2021-07-03 21:07:43,050 DEBUG                  - depth 1, hash f15531c, HEAD~816
2021-07-03 21:07:43,390 DEBUG    [line range] com/fasterxml/jackson/core/json/JsonReadContext.java <init> 33:33
2021-07-03 21:07:43,418 DEBUG                  - depth 0, hash f15531c, HEAD~816
2021-07-03 21:07:43,424 DEBUG    [line range] com/fasterxml/jackson/core/json/JsonReadContext.java createRootContext 120:122
2021-07-03 21:07:43,452 DEBUG                  - depth 0, hash f9ad80f, HEAD~487
2021-07-03 21:07:43,458 DEBUG                  - depth 1, hash f15531c, HEAD~816
2021-07-03 21:07:43,462 DEBUG    [line range] com/fasterxml/jackson/core/json/JsonReadContext.java expectComma 181:188
2021-07-03 21:07:43,492 DEBUG                  - depth 0, hash 007dccb, HEAD~432
2021-07-03 21:07:43,497 DEBUG                  - depth 1, hash 1dc2c61, HEAD~680
2021-07-03 21:07:43,501 DEBUG                  - depth 2, hash f15531c, HEAD~816
2021-07-03 21:07:43,506 DEBUG    [line range] com/fasterxml/jackson/core/json/JsonReadContext.java setCurrentName 190:193
2021-07-03 21:07:43,535 DEBUG                  - depth 0, hash 007dccb, HEAD~432
2021-07-03 21:07:43,540 DEBUG                  - depth 1, hash 6fc0271, HEAD~489
2021-07-03 21:07:43,545 DEBUG                  - depth 2, hash f15531c, HEAD~816
2021-07-03 21:07:44,166 DEBUG    [line range] com/fasterxml/jackson/core/json/UTF8StreamJsonParser.java <clinit> 27:27
2021-07-03 21:07:44,222 DEBUG                  - depth 0, hash 0a39869, HEAD~502
2021-07-03 21:07:44,227 DEBUG                  - depth 1, hash f15531c, HEAD~816
2021-07-03 21:07:44,232 DEBUG    [line range] com/fasterxml/jackson/core/json/UTF8StreamJsonParser.java <init> 60:60
2021-07-03 21:07:44,286 DEBUG                  - depth 0, hash f15531c, HEAD~816
2021-07-03 21:07:44,292 DEBUG    [line range] com/fasterxml/jackson/core/json/UTF8StreamJsonParser.java _closeInput 233:246
2021-07-03 21:07:44,347 DEBUG                  - depth 0, hash f15531c, HEAD~816
2021-07-03 21:07:44,352 DEBUG    [line range] com/fasterxml/jackson/core/json/UTF8StreamJsonParser.java _nextAfterName 844:856
2021-07-03 21:07:44,409 DEBUG                  - depth 0, hash 7ee3878, HEAD~479
2021-07-03 21:07:44,415 DEBUG                  - depth 1, hash 1dc2c61, HEAD~680
2021-07-03 21:07:44,419 DEBUG                  - depth 2, hash f15531c, HEAD~816
2021-07-03 21:07:44,423 DEBUG    [line range] com/fasterxml/jackson/core/json/UTF8StreamJsonParser.java _nextTokenNotInObject 801:842
2021-07-03 21:07:44,481 DEBUG                  - depth 0, hash 4983fd1, HEAD~341
2021-07-03 21:07:44,487 DEBUG                  - depth 1, hash 1feb504, HEAD~374
2021-07-03 21:07:44,491 DEBUG                  - depth 2, hash 7ee3878, HEAD~479
2021-07-03 21:07:44,495 DEBUG                  - depth 3, hash 38d6e35, HEAD~500
2021-07-03 21:07:44,500 DEBUG                  - depth 4, hash c0a3c76, HEAD~508
2021-07-03 21:07:44,504 DEBUG                  - depth 5, hash 1dc2c61, HEAD~680
2021-07-03 21:07:44,508 DEBUG                  - depth 6, hash f15531c, HEAD~816
2021-07-03 21:07:44,512 DEBUG    [line range] com/fasterxml/jackson/core/json/UTF8StreamJsonParser.java _parseName 1644:1704
2021-07-03 21:07:44,572 DEBUG                  - depth 0, hash 3a00c86, HEAD~165
2021-07-03 21:07:44,577 DEBUG                  - depth 1, hash b48bcfa, HEAD~171
2021-07-03 21:07:44,582 DEBUG                  - depth 2, hash 1dfdf1f, HEAD~338
2021-07-03 21:07:44,586 DEBUG                  - depth 3, hash 25968cc, HEAD~375
2021-07-03 21:07:44,590 DEBUG                  - depth 4, hash 0f42f01, HEAD~379
2021-07-03 21:07:44,594 DEBUG                  - depth 5, hash eaa2b0c, HEAD~499
2021-07-03 21:07:44,598 DEBUG                  - depth 6, hash 0a39869, HEAD~502
2021-07-03 21:07:44,603 DEBUG                  - depth 7, hash 1dc2c61, HEAD~680
2021-07-03 21:07:44,607 DEBUG                  - depth 8, hash f15531c, HEAD~816
2021-07-03 21:07:44,612 DEBUG    [line range] com/fasterxml/jackson/core/json/UTF8StreamJsonParser.java _releaseBuffers 254:271
2021-07-03 21:07:44,668 DEBUG                  - depth 0, hash 0334f7e, HEAD~235
2021-07-03 21:07:44,674 DEBUG                  - depth 1, hash 3761c5c, HEAD~485
2021-07-03 21:07:44,678 DEBUG                  - depth 2, hash f15531c, HEAD~816
2021-07-03 21:07:44,683 DEBUG    [line range] com/fasterxml/jackson/core/json/UTF8StreamJsonParser.java _skipColon 2929:2982
2021-07-03 21:07:44,740 DEBUG                  - depth 0, hash ea1fd86, HEAD~351
2021-07-03 21:07:44,745 DEBUG                  - depth 1, hash 0d1a14e, HEAD~378
2021-07-03 21:07:44,750 DEBUG                  - depth 2, hash 7ee3878, HEAD~479
2021-07-03 21:07:44,754 DEBUG                  - depth 3, hash 89d5f32, HEAD~503
2021-07-03 21:07:44,758 DEBUG                  - depth 4, hash a3de8a0, HEAD~504
2021-07-03 21:07:44,762 DEBUG                  - depth 5, hash c0a3c76, HEAD~508
2021-07-03 21:07:44,767 DEBUG                  - depth 6, hash d721193, HEAD~659
2021-07-03 21:07:44,771 DEBUG                  - depth 7, hash 1dc2c61, HEAD~680
2021-07-03 21:07:44,775 DEBUG                  - depth 8, hash f15531c, HEAD~816
2021-07-03 21:07:44,780 DEBUG    [line range] com/fasterxml/jackson/core/json/UTF8StreamJsonParser.java _skipString 2504:2562
2021-07-03 21:07:44,836 DEBUG                  - depth 0, hash 0a39869, HEAD~502
2021-07-03 21:07:44,842 DEBUG                  - depth 1, hash a3de8a0, HEAD~504
2021-07-03 21:07:44,846 DEBUG                  - depth 2, hash f15531c, HEAD~816
2021-07-03 21:07:44,851 DEBUG    [line range] com/fasterxml/jackson/core/json/UTF8StreamJsonParser.java _skipWSOrEnd 2848:2897
2021-07-03 21:07:44,907 DEBUG                  - depth 0, hash 18bc774, HEAD~320
2021-07-03 21:07:44,913 DEBUG                  - depth 1, hash 8486974, HEAD~345
2021-07-03 21:07:44,917 DEBUG                  - depth 2, hash 7ee3878, HEAD~479
2021-07-03 21:07:44,922 DEBUG                  - depth 3, hash a3de8a0, HEAD~504
2021-07-03 21:07:44,926 DEBUG                  - depth 4, hash 1dc2c61, HEAD~680
2021-07-03 21:07:44,930 DEBUG                  - depth 5, hash f15531c, HEAD~816
2021-07-03 21:07:44,935 DEBUG    [line range] com/fasterxml/jackson/core/json/UTF8StreamJsonParser.java addName 2235:2341
2021-07-03 21:07:44,994 DEBUG                  - depth 0, hash 3a00c86, HEAD~165
2021-07-03 21:07:45,000 DEBUG                  - depth 1, hash 7ee3878, HEAD~479
2021-07-03 21:07:45,004 DEBUG                  - depth 2, hash 1dc2c61, HEAD~680
2021-07-03 21:07:45,008 DEBUG                  - depth 3, hash f15531c, HEAD~816
2021-07-03 21:07:45,013 DEBUG    [line range] com/fasterxml/jackson/core/json/UTF8StreamJsonParser.java findName 2175:2186
2021-07-03 21:07:45,072 DEBUG                  - depth 0, hash 3a00c86, HEAD~165
2021-07-03 21:07:45,078 DEBUG                  - depth 1, hash b48bcfa, HEAD~171
2021-07-03 21:07:45,082 DEBUG                  - depth 2, hash e997287, HEAD~283
2021-07-03 21:07:45,086 DEBUG                  - depth 3, hash 7ee3878, HEAD~479
2021-07-03 21:07:45,091 DEBUG                  - depth 4, hash 1dc2c61, HEAD~680
2021-07-03 21:07:45,095 DEBUG                  - depth 5, hash f15531c, HEAD~816
2021-07-03 21:07:45,099 DEBUG    [line range] com/fasterxml/jackson/core/json/UTF8StreamJsonParser.java loadMore 168:194
2021-07-03 21:07:45,156 DEBUG                  - depth 0, hash 0334f7e, HEAD~235
2021-07-03 21:07:45,162 DEBUG                  - depth 1, hash 7ee3878, HEAD~479
2021-07-03 21:07:45,166 DEBUG                  - depth 2, hash 1dc2c61, HEAD~680
2021-07-03 21:07:45,171 DEBUG                  - depth 3, hash f15531c, HEAD~816
2021-07-03 21:07:45,175 DEBUG    [line range] com/fasterxml/jackson/core/json/UTF8StreamJsonParser.java nextToken 678:799
2021-07-03 21:07:45,235 DEBUG                  - depth 0, hash 3a00c86, HEAD~165
2021-07-03 21:07:45,241 DEBUG                  - depth 1, hash 4983fd1, HEAD~341
2021-07-03 21:07:45,245 DEBUG                  - depth 2, hash ef860da, HEAD~354
2021-07-03 21:07:45,249 DEBUG                  - depth 3, hash 4ce6e0b, HEAD~368
2021-07-03 21:07:45,253 DEBUG                  - depth 4, hash 1feb504, HEAD~374
2021-07-03 21:07:45,257 DEBUG                  - depth 5, hash 0d1a14e, HEAD~378
2021-07-03 21:07:45,262 DEBUG                  - depth 6, hash b01c64d, HEAD~390
2021-07-03 21:07:45,266 DEBUG                  - depth 7, hash eaa2b0c, HEAD~499
2021-07-03 21:07:45,270 DEBUG                  - depth 8, hash 38d6e35, HEAD~500
2021-07-03 21:07:45,274 DEBUG                  - depth 9, hash a3de8a0, HEAD~504
2021-07-03 21:07:45,279 DEBUG                  - depth 10, hash c0a3c76, HEAD~508
2021-07-03 21:07:45,283 DEBUG                  - depth 11, hash f15531c, HEAD~816
2021-07-03 21:07:45,288 DEBUG    [line range] com/fasterxml/jackson/core/json/UTF8StreamJsonParser.java pad 3615:3617
2021-07-03 21:07:45,321 DEBUG                  - depth 0, hash e997287, HEAD~283
2021-07-03 21:07:45,807 DEBUG    [line range] com/fasterxml/jackson/core/sym/ByteQuadsCanonicalizer.java <init> 222:242
2021-07-03 21:07:45,841 DEBUG                  - depth 0, hash 791e288, HEAD~166
2021-07-03 21:07:45,847 DEBUG    [line range] com/fasterxml/jackson/core/sym/ByteQuadsCanonicalizer.java <init> 247:272
2021-07-03 21:07:45,880 DEBUG                  - depth 0, hash c2823b4, HEAD~7
2021-07-03 21:07:45,886 DEBUG                  - depth 1, hash 6b9505b, HEAD~157
2021-07-03 21:07:45,890 DEBUG                  - depth 2, hash 075ce3f, HEAD~159
2021-07-03 21:07:45,895 DEBUG                  - depth 3, hash 30a2670, HEAD~161
2021-07-03 21:07:45,899 DEBUG                  - depth 4, hash 3a00c86, HEAD~165
2021-07-03 21:07:45,903 DEBUG                  - depth 5, hash 791e288, HEAD~166
2021-07-03 21:07:45,908 DEBUG    [line range] com/fasterxml/jackson/core/sym/ByteQuadsCanonicalizer.java _calcOffset 604:612
2021-07-03 21:07:45,941 DEBUG                  - depth 0, hash 30a2670, HEAD~161
2021-07-03 21:07:45,947 DEBUG                  - depth 1, hash 791e288, HEAD~166
2021-07-03 21:07:45,951 DEBUG    [line range] com/fasterxml/jackson/core/sym/ByteQuadsCanonicalizer.java _calcTertiaryShift 1190:1207
2021-07-03 21:07:45,984 DEBUG                  - depth 0, hash 86b31e7, HEAD~103
2021-07-03 21:07:45,989 DEBUG                  - depth 1, hash aa65eaa, HEAD~155
2021-07-03 21:07:45,994 DEBUG                  - depth 2, hash 6b9505b, HEAD~157
2021-07-03 21:07:45,998 DEBUG    [line range] com/fasterxml/jackson/core/sym/ByteQuadsCanonicalizer.java _findOffsetForAdd 889:937
2021-07-03 21:07:46,033 DEBUG                  - depth 0, hash c2823b4, HEAD~7
2021-07-03 21:07:46,038 DEBUG                  - depth 1, hash 4b041e9, HEAD~102
2021-07-03 21:07:46,043 DEBUG                  - depth 2, hash aa65eaa, HEAD~155
2021-07-03 21:07:46,047 DEBUG                  - depth 3, hash 6b9505b, HEAD~157
2021-07-03 21:07:46,051 DEBUG                  - depth 4, hash 075ce3f, HEAD~159
2021-07-03 21:07:46,056 DEBUG                  - depth 5, hash 50ac853, HEAD~160
2021-07-03 21:07:46,060 DEBUG                  - depth 6, hash 30a2670, HEAD~161
2021-07-03 21:07:46,064 DEBUG                  - depth 7, hash 6c629a8, HEAD~164
2021-07-03 21:07:46,068 DEBUG                  - depth 8, hash 3a00c86, HEAD~165
2021-07-03 21:07:46,072 DEBUG                  - depth 9, hash 791e288, HEAD~166
2021-07-03 21:07:46,077 DEBUG    [line range] com/fasterxml/jackson/core/sym/ByteQuadsCanonicalizer.java _findSecondary 620:647
2021-07-03 21:07:46,111 DEBUG                  - depth 0, hash aa65eaa, HEAD~155
2021-07-03 21:07:46,116 DEBUG                  - depth 1, hash 6b9505b, HEAD~157
2021-07-03 21:07:46,120 DEBUG                  - depth 2, hash a57bda8, HEAD~158
2021-07-03 21:07:46,125 DEBUG                  - depth 3, hash 075ce3f, HEAD~159
2021-07-03 21:07:46,129 DEBUG                  - depth 4, hash 30a2670, HEAD~161
2021-07-03 21:07:46,133 DEBUG                  - depth 5, hash 3a00c86, HEAD~165
2021-07-03 21:07:46,137 DEBUG                  - depth 6, hash 791e288, HEAD~166
2021-07-03 21:07:46,142 DEBUG    [line range] com/fasterxml/jackson/core/sym/ByteQuadsCanonicalizer.java _reportTooManyCollisions 1178:1188
2021-07-03 21:07:46,173 DEBUG                  - depth 0, hash 4b041e9, HEAD~102
2021-07-03 21:07:46,179 DEBUG                  - depth 1, hash 86b31e7, HEAD~103
2021-07-03 21:07:46,183 DEBUG                  - depth 2, hash 6b9505b, HEAD~157
2021-07-03 21:07:46,187 DEBUG    [line range] com/fasterxml/jackson/core/sym/ByteQuadsCanonicalizer.java _spilloverStart 1171:1176
2021-07-03 21:07:46,220 DEBUG                  - depth 0, hash 6b9505b, HEAD~157
2021-07-03 21:07:46,226 DEBUG    [line range] com/fasterxml/jackson/core/sym/ByteQuadsCanonicalizer.java _verifyNeedForRehash 863:872
2021-07-03 21:07:46,259 DEBUG                  - depth 0, hash c2823b4, HEAD~7
2021-07-03 21:07:46,265 DEBUG                  - depth 1, hash f7a1d5c, HEAD~151
2021-07-03 21:07:46,269 DEBUG                  - depth 2, hash 6b9505b, HEAD~157
2021-07-03 21:07:46,274 DEBUG                  - depth 3, hash 50ac853, HEAD~160
2021-07-03 21:07:46,278 DEBUG                  - depth 4, hash 30a2670, HEAD~161
2021-07-03 21:07:46,282 DEBUG                  - depth 5, hash 3a00c86, HEAD~165
2021-07-03 21:07:46,286 DEBUG                  - depth 6, hash 791e288, HEAD~166
2021-07-03 21:07:46,291 DEBUG    [line range] com/fasterxml/jackson/core/sym/ByteQuadsCanonicalizer.java _verifySharing 874:884
2021-07-03 21:07:46,324 DEBUG                  - depth 0, hash f7a1d5c, HEAD~151
2021-07-03 21:07:46,330 DEBUG                  - depth 1, hash 30a2670, HEAD~161
2021-07-03 21:07:46,334 DEBUG                  - depth 2, hash 6c629a8, HEAD~164
2021-07-03 21:07:46,338 DEBUG                  - depth 3, hash 3a00c86, HEAD~165
2021-07-03 21:07:46,342 DEBUG                  - depth 4, hash 791e288, HEAD~166
2021-07-03 21:07:46,347 DEBUG    [line range] com/fasterxml/jackson/core/sym/ByteQuadsCanonicalizer.java addName 812:861
2021-07-03 21:07:46,380 DEBUG                  - depth 0, hash f7a1d5c, HEAD~151
2021-07-03 21:07:46,386 DEBUG                  - depth 1, hash 30a2670, HEAD~161
2021-07-03 21:07:46,390 DEBUG                  - depth 2, hash 6c629a8, HEAD~164
2021-07-03 21:07:46,394 DEBUG                  - depth 3, hash 3a00c86, HEAD~165
2021-07-03 21:07:46,399 DEBUG                  - depth 4, hash 791e288, HEAD~166
2021-07-03 21:07:46,403 DEBUG    [line range] com/fasterxml/jackson/core/sym/ByteQuadsCanonicalizer.java calcHash 978:990
2021-07-03 21:07:46,437 DEBUG                  - depth 0, hash c2823b4, HEAD~7
2021-07-03 21:07:46,443 DEBUG                  - depth 1, hash fe4ca6a, HEAD~107
2021-07-03 21:07:46,447 DEBUG                  - depth 2, hash 791e288, HEAD~166
2021-07-03 21:07:46,451 DEBUG    [line range] com/fasterxml/jackson/core/sym/ByteQuadsCanonicalizer.java createRoot 284:292
2021-07-03 21:07:46,485 DEBUG                  - depth 0, hash 791e288, HEAD~166
2021-07-03 21:07:46,491 DEBUG    [line range] com/fasterxml/jackson/core/sym/ByteQuadsCanonicalizer.java createRoot 298:300
2021-07-03 21:07:46,524 DEBUG                  - depth 0, hash 791e288, HEAD~166
2021-07-03 21:07:46,530 DEBUG    [line range] com/fasterxml/jackson/core/sym/ByteQuadsCanonicalizer.java findName 468:498
2021-07-03 21:07:46,564 DEBUG                  - depth 0, hash f611ebf, HEAD~122
2021-07-03 21:07:46,569 DEBUG                  - depth 1, hash 075ce3f, HEAD~159
2021-07-03 21:07:46,574 DEBUG                  - depth 2, hash 30a2670, HEAD~161
2021-07-03 21:07:46,578 DEBUG                  - depth 3, hash 6c629a8, HEAD~164
2021-07-03 21:07:46,582 DEBUG                  - depth 4, hash 3a00c86, HEAD~165
2021-07-03 21:07:46,586 DEBUG                  - depth 5, hash 791e288, HEAD~166
2021-07-03 21:07:46,591 DEBUG    [line range] com/fasterxml/jackson/core/sym/ByteQuadsCanonicalizer.java makeChild 306:312
2021-07-03 21:07:46,625 DEBUG                  - depth 0, hash 791e288, HEAD~166
2021-07-03 21:07:46,631 DEBUG    [line range] com/fasterxml/jackson/core/sym/ByteQuadsCanonicalizer.java maybeDirty 380:380
2021-07-03 21:07:46,665 DEBUG                  - depth 0, hash 791e288, HEAD~166
2021-07-03 21:07:46,671 DEBUG    [line range] com/fasterxml/jackson/core/sym/ByteQuadsCanonicalizer.java mergeChild 333:353
2021-07-03 21:07:46,704 DEBUG                  - depth 0, hash 791e288, HEAD~166
2021-07-03 21:07:46,709 DEBUG    [line range] com/fasterxml/jackson/core/sym/ByteQuadsCanonicalizer.java release 321:331
2021-07-03 21:07:46,743 DEBUG                  - depth 0, hash 791e288, HEAD~166
2021-07-03 21:07:46,749 DEBUG    [line range] com/fasterxml/jackson/core/sym/ByteQuadsCanonicalizer.java <init> 1232:1242
2021-07-03 21:07:46,782 DEBUG                  - depth 0, hash 6b9505b, HEAD~157
2021-07-03 21:07:46,787 DEBUG                  - depth 1, hash 30a2670, HEAD~161
2021-07-03 21:07:46,792 DEBUG                  - depth 2, hash 3a00c86, HEAD~165
2021-07-03 21:07:46,796 DEBUG                  - depth 3, hash 791e288, HEAD~166
2021-07-03 21:07:46,801 DEBUG    [line range] com/fasterxml/jackson/core/sym/ByteQuadsCanonicalizer.java <init> 1244:1253
2021-07-03 21:07:46,834 DEBUG                  - depth 0, hash 6b9505b, HEAD~157
2021-07-03 21:07:46,840 DEBUG                  - depth 1, hash 30a2670, HEAD~161
2021-07-03 21:07:46,844 DEBUG                  - depth 2, hash 3a00c86, HEAD~165
2021-07-03 21:07:46,848 DEBUG                  - depth 3, hash 791e288, HEAD~166
2021-07-03 21:07:46,853 DEBUG    [line range] com/fasterxml/jackson/core/sym/ByteQuadsCanonicalizer.java createInitial 1255:1267
2021-07-03 21:07:46,887 DEBUG                  - depth 0, hash a71a00e, HEAD~8
2021-07-03 21:07:46,893 DEBUG                  - depth 1, hash 6b9505b, HEAD~157
2021-07-03 21:07:46,897 DEBUG                  - depth 2, hash 30a2670, HEAD~161
2021-07-03 21:07:46,902 DEBUG                  - depth 3, hash 6c629a8, HEAD~164
2021-07-03 21:07:46,906 DEBUG                  - depth 4, hash 3a00c86, HEAD~165
2021-07-03 21:07:46,910 DEBUG                  - depth 5, hash 791e288, HEAD~166
2021-07-03 21:07:47,404 DEBUG    [line range] com/fasterxml/jackson/core/sym/BytesToNameCanonicalizer.java <init> 270:291
2021-07-03 21:07:47,439 DEBUG                  - depth 0, hash 5004f15, HEAD~308
2021-07-03 21:07:47,445 DEBUG                  - depth 1, hash e17a4dd, HEAD~310
2021-07-03 21:07:47,449 DEBUG                  - depth 2, hash aefbe1d, HEAD~454
2021-07-03 21:07:47,453 DEBUG                  - depth 3, hash 9c13500, HEAD~455
2021-07-03 21:07:47,457 DEBUG                  - depth 4, hash 30f0352, HEAD~706
2021-07-03 21:07:47,462 DEBUG                  - depth 5, hash 3532520, HEAD~717
2021-07-03 21:07:47,466 DEBUG                  - depth 6, hash f15531c, HEAD~816
2021-07-03 21:07:47,471 DEBUG    [line range] com/fasterxml/jackson/core/sym/BytesToNameCanonicalizer.java createRoot 348:356
2021-07-03 21:07:47,503 DEBUG                  - depth 0, hash aefbe1d, HEAD~454
2021-07-03 21:07:47,509 DEBUG                  - depth 1, hash 321d809, HEAD~677
2021-07-03 21:07:47,513 DEBUG                  - depth 2, hash 9c9622d, HEAD~709
2021-07-03 21:07:47,518 DEBUG    [line range] com/fasterxml/jackson/core/sym/BytesToNameCanonicalizer.java createRoot 362:364
2021-07-03 21:07:47,552 DEBUG                  - depth 0, hash 5004f15, HEAD~308
2021-07-03 21:07:47,557 DEBUG                  - depth 1, hash e17a4dd, HEAD~310
2021-07-03 21:07:47,562 DEBUG                  - depth 2, hash aefbe1d, HEAD~454
2021-07-03 21:07:47,566 DEBUG                  - depth 3, hash 9c13500, HEAD~455
2021-07-03 21:07:47,570 DEBUG                  - depth 4, hash 9c9622d, HEAD~709
2021-07-03 21:07:47,574 DEBUG                  - depth 5, hash f15531c, HEAD~816
2021-07-03 21:07:47,579 DEBUG    [line range] com/fasterxml/jackson/core/sym/BytesToNameCanonicalizer.java initTableInfo 326:336
2021-07-03 21:07:47,612 DEBUG                  - depth 0, hash aefbe1d, HEAD~454
2021-07-03 21:07:47,618 DEBUG                  - depth 1, hash 30f0352, HEAD~706
2021-07-03 21:07:47,622 DEBUG                  - depth 2, hash bda3a91, HEAD~718
2021-07-03 21:07:47,626 DEBUG                  - depth 3, hash f15531c, HEAD~816
2021-07-03 21:07:47,631 DEBUG    [line range] com/fasterxml/jackson/core/sym/BytesToNameCanonicalizer.java <init> 1231:1242
2021-07-03 21:07:47,662 DEBUG                  - depth 0, hash 30f0352, HEAD~706
2021-07-03 21:07:48,080 DEBUG    [line range] com/fasterxml/jackson/core/sym/CharsToNameCanonicalizer.java <clinit> 93:93
2021-07-03 21:07:48,111 DEBUG                  - depth 0, hash 9318b80, HEAD~453
2021-07-03 21:07:48,117 DEBUG                  - depth 1, hash f15531c, HEAD~816
2021-07-03 21:07:48,122 DEBUG    [line range] com/fasterxml/jackson/core/sym/CharsToNameCanonicalizer.java <init> 236:245
2021-07-03 21:07:48,153 DEBUG                  - depth 0, hash 383bc8f, HEAD~311
2021-07-03 21:07:48,159 DEBUG                  - depth 1, hash 9318b80, HEAD~453
2021-07-03 21:07:48,163 DEBUG                  - depth 2, hash a7ec583, HEAD~720
2021-07-03 21:07:48,167 DEBUG                  - depth 3, hash f15531c, HEAD~816
2021-07-03 21:07:48,172 DEBUG    [line range] com/fasterxml/jackson/core/sym/CharsToNameCanonicalizer.java <init> 264:283
2021-07-03 21:07:48,203 DEBUG                  - depth 0, hash 383bc8f, HEAD~311
2021-07-03 21:07:48,209 DEBUG                  - depth 1, hash 9318b80, HEAD~453
2021-07-03 21:07:48,213 DEBUG                  - depth 2, hash bda3a91, HEAD~718
2021-07-03 21:07:48,218 DEBUG                  - depth 3, hash a7ec583, HEAD~720
2021-07-03 21:07:48,222 DEBUG                  - depth 4, hash f15531c, HEAD~816
2021-07-03 21:07:48,226 DEBUG    [line range] com/fasterxml/jackson/core/sym/CharsToNameCanonicalizer.java _thresholdSize 259:259
2021-07-03 21:07:48,258 DEBUG                  - depth 0, hash 9318b80, HEAD~453
2021-07-03 21:07:48,264 DEBUG                  - depth 1, hash 1dc2c61, HEAD~680
2021-07-03 21:07:48,268 DEBUG                  - depth 2, hash bda3a91, HEAD~718
2021-07-03 21:07:48,273 DEBUG    [line range] com/fasterxml/jackson/core/sym/CharsToNameCanonicalizer.java createRoot 219:227
2021-07-03 21:07:48,306 DEBUG                  - depth 0, hash 9318b80, HEAD~453
2021-07-03 21:07:48,311 DEBUG                  - depth 1, hash 321d809, HEAD~677
2021-07-03 21:07:48,316 DEBUG                  - depth 2, hash 3532520, HEAD~717
2021-07-03 21:07:48,320 DEBUG                  - depth 3, hash a7ec583, HEAD~720
2021-07-03 21:07:48,324 DEBUG                  - depth 4, hash f15531c, HEAD~816
2021-07-03 21:07:48,329 DEBUG    [line range] com/fasterxml/jackson/core/sym/CharsToNameCanonicalizer.java createRoot 229:231
2021-07-03 21:07:48,361 DEBUG                  - depth 0, hash a7ec583, HEAD~720
2021-07-03 21:07:48,367 DEBUG                  - depth 1, hash f15531c, HEAD~816
2021-07-03 21:07:48,371 DEBUG    [line range] com/fasterxml/jackson/core/sym/CharsToNameCanonicalizer.java initTables 247:257
2021-07-03 21:07:48,403 DEBUG                  - depth 0, hash bda3a91, HEAD~718
2021-07-03 21:07:48,409 DEBUG                  - depth 1, hash a7ec583, HEAD~720
2021-07-03 21:07:48,413 DEBUG                  - depth 2, hash f15531c, HEAD~816
2021-07-03 21:07:48,418 DEBUG    [line range] com/fasterxml/jackson/core/sym/CharsToNameCanonicalizer.java makeOrphan 319:321
2021-07-03 21:07:48,450 DEBUG                  - depth 0, hash 383bc8f, HEAD~311
2021-07-03 21:07:48,456 DEBUG                  - depth 1, hash 9318b80, HEAD~453
2021-07-03 21:07:48,460 DEBUG                  - depth 2, hash a7ec583, HEAD~720
2021-07-03 21:07:48,464 DEBUG                  - depth 3, hash f15531c, HEAD~816
2021-07-03 21:07:48,781 DEBUG    [line range] com/fasterxml/jackson/core/util/BufferRecycler.java <clinit> 45:45
2021-07-03 21:07:48,810 DEBUG                  - depth 0, hash 175a97b, HEAD~447
2021-07-03 21:07:48,816 DEBUG                  - depth 1, hash f633f10, HEAD~457
2021-07-03 21:07:48,820 DEBUG                  - depth 2, hash f15531c, HEAD~816
2021-07-03 21:07:48,824 DEBUG    [line range] com/fasterxml/jackson/core/util/BufferRecycler.java <init> 61:63
2021-07-03 21:07:48,852 DEBUG                  - depth 0, hash ebf0091, HEAD~444
2021-07-03 21:07:48,858 DEBUG                  - depth 1, hash f633f10, HEAD~457
2021-07-03 21:07:48,862 DEBUG                  - depth 2, hash f15531c, HEAD~816
2021-07-03 21:07:48,867 DEBUG    [line range] com/fasterxml/jackson/core/util/BufferRecycler.java <init> 71:74
2021-07-03 21:07:48,896 DEBUG                  - depth 0, hash ebf0091, HEAD~444
2021-07-03 21:07:48,901 DEBUG                  - depth 1, hash f15531c, HEAD~816
2021-07-03 21:07:48,906 DEBUG    [line range] com/fasterxml/jackson/core/util/BufferRecycler.java allocCharBuffer 117:129
2021-07-03 21:07:48,934 DEBUG                  - depth 0, hash ebf0091, HEAD~444
2021-07-03 21:07:48,940 DEBUG                  - depth 1, hash f633f10, HEAD~457
2021-07-03 21:07:48,944 DEBUG                  - depth 2, hash f15531c, HEAD~816
2021-07-03 21:07:48,949 DEBUG    [line range] com/fasterxml/jackson/core/util/BufferRecycler.java calloc 156:156
2021-07-03 21:07:48,977 DEBUG                  - depth 0, hash ebf0091, HEAD~444
2021-07-03 21:07:48,983 DEBUG                  - depth 1, hash f633f10, HEAD~457
2021-07-03 21:07:48,987 DEBUG                  - depth 2, hash 6c842ae, HEAD~679
2021-07-03 21:07:48,992 DEBUG                  - depth 3, hash f15531c, HEAD~816
2021-07-03 21:07:48,996 DEBUG    [line range] com/fasterxml/jackson/core/util/BufferRecycler.java charBufferLength 145:147
2021-07-03 21:07:49,024 DEBUG                  - depth 0, hash ebf0091, HEAD~444
2021-07-03 21:07:49,030 DEBUG    [line range] com/fasterxml/jackson/core/util/BufferRecycler.java releaseCharBuffer 131:133
2021-07-03 21:07:49,059 DEBUG                  - depth 0, hash ebf0091, HEAD~444
2021-07-03 21:07:49,065 DEBUG                  - depth 1, hash f633f10, HEAD~457
2021-07-03 21:07:49,069 DEBUG                  - depth 2, hash f15531c, HEAD~816
2021-07-03 21:07:49,407 DEBUG    [line range] com/fasterxml/jackson/core/util/DefaultPrettyPrinter.java <clinit> 28:28
2021-07-03 21:07:49,436 DEBUG                  - depth 0, hash e6dfc69, HEAD~683
2021-07-03 21:07:49,726 DEBUG    [line range] com/fasterxml/jackson/core/util/InternCache.java <clinit> 28:28
2021-07-03 21:07:49,755 DEBUG                  - depth 0, hash f15531c, HEAD~816
2021-07-03 21:07:49,761 DEBUG    [line range] com/fasterxml/jackson/core/util/InternCache.java <init> 35:35
2021-07-03 21:07:49,789 DEBUG                  - depth 0, hash fedd795, HEAD~441
2021-07-03 21:07:49,794 DEBUG                  - depth 1, hash f633f10, HEAD~457
2021-07-03 21:07:49,799 DEBUG                  - depth 2, hash 8475c8b, HEAD~511
2021-07-03 21:07:49,803 DEBUG    [line range] com/fasterxml/jackson/core/util/InternCache.java intern 39:62
2021-07-03 21:07:49,831 DEBUG                  - depth 0, hash fedd795, HEAD~441
2021-07-03 21:07:49,837 DEBUG                  - depth 1, hash 8475c8b, HEAD~511
2021-07-03 21:07:49,841 DEBUG                  - depth 2, hash f15531c, HEAD~816
2021-07-03 21:07:50,239 DEBUG    [line range] com/fasterxml/jackson/core/util/TextBuffer.java <clinit> 29:29
2021-07-03 21:07:50,270 DEBUG                  - depth 0, hash f15531c, HEAD~816
2021-07-03 21:07:50,275 DEBUG    [line range] com/fasterxml/jackson/core/util/TextBuffer.java <init> 85:85
2021-07-03 21:07:50,305 DEBUG                  - depth 0, hash f15531c, HEAD~816
2021-07-03 21:07:50,311 DEBUG    [line range] com/fasterxml/jackson/core/util/TextBuffer.java buf 232:238
2021-07-03 21:07:50,341 DEBUG                  - depth 0, hash 0c8d86e, HEAD~436
2021-07-03 21:07:50,347 DEBUG                  - depth 1, hash f633f10, HEAD~457
2021-07-03 21:07:50,351 DEBUG                  - depth 2, hash 1dc2c61, HEAD~680
2021-07-03 21:07:50,356 DEBUG                  - depth 3, hash f15531c, HEAD~816
2021-07-03 21:07:50,360 DEBUG    [line range] com/fasterxml/jackson/core/util/TextBuffer.java emptyAndGetCurrentSegment 535:555
2021-07-03 21:07:50,390 DEBUG                  - depth 0, hash 0c8d86e, HEAD~436
2021-07-03 21:07:50,396 DEBUG                  - depth 1, hash 1dc2c61, HEAD~680
2021-07-03 21:07:50,400 DEBUG                  - depth 2, hash f15531c, HEAD~816
2021-07-03 21:07:50,405 DEBUG    [line range] com/fasterxml/jackson/core/util/TextBuffer.java releaseBuffers 134:148
2021-07-03 21:07:50,435 DEBUG                  - depth 0, hash f633f10, HEAD~457
2021-07-03 21:07:50,441 DEBUG                  - depth 1, hash f15531c, HEAD~816
2021-07-03 21:07:50,446 DEBUG    [line range] com/fasterxml/jackson/core/util/TextBuffer.java resetWithEmpty 154:168
2021-07-03 21:07:50,476 DEBUG                  - depth 0, hash f15531c, HEAD~816
2021-07-03 21:07:50,482 INFO     The number of BIC candidates: 97
