2021-07-03 21:05:23,628 INFO     Search BICs for /tmp/JacksonCore-7b/
2021-07-03 21:05:23,628 DEBUG    Reading the coverage of com.fasterxml.jackson.core.json.GeneratorFailTest::testFailOnWritingStringNotFieldNameBytes (failings)
2021-07-03 21:05:23,675 DEBUG    Reading the coverage of com.fasterxml.jackson.core.json.GeneratorFailTest::testFailOnWritingStringNotFieldNameChars (failings)
2021-07-03 21:05:23,734 INFO     Loaded 2x457 Coverage Matrix
2021-07-03 21:05:23,734 INFO     The number of total commits: 636
2021-07-03 21:05:24,027 DEBUG    [single line]   com/fasterxml/jackson/core/JsonEncoding.java <clinit> 18
2021-07-03 21:05:24,049 DEBUG                  - depth 0, hash f15531c, HEAD~630
2021-07-03 21:05:24,055 DEBUG    [single line]   com/fasterxml/jackson/core/JsonEncoding.java <clinit> 19
2021-07-03 21:05:24,077 DEBUG                  - depth 0, hash 347f237, HEAD~309
2021-07-03 21:05:24,082 DEBUG                  - depth 1, hash f15531c, HEAD~630
2021-07-03 21:05:24,086 DEBUG    [single line]   com/fasterxml/jackson/core/JsonEncoding.java <clinit> 20
2021-07-03 21:05:24,108 DEBUG                  - depth 0, hash 347f237, HEAD~309
2021-07-03 21:05:24,114 DEBUG                  - depth 1, hash f15531c, HEAD~630
2021-07-03 21:05:24,118 DEBUG    [single line]   com/fasterxml/jackson/core/JsonEncoding.java <clinit> 21
2021-07-03 21:05:24,141 DEBUG                  - depth 0, hash 347f237, HEAD~309
2021-07-03 21:05:24,146 DEBUG                  - depth 1, hash f15531c, HEAD~630
2021-07-03 21:05:24,150 DEBUG    [single line]   com/fasterxml/jackson/core/JsonEncoding.java <clinit> 22
2021-07-03 21:05:24,173 DEBUG                  - depth 0, hash 347f237, HEAD~309
2021-07-03 21:05:24,178 DEBUG                  - depth 1, hash f15531c, HEAD~630
2021-07-03 21:05:24,182 DEBUG    [single line]   com/fasterxml/jackson/core/JsonEncoding.java <clinit> 23
2021-07-03 21:05:24,205 DEBUG                  - depth 0, hash 347f237, HEAD~309
2021-07-03 21:05:24,210 DEBUG                  - depth 1, hash f15531c, HEAD~630
2021-07-03 21:05:24,214 DEBUG    [line range] com/fasterxml/jackson/core/JsonEncoding.java <init> 32:37
2021-07-03 21:05:24,236 DEBUG                  - depth 0, hash 347f237, HEAD~309
2021-07-03 21:05:24,241 DEBUG                  - depth 1, hash f15531c, HEAD~630
2021-07-03 21:05:24,685 DEBUG    [line range] com/fasterxml/jackson/core/JsonFactory.java <clinit> 148:148
2021-07-03 21:05:24,714 DEBUG                  - depth 0, hash 7b796a8, HEAD~393
2021-07-03 21:05:24,719 DEBUG                  - depth 1, hash 0735190, HEAD~604
2021-07-03 21:05:24,723 DEBUG    [line range] com/fasterxml/jackson/core/JsonFactory.java <init> 268:268
2021-07-03 21:05:24,753 DEBUG                  - depth 0, hash 2bba5dd, HEAD~242
2021-07-03 21:05:24,758 DEBUG                  - depth 1, hash 7b796a8, HEAD~393
2021-07-03 21:05:24,762 DEBUG                  - depth 2, hash f15531c, HEAD~630
2021-07-03 21:05:24,766 DEBUG    [line range] com/fasterxml/jackson/core/JsonFactory.java <init> 183:183
2021-07-03 21:05:24,795 DEBUG                  - depth 0, hash 95f76a4, HEAD~488
2021-07-03 21:05:24,800 DEBUG                  - depth 1, hash f15531c, HEAD~630
2021-07-03 21:05:24,805 DEBUG    [line range] com/fasterxml/jackson/core/JsonFactory.java <init> 270:270
2021-07-03 21:05:24,834 DEBUG                  - depth 0, hash f15531c, HEAD~630
2021-07-03 21:05:24,839 DEBUG    [line range] com/fasterxml/jackson/core/JsonFactory.java _createContext 1392:1394
2021-07-03 21:05:24,862 DEBUG                  - depth 0, hash 896000f, HEAD~213
2021-07-03 21:05:24,868 DEBUG    [line range] com/fasterxml/jackson/core/JsonFactory.java _createUTF8Generator 1283:1294
2021-07-03 21:05:24,897 DEBUG                  - depth 0, hash 6819492, HEAD~459
2021-07-03 21:05:24,902 DEBUG                  - depth 1, hash e6dfc69, HEAD~497
2021-07-03 21:05:24,907 DEBUG                  - depth 2, hash ec30027, HEAD~535
2021-07-03 21:05:24,911 DEBUG                  - depth 3, hash eeb2fbd, HEAD~550
2021-07-03 21:05:24,915 DEBUG                  - depth 4, hash f15531c, HEAD~630
2021-07-03 21:05:24,919 DEBUG    [line range] com/fasterxml/jackson/core/JsonFactory.java _decorate 1341:1349
2021-07-03 21:05:24,943 DEBUG                  - depth 0, hash 896000f, HEAD~213
2021-07-03 21:05:24,948 DEBUG    [line range] com/fasterxml/jackson/core/JsonFactory.java _getBufferRecycler 1376:1386
2021-07-03 21:05:24,977 DEBUG                  - depth 0, hash f15531c, HEAD~630
2021-07-03 21:05:24,982 DEBUG    [line range] com/fasterxml/jackson/core/JsonFactory.java createGenerator 1009:1020
2021-07-03 21:05:25,011 DEBUG                  - depth 0, hash 896000f, HEAD~213
2021-07-03 21:05:25,017 DEBUG                  - depth 1, hash 4ab04ce, HEAD~458
2021-07-03 21:05:25,021 DEBUG                  - depth 2, hash feaabd1, HEAD~524
2021-07-03 21:05:25,025 DEBUG                  - depth 3, hash f15531c, HEAD~630
2021-07-03 21:05:25,029 DEBUG    [line range] com/fasterxml/jackson/core/JsonFactory.java <init> 126:126
2021-07-03 21:05:25,058 DEBUG                  - depth 0, hash e15b9a8, HEAD~247
2021-07-03 21:05:25,063 DEBUG                  - depth 1, hash 0735190, HEAD~604
2021-07-03 21:05:25,067 DEBUG    [line range] com/fasterxml/jackson/core/JsonFactory.java collectDefaults 118:124
2021-07-03 21:05:25,096 DEBUG                  - depth 0, hash e15b9a8, HEAD~247
2021-07-03 21:05:25,102 DEBUG                  - depth 1, hash 0735190, HEAD~604
2021-07-03 21:05:25,106 DEBUG    [line range] com/fasterxml/jackson/core/JsonFactory.java enabledByDefault 128:128
2021-07-03 21:05:25,135 DEBUG                  - depth 0, hash 0735190, HEAD~604
2021-07-03 21:05:25,140 DEBUG    [line range] com/fasterxml/jackson/core/JsonFactory.java enabledIn 129:129
2021-07-03 21:05:25,169 DEBUG                  - depth 0, hash 0735190, HEAD~604
2021-07-03 21:05:25,174 DEBUG    [line range] com/fasterxml/jackson/core/JsonFactory.java getMask 130:130
2021-07-03 21:05:25,203 DEBUG                  - depth 0, hash 0735190, HEAD~604
2021-07-03 21:05:25,658 DEBUG    [line range] com/fasterxml/jackson/core/JsonGenerator.java <init> 249:249
2021-07-03 21:05:25,688 DEBUG                  - depth 0, hash f15531c, HEAD~630
2021-07-03 21:05:25,693 DEBUG    [single line]   com/fasterxml/jackson/core/JsonGenerator.java <clinit> 45
2021-07-03 21:05:25,723 DEBUG                  - depth 0, hash f15531c, HEAD~630
2021-07-03 21:05:25,728 DEBUG    [single line]   com/fasterxml/jackson/core/JsonGenerator.java <clinit> 59
2021-07-03 21:05:25,757 DEBUG                  - depth 0, hash 0735190, HEAD~604
2021-07-03 21:05:25,763 DEBUG                  - depth 1, hash 9fc55aa, HEAD~605
2021-07-03 21:05:25,767 DEBUG                  - depth 2, hash f15531c, HEAD~630
2021-07-03 21:05:25,771 DEBUG    [single line]   com/fasterxml/jackson/core/JsonGenerator.java <clinit> 71
2021-07-03 21:05:25,801 DEBUG                  - depth 0, hash 0735190, HEAD~604
2021-07-03 21:05:25,806 DEBUG                  - depth 1, hash 9fc55aa, HEAD~605
2021-07-03 21:05:25,810 DEBUG                  - depth 2, hash f15531c, HEAD~630
2021-07-03 21:05:25,814 DEBUG    [single line]   com/fasterxml/jackson/core/JsonGenerator.java <clinit> 82
2021-07-03 21:05:25,844 DEBUG                  - depth 0, hash 0735190, HEAD~604
2021-07-03 21:05:25,849 DEBUG                  - depth 1, hash 9fc55aa, HEAD~605
2021-07-03 21:05:25,853 DEBUG                  - depth 2, hash f15531c, HEAD~630
2021-07-03 21:05:25,858 DEBUG    [single line]   com/fasterxml/jackson/core/JsonGenerator.java <clinit> 96
2021-07-03 21:05:25,888 DEBUG                  - depth 0, hash 0735190, HEAD~604
2021-07-03 21:05:25,893 DEBUG                  - depth 1, hash 9fc55aa, HEAD~605
2021-07-03 21:05:25,897 DEBUG                  - depth 2, hash f15531c, HEAD~630
2021-07-03 21:05:25,901 DEBUG    [single line]   com/fasterxml/jackson/core/JsonGenerator.java <clinit> 113
2021-07-03 21:05:25,931 DEBUG                  - depth 0, hash 0735190, HEAD~604
2021-07-03 21:05:25,937 DEBUG                  - depth 1, hash 9fc55aa, HEAD~605
2021-07-03 21:05:25,941 DEBUG                  - depth 2, hash f15531c, HEAD~630
2021-07-03 21:05:25,945 DEBUG    [single line]   com/fasterxml/jackson/core/JsonGenerator.java <clinit> 125
2021-07-03 21:05:25,972 DEBUG                  - depth 0, hash 0dba714, HEAD~367
2021-07-03 21:05:25,978 DEBUG    [single line]   com/fasterxml/jackson/core/JsonGenerator.java <clinit> 138
2021-07-03 21:05:26,008 DEBUG                  - depth 0, hash 0735190, HEAD~604
2021-07-03 21:05:26,014 DEBUG                  - depth 1, hash 9fc55aa, HEAD~605
2021-07-03 21:05:26,018 DEBUG                  - depth 2, hash f15531c, HEAD~630
2021-07-03 21:05:26,022 DEBUG    [single line]   com/fasterxml/jackson/core/JsonGenerator.java <clinit> 155
2021-07-03 21:05:26,052 DEBUG                  - depth 0, hash 0735190, HEAD~604
2021-07-03 21:05:26,058 DEBUG                  - depth 1, hash 9fc55aa, HEAD~605
2021-07-03 21:05:26,062 DEBUG                  - depth 2, hash f15531c, HEAD~630
2021-07-03 21:05:26,066 DEBUG    [single line]   com/fasterxml/jackson/core/JsonGenerator.java <clinit> 172
2021-07-03 21:05:26,096 DEBUG                  - depth 0, hash f9ad80f, HEAD~301
2021-07-03 21:05:26,101 DEBUG                  - depth 1, hash f15531c, HEAD~630
2021-07-03 21:05:26,105 DEBUG    [single line]   com/fasterxml/jackson/core/JsonGenerator.java <clinit> 194
2021-07-03 21:05:26,135 DEBUG                  - depth 0, hash 27eb3c1, HEAD~63
2021-07-03 21:05:26,140 DEBUG                  - depth 1, hash f15531c, HEAD~630
2021-07-03 21:05:26,144 DEBUG    [line range] com/fasterxml/jackson/core/JsonGenerator.java <init> 215:218
2021-07-03 21:05:26,174 DEBUG                  - depth 0, hash 483e662, HEAD~60
2021-07-03 21:05:26,180 DEBUG                  - depth 1, hash 0735190, HEAD~604
2021-07-03 21:05:26,184 DEBUG                  - depth 2, hash 9fc55aa, HEAD~605
2021-07-03 21:05:26,188 DEBUG                  - depth 3, hash f15531c, HEAD~630
2021-07-03 21:05:26,192 DEBUG    [line range] com/fasterxml/jackson/core/JsonGenerator.java collectDefaults 204:213
2021-07-03 21:05:26,222 DEBUG                  - depth 0, hash f15531c, HEAD~630
2021-07-03 21:05:26,228 DEBUG    [line range] com/fasterxml/jackson/core/JsonGenerator.java enabledByDefault 220:220
2021-07-03 21:05:26,257 DEBUG                  - depth 0, hash f15531c, HEAD~630
2021-07-03 21:05:26,263 DEBUG    [line range] com/fasterxml/jackson/core/JsonGenerator.java enabledIn 225:225
2021-07-03 21:05:26,289 DEBUG                  - depth 0, hash f9ad80f, HEAD~301
2021-07-03 21:05:26,294 DEBUG    [line range] com/fasterxml/jackson/core/JsonGenerator.java getMask 227:227
2021-07-03 21:05:26,324 DEBUG                  - depth 0, hash f15531c, HEAD~630
2021-07-03 21:05:26,770 DEBUG    [single line]   com/fasterxml/jackson/core/JsonParser.java <clinit> 43
2021-07-03 21:05:26,800 DEBUG                  - depth 0, hash f15531c, HEAD~630
2021-07-03 21:05:26,806 DEBUG    [single line]   com/fasterxml/jackson/core/JsonParser.java <clinit> 59
2021-07-03 21:05:26,836 DEBUG                  - depth 0, hash 0735190, HEAD~604
2021-07-03 21:05:26,841 DEBUG                  - depth 1, hash 9fc55aa, HEAD~605
2021-07-03 21:05:26,845 DEBUG                  - depth 2, hash f15531c, HEAD~630
2021-07-03 21:05:26,849 DEBUG    [single line]   com/fasterxml/jackson/core/JsonParser.java <clinit> 75
2021-07-03 21:05:26,880 DEBUG                  - depth 0, hash 0735190, HEAD~604
2021-07-03 21:05:26,886 DEBUG                  - depth 1, hash 9fc55aa, HEAD~605
2021-07-03 21:05:26,890 DEBUG                  - depth 2, hash f15531c, HEAD~630
2021-07-03 21:05:26,894 DEBUG    [single line]   com/fasterxml/jackson/core/JsonParser.java <clinit> 89
2021-07-03 21:05:26,920 DEBUG                  - depth 0, hash 3f84224, HEAD~319
2021-07-03 21:05:26,925 DEBUG    [single line]   com/fasterxml/jackson/core/JsonParser.java <clinit> 100
2021-07-03 21:05:26,956 DEBUG                  - depth 0, hash 0735190, HEAD~604
2021-07-03 21:05:26,962 DEBUG                  - depth 1, hash 9fc55aa, HEAD~605
2021-07-03 21:05:26,966 DEBUG                  - depth 2, hash f15531c, HEAD~630
2021-07-03 21:05:26,970 DEBUG    [single line]   com/fasterxml/jackson/core/JsonParser.java <clinit> 113
2021-07-03 21:05:27,000 DEBUG                  - depth 0, hash 0735190, HEAD~604
2021-07-03 21:05:27,006 DEBUG                  - depth 1, hash 9fc55aa, HEAD~605
2021-07-03 21:05:27,010 DEBUG                  - depth 2, hash f15531c, HEAD~630
2021-07-03 21:05:27,014 DEBUG    [single line]   com/fasterxml/jackson/core/JsonParser.java <clinit> 126
2021-07-03 21:05:27,045 DEBUG                  - depth 0, hash 0735190, HEAD~604
2021-07-03 21:05:27,050 DEBUG                  - depth 1, hash 9fc55aa, HEAD~605
2021-07-03 21:05:27,055 DEBUG                  - depth 2, hash f15531c, HEAD~630
2021-07-03 21:05:27,059 DEBUG    [single line]   com/fasterxml/jackson/core/JsonParser.java <clinit> 137
2021-07-03 21:05:27,090 DEBUG                  - depth 0, hash 0735190, HEAD~604
2021-07-03 21:05:27,095 DEBUG                  - depth 1, hash 9fc55aa, HEAD~605
2021-07-03 21:05:27,099 DEBUG                  - depth 2, hash f15531c, HEAD~630
2021-07-03 21:05:27,103 DEBUG    [single line]   com/fasterxml/jackson/core/JsonParser.java <clinit> 149
2021-07-03 21:05:27,134 DEBUG                  - depth 0, hash 0735190, HEAD~604
2021-07-03 21:05:27,139 DEBUG                  - depth 1, hash 9fc55aa, HEAD~605
2021-07-03 21:05:27,143 DEBUG                  - depth 2, hash f15531c, HEAD~630
2021-07-03 21:05:27,148 DEBUG    [single line]   com/fasterxml/jackson/core/JsonParser.java <clinit> 169
2021-07-03 21:05:27,179 DEBUG                  - depth 0, hash 0735190, HEAD~604
2021-07-03 21:05:27,184 DEBUG                  - depth 1, hash 9fc55aa, HEAD~605
2021-07-03 21:05:27,188 DEBUG                  - depth 2, hash f15531c, HEAD~630
2021-07-03 21:05:27,192 DEBUG    [single line]   com/fasterxml/jackson/core/JsonParser.java <clinit> 187
2021-07-03 21:05:27,223 DEBUG                  - depth 0, hash 6fc0271, HEAD~303
2021-07-03 21:05:27,229 DEBUG                  - depth 1, hash f15531c, HEAD~630
2021-07-03 21:05:27,233 DEBUG    [line range] com/fasterxml/jackson/core/JsonParser.java <init> 212:215
2021-07-03 21:05:27,264 DEBUG                  - depth 0, hash f9ad80f, HEAD~301
2021-07-03 21:05:27,269 DEBUG                  - depth 1, hash 0735190, HEAD~604
2021-07-03 21:05:27,273 DEBUG                  - depth 2, hash 9fc55aa, HEAD~605
2021-07-03 21:05:27,277 DEBUG                  - depth 3, hash f15531c, HEAD~630
2021-07-03 21:05:27,282 DEBUG    [line range] com/fasterxml/jackson/core/JsonParser.java collectDefaults 201:210
2021-07-03 21:05:27,312 DEBUG                  - depth 0, hash f15531c, HEAD~630
2021-07-03 21:05:27,318 DEBUG    [line range] com/fasterxml/jackson/core/JsonParser.java enabledByDefault 217:217
2021-07-03 21:05:27,348 DEBUG                  - depth 0, hash f15531c, HEAD~630
2021-07-03 21:05:27,353 DEBUG    [line range] com/fasterxml/jackson/core/JsonParser.java getMask 224:224
2021-07-03 21:05:27,384 DEBUG                  - depth 0, hash 8b88443, HEAD~57
2021-07-03 21:05:27,390 DEBUG                  - depth 1, hash f15531c, HEAD~630
2021-07-03 21:05:27,707 DEBUG    [line range] com/fasterxml/jackson/core/JsonStreamContext.java <init> 43:43
2021-07-03 21:05:27,731 DEBUG                  - depth 0, hash f15531c, HEAD~630
2021-07-03 21:05:28,086 DEBUG    [line range] com/fasterxml/jackson/core/base/GeneratorBase.java <clinit> 29:32
2021-07-03 21:05:28,109 DEBUG                  - depth 0, hash 2a6f9f2, HEAD~58
2021-07-03 21:05:28,115 DEBUG                  - depth 1, hash 483e662, HEAD~60
2021-07-03 21:05:28,119 DEBUG    [line range] com/fasterxml/jackson/core/base/GeneratorBase.java <init> 81:89
2021-07-03 21:05:28,144 DEBUG                  - depth 0, hash 1e4a20b, HEAD~71
2021-07-03 21:05:28,149 DEBUG                  - depth 1, hash 32e4e91, HEAD~239
2021-07-03 21:05:28,154 DEBUG                  - depth 2, hash f9ad80f, HEAD~301
2021-07-03 21:05:28,158 DEBUG                  - depth 3, hash f15531c, HEAD~630
2021-07-03 21:05:28,162 DEBUG    [line range] com/fasterxml/jackson/core/base/GeneratorBase.java isEnabled 125:125
2021-07-03 21:05:28,185 DEBUG                  - depth 0, hash 074c506, HEAD~56
2021-07-03 21:05:28,541 DEBUG    [line range] com/fasterxml/jackson/core/io/CharTypes.java <clinit> 7:7
2021-07-03 21:05:28,563 DEBUG                  - depth 0, hash fedd795, HEAD~255
2021-07-03 21:05:28,569 DEBUG                  - depth 1, hash f15531c, HEAD~630
2021-07-03 21:05:28,574 DEBUG    [line range] com/fasterxml/jackson/core/io/CharTypes.java copyHexBytes 255:257
2021-07-03 21:05:28,597 DEBUG                  - depth 0, hash fedd795, HEAD~255
2021-07-03 21:05:28,602 DEBUG                  - depth 1, hash f15531c, HEAD~630
2021-07-03 21:05:28,607 DEBUG    [line range] com/fasterxml/jackson/core/io/CharTypes.java get7BitOutputEscapes 211:211
2021-07-03 21:05:28,630 DEBUG                  - depth 0, hash 1dc2c61, HEAD~494
2021-07-03 21:05:28,635 DEBUG                  - depth 1, hash f15531c, HEAD~630
2021-07-03 21:05:28,968 DEBUG    [line range] com/fasterxml/jackson/core/io/IOContext.java <init> 59:59
2021-07-03 21:05:28,992 DEBUG                  - depth 0, hash f15531c, HEAD~630
2021-07-03 21:05:28,997 DEBUG    [line range] com/fasterxml/jackson/core/io/IOContext.java _verifyAlloc 268:270
2021-07-03 21:05:29,020 DEBUG                  - depth 0, hash 4ceaba8, HEAD~115
2021-07-03 21:05:29,026 DEBUG                  - depth 1, hash 288b1f3, HEAD~254
2021-07-03 21:05:29,030 DEBUG                  - depth 2, hash a8bc72e, HEAD~259
2021-07-03 21:05:29,034 DEBUG                  - depth 3, hash 2343927, HEAD~420
2021-07-03 21:05:29,038 DEBUG    [line range] com/fasterxml/jackson/core/io/IOContext.java allocConcatBuffer 192:195
2021-07-03 21:05:29,062 DEBUG                  - depth 0, hash a8bc72e, HEAD~259
2021-07-03 21:05:29,067 DEBUG                  - depth 1, hash f633f10, HEAD~271
2021-07-03 21:05:29,072 DEBUG                  - depth 2, hash 2343927, HEAD~420
2021-07-03 21:05:29,076 DEBUG                  - depth 3, hash 1dc2c61, HEAD~494
2021-07-03 21:05:29,080 DEBUG                  - depth 4, hash f15531c, HEAD~630
2021-07-03 21:05:29,084 DEBUG    [line range] com/fasterxml/jackson/core/io/IOContext.java allocWriteEncodingBuffer 158:161
2021-07-03 21:05:29,108 DEBUG                  - depth 0, hash a8bc72e, HEAD~259
2021-07-03 21:05:29,113 DEBUG                  - depth 1, hash f633f10, HEAD~271
2021-07-03 21:05:29,117 DEBUG                  - depth 2, hash 2343927, HEAD~420
2021-07-03 21:05:29,122 DEBUG                  - depth 3, hash 1dc2c61, HEAD~494
2021-07-03 21:05:29,126 DEBUG                  - depth 4, hash f15531c, HEAD~630
2021-07-03 21:05:29,130 DEBUG    [line range] com/fasterxml/jackson/core/io/IOContext.java setEncoding 108:110
2021-07-03 21:05:29,153 DEBUG                  - depth 0, hash 2343927, HEAD~420
2021-07-03 21:05:29,159 DEBUG                  - depth 1, hash f15531c, HEAD~630
2021-07-03 21:05:29,506 DEBUG    [line range] com/fasterxml/jackson/core/io/SerializedString.java <init> 47:52
2021-07-03 21:05:29,529 DEBUG                  - depth 0, hash 95f76a4, HEAD~488
2021-07-03 21:05:29,535 DEBUG                  - depth 1, hash f15531c, HEAD~630
2021-07-03 21:05:29,844 DEBUG    [line range] com/fasterxml/jackson/core/json/JsonGeneratorImpl.java <clinit> 31:31
2021-07-03 21:05:29,867 DEBUG                  - depth 0, hash e6dfc69, HEAD~497
2021-07-03 21:05:29,872 DEBUG    [line range] com/fasterxml/jackson/core/json/JsonGeneratorImpl.java <init> 53:53
2021-07-03 21:05:29,894 DEBUG                  - depth 0, hash e6dfc69, HEAD~497
2021-07-03 21:05:30,222 DEBUG    [line range] com/fasterxml/jackson/core/json/JsonWriteContext.java <init> 38:38
2021-07-03 21:05:30,245 DEBUG                  - depth 0, hash f15531c, HEAD~630
2021-07-03 21:05:30,250 DEBUG    [line range] com/fasterxml/jackson/core/json/JsonWriteContext.java createRootContext 114:116
2021-07-03 21:05:30,273 DEBUG                  - depth 0, hash 483e662, HEAD~60
2021-07-03 21:05:30,278 DEBUG                  - depth 1, hash 007dccb, HEAD~246
2021-07-03 21:05:30,283 DEBUG                  - depth 2, hash f9ad80f, HEAD~301
2021-07-03 21:05:30,287 DEBUG    [line range] com/fasterxml/jackson/core/json/JsonWriteContext.java writeValue 166:185
2021-07-03 21:05:30,310 DEBUG                  - depth 0, hash 27eb3c1, HEAD~63
2021-07-03 21:05:30,315 DEBUG                  - depth 1, hash 007dccb, HEAD~246
2021-07-03 21:05:30,320 DEBUG                  - depth 2, hash 7dc9de6, HEAD~343
2021-07-03 21:05:30,324 DEBUG                  - depth 3, hash f15531c, HEAD~630
2021-07-03 21:05:30,823 DEBUG    [line range] com/fasterxml/jackson/core/json/UTF8JsonGenerator.java <clinit> 30:30
2021-07-03 21:05:30,852 DEBUG                  - depth 0, hash f15531c, HEAD~630
2021-07-03 21:05:30,858 DEBUG    [line range] com/fasterxml/jackson/core/json/UTF8JsonGenerator.java <init> 112:134
2021-07-03 21:05:30,887 DEBUG                  - depth 0, hash e600981, HEAD~173
2021-07-03 21:05:30,893 DEBUG                  - depth 1, hash 8fc4243, HEAD~295
2021-07-03 21:05:30,897 DEBUG                  - depth 2, hash e6dfc69, HEAD~497
2021-07-03 21:05:30,901 DEBUG                  - depth 3, hash f15531c, HEAD~630
2021-07-03 21:05:30,905 DEBUG    [line range] com/fasterxml/jackson/core/json/UTF8JsonGenerator.java <init> 57:57
2021-07-03 21:05:30,934 DEBUG                  - depth 0, hash f15531c, HEAD~630
2021-07-03 21:05:30,940 DEBUG    [line range] com/fasterxml/jackson/core/json/UTF8JsonGenerator.java _flushBuffer 1841:1848
2021-07-03 21:05:30,969 DEBUG                  - depth 0, hash f15531c, HEAD~630
2021-07-03 21:05:30,975 DEBUG    [line range] com/fasterxml/jackson/core/json/UTF8JsonGenerator.java _verifyValueWrite 961:999
2021-07-03 21:05:31,004 DEBUG                  - depth 0, hash e6dfc69, HEAD~497
2021-07-03 21:05:31,010 DEBUG                  - depth 1, hash f15531c, HEAD~630
2021-07-03 21:05:31,014 DEBUG    [line range] com/fasterxml/jackson/core/json/UTF8JsonGenerator.java _writeStringSegment 1219:1253
2021-07-03 21:05:31,044 DEBUG                  - depth 0, hash 75273be, HEAD~471
2021-07-03 21:05:31,050 DEBUG                  - depth 1, hash 6c842ae, HEAD~493
2021-07-03 21:05:31,054 DEBUG                  - depth 2, hash f15531c, HEAD~630
2021-07-03 21:05:31,058 DEBUG    [line range] com/fasterxml/jackson/core/json/UTF8JsonGenerator.java flush 1035:1045
2021-07-03 21:05:31,088 DEBUG                  - depth 0, hash 5db03b6, HEAD~294
2021-07-03 21:05:31,093 DEBUG                  - depth 1, hash f15531c, HEAD~630
2021-07-03 21:05:31,098 DEBUG    [line range] com/fasterxml/jackson/core/json/UTF8JsonGenerator.java writeStartObject 306:319
2021-07-03 21:05:31,127 DEBUG                  - depth 0, hash 3aa2414, HEAD~174
2021-07-03 21:05:31,133 DEBUG                  - depth 1, hash f15531c, HEAD~630
2021-07-03 21:05:31,137 DEBUG    [line range] com/fasterxml/jackson/core/json/UTF8JsonGenerator.java writeString 416:449
2021-07-03 21:05:31,167 DEBUG                  - depth 0, hash 07efb96, HEAD~172
2021-07-03 21:05:31,172 DEBUG                  - depth 1, hash e600981, HEAD~173
2021-07-03 21:05:31,176 DEBUG                  - depth 2, hash f15531c, HEAD~630
2021-07-03 21:05:31,626 DEBUG    [line range] com/fasterxml/jackson/core/sym/BytesToNameCanonicalizer.java <init> 268:289
2021-07-03 21:05:31,653 DEBUG                  - depth 0, hash 5004f15, HEAD~122
2021-07-03 21:05:31,659 DEBUG                  - depth 1, hash e17a4dd, HEAD~124
2021-07-03 21:05:31,663 DEBUG                  - depth 2, hash aefbe1d, HEAD~268
2021-07-03 21:05:31,667 DEBUG                  - depth 3, hash 9c13500, HEAD~269
2021-07-03 21:05:31,671 DEBUG                  - depth 4, hash 30f0352, HEAD~520
2021-07-03 21:05:31,676 DEBUG                  - depth 5, hash 3532520, HEAD~531
2021-07-03 21:05:31,680 DEBUG                  - depth 6, hash f15531c, HEAD~630
2021-07-03 21:05:31,684 DEBUG    [line range] com/fasterxml/jackson/core/sym/BytesToNameCanonicalizer.java createRoot 346:354
2021-07-03 21:05:31,710 DEBUG                  - depth 0, hash aefbe1d, HEAD~268
2021-07-03 21:05:31,715 DEBUG                  - depth 1, hash 321d809, HEAD~491
2021-07-03 21:05:31,720 DEBUG                  - depth 2, hash 9c9622d, HEAD~523
2021-07-03 21:05:31,724 DEBUG    [line range] com/fasterxml/jackson/core/sym/BytesToNameCanonicalizer.java createRoot 360:362
2021-07-03 21:05:31,751 DEBUG                  - depth 0, hash 5004f15, HEAD~122
2021-07-03 21:05:31,757 DEBUG                  - depth 1, hash e17a4dd, HEAD~124
2021-07-03 21:05:31,761 DEBUG                  - depth 2, hash aefbe1d, HEAD~268
2021-07-03 21:05:31,765 DEBUG                  - depth 3, hash 9c13500, HEAD~269
2021-07-03 21:05:31,770 DEBUG                  - depth 4, hash 9c9622d, HEAD~523
2021-07-03 21:05:31,774 DEBUG                  - depth 5, hash f15531c, HEAD~630
2021-07-03 21:05:31,778 DEBUG    [line range] com/fasterxml/jackson/core/sym/BytesToNameCanonicalizer.java initTableInfo 324:334
2021-07-03 21:05:31,805 DEBUG                  - depth 0, hash aefbe1d, HEAD~268
2021-07-03 21:05:31,811 DEBUG                  - depth 1, hash 30f0352, HEAD~520
2021-07-03 21:05:31,815 DEBUG                  - depth 2, hash bda3a91, HEAD~532
2021-07-03 21:05:31,819 DEBUG                  - depth 3, hash f15531c, HEAD~630
2021-07-03 21:05:31,824 DEBUG    [line range] com/fasterxml/jackson/core/sym/BytesToNameCanonicalizer.java <init> 1168:1179
2021-07-03 21:05:31,849 DEBUG                  - depth 0, hash 30f0352, HEAD~520
2021-07-03 21:05:32,250 DEBUG    [line range] com/fasterxml/jackson/core/sym/CharsToNameCanonicalizer.java <clinit> 93:93
2021-07-03 21:05:32,276 DEBUG                  - depth 0, hash 9318b80, HEAD~267
2021-07-03 21:05:32,282 DEBUG                  - depth 1, hash f15531c, HEAD~630
2021-07-03 21:05:32,286 DEBUG    [line range] com/fasterxml/jackson/core/sym/CharsToNameCanonicalizer.java <init> 236:245
2021-07-03 21:05:32,311 DEBUG                  - depth 0, hash 383bc8f, HEAD~125
2021-07-03 21:05:32,317 DEBUG                  - depth 1, hash 9318b80, HEAD~267
2021-07-03 21:05:32,321 DEBUG                  - depth 2, hash a7ec583, HEAD~534
2021-07-03 21:05:32,325 DEBUG                  - depth 3, hash f15531c, HEAD~630
2021-07-03 21:05:32,330 DEBUG    [line range] com/fasterxml/jackson/core/sym/CharsToNameCanonicalizer.java <init> 264:283
2021-07-03 21:05:32,355 DEBUG                  - depth 0, hash 383bc8f, HEAD~125
2021-07-03 21:05:32,361 DEBUG                  - depth 1, hash 9318b80, HEAD~267
2021-07-03 21:05:32,365 DEBUG                  - depth 2, hash bda3a91, HEAD~532
2021-07-03 21:05:32,369 DEBUG                  - depth 3, hash a7ec583, HEAD~534
2021-07-03 21:05:32,373 DEBUG                  - depth 4, hash f15531c, HEAD~630
2021-07-03 21:05:32,378 DEBUG    [line range] com/fasterxml/jackson/core/sym/CharsToNameCanonicalizer.java _thresholdSize 259:259
2021-07-03 21:05:32,403 DEBUG                  - depth 0, hash 9318b80, HEAD~267
2021-07-03 21:05:32,409 DEBUG                  - depth 1, hash 1dc2c61, HEAD~494
2021-07-03 21:05:32,413 DEBUG                  - depth 2, hash bda3a91, HEAD~532
2021-07-03 21:05:32,417 DEBUG    [line range] com/fasterxml/jackson/core/sym/CharsToNameCanonicalizer.java createRoot 219:227
2021-07-03 21:05:32,444 DEBUG                  - depth 0, hash 9318b80, HEAD~267
2021-07-03 21:05:32,449 DEBUG                  - depth 1, hash 321d809, HEAD~491
2021-07-03 21:05:32,454 DEBUG                  - depth 2, hash 3532520, HEAD~531
2021-07-03 21:05:32,458 DEBUG                  - depth 3, hash a7ec583, HEAD~534
2021-07-03 21:05:32,462 DEBUG                  - depth 4, hash f15531c, HEAD~630
2021-07-03 21:05:32,466 DEBUG    [line range] com/fasterxml/jackson/core/sym/CharsToNameCanonicalizer.java createRoot 229:231
2021-07-03 21:05:32,492 DEBUG                  - depth 0, hash a7ec583, HEAD~534
2021-07-03 21:05:32,498 DEBUG                  - depth 1, hash f15531c, HEAD~630
2021-07-03 21:05:32,502 DEBUG    [line range] com/fasterxml/jackson/core/sym/CharsToNameCanonicalizer.java initTables 247:257
2021-07-03 21:05:32,528 DEBUG                  - depth 0, hash bda3a91, HEAD~532
2021-07-03 21:05:32,534 DEBUG                  - depth 1, hash a7ec583, HEAD~534
2021-07-03 21:05:32,538 DEBUG                  - depth 2, hash f15531c, HEAD~630
2021-07-03 21:05:32,543 DEBUG    [line range] com/fasterxml/jackson/core/sym/CharsToNameCanonicalizer.java makeOrphan 319:321
2021-07-03 21:05:32,568 DEBUG                  - depth 0, hash 383bc8f, HEAD~125
2021-07-03 21:05:32,574 DEBUG                  - depth 1, hash 9318b80, HEAD~267
2021-07-03 21:05:32,578 DEBUG                  - depth 2, hash a7ec583, HEAD~534
2021-07-03 21:05:32,583 DEBUG                  - depth 3, hash f15531c, HEAD~630
2021-07-03 21:05:32,916 DEBUG    [line range] com/fasterxml/jackson/core/util/BufferRecycler.java <clinit> 45:45
2021-07-03 21:05:32,940 DEBUG                  - depth 0, hash 175a97b, HEAD~261
2021-07-03 21:05:32,946 DEBUG                  - depth 1, hash f633f10, HEAD~271
2021-07-03 21:05:32,951 DEBUG                  - depth 2, hash f15531c, HEAD~630
2021-07-03 21:05:32,955 DEBUG    [line range] com/fasterxml/jackson/core/util/BufferRecycler.java <init> 61:63
2021-07-03 21:05:32,978 DEBUG                  - depth 0, hash ebf0091, HEAD~258
2021-07-03 21:05:32,983 DEBUG                  - depth 1, hash f633f10, HEAD~271
2021-07-03 21:05:32,988 DEBUG                  - depth 2, hash f15531c, HEAD~630
2021-07-03 21:05:32,992 DEBUG    [line range] com/fasterxml/jackson/core/util/BufferRecycler.java <init> 71:74
2021-07-03 21:05:33,015 DEBUG                  - depth 0, hash ebf0091, HEAD~258
2021-07-03 21:05:33,021 DEBUG                  - depth 1, hash f15531c, HEAD~630
2021-07-03 21:05:33,025 DEBUG    [line range] com/fasterxml/jackson/core/util/BufferRecycler.java allocByteBuffer 85:87
2021-07-03 21:05:33,048 DEBUG                  - depth 0, hash ebf0091, HEAD~258
2021-07-03 21:05:33,054 DEBUG                  - depth 1, hash f633f10, HEAD~271
2021-07-03 21:05:33,058 DEBUG                  - depth 2, hash f15531c, HEAD~630
2021-07-03 21:05:33,062 DEBUG    [line range] com/fasterxml/jackson/core/util/BufferRecycler.java allocByteBuffer 89:101
2021-07-03 21:05:33,085 DEBUG                  - depth 0, hash 4ceaba8, HEAD~115
2021-07-03 21:05:33,091 DEBUG                  - depth 1, hash ebf0091, HEAD~258
2021-07-03 21:05:33,095 DEBUG                  - depth 2, hash f633f10, HEAD~271
2021-07-03 21:05:33,099 DEBUG                  - depth 3, hash f15531c, HEAD~630
2021-07-03 21:05:33,104 DEBUG    [line range] com/fasterxml/jackson/core/util/BufferRecycler.java allocCharBuffer 113:115
2021-07-03 21:05:33,127 DEBUG                  - depth 0, hash f633f10, HEAD~271
2021-07-03 21:05:33,132 DEBUG                  - depth 1, hash f15531c, HEAD~630
2021-07-03 21:05:33,136 DEBUG    [line range] com/fasterxml/jackson/core/util/BufferRecycler.java allocCharBuffer 117:129
2021-07-03 21:05:33,159 DEBUG                  - depth 0, hash ebf0091, HEAD~258
2021-07-03 21:05:33,165 DEBUG                  - depth 1, hash f633f10, HEAD~271
2021-07-03 21:05:33,169 DEBUG                  - depth 2, hash f15531c, HEAD~630
2021-07-03 21:05:33,174 DEBUG    [line range] com/fasterxml/jackson/core/util/BufferRecycler.java balloc 155:155
2021-07-03 21:05:33,197 DEBUG                  - depth 0, hash ebf0091, HEAD~258
2021-07-03 21:05:33,202 DEBUG                  - depth 1, hash f633f10, HEAD~271
2021-07-03 21:05:33,206 DEBUG                  - depth 2, hash 6c842ae, HEAD~493
2021-07-03 21:05:33,211 DEBUG                  - depth 3, hash f15531c, HEAD~630
2021-07-03 21:05:33,215 DEBUG    [line range] com/fasterxml/jackson/core/util/BufferRecycler.java byteBufferLength 141:143
2021-07-03 21:05:33,238 DEBUG                  - depth 0, hash ebf0091, HEAD~258
2021-07-03 21:05:33,243 DEBUG    [line range] com/fasterxml/jackson/core/util/BufferRecycler.java calloc 156:156
2021-07-03 21:05:33,266 DEBUG                  - depth 0, hash ebf0091, HEAD~258
2021-07-03 21:05:33,272 DEBUG                  - depth 1, hash f633f10, HEAD~271
2021-07-03 21:05:33,276 DEBUG                  - depth 2, hash 6c842ae, HEAD~493
2021-07-03 21:05:33,280 DEBUG                  - depth 3, hash f15531c, HEAD~630
2021-07-03 21:05:33,285 DEBUG    [line range] com/fasterxml/jackson/core/util/BufferRecycler.java charBufferLength 145:147
2021-07-03 21:05:33,307 DEBUG                  - depth 0, hash ebf0091, HEAD~258
2021-07-03 21:05:33,655 DEBUG    [line range] com/fasterxml/jackson/core/util/DefaultPrettyPrinter.java <clinit> 28:28
2021-07-03 21:05:33,678 DEBUG                  - depth 0, hash e6dfc69, HEAD~497
2021-07-03 21:05:33,684 DEBUG    [line range] com/fasterxml/jackson/core/JsonFactory.java _createGenerator 1259:1271
2021-07-03 21:05:33,712 DEBUG                  - depth 0, hash efc2367, HEAD~262
2021-07-03 21:05:33,718 DEBUG                  - depth 1, hash 6819492, HEAD~459
2021-07-03 21:05:33,722 DEBUG                  - depth 2, hash e6dfc69, HEAD~497
2021-07-03 21:05:33,726 DEBUG                  - depth 3, hash ec30027, HEAD~535
2021-07-03 21:05:33,731 DEBUG                  - depth 4, hash eeb2fbd, HEAD~550
2021-07-03 21:05:33,735 DEBUG                  - depth 5, hash f15531c, HEAD~630
2021-07-03 21:05:33,739 DEBUG    [line range] com/fasterxml/jackson/core/JsonFactory.java _decorate 1354:1362
2021-07-03 21:05:33,763 DEBUG                  - depth 0, hash 896000f, HEAD~213
2021-07-03 21:05:33,769 DEBUG    [line range] com/fasterxml/jackson/core/JsonFactory.java createGenerator 1049:1052
2021-07-03 21:05:33,798 DEBUG                  - depth 0, hash 896000f, HEAD~213
2021-07-03 21:05:33,804 DEBUG                  - depth 1, hash b0a2e19, HEAD~217
2021-07-03 21:05:33,808 DEBUG                  - depth 2, hash 4ab04ce, HEAD~458
2021-07-03 21:05:33,812 DEBUG                  - depth 3, hash feaabd1, HEAD~524
2021-07-03 21:05:33,817 DEBUG                  - depth 4, hash f15531c, HEAD~630
2021-07-03 21:05:33,821 DEBUG    [line range] com/fasterxml/jackson/core/io/CharTypes.java copyHexChars 251:253
2021-07-03 21:05:33,844 DEBUG                  - depth 0, hash fedd795, HEAD~255
2021-07-03 21:05:33,850 DEBUG                  - depth 1, hash f15531c, HEAD~630
2021-07-03 21:05:34,345 DEBUG    [line range] com/fasterxml/jackson/core/json/WriterBasedJsonGenerator.java <clinit> 19:19
2021-07-03 21:05:34,374 DEBUG                  - depth 0, hash f15531c, HEAD~630
2021-07-03 21:05:34,379 DEBUG    [line range] com/fasterxml/jackson/core/json/WriterBasedJsonGenerator.java <init> 38:38
2021-07-03 21:05:34,408 DEBUG                  - depth 0, hash f15531c, HEAD~630
2021-07-03 21:05:34,413 DEBUG    [line range] com/fasterxml/jackson/core/json/WriterBasedJsonGenerator.java _flushBuffer 1873:1881
2021-07-03 21:05:34,442 DEBUG                  - depth 0, hash 1dc2c61, HEAD~494
2021-07-03 21:05:34,448 DEBUG                  - depth 1, hash f15531c, HEAD~630
2021-07-03 21:05:34,452 DEBUG    [line range] com/fasterxml/jackson/core/json/WriterBasedJsonGenerator.java _verifyValueWrite 756:790
2021-07-03 21:05:34,482 DEBUG                  - depth 0, hash 3b1a36b, HEAD~175
2021-07-03 21:05:34,488 DEBUG                  - depth 1, hash 15f909b, HEAD~176
2021-07-03 21:05:34,492 DEBUG                  - depth 2, hash 1dc2c61, HEAD~494
2021-07-03 21:05:34,496 DEBUG                  - depth 3, hash e6dfc69, HEAD~497
2021-07-03 21:05:34,500 DEBUG                  - depth 4, hash f15531c, HEAD~630
2021-07-03 21:05:34,505 DEBUG    [line range] com/fasterxml/jackson/core/json/WriterBasedJsonGenerator.java _writeString 900:927
2021-07-03 21:05:34,533 DEBUG                  - depth 0, hash 15f909b, HEAD~176
2021-07-03 21:05:34,539 DEBUG                  - depth 1, hash f15531c, HEAD~630
2021-07-03 21:05:34,544 DEBUG    [line range] com/fasterxml/jackson/core/json/WriterBasedJsonGenerator.java _writeString2 929:964
2021-07-03 21:05:34,572 DEBUG                  - depth 0, hash 15f909b, HEAD~176
2021-07-03 21:05:34,578 DEBUG                  - depth 1, hash f15531c, HEAD~630
2021-07-03 21:05:34,582 DEBUG    [line range] com/fasterxml/jackson/core/json/WriterBasedJsonGenerator.java flush 830:839
2021-07-03 21:05:34,611 DEBUG                  - depth 0, hash 15f909b, HEAD~176
2021-07-03 21:05:34,617 DEBUG                  - depth 1, hash 1dc2c61, HEAD~494
2021-07-03 21:05:34,621 DEBUG                  - depth 2, hash f15531c, HEAD~630
2021-07-03 21:05:34,625 DEBUG    [line range] com/fasterxml/jackson/core/json/WriterBasedJsonGenerator.java writeStartObject 156:169
2021-07-03 21:05:34,653 DEBUG                  - depth 0, hash 1dc2c61, HEAD~494
2021-07-03 21:05:34,659 DEBUG                  - depth 1, hash f15531c, HEAD~630
2021-07-03 21:05:34,663 DEBUG    [line range] com/fasterxml/jackson/core/json/WriterBasedJsonGenerator.java writeString 319:337
2021-07-03 21:05:34,691 DEBUG                  - depth 0, hash 3aa2414, HEAD~174
2021-07-03 21:05:34,697 DEBUG                  - depth 1, hash f15531c, HEAD~630
2021-07-03 21:05:34,701 INFO     The number of BIC candidates: 60
