2021-07-03 21:10:36,202 INFO     Search BICs for /tmp/JacksonCore-18b/
2021-07-03 21:10:36,202 DEBUG    Reading the coverage of com.fasterxml.jackson.core.json.TestJsonGeneratorFeatures::testTooBigBigDecimal (failings)
2021-07-03 21:10:36,254 INFO     Loaded 1x398 Coverage Matrix
2021-07-03 21:10:36,254 INFO     The number of total commits: 981
2021-07-03 21:10:36,730 DEBUG    [line range] com/fasterxml/jackson/core/JsonFactory.java <clinit> 160:160
2021-07-03 21:10:36,772 DEBUG                  - depth 0, hash 7b796a8, HEAD~738
2021-07-03 21:10:36,778 DEBUG                  - depth 1, hash 0735190, HEAD~949
2021-07-03 21:10:36,782 DEBUG    [line range] com/fasterxml/jackson/core/JsonFactory.java <init> 282:282
2021-07-03 21:10:36,823 DEBUG                  - depth 0, hash 2bba5dd, HEAD~587
2021-07-03 21:10:36,828 DEBUG                  - depth 1, hash 7b796a8, HEAD~738
2021-07-03 21:10:36,833 DEBUG                  - depth 2, hash f15531c, HEAD~975
2021-07-03 21:10:36,837 DEBUG    [line range] com/fasterxml/jackson/core/JsonFactory.java <init> 195:195
2021-07-03 21:10:36,877 DEBUG                  - depth 0, hash 95f76a4, HEAD~833
2021-07-03 21:10:36,882 DEBUG                  - depth 1, hash f15531c, HEAD~975
2021-07-03 21:10:36,886 DEBUG    [line range] com/fasterxml/jackson/core/JsonFactory.java <init> 284:284
2021-07-03 21:10:36,926 DEBUG                  - depth 0, hash f15531c, HEAD~975
2021-07-03 21:10:36,931 DEBUG    [line range] com/fasterxml/jackson/core/JsonFactory.java _createContext 1449:1451
2021-07-03 21:10:36,966 DEBUG                  - depth 0, hash 896000f, HEAD~558
2021-07-03 21:10:36,972 DEBUG    [line range] com/fasterxml/jackson/core/JsonFactory.java _createGenerator 1306:1318
2021-07-03 21:10:37,012 DEBUG                  - depth 0, hash efc2367, HEAD~607
2021-07-03 21:10:37,017 DEBUG                  - depth 1, hash 6819492, HEAD~804
2021-07-03 21:10:37,022 DEBUG                  - depth 2, hash e6dfc69, HEAD~842
2021-07-03 21:10:37,026 DEBUG                  - depth 3, hash ec30027, HEAD~880
2021-07-03 21:10:37,030 DEBUG                  - depth 4, hash eeb2fbd, HEAD~895
2021-07-03 21:10:37,034 DEBUG                  - depth 5, hash f15531c, HEAD~975
2021-07-03 21:10:37,038 DEBUG    [line range] com/fasterxml/jackson/core/JsonFactory.java _decorate 1401:1409
2021-07-03 21:10:37,074 DEBUG                  - depth 0, hash 896000f, HEAD~558
2021-07-03 21:10:37,080 DEBUG    [line range] com/fasterxml/jackson/core/JsonFactory.java _getBufferRecycler 1423:1443
2021-07-03 21:10:37,121 DEBUG                  - depth 0, hash 8891c0c, HEAD~209
2021-07-03 21:10:37,126 DEBUG                  - depth 1, hash f15531c, HEAD~975
2021-07-03 21:10:37,131 DEBUG    [line range] com/fasterxml/jackson/core/JsonFactory.java createGenerator 1117:1120
2021-07-03 21:10:37,172 DEBUG                  - depth 0, hash 896000f, HEAD~558
2021-07-03 21:10:37,177 DEBUG                  - depth 1, hash b0a2e19, HEAD~562
2021-07-03 21:10:37,181 DEBUG                  - depth 2, hash 4ab04ce, HEAD~803
2021-07-03 21:10:37,185 DEBUG                  - depth 3, hash feaabd1, HEAD~869
2021-07-03 21:10:37,189 DEBUG                  - depth 4, hash f15531c, HEAD~975
2021-07-03 21:10:37,194 DEBUG    [line range] com/fasterxml/jackson/core/JsonFactory.java enable 631:634
2021-07-03 21:10:37,235 DEBUG                  - depth 0, hash f15531c, HEAD~975
2021-07-03 21:10:37,241 DEBUG    [line range] com/fasterxml/jackson/core/JsonFactory.java isEnabled 553:555
2021-07-03 21:10:37,282 DEBUG                  - depth 0, hash 0735190, HEAD~949
2021-07-03 21:10:37,287 DEBUG    [line range] com/fasterxml/jackson/core/JsonFactory.java <init> 138:138
2021-07-03 21:10:37,328 DEBUG                  - depth 0, hash e15b9a8, HEAD~592
2021-07-03 21:10:37,334 DEBUG                  - depth 1, hash 0735190, HEAD~949
2021-07-03 21:10:37,338 DEBUG    [line range] com/fasterxml/jackson/core/JsonFactory.java collectDefaults 130:136
2021-07-03 21:10:37,379 DEBUG                  - depth 0, hash e15b9a8, HEAD~592
2021-07-03 21:10:37,385 DEBUG                  - depth 1, hash 0735190, HEAD~949
2021-07-03 21:10:37,389 DEBUG    [line range] com/fasterxml/jackson/core/JsonFactory.java enabledByDefault 140:140
2021-07-03 21:10:37,430 DEBUG                  - depth 0, hash 0735190, HEAD~949
2021-07-03 21:10:37,436 DEBUG    [line range] com/fasterxml/jackson/core/JsonFactory.java enabledIn 141:141
2021-07-03 21:10:37,476 DEBUG                  - depth 0, hash 0735190, HEAD~949
2021-07-03 21:10:37,482 DEBUG    [line range] com/fasterxml/jackson/core/JsonFactory.java getMask 142:142
2021-07-03 21:10:37,523 DEBUG                  - depth 0, hash 0735190, HEAD~949
2021-07-03 21:10:37,960 DEBUG    [line range] com/fasterxml/jackson/core/JsonGenerator.java <init> 267:267
2021-07-03 21:10:38,003 DEBUG                  - depth 0, hash f15531c, HEAD~975
2021-07-03 21:10:38,009 DEBUG    [single line]   com/fasterxml/jackson/core/JsonGenerator.java <clinit> 33
2021-07-03 21:10:38,051 DEBUG                  - depth 0, hash f15531c, HEAD~975
2021-07-03 21:10:38,056 DEBUG    [single line]   com/fasterxml/jackson/core/JsonGenerator.java <clinit> 49
2021-07-03 21:10:38,099 DEBUG                  - depth 0, hash 0735190, HEAD~949
2021-07-03 21:10:38,104 DEBUG                  - depth 1, hash 9fc55aa, HEAD~950
2021-07-03 21:10:38,108 DEBUG                  - depth 2, hash f15531c, HEAD~975
2021-07-03 21:10:38,112 DEBUG    [single line]   com/fasterxml/jackson/core/JsonGenerator.java <clinit> 61
2021-07-03 21:10:38,157 DEBUG                  - depth 0, hash 0735190, HEAD~949
2021-07-03 21:10:38,162 DEBUG                  - depth 1, hash 9fc55aa, HEAD~950
2021-07-03 21:10:38,166 DEBUG                  - depth 2, hash f15531c, HEAD~975
2021-07-03 21:10:38,170 DEBUG    [single line]   com/fasterxml/jackson/core/JsonGenerator.java <clinit> 74
2021-07-03 21:10:38,205 DEBUG                  - depth 0, hash afef47a, HEAD~255
2021-07-03 21:10:38,210 DEBUG    [single line]   com/fasterxml/jackson/core/JsonGenerator.java <clinit> 87
2021-07-03 21:10:38,253 DEBUG                  - depth 0, hash 0735190, HEAD~949
2021-07-03 21:10:38,258 DEBUG                  - depth 1, hash 9fc55aa, HEAD~950
2021-07-03 21:10:38,262 DEBUG                  - depth 2, hash f15531c, HEAD~975
2021-07-03 21:10:38,266 DEBUG    [single line]   com/fasterxml/jackson/core/JsonGenerator.java <clinit> 101
2021-07-03 21:10:38,309 DEBUG                  - depth 0, hash 0735190, HEAD~949
2021-07-03 21:10:38,315 DEBUG                  - depth 1, hash 9fc55aa, HEAD~950
2021-07-03 21:10:38,319 DEBUG                  - depth 2, hash f15531c, HEAD~975
2021-07-03 21:10:38,323 DEBUG    [single line]   com/fasterxml/jackson/core/JsonGenerator.java <clinit> 118
2021-07-03 21:10:38,366 DEBUG                  - depth 0, hash 0735190, HEAD~949
2021-07-03 21:10:38,371 DEBUG                  - depth 1, hash 9fc55aa, HEAD~950
2021-07-03 21:10:38,376 DEBUG                  - depth 2, hash f15531c, HEAD~975
2021-07-03 21:10:38,380 DEBUG    [single line]   com/fasterxml/jackson/core/JsonGenerator.java <clinit> 130
2021-07-03 21:10:38,420 DEBUG                  - depth 0, hash 0dba714, HEAD~712
2021-07-03 21:10:38,425 DEBUG    [single line]   com/fasterxml/jackson/core/JsonGenerator.java <clinit> 147
2021-07-03 21:10:38,468 DEBUG                  - depth 0, hash 0735190, HEAD~949
2021-07-03 21:10:38,474 DEBUG                  - depth 1, hash 9fc55aa, HEAD~950
2021-07-03 21:10:38,478 DEBUG                  - depth 2, hash f15531c, HEAD~975
2021-07-03 21:10:38,482 DEBUG    [single line]   com/fasterxml/jackson/core/JsonGenerator.java <clinit> 190
2021-07-03 21:10:38,524 DEBUG                  - depth 0, hash f9ad80f, HEAD~646
2021-07-03 21:10:38,530 DEBUG                  - depth 1, hash f15531c, HEAD~975
2021-07-03 21:10:38,534 DEBUG    [single line]   com/fasterxml/jackson/core/JsonGenerator.java <clinit> 212
2021-07-03 21:10:38,577 DEBUG                  - depth 0, hash 27eb3c1, HEAD~408
2021-07-03 21:10:38,582 DEBUG                  - depth 1, hash f15531c, HEAD~975
2021-07-03 21:10:38,586 DEBUG    [line range] com/fasterxml/jackson/core/JsonGenerator.java <init> 233:236
2021-07-03 21:10:38,630 DEBUG                  - depth 0, hash 483e662, HEAD~405
2021-07-03 21:10:38,635 DEBUG                  - depth 1, hash 0735190, HEAD~949
2021-07-03 21:10:38,639 DEBUG                  - depth 2, hash 9fc55aa, HEAD~950
2021-07-03 21:10:38,643 DEBUG                  - depth 3, hash f15531c, HEAD~975
2021-07-03 21:10:38,648 DEBUG    [line range] com/fasterxml/jackson/core/JsonGenerator.java collectDefaults 222:231
2021-07-03 21:10:38,691 DEBUG                  - depth 0, hash f15531c, HEAD~975
2021-07-03 21:10:38,696 DEBUG    [line range] com/fasterxml/jackson/core/JsonGenerator.java enabledByDefault 238:238
2021-07-03 21:10:38,738 DEBUG                  - depth 0, hash f15531c, HEAD~975
2021-07-03 21:10:38,744 DEBUG    [line range] com/fasterxml/jackson/core/JsonGenerator.java enabledIn 243:243
2021-07-03 21:10:38,782 DEBUG                  - depth 0, hash f9ad80f, HEAD~646
2021-07-03 21:10:38,788 DEBUG    [line range] com/fasterxml/jackson/core/JsonGenerator.java getMask 245:245
2021-07-03 21:10:38,830 DEBUG                  - depth 0, hash f15531c, HEAD~975
2021-07-03 21:10:39,238 DEBUG    [single line]   com/fasterxml/jackson/core/JsonParser.java <clinit> 43
2021-07-03 21:10:39,280 DEBUG                  - depth 0, hash f15531c, HEAD~975
2021-07-03 21:10:39,285 DEBUG    [single line]   com/fasterxml/jackson/core/JsonParser.java <clinit> 59
2021-07-03 21:10:39,327 DEBUG                  - depth 0, hash 0735190, HEAD~949
2021-07-03 21:10:39,333 DEBUG                  - depth 1, hash 9fc55aa, HEAD~950
2021-07-03 21:10:39,337 DEBUG                  - depth 2, hash f15531c, HEAD~975
2021-07-03 21:10:39,341 DEBUG    [single line]   com/fasterxml/jackson/core/JsonParser.java <clinit> 75
2021-07-03 21:10:39,384 DEBUG                  - depth 0, hash 0735190, HEAD~949
2021-07-03 21:10:39,389 DEBUG                  - depth 1, hash 9fc55aa, HEAD~950
2021-07-03 21:10:39,394 DEBUG                  - depth 2, hash f15531c, HEAD~975
2021-07-03 21:10:39,398 DEBUG    [single line]   com/fasterxml/jackson/core/JsonParser.java <clinit> 89
2021-07-03 21:10:39,436 DEBUG                  - depth 0, hash 3f84224, HEAD~664
2021-07-03 21:10:39,441 DEBUG    [single line]   com/fasterxml/jackson/core/JsonParser.java <clinit> 100
2021-07-03 21:10:39,484 DEBUG                  - depth 0, hash 0735190, HEAD~949
2021-07-03 21:10:39,489 DEBUG                  - depth 1, hash 9fc55aa, HEAD~950
2021-07-03 21:10:39,493 DEBUG                  - depth 2, hash f15531c, HEAD~975
2021-07-03 21:10:39,498 DEBUG    [single line]   com/fasterxml/jackson/core/JsonParser.java <clinit> 113
2021-07-03 21:10:39,541 DEBUG                  - depth 0, hash 0735190, HEAD~949
2021-07-03 21:10:39,546 DEBUG                  - depth 1, hash 9fc55aa, HEAD~950
2021-07-03 21:10:39,550 DEBUG                  - depth 2, hash f15531c, HEAD~975
2021-07-03 21:10:39,555 DEBUG    [single line]   com/fasterxml/jackson/core/JsonParser.java <clinit> 126
2021-07-03 21:10:39,598 DEBUG                  - depth 0, hash 0735190, HEAD~949
2021-07-03 21:10:39,603 DEBUG                  - depth 1, hash 9fc55aa, HEAD~950
2021-07-03 21:10:39,608 DEBUG                  - depth 2, hash f15531c, HEAD~975
2021-07-03 21:10:39,612 DEBUG    [single line]   com/fasterxml/jackson/core/JsonParser.java <clinit> 137
2021-07-03 21:10:39,654 DEBUG                  - depth 0, hash 0735190, HEAD~949
2021-07-03 21:10:39,660 DEBUG                  - depth 1, hash 9fc55aa, HEAD~950
2021-07-03 21:10:39,664 DEBUG                  - depth 2, hash f15531c, HEAD~975
2021-07-03 21:10:39,668 DEBUG    [single line]   com/fasterxml/jackson/core/JsonParser.java <clinit> 149
2021-07-03 21:10:39,710 DEBUG                  - depth 0, hash 0735190, HEAD~949
2021-07-03 21:10:39,716 DEBUG                  - depth 1, hash 9fc55aa, HEAD~950
2021-07-03 21:10:39,720 DEBUG                  - depth 2, hash f15531c, HEAD~975
2021-07-03 21:10:39,724 DEBUG    [single line]   com/fasterxml/jackson/core/JsonParser.java <clinit> 169
2021-07-03 21:10:39,767 DEBUG                  - depth 0, hash 0735190, HEAD~949
2021-07-03 21:10:39,773 DEBUG                  - depth 1, hash 9fc55aa, HEAD~950
2021-07-03 21:10:39,777 DEBUG                  - depth 2, hash f15531c, HEAD~975
2021-07-03 21:10:39,781 DEBUG    [single line]   com/fasterxml/jackson/core/JsonParser.java <clinit> 187
2021-07-03 21:10:39,823 DEBUG                  - depth 0, hash 6fc0271, HEAD~648
2021-07-03 21:10:39,828 DEBUG                  - depth 1, hash f15531c, HEAD~975
2021-07-03 21:10:39,832 DEBUG    [single line]   com/fasterxml/jackson/core/JsonParser.java <clinit> 211
2021-07-03 21:10:39,876 DEBUG                  - depth 0, hash dbaf193, HEAD~299
2021-07-03 21:10:39,881 DEBUG                  - depth 1, hash f15531c, HEAD~975
2021-07-03 21:10:39,886 DEBUG    [line range] com/fasterxml/jackson/core/JsonParser.java <init> 236:239
2021-07-03 21:10:39,928 DEBUG                  - depth 0, hash f9ad80f, HEAD~646
2021-07-03 21:10:39,933 DEBUG                  - depth 1, hash 0735190, HEAD~949
2021-07-03 21:10:39,937 DEBUG                  - depth 2, hash 9fc55aa, HEAD~950
2021-07-03 21:10:39,942 DEBUG                  - depth 3, hash f15531c, HEAD~975
2021-07-03 21:10:39,946 DEBUG    [line range] com/fasterxml/jackson/core/JsonParser.java collectDefaults 225:234
2021-07-03 21:10:39,988 DEBUG                  - depth 0, hash f15531c, HEAD~975
2021-07-03 21:10:39,994 DEBUG    [line range] com/fasterxml/jackson/core/JsonParser.java enabledByDefault 241:241
2021-07-03 21:10:40,035 DEBUG                  - depth 0, hash f15531c, HEAD~975
2021-07-03 21:10:40,041 DEBUG    [line range] com/fasterxml/jackson/core/JsonParser.java getMask 248:248
2021-07-03 21:10:40,083 DEBUG                  - depth 0, hash 8b88443, HEAD~402
2021-07-03 21:10:40,088 DEBUG                  - depth 1, hash f15531c, HEAD~975
2021-07-03 21:10:40,389 DEBUG    [line range] com/fasterxml/jackson/core/JsonStreamContext.java <init> 43:43
2021-07-03 21:10:40,422 DEBUG                  - depth 0, hash f15531c, HEAD~975
2021-07-03 21:10:40,427 DEBUG    [line range] com/fasterxml/jackson/core/JsonStreamContext.java inArray 61:61
2021-07-03 21:10:40,459 DEBUG                  - depth 0, hash f15531c, HEAD~975
2021-07-03 21:10:40,465 DEBUG    [line range] com/fasterxml/jackson/core/JsonStreamContext.java inObject 74:74
2021-07-03 21:10:40,497 DEBUG                  - depth 0, hash f15531c, HEAD~975
2021-07-03 21:10:40,864 DEBUG    [line range] com/fasterxml/jackson/core/base/GeneratorBase.java <clinit> 29:33
2021-07-03 21:10:40,898 DEBUG                  - depth 0, hash d58d420, HEAD~50
2021-07-03 21:10:40,903 DEBUG                  - depth 1, hash 2a6f9f2, HEAD~403
2021-07-03 21:10:40,907 DEBUG                  - depth 2, hash 483e662, HEAD~405
2021-07-03 21:10:40,912 DEBUG    [line range] com/fasterxml/jackson/core/base/GeneratorBase.java <init> 91:99
2021-07-03 21:10:40,947 DEBUG                  - depth 0, hash 1e4a20b, HEAD~416
2021-07-03 21:10:40,952 DEBUG                  - depth 1, hash 32e4e91, HEAD~584
2021-07-03 21:10:40,956 DEBUG                  - depth 2, hash f9ad80f, HEAD~646
2021-07-03 21:10:40,960 DEBUG                  - depth 3, hash f15531c, HEAD~975
2021-07-03 21:10:40,965 DEBUG    [line range] com/fasterxml/jackson/core/base/GeneratorBase.java close 382:382
2021-07-03 21:10:41,000 DEBUG                  - depth 0, hash 32e4e91, HEAD~584
2021-07-03 21:10:41,006 DEBUG                  - depth 1, hash f15531c, HEAD~975
2021-07-03 21:10:41,010 DEBUG    [line range] com/fasterxml/jackson/core/base/GeneratorBase.java getOutputContext 256:256
2021-07-03 21:10:41,045 DEBUG                  - depth 0, hash 1e262f6, HEAD~23
2021-07-03 21:10:41,050 DEBUG                  - depth 1, hash 32e4e91, HEAD~584
2021-07-03 21:10:41,054 DEBUG                  - depth 2, hash f15531c, HEAD~975
2021-07-03 21:10:41,058 DEBUG    [line range] com/fasterxml/jackson/core/base/GeneratorBase.java isEnabled 136:136
2021-07-03 21:10:41,091 DEBUG                  - depth 0, hash 074c506, HEAD~401
2021-07-03 21:10:41,450 DEBUG    [line range] com/fasterxml/jackson/core/io/CharTypes.java <clinit> 7:7
2021-07-03 21:10:41,483 DEBUG                  - depth 0, hash fedd795, HEAD~600
2021-07-03 21:10:41,488 DEBUG                  - depth 1, hash f15531c, HEAD~975
2021-07-03 21:10:41,494 DEBUG    [line range] com/fasterxml/jackson/core/io/CharTypes.java copyHexChars 251:253
2021-07-03 21:10:41,526 DEBUG                  - depth 0, hash fedd795, HEAD~600
2021-07-03 21:10:41,531 DEBUG                  - depth 1, hash f15531c, HEAD~975
2021-07-03 21:10:41,535 DEBUG    [line range] com/fasterxml/jackson/core/io/CharTypes.java get7BitOutputEscapes 211:211
2021-07-03 21:10:41,569 DEBUG                  - depth 0, hash 1dc2c61, HEAD~839
2021-07-03 21:10:41,574 DEBUG                  - depth 1, hash f15531c, HEAD~975
2021-07-03 21:10:41,930 DEBUG    [line range] com/fasterxml/jackson/core/io/IOContext.java <init> 101:106
2021-07-03 21:10:41,964 DEBUG                  - depth 0, hash f15531c, HEAD~975
2021-07-03 21:10:41,969 DEBUG    [line range] com/fasterxml/jackson/core/io/IOContext.java _verifyAlloc 268:270
2021-07-03 21:10:42,002 DEBUG                  - depth 0, hash 4ceaba8, HEAD~460
2021-07-03 21:10:42,007 DEBUG                  - depth 1, hash 288b1f3, HEAD~599
2021-07-03 21:10:42,012 DEBUG                  - depth 2, hash a8bc72e, HEAD~604
2021-07-03 21:10:42,016 DEBUG                  - depth 3, hash 2343927, HEAD~765
2021-07-03 21:10:42,020 DEBUG    [line range] com/fasterxml/jackson/core/io/IOContext.java _verifyRelease 276:278
2021-07-03 21:10:42,053 DEBUG                  - depth 0, hash 4ceaba8, HEAD~460
2021-07-03 21:10:42,058 DEBUG                  - depth 1, hash 288b1f3, HEAD~599
2021-07-03 21:10:42,063 DEBUG    [line range] com/fasterxml/jackson/core/io/IOContext.java allocConcatBuffer 192:195
2021-07-03 21:10:42,097 DEBUG                  - depth 0, hash a8bc72e, HEAD~604
2021-07-03 21:10:42,102 DEBUG                  - depth 1, hash f633f10, HEAD~616
2021-07-03 21:10:42,106 DEBUG                  - depth 2, hash 2343927, HEAD~765
2021-07-03 21:10:42,111 DEBUG                  - depth 3, hash 1dc2c61, HEAD~839
2021-07-03 21:10:42,115 DEBUG                  - depth 4, hash f15531c, HEAD~975
2021-07-03 21:10:42,119 DEBUG    [line range] com/fasterxml/jackson/core/io/IOContext.java isResourceManaged 128:128
2021-07-03 21:10:42,153 DEBUG                  - depth 0, hash 1dc2c61, HEAD~839
2021-07-03 21:10:42,158 DEBUG                  - depth 1, hash f15531c, HEAD~975
2021-07-03 21:10:42,163 DEBUG    [line range] com/fasterxml/jackson/core/io/IOContext.java releaseConcatBuffer 244:251
2021-07-03 21:10:42,196 DEBUG                  - depth 0, hash 288b1f3, HEAD~599
2021-07-03 21:10:42,202 DEBUG                  - depth 1, hash a8bc72e, HEAD~604
2021-07-03 21:10:42,206 DEBUG                  - depth 2, hash f633f10, HEAD~616
2021-07-03 21:10:42,210 DEBUG                  - depth 3, hash 2343927, HEAD~765
2021-07-03 21:10:42,214 DEBUG                  - depth 4, hash 1dc2c61, HEAD~839
2021-07-03 21:10:42,218 DEBUG                  - depth 5, hash f15531c, HEAD~975
2021-07-03 21:10:42,572 DEBUG    [line range] com/fasterxml/jackson/core/io/SerializedString.java <init> 49:54
2021-07-03 21:10:42,605 DEBUG                  - depth 0, hash 95f76a4, HEAD~833
2021-07-03 21:10:42,611 DEBUG                  - depth 1, hash f15531c, HEAD~975
2021-07-03 21:10:42,940 DEBUG    [line range] com/fasterxml/jackson/core/json/JsonGeneratorImpl.java <clinit> 31:31
2021-07-03 21:10:42,973 DEBUG                  - depth 0, hash e6dfc69, HEAD~842
2021-07-03 21:10:42,979 DEBUG    [line range] com/fasterxml/jackson/core/json/JsonGeneratorImpl.java <init> 53:53
2021-07-03 21:10:43,012 DEBUG                  - depth 0, hash e6dfc69, HEAD~842
2021-07-03 21:10:43,351 DEBUG    [line range] com/fasterxml/jackson/core/json/JsonWriteContext.java <init> 69:75
2021-07-03 21:10:43,385 DEBUG                  - depth 0, hash 007dccb, HEAD~591
2021-07-03 21:10:43,390 DEBUG                  - depth 1, hash f9ad80f, HEAD~646
2021-07-03 21:10:43,394 DEBUG                  - depth 2, hash f15531c, HEAD~975
2021-07-03 21:10:43,398 DEBUG    [line range] com/fasterxml/jackson/core/json/JsonWriteContext.java clearAndGetParent 149:153
2021-07-03 21:10:43,430 DEBUG                  - depth 0, hash b4567ca, HEAD~81
2021-07-03 21:10:43,436 DEBUG    [line range] com/fasterxml/jackson/core/json/JsonWriteContext.java createChildArrayContext 118:125
2021-07-03 21:10:43,469 DEBUG                  - depth 0, hash 007dccb, HEAD~591
2021-07-03 21:10:43,475 DEBUG                  - depth 1, hash f9ad80f, HEAD~646
2021-07-03 21:10:43,479 DEBUG                  - depth 2, hash 7dc9de6, HEAD~688
2021-07-03 21:10:43,483 DEBUG                  - depth 3, hash f15531c, HEAD~975
2021-07-03 21:10:43,487 DEBUG    [line range] com/fasterxml/jackson/core/json/JsonWriteContext.java createRootContext 114:116
2021-07-03 21:10:43,521 DEBUG                  - depth 0, hash 483e662, HEAD~405
2021-07-03 21:10:43,526 DEBUG                  - depth 1, hash 007dccb, HEAD~591
2021-07-03 21:10:43,530 DEBUG                  - depth 2, hash f9ad80f, HEAD~646
2021-07-03 21:10:43,534 DEBUG    [line range] com/fasterxml/jackson/core/json/JsonWriteContext.java writeValue 182:204
2021-07-03 21:10:43,568 DEBUG                  - depth 0, hash 5cddffa, HEAD~341
2021-07-03 21:10:43,573 DEBUG                  - depth 1, hash 27eb3c1, HEAD~408
2021-07-03 21:10:43,577 DEBUG                  - depth 2, hash 007dccb, HEAD~591
2021-07-03 21:10:43,582 DEBUG                  - depth 3, hash 7dc9de6, HEAD~688
2021-07-03 21:10:43,586 DEBUG                  - depth 4, hash f15531c, HEAD~975
2021-07-03 21:10:44,083 DEBUG    [line range] com/fasterxml/jackson/core/json/WriterBasedJsonGenerator.java <clinit> 19:19
2021-07-03 21:10:44,125 DEBUG                  - depth 0, hash f15531c, HEAD~975
2021-07-03 21:10:44,131 DEBUG    [line range] com/fasterxml/jackson/core/json/WriterBasedJsonGenerator.java <init> 71:78
2021-07-03 21:10:44,172 DEBUG                  - depth 0, hash e6dfc69, HEAD~842
2021-07-03 21:10:44,177 DEBUG                  - depth 1, hash 48d2609, HEAD~965
2021-07-03 21:10:44,181 DEBUG                  - depth 2, hash f15531c, HEAD~975
2021-07-03 21:10:44,186 DEBUG    [line range] com/fasterxml/jackson/core/json/WriterBasedJsonGenerator.java _flushBuffer 1874:1882
2021-07-03 21:10:44,228 DEBUG                  - depth 0, hash 1dc2c61, HEAD~839
2021-07-03 21:10:44,233 DEBUG                  - depth 1, hash f15531c, HEAD~975
2021-07-03 21:10:44,237 DEBUG    [line range] com/fasterxml/jackson/core/json/WriterBasedJsonGenerator.java _releaseBuffers 885:893
2021-07-03 21:10:44,277 DEBUG                  - depth 0, hash f15531c, HEAD~975
2021-07-03 21:10:44,283 DEBUG    [line range] com/fasterxml/jackson/core/json/WriterBasedJsonGenerator.java _verifyValueWrite 756:790
2021-07-03 21:10:44,324 DEBUG                  - depth 0, hash 3b1a36b, HEAD~520
2021-07-03 21:10:44,329 DEBUG                  - depth 1, hash 15f909b, HEAD~521
2021-07-03 21:10:44,334 DEBUG                  - depth 2, hash 1dc2c61, HEAD~839
2021-07-03 21:10:44,338 DEBUG                  - depth 3, hash e6dfc69, HEAD~842
2021-07-03 21:10:44,342 DEBUG                  - depth 4, hash f15531c, HEAD~975
2021-07-03 21:10:44,346 DEBUG    [line range] com/fasterxml/jackson/core/json/WriterBasedJsonGenerator.java close 841:883
2021-07-03 21:10:44,387 DEBUG                  - depth 0, hash 46b4f02, HEAD~191
2021-07-03 21:10:44,393 DEBUG                  - depth 1, hash f15531c, HEAD~975
2021-07-03 21:10:44,398 DEBUG    [line range] com/fasterxml/jackson/core/json/WriterBasedJsonGenerator.java writeEndArray 212:227
2021-07-03 21:10:44,439 DEBUG                  - depth 0, hash b4567ca, HEAD~81
2021-07-03 21:10:44,444 DEBUG                  - depth 1, hash 1dc2c61, HEAD~839
2021-07-03 21:10:44,448 DEBUG                  - depth 2, hash f15531c, HEAD~975
2021-07-03 21:10:44,453 DEBUG    [line range] com/fasterxml/jackson/core/json/WriterBasedJsonGenerator.java writeNumber 679:694
2021-07-03 21:10:44,496 DEBUG                  - depth 0, hash 2f41bb3, HEAD~287
2021-07-03 21:10:44,502 DEBUG                  - depth 1, hash fca10e3, HEAD~289
2021-07-03 21:10:44,506 DEBUG                  - depth 2, hash 5cddffa, HEAD~341
2021-07-03 21:10:44,510 DEBUG                  - depth 3, hash abb4089, HEAD~522
2021-07-03 21:10:44,514 DEBUG                  - depth 4, hash 0dba714, HEAD~712
2021-07-03 21:10:44,518 DEBUG                  - depth 5, hash f15531c, HEAD~975
2021-07-03 21:10:44,523 DEBUG    [line range] com/fasterxml/jackson/core/json/WriterBasedJsonGenerator.java writeRaw 402:420
2021-07-03 21:10:44,563 DEBUG                  - depth 0, hash 3aa2414, HEAD~519
2021-07-03 21:10:44,569 DEBUG                  - depth 1, hash f15531c, HEAD~975
2021-07-03 21:10:44,573 DEBUG    [line range] com/fasterxml/jackson/core/json/WriterBasedJsonGenerator.java writeRawLong 474:497
2021-07-03 21:10:44,614 DEBUG                  - depth 0, hash 3aa2414, HEAD~519
2021-07-03 21:10:44,620 DEBUG                  - depth 1, hash f15531c, HEAD~975
2021-07-03 21:10:44,625 DEBUG    [line range] com/fasterxml/jackson/core/json/WriterBasedJsonGenerator.java writeStartArray 197:210
2021-07-03 21:10:44,666 DEBUG                  - depth 0, hash 1dc2c61, HEAD~839
2021-07-03 21:10:44,672 DEBUG                  - depth 1, hash f15531c, HEAD~975
2021-07-03 21:10:45,133 DEBUG    [line range] com/fasterxml/jackson/core/sym/ByteQuadsCanonicalizer.java <init> 222:242
2021-07-03 21:10:45,173 DEBUG                  - depth 0, hash 791e288, HEAD~325
2021-07-03 21:10:45,178 DEBUG    [line range] com/fasterxml/jackson/core/sym/ByteQuadsCanonicalizer.java _calcTertiaryShift 1190:1207
2021-07-03 21:10:45,215 DEBUG                  - depth 0, hash 86b31e7, HEAD~262
2021-07-03 21:10:45,220 DEBUG                  - depth 1, hash aa65eaa, HEAD~314
2021-07-03 21:10:45,225 DEBUG                  - depth 2, hash 6b9505b, HEAD~316
2021-07-03 21:10:45,229 DEBUG    [line range] com/fasterxml/jackson/core/sym/ByteQuadsCanonicalizer.java createRoot 284:292
2021-07-03 21:10:45,267 DEBUG                  - depth 0, hash 791e288, HEAD~325
2021-07-03 21:10:45,273 DEBUG    [line range] com/fasterxml/jackson/core/sym/ByteQuadsCanonicalizer.java createRoot 298:300
2021-07-03 21:10:45,311 DEBUG                  - depth 0, hash 791e288, HEAD~325
2021-07-03 21:10:45,316 DEBUG    [line range] com/fasterxml/jackson/core/sym/ByteQuadsCanonicalizer.java <init> 1232:1242
2021-07-03 21:10:45,355 DEBUG                  - depth 0, hash 6b9505b, HEAD~316
2021-07-03 21:10:45,360 DEBUG                  - depth 1, hash 30a2670, HEAD~320
2021-07-03 21:10:45,365 DEBUG                  - depth 2, hash 3a00c86, HEAD~324
2021-07-03 21:10:45,369 DEBUG                  - depth 3, hash 791e288, HEAD~325
2021-07-03 21:10:45,374 DEBUG    [line range] com/fasterxml/jackson/core/sym/ByteQuadsCanonicalizer.java createInitial 1255:1267
2021-07-03 21:10:45,412 DEBUG                  - depth 0, hash a71a00e, HEAD~164
2021-07-03 21:10:45,418 DEBUG                  - depth 1, hash 6b9505b, HEAD~316
2021-07-03 21:10:45,422 DEBUG                  - depth 2, hash 30a2670, HEAD~320
2021-07-03 21:10:45,426 DEBUG                  - depth 3, hash 6c629a8, HEAD~323
2021-07-03 21:10:45,430 DEBUG                  - depth 4, hash 3a00c86, HEAD~324
2021-07-03 21:10:45,435 DEBUG                  - depth 5, hash 791e288, HEAD~325
2021-07-03 21:10:45,834 DEBUG    [line range] com/fasterxml/jackson/core/sym/CharsToNameCanonicalizer.java <clinit> 93:93
2021-07-03 21:10:45,870 DEBUG                  - depth 0, hash 9318b80, HEAD~612
2021-07-03 21:10:45,876 DEBUG                  - depth 1, hash f15531c, HEAD~975
2021-07-03 21:10:45,880 DEBUG    [line range] com/fasterxml/jackson/core/sym/CharsToNameCanonicalizer.java <init> 236:245
2021-07-03 21:10:45,916 DEBUG                  - depth 0, hash 383bc8f, HEAD~470
2021-07-03 21:10:45,922 DEBUG                  - depth 1, hash 9318b80, HEAD~612
2021-07-03 21:10:45,926 DEBUG                  - depth 2, hash a7ec583, HEAD~879
2021-07-03 21:10:45,930 DEBUG                  - depth 3, hash f15531c, HEAD~975
2021-07-03 21:10:45,935 DEBUG    [line range] com/fasterxml/jackson/core/sym/CharsToNameCanonicalizer.java <init> 264:283
2021-07-03 21:10:45,972 DEBUG                  - depth 0, hash 383bc8f, HEAD~470
2021-07-03 21:10:45,977 DEBUG                  - depth 1, hash 9318b80, HEAD~612
2021-07-03 21:10:45,982 DEBUG                  - depth 2, hash bda3a91, HEAD~877
2021-07-03 21:10:45,986 DEBUG                  - depth 3, hash a7ec583, HEAD~879
2021-07-03 21:10:45,990 DEBUG                  - depth 4, hash f15531c, HEAD~975
2021-07-03 21:10:45,995 DEBUG    [line range] com/fasterxml/jackson/core/sym/CharsToNameCanonicalizer.java _thresholdSize 259:259
2021-07-03 21:10:46,030 DEBUG                  - depth 0, hash 9318b80, HEAD~612
2021-07-03 21:10:46,036 DEBUG                  - depth 1, hash 1dc2c61, HEAD~839
2021-07-03 21:10:46,040 DEBUG                  - depth 2, hash bda3a91, HEAD~877
2021-07-03 21:10:46,044 DEBUG    [line range] com/fasterxml/jackson/core/sym/CharsToNameCanonicalizer.java createRoot 219:227
2021-07-03 21:10:46,080 DEBUG                  - depth 0, hash 9318b80, HEAD~612
2021-07-03 21:10:46,086 DEBUG                  - depth 1, hash 321d809, HEAD~836
2021-07-03 21:10:46,090 DEBUG                  - depth 2, hash 3532520, HEAD~876
2021-07-03 21:10:46,094 DEBUG                  - depth 3, hash a7ec583, HEAD~879
2021-07-03 21:10:46,099 DEBUG                  - depth 4, hash f15531c, HEAD~975
2021-07-03 21:10:46,103 DEBUG    [line range] com/fasterxml/jackson/core/sym/CharsToNameCanonicalizer.java createRoot 229:231
2021-07-03 21:10:46,140 DEBUG                  - depth 0, hash a7ec583, HEAD~879
2021-07-03 21:10:46,145 DEBUG                  - depth 1, hash f15531c, HEAD~975
2021-07-03 21:10:46,150 DEBUG    [line range] com/fasterxml/jackson/core/sym/CharsToNameCanonicalizer.java initTables 247:257
2021-07-03 21:10:46,186 DEBUG                  - depth 0, hash bda3a91, HEAD~877
2021-07-03 21:10:46,192 DEBUG                  - depth 1, hash a7ec583, HEAD~879
2021-07-03 21:10:46,196 DEBUG                  - depth 2, hash f15531c, HEAD~975
2021-07-03 21:10:46,201 DEBUG    [line range] com/fasterxml/jackson/core/sym/CharsToNameCanonicalizer.java makeOrphan 319:321
2021-07-03 21:10:46,237 DEBUG                  - depth 0, hash 383bc8f, HEAD~470
2021-07-03 21:10:46,243 DEBUG                  - depth 1, hash 9318b80, HEAD~612
2021-07-03 21:10:46,247 DEBUG                  - depth 2, hash a7ec583, HEAD~879
2021-07-03 21:10:46,251 DEBUG                  - depth 3, hash f15531c, HEAD~975
2021-07-03 21:10:46,581 DEBUG    [line range] com/fasterxml/jackson/core/util/BufferRecycler.java <clinit> 45:45
2021-07-03 21:10:46,614 DEBUG                  - depth 0, hash 175a97b, HEAD~606
2021-07-03 21:10:46,619 DEBUG                  - depth 1, hash f633f10, HEAD~616
2021-07-03 21:10:46,624 DEBUG                  - depth 2, hash f15531c, HEAD~975
2021-07-03 21:10:46,628 DEBUG    [line range] com/fasterxml/jackson/core/util/BufferRecycler.java <init> 61:63
2021-07-03 21:10:46,661 DEBUG                  - depth 0, hash ebf0091, HEAD~603
2021-07-03 21:10:46,667 DEBUG                  - depth 1, hash f633f10, HEAD~616
2021-07-03 21:10:46,671 DEBUG                  - depth 2, hash f15531c, HEAD~975
2021-07-03 21:10:46,675 DEBUG    [line range] com/fasterxml/jackson/core/util/BufferRecycler.java <init> 71:74
2021-07-03 21:10:46,708 DEBUG                  - depth 0, hash ebf0091, HEAD~603
2021-07-03 21:10:46,714 DEBUG                  - depth 1, hash f15531c, HEAD~975
2021-07-03 21:10:46,719 DEBUG    [line range] com/fasterxml/jackson/core/util/BufferRecycler.java allocCharBuffer 113:115
2021-07-03 21:10:46,751 DEBUG                  - depth 0, hash f633f10, HEAD~616
2021-07-03 21:10:46,757 DEBUG                  - depth 1, hash f15531c, HEAD~975
2021-07-03 21:10:46,761 DEBUG    [line range] com/fasterxml/jackson/core/util/BufferRecycler.java allocCharBuffer 117:129
2021-07-03 21:10:46,793 DEBUG                  - depth 0, hash ebf0091, HEAD~603
2021-07-03 21:10:46,799 DEBUG                  - depth 1, hash f633f10, HEAD~616
2021-07-03 21:10:46,803 DEBUG                  - depth 2, hash f15531c, HEAD~975
2021-07-03 21:10:46,808 DEBUG    [line range] com/fasterxml/jackson/core/util/BufferRecycler.java calloc 156:156
2021-07-03 21:10:46,840 DEBUG                  - depth 0, hash ebf0091, HEAD~603
2021-07-03 21:10:46,846 DEBUG                  - depth 1, hash f633f10, HEAD~616
2021-07-03 21:10:46,850 DEBUG                  - depth 2, hash 6c842ae, HEAD~838
2021-07-03 21:10:46,854 DEBUG                  - depth 3, hash f15531c, HEAD~975
2021-07-03 21:10:46,859 DEBUG    [line range] com/fasterxml/jackson/core/util/BufferRecycler.java charBufferLength 145:147
2021-07-03 21:10:46,891 DEBUG                  - depth 0, hash ebf0091, HEAD~603
2021-07-03 21:10:46,897 DEBUG    [line range] com/fasterxml/jackson/core/util/BufferRecycler.java releaseCharBuffer 131:133
2021-07-03 21:10:46,930 DEBUG                  - depth 0, hash ebf0091, HEAD~603
2021-07-03 21:10:46,936 DEBUG                  - depth 1, hash f633f10, HEAD~616
2021-07-03 21:10:46,940 DEBUG                  - depth 2, hash f15531c, HEAD~975
2021-07-03 21:10:47,281 DEBUG    [line range] com/fasterxml/jackson/core/util/DefaultPrettyPrinter.java <clinit> 28:28
2021-07-03 21:10:47,315 DEBUG                  - depth 0, hash e6dfc69, HEAD~842
2021-07-03 21:10:47,321 INFO     The number of BIC candidates: 68
