2021-07-04 03:32:57,776 INFO     Search BICs for /tmp/JacksonDatabind-99b/
2021-07-04 03:32:57,776 DEBUG    Reading the coverage of com.fasterxml.jackson.databind.type.TestTypeFactory::testCanonicalNames (failings)
2021-07-04 03:32:57,808 INFO     Loaded 1x401 Coverage Matrix
2021-07-04 03:32:57,809 INFO     The number of total commits: 3636
2021-07-04 03:32:58,168 DEBUG    [line range] com/fasterxml/jackson/databind/JavaType.java <init> 76:84
2021-07-04 03:32:58,372 DEBUG                  - depth 0, hash 0e1e878, HEAD~2391
2021-07-04 03:32:58,378 DEBUG                  - depth 1, hash 43307b4, HEAD~2780
2021-07-04 03:32:58,382 DEBUG                  - depth 2, hash fcb1c25, HEAD~3628
2021-07-04 03:32:58,386 DEBUG                  - depth 3, hash d92c1ed, HEAD~3629
2021-07-04 03:32:58,391 DEBUG    [line range] com/fasterxml/jackson/databind/JavaType.java hasHandlers 489:491
2021-07-04 03:32:58,592 DEBUG                  - depth 0, hash cdc404d, HEAD~408
2021-07-04 03:32:58,598 DEBUG    [line range] com/fasterxml/jackson/databind/JavaType.java hashCode 561:562
2021-07-04 03:32:58,808 DEBUG                  - depth 0, hash 0e1e878, HEAD~2391
2021-07-04 03:32:58,814 DEBUG                  - depth 1, hash d92c1ed, HEAD~3629
2021-07-04 03:32:59,113 DEBUG    [line range] com/fasterxml/jackson/databind/type/ClassStack.java <init> 24:27
2021-07-04 03:32:59,324 DEBUG                  - depth 0, hash e4875de, HEAD~1044
2021-07-04 03:32:59,329 DEBUG    [line range] com/fasterxml/jackson/databind/type/ClassStack.java <init> 20:22
2021-07-04 03:32:59,539 DEBUG                  - depth 0, hash e4875de, HEAD~1044
2021-07-04 03:32:59,544 DEBUG    [line range] com/fasterxml/jackson/databind/type/ClassStack.java child 32:34
2021-07-04 03:32:59,752 DEBUG                  - depth 0, hash e4875de, HEAD~1044
2021-07-04 03:32:59,757 DEBUG    [line range] com/fasterxml/jackson/databind/type/ClassStack.java find 62:71
2021-07-04 03:32:59,973 DEBUG                  - depth 0, hash e4875de, HEAD~1044
2021-07-04 03:32:59,978 DEBUG    [line range] com/fasterxml/jackson/databind/type/ClassStack.java resolveSelfReferences 53:60
2021-07-04 03:33:00,196 DEBUG                  - depth 0, hash e4875de, HEAD~1044
2021-07-04 03:33:00,537 DEBUG    [line range] com/fasterxml/jackson/databind/type/CollectionLikeType.java <init> 30:37
2021-07-04 03:33:00,737 DEBUG                  - depth 0, hash 07d946c, HEAD~1040
2021-07-04 03:33:00,742 DEBUG                  - depth 1, hash 43307b4, HEAD~2780
2021-07-04 03:33:00,747 DEBUG                  - depth 2, hash e4f23bb, HEAD~3634
2021-07-04 03:33:00,751 DEBUG    [line range] com/fasterxml/jackson/databind/type/CollectionLikeType.java buildCanonicalName 211:221
2021-07-04 03:33:00,953 DEBUG                  - depth 0, hash e4f23bb, HEAD~3634
2021-07-04 03:33:00,959 DEBUG    [line range] com/fasterxml/jackson/databind/type/CollectionLikeType.java equals 245:254
2021-07-04 03:33:01,159 DEBUG                  - depth 0, hash e4f23bb, HEAD~3634
2021-07-04 03:33:01,164 DEBUG    [line range] com/fasterxml/jackson/databind/type/CollectionLikeType.java hasHandlers 192:195
2021-07-04 03:33:01,371 DEBUG                  - depth 0, hash cdc404d, HEAD~408
2021-07-04 03:33:01,376 DEBUG                  - depth 1, hash 74c451b, HEAD~1033
2021-07-04 03:33:01,698 DEBUG    [line range] com/fasterxml/jackson/databind/type/CollectionType.java <init> 21:26
2021-07-04 03:33:01,899 DEBUG                  - depth 0, hash 07d946c, HEAD~1040
2021-07-04 03:33:01,904 DEBUG                  - depth 1, hash 43307b4, HEAD~2780
2021-07-04 03:33:01,908 DEBUG                  - depth 2, hash e4f23bb, HEAD~3634
2021-07-04 03:33:01,912 DEBUG    [line range] com/fasterxml/jackson/databind/type/CollectionType.java construct 38:42
2021-07-04 03:33:02,114 DEBUG                  - depth 0, hash 3571575, HEAD~1000
2021-07-04 03:33:02,120 DEBUG                  - depth 1, hash 07d946c, HEAD~1040
2021-07-04 03:33:02,124 DEBUG                  - depth 2, hash 43307b4, HEAD~2780
2021-07-04 03:33:02,128 DEBUG                  - depth 3, hash e4f23bb, HEAD~3634
2021-07-04 03:33:02,132 DEBUG    [line range] com/fasterxml/jackson/databind/type/CollectionType.java refine 117:123
2021-07-04 03:33:02,333 DEBUG                  - depth 0, hash d0da14d, HEAD~1032
2021-07-04 03:33:02,339 DEBUG                  - depth 1, hash 4a21628, HEAD~1038
2021-07-04 03:33:02,343 DEBUG                  - depth 2, hash 07d946c, HEAD~1040
2021-07-04 03:33:02,347 DEBUG                  - depth 3, hash 2944617, HEAD~1996
2021-07-04 03:33:02,700 DEBUG    [line range] com/fasterxml/jackson/databind/type/MapLikeType.java <init> 35:43
2021-07-04 03:33:02,903 DEBUG                  - depth 0, hash 21a2e4b, HEAD~827
2021-07-04 03:33:02,908 DEBUG                  - depth 1, hash 07d946c, HEAD~1040
2021-07-04 03:33:02,912 DEBUG                  - depth 2, hash 43307b4, HEAD~2780
2021-07-04 03:33:02,916 DEBUG                  - depth 3, hash e4f23bb, HEAD~3634
2021-07-04 03:33:02,920 DEBUG    [line range] com/fasterxml/jackson/databind/type/MapLikeType.java buildCanonicalName 188:200
2021-07-04 03:33:03,121 DEBUG                  - depth 0, hash 07d946c, HEAD~1040
2021-07-04 03:33:03,127 DEBUG                  - depth 1, hash e4f23bb, HEAD~3634
2021-07-04 03:33:03,131 DEBUG    [line range] com/fasterxml/jackson/databind/type/MapLikeType.java equals 298:307
2021-07-04 03:33:03,331 DEBUG                  - depth 0, hash cdc404d, HEAD~408
2021-07-04 03:33:03,337 DEBUG                  - depth 1, hash 21a2e4b, HEAD~827
2021-07-04 03:33:03,341 DEBUG                  - depth 2, hash e4f23bb, HEAD~3634
2021-07-04 03:33:03,345 DEBUG    [line range] com/fasterxml/jackson/databind/type/MapLikeType.java hasHandlers 238:242
2021-07-04 03:33:03,551 DEBUG                  - depth 0, hash cdc404d, HEAD~408
2021-07-04 03:33:03,556 DEBUG                  - depth 1, hash 74c451b, HEAD~1033
2021-07-04 03:33:03,887 DEBUG    [line range] com/fasterxml/jackson/databind/type/MapType.java <init> 20:25
2021-07-04 03:33:04,089 DEBUG                  - depth 0, hash 07d946c, HEAD~1040
2021-07-04 03:33:04,094 DEBUG                  - depth 1, hash 43307b4, HEAD~2780
2021-07-04 03:33:04,099 DEBUG                  - depth 2, hash e4f23bb, HEAD~3634
2021-07-04 03:33:04,103 DEBUG    [line range] com/fasterxml/jackson/databind/type/MapType.java construct 37:41
2021-07-04 03:33:04,305 DEBUG                  - depth 0, hash 07d946c, HEAD~1040
2021-07-04 03:33:04,310 DEBUG                  - depth 1, hash 43307b4, HEAD~2780
2021-07-04 03:33:04,314 DEBUG                  - depth 2, hash e4f23bb, HEAD~3634
2021-07-04 03:33:04,318 DEBUG    [line range] com/fasterxml/jackson/databind/type/MapType.java refine 123:129
2021-07-04 03:33:04,518 DEBUG                  - depth 0, hash 16ba95f, HEAD~1004
2021-07-04 03:33:04,524 DEBUG                  - depth 1, hash d0da14d, HEAD~1032
2021-07-04 03:33:04,528 DEBUG                  - depth 2, hash 4a21628, HEAD~1038
2021-07-04 03:33:04,532 DEBUG                  - depth 3, hash 07d946c, HEAD~1040
2021-07-04 03:33:04,536 DEBUG                  - depth 4, hash 2944617, HEAD~1996
2021-07-04 03:33:04,874 DEBUG    [line range] com/fasterxml/jackson/databind/type/ReferenceType.java <init> 29:38
2021-07-04 03:33:05,093 DEBUG                  - depth 0, hash fad7638, HEAD~570
2021-07-04 03:33:05,098 DEBUG                  - depth 1, hash 07d946c, HEAD~1040
2021-07-04 03:33:05,103 DEBUG                  - depth 2, hash c85438b, HEAD~1453
2021-07-04 03:33:05,107 DEBUG    [line range] com/fasterxml/jackson/databind/type/ReferenceType.java buildCanonicalName 162:170
2021-07-04 03:33:05,326 DEBUG                  - depth 0, hash 07d946c, HEAD~1040
2021-07-04 03:33:05,332 DEBUG                  - depth 1, hash c85438b, HEAD~1453
2021-07-04 03:33:05,336 DEBUG    [line range] com/fasterxml/jackson/databind/type/ReferenceType.java construct 79:84
2021-07-04 03:33:05,555 DEBUG                  - depth 0, hash fad7638, HEAD~570
2021-07-04 03:33:05,561 DEBUG                  - depth 1, hash 07d946c, HEAD~1040
2021-07-04 03:33:05,565 DEBUG                  - depth 2, hash c85438b, HEAD~1453
2021-07-04 03:33:05,923 DEBUG    [line range] com/fasterxml/jackson/databind/type/SimpleType.java <init> 32:34
2021-07-04 03:33:06,126 DEBUG                  - depth 0, hash 07d946c, HEAD~1040
2021-07-04 03:33:06,132 DEBUG                  - depth 1, hash 2944617, HEAD~1996
2021-07-04 03:33:06,136 DEBUG                  - depth 2, hash 43307b4, HEAD~2780
2021-07-04 03:33:06,140 DEBUG                  - depth 3, hash e4f23bb, HEAD~3634
2021-07-04 03:33:06,144 DEBUG    [line range] com/fasterxml/jackson/databind/type/SimpleType.java <init> 36:39
2021-07-04 03:33:06,349 DEBUG                  - depth 0, hash 07d946c, HEAD~1040
2021-07-04 03:33:06,354 DEBUG                  - depth 1, hash 2944617, HEAD~1996
2021-07-04 03:33:06,358 DEBUG                  - depth 2, hash 43307b4, HEAD~2780
2021-07-04 03:33:06,362 DEBUG                  - depth 3, hash e4f23bb, HEAD~3634
2021-07-04 03:33:06,366 DEBUG    [line range] com/fasterxml/jackson/databind/type/SimpleType.java <init> 64:70
2021-07-04 03:33:06,566 DEBUG                  - depth 0, hash 07d946c, HEAD~1040
2021-07-04 03:33:06,572 DEBUG                  - depth 1, hash c85438b, HEAD~1453
2021-07-04 03:33:06,576 DEBUG    [line range] com/fasterxml/jackson/databind/type/SimpleType.java <init> 51:57
2021-07-04 03:33:06,777 DEBUG                  - depth 0, hash 74c451b, HEAD~1033
2021-07-04 03:33:06,783 DEBUG                  - depth 1, hash 07d946c, HEAD~1040
2021-07-04 03:33:06,787 DEBUG                  - depth 2, hash 0438f83, HEAD~1160
2021-07-04 03:33:06,791 DEBUG                  - depth 3, hash 2944617, HEAD~1996
2021-07-04 03:33:06,795 DEBUG                  - depth 4, hash 43307b4, HEAD~2780
2021-07-04 03:33:06,799 DEBUG                  - depth 5, hash e4f23bb, HEAD~3634
2021-07-04 03:33:06,803 DEBUG    [line range] com/fasterxml/jackson/databind/type/SimpleType.java buildCanonicalName 215:234
2021-07-04 03:33:07,004 DEBUG                  - depth 0, hash 07d946c, HEAD~1040
2021-07-04 03:33:07,010 DEBUG                  - depth 1, hash e4f23bb, HEAD~3634
2021-07-04 03:33:07,014 DEBUG    [line range] com/fasterxml/jackson/databind/type/SimpleType.java equals 309:325
2021-07-04 03:33:07,223 DEBUG                  - depth 0, hash 07d946c, HEAD~1040
2021-07-04 03:33:07,229 DEBUG                  - depth 1, hash e4f23bb, HEAD~3634
2021-07-04 03:33:07,233 DEBUG    [line range] com/fasterxml/jackson/databind/type/SimpleType.java refine 208:213
2021-07-04 03:33:07,444 DEBUG                  - depth 0, hash 07d946c, HEAD~1040
2021-07-04 03:33:07,449 DEBUG                  - depth 1, hash e4f23bb, HEAD~3634
2021-07-04 03:33:07,803 DEBUG    [line range] com/fasterxml/jackson/databind/type/TypeBase.java <clinit> 17:17
2021-07-04 03:33:08,002 DEBUG                  - depth 0, hash 07d946c, HEAD~1040
2021-07-04 03:33:08,008 DEBUG    [line range] com/fasterxml/jackson/databind/type/TypeBase.java <init> 41:49
2021-07-04 03:33:08,207 DEBUG                  - depth 0, hash 07d946c, HEAD~1040
2021-07-04 03:33:08,212 DEBUG                  - depth 1, hash 43307b4, HEAD~2780
2021-07-04 03:33:08,217 DEBUG                  - depth 2, hash fcb1c25, HEAD~3628
2021-07-04 03:33:08,221 DEBUG                  - depth 3, hash e4f23bb, HEAD~3634
2021-07-04 03:33:08,225 DEBUG    [line range] com/fasterxml/jackson/databind/type/TypeBase.java toCanonical 63:71
2021-07-04 03:33:08,432 DEBUG                  - depth 0, hash 43307b4, HEAD~2780
2021-07-04 03:33:08,438 DEBUG                  - depth 1, hash e4f23bb, HEAD~3634
2021-07-04 03:33:08,824 DEBUG    [line range] com/fasterxml/jackson/databind/type/TypeBindings.java <clinit> 16:16
2021-07-04 03:33:09,025 DEBUG                  - depth 0, hash 07d946c, HEAD~1040
2021-07-04 03:33:09,031 DEBUG                  - depth 1, hash e4f23bb, HEAD~3634
2021-07-04 03:33:09,035 DEBUG    [line range] com/fasterxml/jackson/databind/type/TypeBindings.java <init> 51:64
2021-07-04 03:33:09,238 DEBUG                  - depth 0, hash 07d946c, HEAD~1040
2021-07-04 03:33:09,244 DEBUG                  - depth 1, hash e4875de, HEAD~1044
2021-07-04 03:33:09,248 DEBUG                  - depth 2, hash e4f23bb, HEAD~3634
2021-07-04 03:33:09,252 DEBUG    [line range] com/fasterxml/jackson/databind/type/TypeBindings.java asKey 302:306
2021-07-04 03:33:09,433 DEBUG                  - depth 0, hash 75a0953, HEAD~414
2021-07-04 03:33:09,439 DEBUG    [line range] com/fasterxml/jackson/databind/type/TypeBindings.java create 119:130
2021-07-04 03:33:09,639 DEBUG                  - depth 0, hash ff192c1, HEAD~997
2021-07-04 03:33:09,645 DEBUG                  - depth 1, hash bd51df2, HEAD~1011
2021-07-04 03:33:09,649 DEBUG                  - depth 2, hash 07d946c, HEAD~1040
2021-07-04 03:33:09,653 DEBUG                  - depth 3, hash e4f23bb, HEAD~3634
2021-07-04 03:33:09,657 DEBUG    [line range] com/fasterxml/jackson/databind/type/TypeBindings.java create 132:143
2021-07-04 03:33:09,866 DEBUG                  - depth 0, hash ff192c1, HEAD~997
2021-07-04 03:33:09,871 DEBUG                  - depth 1, hash 9fe8eaa, HEAD~1013
2021-07-04 03:33:09,875 DEBUG    [line range] com/fasterxml/jackson/databind/type/TypeBindings.java create 82:87
2021-07-04 03:33:10,075 DEBUG                  - depth 0, hash 07d946c, HEAD~1040
2021-07-04 03:33:10,081 DEBUG                  - depth 1, hash e4875de, HEAD~1044
2021-07-04 03:33:10,085 DEBUG                  - depth 2, hash e4f23bb, HEAD~3634
2021-07-04 03:33:10,089 DEBUG    [line range] com/fasterxml/jackson/databind/type/TypeBindings.java create 89:117
2021-07-04 03:33:10,287 DEBUG                  - depth 0, hash 21a2e4b, HEAD~827
2021-07-04 03:33:10,293 DEBUG                  - depth 1, hash bd51df2, HEAD~1011
2021-07-04 03:33:10,297 DEBUG                  - depth 2, hash 07d946c, HEAD~1040
2021-07-04 03:33:10,301 DEBUG                  - depth 3, hash 94bc647, HEAD~1043
2021-07-04 03:33:10,306 DEBUG                  - depth 4, hash e4875de, HEAD~1044
2021-07-04 03:33:10,310 DEBUG                  - depth 5, hash 9ad2d30, HEAD~1145
2021-07-04 03:33:10,314 DEBUG                  - depth 6, hash d669925, HEAD~1150
2021-07-04 03:33:10,318 DEBUG                  - depth 7, hash 4906314, HEAD~1158
2021-07-04 03:33:10,322 DEBUG                  - depth 8, hash a28c510, HEAD~1159
2021-07-04 03:33:10,326 DEBUG                  - depth 9, hash 66bfe66, HEAD~1581
2021-07-04 03:33:10,331 DEBUG                  - depth 10, hash b2a9ca7, HEAD~3539
2021-07-04 03:33:10,335 DEBUG                  - depth 11, hash e4f23bb, HEAD~3634
2021-07-04 03:33:10,339 DEBUG    [line range] com/fasterxml/jackson/databind/type/TypeBindings.java emptyBindings 66:68
2021-07-04 03:33:10,541 DEBUG                  - depth 0, hash 07d946c, HEAD~1040
2021-07-04 03:33:10,546 DEBUG                  - depth 1, hash e4875de, HEAD~1044
2021-07-04 03:33:10,551 DEBUG                  - depth 2, hash b2a9ca7, HEAD~3539
2021-07-04 03:33:10,555 DEBUG                  - depth 3, hash e4f23bb, HEAD~3634
2021-07-04 03:33:10,559 DEBUG    [line range] com/fasterxml/jackson/databind/type/TypeBindings.java findBoundType 216:242
2021-07-04 03:33:10,760 DEBUG                  - depth 0, hash faf008c, HEAD~757
2021-07-04 03:33:10,766 DEBUG                  - depth 1, hash a517d3e, HEAD~758
2021-07-04 03:33:10,770 DEBUG                  - depth 2, hash 9cf92cc, HEAD~760
2021-07-04 03:33:10,774 DEBUG                  - depth 3, hash 07d946c, HEAD~1040
2021-07-04 03:33:10,778 DEBUG                  - depth 4, hash 2fd4ffd, HEAD~3395
2021-07-04 03:33:10,783 DEBUG                  - depth 5, hash e4f23bb, HEAD~3634
2021-07-04 03:33:10,787 DEBUG    [line range] com/fasterxml/jackson/databind/type/TypeBindings.java getTypeParameters 274:280
2021-07-04 03:33:10,990 DEBUG                  - depth 0, hash 07d946c, HEAD~1040
2021-07-04 03:33:10,996 DEBUG                  - depth 1, hash e4f23bb, HEAD~3634
2021-07-04 03:33:11,000 DEBUG    [line range] com/fasterxml/jackson/databind/type/TypeBindings.java hasUnbound 285:294
2021-07-04 03:33:11,200 DEBUG                  - depth 0, hash 07d946c, HEAD~1040
2021-07-04 03:33:11,205 DEBUG                  - depth 1, hash 94bc647, HEAD~1043
2021-07-04 03:33:11,209 DEBUG                  - depth 2, hash e4875de, HEAD~1044
2021-07-04 03:33:11,214 DEBUG                  - depth 3, hash 568c8c5, HEAD~1149
2021-07-04 03:33:11,218 DEBUG                  - depth 4, hash 94cc594, HEAD~2846
2021-07-04 03:33:11,222 DEBUG                  - depth 5, hash a16a084, HEAD~3377
2021-07-04 03:33:11,226 DEBUG                  - depth 6, hash e4f23bb, HEAD~3634
2021-07-04 03:33:11,231 DEBUG    [line range] com/fasterxml/jackson/databind/type/TypeBindings.java isEmpty 244:246
2021-07-04 03:33:11,432 DEBUG                  - depth 0, hash 07d946c, HEAD~1040
2021-07-04 03:33:11,437 DEBUG                  - depth 1, hash e4f23bb, HEAD~3634
2021-07-04 03:33:11,442 DEBUG    [line range] com/fasterxml/jackson/databind/type/TypeBindings.java size 251:253
2021-07-04 03:33:11,642 DEBUG                  - depth 0, hash 07d946c, HEAD~1040
2021-07-04 03:33:11,648 DEBUG                  - depth 1, hash e4f23bb, HEAD~3634
2021-07-04 03:33:11,652 DEBUG    [line range] com/fasterxml/jackson/databind/type/TypeBindings.java withUnboundVariable 198:205
2021-07-04 03:33:11,854 DEBUG                  - depth 0, hash 07d946c, HEAD~1040
2021-07-04 03:33:11,860 DEBUG                  - depth 1, hash e4f23bb, HEAD~3634
2021-07-04 03:33:11,864 DEBUG    [line range] com/fasterxml/jackson/databind/type/TypeBindings.java <init> 436:440
2021-07-04 03:33:12,047 DEBUG                  - depth 0, hash 75a0953, HEAD~414
2021-07-04 03:33:12,052 DEBUG                  - depth 1, hash ff192c1, HEAD~997
2021-07-04 03:33:12,057 DEBUG    [line range] com/fasterxml/jackson/databind/type/TypeBindings.java equals 445:466
2021-07-04 03:33:12,239 DEBUG                  - depth 0, hash 75a0953, HEAD~414
2021-07-04 03:33:12,244 DEBUG                  - depth 1, hash ff192c1, HEAD~997
2021-07-04 03:33:12,249 DEBUG    [line range] com/fasterxml/jackson/databind/type/TypeBindings.java hashCode 442:443
2021-07-04 03:33:12,438 DEBUG                  - depth 0, hash 75a0953, HEAD~414
2021-07-04 03:33:12,443 DEBUG                  - depth 1, hash ff192c1, HEAD~997
2021-07-04 03:33:12,448 DEBUG    [line range] com/fasterxml/jackson/databind/type/TypeBindings.java paramsFor1 391:409
2021-07-04 03:33:12,656 DEBUG                  - depth 0, hash ff192c1, HEAD~997
2021-07-04 03:33:12,662 DEBUG    [line range] com/fasterxml/jackson/databind/type/TypeBindings.java paramsFor2 411:423
2021-07-04 03:33:12,868 DEBUG                  - depth 0, hash ff192c1, HEAD~997
2021-07-04 03:33:13,395 DEBUG    [line range] com/fasterxml/jackson/databind/type/TypeFactory.java <clinit> 39:39
2021-07-04 03:33:13,611 DEBUG                  - depth 0, hash 9312ad8, HEAD~3602
2021-07-04 03:33:13,617 DEBUG    [line range] com/fasterxml/jackson/databind/type/TypeFactory.java <init> 144:146
2021-07-04 03:33:13,834 DEBUG                  - depth 0, hash cdc404d, HEAD~408
2021-07-04 03:33:13,840 DEBUG                  - depth 1, hash e4f23bb, HEAD~3634
2021-07-04 03:33:13,844 DEBUG    [line range] com/fasterxml/jackson/databind/type/TypeFactory.java <init> 151:159
2021-07-04 03:33:14,061 DEBUG                  - depth 0, hash cdc404d, HEAD~408
2021-07-04 03:33:14,067 DEBUG                  - depth 1, hash 55c5d1a, HEAD~1273
2021-07-04 03:33:14,071 DEBUG                  - depth 2, hash cfe88fe, HEAD~1274
2021-07-04 03:33:14,075 DEBUG                  - depth 3, hash e4f23bb, HEAD~3634
2021-07-04 03:33:14,080 DEBUG    [line range] com/fasterxml/jackson/databind/type/TypeFactory.java _collectionType 1050:1064
2021-07-04 03:33:14,296 DEBUG                  - depth 0, hash 07d946c, HEAD~1040
2021-07-04 03:33:14,302 DEBUG                  - depth 1, hash e4f23bb, HEAD~3634
2021-07-04 03:33:14,306 DEBUG    [line range] com/fasterxml/jackson/databind/type/TypeFactory.java _findWellKnownSimple 1131:1141
2021-07-04 03:33:14,524 DEBUG                  - depth 0, hash 07d946c, HEAD~1040
2021-07-04 03:33:14,530 DEBUG                  - depth 1, hash e4f23bb, HEAD~3634
2021-07-04 03:33:14,534 DEBUG    [line range] com/fasterxml/jackson/databind/type/TypeFactory.java _fromAny 1154:1202
2021-07-04 03:33:14,749 DEBUG                  - depth 0, hash 781d6f0, HEAD~778
2021-07-04 03:33:14,755 DEBUG                  - depth 1, hash 480e0ac, HEAD~780
2021-07-04 03:33:14,759 DEBUG                  - depth 2, hash 07d946c, HEAD~1040
2021-07-04 03:33:14,764 DEBUG    [line range] com/fasterxml/jackson/databind/type/TypeFactory.java _fromClass 1208:1290
2021-07-04 03:33:14,969 DEBUG                  - depth 0, hash 11b1323, HEAD~383
2021-07-04 03:33:14,974 DEBUG                  - depth 1, hash 07cc3c6, HEAD~404
2021-07-04 03:33:14,979 DEBUG                  - depth 2, hash 6fa940a, HEAD~405
2021-07-04 03:33:14,983 DEBUG                  - depth 3, hash cdc404d, HEAD~408
2021-07-04 03:33:14,987 DEBUG                  - depth 4, hash 6d3d7bf, HEAD~409
2021-07-04 03:33:14,991 DEBUG                  - depth 5, hash e0e2de6, HEAD~410
2021-07-04 03:33:14,995 DEBUG                  - depth 6, hash 6594c0c, HEAD~412
2021-07-04 03:33:15,000 DEBUG                  - depth 7, hash 75a0953, HEAD~414
2021-07-04 03:33:15,004 DEBUG                  - depth 8, hash 3243c9f, HEAD~1005
2021-07-04 03:33:15,008 DEBUG                  - depth 9, hash 1d0f7c0, HEAD~1008
2021-07-04 03:33:15,012 DEBUG                  - depth 10, hash bd51df2, HEAD~1011
2021-07-04 03:33:15,016 DEBUG                  - depth 11, hash f73cd92, HEAD~1031
2021-07-04 03:33:15,021 DEBUG                  - depth 12, hash 74c451b, HEAD~1033
2021-07-04 03:33:15,025 DEBUG                  - depth 13, hash 07d946c, HEAD~1040
2021-07-04 03:33:15,029 DEBUG                  - depth 14, hash e4875de, HEAD~1044
2021-07-04 03:33:15,033 DEBUG                  - depth 15, hash 5b02627, HEAD~1045
2021-07-04 03:33:15,037 DEBUG                  - depth 16, hash ca42a95, HEAD~1157
2021-07-04 03:33:15,042 DEBUG                  - depth 17, hash 0438f83, HEAD~1160
2021-07-04 03:33:15,046 DEBUG                  - depth 18, hash 9776f5f, HEAD~1452
2021-07-04 03:33:15,050 DEBUG                  - depth 19, hash c85438b, HEAD~1453
2021-07-04 03:33:15,054 DEBUG                  - depth 20, hash 66bfe66, HEAD~1581
2021-07-04 03:33:15,059 DEBUG                  - depth 21, hash 2944617, HEAD~1996
2021-07-04 03:33:15,063 DEBUG                  - depth 22, hash 2f58c93, HEAD~2257
2021-07-04 03:33:15,067 DEBUG                  - depth 23, hash 9312ad8, HEAD~3602
2021-07-04 03:33:15,071 DEBUG                  - depth 24, hash e4f23bb, HEAD~3634
2021-07-04 03:33:15,076 DEBUG    [line range] com/fasterxml/jackson/databind/type/TypeFactory.java _fromParamType 1366:1401
2021-07-04 03:33:15,295 DEBUG                  - depth 0, hash 4675896, HEAD~48
2021-07-04 03:33:15,301 DEBUG                  - depth 1, hash 6b67bc4, HEAD~1012
2021-07-04 03:33:15,305 DEBUG                  - depth 2, hash f73cd92, HEAD~1031
2021-07-04 03:33:15,309 DEBUG                  - depth 3, hash 07d946c, HEAD~1040
2021-07-04 03:33:15,314 DEBUG                  - depth 4, hash 94bc647, HEAD~1043
2021-07-04 03:33:15,318 DEBUG                  - depth 5, hash e4875de, HEAD~1044
2021-07-04 03:33:15,322 DEBUG                  - depth 6, hash 5b02627, HEAD~1045
2021-07-04 03:33:15,326 DEBUG                  - depth 7, hash dbbca94, HEAD~1137
2021-07-04 03:33:15,330 DEBUG                  - depth 8, hash b4eac54, HEAD~1139
2021-07-04 03:33:15,334 DEBUG                  - depth 9, hash ca42a95, HEAD~1157
2021-07-04 03:33:15,338 DEBUG                  - depth 10, hash 9776f5f, HEAD~1452
2021-07-04 03:33:15,343 DEBUG                  - depth 11, hash b577d7f, HEAD~1579
2021-07-04 03:33:15,347 DEBUG                  - depth 12, hash 66bfe66, HEAD~1581
2021-07-04 03:33:15,351 DEBUG                  - depth 13, hash e4f23bb, HEAD~3634
2021-07-04 03:33:15,356 DEBUG    [line range] com/fasterxml/jackson/databind/type/TypeFactory.java _fromVariable 1409:1426
2021-07-04 03:33:15,571 DEBUG                  - depth 0, hash 07d946c, HEAD~1040
2021-07-04 03:33:15,577 DEBUG                  - depth 1, hash e4875de, HEAD~1044
2021-07-04 03:33:15,581 DEBUG                  - depth 2, hash 5b02627, HEAD~1045
2021-07-04 03:33:15,585 DEBUG                  - depth 3, hash 66bfe66, HEAD~1581
2021-07-04 03:33:15,590 DEBUG                  - depth 4, hash e4f23bb, HEAD~3634
2021-07-04 03:33:15,594 DEBUG    [line range] com/fasterxml/jackson/databind/type/TypeFactory.java _fromWellKnownClass 1321:1344
2021-07-04 03:33:15,814 DEBUG                  - depth 0, hash db0eadb, HEAD~387
2021-07-04 03:33:15,820 DEBUG                  - depth 1, hash 3571575, HEAD~1000
2021-07-04 03:33:15,824 DEBUG                  - depth 2, hash 74c451b, HEAD~1033
2021-07-04 03:33:15,828 DEBUG                  - depth 3, hash 07d946c, HEAD~1040
2021-07-04 03:33:15,832 DEBUG                  - depth 4, hash ca42a95, HEAD~1157
2021-07-04 03:33:15,836 DEBUG                  - depth 5, hash e4f23bb, HEAD~3634
2021-07-04 03:33:15,841 DEBUG    [line range] com/fasterxml/jackson/databind/type/TypeFactory.java _fromWellKnownInterface 1346:1360
2021-07-04 03:33:16,057 DEBUG                  - depth 0, hash 07d946c, HEAD~1040
2021-07-04 03:33:16,063 DEBUG                  - depth 1, hash ca42a95, HEAD~1157
2021-07-04 03:33:16,067 DEBUG                  - depth 2, hash 2944617, HEAD~1996
2021-07-04 03:33:16,071 DEBUG                  - depth 3, hash e4f23bb, HEAD~3634
2021-07-04 03:33:16,076 DEBUG    [line range] com/fasterxml/jackson/databind/type/TypeFactory.java _mapType 1024:1048
2021-07-04 03:33:16,293 DEBUG                  - depth 0, hash db0eadb, HEAD~387
2021-07-04 03:33:16,298 DEBUG                  - depth 1, hash 07d946c, HEAD~1040
2021-07-04 03:33:16,302 DEBUG                  - depth 2, hash e4f23bb, HEAD~3634
2021-07-04 03:33:16,307 DEBUG    [line range] com/fasterxml/jackson/databind/type/TypeFactory.java _newSimpleType 1109:1113
2021-07-04 03:33:16,523 DEBUG                  - depth 0, hash 07d946c, HEAD~1040
2021-07-04 03:33:16,529 DEBUG                  - depth 1, hash e4f23bb, HEAD~3634
2021-07-04 03:33:16,533 DEBUG    [line range] com/fasterxml/jackson/databind/type/TypeFactory.java _referenceType 1066:1080
2021-07-04 03:33:16,760 DEBUG                  - depth 0, hash 07d946c, HEAD~1040
2021-07-04 03:33:16,766 DEBUG                  - depth 1, hash e4f23bb, HEAD~3634
2021-07-04 03:33:16,770 DEBUG    [line range] com/fasterxml/jackson/databind/type/TypeFactory.java _resolveSuperClass 1292:1299
2021-07-04 03:33:16,989 DEBUG                  - depth 0, hash bd51df2, HEAD~1011
2021-07-04 03:33:16,995 DEBUG                  - depth 1, hash 07d946c, HEAD~1040
2021-07-04 03:33:16,999 DEBUG                  - depth 2, hash e4875de, HEAD~1044
2021-07-04 03:33:17,003 DEBUG                  - depth 3, hash ca42a95, HEAD~1157
2021-07-04 03:33:17,008 DEBUG                  - depth 4, hash e4f23bb, HEAD~3634
2021-07-04 03:33:17,012 DEBUG    [line range] com/fasterxml/jackson/databind/type/TypeFactory.java _resolveSuperInterfaces 1301:1314
2021-07-04 03:33:17,227 DEBUG                  - depth 0, hash bd51df2, HEAD~1011
2021-07-04 03:33:17,233 DEBUG                  - depth 1, hash 07d946c, HEAD~1040
2021-07-04 03:33:17,237 DEBUG                  - depth 2, hash ca42a95, HEAD~1157
2021-07-04 03:33:17,241 DEBUG                  - depth 3, hash e4f23bb, HEAD~3634
2021-07-04 03:33:17,246 DEBUG    [line range] com/fasterxml/jackson/databind/type/TypeFactory.java classForName 306:309
2021-07-04 03:33:17,455 DEBUG                  - depth 0, hash cfe88fe, HEAD~1274
2021-07-04 03:33:17,461 DEBUG    [line range] com/fasterxml/jackson/databind/type/TypeFactory.java constructFromCanonical 534:537
2021-07-04 03:33:17,677 DEBUG                  - depth 0, hash e4f23bb, HEAD~3634
2021-07-04 03:33:17,683 DEBUG    [line range] com/fasterxml/jackson/databind/type/TypeFactory.java constructMapType 781:784
2021-07-04 03:33:17,900 DEBUG                  - depth 0, hash 06af743, HEAD~142
2021-07-04 03:33:17,905 DEBUG                  - depth 1, hash 07d946c, HEAD~1040
2021-07-04 03:33:17,910 DEBUG                  - depth 2, hash e4f23bb, HEAD~3634
2021-07-04 03:33:17,914 DEBUG    [line range] com/fasterxml/jackson/databind/type/TypeFactory.java constructMapType 763:773
2021-07-04 03:33:18,131 DEBUG                  - depth 0, hash 06af743, HEAD~142
2021-07-04 03:33:18,137 DEBUG                  - depth 1, hash 07d946c, HEAD~1040
2021-07-04 03:33:18,141 DEBUG                  - depth 2, hash e4f23bb, HEAD~3634
2021-07-04 03:33:18,146 DEBUG    [line range] com/fasterxml/jackson/databind/type/TypeFactory.java constructType 617:639
2021-07-04 03:33:18,374 DEBUG                  - depth 0, hash 07d946c, HEAD~1040
2021-07-04 03:33:18,379 DEBUG                  - depth 1, hash e4875de, HEAD~1044
2021-07-04 03:33:18,384 DEBUG                  - depth 2, hash e4f23bb, HEAD~3634
2021-07-04 03:33:18,388 DEBUG    [line range] com/fasterxml/jackson/databind/type/TypeFactory.java constructType 609:611
2021-07-04 03:33:18,604 DEBUG                  - depth 0, hash 07d946c, HEAD~1040
2021-07-04 03:33:18,609 DEBUG                  - depth 1, hash e4875de, HEAD~1044
2021-07-04 03:33:18,614 DEBUG                  - depth 2, hash e4f23bb, HEAD~3634
2021-07-04 03:33:18,618 DEBUG    [line range] com/fasterxml/jackson/databind/type/TypeFactory.java defaultInstance 211:211
2021-07-04 03:33:18,842 DEBUG                  - depth 0, hash e4f23bb, HEAD~3634
2021-07-04 03:33:18,848 DEBUG    [line range] com/fasterxml/jackson/databind/type/TypeFactory.java findClass 272:304
2021-07-04 03:33:19,058 DEBUG                  - depth 0, hash db0eadb, HEAD~387
2021-07-04 03:33:19,063 DEBUG                  - depth 1, hash cfe88fe, HEAD~1274
2021-07-04 03:33:19,068 DEBUG                  - depth 2, hash a5bd0a2, HEAD~1279
2021-07-04 03:33:19,072 DEBUG    [line range] com/fasterxml/jackson/databind/type/TypeFactory.java getClassLoader 227:229
2021-07-04 03:33:19,283 DEBUG                  - depth 0, hash 8928a5d, HEAD~1144
2021-07-04 03:33:19,288 DEBUG                  - depth 1, hash cfe88fe, HEAD~1274
2021-07-04 03:33:19,619 DEBUG    [line range] com/fasterxml/jackson/databind/type/TypeParser.java <init> 18:20
2021-07-04 03:33:19,818 DEBUG                  - depth 0, hash e4f23bb, HEAD~3634
2021-07-04 03:33:19,824 DEBUG    [line range] com/fasterxml/jackson/databind/type/TypeParser.java findClass 78:88
2021-07-04 03:33:20,025 DEBUG                  - depth 0, hash a5bd0a2, HEAD~1279
2021-07-04 03:33:20,031 DEBUG                  - depth 1, hash bf5e0fa, HEAD~3338
2021-07-04 03:33:20,035 DEBUG                  - depth 2, hash e4f23bb, HEAD~3634
2021-07-04 03:33:20,039 DEBUG    [line range] com/fasterxml/jackson/databind/type/TypeParser.java parse 29:38
2021-07-04 03:33:20,240 DEBUG                  - depth 0, hash 798da68, HEAD~57
2021-07-04 03:33:20,245 DEBUG                  - depth 1, hash e4875de, HEAD~1044
2021-07-04 03:33:20,250 DEBUG                  - depth 2, hash e4f23bb, HEAD~3634
2021-07-04 03:33:20,254 DEBUG    [line range] com/fasterxml/jackson/databind/type/TypeParser.java parseType 40:60
2021-07-04 03:33:20,457 DEBUG                  - depth 0, hash 18dc249, HEAD~11
2021-07-04 03:33:20,462 DEBUG                  - depth 1, hash 07d946c, HEAD~1040
2021-07-04 03:33:20,467 DEBUG                  - depth 2, hash e4875de, HEAD~1044
2021-07-04 03:33:20,471 DEBUG                  - depth 3, hash e4f23bb, HEAD~3634
2021-07-04 03:33:20,475 DEBUG    [line range] com/fasterxml/jackson/databind/type/TypeParser.java parseTypes 62:76
2021-07-04 03:33:20,676 DEBUG                  - depth 0, hash e4f23bb, HEAD~3634
2021-07-04 03:33:20,682 DEBUG    [line range] com/fasterxml/jackson/databind/type/TypeParser.java <init> 104:107
2021-07-04 03:33:20,882 DEBUG                  - depth 0, hash e4f23bb, HEAD~3634
2021-07-04 03:33:20,888 DEBUG    [line range] com/fasterxml/jackson/databind/type/TypeParser.java hasMoreTokens 109:112
2021-07-04 03:33:21,089 DEBUG                  - depth 0, hash e4f23bb, HEAD~3634
2021-07-04 03:33:21,095 DEBUG    [line range] com/fasterxml/jackson/databind/type/TypeParser.java nextToken 114:126
2021-07-04 03:33:21,296 DEBUG                  - depth 0, hash 798da68, HEAD~57
2021-07-04 03:33:21,302 DEBUG                  - depth 1, hash e4f23bb, HEAD~3634
2021-07-04 03:33:21,306 DEBUG    [line range] com/fasterxml/jackson/databind/type/TypeParser.java pushBack 128:131
2021-07-04 03:33:21,507 DEBUG                  - depth 0, hash 798da68, HEAD~57
2021-07-04 03:33:21,512 DEBUG                  - depth 1, hash e4f23bb, HEAD~3634
2021-07-04 03:33:21,976 DEBUG    [line range] com/fasterxml/jackson/databind/util/ClassUtil.java <clinit> 15:15
2021-07-04 03:33:22,181 DEBUG                  - depth 0, hash 9ad2d30, HEAD~1145
2021-07-04 03:33:22,187 DEBUG    [line range] com/fasterxml/jackson/databind/util/ClassUtil.java getGenericInterfaces 995:997
2021-07-04 03:33:22,362 DEBUG                  - depth 0, hash ec327bd, HEAD~294
2021-07-04 03:33:22,368 DEBUG                  - depth 1, hash 0d700fd, HEAD~296
2021-07-04 03:33:22,373 DEBUG    [line range] com/fasterxml/jackson/databind/util/ClassUtil.java getGenericSuperclass 988:990
2021-07-04 03:33:22,548 DEBUG                  - depth 0, hash 0d700fd, HEAD~296
2021-07-04 03:33:22,553 DEBUG    [single line]   com/fasterxml/jackson/databind/util/ClassUtil.java <init> 30
2021-07-04 03:33:22,754 DEBUG                  - depth 0, hash d64199a, HEAD~776
2021-07-04 03:33:23,074 DEBUG    [line range] com/fasterxml/jackson/databind/util/LRUMap.java <init> 32:37
2021-07-04 03:33:23,274 DEBUG                  - depth 0, hash 585f309, HEAD~2096
2021-07-04 03:33:23,280 DEBUG                  - depth 1, hash 2f58c93, HEAD~2257
2021-07-04 03:33:23,284 DEBUG                  - depth 2, hash e4f23bb, HEAD~3634
2021-07-04 03:33:23,289 DEBUG    [line range] com/fasterxml/jackson/databind/util/LRUMap.java get 68:68
2021-07-04 03:33:23,489 DEBUG                  - depth 0, hash e029d72, HEAD~2089
2021-07-04 03:33:23,494 DEBUG                  - depth 1, hash 585f309, HEAD~2096
2021-07-04 03:33:23,499 DEBUG                  - depth 2, hash 2f58c93, HEAD~2257
2021-07-04 03:33:23,503 DEBUG    [line range] com/fasterxml/jackson/databind/util/LRUMap.java putIfAbsent 54:65
2021-07-04 03:33:23,702 DEBUG                  - depth 0, hash 3eb74af, HEAD~2022
2021-07-04 03:33:23,707 INFO     The number of BIC candidates: 72
