2021-07-03 21:03:05,775 INFO     Search BICs for /tmp/JacksonCore-1b/
2021-07-03 21:03:05,775 DEBUG    Reading the coverage of com.fasterxml.jackson.core.json.TestParserNonStandard::testAllowNaN (failings)
2021-07-03 21:03:05,853 INFO     Loaded 1x451 Coverage Matrix
2021-07-03 21:03:05,854 INFO     The number of total commits: 291
2021-07-03 21:03:06,312 DEBUG    [line range] com/fasterxml/jackson/core/JsonFactory.java <clinit> 140:140
2021-07-03 21:03:06,329 DEBUG                  - depth 0, hash 7b796a8, HEAD~48
2021-07-03 21:03:06,334 DEBUG                  - depth 1, hash 0735190, HEAD~259
2021-07-03 21:03:06,339 DEBUG    [line range] com/fasterxml/jackson/core/JsonFactory.java <init> 260:260
2021-07-03 21:03:06,355 DEBUG                  - depth 0, hash 7b796a8, HEAD~48
2021-07-03 21:03:06,361 DEBUG                  - depth 1, hash f15531c, HEAD~285
2021-07-03 21:03:06,365 DEBUG    [line range] com/fasterxml/jackson/core/JsonFactory.java <init> 175:175
2021-07-03 21:03:06,382 DEBUG                  - depth 0, hash 95f76a4, HEAD~143
2021-07-03 21:03:06,387 DEBUG                  - depth 1, hash f15531c, HEAD~285
2021-07-03 21:03:06,391 DEBUG    [line range] com/fasterxml/jackson/core/JsonFactory.java <init> 262:262
2021-07-03 21:03:06,408 DEBUG                  - depth 0, hash f15531c, HEAD~285
2021-07-03 21:03:06,414 DEBUG    [line range] com/fasterxml/jackson/core/JsonFactory.java _createContext 1396:1399
2021-07-03 21:03:06,430 DEBUG                  - depth 0, hash f15531c, HEAD~285
2021-07-03 21:03:06,436 DEBUG    [line range] com/fasterxml/jackson/core/JsonFactory.java _createParser 1254:1260
2021-07-03 21:03:06,453 DEBUG                  - depth 0, hash 6819492, HEAD~114
2021-07-03 21:03:06,458 DEBUG                  - depth 1, hash eeb2fbd, HEAD~205
2021-07-03 21:03:06,462 DEBUG                  - depth 2, hash f15531c, HEAD~285
2021-07-03 21:03:06,466 DEBUG    [line range] com/fasterxml/jackson/core/JsonFactory.java _getBufferRecycler 1407:1417
2021-07-03 21:03:06,483 DEBUG                  - depth 0, hash f15531c, HEAD~285
2021-07-03 21:03:06,488 DEBUG    [line range] com/fasterxml/jackson/core/JsonFactory.java configure 494:496
2021-07-03 21:03:06,505 DEBUG                  - depth 0, hash 0735190, HEAD~259
2021-07-03 21:03:06,511 DEBUG    [line range] com/fasterxml/jackson/core/JsonFactory.java createParser 756:766
2021-07-03 21:03:06,526 DEBUG                  - depth 0, hash 6819492, HEAD~114
2021-07-03 21:03:06,532 DEBUG                  - depth 1, hash feaabd1, HEAD~179
2021-07-03 21:03:06,536 DEBUG    [line range] com/fasterxml/jackson/core/JsonFactory.java enable 502:505
2021-07-03 21:03:06,552 DEBUG                  - depth 0, hash f15531c, HEAD~285
2021-07-03 21:03:06,558 DEBUG    [line range] com/fasterxml/jackson/core/JsonFactory.java isEnabled 480:482
2021-07-03 21:03:06,575 DEBUG                  - depth 0, hash 0735190, HEAD~259
2021-07-03 21:03:06,580 DEBUG    [line range] com/fasterxml/jackson/core/JsonFactory.java isEnabled 519:521
2021-07-03 21:03:06,597 DEBUG                  - depth 0, hash f15531c, HEAD~285
2021-07-03 21:03:06,602 DEBUG    [line range] com/fasterxml/jackson/core/JsonFactory.java <init> 113:116
2021-07-03 21:03:06,619 DEBUG                  - depth 0, hash 0735190, HEAD~259
2021-07-03 21:03:06,624 DEBUG    [line range] com/fasterxml/jackson/core/JsonFactory.java collectDefaults 102:111
2021-07-03 21:03:06,641 DEBUG                  - depth 0, hash 0735190, HEAD~259
2021-07-03 21:03:06,646 DEBUG    [line range] com/fasterxml/jackson/core/JsonFactory.java enabledByDefault 118:118
2021-07-03 21:03:06,663 DEBUG                  - depth 0, hash 0735190, HEAD~259
2021-07-03 21:03:06,669 DEBUG    [line range] com/fasterxml/jackson/core/JsonFactory.java getMask 122:122
2021-07-03 21:03:06,685 DEBUG                  - depth 0, hash 0735190, HEAD~259
2021-07-03 21:03:07,070 DEBUG    [single line]   com/fasterxml/jackson/core/JsonGenerator.java <clinit> 27
2021-07-03 21:03:07,088 DEBUG                  - depth 0, hash f15531c, HEAD~285
2021-07-03 21:03:07,093 DEBUG    [single line]   com/fasterxml/jackson/core/JsonGenerator.java <clinit> 41
2021-07-03 21:03:07,111 DEBUG                  - depth 0, hash 0735190, HEAD~259
2021-07-03 21:03:07,116 DEBUG                  - depth 1, hash 9fc55aa, HEAD~260
2021-07-03 21:03:07,120 DEBUG                  - depth 2, hash f15531c, HEAD~285
2021-07-03 21:03:07,124 DEBUG    [single line]   com/fasterxml/jackson/core/JsonGenerator.java <clinit> 53
2021-07-03 21:03:07,141 DEBUG                  - depth 0, hash 0735190, HEAD~259
2021-07-03 21:03:07,147 DEBUG                  - depth 1, hash 9fc55aa, HEAD~260
2021-07-03 21:03:07,151 DEBUG                  - depth 2, hash f15531c, HEAD~285
2021-07-03 21:03:07,155 DEBUG    [single line]   com/fasterxml/jackson/core/JsonGenerator.java <clinit> 64
2021-07-03 21:03:07,172 DEBUG                  - depth 0, hash 0735190, HEAD~259
2021-07-03 21:03:07,178 DEBUG                  - depth 1, hash 9fc55aa, HEAD~260
2021-07-03 21:03:07,182 DEBUG                  - depth 2, hash f15531c, HEAD~285
2021-07-03 21:03:07,186 DEBUG    [single line]   com/fasterxml/jackson/core/JsonGenerator.java <clinit> 78
2021-07-03 21:03:07,204 DEBUG                  - depth 0, hash 0735190, HEAD~259
2021-07-03 21:03:07,209 DEBUG                  - depth 1, hash 9fc55aa, HEAD~260
2021-07-03 21:03:07,213 DEBUG                  - depth 2, hash f15531c, HEAD~285
2021-07-03 21:03:07,218 DEBUG    [single line]   com/fasterxml/jackson/core/JsonGenerator.java <clinit> 95
2021-07-03 21:03:07,235 DEBUG                  - depth 0, hash 0735190, HEAD~259
2021-07-03 21:03:07,241 DEBUG                  - depth 1, hash 9fc55aa, HEAD~260
2021-07-03 21:03:07,245 DEBUG                  - depth 2, hash f15531c, HEAD~285
2021-07-03 21:03:07,249 DEBUG    [single line]   com/fasterxml/jackson/core/JsonGenerator.java <clinit> 107
2021-07-03 21:03:07,264 DEBUG                  - depth 0, hash 0dba714, HEAD~22
2021-07-03 21:03:07,269 DEBUG    [single line]   com/fasterxml/jackson/core/JsonGenerator.java <clinit> 120
2021-07-03 21:03:07,287 DEBUG                  - depth 0, hash 0735190, HEAD~259
2021-07-03 21:03:07,292 DEBUG                  - depth 1, hash 9fc55aa, HEAD~260
2021-07-03 21:03:07,296 DEBUG                  - depth 2, hash f15531c, HEAD~285
2021-07-03 21:03:07,300 DEBUG    [single line]   com/fasterxml/jackson/core/JsonGenerator.java <clinit> 131
2021-07-03 21:03:07,318 DEBUG                  - depth 0, hash 0735190, HEAD~259
2021-07-03 21:03:07,323 DEBUG                  - depth 1, hash 9fc55aa, HEAD~260
2021-07-03 21:03:07,327 DEBUG                  - depth 2, hash f15531c, HEAD~285
2021-07-03 21:03:07,332 DEBUG    [line range] com/fasterxml/jackson/core/JsonGenerator.java <init> 154:157
2021-07-03 21:03:07,349 DEBUG                  - depth 0, hash 0735190, HEAD~259
2021-07-03 21:03:07,355 DEBUG                  - depth 1, hash 9fc55aa, HEAD~260
2021-07-03 21:03:07,359 DEBUG                  - depth 2, hash f15531c, HEAD~285
2021-07-03 21:03:07,363 DEBUG    [line range] com/fasterxml/jackson/core/JsonGenerator.java collectDefaults 143:152
2021-07-03 21:03:07,380 DEBUG                  - depth 0, hash f15531c, HEAD~285
2021-07-03 21:03:07,386 DEBUG    [line range] com/fasterxml/jackson/core/JsonGenerator.java enabledByDefault 159:159
2021-07-03 21:03:07,404 DEBUG                  - depth 0, hash f15531c, HEAD~285
2021-07-03 21:03:07,409 DEBUG    [line range] com/fasterxml/jackson/core/JsonGenerator.java getMask 160:160
2021-07-03 21:03:07,426 DEBUG                  - depth 0, hash f15531c, HEAD~285
2021-07-03 21:03:07,743 DEBUG    [line range] com/fasterxml/jackson/core/JsonLocation.java <clinit> 22:22
2021-07-03 21:03:07,756 DEBUG                  - depth 0, hash f15531c, HEAD~285
2021-07-03 21:03:07,761 DEBUG    [line range] com/fasterxml/jackson/core/JsonLocation.java <init> 37:45
2021-07-03 21:03:07,774 DEBUG                  - depth 0, hash f15531c, HEAD~285
2021-07-03 21:03:07,780 DEBUG    [line range] com/fasterxml/jackson/core/JsonLocation.java <init> 47:55
2021-07-03 21:03:07,792 DEBUG                  - depth 0, hash 3c75618, HEAD~279
2021-07-03 21:03:07,798 DEBUG                  - depth 1, hash f15531c, HEAD~285
2021-07-03 21:03:07,802 DEBUG    [line range] com/fasterxml/jackson/core/JsonLocation.java toString 92:108
2021-07-03 21:03:07,815 DEBUG                  - depth 0, hash f15531c, HEAD~285
2021-07-03 21:03:08,097 DEBUG    [line range] com/fasterxml/jackson/core/JsonParseException.java <init> 18:21
2021-07-03 21:03:08,110 DEBUG                  - depth 0, hash f15531c, HEAD~285
2021-07-03 21:03:08,516 DEBUG    [line range] com/fasterxml/jackson/core/JsonParser.java <init> 207:207
2021-07-03 21:03:08,534 DEBUG                  - depth 0, hash f15531c, HEAD~285
2021-07-03 21:03:08,539 DEBUG    [line range] com/fasterxml/jackson/core/JsonParser.java _constructError 1468:1471
2021-07-03 21:03:08,557 DEBUG                  - depth 0, hash f15531c, HEAD~285
2021-07-03 21:03:08,562 DEBUG    [line range] com/fasterxml/jackson/core/JsonParser.java isEnabled 441:443
2021-07-03 21:03:08,579 DEBUG                  - depth 0, hash f15531c, HEAD~285
2021-07-03 21:03:08,585 DEBUG    [single line]   com/fasterxml/jackson/core/JsonParser.java <clinit> 43
2021-07-03 21:03:08,602 DEBUG                  - depth 0, hash f15531c, HEAD~285
2021-07-03 21:03:08,608 DEBUG    [single line]   com/fasterxml/jackson/core/JsonParser.java <clinit> 59
2021-07-03 21:03:08,625 DEBUG                  - depth 0, hash 0735190, HEAD~259
2021-07-03 21:03:08,631 DEBUG                  - depth 1, hash 9fc55aa, HEAD~260
2021-07-03 21:03:08,635 DEBUG                  - depth 2, hash f15531c, HEAD~285
2021-07-03 21:03:08,639 DEBUG    [single line]   com/fasterxml/jackson/core/JsonParser.java <clinit> 75
2021-07-03 21:03:08,657 DEBUG                  - depth 0, hash 0735190, HEAD~259
2021-07-03 21:03:08,662 DEBUG                  - depth 1, hash 9fc55aa, HEAD~260
2021-07-03 21:03:08,667 DEBUG                  - depth 2, hash f15531c, HEAD~285
2021-07-03 21:03:08,671 DEBUG    [single line]   com/fasterxml/jackson/core/JsonParser.java <clinit> 86
2021-07-03 21:03:08,689 DEBUG                  - depth 0, hash 0735190, HEAD~259
2021-07-03 21:03:08,694 DEBUG                  - depth 1, hash 9fc55aa, HEAD~260
2021-07-03 21:03:08,698 DEBUG                  - depth 2, hash f15531c, HEAD~285
2021-07-03 21:03:08,702 DEBUG    [single line]   com/fasterxml/jackson/core/JsonParser.java <clinit> 99
2021-07-03 21:03:08,720 DEBUG                  - depth 0, hash 0735190, HEAD~259
2021-07-03 21:03:08,726 DEBUG                  - depth 1, hash 9fc55aa, HEAD~260
2021-07-03 21:03:08,730 DEBUG                  - depth 2, hash f15531c, HEAD~285
2021-07-03 21:03:08,734 DEBUG    [single line]   com/fasterxml/jackson/core/JsonParser.java <clinit> 112
2021-07-03 21:03:08,753 DEBUG                  - depth 0, hash 0735190, HEAD~259
2021-07-03 21:03:08,758 DEBUG                  - depth 1, hash 9fc55aa, HEAD~260
2021-07-03 21:03:08,762 DEBUG                  - depth 2, hash f15531c, HEAD~285
2021-07-03 21:03:08,766 DEBUG    [single line]   com/fasterxml/jackson/core/JsonParser.java <clinit> 123
2021-07-03 21:03:08,785 DEBUG                  - depth 0, hash 0735190, HEAD~259
2021-07-03 21:03:08,790 DEBUG                  - depth 1, hash 9fc55aa, HEAD~260
2021-07-03 21:03:08,794 DEBUG                  - depth 2, hash f15531c, HEAD~285
2021-07-03 21:03:08,798 DEBUG    [single line]   com/fasterxml/jackson/core/JsonParser.java <clinit> 135
2021-07-03 21:03:08,816 DEBUG                  - depth 0, hash 0735190, HEAD~259
2021-07-03 21:03:08,822 DEBUG                  - depth 1, hash 9fc55aa, HEAD~260
2021-07-03 21:03:08,826 DEBUG                  - depth 2, hash f15531c, HEAD~285
2021-07-03 21:03:08,830 DEBUG    [single line]   com/fasterxml/jackson/core/JsonParser.java <clinit> 155
2021-07-03 21:03:08,848 DEBUG                  - depth 0, hash 0735190, HEAD~259
2021-07-03 21:03:08,853 DEBUG                  - depth 1, hash 9fc55aa, HEAD~260
2021-07-03 21:03:08,858 DEBUG                  - depth 2, hash f15531c, HEAD~285
2021-07-03 21:03:08,862 DEBUG    [line range] com/fasterxml/jackson/core/JsonParser.java <init> 179:181
2021-07-03 21:03:08,879 DEBUG                  - depth 0, hash 0735190, HEAD~259
2021-07-03 21:03:08,885 DEBUG                  - depth 1, hash 9fc55aa, HEAD~260
2021-07-03 21:03:08,889 DEBUG                  - depth 2, hash f15531c, HEAD~285
2021-07-03 21:03:08,893 DEBUG    [line range] com/fasterxml/jackson/core/JsonParser.java collectDefaults 168:177
2021-07-03 21:03:08,912 DEBUG                  - depth 0, hash f15531c, HEAD~285
2021-07-03 21:03:08,917 DEBUG    [line range] com/fasterxml/jackson/core/JsonParser.java enabledByDefault 183:183
2021-07-03 21:03:08,935 DEBUG                  - depth 0, hash f15531c, HEAD~285
2021-07-03 21:03:08,940 DEBUG    [line range] com/fasterxml/jackson/core/JsonParser.java getMask 185:185
2021-07-03 21:03:08,959 DEBUG                  - depth 0, hash f15531c, HEAD~285
2021-07-03 21:03:09,270 DEBUG    [line range] com/fasterxml/jackson/core/JsonProcessingException.java <init> 39:42
2021-07-03 21:03:09,283 DEBUG                  - depth 0, hash f15531c, HEAD~285
2021-07-03 21:03:09,288 DEBUG    [line range] com/fasterxml/jackson/core/JsonProcessingException.java <init> 22:32
2021-07-03 21:03:09,301 DEBUG                  - depth 0, hash 8e922aa, HEAD~241
2021-07-03 21:03:09,306 DEBUG                  - depth 1, hash f15531c, HEAD~285
2021-07-03 21:03:09,311 DEBUG    [line range] com/fasterxml/jackson/core/JsonProcessingException.java getLocation 54:56
2021-07-03 21:03:09,323 DEBUG                  - depth 0, hash 8e922aa, HEAD~241
2021-07-03 21:03:09,329 DEBUG                  - depth 1, hash f15531c, HEAD~285
2021-07-03 21:03:09,333 DEBUG    [line range] com/fasterxml/jackson/core/JsonProcessingException.java getMessage 100:124
2021-07-03 21:03:09,346 DEBUG                  - depth 0, hash 8e922aa, HEAD~241
2021-07-03 21:03:09,351 DEBUG                  - depth 1, hash f15531c, HEAD~285
2021-07-03 21:03:09,356 DEBUG    [line range] com/fasterxml/jackson/core/JsonProcessingException.java getMessageSuffix 87:89
2021-07-03 21:03:09,368 DEBUG                  - depth 0, hash 8e922aa, HEAD~241
2021-07-03 21:03:09,374 DEBUG                  - depth 1, hash f15531c, HEAD~285
2021-07-03 21:03:09,664 DEBUG    [line range] com/fasterxml/jackson/core/JsonStreamContext.java <init> 43:43
2021-07-03 21:03:09,677 DEBUG                  - depth 0, hash f15531c, HEAD~285
2021-07-03 21:03:09,682 DEBUG    [line range] com/fasterxml/jackson/core/JsonStreamContext.java inObject 74:74
2021-07-03 21:03:09,695 DEBUG                  - depth 0, hash f15531c, HEAD~285
2021-07-03 21:03:10,012 DEBUG    [single line]   com/fasterxml/jackson/core/JsonToken.java <clinit> 12
2021-07-03 21:03:10,025 DEBUG                  - depth 0, hash f15531c, HEAD~285
2021-07-03 21:03:10,030 DEBUG    [single line]   com/fasterxml/jackson/core/JsonToken.java <clinit> 31
2021-07-03 21:03:10,043 DEBUG                  - depth 0, hash f15531c, HEAD~285
2021-07-03 21:03:10,049 DEBUG    [single line]   com/fasterxml/jackson/core/JsonToken.java <clinit> 37
2021-07-03 21:03:10,061 DEBUG                  - depth 0, hash f15531c, HEAD~285
2021-07-03 21:03:10,067 DEBUG    [single line]   com/fasterxml/jackson/core/JsonToken.java <clinit> 43
2021-07-03 21:03:10,079 DEBUG                  - depth 0, hash f15531c, HEAD~285
2021-07-03 21:03:10,085 DEBUG    [single line]   com/fasterxml/jackson/core/JsonToken.java <clinit> 49
2021-07-03 21:03:10,098 DEBUG                  - depth 0, hash f15531c, HEAD~285
2021-07-03 21:03:10,103 DEBUG    [single line]   com/fasterxml/jackson/core/JsonToken.java <clinit> 55
2021-07-03 21:03:10,116 DEBUG                  - depth 0, hash f15531c, HEAD~285
2021-07-03 21:03:10,122 DEBUG    [single line]   com/fasterxml/jackson/core/JsonToken.java <clinit> 61
2021-07-03 21:03:10,134 DEBUG                  - depth 0, hash f15531c, HEAD~285
2021-07-03 21:03:10,140 DEBUG    [single line]   com/fasterxml/jackson/core/JsonToken.java <clinit> 73
2021-07-03 21:03:10,152 DEBUG                  - depth 0, hash f15531c, HEAD~285
2021-07-03 21:03:10,158 DEBUG    [single line]   com/fasterxml/jackson/core/JsonToken.java <clinit> 80
2021-07-03 21:03:10,171 DEBUG                  - depth 0, hash f15531c, HEAD~285
2021-07-03 21:03:10,176 DEBUG    [single line]   com/fasterxml/jackson/core/JsonToken.java <clinit> 88
2021-07-03 21:03:10,189 DEBUG                  - depth 0, hash f15531c, HEAD~285
2021-07-03 21:03:10,194 DEBUG    [single line]   com/fasterxml/jackson/core/JsonToken.java <clinit> 96
2021-07-03 21:03:10,207 DEBUG                  - depth 0, hash f15531c, HEAD~285
2021-07-03 21:03:10,213 DEBUG    [single line]   com/fasterxml/jackson/core/JsonToken.java <clinit> 102
2021-07-03 21:03:10,225 DEBUG                  - depth 0, hash f15531c, HEAD~285
2021-07-03 21:03:10,231 DEBUG    [single line]   com/fasterxml/jackson/core/JsonToken.java <clinit> 108
2021-07-03 21:03:10,244 DEBUG                  - depth 0, hash f15531c, HEAD~285
2021-07-03 21:03:10,249 DEBUG    [single line]   com/fasterxml/jackson/core/JsonToken.java <clinit> 114
2021-07-03 21:03:10,262 DEBUG                  - depth 0, hash f15531c, HEAD~285
2021-07-03 21:03:10,267 DEBUG    [line range] com/fasterxml/jackson/core/JsonToken.java <init> 127:143
2021-07-03 21:03:10,280 DEBUG                  - depth 0, hash f15531c, HEAD~285
2021-07-03 21:03:10,727 DEBUG    [line range] com/fasterxml/jackson/core/base/ParserBase.java <clinit> 196:196
2021-07-03 21:03:10,741 DEBUG                  - depth 0, hash 9340204, HEAD~216
2021-07-03 21:03:10,747 DEBUG                  - depth 1, hash f15531c, HEAD~285
2021-07-03 21:03:10,751 DEBUG    [line range] com/fasterxml/jackson/core/base/ParserBase.java <init> 55:55
2021-07-03 21:03:10,766 DEBUG                  - depth 0, hash f15531c, HEAD~285
2021-07-03 21:03:10,772 DEBUG    [line range] com/fasterxml/jackson/core/base/ParserBase.java _releaseBuffers 472:480
2021-07-03 21:03:10,786 DEBUG                  - depth 0, hash f15531c, HEAD~285
2021-07-03 21:03:10,792 DEBUG    [line range] com/fasterxml/jackson/core/base/ParserBase.java close 345:358
2021-07-03 21:03:10,806 DEBUG                  - depth 0, hash 487fe10, HEAD~247
2021-07-03 21:03:10,812 DEBUG                  - depth 1, hash f15531c, HEAD~285
2021-07-03 21:03:10,816 DEBUG    [line range] com/fasterxml/jackson/core/base/ParserBase.java convertNumberToBigDecimal 944:969
2021-07-03 21:03:10,830 DEBUG                  - depth 0, hash e92d04f, HEAD~21
2021-07-03 21:03:10,836 DEBUG                  - depth 1, hash a629bb9, HEAD~73
2021-07-03 21:03:10,840 DEBUG                  - depth 2, hash f15531c, HEAD~285
2021-07-03 21:03:10,844 DEBUG    [line range] com/fasterxml/jackson/core/base/ParserBase.java getCurrentLocation 387:394
2021-07-03 21:03:10,859 DEBUG                  - depth 0, hash f15531c, HEAD~285
2021-07-03 21:03:10,864 DEBUG    [line range] com/fasterxml/jackson/core/base/ParserBase.java getDecimalValue 706:718
2021-07-03 21:03:10,878 DEBUG                  - depth 0, hash f15531c, HEAD~285
2021-07-03 21:03:10,884 DEBUG    [line range] com/fasterxml/jackson/core/base/ParserBase.java getDoubleValue 692:704
2021-07-03 21:03:10,898 DEBUG                  - depth 0, hash f15531c, HEAD~285
2021-07-03 21:03:10,904 DEBUG    [line range] com/fasterxml/jackson/core/base/ParserBase.java resetAsNaN 560:566
2021-07-03 21:03:10,918 DEBUG                  - depth 0, hash f15531c, HEAD~285
2021-07-03 21:03:11,326 DEBUG    [line range] com/fasterxml/jackson/core/base/ParserMinimalBase.java <init> 78:78
2021-07-03 21:03:11,340 DEBUG                  - depth 0, hash f15531c, HEAD~285
2021-07-03 21:03:11,346 DEBUG    [line range] com/fasterxml/jackson/core/base/ParserMinimalBase.java _reportError 561:565
2021-07-03 21:03:11,359 DEBUG                  - depth 0, hash f15531c, HEAD~285
2021-07-03 21:03:11,707 DEBUG    [line range] com/fasterxml/jackson/core/io/IOContext.java <init> 57:57
2021-07-03 21:03:11,720 DEBUG                  - depth 0, hash f15531c, HEAD~285
2021-07-03 21:03:11,726 DEBUG    [line range] com/fasterxml/jackson/core/io/IOContext.java _verifyAlloc 244:249
2021-07-03 21:03:11,738 DEBUG                  - depth 0, hash 2343927, HEAD~75
2021-07-03 21:03:11,744 DEBUG    [line range] com/fasterxml/jackson/core/io/IOContext.java _verifyRelease 251:256
2021-07-03 21:03:11,756 DEBUG                  - depth 0, hash 2343927, HEAD~75
2021-07-03 21:03:11,762 DEBUG    [line range] com/fasterxml/jackson/core/io/IOContext.java allocTokenBuffer 156:160
2021-07-03 21:03:11,775 DEBUG                  - depth 0, hash 2343927, HEAD~75
2021-07-03 21:03:11,780 DEBUG                  - depth 1, hash 1dc2c61, HEAD~149
2021-07-03 21:03:11,784 DEBUG                  - depth 2, hash f15531c, HEAD~285
2021-07-03 21:03:11,788 DEBUG    [line range] com/fasterxml/jackson/core/io/IOContext.java constructTextBuffer 126:128
2021-07-03 21:03:11,802 DEBUG                  - depth 0, hash 1dc2c61, HEAD~149
2021-07-03 21:03:11,807 DEBUG                  - depth 1, hash f15531c, HEAD~285
2021-07-03 21:03:11,811 DEBUG    [line range] com/fasterxml/jackson/core/io/IOContext.java getSourceReference 116:116
2021-07-03 21:03:11,825 DEBUG                  - depth 0, hash 1dc2c61, HEAD~149
2021-07-03 21:03:11,830 DEBUG                  - depth 1, hash f15531c, HEAD~285
2021-07-03 21:03:11,835 DEBUG    [line range] com/fasterxml/jackson/core/io/IOContext.java isResourceManaged 118:118
2021-07-03 21:03:11,848 DEBUG                  - depth 0, hash 1dc2c61, HEAD~149
2021-07-03 21:03:11,853 DEBUG                  - depth 1, hash f15531c, HEAD~285
2021-07-03 21:03:11,858 DEBUG    [line range] com/fasterxml/jackson/core/io/IOContext.java releaseTokenBuffer 211:218
2021-07-03 21:03:11,871 DEBUG                  - depth 0, hash 2343927, HEAD~75
2021-07-03 21:03:11,876 DEBUG                  - depth 1, hash 1dc2c61, HEAD~149
2021-07-03 21:03:11,881 DEBUG                  - depth 2, hash f15531c, HEAD~285
2021-07-03 21:03:12,230 DEBUG    [line range] com/fasterxml/jackson/core/io/SerializedString.java <init> 38:43
2021-07-03 21:03:12,243 DEBUG                  - depth 0, hash 95f76a4, HEAD~143
2021-07-03 21:03:12,249 DEBUG                  - depth 1, hash f15531c, HEAD~285
2021-07-03 21:03:12,575 DEBUG    [line range] com/fasterxml/jackson/core/json/JsonReadContext.java <init> 34:34
2021-07-03 21:03:12,588 DEBUG                  - depth 0, hash f15531c, HEAD~285
2021-07-03 21:03:12,594 DEBUG    [line range] com/fasterxml/jackson/core/json/JsonReadContext.java createChildArrayContext 73:82
2021-07-03 21:03:12,607 DEBUG                  - depth 0, hash 1dc2c61, HEAD~149
2021-07-03 21:03:12,612 DEBUG                  - depth 1, hash f15531c, HEAD~285
2021-07-03 21:03:12,617 DEBUG    [line range] com/fasterxml/jackson/core/json/JsonReadContext.java createRootContext 68:71
2021-07-03 21:03:12,630 DEBUG                  - depth 0, hash f15531c, HEAD~285
2021-07-03 21:03:12,635 DEBUG    [line range] com/fasterxml/jackson/core/json/JsonReadContext.java expectComma 133:141
2021-07-03 21:03:12,648 DEBUG                  - depth 0, hash 1dc2c61, HEAD~149
2021-07-03 21:03:12,653 DEBUG                  - depth 1, hash f15531c, HEAD~285
2021-07-03 21:03:13,156 DEBUG    [line range] com/fasterxml/jackson/core/json/ReaderBasedJsonParser.java <init> 62:62
2021-07-03 21:03:13,174 DEBUG                  - depth 0, hash f15531c, HEAD~285
2021-07-03 21:03:13,180 DEBUG    [line range] com/fasterxml/jackson/core/json/ReaderBasedJsonParser.java _closeInput 149:165
2021-07-03 21:03:13,197 DEBUG                  - depth 0, hash f15531c, HEAD~285
2021-07-03 21:03:13,203 DEBUG    [line range] com/fasterxml/jackson/core/json/ReaderBasedJsonParser.java _getText2 243:260
2021-07-03 21:03:13,220 DEBUG                  - depth 0, hash ab1b250, HEAD~77
2021-07-03 21:03:13,226 DEBUG                  - depth 1, hash 1dc2c61, HEAD~149
2021-07-03 21:03:13,231 DEBUG                  - depth 2, hash f15531c, HEAD~285
2021-07-03 21:03:13,235 DEBUG    [line range] com/fasterxml/jackson/core/json/ReaderBasedJsonParser.java _handleUnexpectedValue 1348:1394
2021-07-03 21:03:13,253 DEBUG                  - depth 0, hash ad28e35, HEAD~23
2021-07-03 21:03:13,259 DEBUG                  - depth 1, hash c2d7459, HEAD~30
2021-07-03 21:03:13,263 DEBUG                  - depth 2, hash 1dc2c61, HEAD~149
2021-07-03 21:03:13,267 DEBUG                  - depth 3, hash f15531c, HEAD~285
2021-07-03 21:03:13,271 DEBUG    [line range] com/fasterxml/jackson/core/json/ReaderBasedJsonParser.java _matchToken 1818:1850
2021-07-03 21:03:13,289 DEBUG                  - depth 0, hash ab1b250, HEAD~77
2021-07-03 21:03:13,295 DEBUG                  - depth 1, hash 1dc2c61, HEAD~149
2021-07-03 21:03:13,299 DEBUG                  - depth 2, hash 48e38a8, HEAD~207
2021-07-03 21:03:13,303 DEBUG                  - depth 3, hash f15531c, HEAD~285
2021-07-03 21:03:13,308 DEBUG    [line range] com/fasterxml/jackson/core/json/ReaderBasedJsonParser.java _releaseBuffers 173:183
2021-07-03 21:03:13,325 DEBUG                  - depth 0, hash f15531c, HEAD~285
2021-07-03 21:03:13,331 DEBUG    [line range] com/fasterxml/jackson/core/json/ReaderBasedJsonParser.java _skipWSOrEnd 1661:1686
2021-07-03 21:03:13,348 DEBUG                  - depth 0, hash 1dc2c61, HEAD~149
2021-07-03 21:03:13,354 DEBUG                  - depth 1, hash f15531c, HEAD~285
2021-07-03 21:03:13,358 DEBUG    [line range] com/fasterxml/jackson/core/json/ReaderBasedJsonParser.java close 811:816
2021-07-03 21:03:13,375 DEBUG                  - depth 0, hash f15531c, HEAD~285
2021-07-03 21:03:13,381 DEBUG    [line range] com/fasterxml/jackson/core/json/ReaderBasedJsonParser.java getText 197:210
2021-07-03 21:03:13,399 DEBUG                  - depth 0, hash 1dc2c61, HEAD~149
2021-07-03 21:03:13,404 DEBUG                  - depth 1, hash f15531c, HEAD~285
2021-07-03 21:03:13,409 DEBUG    [line range] com/fasterxml/jackson/core/json/ReaderBasedJsonParser.java loadMore 115:136
2021-07-03 21:03:13,426 DEBUG                  - depth 0, hash 1dc2c61, HEAD~149
2021-07-03 21:03:13,432 DEBUG                  - depth 1, hash f15531c, HEAD~285
2021-07-03 21:03:13,437 DEBUG    [line range] com/fasterxml/jackson/core/json/ReaderBasedJsonParser.java nextToken 537:680
2021-07-03 21:03:13,454 DEBUG                  - depth 0, hash f15531c, HEAD~285
2021-07-03 21:03:13,460 DEBUG    [line range] com/fasterxml/jackson/core/json/ReaderBasedJsonParser.java <clinit> 243:260
2021-07-03 21:03:13,478 DEBUG                  - depth 0, hash ab1b250, HEAD~77
2021-07-03 21:03:13,483 DEBUG                  - depth 1, hash 1dc2c61, HEAD~149
2021-07-03 21:03:13,487 DEBUG                  - depth 2, hash f15531c, HEAD~285
2021-07-03 21:03:13,948 DEBUG    [line range] com/fasterxml/jackson/core/sym/BytesToNameCanonicalizer.java <init> 239:260
2021-07-03 21:03:13,963 DEBUG                  - depth 0, hash 30f0352, HEAD~175
2021-07-03 21:03:13,969 DEBUG                  - depth 1, hash 3532520, HEAD~186
2021-07-03 21:03:13,973 DEBUG                  - depth 2, hash f15531c, HEAD~285
2021-07-03 21:03:13,978 DEBUG    [line range] com/fasterxml/jackson/core/sym/BytesToNameCanonicalizer.java createRoot 317:326
2021-07-03 21:03:13,992 DEBUG                  - depth 0, hash 321d809, HEAD~146
2021-07-03 21:03:13,998 DEBUG                  - depth 1, hash 9c9622d, HEAD~178
2021-07-03 21:03:14,002 DEBUG    [line range] com/fasterxml/jackson/core/sym/BytesToNameCanonicalizer.java createRoot 332:334
2021-07-03 21:03:14,017 DEBUG                  - depth 0, hash 9c9622d, HEAD~178
2021-07-03 21:03:14,023 DEBUG                  - depth 1, hash f15531c, HEAD~285
2021-07-03 21:03:14,027 DEBUG    [line range] com/fasterxml/jackson/core/sym/BytesToNameCanonicalizer.java initTableInfo 294:305
2021-07-03 21:03:14,042 DEBUG                  - depth 0, hash 30f0352, HEAD~175
2021-07-03 21:03:14,048 DEBUG                  - depth 1, hash bda3a91, HEAD~187
2021-07-03 21:03:14,052 DEBUG                  - depth 2, hash f15531c, HEAD~285
2021-07-03 21:03:14,056 DEBUG    [line range] com/fasterxml/jackson/core/sym/BytesToNameCanonicalizer.java <init> 1117:1128
2021-07-03 21:03:14,069 DEBUG                  - depth 0, hash 30f0352, HEAD~175
2021-07-03 21:03:14,465 DEBUG    [single line]   com/fasterxml/jackson/core/sym/CharsToNameCanonicalizer.java <clinit> 97
2021-07-03 21:03:14,480 DEBUG                  - depth 0, hash f15531c, HEAD~285
2021-07-03 21:03:14,486 DEBUG    [single line]   com/fasterxml/jackson/core/sym/CharsToNameCanonicalizer.java <clinit> 98
2021-07-03 21:03:14,500 DEBUG                  - depth 0, hash f15531c, HEAD~285
2021-07-03 21:03:14,506 DEBUG    [line range] com/fasterxml/jackson/core/sym/CharsToNameCanonicalizer.java <init> 233:243
2021-07-03 21:03:14,519 DEBUG                  - depth 0, hash a7ec583, HEAD~189
2021-07-03 21:03:14,525 DEBUG                  - depth 1, hash f15531c, HEAD~285
2021-07-03 21:03:14,529 DEBUG    [line range] com/fasterxml/jackson/core/sym/CharsToNameCanonicalizer.java <init> 264:285
2021-07-03 21:03:14,543 DEBUG                  - depth 0, hash bda3a91, HEAD~187
2021-07-03 21:03:14,549 DEBUG                  - depth 1, hash a7ec583, HEAD~189
2021-07-03 21:03:14,553 DEBUG                  - depth 2, hash f15531c, HEAD~285
2021-07-03 21:03:14,557 DEBUG    [line range] com/fasterxml/jackson/core/sym/CharsToNameCanonicalizer.java _thresholdSize 257:259
2021-07-03 21:03:14,571 DEBUG                  - depth 0, hash 1dc2c61, HEAD~149
2021-07-03 21:03:14,577 DEBUG                  - depth 1, hash bda3a91, HEAD~187
2021-07-03 21:03:14,581 DEBUG    [line range] com/fasterxml/jackson/core/sym/CharsToNameCanonicalizer.java createRoot 212:221
2021-07-03 21:03:14,596 DEBUG                  - depth 0, hash 321d809, HEAD~146
2021-07-03 21:03:14,601 DEBUG                  - depth 1, hash 3532520, HEAD~186
2021-07-03 21:03:14,606 DEBUG                  - depth 2, hash a7ec583, HEAD~189
2021-07-03 21:03:14,610 DEBUG                  - depth 3, hash f15531c, HEAD~285
2021-07-03 21:03:14,614 DEBUG    [line range] com/fasterxml/jackson/core/sym/CharsToNameCanonicalizer.java createRoot 223:225
2021-07-03 21:03:14,629 DEBUG                  - depth 0, hash a7ec583, HEAD~189
2021-07-03 21:03:14,634 DEBUG                  - depth 1, hash f15531c, HEAD~285
2021-07-03 21:03:14,638 DEBUG    [line range] com/fasterxml/jackson/core/sym/CharsToNameCanonicalizer.java hashSeed 412:412
2021-07-03 21:03:14,652 DEBUG                  - depth 0, hash a7ec583, HEAD~189
2021-07-03 21:03:14,658 DEBUG    [line range] com/fasterxml/jackson/core/sym/CharsToNameCanonicalizer.java initTables 245:255
2021-07-03 21:03:14,672 DEBUG                  - depth 0, hash bda3a91, HEAD~187
2021-07-03 21:03:14,678 DEBUG                  - depth 1, hash a7ec583, HEAD~189
2021-07-03 21:03:14,682 DEBUG                  - depth 2, hash f15531c, HEAD~285
2021-07-03 21:03:14,687 DEBUG    [line range] com/fasterxml/jackson/core/sym/CharsToNameCanonicalizer.java makeChild 299:322
2021-07-03 21:03:14,701 DEBUG                  - depth 0, hash 66a5a60, HEAD~169
2021-07-03 21:03:14,707 DEBUG                  - depth 1, hash 9c9622d, HEAD~178
2021-07-03 21:03:14,711 DEBUG                  - depth 2, hash a7ec583, HEAD~189
2021-07-03 21:03:14,715 DEBUG                  - depth 3, hash f15531c, HEAD~285
2021-07-03 21:03:14,720 DEBUG    [line range] com/fasterxml/jackson/core/sym/CharsToNameCanonicalizer.java makeOrphan 324:328
2021-07-03 21:03:14,734 DEBUG                  - depth 0, hash a7ec583, HEAD~189
2021-07-03 21:03:14,739 DEBUG                  - depth 1, hash f15531c, HEAD~285
2021-07-03 21:03:14,744 DEBUG    [line range] com/fasterxml/jackson/core/sym/CharsToNameCanonicalizer.java maybeDirty 410:410
2021-07-03 21:03:14,758 DEBUG                  - depth 0, hash f15531c, HEAD~285
2021-07-03 21:03:14,763 DEBUG    [line range] com/fasterxml/jackson/core/sym/CharsToNameCanonicalizer.java release 377:391
2021-07-03 21:03:14,778 DEBUG                  - depth 0, hash f15531c, HEAD~285
2021-07-03 21:03:15,086 DEBUG    [line range] com/fasterxml/jackson/core/util/BufferRecycler.java <init> 55:55
2021-07-03 21:03:15,099 DEBUG                  - depth 0, hash f15531c, HEAD~285
2021-07-03 21:03:15,105 DEBUG    [line range] com/fasterxml/jackson/core/util/BufferRecycler.java allocCharBuffer 77:80
2021-07-03 21:03:15,117 DEBUG                  - depth 0, hash f15531c, HEAD~285
2021-07-03 21:03:15,123 DEBUG    [line range] com/fasterxml/jackson/core/util/BufferRecycler.java allocCharBuffer 82:95
2021-07-03 21:03:15,136 DEBUG                  - depth 0, hash f15531c, HEAD~285
2021-07-03 21:03:15,142 DEBUG    [line range] com/fasterxml/jackson/core/util/BufferRecycler.java calloc 113:116
2021-07-03 21:03:15,155 DEBUG                  - depth 0, hash 6c842ae, HEAD~148
2021-07-03 21:03:15,160 DEBUG                  - depth 1, hash f15531c, HEAD~285
2021-07-03 21:03:15,165 DEBUG    [line range] com/fasterxml/jackson/core/util/BufferRecycler.java releaseCharBuffer 97:100
2021-07-03 21:03:15,177 DEBUG                  - depth 0, hash f15531c, HEAD~285
2021-07-03 21:03:15,183 DEBUG    [single line]   com/fasterxml/jackson/core/util/BufferRecycler.java <clinit> 15
2021-07-03 21:03:15,196 DEBUG                  - depth 0, hash f15531c, HEAD~285
2021-07-03 21:03:15,201 DEBUG    [single line]   com/fasterxml/jackson/core/util/BufferRecycler.java <clinit> 16
2021-07-03 21:03:15,214 DEBUG                  - depth 0, hash f15531c, HEAD~285
2021-07-03 21:03:15,220 DEBUG    [single line]   com/fasterxml/jackson/core/util/BufferRecycler.java <clinit> 21
2021-07-03 21:03:15,232 DEBUG                  - depth 0, hash f15531c, HEAD~285
2021-07-03 21:03:15,238 DEBUG    [single line]   com/fasterxml/jackson/core/util/BufferRecycler.java <clinit> 27
2021-07-03 21:03:15,251 DEBUG                  - depth 0, hash f15531c, HEAD~285
2021-07-03 21:03:15,256 DEBUG    [single line]   com/fasterxml/jackson/core/util/BufferRecycler.java <clinit> 35
2021-07-03 21:03:15,269 DEBUG                  - depth 0, hash 2e70a2a, HEAD~203
2021-07-03 21:03:15,275 DEBUG    [line range] com/fasterxml/jackson/core/util/BufferRecycler.java <init> 40:40
2021-07-03 21:03:15,287 DEBUG                  - depth 0, hash f15531c, HEAD~285
2021-07-03 21:03:15,293 DEBUG    [single line]   com/fasterxml/jackson/core/util/BufferRecycler.java <clinit> 43
2021-07-03 21:03:15,305 DEBUG                  - depth 0, hash f15531c, HEAD~285
2021-07-03 21:03:15,311 DEBUG    [single line]   com/fasterxml/jackson/core/util/BufferRecycler.java <clinit> 44
2021-07-03 21:03:15,324 DEBUG                  - depth 0, hash f15531c, HEAD~285
2021-07-03 21:03:15,329 DEBUG    [single line]   com/fasterxml/jackson/core/util/BufferRecycler.java <clinit> 45
2021-07-03 21:03:15,342 DEBUG                  - depth 0, hash f15531c, HEAD~285
2021-07-03 21:03:15,348 DEBUG    [single line]   com/fasterxml/jackson/core/util/BufferRecycler.java <clinit> 46
2021-07-03 21:03:15,360 DEBUG                  - depth 0, hash f15531c, HEAD~285
2021-07-03 21:03:15,366 DEBUG    [single line]   com/fasterxml/jackson/core/util/BufferRecycler.java <clinit> 47
2021-07-03 21:03:15,379 DEBUG                  - depth 0, hash f15531c, HEAD~285
2021-07-03 21:03:15,756 DEBUG    [line range] com/fasterxml/jackson/core/util/DefaultPrettyPrinter.java <clinit> 29:29
2021-07-03 21:03:15,770 DEBUG                  - depth 0, hash e6dfc69, HEAD~152
2021-07-03 21:03:16,165 DEBUG    [line range] com/fasterxml/jackson/core/util/TextBuffer.java <clinit> 29:29
2021-07-03 21:03:16,179 DEBUG                  - depth 0, hash f15531c, HEAD~285
2021-07-03 21:03:16,185 DEBUG    [line range] com/fasterxml/jackson/core/util/TextBuffer.java <init> 85:85
2021-07-03 21:03:16,198 DEBUG                  - depth 0, hash f15531c, HEAD~285
2021-07-03 21:03:16,204 DEBUG    [line range] com/fasterxml/jackson/core/util/TextBuffer.java contentsAsString 330:367
2021-07-03 21:03:16,217 DEBUG                  - depth 0, hash f15531c, HEAD~285
2021-07-03 21:03:16,223 DEBUG    [line range] com/fasterxml/jackson/core/util/TextBuffer.java releaseBuffers 135:149
2021-07-03 21:03:16,236 DEBUG                  - depth 0, hash f15531c, HEAD~285
2021-07-03 21:03:16,241 DEBUG    [line range] com/fasterxml/jackson/core/util/TextBuffer.java resetWithString 213:227
2021-07-03 21:03:16,255 DEBUG                  - depth 0, hash f15531c, HEAD~285
2021-07-03 21:03:16,261 INFO     The number of BIC candidates: 31
