2021-07-03 21:03:36,458 INFO     Search BICs for /tmp/JacksonCore-2b/
2021-07-03 21:03:36,459 DEBUG    Reading the coverage of com.fasterxml.jackson.core.json.TestParserErrorHandling::testMangledNumbersChars (failings)
2021-07-03 21:03:36,533 DEBUG    Reading the coverage of com.fasterxml.jackson.core.json.TestParserErrorHandling::testMangledNumbersBytes (failings)
2021-07-03 21:03:36,596 INFO     Loaded 2x586 Coverage Matrix
2021-07-03 21:03:36,596 INFO     The number of total commits: 321
2021-07-03 21:03:37,024 DEBUG    [line range] com/fasterxml/jackson/core/JsonFactory.java <clinit> 140:140
2021-07-03 21:03:37,043 DEBUG                  - depth 0, hash 7b796a8, HEAD~78
2021-07-03 21:03:37,048 DEBUG                  - depth 1, hash 0735190, HEAD~289
2021-07-03 21:03:37,053 DEBUG    [line range] com/fasterxml/jackson/core/JsonFactory.java <init> 260:260
2021-07-03 21:03:37,071 DEBUG                  - depth 0, hash 7b796a8, HEAD~78
2021-07-03 21:03:37,076 DEBUG                  - depth 1, hash f15531c, HEAD~315
2021-07-03 21:03:37,080 DEBUG    [line range] com/fasterxml/jackson/core/JsonFactory.java <init> 175:175
2021-07-03 21:03:37,098 DEBUG                  - depth 0, hash 95f76a4, HEAD~173
2021-07-03 21:03:37,104 DEBUG                  - depth 1, hash f15531c, HEAD~315
2021-07-03 21:03:37,108 DEBUG    [line range] com/fasterxml/jackson/core/JsonFactory.java <init> 262:262
2021-07-03 21:03:37,126 DEBUG                  - depth 0, hash f15531c, HEAD~315
2021-07-03 21:03:37,132 DEBUG    [line range] com/fasterxml/jackson/core/JsonFactory.java _createContext 1412:1415
2021-07-03 21:03:37,150 DEBUG                  - depth 0, hash f15531c, HEAD~315
2021-07-03 21:03:37,155 DEBUG    [line range] com/fasterxml/jackson/core/JsonFactory.java _createParser 1270:1276
2021-07-03 21:03:37,173 DEBUG                  - depth 0, hash 6819492, HEAD~144
2021-07-03 21:03:37,178 DEBUG                  - depth 1, hash eeb2fbd, HEAD~235
2021-07-03 21:03:37,182 DEBUG                  - depth 2, hash f15531c, HEAD~315
2021-07-03 21:03:37,186 DEBUG    [line range] com/fasterxml/jackson/core/JsonFactory.java _getBufferRecycler 1423:1433
2021-07-03 21:03:37,204 DEBUG                  - depth 0, hash f15531c, HEAD~315
2021-07-03 21:03:37,210 DEBUG    [line range] com/fasterxml/jackson/core/JsonFactory.java createParser 772:782
2021-07-03 21:03:37,227 DEBUG                  - depth 0, hash 6819492, HEAD~144
2021-07-03 21:03:37,232 DEBUG                  - depth 1, hash feaabd1, HEAD~209
2021-07-03 21:03:37,237 DEBUG    [line range] com/fasterxml/jackson/core/JsonFactory.java isEnabled 496:498
2021-07-03 21:03:37,255 DEBUG                  - depth 0, hash 0735190, HEAD~289
2021-07-03 21:03:37,260 DEBUG    [line range] com/fasterxml/jackson/core/JsonFactory.java <init> 113:116
2021-07-03 21:03:37,278 DEBUG                  - depth 0, hash 0735190, HEAD~289
2021-07-03 21:03:37,283 DEBUG    [line range] com/fasterxml/jackson/core/JsonFactory.java collectDefaults 102:111
2021-07-03 21:03:37,301 DEBUG                  - depth 0, hash 0735190, HEAD~289
2021-07-03 21:03:37,307 DEBUG    [line range] com/fasterxml/jackson/core/JsonFactory.java enabledByDefault 118:118
2021-07-03 21:03:37,325 DEBUG                  - depth 0, hash 0735190, HEAD~289
2021-07-03 21:03:37,330 DEBUG    [line range] com/fasterxml/jackson/core/JsonFactory.java getMask 122:122
2021-07-03 21:03:37,349 DEBUG                  - depth 0, hash 0735190, HEAD~289
2021-07-03 21:03:37,767 DEBUG    [single line]   com/fasterxml/jackson/core/JsonGenerator.java <clinit> 27
2021-07-03 21:03:37,785 DEBUG                  - depth 0, hash f15531c, HEAD~315
2021-07-03 21:03:37,791 DEBUG    [single line]   com/fasterxml/jackson/core/JsonGenerator.java <clinit> 41
2021-07-03 21:03:37,809 DEBUG                  - depth 0, hash 0735190, HEAD~289
2021-07-03 21:03:37,814 DEBUG                  - depth 1, hash 9fc55aa, HEAD~290
2021-07-03 21:03:37,818 DEBUG                  - depth 2, hash f15531c, HEAD~315
2021-07-03 21:03:37,822 DEBUG    [single line]   com/fasterxml/jackson/core/JsonGenerator.java <clinit> 53
2021-07-03 21:03:37,841 DEBUG                  - depth 0, hash 0735190, HEAD~289
2021-07-03 21:03:37,846 DEBUG                  - depth 1, hash 9fc55aa, HEAD~290
2021-07-03 21:03:37,850 DEBUG                  - depth 2, hash f15531c, HEAD~315
2021-07-03 21:03:37,854 DEBUG    [single line]   com/fasterxml/jackson/core/JsonGenerator.java <clinit> 64
2021-07-03 21:03:37,873 DEBUG                  - depth 0, hash 0735190, HEAD~289
2021-07-03 21:03:37,878 DEBUG                  - depth 1, hash 9fc55aa, HEAD~290
2021-07-03 21:03:37,883 DEBUG                  - depth 2, hash f15531c, HEAD~315
2021-07-03 21:03:37,887 DEBUG    [single line]   com/fasterxml/jackson/core/JsonGenerator.java <clinit> 78
2021-07-03 21:03:37,906 DEBUG                  - depth 0, hash 0735190, HEAD~289
2021-07-03 21:03:37,911 DEBUG                  - depth 1, hash 9fc55aa, HEAD~290
2021-07-03 21:03:37,915 DEBUG                  - depth 2, hash f15531c, HEAD~315
2021-07-03 21:03:37,919 DEBUG    [single line]   com/fasterxml/jackson/core/JsonGenerator.java <clinit> 95
2021-07-03 21:03:37,938 DEBUG                  - depth 0, hash 0735190, HEAD~289
2021-07-03 21:03:37,943 DEBUG                  - depth 1, hash 9fc55aa, HEAD~290
2021-07-03 21:03:37,948 DEBUG                  - depth 2, hash f15531c, HEAD~315
2021-07-03 21:03:37,952 DEBUG    [single line]   com/fasterxml/jackson/core/JsonGenerator.java <clinit> 107
2021-07-03 21:03:37,968 DEBUG                  - depth 0, hash 0dba714, HEAD~52
2021-07-03 21:03:37,973 DEBUG    [single line]   com/fasterxml/jackson/core/JsonGenerator.java <clinit> 120
2021-07-03 21:03:37,992 DEBUG                  - depth 0, hash 0735190, HEAD~289
2021-07-03 21:03:37,997 DEBUG                  - depth 1, hash 9fc55aa, HEAD~290
2021-07-03 21:03:38,001 DEBUG                  - depth 2, hash f15531c, HEAD~315
2021-07-03 21:03:38,005 DEBUG    [single line]   com/fasterxml/jackson/core/JsonGenerator.java <clinit> 131
2021-07-03 21:03:38,024 DEBUG                  - depth 0, hash 0735190, HEAD~289
2021-07-03 21:03:38,029 DEBUG                  - depth 1, hash 9fc55aa, HEAD~290
2021-07-03 21:03:38,034 DEBUG                  - depth 2, hash f15531c, HEAD~315
2021-07-03 21:03:38,038 DEBUG    [line range] com/fasterxml/jackson/core/JsonGenerator.java <init> 154:157
2021-07-03 21:03:38,057 DEBUG                  - depth 0, hash 0735190, HEAD~289
2021-07-03 21:03:38,062 DEBUG                  - depth 1, hash 9fc55aa, HEAD~290
2021-07-03 21:03:38,066 DEBUG                  - depth 2, hash f15531c, HEAD~315
2021-07-03 21:03:38,070 DEBUG    [line range] com/fasterxml/jackson/core/JsonGenerator.java collectDefaults 143:152
2021-07-03 21:03:38,089 DEBUG                  - depth 0, hash f15531c, HEAD~315
2021-07-03 21:03:38,094 DEBUG    [line range] com/fasterxml/jackson/core/JsonGenerator.java enabledByDefault 159:159
2021-07-03 21:03:38,113 DEBUG                  - depth 0, hash f15531c, HEAD~315
2021-07-03 21:03:38,118 DEBUG    [line range] com/fasterxml/jackson/core/JsonGenerator.java getMask 160:160
2021-07-03 21:03:38,136 DEBUG                  - depth 0, hash f15531c, HEAD~315
2021-07-03 21:03:38,543 DEBUG    [line range] com/fasterxml/jackson/core/JsonParser.java <init> 221:221
2021-07-03 21:03:38,562 DEBUG                  - depth 0, hash f15531c, HEAD~315
2021-07-03 21:03:38,567 DEBUG    [single line]   com/fasterxml/jackson/core/JsonParser.java <clinit> 43
2021-07-03 21:03:38,586 DEBUG                  - depth 0, hash f15531c, HEAD~315
2021-07-03 21:03:38,591 DEBUG    [single line]   com/fasterxml/jackson/core/JsonParser.java <clinit> 59
2021-07-03 21:03:38,610 DEBUG                  - depth 0, hash 0735190, HEAD~289
2021-07-03 21:03:38,615 DEBUG                  - depth 1, hash 9fc55aa, HEAD~290
2021-07-03 21:03:38,619 DEBUG                  - depth 2, hash f15531c, HEAD~315
2021-07-03 21:03:38,624 DEBUG    [single line]   com/fasterxml/jackson/core/JsonParser.java <clinit> 75
2021-07-03 21:03:38,643 DEBUG                  - depth 0, hash 0735190, HEAD~289
2021-07-03 21:03:38,648 DEBUG                  - depth 1, hash 9fc55aa, HEAD~290
2021-07-03 21:03:38,652 DEBUG                  - depth 2, hash f15531c, HEAD~315
2021-07-03 21:03:38,656 DEBUG    [single line]   com/fasterxml/jackson/core/JsonParser.java <clinit> 89
2021-07-03 21:03:38,671 DEBUG                  - depth 0, hash 3f84224, HEAD~4
2021-07-03 21:03:38,676 DEBUG    [single line]   com/fasterxml/jackson/core/JsonParser.java <clinit> 100
2021-07-03 21:03:38,695 DEBUG                  - depth 0, hash 0735190, HEAD~289
2021-07-03 21:03:38,700 DEBUG                  - depth 1, hash 9fc55aa, HEAD~290
2021-07-03 21:03:38,704 DEBUG                  - depth 2, hash f15531c, HEAD~315
2021-07-03 21:03:38,708 DEBUG    [single line]   com/fasterxml/jackson/core/JsonParser.java <clinit> 113
2021-07-03 21:03:38,728 DEBUG                  - depth 0, hash 0735190, HEAD~289
2021-07-03 21:03:38,733 DEBUG                  - depth 1, hash 9fc55aa, HEAD~290
2021-07-03 21:03:38,737 DEBUG                  - depth 2, hash f15531c, HEAD~315
2021-07-03 21:03:38,741 DEBUG    [single line]   com/fasterxml/jackson/core/JsonParser.java <clinit> 126
2021-07-03 21:03:38,760 DEBUG                  - depth 0, hash 0735190, HEAD~289
2021-07-03 21:03:38,766 DEBUG                  - depth 1, hash 9fc55aa, HEAD~290
2021-07-03 21:03:38,770 DEBUG                  - depth 2, hash f15531c, HEAD~315
2021-07-03 21:03:38,774 DEBUG    [single line]   com/fasterxml/jackson/core/JsonParser.java <clinit> 137
2021-07-03 21:03:38,793 DEBUG                  - depth 0, hash 0735190, HEAD~289
2021-07-03 21:03:38,798 DEBUG                  - depth 1, hash 9fc55aa, HEAD~290
2021-07-03 21:03:38,802 DEBUG                  - depth 2, hash f15531c, HEAD~315
2021-07-03 21:03:38,807 DEBUG    [single line]   com/fasterxml/jackson/core/JsonParser.java <clinit> 149
2021-07-03 21:03:38,826 DEBUG                  - depth 0, hash 0735190, HEAD~289
2021-07-03 21:03:38,831 DEBUG                  - depth 1, hash 9fc55aa, HEAD~290
2021-07-03 21:03:38,835 DEBUG                  - depth 2, hash f15531c, HEAD~315
2021-07-03 21:03:38,839 DEBUG    [single line]   com/fasterxml/jackson/core/JsonParser.java <clinit> 169
2021-07-03 21:03:38,859 DEBUG                  - depth 0, hash 0735190, HEAD~289
2021-07-03 21:03:38,864 DEBUG                  - depth 1, hash 9fc55aa, HEAD~290
2021-07-03 21:03:38,868 DEBUG                  - depth 2, hash f15531c, HEAD~315
2021-07-03 21:03:38,873 DEBUG    [line range] com/fasterxml/jackson/core/JsonParser.java <init> 193:195
2021-07-03 21:03:38,892 DEBUG                  - depth 0, hash 0735190, HEAD~289
2021-07-03 21:03:38,897 DEBUG                  - depth 1, hash 9fc55aa, HEAD~290
2021-07-03 21:03:38,901 DEBUG                  - depth 2, hash f15531c, HEAD~315
2021-07-03 21:03:38,905 DEBUG    [line range] com/fasterxml/jackson/core/JsonParser.java collectDefaults 182:191
2021-07-03 21:03:38,924 DEBUG                  - depth 0, hash f15531c, HEAD~315
2021-07-03 21:03:38,930 DEBUG    [line range] com/fasterxml/jackson/core/JsonParser.java enabledByDefault 197:197
2021-07-03 21:03:38,949 DEBUG                  - depth 0, hash f15531c, HEAD~315
2021-07-03 21:03:38,954 DEBUG    [line range] com/fasterxml/jackson/core/JsonParser.java getMask 199:199
2021-07-03 21:03:38,973 DEBUG                  - depth 0, hash f15531c, HEAD~315
2021-07-03 21:03:39,281 DEBUG    [line range] com/fasterxml/jackson/core/JsonStreamContext.java <init> 43:43
2021-07-03 21:03:39,295 DEBUG                  - depth 0, hash f15531c, HEAD~315
2021-07-03 21:03:39,300 DEBUG    [line range] com/fasterxml/jackson/core/JsonStreamContext.java inObject 74:74
2021-07-03 21:03:39,314 DEBUG                  - depth 0, hash f15531c, HEAD~315
2021-07-03 21:03:39,641 DEBUG    [single line]   com/fasterxml/jackson/core/JsonToken.java <clinit> 12
2021-07-03 21:03:39,655 DEBUG                  - depth 0, hash f15531c, HEAD~315
2021-07-03 21:03:39,660 DEBUG    [single line]   com/fasterxml/jackson/core/JsonToken.java <clinit> 31
2021-07-03 21:03:39,674 DEBUG                  - depth 0, hash f15531c, HEAD~315
2021-07-03 21:03:39,679 DEBUG    [single line]   com/fasterxml/jackson/core/JsonToken.java <clinit> 37
2021-07-03 21:03:39,693 DEBUG                  - depth 0, hash f15531c, HEAD~315
2021-07-03 21:03:39,699 DEBUG    [single line]   com/fasterxml/jackson/core/JsonToken.java <clinit> 43
2021-07-03 21:03:39,713 DEBUG                  - depth 0, hash f15531c, HEAD~315
2021-07-03 21:03:39,718 DEBUG    [single line]   com/fasterxml/jackson/core/JsonToken.java <clinit> 49
2021-07-03 21:03:39,732 DEBUG                  - depth 0, hash f15531c, HEAD~315
2021-07-03 21:03:39,737 DEBUG    [single line]   com/fasterxml/jackson/core/JsonToken.java <clinit> 55
2021-07-03 21:03:39,751 DEBUG                  - depth 0, hash f15531c, HEAD~315
2021-07-03 21:03:39,756 DEBUG    [single line]   com/fasterxml/jackson/core/JsonToken.java <clinit> 61
2021-07-03 21:03:39,770 DEBUG                  - depth 0, hash f15531c, HEAD~315
2021-07-03 21:03:39,776 DEBUG    [single line]   com/fasterxml/jackson/core/JsonToken.java <clinit> 73
2021-07-03 21:03:39,789 DEBUG                  - depth 0, hash f15531c, HEAD~315
2021-07-03 21:03:39,795 DEBUG    [single line]   com/fasterxml/jackson/core/JsonToken.java <clinit> 80
2021-07-03 21:03:39,808 DEBUG                  - depth 0, hash f15531c, HEAD~315
2021-07-03 21:03:39,814 DEBUG    [single line]   com/fasterxml/jackson/core/JsonToken.java <clinit> 88
2021-07-03 21:03:39,828 DEBUG                  - depth 0, hash f15531c, HEAD~315
2021-07-03 21:03:39,833 DEBUG    [single line]   com/fasterxml/jackson/core/JsonToken.java <clinit> 96
2021-07-03 21:03:39,847 DEBUG                  - depth 0, hash f15531c, HEAD~315
2021-07-03 21:03:39,852 DEBUG    [single line]   com/fasterxml/jackson/core/JsonToken.java <clinit> 102
2021-07-03 21:03:39,866 DEBUG                  - depth 0, hash f15531c, HEAD~315
2021-07-03 21:03:39,871 DEBUG    [single line]   com/fasterxml/jackson/core/JsonToken.java <clinit> 108
2021-07-03 21:03:39,885 DEBUG                  - depth 0, hash f15531c, HEAD~315
2021-07-03 21:03:39,891 DEBUG    [single line]   com/fasterxml/jackson/core/JsonToken.java <clinit> 114
2021-07-03 21:03:39,904 DEBUG                  - depth 0, hash f15531c, HEAD~315
2021-07-03 21:03:39,910 DEBUG    [line range] com/fasterxml/jackson/core/JsonToken.java <init> 127:143
2021-07-03 21:03:39,924 DEBUG                  - depth 0, hash f15531c, HEAD~315
2021-07-03 21:03:40,339 DEBUG    [line range] com/fasterxml/jackson/core/base/ParserBase.java <clinit> 196:196
2021-07-03 21:03:40,355 DEBUG                  - depth 0, hash 9340204, HEAD~246
2021-07-03 21:03:40,361 DEBUG                  - depth 1, hash f15531c, HEAD~315
2021-07-03 21:03:40,365 DEBUG    [line range] com/fasterxml/jackson/core/base/ParserBase.java <init> 55:55
2021-07-03 21:03:40,381 DEBUG                  - depth 0, hash f15531c, HEAD~315
2021-07-03 21:03:40,386 DEBUG    [line range] com/fasterxml/jackson/core/base/ParserBase.java reset 519:525
2021-07-03 21:03:40,402 DEBUG                  - depth 0, hash f15531c, HEAD~315
2021-07-03 21:03:40,407 DEBUG    [line range] com/fasterxml/jackson/core/base/ParserBase.java resetInt 527:535
2021-07-03 21:03:40,423 DEBUG                  - depth 0, hash f15531c, HEAD~315
2021-07-03 21:03:40,802 DEBUG    [line range] com/fasterxml/jackson/core/base/ParserMinimalBase.java <init> 66:66
2021-07-03 21:03:40,817 DEBUG                  - depth 0, hash f15531c, HEAD~315
2021-07-03 21:03:41,181 DEBUG    [line range] com/fasterxml/jackson/core/io/CharTypes.java <clinit> 7:7
2021-07-03 21:03:41,208 DEBUG                  - depth 0, hash f15531c, HEAD~315
2021-07-03 21:03:41,221 DEBUG    [line range] com/fasterxml/jackson/core/io/CharTypes.java getInputCodeLatin1 195:195
2021-07-03 21:03:41,241 DEBUG                  - depth 0, hash 1dc2c61, HEAD~179
2021-07-03 21:03:41,248 DEBUG                  - depth 1, hash f15531c, HEAD~315
2021-07-03 21:03:41,254 DEBUG    [line range] com/fasterxml/jackson/core/io/CharTypes.java getInputCodeWS 202:202
2021-07-03 21:03:41,273 DEBUG                  - depth 0, hash a3de8a0, HEAD~3
2021-07-03 21:03:41,630 DEBUG    [line range] com/fasterxml/jackson/core/io/IOContext.java <init> 57:57
2021-07-03 21:03:41,644 DEBUG                  - depth 0, hash f15531c, HEAD~315
2021-07-03 21:03:41,650 DEBUG    [line range] com/fasterxml/jackson/core/io/IOContext.java _verifyAlloc 244:249
2021-07-03 21:03:41,663 DEBUG                  - depth 0, hash 2343927, HEAD~105
2021-07-03 21:03:41,669 DEBUG    [line range] com/fasterxml/jackson/core/io/IOContext.java allocTokenBuffer 156:160
2021-07-03 21:03:41,683 DEBUG                  - depth 0, hash 2343927, HEAD~105
2021-07-03 21:03:41,688 DEBUG                  - depth 1, hash 1dc2c61, HEAD~179
2021-07-03 21:03:41,692 DEBUG                  - depth 2, hash f15531c, HEAD~315
2021-07-03 21:03:41,696 DEBUG    [line range] com/fasterxml/jackson/core/io/IOContext.java constructTextBuffer 126:128
2021-07-03 21:03:41,711 DEBUG                  - depth 0, hash 1dc2c61, HEAD~179
2021-07-03 21:03:41,716 DEBUG                  - depth 1, hash f15531c, HEAD~315
2021-07-03 21:03:42,048 DEBUG    [line range] com/fasterxml/jackson/core/io/SerializedString.java <init> 38:43
2021-07-03 21:03:42,063 DEBUG                  - depth 0, hash 95f76a4, HEAD~173
2021-07-03 21:03:42,068 DEBUG                  - depth 1, hash f15531c, HEAD~315
2021-07-03 21:03:42,397 DEBUG    [line range] com/fasterxml/jackson/core/json/JsonReadContext.java <init> 34:34
2021-07-03 21:03:42,411 DEBUG                  - depth 0, hash f15531c, HEAD~315
2021-07-03 21:03:42,416 DEBUG    [line range] com/fasterxml/jackson/core/json/JsonReadContext.java createRootContext 68:71
2021-07-03 21:03:42,429 DEBUG                  - depth 0, hash f15531c, HEAD~315
2021-07-03 21:03:42,435 DEBUG    [line range] com/fasterxml/jackson/core/json/JsonReadContext.java expectComma 133:141
2021-07-03 21:03:42,449 DEBUG                  - depth 0, hash 1dc2c61, HEAD~179
2021-07-03 21:03:42,454 DEBUG                  - depth 1, hash f15531c, HEAD~315
2021-07-03 21:03:42,999 DEBUG    [line range] com/fasterxml/jackson/core/json/ReaderBasedJsonParser.java <clinit> 22:22
2021-07-03 21:03:43,014 DEBUG                  - depth 0, hash 0a39869, HEAD~1
2021-07-03 21:03:43,019 DEBUG    [line range] com/fasterxml/jackson/core/json/ReaderBasedJsonParser.java <init> 69:69
2021-07-03 21:03:43,039 DEBUG                  - depth 0, hash f15531c, HEAD~315
2021-07-03 21:03:43,044 DEBUG    [line range] com/fasterxml/jackson/core/json/ReaderBasedJsonParser.java _parseNumber 846:959
2021-07-03 21:03:43,065 DEBUG                  - depth 0, hash 0a39869, HEAD~1
2021-07-03 21:03:43,071 DEBUG                  - depth 1, hash c5b4393, HEAD~8
2021-07-03 21:03:43,075 DEBUG                  - depth 2, hash 1dc2c61, HEAD~179
2021-07-03 21:03:43,079 DEBUG                  - depth 3, hash f15531c, HEAD~315
2021-07-03 21:03:43,083 DEBUG    [line range] com/fasterxml/jackson/core/json/ReaderBasedJsonParser.java _skipWSOrEnd 1659:1694
2021-07-03 21:03:43,104 DEBUG                  - depth 0, hash 0a39869, HEAD~1
2021-07-03 21:03:43,110 DEBUG                  - depth 1, hash 89d5f32, HEAD~2
2021-07-03 21:03:43,114 DEBUG                  - depth 2, hash a3de8a0, HEAD~3
2021-07-03 21:03:43,118 DEBUG                  - depth 3, hash 1dc2c61, HEAD~179
2021-07-03 21:03:43,122 DEBUG                  - depth 4, hash f15531c, HEAD~315
2021-07-03 21:03:43,126 DEBUG    [line range] com/fasterxml/jackson/core/json/ReaderBasedJsonParser.java loadMore 122:143
2021-07-03 21:03:43,147 DEBUG                  - depth 0, hash 1dc2c61, HEAD~179
2021-07-03 21:03:43,152 DEBUG                  - depth 1, hash f15531c, HEAD~315
2021-07-03 21:03:43,157 DEBUG    [line range] com/fasterxml/jackson/core/json/ReaderBasedJsonParser.java nextToken 544:687
2021-07-03 21:03:43,177 DEBUG                  - depth 0, hash 0a39869, HEAD~1
2021-07-03 21:03:43,183 DEBUG                  - depth 1, hash 89d5f32, HEAD~2
2021-07-03 21:03:43,187 DEBUG                  - depth 2, hash c0a3c76, HEAD~7
2021-07-03 21:03:43,191 DEBUG                  - depth 3, hash f15531c, HEAD~315
2021-07-03 21:03:43,674 DEBUG    [line range] com/fasterxml/jackson/core/sym/BytesToNameCanonicalizer.java <init> 239:260
2021-07-03 21:03:43,691 DEBUG                  - depth 0, hash 30f0352, HEAD~205
2021-07-03 21:03:43,696 DEBUG                  - depth 1, hash 3532520, HEAD~216
2021-07-03 21:03:43,700 DEBUG                  - depth 2, hash f15531c, HEAD~315
2021-07-03 21:03:43,705 DEBUG    [line range] com/fasterxml/jackson/core/sym/BytesToNameCanonicalizer.java createRoot 317:326
2021-07-03 21:03:43,720 DEBUG                  - depth 0, hash 321d809, HEAD~176
2021-07-03 21:03:43,725 DEBUG                  - depth 1, hash 9c9622d, HEAD~208
2021-07-03 21:03:43,730 DEBUG    [line range] com/fasterxml/jackson/core/sym/BytesToNameCanonicalizer.java createRoot 332:334
2021-07-03 21:03:43,746 DEBUG                  - depth 0, hash 9c9622d, HEAD~208
2021-07-03 21:03:43,751 DEBUG                  - depth 1, hash f15531c, HEAD~315
2021-07-03 21:03:43,756 DEBUG    [line range] com/fasterxml/jackson/core/sym/BytesToNameCanonicalizer.java initTableInfo 294:305
2021-07-03 21:03:43,772 DEBUG                  - depth 0, hash 30f0352, HEAD~205
2021-07-03 21:03:43,778 DEBUG                  - depth 1, hash bda3a91, HEAD~217
2021-07-03 21:03:43,782 DEBUG                  - depth 2, hash f15531c, HEAD~315
2021-07-03 21:03:43,786 DEBUG    [line range] com/fasterxml/jackson/core/sym/BytesToNameCanonicalizer.java <init> 1117:1128
2021-07-03 21:03:43,801 DEBUG                  - depth 0, hash 30f0352, HEAD~205
2021-07-03 21:03:44,190 DEBUG    [single line]   com/fasterxml/jackson/core/sym/CharsToNameCanonicalizer.java <clinit> 97
2021-07-03 21:03:44,205 DEBUG                  - depth 0, hash f15531c, HEAD~315
2021-07-03 21:03:44,211 DEBUG    [single line]   com/fasterxml/jackson/core/sym/CharsToNameCanonicalizer.java <clinit> 98
2021-07-03 21:03:44,226 DEBUG                  - depth 0, hash f15531c, HEAD~315
2021-07-03 21:03:44,232 DEBUG    [line range] com/fasterxml/jackson/core/sym/CharsToNameCanonicalizer.java <init> 233:243
2021-07-03 21:03:44,247 DEBUG                  - depth 0, hash a7ec583, HEAD~219
2021-07-03 21:03:44,253 DEBUG                  - depth 1, hash f15531c, HEAD~315
2021-07-03 21:03:44,257 DEBUG    [line range] com/fasterxml/jackson/core/sym/CharsToNameCanonicalizer.java <init> 264:285
2021-07-03 21:03:44,273 DEBUG                  - depth 0, hash bda3a91, HEAD~217
2021-07-03 21:03:44,278 DEBUG                  - depth 1, hash a7ec583, HEAD~219
2021-07-03 21:03:44,282 DEBUG                  - depth 2, hash f15531c, HEAD~315
2021-07-03 21:03:44,287 DEBUG    [line range] com/fasterxml/jackson/core/sym/CharsToNameCanonicalizer.java _thresholdSize 257:259
2021-07-03 21:03:44,301 DEBUG                  - depth 0, hash 1dc2c61, HEAD~179
2021-07-03 21:03:44,307 DEBUG                  - depth 1, hash bda3a91, HEAD~217
2021-07-03 21:03:44,311 DEBUG    [line range] com/fasterxml/jackson/core/sym/CharsToNameCanonicalizer.java createRoot 212:221
2021-07-03 21:03:44,327 DEBUG                  - depth 0, hash 321d809, HEAD~176
2021-07-03 21:03:44,332 DEBUG                  - depth 1, hash 3532520, HEAD~216
2021-07-03 21:03:44,336 DEBUG                  - depth 2, hash a7ec583, HEAD~219
2021-07-03 21:03:44,341 DEBUG                  - depth 3, hash f15531c, HEAD~315
2021-07-03 21:03:44,345 DEBUG    [line range] com/fasterxml/jackson/core/sym/CharsToNameCanonicalizer.java createRoot 223:225
2021-07-03 21:03:44,360 DEBUG                  - depth 0, hash a7ec583, HEAD~219
2021-07-03 21:03:44,365 DEBUG                  - depth 1, hash f15531c, HEAD~315
2021-07-03 21:03:44,370 DEBUG    [line range] com/fasterxml/jackson/core/sym/CharsToNameCanonicalizer.java hashSeed 412:412
2021-07-03 21:03:44,385 DEBUG                  - depth 0, hash a7ec583, HEAD~219
2021-07-03 21:03:44,390 DEBUG    [line range] com/fasterxml/jackson/core/sym/CharsToNameCanonicalizer.java initTables 245:255
2021-07-03 21:03:44,406 DEBUG                  - depth 0, hash bda3a91, HEAD~217
2021-07-03 21:03:44,411 DEBUG                  - depth 1, hash a7ec583, HEAD~219
2021-07-03 21:03:44,415 DEBUG                  - depth 2, hash f15531c, HEAD~315
2021-07-03 21:03:44,420 DEBUG    [line range] com/fasterxml/jackson/core/sym/CharsToNameCanonicalizer.java makeChild 299:322
2021-07-03 21:03:44,435 DEBUG                  - depth 0, hash 66a5a60, HEAD~199
2021-07-03 21:03:44,441 DEBUG                  - depth 1, hash 9c9622d, HEAD~208
2021-07-03 21:03:44,445 DEBUG                  - depth 2, hash a7ec583, HEAD~219
2021-07-03 21:03:44,449 DEBUG                  - depth 3, hash f15531c, HEAD~315
2021-07-03 21:03:44,454 DEBUG    [line range] com/fasterxml/jackson/core/sym/CharsToNameCanonicalizer.java makeOrphan 324:328
2021-07-03 21:03:44,469 DEBUG                  - depth 0, hash a7ec583, HEAD~219
2021-07-03 21:03:44,474 DEBUG                  - depth 1, hash f15531c, HEAD~315
2021-07-03 21:03:44,799 DEBUG    [line range] com/fasterxml/jackson/core/util/BufferRecycler.java <init> 55:55
2021-07-03 21:03:44,813 DEBUG                  - depth 0, hash f15531c, HEAD~315
2021-07-03 21:03:44,819 DEBUG    [line range] com/fasterxml/jackson/core/util/BufferRecycler.java allocCharBuffer 77:80
2021-07-03 21:03:44,832 DEBUG                  - depth 0, hash f15531c, HEAD~315
2021-07-03 21:03:44,838 DEBUG    [line range] com/fasterxml/jackson/core/util/BufferRecycler.java allocCharBuffer 82:95
2021-07-03 21:03:44,851 DEBUG                  - depth 0, hash f15531c, HEAD~315
2021-07-03 21:03:44,857 DEBUG    [line range] com/fasterxml/jackson/core/util/BufferRecycler.java calloc 113:116
2021-07-03 21:03:44,871 DEBUG                  - depth 0, hash 6c842ae, HEAD~178
2021-07-03 21:03:44,876 DEBUG                  - depth 1, hash f15531c, HEAD~315
2021-07-03 21:03:44,881 DEBUG    [single line]   com/fasterxml/jackson/core/util/BufferRecycler.java <clinit> 15
2021-07-03 21:03:44,895 DEBUG                  - depth 0, hash f15531c, HEAD~315
2021-07-03 21:03:44,900 DEBUG    [single line]   com/fasterxml/jackson/core/util/BufferRecycler.java <clinit> 16
2021-07-03 21:03:44,914 DEBUG                  - depth 0, hash f15531c, HEAD~315
2021-07-03 21:03:44,919 DEBUG    [single line]   com/fasterxml/jackson/core/util/BufferRecycler.java <clinit> 21
2021-07-03 21:03:44,933 DEBUG                  - depth 0, hash f15531c, HEAD~315
2021-07-03 21:03:44,939 DEBUG    [single line]   com/fasterxml/jackson/core/util/BufferRecycler.java <clinit> 27
2021-07-03 21:03:44,953 DEBUG                  - depth 0, hash f15531c, HEAD~315
2021-07-03 21:03:44,958 DEBUG    [single line]   com/fasterxml/jackson/core/util/BufferRecycler.java <clinit> 35
2021-07-03 21:03:44,972 DEBUG                  - depth 0, hash 2e70a2a, HEAD~233
2021-07-03 21:03:44,977 DEBUG    [line range] com/fasterxml/jackson/core/util/BufferRecycler.java <init> 40:40
2021-07-03 21:03:44,991 DEBUG                  - depth 0, hash f15531c, HEAD~315
2021-07-03 21:03:44,996 DEBUG    [single line]   com/fasterxml/jackson/core/util/BufferRecycler.java <clinit> 43
2021-07-03 21:03:45,010 DEBUG                  - depth 0, hash f15531c, HEAD~315
2021-07-03 21:03:45,016 DEBUG    [single line]   com/fasterxml/jackson/core/util/BufferRecycler.java <clinit> 44
2021-07-03 21:03:45,029 DEBUG                  - depth 0, hash f15531c, HEAD~315
2021-07-03 21:03:45,035 DEBUG    [single line]   com/fasterxml/jackson/core/util/BufferRecycler.java <clinit> 45
2021-07-03 21:03:45,048 DEBUG                  - depth 0, hash f15531c, HEAD~315
2021-07-03 21:03:45,054 DEBUG    [single line]   com/fasterxml/jackson/core/util/BufferRecycler.java <clinit> 46
2021-07-03 21:03:45,067 DEBUG                  - depth 0, hash f15531c, HEAD~315
2021-07-03 21:03:45,073 DEBUG    [single line]   com/fasterxml/jackson/core/util/BufferRecycler.java <clinit> 47
2021-07-03 21:03:45,087 DEBUG                  - depth 0, hash f15531c, HEAD~315
2021-07-03 21:03:45,451 DEBUG    [line range] com/fasterxml/jackson/core/util/DefaultPrettyPrinter.java <clinit> 29:29
2021-07-03 21:03:45,465 DEBUG                  - depth 0, hash e6dfc69, HEAD~182
2021-07-03 21:03:45,857 DEBUG    [line range] com/fasterxml/jackson/core/util/TextBuffer.java <clinit> 29:29
2021-07-03 21:03:45,872 DEBUG                  - depth 0, hash f15531c, HEAD~315
2021-07-03 21:03:45,878 DEBUG    [line range] com/fasterxml/jackson/core/util/TextBuffer.java <init> 85:85
2021-07-03 21:03:45,892 DEBUG                  - depth 0, hash f15531c, HEAD~315
2021-07-03 21:03:45,898 DEBUG    [line range] com/fasterxml/jackson/core/util/TextBuffer.java resetWithShared 177:192
2021-07-03 21:03:45,912 DEBUG                  - depth 0, hash f15531c, HEAD~315
2021-07-03 21:03:46,192 DEBUG    [single line]   com/fasterxml/jackson/core/JsonEncoding.java <clinit> 18
2021-07-03 21:03:46,206 DEBUG                  - depth 0, hash f15531c, HEAD~315
2021-07-03 21:03:46,212 DEBUG    [single line]   com/fasterxml/jackson/core/JsonEncoding.java <clinit> 19
2021-07-03 21:03:46,225 DEBUG                  - depth 0, hash f15531c, HEAD~315
2021-07-03 21:03:46,231 DEBUG    [single line]   com/fasterxml/jackson/core/JsonEncoding.java <clinit> 20
2021-07-03 21:03:46,244 DEBUG                  - depth 0, hash f15531c, HEAD~315
2021-07-03 21:03:46,250 DEBUG    [single line]   com/fasterxml/jackson/core/JsonEncoding.java <clinit> 21
2021-07-03 21:03:46,263 DEBUG                  - depth 0, hash f15531c, HEAD~315
2021-07-03 21:03:46,269 DEBUG    [single line]   com/fasterxml/jackson/core/JsonEncoding.java <clinit> 22
2021-07-03 21:03:46,282 DEBUG                  - depth 0, hash f15531c, HEAD~315
2021-07-03 21:03:46,288 DEBUG    [single line]   com/fasterxml/jackson/core/JsonEncoding.java <clinit> 23
2021-07-03 21:03:46,301 DEBUG                  - depth 0, hash f15531c, HEAD~315
2021-07-03 21:03:46,307 DEBUG    [line range] com/fasterxml/jackson/core/JsonEncoding.java <init> 30:34
2021-07-03 21:03:46,320 DEBUG                  - depth 0, hash f15531c, HEAD~315
2021-07-03 21:03:46,326 DEBUG    [line range] com/fasterxml/jackson/core/JsonFactory.java _createParser 1240:1248
2021-07-03 21:03:46,344 DEBUG                  - depth 0, hash 6819492, HEAD~144
2021-07-03 21:03:46,350 DEBUG                  - depth 1, hash eeb2fbd, HEAD~235
2021-07-03 21:03:46,354 DEBUG                  - depth 2, hash f15531c, HEAD~315
2021-07-03 21:03:46,358 DEBUG    [line range] com/fasterxml/jackson/core/JsonFactory.java createParser 747:756
2021-07-03 21:03:46,375 DEBUG                  - depth 0, hash 6819492, HEAD~144
2021-07-03 21:03:46,381 DEBUG                  - depth 1, hash feaabd1, HEAD~209
2021-07-03 21:03:46,385 DEBUG    [line range] com/fasterxml/jackson/core/io/CharTypes.java getInputCodeUtf8 196:196
2021-07-03 21:03:46,400 DEBUG                  - depth 0, hash a3de8a0, HEAD~3
2021-07-03 21:03:46,405 DEBUG                  - depth 1, hash 1dc2c61, HEAD~179
2021-07-03 21:03:46,409 DEBUG                  - depth 2, hash f15531c, HEAD~315
2021-07-03 21:03:46,413 DEBUG    [line range] com/fasterxml/jackson/core/io/IOContext.java allocReadIOBuffer 135:139
2021-07-03 21:03:46,428 DEBUG                  - depth 0, hash 2343927, HEAD~105
2021-07-03 21:03:46,433 DEBUG                  - depth 1, hash 1dc2c61, HEAD~179
2021-07-03 21:03:46,437 DEBUG                  - depth 2, hash f15531c, HEAD~315
2021-07-03 21:03:46,442 DEBUG    [line range] com/fasterxml/jackson/core/io/IOContext.java setEncoding 106:108
2021-07-03 21:03:46,456 DEBUG                  - depth 0, hash 2343927, HEAD~105
2021-07-03 21:03:46,461 DEBUG                  - depth 1, hash f15531c, HEAD~315
2021-07-03 21:03:46,852 DEBUG    [line range] com/fasterxml/jackson/core/json/ByteSourceJsonBootstrapper.java <init> 84:92
2021-07-03 21:03:46,866 DEBUG                  - depth 0, hash f15531c, HEAD~315
2021-07-03 21:03:46,872 DEBUG    [line range] com/fasterxml/jackson/core/json/ByteSourceJsonBootstrapper.java <init> 74:74
2021-07-03 21:03:46,886 DEBUG                  - depth 0, hash f15531c, HEAD~315
2021-07-03 21:03:46,891 DEBUG    [line range] com/fasterxml/jackson/core/json/ByteSourceJsonBootstrapper.java checkUTF16 460:473
2021-07-03 21:03:46,905 DEBUG                  - depth 0, hash f15531c, HEAD~315
2021-07-03 21:03:46,911 DEBUG    [line range] com/fasterxml/jackson/core/json/ByteSourceJsonBootstrapper.java checkUTF32 436:458
2021-07-03 21:03:46,925 DEBUG                  - depth 0, hash f15531c, HEAD~315
2021-07-03 21:03:46,931 DEBUG    [line range] com/fasterxml/jackson/core/json/ByteSourceJsonBootstrapper.java constructParser 222:240
2021-07-03 21:03:46,945 DEBUG                  - depth 0, hash 0735190, HEAD~289
2021-07-03 21:03:46,951 DEBUG                  - depth 1, hash f15531c, HEAD~315
2021-07-03 21:03:46,955 DEBUG    [line range] com/fasterxml/jackson/core/json/ByteSourceJsonBootstrapper.java detectEncoding 117:180
2021-07-03 21:03:46,969 DEBUG                  - depth 0, hash f15531c, HEAD~315
2021-07-03 21:03:46,975 DEBUG    [line range] com/fasterxml/jackson/core/json/ByteSourceJsonBootstrapper.java ensureLoaded 493:515
2021-07-03 21:03:46,989 DEBUG                  - depth 0, hash f15531c, HEAD~315
2021-07-03 21:03:46,995 DEBUG    [line range] com/fasterxml/jackson/core/json/ByteSourceJsonBootstrapper.java handleBOM 390:434
2021-07-03 21:03:47,009 DEBUG                  - depth 0, hash f15531c, HEAD~315
2021-07-03 21:03:47,612 DEBUG    [line range] com/fasterxml/jackson/core/json/UTF8StreamJsonParser.java <clinit> 23:23
2021-07-03 21:03:47,637 DEBUG                  - depth 0, hash 0a39869, HEAD~1
2021-07-03 21:03:47,642 DEBUG                  - depth 1, hash f15531c, HEAD~315
2021-07-03 21:03:47,647 DEBUG    [line range] com/fasterxml/jackson/core/json/UTF8StreamJsonParser.java <init> 59:59
2021-07-03 21:03:47,672 DEBUG                  - depth 0, hash f15531c, HEAD~315
2021-07-03 21:03:47,678 DEBUG    [line range] com/fasterxml/jackson/core/json/UTF8StreamJsonParser.java _nextTokenNotInObject 744:790
2021-07-03 21:03:47,704 DEBUG                  - depth 0, hash c0a3c76, HEAD~7
2021-07-03 21:03:47,709 DEBUG                  - depth 1, hash 1dc2c61, HEAD~179
2021-07-03 21:03:47,714 DEBUG                  - depth 2, hash f15531c, HEAD~315
2021-07-03 21:03:47,718 DEBUG    [line range] com/fasterxml/jackson/core/json/UTF8StreamJsonParser.java _skipWSOrEnd 2527:2572
2021-07-03 21:03:47,744 DEBUG                  - depth 0, hash 0a39869, HEAD~1
2021-07-03 21:03:47,750 DEBUG                  - depth 1, hash 89d5f32, HEAD~2
2021-07-03 21:03:47,754 DEBUG                  - depth 2, hash a3de8a0, HEAD~3
2021-07-03 21:03:47,758 DEBUG                  - depth 3, hash 1dc2c61, HEAD~179
2021-07-03 21:03:47,762 DEBUG                  - depth 4, hash f15531c, HEAD~315
2021-07-03 21:03:47,767 DEBUG    [line range] com/fasterxml/jackson/core/json/UTF8StreamJsonParser.java nextToken 605:742
2021-07-03 21:03:47,792 DEBUG                  - depth 0, hash a3de8a0, HEAD~3
2021-07-03 21:03:47,797 DEBUG                  - depth 1, hash c0a3c76, HEAD~7
2021-07-03 21:03:47,801 DEBUG                  - depth 2, hash f15531c, HEAD~315
2021-07-03 21:03:47,806 DEBUG    [line range] com/fasterxml/jackson/core/json/UTF8StreamJsonParser.java parseNumberText 1184:1246
2021-07-03 21:03:47,832 DEBUG                  - depth 0, hash 2d06eb1, HEAD~64
2021-07-03 21:03:47,838 DEBUG                  - depth 1, hash 1dc2c61, HEAD~179
2021-07-03 21:03:47,842 DEBUG                  - depth 2, hash f15531c, HEAD~315
2021-07-03 21:03:47,847 DEBUG    [line range] com/fasterxml/jackson/core/sym/BytesToNameCanonicalizer.java <init> 265:288
2021-07-03 21:03:47,863 DEBUG                  - depth 0, hash 30f0352, HEAD~205
2021-07-03 21:03:47,868 DEBUG                  - depth 1, hash 9c9622d, HEAD~208
2021-07-03 21:03:47,873 DEBUG                  - depth 2, hash 3532520, HEAD~216
2021-07-03 21:03:47,877 DEBUG                  - depth 3, hash bda3a91, HEAD~217
2021-07-03 21:03:47,881 DEBUG                  - depth 4, hash f15531c, HEAD~315
2021-07-03 21:03:47,886 DEBUG    [line range] com/fasterxml/jackson/core/sym/BytesToNameCanonicalizer.java makeChild 343:347
2021-07-03 21:03:47,902 DEBUG                  - depth 0, hash 30f0352, HEAD~205
2021-07-03 21:03:47,908 DEBUG                  - depth 1, hash 9c9622d, HEAD~208
2021-07-03 21:03:47,912 DEBUG                  - depth 2, hash f15531c, HEAD~315
2021-07-03 21:03:47,916 DEBUG    [line range] com/fasterxml/jackson/core/util/BufferRecycler.java allocByteBuffer 60:70
2021-07-03 21:03:47,929 DEBUG                  - depth 0, hash f15531c, HEAD~315
2021-07-03 21:03:47,935 DEBUG    [line range] com/fasterxml/jackson/core/util/BufferRecycler.java balloc 108:111
2021-07-03 21:03:47,949 DEBUG                  - depth 0, hash 6c842ae, HEAD~178
2021-07-03 21:03:47,954 DEBUG                  - depth 1, hash f15531c, HEAD~315
2021-07-03 21:03:47,959 DEBUG    [line range] com/fasterxml/jackson/core/util/TextBuffer.java emptyAndGetCurrentSegment 544:564
2021-07-03 21:03:47,973 DEBUG                  - depth 0, hash 1dc2c61, HEAD~179
2021-07-03 21:03:47,979 DEBUG                  - depth 1, hash f15531c, HEAD~315
2021-07-03 21:03:47,983 DEBUG    [line range] com/fasterxml/jackson/core/util/TextBuffer.java findBuffer 233:239
2021-07-03 21:03:47,998 DEBUG                  - depth 0, hash 1dc2c61, HEAD~179
2021-07-03 21:03:48,004 DEBUG                  - depth 1, hash f15531c, HEAD~315
2021-07-03 21:03:48,008 DEBUG    [line range] com/fasterxml/jackson/core/util/TextBuffer.java setCurrentLength 570:572
2021-07-03 21:03:48,022 DEBUG                  - depth 0, hash f15531c, HEAD~315
2021-07-03 21:03:48,028 INFO     The number of BIC candidates: 29
