2021-07-04 05:20:54,222 INFO     Search BICs for /tmp/JxPath-20b/
2021-07-04 05:20:54,223 DEBUG    Reading the coverage of org.apache.commons.jxpath.ri.compiler.JXPath149Test::testComplexOperationWithVariables (failings)
2021-07-04 05:20:54,299 INFO     Loaded 1x966 Coverage Matrix
2021-07-04 05:20:54,299 INFO     The number of total commits: 525
2021-07-04 05:20:54,594 DEBUG    [single line]   org/apache/commons/jxpath/BasicVariables.java <init> 27
2021-07-04 05:20:54,617 DEBUG                  - depth 0, hash bc53a66, HEAD~523
2021-07-04 05:20:54,623 DEBUG    [line range] org/apache/commons/jxpath/BasicVariables.java <init> 33:33
2021-07-04 05:20:54,645 DEBUG                  - depth 0, hash bc53a66, HEAD~523
2021-07-04 05:20:54,651 DEBUG    [line range] org/apache/commons/jxpath/BasicVariables.java declareVariable 73:75
2021-07-04 05:20:54,673 DEBUG                  - depth 0, hash 2327c42, HEAD~392
2021-07-04 05:20:54,679 DEBUG                  - depth 1, hash bc53a66, HEAD~523
2021-07-04 05:20:54,683 DEBUG    [line range] org/apache/commons/jxpath/BasicVariables.java getVariable 55:64
2021-07-04 05:20:54,706 DEBUG                  - depth 0, hash 2327c42, HEAD~392
2021-07-04 05:20:54,711 DEBUG                  - depth 1, hash bc53a66, HEAD~523
2021-07-04 05:20:54,715 DEBUG    [line range] org/apache/commons/jxpath/BasicVariables.java isDeclaredVariable 43:45
2021-07-04 05:20:54,738 DEBUG                  - depth 0, hash 2327c42, HEAD~392
2021-07-04 05:20:54,743 DEBUG                  - depth 1, hash bc53a66, HEAD~523
2021-07-04 05:20:55,084 DEBUG    [line range] org/apache/commons/jxpath/JXPathBasicBeanInfo.java <clinit> 41:46
2021-07-04 05:20:55,106 DEBUG                  - depth 0, hash 6581146, HEAD~49
2021-07-04 05:20:55,112 DEBUG    [line range] org/apache/commons/jxpath/JXPathBasicBeanInfo.java <init> 58:60
2021-07-04 05:20:55,135 DEBUG                  - depth 0, hash 2327c42, HEAD~392
2021-07-04 05:20:55,140 DEBUG                  - depth 1, hash bc53a66, HEAD~523
2021-07-04 05:20:55,144 DEBUG    [line range] org/apache/commons/jxpath/JXPathBasicBeanInfo.java <init> 48:48
2021-07-04 05:20:55,168 DEBUG                  - depth 0, hash bc53a66, HEAD~523
2021-07-04 05:20:55,173 DEBUG    [line range] org/apache/commons/jxpath/JXPathBasicBeanInfo.java <init> 68:71
2021-07-04 05:20:55,197 DEBUG                  - depth 0, hash 2327c42, HEAD~392
2021-07-04 05:20:55,202 DEBUG                  - depth 1, hash bc53a66, HEAD~523
2021-07-04 05:20:55,206 DEBUG    [line range] org/apache/commons/jxpath/JXPathBasicBeanInfo.java isDynamic 97:99
2021-07-04 05:20:55,230 DEBUG                  - depth 0, hash bc53a66, HEAD~523
2021-07-04 05:20:55,235 DEBUG    [line range] org/apache/commons/jxpath/JXPathBasicBeanInfo.java <init> 41:46
2021-07-04 05:20:55,258 DEBUG                  - depth 0, hash 6581146, HEAD~49
2021-07-04 05:20:55,658 DEBUG    [line range] org/apache/commons/jxpath/JXPathContext.java <clinit> 386:387
2021-07-04 05:20:55,682 DEBUG                  - depth 0, hash f53ab17, HEAD~106
2021-07-04 05:20:55,687 DEBUG    [line range] org/apache/commons/jxpath/JXPathContext.java <init> 407:407
2021-07-04 05:20:55,715 DEBUG                  - depth 0, hash f53ab17, HEAD~106
2021-07-04 05:20:55,720 DEBUG                  - depth 1, hash 21f932e, HEAD~125
2021-07-04 05:20:55,724 DEBUG                  - depth 2, hash 6b2fdb6, HEAD~323
2021-07-04 05:20:55,729 DEBUG                  - depth 3, hash 9d0a382, HEAD~367
2021-07-04 05:20:55,733 DEBUG                  - depth 4, hash 5659f6c, HEAD~474
2021-07-04 05:20:55,737 DEBUG    [line range] org/apache/commons/jxpath/JXPathContext.java getContextFactory 437:442
2021-07-04 05:20:55,763 DEBUG                  - depth 0, hash 21f932e, HEAD~125
2021-07-04 05:20:55,769 DEBUG                  - depth 1, hash 9d0a382, HEAD~367
2021-07-04 05:20:55,773 DEBUG    [line range] org/apache/commons/jxpath/JXPathContext.java getLocale 572:580
2021-07-04 05:20:55,801 DEBUG                  - depth 0, hash 30e4fdd, HEAD~240
2021-07-04 05:20:55,806 DEBUG                  - depth 1, hash 438d305, HEAD~382
2021-07-04 05:20:55,810 DEBUG                  - depth 2, hash 2327c42, HEAD~392
2021-07-04 05:20:55,815 DEBUG                  - depth 3, hash 632e722, HEAD~462
2021-07-04 05:20:55,819 DEBUG                  - depth 4, hash 3ec25ca, HEAD~514
2021-07-04 05:20:55,823 DEBUG    [line range] org/apache/commons/jxpath/JXPathContext.java getVariables 502:507
2021-07-04 05:20:55,851 DEBUG                  - depth 0, hash 2327c42, HEAD~392
2021-07-04 05:20:55,857 DEBUG                  - depth 1, hash bc53a66, HEAD~523
2021-07-04 05:20:55,861 DEBUG    [line range] org/apache/commons/jxpath/JXPathContext.java newContext 415:417
2021-07-04 05:20:55,889 DEBUG                  - depth 0, hash 9d0a382, HEAD~367
2021-07-04 05:20:55,895 DEBUG                  - depth 1, hash 2327c42, HEAD~392
2021-07-04 05:20:55,899 DEBUG                  - depth 2, hash bc53a66, HEAD~523
2021-07-04 05:20:55,903 DEBUG    [line range] org/apache/commons/jxpath/JXPathContext.java setLenient 622:625
2021-07-04 05:20:55,931 DEBUG                  - depth 0, hash 30e4fdd, HEAD~240
2021-07-04 05:20:55,936 DEBUG                  - depth 1, hash 9d0a382, HEAD~367
2021-07-04 05:20:55,940 DEBUG                  - depth 2, hash 2327c42, HEAD~392
2021-07-04 05:20:55,945 DEBUG                  - depth 3, hash d0a64d1, HEAD~513
2021-07-04 05:20:56,280 DEBUG    [line range] org/apache/commons/jxpath/JXPathContextFactory.java <clinit> 59:59
2021-07-04 05:20:56,304 DEBUG                  - depth 0, hash b5225ea, HEAD~355
2021-07-04 05:20:56,309 DEBUG    [line range] org/apache/commons/jxpath/JXPathContextFactory.java <init> 64:66
2021-07-04 05:20:56,333 DEBUG                  - depth 0, hash bc53a66, HEAD~523
2021-07-04 05:20:56,338 DEBUG    [line range] org/apache/commons/jxpath/JXPathContextFactory.java findFactory 166:272
2021-07-04 05:20:56,362 DEBUG                  - depth 0, hash d783b21, HEAD~45
2021-07-04 05:20:56,367 DEBUG                  - depth 1, hash 6581146, HEAD~49
2021-07-04 05:20:56,371 DEBUG                  - depth 2, hash 5029755, HEAD~63
2021-07-04 05:20:56,375 DEBUG                  - depth 3, hash b5225ea, HEAD~355
2021-07-04 05:20:56,380 DEBUG                  - depth 4, hash 2327c42, HEAD~392
2021-07-04 05:20:56,384 DEBUG                  - depth 5, hash 907ab10, HEAD~497
2021-07-04 05:20:56,388 DEBUG                  - depth 6, hash bc53a66, HEAD~523
2021-07-04 05:20:56,392 DEBUG    [line range] org/apache/commons/jxpath/JXPathContextFactory.java newInstance 104:125
2021-07-04 05:20:56,416 DEBUG                  - depth 0, hash b67345a, HEAD~30
2021-07-04 05:20:56,421 DEBUG                  - depth 1, hash b5225ea, HEAD~355
2021-07-04 05:20:56,425 DEBUG                  - depth 2, hash 2327c42, HEAD~392
2021-07-04 05:20:56,429 DEBUG                  - depth 3, hash bc53a66, HEAD~523
2021-07-04 05:20:56,765 DEBUG    [line range] org/apache/commons/jxpath/JXPathIntrospector.java <clinit> 34:34
2021-07-04 05:20:56,788 DEBUG                  - depth 0, hash bc53a66, HEAD~523
2021-07-04 05:20:56,794 DEBUG    [line range] org/apache/commons/jxpath/JXPathIntrospector.java findDynamicBeanInfo 129:157
2021-07-04 05:20:56,817 DEBUG                  - depth 0, hash 00d6738, HEAD~100
2021-07-04 05:20:56,822 DEBUG                  - depth 1, hash 21f932e, HEAD~125
2021-07-04 05:20:56,827 DEBUG                  - depth 2, hash bacfe15, HEAD~320
2021-07-04 05:20:56,831 DEBUG                  - depth 3, hash 2327c42, HEAD~392
2021-07-04 05:20:56,835 DEBUG                  - depth 4, hash 9d8c0fe, HEAD~442
2021-07-04 05:20:56,839 DEBUG    [line range] org/apache/commons/jxpath/JXPathIntrospector.java findInformant 168:188
2021-07-04 05:20:56,863 DEBUG                  - depth 0, hash d783b21, HEAD~45
2021-07-04 05:20:56,868 DEBUG                  - depth 1, hash 907ab10, HEAD~497
2021-07-04 05:20:56,872 DEBUG                  - depth 2, hash bc53a66, HEAD~523
2021-07-04 05:20:56,877 DEBUG    [line range] org/apache/commons/jxpath/JXPathIntrospector.java getBeanInfo 108:121
2021-07-04 05:20:56,900 DEBUG                  - depth 0, hash 2327c42, HEAD~392
2021-07-04 05:20:56,906 DEBUG                  - depth 1, hash 9d8c0fe, HEAD~442
2021-07-04 05:20:56,910 DEBUG                  - depth 2, hash 907ab10, HEAD~497
2021-07-04 05:20:56,914 DEBUG                  - depth 3, hash bc53a66, HEAD~523
2021-07-04 05:20:56,918 DEBUG    [line range] org/apache/commons/jxpath/JXPathIntrospector.java instantiate 199:217
2021-07-04 05:20:56,942 DEBUG                  - depth 0, hash b67345a, HEAD~30
2021-07-04 05:20:56,948 DEBUG                  - depth 1, hash d783b21, HEAD~45
2021-07-04 05:20:56,952 DEBUG                  - depth 2, hash 00d6738, HEAD~100
2021-07-04 05:20:56,956 DEBUG                  - depth 3, hash 21f932e, HEAD~125
2021-07-04 05:20:56,960 DEBUG                  - depth 4, hash 2327c42, HEAD~392
2021-07-04 05:20:56,964 DEBUG                  - depth 5, hash 907ab10, HEAD~497
2021-07-04 05:20:56,968 DEBUG                  - depth 6, hash bc53a66, HEAD~523
2021-07-04 05:20:56,972 DEBUG    [line range] org/apache/commons/jxpath/JXPathIntrospector.java registerAtomicClass 69:71
2021-07-04 05:20:56,995 DEBUG                  - depth 0, hash bc53a66, HEAD~523
2021-07-04 05:20:57,001 DEBUG    [line range] org/apache/commons/jxpath/JXPathIntrospector.java registerDynamicClass 81:91
2021-07-04 05:20:57,024 DEBUG                  - depth 0, hash 00d6738, HEAD~100
2021-07-04 05:20:57,030 DEBUG                  - depth 1, hash 21f932e, HEAD~125
2021-07-04 05:20:57,034 DEBUG                  - depth 2, hash 2327c42, HEAD~392
2021-07-04 05:20:57,038 DEBUG                  - depth 3, hash 9d8c0fe, HEAD~442
2021-07-04 05:20:57,042 DEBUG                  - depth 4, hash bc53a66, HEAD~523
2021-07-04 05:20:57,391 DEBUG    [line range] org/apache/commons/jxpath/PackageFunctions.java <clinit> 74:74
2021-07-04 05:20:57,415 DEBUG                  - depth 0, hash bc53a66, HEAD~523
2021-07-04 05:20:57,420 DEBUG    [line range] org/apache/commons/jxpath/PackageFunctions.java <init> 81:84
2021-07-04 05:20:57,444 DEBUG                  - depth 0, hash 907ab10, HEAD~497
2021-07-04 05:20:57,450 DEBUG                  - depth 1, hash bc53a66, HEAD~523
2021-07-04 05:20:57,796 DEBUG    [line range] org/apache/commons/jxpath/ri/EvalContext.java <init> 54:54
2021-07-04 05:20:57,823 DEBUG                  - depth 0, hash bc53a66, HEAD~523
2021-07-04 05:20:57,829 DEBUG    [line range] org/apache/commons/jxpath/ri/EvalContext.java getDocumentOrder 87:89
2021-07-04 05:20:57,853 DEBUG                  - depth 0, hash 30e4fdd, HEAD~240
2021-07-04 05:20:57,859 DEBUG                  - depth 1, hash 2d4907e, HEAD~358
2021-07-04 05:20:57,863 DEBUG                  - depth 2, hash 2327c42, HEAD~392
2021-07-04 05:20:57,867 DEBUG                  - depth 3, hash e2fc81a, HEAD~470
2021-07-04 05:20:57,871 DEBUG    [line range] org/apache/commons/jxpath/ri/EvalContext.java getRootContext 282:287
2021-07-04 05:20:57,899 DEBUG                  - depth 0, hash 2327c42, HEAD~392
2021-07-04 05:20:57,904 DEBUG                  - depth 1, hash bc53a66, HEAD~523
2021-07-04 05:20:57,909 DEBUG    [line range] org/apache/commons/jxpath/ri/EvalContext.java hasNext 107:118
2021-07-04 05:20:57,934 DEBUG                  - depth 0, hash 30e4fdd, HEAD~240
2021-07-04 05:20:57,940 DEBUG                  - depth 1, hash 2327c42, HEAD~392
2021-07-04 05:20:57,944 DEBUG                  - depth 2, hash 04d6674, HEAD~408
2021-07-04 05:20:57,948 DEBUG                  - depth 3, hash e2fc81a, HEAD~470
2021-07-04 05:20:57,952 DEBUG                  - depth 4, hash 112774e, HEAD~489
2021-07-04 05:20:57,956 DEBUG    [line range] org/apache/commons/jxpath/ri/EvalContext.java isChildOrderingRequired 97:101
2021-07-04 05:20:57,980 DEBUG                  - depth 0, hash 30e4fdd, HEAD~240
2021-07-04 05:20:57,986 DEBUG                  - depth 1, hash 2d4907e, HEAD~358
2021-07-04 05:20:57,990 DEBUG    [line range] org/apache/commons/jxpath/ri/EvalContext.java next 124:143
2021-07-04 05:20:58,016 DEBUG                  - depth 0, hash 30e4fdd, HEAD~240
2021-07-04 05:20:58,021 DEBUG                  - depth 1, hash 77af585, HEAD~369
2021-07-04 05:20:58,025 DEBUG                  - depth 2, hash 2327c42, HEAD~392
2021-07-04 05:20:58,029 DEBUG                  - depth 3, hash 04d6674, HEAD~408
2021-07-04 05:20:58,033 DEBUG                  - depth 4, hash cc0637b, HEAD~450
2021-07-04 05:20:58,038 DEBUG                  - depth 5, hash e2fc81a, HEAD~470
2021-07-04 05:20:58,042 DEBUG                  - depth 6, hash 112774e, HEAD~489
2021-07-04 05:20:58,046 DEBUG    [line range] org/apache/commons/jxpath/ri/EvalContext.java performIteratorStep 148:162
2021-07-04 05:20:58,072 DEBUG                  - depth 0, hash 2327c42, HEAD~392
2021-07-04 05:20:58,077 DEBUG                  - depth 1, hash 04d6674, HEAD~408
2021-07-04 05:20:58,081 DEBUG                  - depth 2, hash cc0637b, HEAD~450
2021-07-04 05:20:58,085 DEBUG                  - depth 3, hash e2fc81a, HEAD~470
2021-07-04 05:20:58,090 DEBUG                  - depth 4, hash 112774e, HEAD~489
2021-07-04 05:20:58,094 DEBUG    [line range] org/apache/commons/jxpath/ri/EvalContext.java reset 292:294
2021-07-04 05:20:58,121 DEBUG                  - depth 0, hash 2327c42, HEAD~392
2021-07-04 05:20:58,126 DEBUG                  - depth 1, hash 34b7a47, HEAD~511
2021-07-04 05:20:58,130 DEBUG                  - depth 2, hash bc53a66, HEAD~523
2021-07-04 05:20:58,467 DEBUG    [line range] org/apache/commons/jxpath/ri/InfoSetUtil.java <clinit> 31:31
2021-07-04 05:20:58,490 DEBUG                  - depth 0, hash 323e8b2, HEAD~481
2021-07-04 05:20:58,496 DEBUG    [line range] org/apache/commons/jxpath/ri/InfoSetUtil.java doubleValue 102:129
2021-07-04 05:20:58,519 DEBUG                  - depth 0, hash 30e4fdd, HEAD~240
2021-07-04 05:20:58,524 DEBUG                  - depth 1, hash 5706325, HEAD~318
2021-07-04 05:20:58,528 DEBUG                  - depth 2, hash 2327c42, HEAD~392
2021-07-04 05:20:58,533 DEBUG                  - depth 3, hash e6dfb75, HEAD~449
2021-07-04 05:20:58,537 DEBUG                  - depth 4, hash 323e8b2, HEAD~481
2021-07-04 05:20:58,804 DEBUG    [line range] org/apache/commons/jxpath/ri/JXPathContextFactoryReferenceImpl.java <init> 33:34
2021-07-04 05:20:58,827 DEBUG                  - depth 0, hash 2327c42, HEAD~392
2021-07-04 05:20:58,833 DEBUG                  - depth 1, hash bc53a66, HEAD~523
2021-07-04 05:20:58,837 DEBUG    [line range] org/apache/commons/jxpath/ri/JXPathContextFactoryReferenceImpl.java newContext 36:40
2021-07-04 05:20:58,860 DEBUG                  - depth 0, hash 21f932e, HEAD~125
2021-07-04 05:20:58,865 DEBUG                  - depth 1, hash 2327c42, HEAD~392
2021-07-04 05:20:58,869 DEBUG                  - depth 2, hash bc53a66, HEAD~523
2021-07-04 05:20:59,259 DEBUG    [line range] org/apache/commons/jxpath/ri/JXPathContextReferenceImpl.java <clinit> 72:72
2021-07-04 05:20:59,289 DEBUG                  - depth 0, hash 2327c42, HEAD~392
2021-07-04 05:20:59,294 DEBUG                  - depth 1, hash 34d1c6c, HEAD~492
2021-07-04 05:20:59,298 DEBUG                  - depth 2, hash bc53a66, HEAD~523
2021-07-04 05:20:59,303 DEBUG    [line range] org/apache/commons/jxpath/ri/JXPathContextReferenceImpl.java <init> 167:170
2021-07-04 05:20:59,332 DEBUG                  - depth 0, hash 00d6738, HEAD~100
2021-07-04 05:20:59,337 DEBUG                  - depth 1, hash 48decea, HEAD~192
2021-07-04 05:20:59,342 DEBUG                  - depth 2, hash 7d07031, HEAD~375
2021-07-04 05:20:59,346 DEBUG                  - depth 3, hash 2327c42, HEAD~392
2021-07-04 05:20:59,350 DEBUG                  - depth 4, hash 34d1c6c, HEAD~492
2021-07-04 05:20:59,354 DEBUG                  - depth 5, hash bc53a66, HEAD~523
2021-07-04 05:20:59,358 DEBUG    [line range] org/apache/commons/jxpath/ri/JXPathContextReferenceImpl.java <init> 178:210
2021-07-04 05:20:59,387 DEBUG                  - depth 0, hash 00d6738, HEAD~100
2021-07-04 05:20:59,392 DEBUG                  - depth 1, hash 48decea, HEAD~192
2021-07-04 05:20:59,397 DEBUG                  - depth 2, hash faad15d, HEAD~225
2021-07-04 05:20:59,401 DEBUG                  - depth 3, hash 8db08a6, HEAD~302
2021-07-04 05:20:59,405 DEBUG                  - depth 4, hash b1e1383, HEAD~325
2021-07-04 05:20:59,409 DEBUG                  - depth 5, hash 5d2e020, HEAD~343
2021-07-04 05:20:59,413 DEBUG                  - depth 6, hash 7c43512, HEAD~344
2021-07-04 05:20:59,417 DEBUG                  - depth 7, hash 7d07031, HEAD~375
2021-07-04 05:20:59,421 DEBUG                  - depth 8, hash 2327c42, HEAD~392
2021-07-04 05:20:59,426 DEBUG                  - depth 9, hash 34b7a47, HEAD~511
2021-07-04 05:20:59,430 DEBUG                  - depth 10, hash bc53a66, HEAD~523
2021-07-04 05:20:59,434 DEBUG    [line range] org/apache/commons/jxpath/ri/JXPathContextReferenceImpl.java allocateConditionally 821:836
2021-07-04 05:20:59,461 DEBUG                  - depth 0, hash b67345a, HEAD~30
2021-07-04 05:20:59,467 DEBUG                  - depth 1, hash 00d6738, HEAD~100
2021-07-04 05:20:59,471 DEBUG                  - depth 2, hash 48decea, HEAD~192
2021-07-04 05:20:59,475 DEBUG                  - depth 3, hash 30e4fdd, HEAD~240
2021-07-04 05:20:59,479 DEBUG                  - depth 4, hash 2327c42, HEAD~392
2021-07-04 05:20:59,483 DEBUG                  - depth 5, hash f636a25, HEAD~469
2021-07-04 05:20:59,488 DEBUG    [line range] org/apache/commons/jxpath/ri/JXPathContextReferenceImpl.java compileExpression 231:273
2021-07-04 05:20:59,516 DEBUG                  - depth 0, hash 885fb67, HEAD~356
2021-07-04 05:20:59,522 DEBUG                  - depth 1, hash 77af585, HEAD~369
2021-07-04 05:20:59,526 DEBUG                  - depth 2, hash 7d07031, HEAD~375
2021-07-04 05:20:59,530 DEBUG                  - depth 3, hash 2327c42, HEAD~392
2021-07-04 05:20:59,535 DEBUG                  - depth 4, hash 323e8b2, HEAD~481
2021-07-04 05:20:59,539 DEBUG                  - depth 5, hash aa27fa0, HEAD~488
2021-07-04 05:20:59,543 DEBUG                  - depth 6, hash a6e246c, HEAD~502
2021-07-04 05:20:59,547 DEBUG                  - depth 7, hash bc53a66, HEAD~523
2021-07-04 05:20:59,551 DEBUG    [line range] org/apache/commons/jxpath/ri/JXPathContextReferenceImpl.java createNodeFactoryArray 120:133
2021-07-04 05:20:59,580 DEBUG                  - depth 0, hash 9aa3433, HEAD~62
2021-07-04 05:20:59,585 DEBUG                  - depth 1, hash 00d6738, HEAD~100
2021-07-04 05:20:59,590 DEBUG                  - depth 2, hash 7d07031, HEAD~375
2021-07-04 05:20:59,594 DEBUG                  - depth 3, hash a6e246c, HEAD~502
2021-07-04 05:20:59,598 DEBUG    [line range] org/apache/commons/jxpath/ri/JXPathContextReferenceImpl.java getCompiler 218:220
2021-07-04 05:20:59,625 DEBUG                  - depth 0, hash 77af585, HEAD~369
2021-07-04 05:20:59,630 DEBUG                  - depth 1, hash 7d07031, HEAD~375
2021-07-04 05:20:59,634 DEBUG    [line range] org/apache/commons/jxpath/ri/JXPathContextReferenceImpl.java getContextPointer 700:702
2021-07-04 05:20:59,664 DEBUG                  - depth 0, hash 9d0a382, HEAD~367
2021-07-04 05:20:59,669 DEBUG                  - depth 1, hash 77af585, HEAD~369
2021-07-04 05:20:59,673 DEBUG                  - depth 2, hash 7d07031, HEAD~375
2021-07-04 05:20:59,678 DEBUG                  - depth 3, hash 2cff9ca, HEAD~378
2021-07-04 05:20:59,682 DEBUG                  - depth 4, hash a6e246c, HEAD~502
2021-07-04 05:20:59,686 DEBUG                  - depth 5, hash 34b7a47, HEAD~511
2021-07-04 05:20:59,690 DEBUG                  - depth 6, hash 3ec25ca, HEAD~514
2021-07-04 05:20:59,694 DEBUG                  - depth 7, hash bc53a66, HEAD~523
2021-07-04 05:20:59,698 DEBUG    [line range] org/apache/commons/jxpath/ri/JXPathContextReferenceImpl.java getEvalContext 716:719
2021-07-04 05:20:59,727 DEBUG                  - depth 0, hash b1e1383, HEAD~325
2021-07-04 05:20:59,733 DEBUG                  - depth 1, hash 7d07031, HEAD~375
2021-07-04 05:20:59,737 DEBUG                  - depth 2, hash 2cff9ca, HEAD~378
2021-07-04 05:20:59,741 DEBUG                  - depth 3, hash a6e246c, HEAD~502
2021-07-04 05:20:59,745 DEBUG                  - depth 4, hash 34b7a47, HEAD~511
2021-07-04 05:20:59,750 DEBUG                  - depth 5, hash 3ec25ca, HEAD~514
2021-07-04 05:20:59,754 DEBUG                  - depth 6, hash bc53a66, HEAD~523
2021-07-04 05:20:59,758 DEBUG    [line range] org/apache/commons/jxpath/ri/JXPathContextReferenceImpl.java getNamespaceResolver 800:803
2021-07-04 05:20:59,783 DEBUG                  - depth 0, hash d36e894, HEAD~230
2021-07-04 05:20:59,788 DEBUG                  - depth 1, hash 413edb7, HEAD~281
2021-07-04 05:20:59,792 DEBUG                  - depth 2, hash 39b19d3, HEAD~289
2021-07-04 05:20:59,797 DEBUG                  - depth 3, hash b1e1383, HEAD~325
2021-07-04 05:20:59,801 DEBUG    [line range] org/apache/commons/jxpath/ri/JXPathContextReferenceImpl.java getNodePointerFactories 152:154
2021-07-04 05:20:59,829 DEBUG                  - depth 0, hash 00d6738, HEAD~100
2021-07-04 05:20:59,834 DEBUG                  - depth 1, hash 7d07031, HEAD~375
2021-07-04 05:20:59,839 DEBUG                  - depth 2, hash a6e246c, HEAD~502
2021-07-04 05:20:59,843 DEBUG    [line range] org/apache/commons/jxpath/ri/JXPathContextReferenceImpl.java getValue 281:316
2021-07-04 05:20:59,872 DEBUG                  - depth 0, hash 48decea, HEAD~192
2021-07-04 05:20:59,877 DEBUG                  - depth 1, hash d73d9bf, HEAD~332
2021-07-04 05:20:59,881 DEBUG                  - depth 2, hash 2327c42, HEAD~392
2021-07-04 05:20:59,886 DEBUG                  - depth 3, hash aa27fa0, HEAD~488
2021-07-04 05:20:59,890 DEBUG                  - depth 4, hash 34b7a47, HEAD~511
2021-07-04 05:20:59,894 DEBUG                  - depth 5, hash bc53a66, HEAD~523
2021-07-04 05:20:59,898 DEBUG    [line range] org/apache/commons/jxpath/ri/JXPathContextReferenceImpl.java getValue 354:392
2021-07-04 05:20:59,928 DEBUG                  - depth 0, hash d783b21, HEAD~45
2021-07-04 05:20:59,933 DEBUG                  - depth 1, hash 48decea, HEAD~192
2021-07-04 05:20:59,937 DEBUG                  - depth 2, hash c5808a9, HEAD~287
2021-07-04 05:20:59,941 DEBUG                  - depth 3, hash a0849ed, HEAD~329
2021-07-04 05:20:59,946 DEBUG                  - depth 4, hash d73d9bf, HEAD~332
2021-07-04 05:20:59,950 DEBUG                  - depth 5, hash 6f2f15a, HEAD~353
2021-07-04 05:20:59,954 DEBUG                  - depth 6, hash 7d07031, HEAD~375
2021-07-04 05:20:59,958 DEBUG                  - depth 7, hash 2327c42, HEAD~392
2021-07-04 05:20:59,962 DEBUG                  - depth 8, hash 3f4b928, HEAD~397
2021-07-04 05:20:59,966 DEBUG                  - depth 9, hash f2a27fe, HEAD~415
2021-07-04 05:20:59,971 DEBUG                  - depth 10, hash 323e8b2, HEAD~481
2021-07-04 05:20:59,975 DEBUG                  - depth 11, hash aa27fa0, HEAD~488
2021-07-04 05:20:59,979 DEBUG                  - depth 12, hash 34d1c6c, HEAD~492
2021-07-04 05:20:59,983 DEBUG                  - depth 13, hash b8780b1, HEAD~493
2021-07-04 05:20:59,987 DEBUG                  - depth 14, hash 989fbe2, HEAD~496
2021-07-04 05:20:59,991 DEBUG                  - depth 15, hash a6e246c, HEAD~502
2021-07-04 05:20:59,996 DEBUG                  - depth 16, hash 65bf4da, HEAD~503
2021-07-04 05:21:00,000 DEBUG                  - depth 17, hash 34b7a47, HEAD~511
2021-07-04 05:21:00,004 DEBUG                  - depth 18, hash d0a64d1, HEAD~513
2021-07-04 05:21:00,008 DEBUG                  - depth 19, hash 7048cac, HEAD~516
2021-07-04 05:21:00,013 DEBUG                  - depth 20, hash 207c6dd, HEAD~521
2021-07-04 05:21:00,017 DEBUG                  - depth 21, hash bc53a66, HEAD~523
2021-07-04 05:21:00,021 DEBUG    [line range] org/apache/commons/jxpath/ri/JXPathContextReferenceImpl.java getVariablePointer 735:738
2021-07-04 05:21:00,049 DEBUG                  - depth 0, hash 626e5e5, HEAD~190
2021-07-04 05:21:00,055 DEBUG                  - depth 1, hash 7554837, HEAD~324
2021-07-04 05:21:00,059 DEBUG                  - depth 2, hash 2327c42, HEAD~392
2021-07-04 05:21:00,063 DEBUG                  - depth 3, hash 34b7a47, HEAD~511
2021-07-04 05:21:00,068 DEBUG                  - depth 4, hash 7048cac, HEAD~516
2021-07-04 05:21:00,072 DEBUG                  - depth 5, hash bc53a66, HEAD~523
2021-07-04 05:21:00,076 DEBUG    [line range] org/apache/commons/jxpath/ri/JXPathContextReferenceImpl.java <init> 120:133
2021-07-04 05:21:00,104 DEBUG                  - depth 0, hash 9aa3433, HEAD~62
2021-07-04 05:21:00,110 DEBUG                  - depth 1, hash 00d6738, HEAD~100
2021-07-04 05:21:00,114 DEBUG                  - depth 2, hash 7d07031, HEAD~375
2021-07-04 05:21:00,119 DEBUG                  - depth 3, hash a6e246c, HEAD~502
2021-07-04 05:21:00,123 DEBUG    [line range] org/apache/commons/jxpath/ri/JXPathContextReferenceImpl.java compare 120:133
2021-07-04 05:21:00,152 DEBUG                  - depth 0, hash 9aa3433, HEAD~62
2021-07-04 05:21:00,157 DEBUG                  - depth 1, hash 00d6738, HEAD~100
2021-07-04 05:21:00,162 DEBUG                  - depth 2, hash 7d07031, HEAD~375
2021-07-04 05:21:00,166 DEBUG                  - depth 3, hash a6e246c, HEAD~502
2021-07-04 05:21:00,504 DEBUG    [line range] org/apache/commons/jxpath/ri/NamespaceResolver.java <init> 38:38
2021-07-04 05:21:00,527 DEBUG                  - depth 0, hash b1e1383, HEAD~325
2021-07-04 05:21:00,533 DEBUG    [line range] org/apache/commons/jxpath/ri/NamespaceResolver.java seal 184:189
2021-07-04 05:21:00,556 DEBUG                  - depth 0, hash 8db08a6, HEAD~302
2021-07-04 05:21:00,562 DEBUG                  - depth 1, hash b1e1383, HEAD~325
2021-07-04 05:21:00,566 DEBUG    [line range] org/apache/commons/jxpath/ri/NamespaceResolver.java setNamespaceContextPointer 105:107
2021-07-04 05:21:00,589 DEBUG                  - depth 0, hash b1e1383, HEAD~325
2021-07-04 05:21:00,884 DEBUG    [line range] org/apache/commons/jxpath/ri/Parser.java <clinit> 34:34
2021-07-04 05:21:00,907 DEBUG                  - depth 0, hash 34d1c6c, HEAD~492
2021-07-04 05:21:00,913 DEBUG                  - depth 1, hash bc53a66, HEAD~523
2021-07-04 05:21:00,917 DEBUG    [line range] org/apache/commons/jxpath/ri/Parser.java parseExpression 43:73
2021-07-04 05:21:00,939 DEBUG                  - depth 0, hash 21f932e, HEAD~125
2021-07-04 05:21:00,945 DEBUG                  - depth 1, hash c5808a9, HEAD~287
2021-07-04 05:21:00,949 DEBUG                  - depth 2, hash 2327c42, HEAD~392
2021-07-04 05:21:00,954 DEBUG                  - depth 3, hash 34d1c6c, HEAD~492
2021-07-04 05:21:00,958 DEBUG                  - depth 4, hash bc53a66, HEAD~523
2021-07-04 05:21:01,260 DEBUG    [line range] org/apache/commons/jxpath/ri/QName.java <init> 52:56
2021-07-04 05:21:01,286 DEBUG                  - depth 0, hash 30e4fdd, HEAD~240
2021-07-04 05:21:01,292 DEBUG                  - depth 1, hash cccfd4a, HEAD~354
2021-07-04 05:21:01,296 DEBUG                  - depth 2, hash 2327c42, HEAD~392
2021-07-04 05:21:01,300 DEBUG                  - depth 3, hash d93e05d, HEAD~416
2021-07-04 05:21:01,304 DEBUG                  - depth 4, hash bc53a66, HEAD~523
2021-07-04 05:21:01,309 DEBUG    [line range] org/apache/commons/jxpath/ri/QName.java toString 74:76
2021-07-04 05:21:01,334 DEBUG                  - depth 0, hash 30e4fdd, HEAD~240
2021-07-04 05:21:01,340 DEBUG                  - depth 1, hash 2327c42, HEAD~392
2021-07-04 05:21:01,344 DEBUG                  - depth 2, hash 7048cac, HEAD~516
2021-07-04 05:21:01,349 DEBUG                  - depth 3, hash bc53a66, HEAD~523
2021-07-04 05:21:01,637 DEBUG    [line range] org/apache/commons/jxpath/ri/axes/InitialContext.java <init> 32:32
2021-07-04 05:21:01,660 DEBUG                  - depth 0, hash bc53a66, HEAD~523
2021-07-04 05:21:01,666 DEBUG    [line range] org/apache/commons/jxpath/ri/axes/InitialContext.java getCurrentNodePointer 54:56
2021-07-04 05:21:01,688 DEBUG                  - depth 0, hash 2327c42, HEAD~392
2021-07-04 05:21:01,694 DEBUG                  - depth 1, hash bc53a66, HEAD~523
2021-07-04 05:21:01,698 DEBUG    [line range] org/apache/commons/jxpath/ri/axes/InitialContext.java getSingleNodePointer 50:52
2021-07-04 05:21:01,722 DEBUG                  - depth 0, hash 2327c42, HEAD~392
2021-07-04 05:21:01,727 DEBUG                  - depth 1, hash 989fbe2, HEAD~496
2021-07-04 05:21:01,732 DEBUG                  - depth 2, hash 7048cac, HEAD~516
2021-07-04 05:21:01,736 DEBUG    [line range] org/apache/commons/jxpath/ri/axes/InitialContext.java nextNode 62:64
2021-07-04 05:21:01,760 DEBUG                  - depth 0, hash 2327c42, HEAD~392
2021-07-04 05:21:01,765 DEBUG                  - depth 1, hash f293948, HEAD~490
2021-07-04 05:21:01,769 DEBUG                  - depth 2, hash bc53a66, HEAD~523
2021-07-04 05:21:01,774 DEBUG    [line range] org/apache/commons/jxpath/ri/axes/InitialContext.java nextSet 78:84
2021-07-04 05:21:01,797 DEBUG                  - depth 0, hash 2327c42, HEAD~392
2021-07-04 05:21:01,803 DEBUG                  - depth 1, hash bc53a66, HEAD~523
2021-07-04 05:21:01,807 DEBUG    [line range] org/apache/commons/jxpath/ri/axes/InitialContext.java setPosition 66:76
2021-07-04 05:21:01,831 DEBUG                  - depth 0, hash 30e4fdd, HEAD~240
2021-07-04 05:21:01,836 DEBUG                  - depth 1, hash 2327c42, HEAD~392
2021-07-04 05:21:01,840 DEBUG                  - depth 2, hash bc53a66, HEAD~523
2021-07-04 05:21:02,167 DEBUG    [line range] org/apache/commons/jxpath/ri/axes/RootContext.java <clinit> 38:38
2021-07-04 05:21:02,191 DEBUG                  - depth 0, hash bc53a66, HEAD~523
2021-07-04 05:21:02,196 DEBUG    [line range] org/apache/commons/jxpath/ri/axes/RootContext.java <init> 37:37
2021-07-04 05:21:02,219 DEBUG                  - depth 0, hash bc53a66, HEAD~523
2021-07-04 05:21:02,225 DEBUG    [line range] org/apache/commons/jxpath/ri/axes/RootContext.java getCurrentNodePointer 72:74
2021-07-04 05:21:02,249 DEBUG                  - depth 0, hash 2327c42, HEAD~392
2021-07-04 05:21:02,254 DEBUG                  - depth 1, hash bc53a66, HEAD~523
2021-07-04 05:21:02,259 DEBUG    [line range] org/apache/commons/jxpath/ri/axes/RootContext.java getRootContext 60:62
2021-07-04 05:21:02,282 DEBUG                  - depth 0, hash 2327c42, HEAD~392
2021-07-04 05:21:02,288 DEBUG                  - depth 1, hash bc53a66, HEAD~523
2021-07-04 05:21:02,292 DEBUG    [line range] org/apache/commons/jxpath/ri/axes/RootContext.java getVariableContext 126:131
2021-07-04 05:21:02,316 DEBUG                  - depth 0, hash 7d07031, HEAD~375
2021-07-04 05:21:02,321 DEBUG                  - depth 1, hash 2327c42, HEAD~392
2021-07-04 05:21:02,326 DEBUG                  - depth 2, hash bc53a66, HEAD~523
2021-07-04 05:21:02,657 DEBUG    [line range] org/apache/commons/jxpath/ri/compiler/CoreOperation.java <init> 51:53
2021-07-04 05:21:02,681 DEBUG                  - depth 0, hash f53ab17, HEAD~106
2021-07-04 05:21:02,687 DEBUG                  - depth 1, hash f3eb197, HEAD~386
2021-07-04 05:21:02,691 DEBUG                  - depth 2, hash 2327c42, HEAD~392
2021-07-04 05:21:02,696 DEBUG                  - depth 3, hash 323e8b2, HEAD~481
2021-07-04 05:21:02,700 DEBUG                  - depth 4, hash bc53a66, HEAD~523
2021-07-04 05:21:02,704 DEBUG    [line range] org/apache/commons/jxpath/ri/compiler/CoreOperation.java compute 55:57
2021-07-04 05:21:02,727 DEBUG                  - depth 0, hash 2327c42, HEAD~392
2021-07-04 05:21:02,733 DEBUG                  - depth 1, hash 323e8b2, HEAD~481
2021-07-04 05:21:03,042 DEBUG    [line range] org/apache/commons/jxpath/ri/compiler/CoreOperationAdd.java <init> 34:36
2021-07-04 05:21:03,065 DEBUG                  - depth 0, hash f3eb197, HEAD~386
2021-07-04 05:21:03,071 DEBUG    [line range] org/apache/commons/jxpath/ri/compiler/CoreOperationAdd.java computeValue 38:44
2021-07-04 05:21:03,094 DEBUG                  - depth 0, hash f3eb197, HEAD~386
2021-07-04 05:21:03,376 DEBUG    [line range] org/apache/commons/jxpath/ri/compiler/CoreOperationLessThanOrEqual.java <init> 33:35
2021-07-04 05:21:03,399 DEBUG                  - depth 0, hash f3eb197, HEAD~386
2021-07-04 05:21:03,404 DEBUG    [line range] org/apache/commons/jxpath/ri/compiler/CoreOperationLessThanOrEqual.java evaluateCompare 37:39
2021-07-04 05:21:03,427 DEBUG                  - depth 0, hash 58fac65, HEAD~200
2021-07-04 05:21:03,432 DEBUG                  - depth 1, hash f3eb197, HEAD~386
2021-07-04 05:21:03,740 DEBUG    [line range] org/apache/commons/jxpath/ri/compiler/CoreOperationRelationalExpression.java <init> 41:43
2021-07-04 05:21:03,763 DEBUG                  - depth 0, hash 58fac65, HEAD~200
2021-07-04 05:21:03,769 DEBUG    [line range] org/apache/commons/jxpath/ri/compiler/CoreOperationRelationalExpression.java compute 71:99
2021-07-04 05:21:03,792 DEBUG                  - depth 0, hash 1befe1b, HEAD~197
2021-07-04 05:21:03,797 DEBUG                  - depth 1, hash 58fac65, HEAD~200
2021-07-04 05:21:03,802 DEBUG    [line range] org/apache/commons/jxpath/ri/compiler/CoreOperationRelationalExpression.java computeValue 45:48
2021-07-04 05:21:03,825 DEBUG                  - depth 0, hash 3b3e58d, HEAD~193
2021-07-04 05:21:03,830 DEBUG                  - depth 1, hash 58fac65, HEAD~200
2021-07-04 05:21:03,835 DEBUG    [line range] org/apache/commons/jxpath/ri/compiler/CoreOperationRelationalExpression.java containsMatch 122:130
2021-07-04 05:21:03,858 DEBUG                  - depth 0, hash 1befe1b, HEAD~197
2021-07-04 05:21:03,863 DEBUG                  - depth 1, hash 58fac65, HEAD~200
2021-07-04 05:21:03,868 DEBUG    [line range] org/apache/commons/jxpath/ri/compiler/CoreOperationRelationalExpression.java reduce 106:114
2021-07-04 05:21:03,890 DEBUG                  - depth 0, hash 58fac65, HEAD~200
2021-07-04 05:21:04,228 DEBUG    [line range] org/apache/commons/jxpath/ri/compiler/Expression.java <clinit> 43:43
2021-07-04 05:21:04,251 DEBUG                  - depth 0, hash 2327c42, HEAD~392
2021-07-04 05:21:04,257 DEBUG                  - depth 1, hash 323e8b2, HEAD~481
2021-07-04 05:21:04,261 DEBUG    [single line]   org/apache/commons/jxpath/ri/compiler/Expression.java <init> 40
2021-07-04 05:21:04,284 DEBUG                  - depth 0, hash bc53a66, HEAD~523
2021-07-04 05:21:04,290 DEBUG    [line range] org/apache/commons/jxpath/ri/compiler/Expression.java <init> 51:51
2021-07-04 05:21:04,313 DEBUG                  - depth 0, hash bc53a66, HEAD~523
2021-07-04 05:21:04,600 DEBUG    [line range] org/apache/commons/jxpath/ri/compiler/Operation.java <init> 32:34
2021-07-04 05:21:04,623 DEBUG                  - depth 0, hash f53ab17, HEAD~106
2021-07-04 05:21:04,629 DEBUG                  - depth 1, hash f3eb197, HEAD~386
2021-07-04 05:21:04,633 DEBUG                  - depth 2, hash 2327c42, HEAD~392
2021-07-04 05:21:04,638 DEBUG                  - depth 3, hash bc53a66, HEAD~523
2021-07-04 05:21:04,973 DEBUG    [line range] org/apache/commons/jxpath/ri/compiler/TreeCompiler.java <clinit> 28:28
2021-07-04 05:21:04,997 DEBUG                  - depth 0, hash 323e8b2, HEAD~481
2021-07-04 05:21:05,003 DEBUG    [single line]   org/apache/commons/jxpath/ri/compiler/TreeCompiler.java <init> 26
2021-07-04 05:21:05,026 DEBUG                  - depth 0, hash bc53a66, HEAD~523
2021-07-04 05:21:05,032 DEBUG    [line range] org/apache/commons/jxpath/ri/compiler/TreeCompiler.java lessThanOrEqual 68:72
2021-07-04 05:21:05,056 DEBUG                  - depth 0, hash f3eb197, HEAD~386
2021-07-04 05:21:05,061 DEBUG                  - depth 1, hash 2327c42, HEAD~392
2021-07-04 05:21:05,066 DEBUG                  - depth 2, hash bc53a66, HEAD~523
2021-07-04 05:21:05,070 DEBUG    [line range] org/apache/commons/jxpath/ri/compiler/TreeCompiler.java qname 38:40
2021-07-04 05:21:05,094 DEBUG                  - depth 0, hash 2327c42, HEAD~392
2021-07-04 05:21:05,099 DEBUG                  - depth 1, hash bc53a66, HEAD~523
2021-07-04 05:21:05,104 DEBUG    [line range] org/apache/commons/jxpath/ri/compiler/TreeCompiler.java sum 42:44
2021-07-04 05:21:05,127 DEBUG                  - depth 0, hash f3eb197, HEAD~386
2021-07-04 05:21:05,133 DEBUG                  - depth 1, hash 2327c42, HEAD~392
2021-07-04 05:21:05,137 DEBUG                  - depth 2, hash bc53a66, HEAD~523
2021-07-04 05:21:05,142 DEBUG    [line range] org/apache/commons/jxpath/ri/compiler/TreeCompiler.java toExpressionArray 160:169
2021-07-04 05:21:05,165 DEBUG                  - depth 0, hash cdfbbfb, HEAD~103
2021-07-04 05:21:05,171 DEBUG                  - depth 1, hash 2327c42, HEAD~392
2021-07-04 05:21:05,175 DEBUG                  - depth 2, hash bc53a66, HEAD~523
2021-07-04 05:21:05,180 DEBUG    [line range] org/apache/commons/jxpath/ri/compiler/TreeCompiler.java variableReference 100:102
2021-07-04 05:21:05,204 DEBUG                  - depth 0, hash 2327c42, HEAD~392
2021-07-04 05:21:05,209 DEBUG                  - depth 1, hash bc53a66, HEAD~523
2021-07-04 05:21:05,494 DEBUG    [line range] org/apache/commons/jxpath/ri/compiler/VariableReference.java <init> 36:38
2021-07-04 05:21:05,517 DEBUG                  - depth 0, hash f3eb197, HEAD~386
2021-07-04 05:21:05,523 DEBUG                  - depth 1, hash 2327c42, HEAD~392
2021-07-04 05:21:05,527 DEBUG                  - depth 2, hash bc53a66, HEAD~523
2021-07-04 05:21:05,532 DEBUG    [line range] org/apache/commons/jxpath/ri/compiler/VariableReference.java compute 60:62
2021-07-04 05:21:05,555 DEBUG                  - depth 0, hash 2327c42, HEAD~392
2021-07-04 05:21:05,560 DEBUG                  - depth 1, hash 323e8b2, HEAD~481
2021-07-04 05:21:05,565 DEBUG                  - depth 2, hash bc53a66, HEAD~523
2021-07-04 05:21:05,569 DEBUG    [line range] org/apache/commons/jxpath/ri/compiler/VariableReference.java computeValue 69:71
2021-07-04 05:21:05,592 DEBUG                  - depth 0, hash 2327c42, HEAD~392
2021-07-04 05:21:05,597 DEBUG                  - depth 1, hash 323e8b2, HEAD~481
2021-07-04 05:21:05,602 DEBUG                  - depth 2, hash bc53a66, HEAD~523
2021-07-04 05:21:06,007 DEBUG    [line range] org/apache/commons/jxpath/ri/model/NodePointer.java <init> 132:134
2021-07-04 05:21:06,039 DEBUG                  - depth 0, hash 907ab10, HEAD~497
2021-07-04 05:21:06,044 DEBUG                  - depth 1, hash bc53a66, HEAD~523
2021-07-04 05:21:06,049 DEBUG    [line range] org/apache/commons/jxpath/ri/model/NodePointer.java <init> 58:58
2021-07-04 05:21:06,076 DEBUG                  - depth 0, hash d8ce20b, HEAD~146
2021-07-04 05:21:06,082 DEBUG    [line range] org/apache/commons/jxpath/ri/model/NodePointer.java clone 708:721
2021-07-04 05:21:06,112 DEBUG                  - depth 0, hash 2327c42, HEAD~392
2021-07-04 05:21:06,118 DEBUG                  - depth 1, hash d5a5163, HEAD~414
2021-07-04 05:21:06,122 DEBUG                  - depth 2, hash cc0637b, HEAD~450
2021-07-04 05:21:06,126 DEBUG                  - depth 3, hash 907ab10, HEAD~497
2021-07-04 05:21:06,130 DEBUG                  - depth 4, hash 7048cac, HEAD~516
2021-07-04 05:21:06,135 DEBUG    [line range] org/apache/commons/jxpath/ri/model/NodePointer.java getImmediateValuePointer 312:314
2021-07-04 05:21:06,164 DEBUG                  - depth 0, hash 430fdd0, HEAD~400
2021-07-04 05:21:06,170 DEBUG    [line range] org/apache/commons/jxpath/ri/model/NodePointer.java getIndex 241:243
2021-07-04 05:21:06,201 DEBUG                  - depth 0, hash 907ab10, HEAD~497
2021-07-04 05:21:06,207 DEBUG                  - depth 1, hash 207c6dd, HEAD~521
2021-07-04 05:21:06,211 DEBUG                  - depth 2, hash bc53a66, HEAD~523
2021-07-04 05:21:06,216 DEBUG    [line range] org/apache/commons/jxpath/ri/model/NodePointer.java getNode 364:366
2021-07-04 05:21:06,245 DEBUG                  - depth 0, hash 2327c42, HEAD~392
2021-07-04 05:21:06,251 DEBUG                  - depth 1, hash 430fdd0, HEAD~400
2021-07-04 05:21:06,255 DEBUG    [line range] org/apache/commons/jxpath/ri/model/NodePointer.java getValue 274:281
2021-07-04 05:21:06,286 DEBUG                  - depth 0, hash 21f932e, HEAD~125
2021-07-04 05:21:06,292 DEBUG                  - depth 1, hash 2327c42, HEAD~392
2021-07-04 05:21:06,296 DEBUG                  - depth 2, hash 430fdd0, HEAD~400
2021-07-04 05:21:06,300 DEBUG                  - depth 3, hash d1c2ae2, HEAD~427
2021-07-04 05:21:06,305 DEBUG                  - depth 4, hash b8780b1, HEAD~493
2021-07-04 05:21:06,309 DEBUG                  - depth 5, hash 907ab10, HEAD~497
2021-07-04 05:21:06,313 DEBUG                  - depth 6, hash a6e246c, HEAD~502
2021-07-04 05:21:06,317 DEBUG                  - depth 7, hash 207c6dd, HEAD~521
2021-07-04 05:21:06,322 DEBUG                  - depth 8, hash bc53a66, HEAD~523
2021-07-04 05:21:06,326 DEBUG    [line range] org/apache/commons/jxpath/ri/model/NodePointer.java getValuePointer 301:304
2021-07-04 05:21:06,357 DEBUG                  - depth 0, hash 30e4fdd, HEAD~240
2021-07-04 05:21:06,363 DEBUG                  - depth 1, hash 2327c42, HEAD~392
2021-07-04 05:21:06,367 DEBUG                  - depth 2, hash 430fdd0, HEAD~400
2021-07-04 05:21:06,371 DEBUG                  - depth 3, hash 907ab10, HEAD~497
2021-07-04 05:21:06,375 DEBUG                  - depth 4, hash a6e246c, HEAD~502
2021-07-04 05:21:06,380 DEBUG                  - depth 5, hash 34b7a47, HEAD~511
2021-07-04 05:21:06,384 DEBUG    [line range] org/apache/commons/jxpath/ri/model/NodePointer.java newChildNodePointer 104:120
2021-07-04 05:21:06,415 DEBUG                  - depth 0, hash f53ab17, HEAD~106
2021-07-04 05:21:06,421 DEBUG                  - depth 1, hash 31e53d9, HEAD~212
2021-07-04 05:21:06,425 DEBUG                  - depth 2, hash 2327c42, HEAD~392
2021-07-04 05:21:06,429 DEBUG                  - depth 3, hash d5a5163, HEAD~414
2021-07-04 05:21:06,434 DEBUG                  - depth 4, hash 34d1c6c, HEAD~492
2021-07-04 05:21:06,438 DEBUG                  - depth 5, hash 907ab10, HEAD~497
2021-07-04 05:21:06,442 DEBUG                  - depth 6, hash a6e246c, HEAD~502
2021-07-04 05:21:06,446 DEBUG                  - depth 7, hash 65bf4da, HEAD~503
2021-07-04 05:21:06,451 DEBUG                  - depth 8, hash 34b7a47, HEAD~511
2021-07-04 05:21:06,455 DEBUG                  - depth 9, hash 207c6dd, HEAD~521
2021-07-04 05:21:06,459 DEBUG                  - depth 10, hash bc53a66, HEAD~523
2021-07-04 05:21:06,463 DEBUG    [line range] org/apache/commons/jxpath/ri/model/NodePointer.java newNodePointer 73:94
2021-07-04 05:21:06,495 DEBUG                  - depth 0, hash f53ab17, HEAD~106
2021-07-04 05:21:06,501 DEBUG                  - depth 1, hash 21f932e, HEAD~125
2021-07-04 05:21:06,505 DEBUG                  - depth 2, hash 5d2e020, HEAD~343
2021-07-04 05:21:06,509 DEBUG                  - depth 3, hash 7c43512, HEAD~344
2021-07-04 05:21:06,513 DEBUG                  - depth 4, hash 2327c42, HEAD~392
2021-07-04 05:21:06,518 DEBUG                  - depth 5, hash d5a5163, HEAD~414
2021-07-04 05:21:06,522 DEBUG                  - depth 6, hash 34d1c6c, HEAD~492
2021-07-04 05:21:06,526 DEBUG                  - depth 7, hash 907ab10, HEAD~497
2021-07-04 05:21:06,530 DEBUG                  - depth 8, hash a6e246c, HEAD~502
2021-07-04 05:21:06,535 DEBUG                  - depth 9, hash 34b7a47, HEAD~511
2021-07-04 05:21:06,539 DEBUG                  - depth 10, hash 3ec25ca, HEAD~514
2021-07-04 05:21:06,543 DEBUG                  - depth 11, hash 207c6dd, HEAD~521
2021-07-04 05:21:06,547 DEBUG                  - depth 12, hash bc53a66, HEAD~523
2021-07-04 05:21:06,552 DEBUG    [line range] org/apache/commons/jxpath/ri/model/NodePointer.java setIndex 249:251
2021-07-04 05:21:06,583 DEBUG                  - depth 0, hash 907ab10, HEAD~497
2021-07-04 05:21:06,589 DEBUG                  - depth 1, hash a6e246c, HEAD~502
2021-07-04 05:21:06,593 DEBUG                  - depth 2, hash 34b7a47, HEAD~511
2021-07-04 05:21:06,598 DEBUG                  - depth 3, hash 207c6dd, HEAD~521
2021-07-04 05:21:06,602 DEBUG                  - depth 4, hash bc53a66, HEAD~523
2021-07-04 05:21:06,606 DEBUG    [line range] org/apache/commons/jxpath/ri/model/NodePointer.java setNamespaceResolver 161:163
2021-07-04 05:21:06,634 DEBUG                  - depth 0, hash b1e1383, HEAD~325
2021-07-04 05:21:06,981 DEBUG    [line range] org/apache/commons/jxpath/ri/model/VariablePointer.java <init> 50:55
2021-07-04 05:21:07,009 DEBUG                  - depth 0, hash 2327c42, HEAD~392
2021-07-04 05:21:07,015 DEBUG                  - depth 1, hash 34b7a47, HEAD~511
2021-07-04 05:21:07,019 DEBUG                  - depth 2, hash bc53a66, HEAD~523
2021-07-04 05:21:07,023 DEBUG    [line range] org/apache/commons/jxpath/ri/model/VariablePointer.java getBaseValue 75:80
2021-07-04 05:21:07,052 DEBUG                  - depth 0, hash 74a4ab2, HEAD~387
2021-07-04 05:21:07,058 DEBUG                  - depth 1, hash 2327c42, HEAD~392
2021-07-04 05:21:07,062 DEBUG                  - depth 2, hash 34d1c6c, HEAD~492
2021-07-04 05:21:07,066 DEBUG                  - depth 3, hash 34b7a47, HEAD~511
2021-07-04 05:21:07,071 DEBUG                  - depth 4, hash 207c6dd, HEAD~521
2021-07-04 05:21:07,075 DEBUG                  - depth 5, hash bc53a66, HEAD~523
2021-07-04 05:21:07,079 DEBUG    [line range] org/apache/commons/jxpath/ri/model/VariablePointer.java getImmediateNode 92:96
2021-07-04 05:21:07,107 DEBUG                  - depth 0, hash 30e4fdd, HEAD~240
2021-07-04 05:21:07,113 DEBUG                  - depth 1, hash 7554837, HEAD~324
2021-07-04 05:21:07,117 DEBUG                  - depth 2, hash 2327c42, HEAD~392
2021-07-04 05:21:07,121 DEBUG                  - depth 3, hash 430fdd0, HEAD~400
2021-07-04 05:21:07,126 DEBUG                  - depth 4, hash d1c2ae2, HEAD~427
2021-07-04 05:21:07,130 DEBUG                  - depth 5, hash b8780b1, HEAD~493
2021-07-04 05:21:07,134 DEBUG                  - depth 6, hash a6e246c, HEAD~502
2021-07-04 05:21:07,138 DEBUG                  - depth 7, hash 207c6dd, HEAD~521
2021-07-04 05:21:07,143 DEBUG    [line range] org/apache/commons/jxpath/ri/model/VariablePointer.java getImmediateValuePointer 121:139
2021-07-04 05:21:07,171 DEBUG                  - depth 0, hash d4c77d8, HEAD~384
2021-07-04 05:21:07,177 DEBUG                  - depth 1, hash 74a4ab2, HEAD~387
2021-07-04 05:21:07,181 DEBUG                  - depth 2, hash b309e5f, HEAD~390
2021-07-04 05:21:07,186 DEBUG                  - depth 3, hash 2327c42, HEAD~392
2021-07-04 05:21:07,190 DEBUG                  - depth 4, hash 430fdd0, HEAD~400
2021-07-04 05:21:07,194 DEBUG                  - depth 5, hash d1c2ae2, HEAD~427
2021-07-04 05:21:07,198 DEBUG                  - depth 6, hash b8780b1, HEAD~493
2021-07-04 05:21:07,203 DEBUG                  - depth 7, hash a6e246c, HEAD~502
2021-07-04 05:21:07,207 DEBUG                  - depth 8, hash 34b7a47, HEAD~511
2021-07-04 05:21:07,211 DEBUG                  - depth 9, hash 207c6dd, HEAD~521
2021-07-04 05:21:07,216 DEBUG                  - depth 10, hash bc53a66, HEAD~523
2021-07-04 05:21:07,220 DEBUG    [line range] org/apache/commons/jxpath/ri/model/VariablePointer.java getLength 141:147
2021-07-04 05:21:07,248 DEBUG                  - depth 0, hash 30e4fdd, HEAD~240
2021-07-04 05:21:07,254 DEBUG                  - depth 1, hash 2327c42, HEAD~392
2021-07-04 05:21:07,258 DEBUG                  - depth 2, hash 074cc88, HEAD~404
2021-07-04 05:21:07,263 DEBUG                  - depth 3, hash 34b7a47, HEAD~511
2021-07-04 05:21:07,267 DEBUG    [line range] org/apache/commons/jxpath/ri/model/VariablePointer.java setIndex 116:119
2021-07-04 05:21:07,294 DEBUG                  - depth 0, hash 74a4ab2, HEAD~387
2021-07-04 05:21:07,599 DEBUG    [single line]   org/apache/commons/jxpath/ri/model/VariablePointerFactory.java <init> 31
2021-07-04 05:21:07,622 DEBUG                  - depth 0, hash 626e5e5, HEAD~190
2021-07-04 05:21:07,628 DEBUG    [single line]   org/apache/commons/jxpath/ri/model/VariablePointerFactory.java <init> 38
2021-07-04 05:21:07,650 DEBUG                  - depth 0, hash cdfbbfb, HEAD~103
2021-07-04 05:21:07,656 DEBUG                  - depth 1, hash 626e5e5, HEAD~190
2021-07-04 05:21:07,660 DEBUG    [line range] org/apache/commons/jxpath/ri/model/VariablePointerFactory.java contextWrapper 64:66
2021-07-04 05:21:07,683 DEBUG                  - depth 0, hash 626e5e5, HEAD~190
2021-07-04 05:21:07,689 DEBUG    [line range] org/apache/commons/jxpath/ri/model/VariablePointerFactory.java createNodePointer 68:85
2021-07-04 05:21:07,711 DEBUG                  - depth 0, hash 732384e, HEAD~159
2021-07-04 05:21:07,717 DEBUG                  - depth 1, hash 626e5e5, HEAD~190
2021-07-04 05:21:07,722 DEBUG    [line range] org/apache/commons/jxpath/ri/model/VariablePointerFactory.java createNodePointer 87:90
2021-07-04 05:21:07,744 DEBUG                  - depth 0, hash 626e5e5, HEAD~190
2021-07-04 05:21:07,750 DEBUG    [line range] org/apache/commons/jxpath/ri/model/VariablePointerFactory.java getOrder 92:94
2021-07-04 05:21:07,773 DEBUG                  - depth 0, hash 626e5e5, HEAD~190
2021-07-04 05:21:07,779 DEBUG    [line range] org/apache/commons/jxpath/ri/model/VariablePointerFactory.java <init> 45:47
2021-07-04 05:21:07,801 DEBUG                  - depth 0, hash 626e5e5, HEAD~190
2021-07-04 05:21:07,807 DEBUG    [single line]   org/apache/commons/jxpath/ri/model/VariablePointerFactory.java <init> 38
2021-07-04 05:21:07,829 DEBUG                  - depth 0, hash cdfbbfb, HEAD~103
2021-07-04 05:21:07,835 DEBUG                  - depth 1, hash 626e5e5, HEAD~190
2021-07-04 05:21:07,839 DEBUG    [line range] org/apache/commons/jxpath/ri/model/VariablePointerFactory.java getContext 54:56
2021-07-04 05:21:07,862 DEBUG                  - depth 0, hash 732384e, HEAD~159
2021-07-04 05:21:08,186 DEBUG    [line range] org/apache/commons/jxpath/ri/model/beans/BeanPointer.java <init> 64:70
2021-07-04 05:21:08,213 DEBUG                  - depth 0, hash 00d6738, HEAD~100
2021-07-04 05:21:08,219 DEBUG                  - depth 1, hash 21f932e, HEAD~125
2021-07-04 05:21:08,223 DEBUG                  - depth 2, hash 594ff3b, HEAD~399
2021-07-04 05:21:08,228 DEBUG                  - depth 3, hash 430fdd0, HEAD~400
2021-07-04 05:21:08,232 DEBUG                  - depth 4, hash 207c6dd, HEAD~521
2021-07-04 05:21:08,236 DEBUG                  - depth 5, hash bc53a66, HEAD~523
2021-07-04 05:21:08,241 DEBUG    [line range] org/apache/commons/jxpath/ri/model/beans/BeanPointer.java getBaseValue 80:82
2021-07-04 05:21:08,268 DEBUG                  - depth 0, hash 2327c42, HEAD~392
2021-07-04 05:21:08,273 DEBUG                  - depth 1, hash 207c6dd, HEAD~521
2021-07-04 05:21:08,278 DEBUG                  - depth 2, hash bc53a66, HEAD~523
2021-07-04 05:21:08,571 DEBUG    [single line]   org/apache/commons/jxpath/ri/model/beans/BeanPointerFactory.java <init> 33
2021-07-04 05:21:08,597 DEBUG                  - depth 0, hash 34b7a47, HEAD~511
2021-07-04 05:21:08,603 DEBUG    [line range] org/apache/commons/jxpath/ri/model/beans/BeanPointerFactory.java createNodePointer 47:55
2021-07-04 05:21:08,628 DEBUG                  - depth 0, hash 00d6738, HEAD~100
2021-07-04 05:21:08,634 DEBUG                  - depth 1, hash 6cafab0, HEAD~191
2021-07-04 05:21:08,638 DEBUG                  - depth 2, hash 2327c42, HEAD~392
2021-07-04 05:21:08,643 DEBUG                  - depth 3, hash cc0637b, HEAD~450
2021-07-04 05:21:08,647 DEBUG                  - depth 4, hash a6e246c, HEAD~502
2021-07-04 05:21:08,651 DEBUG                  - depth 5, hash 65bf4da, HEAD~503
2021-07-04 05:21:08,655 DEBUG                  - depth 6, hash 34b7a47, HEAD~511
2021-07-04 05:21:08,660 DEBUG    [line range] org/apache/commons/jxpath/ri/model/beans/BeanPointerFactory.java getOrder 38:40
2021-07-04 05:21:08,685 DEBUG                  - depth 0, hash 2327c42, HEAD~392
2021-07-04 05:21:08,691 DEBUG                  - depth 1, hash 34b7a47, HEAD~511
2021-07-04 05:21:08,976 DEBUG    [single line]   org/apache/commons/jxpath/ri/model/beans/CollectionPointerFactory.java <init> 32
2021-07-04 05:21:09,002 DEBUG                  - depth 0, hash a6e246c, HEAD~502
2021-07-04 05:21:09,008 DEBUG                  - depth 1, hash 34b7a47, HEAD~511
2021-07-04 05:21:09,012 DEBUG    [line range] org/apache/commons/jxpath/ri/model/beans/CollectionPointerFactory.java createNodePointer 41:43
2021-07-04 05:21:09,037 DEBUG                  - depth 0, hash cdfbbfb, HEAD~103
2021-07-04 05:21:09,043 DEBUG                  - depth 1, hash 21f932e, HEAD~125
2021-07-04 05:21:09,048 DEBUG                  - depth 2, hash 30e4fdd, HEAD~240
2021-07-04 05:21:09,052 DEBUG                  - depth 3, hash 2327c42, HEAD~392
2021-07-04 05:21:09,056 DEBUG                  - depth 4, hash a6e246c, HEAD~502
2021-07-04 05:21:09,060 DEBUG                  - depth 5, hash 34b7a47, HEAD~511
2021-07-04 05:21:09,065 DEBUG    [line range] org/apache/commons/jxpath/ri/model/beans/CollectionPointerFactory.java createNodePointer 45:48
2021-07-04 05:21:09,091 DEBUG                  - depth 0, hash cdfbbfb, HEAD~103
2021-07-04 05:21:09,096 DEBUG                  - depth 1, hash 21f932e, HEAD~125
2021-07-04 05:21:09,101 DEBUG                  - depth 2, hash 30e4fdd, HEAD~240
2021-07-04 05:21:09,105 DEBUG                  - depth 3, hash 2327c42, HEAD~392
2021-07-04 05:21:09,109 DEBUG                  - depth 4, hash a6e246c, HEAD~502
2021-07-04 05:21:09,114 DEBUG                  - depth 5, hash 34b7a47, HEAD~511
2021-07-04 05:21:09,118 DEBUG    [line range] org/apache/commons/jxpath/ri/model/beans/CollectionPointerFactory.java getOrder 37:39
2021-07-04 05:21:09,144 DEBUG                  - depth 0, hash 2327c42, HEAD~392
2021-07-04 05:21:09,149 DEBUG                  - depth 1, hash a6e246c, HEAD~502
2021-07-04 05:21:09,154 DEBUG                  - depth 2, hash 34b7a47, HEAD~511
2021-07-04 05:21:09,465 DEBUG    [line range] org/apache/commons/jxpath/ri/model/beans/NullPointer.java <init> 41:44
2021-07-04 05:21:09,493 DEBUG                  - depth 0, hash 2327c42, HEAD~392
2021-07-04 05:21:09,499 DEBUG                  - depth 1, hash 3ec25ca, HEAD~514
2021-07-04 05:21:09,503 DEBUG                  - depth 2, hash 207c6dd, HEAD~521
2021-07-04 05:21:09,819 DEBUG    [line range] org/apache/commons/jxpath/ri/model/beans/PropertyOwnerPointer.java <clinit> 39:39
2021-07-04 05:21:09,845 DEBUG                  - depth 0, hash 00d6738, HEAD~100
2021-07-04 05:21:09,851 DEBUG    [line range] org/apache/commons/jxpath/ri/model/beans/PropertyOwnerPointer.java <init> 41:41
2021-07-04 05:21:09,877 DEBUG                  - depth 0, hash 00d6738, HEAD~100
2021-07-04 05:21:09,883 DEBUG    [line range] org/apache/commons/jxpath/ri/model/beans/PropertyOwnerPointer.java <init> 82:84
2021-07-04 05:21:09,911 DEBUG                  - depth 0, hash 2327c42, HEAD~392
2021-07-04 05:21:09,917 DEBUG                  - depth 1, hash 3ec25ca, HEAD~514
2021-07-04 05:21:09,921 DEBUG    [line range] org/apache/commons/jxpath/ri/model/beans/PropertyOwnerPointer.java getImmediateNode 101:107
2021-07-04 05:21:09,950 DEBUG                  - depth 0, hash 30e4fdd, HEAD~240
2021-07-04 05:21:09,955 DEBUG                  - depth 1, hash 7554837, HEAD~324
2021-07-04 05:21:09,960 DEBUG                  - depth 2, hash 2327c42, HEAD~392
2021-07-04 05:21:09,964 DEBUG                  - depth 3, hash 430fdd0, HEAD~400
2021-07-04 05:21:09,968 DEBUG                  - depth 4, hash d1c2ae2, HEAD~427
2021-07-04 05:21:09,973 DEBUG                  - depth 5, hash b8780b1, HEAD~493
2021-07-04 05:21:09,977 DEBUG                  - depth 6, hash a6e246c, HEAD~502
2021-07-04 05:21:09,981 DEBUG                  - depth 7, hash 207c6dd, HEAD~521
2021-07-04 05:21:10,260 DEBUG    [single line]   org/apache/commons/jxpath/ri/model/container/ContainerPointerFactory.java <init> 32
2021-07-04 05:21:10,286 DEBUG                  - depth 0, hash 34b7a47, HEAD~511
2021-07-04 05:21:10,292 DEBUG    [line range] org/apache/commons/jxpath/ri/model/container/ContainerPointerFactory.java createNodePointer 40:43
2021-07-04 05:21:10,318 DEBUG                  - depth 0, hash f53ab17, HEAD~106
2021-07-04 05:21:10,324 DEBUG                  - depth 1, hash 21f932e, HEAD~125
2021-07-04 05:21:10,328 DEBUG                  - depth 2, hash 30e4fdd, HEAD~240
2021-07-04 05:21:10,332 DEBUG                  - depth 3, hash 2327c42, HEAD~392
2021-07-04 05:21:10,337 DEBUG                  - depth 4, hash 34b7a47, HEAD~511
2021-07-04 05:21:10,341 DEBUG    [line range] org/apache/commons/jxpath/ri/model/container/ContainerPointerFactory.java createNodePointer 45:49
2021-07-04 05:21:10,367 DEBUG                  - depth 0, hash f53ab17, HEAD~106
2021-07-04 05:21:10,373 DEBUG                  - depth 1, hash 21f932e, HEAD~125
2021-07-04 05:21:10,377 DEBUG                  - depth 2, hash 30e4fdd, HEAD~240
2021-07-04 05:21:10,381 DEBUG                  - depth 3, hash 2327c42, HEAD~392
2021-07-04 05:21:10,386 DEBUG                  - depth 4, hash 34b7a47, HEAD~511
2021-07-04 05:21:10,390 DEBUG    [line range] org/apache/commons/jxpath/ri/model/container/ContainerPointerFactory.java getOrder 36:38
2021-07-04 05:21:10,415 DEBUG                  - depth 0, hash 2327c42, HEAD~392
2021-07-04 05:21:10,421 DEBUG                  - depth 1, hash 34b7a47, HEAD~511
2021-07-04 05:21:10,715 DEBUG    [single line]   org/apache/commons/jxpath/ri/model/dom/DOMPointerFactory.java <init> 32
2021-07-04 05:21:10,740 DEBUG                  - depth 0, hash 34b7a47, HEAD~511
2021-07-04 05:21:10,746 DEBUG    [line range] org/apache/commons/jxpath/ri/model/dom/DOMPointerFactory.java createNodePointer 41:46
2021-07-04 05:21:10,771 DEBUG                  - depth 0, hash 21f932e, HEAD~125
2021-07-04 05:21:10,777 DEBUG                  - depth 1, hash 30e4fdd, HEAD~240
2021-07-04 05:21:10,782 DEBUG                  - depth 2, hash 2327c42, HEAD~392
2021-07-04 05:21:10,786 DEBUG                  - depth 3, hash 34b7a47, HEAD~511
2021-07-04 05:21:10,790 DEBUG    [line range] org/apache/commons/jxpath/ri/model/dom/DOMPointerFactory.java createNodePointer 48:53
2021-07-04 05:21:10,816 DEBUG                  - depth 0, hash 21f932e, HEAD~125
2021-07-04 05:21:10,822 DEBUG                  - depth 1, hash 30e4fdd, HEAD~240
2021-07-04 05:21:10,827 DEBUG                  - depth 2, hash 2327c42, HEAD~392
2021-07-04 05:21:10,831 DEBUG                  - depth 3, hash 34b7a47, HEAD~511
2021-07-04 05:21:10,835 DEBUG    [line range] org/apache/commons/jxpath/ri/model/dom/DOMPointerFactory.java getOrder 37:39
2021-07-04 05:21:10,861 DEBUG                  - depth 0, hash 2327c42, HEAD~392
2021-07-04 05:21:10,867 DEBUG                  - depth 1, hash 34b7a47, HEAD~511
2021-07-04 05:21:11,152 DEBUG    [single line]   org/apache/commons/jxpath/ri/model/dynabeans/DynaBeanPointerFactory.java <init> 35
2021-07-04 05:21:11,175 DEBUG                  - depth 0, hash 2b59f56, HEAD~406
2021-07-04 05:21:11,181 DEBUG    [line range] org/apache/commons/jxpath/ri/model/dynabeans/DynaBeanPointerFactory.java createNodePointer 44:46
2021-07-04 05:21:11,204 DEBUG                  - depth 0, hash 00d6738, HEAD~100
2021-07-04 05:21:11,210 DEBUG                  - depth 1, hash 30e4fdd, HEAD~240
2021-07-04 05:21:11,215 DEBUG                  - depth 2, hash 2327c42, HEAD~392
2021-07-04 05:21:11,219 DEBUG                  - depth 3, hash 2b59f56, HEAD~406
2021-07-04 05:21:11,223 DEBUG    [line range] org/apache/commons/jxpath/ri/model/dynabeans/DynaBeanPointerFactory.java createNodePointer 48:51
2021-07-04 05:21:11,247 DEBUG                  - depth 0, hash 00d6738, HEAD~100
2021-07-04 05:21:11,252 DEBUG                  - depth 1, hash 30e4fdd, HEAD~240
2021-07-04 05:21:11,257 DEBUG                  - depth 2, hash 2327c42, HEAD~392
2021-07-04 05:21:11,261 DEBUG                  - depth 3, hash 2b59f56, HEAD~406
2021-07-04 05:21:11,266 DEBUG    [line range] org/apache/commons/jxpath/ri/model/dynabeans/DynaBeanPointerFactory.java getOrder 40:42
2021-07-04 05:21:11,289 DEBUG                  - depth 0, hash 2327c42, HEAD~392
2021-07-04 05:21:11,294 DEBUG                  - depth 1, hash 2b59f56, HEAD~406
2021-07-04 05:21:11,594 DEBUG    [single line]   org/apache/commons/jxpath/ri/model/dynamic/DynamicPointerFactory.java <init> 36
2021-07-04 05:21:11,620 DEBUG                  - depth 0, hash 34b7a47, HEAD~511
2021-07-04 05:21:11,626 DEBUG    [line range] org/apache/commons/jxpath/ri/model/dynamic/DynamicPointerFactory.java createNodePointer 47:59
2021-07-04 05:21:11,652 DEBUG                  - depth 0, hash 790cc3b, HEAD~127
2021-07-04 05:21:11,658 DEBUG                  - depth 1, hash 2327c42, HEAD~392
2021-07-04 05:21:11,662 DEBUG                  - depth 2, hash a6e246c, HEAD~502
2021-07-04 05:21:11,666 DEBUG                  - depth 3, hash 34b7a47, HEAD~511
2021-07-04 05:21:11,671 DEBUG    [line range] org/apache/commons/jxpath/ri/model/dynamic/DynamicPointerFactory.java createNodePointer 61:77
2021-07-04 05:21:11,697 DEBUG                  - depth 0, hash 790cc3b, HEAD~127
2021-07-04 05:21:11,703 DEBUG                  - depth 1, hash 2327c42, HEAD~392
2021-07-04 05:21:11,707 DEBUG                  - depth 2, hash cc0637b, HEAD~450
2021-07-04 05:21:11,712 DEBUG                  - depth 3, hash a6e246c, HEAD~502
2021-07-04 05:21:11,716 DEBUG                  - depth 4, hash 65bf4da, HEAD~503
2021-07-04 05:21:11,720 DEBUG                  - depth 5, hash 34b7a47, HEAD~511
2021-07-04 05:21:11,725 DEBUG    [line range] org/apache/commons/jxpath/ri/model/dynamic/DynamicPointerFactory.java getOrder 43:45
2021-07-04 05:21:11,751 DEBUG                  - depth 0, hash 2327c42, HEAD~392
2021-07-04 05:21:11,757 DEBUG                  - depth 1, hash 34b7a47, HEAD~511
2021-07-04 05:21:12,052 DEBUG    [single line]   org/apache/commons/jxpath/ri/model/jdom/JDOMPointerFactory.java <init> 33
2021-07-04 05:21:12,075 DEBUG                  - depth 0, hash 48e1a07, HEAD~423
2021-07-04 05:21:12,081 DEBUG    [line range] org/apache/commons/jxpath/ri/model/jdom/JDOMPointerFactory.java createNodePointer 42:51
2021-07-04 05:21:12,104 DEBUG                  - depth 0, hash f53ab17, HEAD~106
2021-07-04 05:21:12,109 DEBUG                  - depth 1, hash 30e4fdd, HEAD~240
2021-07-04 05:21:12,114 DEBUG                  - depth 2, hash 2327c42, HEAD~392
2021-07-04 05:21:12,118 DEBUG                  - depth 3, hash 48e1a07, HEAD~423
2021-07-04 05:21:12,123 DEBUG    [line range] org/apache/commons/jxpath/ri/model/jdom/JDOMPointerFactory.java createNodePointer 53:62
2021-07-04 05:21:12,146 DEBUG                  - depth 0, hash f53ab17, HEAD~106
2021-07-04 05:21:12,152 DEBUG                  - depth 1, hash 30e4fdd, HEAD~240
2021-07-04 05:21:12,156 DEBUG                  - depth 2, hash 2327c42, HEAD~392
2021-07-04 05:21:12,160 DEBUG                  - depth 3, hash 48e1a07, HEAD~423
2021-07-04 05:21:12,165 DEBUG    [line range] org/apache/commons/jxpath/ri/model/jdom/JDOMPointerFactory.java getOrder 38:40
2021-07-04 05:21:12,188 DEBUG                  - depth 0, hash 2327c42, HEAD~392
2021-07-04 05:21:12,194 DEBUG                  - depth 1, hash 48e1a07, HEAD~423
2021-07-04 05:21:12,556 DEBUG    [line range] org/apache/commons/jxpath/ri/parser/SimpleCharStream.java <init> 250:254
2021-07-04 05:21:12,581 DEBUG                  - depth 0, hash 6b424e9, HEAD~368
2021-07-04 05:21:12,586 DEBUG                  - depth 1, hash e5a284c, HEAD~383
2021-07-04 05:21:12,591 DEBUG                  - depth 2, hash bc53a66, HEAD~523
2021-07-04 05:21:12,595 DEBUG    [line range] org/apache/commons/jxpath/ri/parser/SimpleCharStream.java <init> 15:15
2021-07-04 05:21:12,618 DEBUG                  - depth 0, hash 6b424e9, HEAD~368
2021-07-04 05:21:12,624 DEBUG                  - depth 1, hash bc53a66, HEAD~523
2021-07-04 05:21:12,629 DEBUG    [line range] org/apache/commons/jxpath/ri/parser/SimpleCharStream.java BeginToken 126:133
2021-07-04 05:21:12,653 DEBUG                  - depth 0, hash 6b424e9, HEAD~368
2021-07-04 05:21:12,658 DEBUG                  - depth 1, hash bc53a66, HEAD~523
2021-07-04 05:21:12,663 DEBUG    [line range] org/apache/commons/jxpath/ri/parser/SimpleCharStream.java FillBuff 81:124
2021-07-04 05:21:12,687 DEBUG                  - depth 0, hash 6b424e9, HEAD~368
2021-07-04 05:21:12,693 DEBUG                  - depth 1, hash bc53a66, HEAD~523
2021-07-04 05:21:12,697 DEBUG    [line range] org/apache/commons/jxpath/ri/parser/SimpleCharStream.java GetImage 321:328
2021-07-04 05:21:12,721 DEBUG                  - depth 0, hash 6b424e9, HEAD~368
2021-07-04 05:21:12,727 DEBUG                  - depth 1, hash e5a284c, HEAD~383
2021-07-04 05:21:12,731 DEBUG                  - depth 2, hash bc53a66, HEAD~523
2021-07-04 05:21:12,736 DEBUG    [line range] org/apache/commons/jxpath/ri/parser/SimpleCharStream.java ReInit 279:283
2021-07-04 05:21:12,760 DEBUG                  - depth 0, hash 6b424e9, HEAD~368
2021-07-04 05:21:12,765 DEBUG                  - depth 1, hash bc53a66, HEAD~523
2021-07-04 05:21:12,770 DEBUG    [line range] org/apache/commons/jxpath/ri/parser/SimpleCharStream.java ReInit 260:277
2021-07-04 05:21:12,794 DEBUG                  - depth 0, hash 6b424e9, HEAD~368
2021-07-04 05:21:12,799 DEBUG                  - depth 1, hash bc53a66, HEAD~523
2021-07-04 05:21:12,804 DEBUG    [line range] org/apache/commons/jxpath/ri/parser/SimpleCharStream.java UpdateLineColumn 135:173
2021-07-04 05:21:12,827 DEBUG                  - depth 0, hash 6b424e9, HEAD~368
2021-07-04 05:21:12,833 DEBUG                  - depth 1, hash e5a284c, HEAD~383
2021-07-04 05:21:12,837 DEBUG                  - depth 2, hash bc53a66, HEAD~523
2021-07-04 05:21:12,842 DEBUG    [line range] org/apache/commons/jxpath/ri/parser/SimpleCharStream.java backup 230:235
2021-07-04 05:21:12,866 DEBUG                  - depth 0, hash 6b424e9, HEAD~368
2021-07-04 05:21:12,871 DEBUG                  - depth 1, hash bc53a66, HEAD~523
2021-07-04 05:21:12,876 DEBUG    [line range] org/apache/commons/jxpath/ri/parser/SimpleCharStream.java getBeginColumn 222:224
2021-07-04 05:21:12,899 DEBUG                  - depth 0, hash 6b424e9, HEAD~368
2021-07-04 05:21:12,905 DEBUG                  - depth 1, hash bc53a66, HEAD~523
2021-07-04 05:21:12,910 DEBUG    [line range] org/apache/commons/jxpath/ri/parser/SimpleCharStream.java getBeginLine 226:228
2021-07-04 05:21:12,933 DEBUG                  - depth 0, hash 6b424e9, HEAD~368
2021-07-04 05:21:12,939 DEBUG                  - depth 1, hash bc53a66, HEAD~523
2021-07-04 05:21:12,944 DEBUG    [line range] org/apache/commons/jxpath/ri/parser/SimpleCharStream.java getEndColumn 214:216
2021-07-04 05:21:12,968 DEBUG                  - depth 0, hash 6b424e9, HEAD~368
2021-07-04 05:21:12,973 DEBUG                  - depth 1, hash bc53a66, HEAD~523
2021-07-04 05:21:12,978 DEBUG    [line range] org/apache/commons/jxpath/ri/parser/SimpleCharStream.java getEndLine 218:220
2021-07-04 05:21:13,002 DEBUG                  - depth 0, hash 6b424e9, HEAD~368
2021-07-04 05:21:13,007 DEBUG                  - depth 1, hash bc53a66, HEAD~523
2021-07-04 05:21:13,012 DEBUG    [line range] org/apache/commons/jxpath/ri/parser/SimpleCharStream.java readChar 175:194
2021-07-04 05:21:13,035 DEBUG                  - depth 0, hash 6b424e9, HEAD~368
2021-07-04 05:21:13,041 DEBUG                  - depth 1, hash e5a284c, HEAD~383
2021-07-04 05:21:13,045 DEBUG                  - depth 2, hash bc53a66, HEAD~523
2021-07-04 05:21:13,317 DEBUG    [single line]   org/apache/commons/jxpath/ri/parser/Token.java <init> 8
2021-07-04 05:21:13,339 DEBUG                  - depth 0, hash bc53a66, HEAD~523
2021-07-04 05:21:13,345 DEBUG    [line range] org/apache/commons/jxpath/ri/parser/Token.java newToken 73:79
2021-07-04 05:21:13,368 DEBUG                  - depth 0, hash bc53a66, HEAD~523
2021-07-04 05:21:13,980 DEBUG    [single line]   org/apache/commons/jxpath/ri/parser/XPathParser.java <clinit> 3092
2021-07-04 05:21:14,016 DEBUG                  - depth 0, hash 6b424e9, HEAD~368
2021-07-04 05:21:14,022 DEBUG                  - depth 1, hash 5bbe586, HEAD~370
2021-07-04 05:21:14,026 DEBUG                  - depth 2, hash e5a284c, HEAD~383
2021-07-04 05:21:14,030 DEBUG                  - depth 3, hash 632e722, HEAD~462
2021-07-04 05:21:14,035 DEBUG                  - depth 4, hash 7048cac, HEAD~516
2021-07-04 05:21:14,039 DEBUG                  - depth 5, hash bc53a66, HEAD~523
2021-07-04 05:21:14,043 DEBUG    [single line]   org/apache/commons/jxpath/ri/parser/XPathParser.java <clinit> 3093
2021-07-04 05:21:14,079 DEBUG                  - depth 0, hash 6b424e9, HEAD~368
2021-07-04 05:21:14,084 DEBUG                  - depth 1, hash 5bbe586, HEAD~370
2021-07-04 05:21:14,089 DEBUG                  - depth 2, hash e5a284c, HEAD~383
2021-07-04 05:21:14,093 DEBUG                  - depth 3, hash 632e722, HEAD~462
2021-07-04 05:21:14,097 DEBUG                  - depth 4, hash 7048cac, HEAD~516
2021-07-04 05:21:14,102 DEBUG                  - depth 5, hash bc53a66, HEAD~523
2021-07-04 05:21:14,106 DEBUG    [single line]   org/apache/commons/jxpath/ri/parser/XPathParser.java <clinit> 3094
2021-07-04 05:21:14,141 DEBUG                  - depth 0, hash 6b424e9, HEAD~368
2021-07-04 05:21:14,147 DEBUG                  - depth 1, hash 5bbe586, HEAD~370
2021-07-04 05:21:14,151 DEBUG                  - depth 2, hash e5a284c, HEAD~383
2021-07-04 05:21:14,155 DEBUG                  - depth 3, hash 632e722, HEAD~462
2021-07-04 05:21:14,159 DEBUG                  - depth 4, hash 7048cac, HEAD~516
2021-07-04 05:21:14,164 DEBUG                  - depth 5, hash bc53a66, HEAD~523
2021-07-04 05:21:14,168 DEBUG    [single line]   org/apache/commons/jxpath/ri/parser/XPathParser.java <clinit> 3095
2021-07-04 05:21:14,203 DEBUG                  - depth 0, hash 6b424e9, HEAD~368
2021-07-04 05:21:14,209 DEBUG                  - depth 1, hash 5bbe586, HEAD~370
2021-07-04 05:21:14,213 DEBUG                  - depth 2, hash e5a284c, HEAD~383
2021-07-04 05:21:14,218 DEBUG                  - depth 3, hash 632e722, HEAD~462
2021-07-04 05:21:14,222 DEBUG                  - depth 4, hash 7048cac, HEAD~516
2021-07-04 05:21:14,226 DEBUG                  - depth 5, hash bc53a66, HEAD~523
2021-07-04 05:21:14,231 DEBUG    [line range] org/apache/commons/jxpath/ri/parser/XPathParser.java <init> 3129:3137
2021-07-04 05:21:14,264 DEBUG                  - depth 0, hash 6b424e9, HEAD~368
2021-07-04 05:21:14,270 DEBUG                  - depth 1, hash e5a284c, HEAD~383
2021-07-04 05:21:14,274 DEBUG                  - depth 2, hash bc53a66, HEAD~523
2021-07-04 05:21:14,279 DEBUG    [line range] org/apache/commons/jxpath/ri/parser/XPathParser.java <init> 3084:3084
2021-07-04 05:21:14,313 DEBUG                  - depth 0, hash bc53a66, HEAD~523
2021-07-04 05:21:14,319 DEBUG    [line range] org/apache/commons/jxpath/ri/parser/XPathParser.java AdditiveExpr 1460:1487
2021-07-04 05:21:14,354 DEBUG                  - depth 0, hash bc53a66, HEAD~523
2021-07-04 05:21:14,360 DEBUG    [line range] org/apache/commons/jxpath/ri/parser/XPathParser.java AndExpr 1341:1368
2021-07-04 05:21:14,394 DEBUG                  - depth 0, hash bc53a66, HEAD~523
2021-07-04 05:21:14,400 DEBUG    [line range] org/apache/commons/jxpath/ri/parser/XPathParser.java EqualityExpr 1371:1404
2021-07-04 05:21:14,435 DEBUG                  - depth 0, hash bc53a66, HEAD~523
2021-07-04 05:21:14,441 DEBUG    [line range] org/apache/commons/jxpath/ri/parser/XPathParser.java Expression 927:932
2021-07-04 05:21:14,475 DEBUG                  - depth 0, hash bc53a66, HEAD~523
2021-07-04 05:21:14,481 DEBUG    [line range] org/apache/commons/jxpath/ri/parser/XPathParser.java FilterExpr 1263:1304
2021-07-04 05:21:14,516 DEBUG                  - depth 0, hash 10cb322, HEAD~33
2021-07-04 05:21:14,522 DEBUG                  - depth 1, hash 5bbe586, HEAD~370
2021-07-04 05:21:14,526 DEBUG                  - depth 2, hash e5a284c, HEAD~383
2021-07-04 05:21:14,530 DEBUG                  - depth 3, hash 632e722, HEAD~462
2021-07-04 05:21:14,535 DEBUG                  - depth 4, hash 7048cac, HEAD~516
2021-07-04 05:21:14,539 DEBUG                  - depth 5, hash bc53a66, HEAD~523
2021-07-04 05:21:14,544 DEBUG    [line range] org/apache/commons/jxpath/ri/parser/XPathParser.java MultiplicativeExpr 1512:1551
2021-07-04 05:21:14,579 DEBUG                  - depth 0, hash 10cb322, HEAD~33
2021-07-04 05:21:14,585 DEBUG                  - depth 1, hash 5bbe586, HEAD~370
2021-07-04 05:21:14,589 DEBUG                  - depth 2, hash e5a284c, HEAD~383
2021-07-04 05:21:14,594 DEBUG                  - depth 3, hash 632e722, HEAD~462
2021-07-04 05:21:14,598 DEBUG                  - depth 4, hash 7048cac, HEAD~516
2021-07-04 05:21:14,602 DEBUG                  - depth 5, hash bc53a66, HEAD~523
2021-07-04 05:21:14,607 DEBUG    [line range] org/apache/commons/jxpath/ri/parser/XPathParser.java NCName 29:150
2021-07-04 05:21:14,641 DEBUG                  - depth 0, hash 10cb322, HEAD~33
2021-07-04 05:21:14,647 DEBUG                  - depth 1, hash e5a284c, HEAD~383
2021-07-04 05:21:14,652 DEBUG                  - depth 2, hash 632e722, HEAD~462
2021-07-04 05:21:14,656 DEBUG                  - depth 3, hash 7048cac, HEAD~516
2021-07-04 05:21:14,660 DEBUG                  - depth 4, hash bc53a66, HEAD~523
2021-07-04 05:21:14,664 DEBUG    [line range] org/apache/commons/jxpath/ri/parser/XPathParser.java NCName_Without_CoreFunctions 152:176
2021-07-04 05:21:14,698 DEBUG                  - depth 0, hash bc53a66, HEAD~523
2021-07-04 05:21:14,704 DEBUG    [line range] org/apache/commons/jxpath/ri/parser/XPathParser.java OrExpr 1311:1338
2021-07-04 05:21:14,739 DEBUG                  - depth 0, hash bc53a66, HEAD~523
2021-07-04 05:21:14,745 DEBUG    [line range] org/apache/commons/jxpath/ri/parser/XPathParser.java PathExpr 1184:1260
2021-07-04 05:21:14,779 DEBUG                  - depth 0, hash 10cb322, HEAD~33
2021-07-04 05:21:14,785 DEBUG                  - depth 1, hash 5bbe586, HEAD~370
2021-07-04 05:21:14,789 DEBUG                  - depth 2, hash e5a284c, HEAD~383
2021-07-04 05:21:14,794 DEBUG                  - depth 3, hash 632e722, HEAD~462
2021-07-04 05:21:14,798 DEBUG                  - depth 4, hash 7048cac, HEAD~516
2021-07-04 05:21:14,802 DEBUG                  - depth 5, hash bc53a66, HEAD~523
2021-07-04 05:21:14,807 DEBUG    [line range] org/apache/commons/jxpath/ri/parser/XPathParser.java PrimaryExpr 935:1011
2021-07-04 05:21:14,842 DEBUG                  - depth 0, hash 10cb322, HEAD~33
2021-07-04 05:21:14,848 DEBUG                  - depth 1, hash 5bbe586, HEAD~370
2021-07-04 05:21:14,853 DEBUG                  - depth 2, hash e5a284c, HEAD~383
2021-07-04 05:21:14,857 DEBUG                  - depth 3, hash 632e722, HEAD~462
2021-07-04 05:21:14,861 DEBUG                  - depth 4, hash 7048cac, HEAD~516
2021-07-04 05:21:14,866 DEBUG                  - depth 5, hash bc53a66, HEAD~523
2021-07-04 05:21:14,870 DEBUG    [line range] org/apache/commons/jxpath/ri/parser/XPathParser.java QName 314:333
2021-07-04 05:21:14,904 DEBUG                  - depth 0, hash 10cb322, HEAD~33
2021-07-04 05:21:14,910 DEBUG                  - depth 1, hash 5bbe586, HEAD~370
2021-07-04 05:21:14,915 DEBUG                  - depth 2, hash e5a284c, HEAD~383
2021-07-04 05:21:14,919 DEBUG                  - depth 3, hash 632e722, HEAD~462
2021-07-04 05:21:14,923 DEBUG                  - depth 4, hash 7048cac, HEAD~516
2021-07-04 05:21:14,928 DEBUG                  - depth 5, hash bc53a66, HEAD~523
2021-07-04 05:21:14,932 DEBUG    [line range] org/apache/commons/jxpath/ri/parser/XPathParser.java ReInit 3139:3147
2021-07-04 05:21:14,967 DEBUG                  - depth 0, hash bc53a66, HEAD~523
2021-07-04 05:21:14,973 DEBUG    [line range] org/apache/commons/jxpath/ri/parser/XPathParser.java RelationalExpr 1408:1453
2021-07-04 05:21:15,007 DEBUG                  - depth 0, hash bc53a66, HEAD~523
2021-07-04 05:21:15,013 DEBUG    [line range] org/apache/commons/jxpath/ri/parser/XPathParser.java SubtractiveExpr 1489:1508
2021-07-04 05:21:15,048 DEBUG                  - depth 0, hash bc53a66, HEAD~523
2021-07-04 05:21:15,054 DEBUG    [line range] org/apache/commons/jxpath/ri/parser/XPathParser.java UnaryExpr 1554:1634
2021-07-04 05:21:15,089 DEBUG                  - depth 0, hash 10cb322, HEAD~33
2021-07-04 05:21:15,094 DEBUG                  - depth 1, hash 5bbe586, HEAD~370
2021-07-04 05:21:15,099 DEBUG                  - depth 2, hash e5a284c, HEAD~383
2021-07-04 05:21:15,103 DEBUG                  - depth 3, hash 632e722, HEAD~462
2021-07-04 05:21:15,108 DEBUG                  - depth 4, hash 7048cac, HEAD~516
2021-07-04 05:21:15,112 DEBUG                  - depth 5, hash bc53a66, HEAD~523
2021-07-04 05:21:15,116 DEBUG    [line range] org/apache/commons/jxpath/ri/parser/XPathParser.java UnionExpr 1154:1181
2021-07-04 05:21:15,151 DEBUG                  - depth 0, hash bc53a66, HEAD~523
2021-07-04 05:21:15,157 DEBUG    [line range] org/apache/commons/jxpath/ri/parser/XPathParser.java VariableReference 1678:1684
2021-07-04 05:21:15,191 DEBUG                  - depth 0, hash bc53a66, HEAD~523
2021-07-04 05:21:15,197 DEBUG    [line range] org/apache/commons/jxpath/ri/parser/XPathParser.java jj_2_6 1876:1881
2021-07-04 05:21:15,231 DEBUG                  - depth 0, hash 10cb322, HEAD~33
2021-07-04 05:21:15,237 DEBUG                  - depth 1, hash bc53a66, HEAD~523
2021-07-04 05:21:15,242 DEBUG    [line range] org/apache/commons/jxpath/ri/parser/XPathParser.java jj_3R_15 2175:2285
2021-07-04 05:21:15,277 DEBUG                  - depth 0, hash 10cb322, HEAD~33
2021-07-04 05:21:15,283 DEBUG                  - depth 1, hash e5a284c, HEAD~383
2021-07-04 05:21:15,287 DEBUG                  - depth 2, hash 632e722, HEAD~462
2021-07-04 05:21:15,291 DEBUG                  - depth 3, hash 7048cac, HEAD~516
2021-07-04 05:21:15,296 DEBUG                  - depth 4, hash bc53a66, HEAD~523
2021-07-04 05:21:15,300 DEBUG    [line range] org/apache/commons/jxpath/ri/parser/XPathParser.java jj_3R_19 2850:2870
2021-07-04 05:21:15,335 DEBUG                  - depth 0, hash 10cb322, HEAD~33
2021-07-04 05:21:15,341 DEBUG                  - depth 1, hash e5a284c, HEAD~383
2021-07-04 05:21:15,345 DEBUG                  - depth 2, hash 632e722, HEAD~462
2021-07-04 05:21:15,350 DEBUG                  - depth 3, hash 7048cac, HEAD~516
2021-07-04 05:21:15,354 DEBUG                  - depth 4, hash bc53a66, HEAD~523
2021-07-04 05:21:15,358 DEBUG    [line range] org/apache/commons/jxpath/ri/parser/XPathParser.java jj_3R_20 2149:2152
2021-07-04 05:21:15,393 DEBUG                  - depth 0, hash 10cb322, HEAD~33
2021-07-04 05:21:15,399 DEBUG                  - depth 1, hash e5a284c, HEAD~383
2021-07-04 05:21:15,403 DEBUG                  - depth 2, hash 632e722, HEAD~462
2021-07-04 05:21:15,408 DEBUG                  - depth 3, hash 7048cac, HEAD~516
2021-07-04 05:21:15,412 DEBUG                  - depth 4, hash bc53a66, HEAD~523
2021-07-04 05:21:15,417 DEBUG    [line range] org/apache/commons/jxpath/ri/parser/XPathParser.java jj_3R_58 2794:2797
2021-07-04 05:21:15,452 DEBUG                  - depth 0, hash 10cb322, HEAD~33
2021-07-04 05:21:15,457 DEBUG                  - depth 1, hash 5bbe586, HEAD~370
2021-07-04 05:21:15,462 DEBUG                  - depth 2, hash e5a284c, HEAD~383
2021-07-04 05:21:15,466 DEBUG                  - depth 3, hash 632e722, HEAD~462
2021-07-04 05:21:15,471 DEBUG                  - depth 4, hash 7048cac, HEAD~516
2021-07-04 05:21:15,475 DEBUG                  - depth 5, hash bc53a66, HEAD~523
2021-07-04 05:21:15,479 DEBUG    [line range] org/apache/commons/jxpath/ri/parser/XPathParser.java jj_3R_64 1942:1959
2021-07-04 05:21:15,514 DEBUG                  - depth 0, hash 10cb322, HEAD~33
2021-07-04 05:21:15,520 DEBUG                  - depth 1, hash e5a284c, HEAD~383
2021-07-04 05:21:15,525 DEBUG                  - depth 2, hash 632e722, HEAD~462
2021-07-04 05:21:15,529 DEBUG                  - depth 3, hash 7048cac, HEAD~516
2021-07-04 05:21:15,533 DEBUG                  - depth 4, hash bc53a66, HEAD~523
2021-07-04 05:21:15,538 DEBUG    [line range] org/apache/commons/jxpath/ri/parser/XPathParser.java jj_3R_69 2710:2714
2021-07-04 05:21:15,573 DEBUG                  - depth 0, hash 10cb322, HEAD~33
2021-07-04 05:21:15,579 DEBUG                  - depth 1, hash e5a284c, HEAD~383
2021-07-04 05:21:15,583 DEBUG                  - depth 2, hash 632e722, HEAD~462
2021-07-04 05:21:15,587 DEBUG                  - depth 3, hash 7048cac, HEAD~516
2021-07-04 05:21:15,592 DEBUG                  - depth 4, hash bc53a66, HEAD~523
2021-07-04 05:21:15,596 DEBUG    [line range] org/apache/commons/jxpath/ri/parser/XPathParser.java jj_3R_78 2702:2708
2021-07-04 05:21:15,631 DEBUG                  - depth 0, hash 10cb322, HEAD~33
2021-07-04 05:21:15,637 DEBUG                  - depth 1, hash e5a284c, HEAD~383
2021-07-04 05:21:15,641 DEBUG                  - depth 2, hash 632e722, HEAD~462
2021-07-04 05:21:15,645 DEBUG                  - depth 3, hash 7048cac, HEAD~516
2021-07-04 05:21:15,650 DEBUG                  - depth 4, hash bc53a66, HEAD~523
2021-07-04 05:21:15,654 DEBUG    [line range] org/apache/commons/jxpath/ri/parser/XPathParser.java jj_3R_85 2624:2628
2021-07-04 05:21:15,689 DEBUG                  - depth 0, hash 10cb322, HEAD~33
2021-07-04 05:21:15,695 DEBUG                  - depth 1, hash e5a284c, HEAD~383
2021-07-04 05:21:15,699 DEBUG                  - depth 2, hash 632e722, HEAD~462
2021-07-04 05:21:15,704 DEBUG                  - depth 3, hash 7048cac, HEAD~516
2021-07-04 05:21:15,708 DEBUG                  - depth 4, hash bc53a66, HEAD~523
2021-07-04 05:21:15,713 DEBUG    [line range] org/apache/commons/jxpath/ri/parser/XPathParser.java jj_3_6 1997:2000
2021-07-04 05:21:15,747 DEBUG                  - depth 0, hash 10cb322, HEAD~33
2021-07-04 05:21:15,753 DEBUG                  - depth 1, hash e5a284c, HEAD~383
2021-07-04 05:21:15,758 DEBUG                  - depth 2, hash 632e722, HEAD~462
2021-07-04 05:21:15,762 DEBUG                  - depth 3, hash 7048cac, HEAD~516
2021-07-04 05:21:15,767 DEBUG                  - depth 4, hash bc53a66, HEAD~523
2021-07-04 05:21:15,771 DEBUG    [line range] org/apache/commons/jxpath/ri/parser/XPathParser.java jj_consume_token 3167:3189
2021-07-04 05:21:15,805 DEBUG                  - depth 0, hash bc53a66, HEAD~523
2021-07-04 05:21:15,812 DEBUG    [line range] org/apache/commons/jxpath/ri/parser/XPathParser.java jj_la1_0 3096:3098
2021-07-04 05:21:15,846 DEBUG                  - depth 0, hash 6b424e9, HEAD~368
2021-07-04 05:21:15,852 DEBUG                  - depth 1, hash 5bbe586, HEAD~370
2021-07-04 05:21:15,857 DEBUG                  - depth 2, hash e5a284c, HEAD~383
2021-07-04 05:21:15,861 DEBUG                  - depth 3, hash 632e722, HEAD~462
2021-07-04 05:21:15,865 DEBUG                  - depth 4, hash 7048cac, HEAD~516
2021-07-04 05:21:15,870 DEBUG                  - depth 5, hash bc53a66, HEAD~523
2021-07-04 05:21:15,874 DEBUG    [line range] org/apache/commons/jxpath/ri/parser/XPathParser.java jj_la1_1 3099:3101
2021-07-04 05:21:15,909 DEBUG                  - depth 0, hash 6b424e9, HEAD~368
2021-07-04 05:21:15,915 DEBUG                  - depth 1, hash 5bbe586, HEAD~370
2021-07-04 05:21:15,920 DEBUG                  - depth 2, hash e5a284c, HEAD~383
2021-07-04 05:21:15,924 DEBUG                  - depth 3, hash 632e722, HEAD~462
2021-07-04 05:21:15,928 DEBUG                  - depth 4, hash 7048cac, HEAD~516
2021-07-04 05:21:15,933 DEBUG                  - depth 5, hash bc53a66, HEAD~523
2021-07-04 05:21:15,937 DEBUG    [line range] org/apache/commons/jxpath/ri/parser/XPathParser.java jj_la1_2 3102:3104
2021-07-04 05:21:15,971 DEBUG                  - depth 0, hash 10cb322, HEAD~33
2021-07-04 05:21:15,977 DEBUG                  - depth 1, hash 6b424e9, HEAD~368
2021-07-04 05:21:15,982 DEBUG                  - depth 2, hash 5bbe586, HEAD~370
2021-07-04 05:21:15,986 DEBUG                  - depth 3, hash e5a284c, HEAD~383
2021-07-04 05:21:15,991 DEBUG                  - depth 4, hash 632e722, HEAD~462
2021-07-04 05:21:15,995 DEBUG                  - depth 5, hash 7048cac, HEAD~516
2021-07-04 05:21:15,999 DEBUG                  - depth 6, hash bc53a66, HEAD~523
2021-07-04 05:21:16,004 DEBUG    [line range] org/apache/commons/jxpath/ri/parser/XPathParser.java jj_save 3334:3341
2021-07-04 05:21:16,038 DEBUG                  - depth 0, hash bc53a66, HEAD~523
2021-07-04 05:21:16,044 DEBUG    [line range] org/apache/commons/jxpath/ri/parser/XPathParser.java jj_scan_token 3193:3212
2021-07-04 05:21:16,078 DEBUG                  - depth 0, hash 10cb322, HEAD~33
2021-07-04 05:21:16,084 DEBUG                  - depth 1, hash bc53a66, HEAD~523
2021-07-04 05:21:16,088 DEBUG    [line range] org/apache/commons/jxpath/ri/parser/XPathParser.java parseExpression 365:371
2021-07-04 05:21:16,123 DEBUG                  - depth 0, hash bc53a66, HEAD~523
2021-07-04 05:21:16,129 DEBUG    [line range] org/apache/commons/jxpath/ri/parser/XPathParser.java setCompiler 10:12
2021-07-04 05:21:16,163 DEBUG                  - depth 0, hash bc53a66, HEAD~523
2021-07-04 05:21:16,169 DEBUG    [single line]   org/apache/commons/jxpath/ri/parser/XPathParser.java <init> 3343
2021-07-04 05:21:16,203 DEBUG                  - depth 0, hash bc53a66, HEAD~523
2021-07-04 05:21:16,209 DEBUG    [single line]   org/apache/commons/jxpath/ri/parser/XPathParser.java <init> 3191
2021-07-04 05:21:16,235 DEBUG                  - depth 0, hash 10cb322, HEAD~33
2021-07-04 05:21:16,726 DEBUG    [line range] org/apache/commons/jxpath/ri/parser/XPathParserTokenManager.java <clinit> 1301:1303
2021-07-04 05:21:16,753 DEBUG                  - depth 0, hash bc53a66, HEAD~523
2021-07-04 05:21:16,760 DEBUG    [line range] org/apache/commons/jxpath/ri/parser/XPathParserTokenManager.java <init> 8:8
2021-07-04 05:21:16,785 DEBUG                  - depth 0, hash e5a284c, HEAD~383
2021-07-04 05:21:16,791 DEBUG    [line range] org/apache/commons/jxpath/ri/parser/XPathParserTokenManager.java ReInit 1770:1776
2021-07-04 05:21:16,818 DEBUG                  - depth 0, hash 6b424e9, HEAD~368
2021-07-04 05:21:16,824 DEBUG                  - depth 1, hash e5a284c, HEAD~383
2021-07-04 05:21:16,828 DEBUG                  - depth 2, hash bc53a66, HEAD~523
2021-07-04 05:21:16,833 DEBUG    [line range] org/apache/commons/jxpath/ri/parser/XPathParserTokenManager.java ReInitRounds 1777:1783
2021-07-04 05:21:16,859 DEBUG                  - depth 0, hash 5bbe586, HEAD~370
2021-07-04 05:21:16,865 DEBUG                  - depth 1, hash bc53a66, HEAD~523
2021-07-04 05:21:16,870 DEBUG    [line range] org/apache/commons/jxpath/ri/parser/XPathParserTokenManager.java getNextToken 1817:1881
2021-07-04 05:21:16,897 DEBUG                  - depth 0, hash 10cb322, HEAD~33
2021-07-04 05:21:16,903 DEBUG                  - depth 1, hash 21f932e, HEAD~125
2021-07-04 05:21:16,907 DEBUG                  - depth 2, hash 6b424e9, HEAD~368
2021-07-04 05:21:16,911 DEBUG                  - depth 3, hash 5bbe586, HEAD~370
2021-07-04 05:21:16,916 DEBUG                  - depth 4, hash bc53a66, HEAD~523
2021-07-04 05:21:16,921 DEBUG    [line range] org/apache/commons/jxpath/ri/parser/XPathParserTokenManager.java jjFillToken 1797:1808
2021-07-04 05:21:16,948 DEBUG                  - depth 0, hash 6b424e9, HEAD~368
2021-07-04 05:21:16,954 DEBUG                  - depth 1, hash bc53a66, HEAD~523
2021-07-04 05:21:16,958 DEBUG    [line range] org/apache/commons/jxpath/ri/parser/XPathParserTokenManager.java jjMoveNfa_0 1424:1594
2021-07-04 05:21:16,986 DEBUG                  - depth 0, hash 10cb322, HEAD~33
2021-07-04 05:21:16,992 DEBUG                  - depth 1, hash 5bbe586, HEAD~370
2021-07-04 05:21:16,996 DEBUG                  - depth 2, hash e5a284c, HEAD~383
2021-07-04 05:21:17,001 DEBUG                  - depth 3, hash 632e722, HEAD~462
2021-07-04 05:21:17,005 DEBUG                  - depth 4, hash 7048cac, HEAD~516
2021-07-04 05:21:17,009 DEBUG                  - depth 5, hash bc53a66, HEAD~523
2021-07-04 05:21:17,015 DEBUG    [line range] org/apache/commons/jxpath/ri/parser/XPathParserTokenManager.java jjMoveStringLiteralDfa0_0 402:481
2021-07-04 05:21:17,042 DEBUG                  - depth 0, hash 10cb322, HEAD~33
2021-07-04 05:21:17,048 DEBUG                  - depth 1, hash 5bbe586, HEAD~370
2021-07-04 05:21:17,052 DEBUG                  - depth 2, hash e5a284c, HEAD~383
2021-07-04 05:21:17,057 DEBUG                  - depth 3, hash 632e722, HEAD~462
2021-07-04 05:21:17,061 DEBUG                  - depth 4, hash 7048cac, HEAD~516
2021-07-04 05:21:17,065 DEBUG                  - depth 5, hash bc53a66, HEAD~523
2021-07-04 05:21:17,070 DEBUG    [line range] org/apache/commons/jxpath/ri/parser/XPathParserTokenManager.java jjMoveStringLiteralDfa1_0 482:537
2021-07-04 05:21:17,097 DEBUG                  - depth 0, hash 10cb322, HEAD~33
2021-07-04 05:21:17,103 DEBUG                  - depth 1, hash 5bbe586, HEAD~370
2021-07-04 05:21:17,107 DEBUG                  - depth 2, hash e5a284c, HEAD~383
2021-07-04 05:21:17,112 DEBUG                  - depth 3, hash 632e722, HEAD~462
2021-07-04 05:21:17,116 DEBUG                  - depth 4, hash 7048cac, HEAD~516
2021-07-04 05:21:17,120 DEBUG                  - depth 5, hash bc53a66, HEAD~523
2021-07-04 05:21:17,125 DEBUG    [line range] org/apache/commons/jxpath/ri/parser/XPathParserTokenManager.java jjStartNfa_0 384:387
2021-07-04 05:21:17,151 DEBUG                  - depth 0, hash bc53a66, HEAD~523
2021-07-04 05:21:17,157 DEBUG    [line range] org/apache/commons/jxpath/ri/parser/XPathParserTokenManager.java jjStopAtPos 388:393
2021-07-04 05:21:17,183 DEBUG                  - depth 0, hash bc53a66, HEAD~523
2021-07-04 05:21:17,189 DEBUG    [line range] org/apache/commons/jxpath/ri/parser/XPathParserTokenManager.java jjStopStringLiteralDfa_0 10:383
2021-07-04 05:21:17,216 DEBUG                  - depth 0, hash 10cb322, HEAD~33
2021-07-04 05:21:17,222 DEBUG                  - depth 1, hash 5bbe586, HEAD~370
2021-07-04 05:21:17,226 DEBUG                  - depth 2, hash e5a284c, HEAD~383
2021-07-04 05:21:17,231 DEBUG                  - depth 3, hash 632e722, HEAD~462
2021-07-04 05:21:17,235 DEBUG                  - depth 4, hash 7048cac, HEAD~516
2021-07-04 05:21:17,239 DEBUG                  - depth 5, hash bc53a66, HEAD~523
2021-07-04 05:21:17,566 DEBUG    [line range] org/apache/commons/jxpath/util/ClassLoaderUtil.java <clinit> 42:42
2021-07-04 05:21:17,589 DEBUG                  - depth 0, hash b67345a, HEAD~30
2021-07-04 05:21:17,595 DEBUG    [line range] org/apache/commons/jxpath/util/ClassLoaderUtil.java addAbbreviation 55:58
2021-07-04 05:21:17,617 DEBUG                  - depth 0, hash b67345a, HEAD~30
2021-07-04 05:21:17,623 DEBUG    [line range] org/apache/commons/jxpath/util/ClassLoaderUtil.java getClass 87:97
2021-07-04 05:21:17,645 DEBUG                  - depth 0, hash b67345a, HEAD~30
2021-07-04 05:21:17,651 DEBUG    [line range] org/apache/commons/jxpath/util/ClassLoaderUtil.java getClass 124:126
2021-07-04 05:21:17,674 DEBUG                  - depth 0, hash b67345a, HEAD~30
2021-07-04 05:21:17,680 DEBUG    [line range] org/apache/commons/jxpath/util/ClassLoaderUtil.java getClass 139:150
2021-07-04 05:21:17,702 DEBUG                  - depth 0, hash b67345a, HEAD~30
2021-07-04 05:21:17,708 DEBUG    [line range] org/apache/commons/jxpath/util/ClassLoaderUtil.java toCanonicalName 158:176
2021-07-04 05:21:17,731 DEBUG                  - depth 0, hash b67345a, HEAD~30
2021-07-04 05:21:18,119 DEBUG    [line range] org/apache/commons/jxpath/util/ValueUtils.java <clinit> 44:44
2021-07-04 05:21:18,148 DEBUG                  - depth 0, hash bc53a66, HEAD~523
2021-07-04 05:21:18,154 DEBUG    [line range] org/apache/commons/jxpath/util/ValueUtils.java getLength 140:152
2021-07-04 05:21:18,182 DEBUG                  - depth 0, hash 30e4fdd, HEAD~240
2021-07-04 05:21:18,188 DEBUG                  - depth 1, hash 7554837, HEAD~324
2021-07-04 05:21:18,193 DEBUG                  - depth 2, hash 2327c42, HEAD~392
2021-07-04 05:21:18,197 DEBUG                  - depth 3, hash bc53a66, HEAD~523
2021-07-04 05:21:18,202 DEBUG    [line range] org/apache/commons/jxpath/util/ValueUtils.java getValue 523:528
2021-07-04 05:21:18,229 DEBUG                  - depth 0, hash 7554837, HEAD~324
2021-07-04 05:21:18,235 DEBUG                  - depth 1, hash 8fee99c, HEAD~388
2021-07-04 05:21:18,239 DEBUG    [line range] org/apache/commons/jxpath/util/ValueUtils.java getValue 291:322
2021-07-04 05:21:18,268 DEBUG                  - depth 0, hash 7554837, HEAD~324
2021-07-04 05:21:18,274 DEBUG                  - depth 1, hash 8fee99c, HEAD~388
2021-07-04 05:21:18,278 DEBUG                  - depth 2, hash 2327c42, HEAD~392
2021-07-04 05:21:18,282 DEBUG                  - depth 3, hash 34b7a47, HEAD~511
2021-07-04 05:21:18,287 DEBUG                  - depth 4, hash bc53a66, HEAD~523
2021-07-04 05:21:18,292 DEBUG    [line range] org/apache/commons/jxpath/util/ValueUtils.java isCollection 52:64
2021-07-04 05:21:18,320 DEBUG                  - depth 0, hash 3c89806, HEAD~44
2021-07-04 05:21:18,326 DEBUG                  - depth 1, hash 30e4fdd, HEAD~240
2021-07-04 05:21:18,331 DEBUG                  - depth 2, hash 7554837, HEAD~324
2021-07-04 05:21:18,335 DEBUG                  - depth 3, hash 2327c42, HEAD~392
2021-07-04 05:21:18,339 DEBUG                  - depth 4, hash bc53a66, HEAD~523
2021-07-04 05:21:18,344 INFO     The number of BIC candidates: 90
