2021-07-04 05:44:52,012 INFO     Search BICs for /tmp/Lang-34b/
2021-07-04 05:44:52,012 DEBUG    Reading the coverage of org.apache.commons.lang3.builder.ToStringBuilderTest::testReflectionFloatArrayArray (failings)
2021-07-04 05:44:52,023 DEBUG    Reading the coverage of org.apache.commons.lang3.builder.ToStringBuilderTest::testObjectCycle (failings)
2021-07-04 05:44:52,034 DEBUG    Reading the coverage of org.apache.commons.lang3.builder.ToStringBuilderTest::testReflectionByteArrayArray (failings)
2021-07-04 05:44:52,046 DEBUG    Reading the coverage of org.apache.commons.lang3.builder.ToStringBuilderTest::testReflectionLongArray (failings)
2021-07-04 05:44:52,057 DEBUG    Reading the coverage of org.apache.commons.lang3.builder.ToStringBuilderTest::testReflectionArrayArrayCycle (failings)
2021-07-04 05:44:52,069 DEBUG    Reading the coverage of org.apache.commons.lang3.builder.ToStringBuilderTest::testReflectionArrayCycle (failings)
2021-07-04 05:44:52,080 DEBUG    Reading the coverage of org.apache.commons.lang3.builder.ToStringBuilderTest::testReflectionIntArrayArray (failings)
2021-07-04 05:44:52,091 DEBUG    Reading the coverage of org.apache.commons.lang3.builder.ToStringBuilderTest::testReflectionhortArrayArray (failings)
2021-07-04 05:44:52,102 DEBUG    Reading the coverage of org.apache.commons.lang3.builder.ToStringBuilderTest::testReflectionHierarchy (failings)
2021-07-04 05:44:52,123 DEBUG    Reading the coverage of org.apache.commons.lang3.builder.ToStringBuilderTest::testReflectionBooleanArrayArray (failings)
2021-07-04 05:44:52,135 DEBUG    Reading the coverage of org.apache.commons.lang3.builder.ToStringBuilderTest::testReflectionLongArrayArray (failings)
2021-07-04 05:44:52,147 DEBUG    Reading the coverage of org.apache.commons.lang3.builder.ToStringBuilderTest::testSimpleReflectionObjectCycle (failings)
2021-07-04 05:44:52,158 DEBUG    Reading the coverage of org.apache.commons.lang3.builder.ToStringBuilderTest::testReflectionObjectCycle (failings)
2021-07-04 05:44:52,170 DEBUG    Reading the coverage of org.apache.commons.lang3.builder.ToStringBuilderTest::testReflectionyteArray (failings)
2021-07-04 05:44:52,182 DEBUG    Reading the coverage of org.apache.commons.lang3.builder.ToStringBuilderTest::testReflectionIntArray (failings)
2021-07-04 05:44:52,193 DEBUG    Reading the coverage of org.apache.commons.lang3.builder.ToStringBuilderTest::testReflectionCharArrayArray (failings)
2021-07-04 05:44:52,204 DEBUG    Reading the coverage of org.apache.commons.lang3.builder.ToStringBuilderTest::testReflectionFloatArray (failings)
2021-07-04 05:44:52,216 DEBUG    Reading the coverage of org.apache.commons.lang3.builder.ToStringBuilderTest::testReflectionCharArray (failings)
2021-07-04 05:44:52,227 DEBUG    Reading the coverage of org.apache.commons.lang3.builder.ToStringBuilderTest::testReflectionArrayAndObjectCycle (failings)
2021-07-04 05:44:52,249 DEBUG    Reading the coverage of org.apache.commons.lang3.builder.ToStringBuilderTest::testReflectionShortArray (failings)
2021-07-04 05:44:52,260 DEBUG    Reading the coverage of org.apache.commons.lang3.builder.ToStringBuilderTest::testSelfInstanceTwoVarsReflectionObjectCycle (failings)
2021-07-04 05:44:52,273 DEBUG    Reading the coverage of org.apache.commons.lang3.builder.ToStringBuilderTest::testReflectionDoubleArrayArray (failings)
2021-07-04 05:44:52,284 DEBUG    Reading the coverage of org.apache.commons.lang3.builder.ToStringBuilderTest::testReflectionDoubleArray (failings)
2021-07-04 05:44:52,295 DEBUG    Reading the coverage of org.apache.commons.lang3.builder.ToStringBuilderTest::testSelfInstanceVarReflectionObjectCycle (failings)
2021-07-04 05:44:52,306 DEBUG    Reading the coverage of org.apache.commons.lang3.builder.ToStringBuilderTest::testReflectionObjectArray (failings)
2021-07-04 05:44:52,318 DEBUG    Reading the coverage of org.apache.commons.lang3.builder.ToStringBuilderTest::testReflectionBooleanArray (failings)
2021-07-04 05:44:52,329 DEBUG    Reading the coverage of org.apache.commons.lang3.builder.ToStringBuilderTest::testReflectionArrayCycleLevel2 (failings)
2021-07-04 05:44:52,342 INFO     Loaded 27x456 Coverage Matrix
2021-07-04 05:44:52,343 INFO     The number of total commits: 2357
2021-07-04 05:44:52,748 DEBUG    [line range] org/apache/commons/lang3/SystemUtils.java <clinit> 87:87
2021-07-04 05:44:52,823 DEBUG                  - depth 0, hash b20ba54, HEAD~1532
2021-07-04 05:44:52,830 DEBUG    [line range] org/apache/commons/lang3/SystemUtils.java getJavaVersionAsFloat 1132:1145
2021-07-04 05:44:52,912 DEBUG                  - depth 0, hash 341c6c0, HEAD~1004
2021-07-04 05:44:52,918 DEBUG                  - depth 1, hash 6a23fd6, HEAD~1318
2021-07-04 05:44:52,922 DEBUG                  - depth 2, hash 2077c6c, HEAD~1971
2021-07-04 05:44:52,926 DEBUG    [line range] org/apache/commons/lang3/SystemUtils.java getJavaVersionAsInt 1161:1177
2021-07-04 05:44:53,008 DEBUG                  - depth 0, hash 341c6c0, HEAD~1004
2021-07-04 05:44:53,013 DEBUG                  - depth 1, hash 6a23fd6, HEAD~1318
2021-07-04 05:44:53,017 DEBUG                  - depth 2, hash 2077c6c, HEAD~1971
2021-07-04 05:44:53,022 DEBUG    [line range] org/apache/commons/lang3/SystemUtils.java getJavaVersionMatches 1202:1207
2021-07-04 05:44:53,103 DEBUG                  - depth 0, hash 6a23fd6, HEAD~1318
2021-07-04 05:44:53,108 DEBUG                  - depth 1, hash 22ae648, HEAD~1959
2021-07-04 05:44:53,112 DEBUG    [line range] org/apache/commons/lang3/SystemUtils.java getJavaVersionTrimmed 1184:1194
2021-07-04 05:44:53,186 DEBUG                  - depth 0, hash 6a23fd6, HEAD~1318
2021-07-04 05:44:53,191 DEBUG    [line range] org/apache/commons/lang3/SystemUtils.java getOSMatches 1215:1220
2021-07-04 05:44:53,271 DEBUG                  - depth 0, hash 7543998, HEAD~1968
2021-07-04 05:44:53,276 DEBUG                  - depth 1, hash 2077c6c, HEAD~1971
2021-07-04 05:44:53,280 DEBUG                  - depth 2, hash 968ff83, HEAD~2297
2021-07-04 05:44:53,284 DEBUG                  - depth 3, hash e2668e7, HEAD~2306
2021-07-04 05:44:53,288 DEBUG    [line range] org/apache/commons/lang3/SystemUtils.java getOSMatches 1229:1234
2021-07-04 05:44:53,369 DEBUG                  - depth 0, hash 7543998, HEAD~1968
2021-07-04 05:44:53,375 DEBUG                  - depth 1, hash 2077c6c, HEAD~1971
2021-07-04 05:44:53,379 DEBUG    [line range] org/apache/commons/lang3/SystemUtils.java getSystemProperty 1247:1258
2021-07-04 05:44:53,461 DEBUG                  - depth 0, hash de98e6c, HEAD~1495
2021-07-04 05:44:53,467 DEBUG                  - depth 1, hash a168f2e, HEAD~1958
2021-07-04 05:44:53,471 DEBUG                  - depth 2, hash 22ae648, HEAD~1959
2021-07-04 05:44:53,475 DEBUG                  - depth 3, hash 2077c6c, HEAD~1971
2021-07-04 05:44:53,479 DEBUG                  - depth 4, hash 968ff83, HEAD~2297
2021-07-04 05:44:53,483 DEBUG                  - depth 5, hash e2668e7, HEAD~2306
2021-07-04 05:44:53,859 DEBUG    [line range] org/apache/commons/lang3/builder/ReflectionToStringBuilder.java <init> 372:372
2021-07-04 05:44:53,934 DEBUG                  - depth 0, hash 87880f2, HEAD~1617
2021-07-04 05:44:53,940 DEBUG    [line range] org/apache/commons/lang3/builder/ReflectionToStringBuilder.java appendFieldsIn 525:549
2021-07-04 05:44:54,016 DEBUG                  - depth 0, hash 0b8e933, HEAD~346
2021-07-04 05:44:54,021 DEBUG                  - depth 1, hash b044272, HEAD~374
2021-07-04 05:44:54,025 DEBUG                  - depth 2, hash 43b2a5b, HEAD~769
2021-07-04 05:44:54,029 DEBUG                  - depth 3, hash e6b7d55, HEAD~1048
2021-07-04 05:44:54,033 DEBUG                  - depth 4, hash ab5e536, HEAD~1269
2021-07-04 05:44:54,037 DEBUG                  - depth 5, hash 8dc2574, HEAD~1573
2021-07-04 05:44:54,041 DEBUG                  - depth 6, hash c0a363c, HEAD~1841
2021-07-04 05:44:54,045 DEBUG                  - depth 7, hash 7e39b63, HEAD~1954
2021-07-04 05:44:54,050 DEBUG    [line range] org/apache/commons/lang3/builder/ReflectionToStringBuilder.java getUpToClass 565:567
2021-07-04 05:44:54,125 DEBUG                  - depth 0, hash b044272, HEAD~374
2021-07-04 05:44:54,131 DEBUG                  - depth 1, hash 7e39b63, HEAD~1954
2021-07-04 05:44:54,135 DEBUG    [line range] org/apache/commons/lang3/builder/ReflectionToStringBuilder.java reflectionAppendArray 621:624
2021-07-04 05:44:54,213 DEBUG                  - depth 0, hash 5ef9115, HEAD~183
2021-07-04 05:44:54,219 DEBUG                  - depth 1, hash 0e3abb1, HEAD~344
2021-07-04 05:44:54,223 DEBUG                  - depth 2, hash 7e39b63, HEAD~1954
2021-07-04 05:44:54,227 DEBUG    [line range] org/apache/commons/lang3/builder/ReflectionToStringBuilder.java setAppendStatics 635:637
2021-07-04 05:44:54,303 DEBUG                  - depth 0, hash 87880f2, HEAD~1617
2021-07-04 05:44:54,308 DEBUG    [line range] org/apache/commons/lang3/builder/ReflectionToStringBuilder.java setAppendTransients 647:649
2021-07-04 05:44:54,383 DEBUG                  - depth 0, hash 7e39b63, HEAD~1954
2021-07-04 05:44:54,389 DEBUG    [line range] org/apache/commons/lang3/builder/ReflectionToStringBuilder.java setUpToClass 676:684
2021-07-04 05:44:54,464 DEBUG                  - depth 0, hash 5ef9115, HEAD~183
2021-07-04 05:44:54,470 DEBUG                  - depth 1, hash 0e3abb1, HEAD~344
2021-07-04 05:44:54,474 DEBUG                  - depth 2, hash b044272, HEAD~374
2021-07-04 05:44:54,478 DEBUG                  - depth 3, hash 7e39b63, HEAD~1954
2021-07-04 05:44:54,482 DEBUG    [line range] org/apache/commons/lang3/builder/ReflectionToStringBuilder.java toString 693:705
2021-07-04 05:44:54,559 DEBUG                  - depth 0, hash b044272, HEAD~374
2021-07-04 05:44:54,564 DEBUG                  - depth 1, hash 6170f07, HEAD~434
2021-07-04 05:44:54,568 DEBUG                  - depth 2, hash 7e39b63, HEAD~1954
2021-07-04 05:44:54,572 DEBUG    [line range] org/apache/commons/lang3/builder/ReflectionToStringBuilder.java toString 122:124
2021-07-04 05:44:54,649 DEBUG                  - depth 0, hash 87880f2, HEAD~1617
2021-07-04 05:44:54,654 DEBUG                  - depth 1, hash 7e39b63, HEAD~1954
2021-07-04 05:44:54,658 DEBUG    [line range] org/apache/commons/lang3/builder/ReflectionToStringBuilder.java toString 287:292
2021-07-04 05:44:54,734 DEBUG                  - depth 0, hash 5ef9115, HEAD~183
2021-07-04 05:44:54,739 DEBUG                  - depth 1, hash 0e3abb1, HEAD~344
2021-07-04 05:44:54,744 DEBUG                  - depth 2, hash b044272, HEAD~374
2021-07-04 05:44:54,748 DEBUG                  - depth 3, hash 8dc2574, HEAD~1573
2021-07-04 05:44:54,752 DEBUG                  - depth 4, hash 87880f2, HEAD~1617
2021-07-04 05:44:54,756 DEBUG                  - depth 5, hash 7e39b63, HEAD~1954
2021-07-04 05:44:55,185 DEBUG    [line range] org/apache/commons/lang3/builder/ToStringBuilder.java <clinit> 97:97
2021-07-04 05:44:55,262 DEBUG                  - depth 0, hash 3f0e542, HEAD~180
2021-07-04 05:44:55,267 DEBUG                  - depth 1, hash f5144f0, HEAD~1955
2021-07-04 05:44:55,271 DEBUG    [line range] org/apache/commons/lang3/builder/ToStringBuilder.java <init> 254:266
2021-07-04 05:44:55,350 DEBUG                  - depth 0, hash 5ef9115, HEAD~183
2021-07-04 05:44:55,355 DEBUG                  - depth 1, hash 0e3abb1, HEAD~344
2021-07-04 05:44:55,359 DEBUG                  - depth 2, hash 34aa8b0, HEAD~1455
2021-07-04 05:44:55,363 DEBUG                  - depth 3, hash f5144f0, HEAD~1955
2021-07-04 05:44:55,368 DEBUG                  - depth 4, hash 78c1461, HEAD~2132
2021-07-04 05:44:55,372 DEBUG    [line range] org/apache/commons/lang3/builder/ToStringBuilder.java getDefaultStyle 119:121
2021-07-04 05:44:55,452 DEBUG                  - depth 0, hash f5144f0, HEAD~1955
2021-07-04 05:44:55,457 DEBUG                  - depth 1, hash 1a41190, HEAD~2257
2021-07-04 05:44:55,461 DEBUG    [line range] org/apache/commons/lang3/builder/ToStringBuilder.java getObject 1023:1025
2021-07-04 05:44:55,538 DEBUG                  - depth 0, hash 5ef9115, HEAD~183
2021-07-04 05:44:55,544 DEBUG                  - depth 1, hash 0e3abb1, HEAD~344
2021-07-04 05:44:55,548 DEBUG                  - depth 2, hash 87880f2, HEAD~1617
2021-07-04 05:44:55,552 DEBUG    [line range] org/apache/commons/lang3/builder/ToStringBuilder.java getStringBuffer 1032:1034
2021-07-04 05:44:55,631 DEBUG                  - depth 0, hash f5144f0, HEAD~1955
2021-07-04 05:44:55,636 DEBUG                  - depth 1, hash 1a41190, HEAD~2257
2021-07-04 05:44:55,640 DEBUG    [line range] org/apache/commons/lang3/builder/ToStringBuilder.java getStyle 1044:1046
2021-07-04 05:44:55,719 DEBUG                  - depth 0, hash 78c1461, HEAD~2132
2021-07-04 05:44:55,724 DEBUG    [line range] org/apache/commons/lang3/builder/ToStringBuilder.java reflectionToString 154:156
2021-07-04 05:44:55,803 DEBUG                  - depth 0, hash 7e39b63, HEAD~1954
2021-07-04 05:44:55,808 DEBUG                  - depth 1, hash b14cf8f, HEAD~2089
2021-07-04 05:44:55,812 DEBUG                  - depth 2, hash 1a41190, HEAD~2257
2021-07-04 05:44:55,816 DEBUG    [line range] org/apache/commons/lang3/builder/ToStringBuilder.java toString 1058:1066
2021-07-04 05:44:55,895 DEBUG                  - depth 0, hash 6170f07, HEAD~434
2021-07-04 05:44:55,901 DEBUG                  - depth 1, hash f4b9657, HEAD~1452
2021-07-04 05:44:55,905 DEBUG                  - depth 2, hash 34aa8b0, HEAD~1455
2021-07-04 05:44:55,909 DEBUG                  - depth 3, hash 1a41190, HEAD~2257
2021-07-04 05:44:56,384 DEBUG    [line range] org/apache/commons/lang3/builder/ToStringStyle.java <clinit> 82:82
2021-07-04 05:44:56,470 DEBUG                  - depth 0, hash 1a41190, HEAD~2257
2021-07-04 05:44:56,475 DEBUG    [line range] org/apache/commons/lang3/builder/ToStringStyle.java <init> 220:220
2021-07-04 05:44:56,560 DEBUG                  - depth 0, hash 8f75637, HEAD~2239
2021-07-04 05:44:56,566 DEBUG                  - depth 1, hash 1a41190, HEAD~2257
2021-07-04 05:44:56,570 DEBUG    [line range] org/apache/commons/lang3/builder/ToStringStyle.java appendClassName 1449:1458
2021-07-04 05:44:56,656 DEBUG                  - depth 0, hash 8ef5603, HEAD~768
2021-07-04 05:44:56,661 DEBUG                  - depth 1, hash 43b2a5b, HEAD~769
2021-07-04 05:44:56,665 DEBUG                  - depth 2, hash 34aa8b0, HEAD~1455
2021-07-04 05:44:56,669 DEBUG                  - depth 3, hash 1a41190, HEAD~2257
2021-07-04 05:44:56,674 DEBUG    [line range] org/apache/commons/lang3/builder/ToStringStyle.java appendContentEnd 1488:1490
2021-07-04 05:44:56,759 DEBUG                  - depth 0, hash 78c1461, HEAD~2132
2021-07-04 05:44:56,764 DEBUG                  - depth 1, hash 1a41190, HEAD~2257
2021-07-04 05:44:56,768 DEBUG    [line range] org/apache/commons/lang3/builder/ToStringStyle.java appendContentStart 1479:1481
2021-07-04 05:44:56,853 DEBUG                  - depth 0, hash 1a41190, HEAD~2257
2021-07-04 05:44:56,858 DEBUG    [line range] org/apache/commons/lang3/builder/ToStringStyle.java appendDetail 827:829
2021-07-04 05:44:56,942 DEBUG                  - depth 0, hash 1a41190, HEAD~2257
2021-07-04 05:44:56,948 DEBUG    [line range] org/apache/commons/lang3/builder/ToStringStyle.java appendDetail 1356:1365
2021-07-04 05:44:57,032 DEBUG                  - depth 0, hash 1a41190, HEAD~2257
2021-07-04 05:44:57,038 DEBUG    [line range] org/apache/commons/lang3/builder/ToStringStyle.java appendEnd 392:398
2021-07-04 05:44:57,123 DEBUG                  - depth 0, hash 43b2a5b, HEAD~769
2021-07-04 05:44:57,128 DEBUG                  - depth 1, hash f4b9657, HEAD~1452
2021-07-04 05:44:57,132 DEBUG                  - depth 2, hash 34aa8b0, HEAD~1455
2021-07-04 05:44:57,136 DEBUG                  - depth 3, hash 78c1461, HEAD~2132
2021-07-04 05:44:57,140 DEBUG                  - depth 4, hash 1a41190, HEAD~2257
2021-07-04 05:44:57,145 DEBUG    [line range] org/apache/commons/lang3/builder/ToStringStyle.java appendIdentityHashCode 1466:1472
2021-07-04 05:44:57,229 DEBUG                  - depth 0, hash 8ef5603, HEAD~768
2021-07-04 05:44:57,235 DEBUG                  - depth 1, hash 43b2a5b, HEAD~769
2021-07-04 05:44:57,239 DEBUG                  - depth 2, hash 34aa8b0, HEAD~1455
2021-07-04 05:44:57,243 DEBUG                  - depth 3, hash 1a41190, HEAD~2257
2021-07-04 05:44:57,247 DEBUG    [line range] org/apache/commons/lang3/builder/ToStringStyle.java appendInternal 468:565
2021-07-04 05:44:57,336 DEBUG                  - depth 0, hash 3f900a7, HEAD~0
2021-07-04 05:44:57,342 DEBUG                  - depth 1, hash f9ff103, HEAD~213
2021-07-04 05:44:57,346 DEBUG                  - depth 2, hash 8ef5603, HEAD~768
2021-07-04 05:44:57,350 DEBUG                  - depth 3, hash 43b2a5b, HEAD~769
2021-07-04 05:44:57,354 DEBUG                  - depth 4, hash 1ef25ab, HEAD~1811
2021-07-04 05:44:57,358 DEBUG                  - depth 5, hash 7650f71, HEAD~1822
2021-07-04 05:44:57,362 DEBUG                  - depth 6, hash d6ad6b1, HEAD~1826
2021-07-04 05:44:57,366 DEBUG                  - depth 7, hash 24b5e31, HEAD~1870
2021-07-04 05:44:57,370 DEBUG                  - depth 8, hash 7e39b63, HEAD~1954
2021-07-04 05:44:57,375 DEBUG                  - depth 9, hash 252e035, HEAD~2006
2021-07-04 05:44:57,379 DEBUG                  - depth 10, hash b0be90e, HEAD~2031
2021-07-04 05:44:57,383 DEBUG                  - depth 11, hash 1a41190, HEAD~2257
2021-07-04 05:44:57,387 DEBUG    [line range] org/apache/commons/lang3/builder/ToStringStyle.java appendNullText 1500:1502
2021-07-04 05:44:57,471 DEBUG                  - depth 0, hash 1a41190, HEAD~2257
2021-07-04 05:44:57,477 DEBUG    [line range] org/apache/commons/lang3/builder/ToStringStyle.java appendStart 374:383
2021-07-04 05:44:57,561 DEBUG                  - depth 0, hash 34aa8b0, HEAD~1455
2021-07-04 05:44:57,567 DEBUG                  - depth 1, hash 78c1461, HEAD~2132
2021-07-04 05:44:57,571 DEBUG                  - depth 2, hash 1a41190, HEAD~2257
2021-07-04 05:44:57,575 DEBUG    [line range] org/apache/commons/lang3/builder/ToStringStyle.java getRegistry 147:150
2021-07-04 05:44:57,650 DEBUG                  - depth 0, hash 3f900a7, HEAD~0
2021-07-04 05:44:57,655 DEBUG                  - depth 1, hash b044272, HEAD~374
2021-07-04 05:44:57,660 DEBUG                  - depth 2, hash 43b2a5b, HEAD~769
2021-07-04 05:44:57,664 DEBUG    [line range] org/apache/commons/lang3/builder/ToStringStyle.java isRegistered 163:165
2021-07-04 05:44:57,738 DEBUG                  - depth 0, hash 43b2a5b, HEAD~769
2021-07-04 05:44:57,743 DEBUG    [line range] org/apache/commons/lang3/builder/ToStringStyle.java isUseIdentityHashCode 1643:1645
2021-07-04 05:44:57,827 DEBUG                  - depth 0, hash 8f75637, HEAD~2239
2021-07-04 05:44:57,833 DEBUG    [line range] org/apache/commons/lang3/builder/ToStringStyle.java reflectionAppendArrayDetail 922:938
2021-07-04 05:44:57,915 DEBUG                  - depth 0, hash d6ad6b1, HEAD~1826
2021-07-04 05:44:57,921 DEBUG                  - depth 1, hash b0be90e, HEAD~2031
2021-07-04 05:44:57,925 DEBUG    [line range] org/apache/commons/lang3/builder/ToStringStyle.java register 176:188
2021-07-04 05:44:58,000 DEBUG                  - depth 0, hash 3f900a7, HEAD~0
2021-07-04 05:44:58,005 DEBUG                  - depth 1, hash 43b2a5b, HEAD~769
2021-07-04 05:44:58,009 DEBUG    [line range] org/apache/commons/lang3/builder/ToStringStyle.java removeLastFieldSeparator 406:421
2021-07-04 05:44:58,092 DEBUG                  - depth 0, hash 78c1461, HEAD~2132
2021-07-04 05:44:58,098 DEBUG    [line range] org/apache/commons/lang3/builder/ToStringStyle.java setContentEnd 1841:1846
2021-07-04 05:44:58,182 DEBUG                  - depth 0, hash 8f75637, HEAD~2239
2021-07-04 05:44:58,188 DEBUG    [line range] org/apache/commons/lang3/builder/ToStringStyle.java setContentStart 1815:1820
2021-07-04 05:44:58,272 DEBUG                  - depth 0, hash 8f75637, HEAD~2239
2021-07-04 05:44:58,278 DEBUG    [line range] org/apache/commons/lang3/builder/ToStringStyle.java setFieldSeparator 1893:1898
2021-07-04 05:44:58,362 DEBUG                  - depth 0, hash 8f75637, HEAD~2239
2021-07-04 05:44:58,368 DEBUG    [line range] org/apache/commons/lang3/builder/ToStringStyle.java setFieldSeparatorAtStart 1920:1922
2021-07-04 05:44:58,450 DEBUG                  - depth 0, hash 78c1461, HEAD~2132
2021-07-04 05:44:58,456 DEBUG    [line range] org/apache/commons/lang3/builder/ToStringStyle.java setUseClassName 1610:1612
2021-07-04 05:44:58,540 DEBUG                  - depth 0, hash 8f75637, HEAD~2239
2021-07-04 05:44:58,546 DEBUG    [line range] org/apache/commons/lang3/builder/ToStringStyle.java setUseFieldNames 1672:1674
2021-07-04 05:44:58,630 DEBUG                  - depth 0, hash 8f75637, HEAD~2239
2021-07-04 05:44:58,635 DEBUG    [line range] org/apache/commons/lang3/builder/ToStringStyle.java setUseIdentityHashCode 1652:1654
2021-07-04 05:44:58,720 DEBUG                  - depth 0, hash 8f75637, HEAD~2239
2021-07-04 05:44:58,726 DEBUG    [line range] org/apache/commons/lang3/builder/ToStringStyle.java setUseShortClassName 1632:1634
2021-07-04 05:44:58,804 DEBUG                  - depth 0, hash ee65adf, HEAD~1698
2021-07-04 05:44:58,810 DEBUG    [line range] org/apache/commons/lang3/builder/ToStringStyle.java unregister 202:215
2021-07-04 05:44:58,884 DEBUG                  - depth 0, hash 3f900a7, HEAD~0
2021-07-04 05:44:58,890 DEBUG                  - depth 1, hash 43b2a5b, HEAD~769
2021-07-04 05:44:59,224 DEBUG    [line range] org/apache/commons/lang3/ObjectUtils.java <clinit> 57:57
2021-07-04 05:44:59,298 DEBUG                  - depth 0, hash 44a3b3f, HEAD~2245
2021-07-04 05:44:59,304 DEBUG    [line range] org/apache/commons/lang3/ObjectUtils.java identityToString 214:221
2021-07-04 05:44:59,377 DEBUG                  - depth 0, hash 5fd2544, HEAD~195
2021-07-04 05:44:59,382 DEBUG                  - depth 1, hash f1f7988, HEAD~232
2021-07-04 05:44:59,387 DEBUG                  - depth 2, hash a0ecd1a, HEAD~657
2021-07-04 05:44:59,391 DEBUG                  - depth 3, hash 0309c35, HEAD~1814
2021-07-04 05:44:59,395 DEBUG                  - depth 4, hash 24b5e31, HEAD~1870
2021-07-04 05:44:59,399 DEBUG                  - depth 5, hash fe44be5, HEAD~2251
2021-07-04 05:44:59,403 DEBUG    [line range] org/apache/commons/lang3/ObjectUtils.java <init> 340:342
2021-07-04 05:44:59,477 DEBUG                  - depth 0, hash f09a9a0, HEAD~1184
2021-07-04 05:44:59,483 DEBUG                  - depth 1, hash 11ff5aa, HEAD~1195
2021-07-04 05:44:59,487 DEBUG                  - depth 2, hash 6586214, HEAD~2052
2021-07-04 05:44:59,491 DEBUG                  - depth 3, hash 44a3b3f, HEAD~2245
2021-07-04 05:44:59,496 DEBUG    [line range] org/apache/commons/lang3/builder/ToStringBuilder.java <init> 227:229
2021-07-04 05:44:59,575 DEBUG                  - depth 0, hash 3f0e542, HEAD~180
2021-07-04 05:44:59,581 DEBUG                  - depth 1, hash 5ef9115, HEAD~183
2021-07-04 05:44:59,585 DEBUG                  - depth 2, hash 0e3abb1, HEAD~344
2021-07-04 05:44:59,589 DEBUG                  - depth 3, hash f5144f0, HEAD~1955
2021-07-04 05:44:59,593 DEBUG                  - depth 4, hash 78c1461, HEAD~2132
2021-07-04 05:44:59,598 DEBUG    [line range] org/apache/commons/lang3/builder/ToStringBuilder.java append 473:476
2021-07-04 05:44:59,677 DEBUG                  - depth 0, hash 5ef9115, HEAD~183
2021-07-04 05:44:59,683 DEBUG                  - depth 1, hash 0e3abb1, HEAD~344
2021-07-04 05:44:59,687 DEBUG                  - depth 2, hash 3c9d090, HEAD~858
2021-07-04 05:44:59,691 DEBUG                  - depth 3, hash f5144f0, HEAD~1955
2021-07-04 05:44:59,695 DEBUG                  - depth 4, hash 1a41190, HEAD~2257
2021-07-04 05:44:59,699 DEBUG    [line range] org/apache/commons/lang3/builder/ToStringStyle.java append 436:447
2021-07-04 05:44:59,784 DEBUG                  - depth 0, hash d6ad6b1, HEAD~1826
2021-07-04 05:44:59,789 DEBUG                  - depth 1, hash 1a41190, HEAD~2257
2021-07-04 05:44:59,794 DEBUG    [line range] org/apache/commons/lang3/builder/ToStringStyle.java appendCyclicObject 579:581
2021-07-04 05:44:59,878 DEBUG                  - depth 0, hash 223c0a2, HEAD~399
2021-07-04 05:44:59,883 DEBUG                  - depth 1, hash 43b2a5b, HEAD~769
2021-07-04 05:44:59,888 DEBUG                  - depth 2, hash 1a41190, HEAD~2257
2021-07-04 05:44:59,892 DEBUG    [line range] org/apache/commons/lang3/builder/ToStringStyle.java appendDetail 592:594
2021-07-04 05:44:59,977 DEBUG                  - depth 0, hash 1a41190, HEAD~2257
2021-07-04 05:44:59,983 DEBUG    [line range] org/apache/commons/lang3/builder/ToStringStyle.java appendFieldEnd 1532:1534
2021-07-04 05:45:00,068 DEBUG                  - depth 0, hash 1a41190, HEAD~2257
2021-07-04 05:45:00,074 DEBUG    [line range] org/apache/commons/lang3/builder/ToStringStyle.java appendFieldSeparator 1509:1511
2021-07-04 05:45:00,158 DEBUG                  - depth 0, hash 1a41190, HEAD~2257
2021-07-04 05:45:00,163 DEBUG    [line range] org/apache/commons/lang3/builder/ToStringStyle.java appendFieldStart 1519:1524
2021-07-04 05:45:00,248 DEBUG                  - depth 0, hash 1a41190, HEAD~2257
2021-07-04 05:45:00,253 DEBUG    [line range] org/apache/commons/lang3/builder/ToStringStyle.java isFullDetail 1571:1576
2021-07-04 05:45:00,337 DEBUG                  - depth 0, hash 1a41190, HEAD~2257
2021-07-04 05:45:00,343 DEBUG    [line range] org/apache/commons/lang3/builder/ToStringStyle.java appendDetail 743:745
2021-07-04 05:45:00,427 DEBUG                  - depth 0, hash 1a41190, HEAD~2257
2021-07-04 05:45:00,433 DEBUG    [line range] org/apache/commons/lang3/builder/ToStringStyle.java appendDetail 1173:1182
2021-07-04 05:45:00,517 DEBUG                  - depth 0, hash 1a41190, HEAD~2257
2021-07-04 05:45:00,522 DEBUG    [line range] org/apache/commons/lang3/builder/ToStringStyle.java appendDetail 896:911
2021-07-04 05:45:00,607 DEBUG                  - depth 0, hash d6ad6b1, HEAD~1826
2021-07-04 05:45:00,612 DEBUG                  - depth 1, hash 1a41190, HEAD~2257
2021-07-04 05:45:00,617 DEBUG    [line range] org/apache/commons/lang3/builder/ToStringStyle.java appendDetail 687:689
2021-07-04 05:45:00,705 DEBUG                  - depth 0, hash 1a41190, HEAD~2257
2021-07-04 05:45:00,710 DEBUG    [line range] org/apache/commons/lang3/builder/ToStringStyle.java appendDetail 1051:1060
2021-07-04 05:45:00,798 DEBUG                  - depth 0, hash 1a41190, HEAD~2257
2021-07-04 05:45:00,804 DEBUG    [line range] org/apache/commons/lang3/builder/ToStringStyle.java appendDetail 715:717
2021-07-04 05:45:00,888 DEBUG                  - depth 0, hash 1a41190, HEAD~2257
2021-07-04 05:45:00,893 DEBUG    [line range] org/apache/commons/lang3/builder/ToStringStyle.java appendDetail 1112:1121
2021-07-04 05:45:00,977 DEBUG                  - depth 0, hash 1a41190, HEAD~2257
2021-07-04 05:45:00,983 DEBUG    [line range] org/apache/commons/lang3/builder/ReflectionToStringBuilder.java accept 491:510
2021-07-04 05:45:01,062 DEBUG                  - depth 0, hash 308f4b5, HEAD~334
2021-07-04 05:45:01,067 DEBUG                  - depth 1, hash e6b7d55, HEAD~1048
2021-07-04 05:45:01,071 DEBUG                  - depth 2, hash 87880f2, HEAD~1617
2021-07-04 05:45:01,076 DEBUG                  - depth 3, hash 7e39b63, HEAD~1954
2021-07-04 05:45:01,080 DEBUG    [line range] org/apache/commons/lang3/builder/ReflectionToStringBuilder.java getValue 585:587
2021-07-04 05:45:01,159 DEBUG                  - depth 0, hash 7e39b63, HEAD~1954
2021-07-04 05:45:01,164 DEBUG    [line range] org/apache/commons/lang3/builder/ReflectionToStringBuilder.java isAppendTransients 608:610
2021-07-04 05:45:01,240 DEBUG                  - depth 0, hash 7e39b63, HEAD~1954
2021-07-04 05:45:01,246 DEBUG    [line range] org/apache/commons/lang3/builder/ReflectionToStringBuilder.java toString 154:156
2021-07-04 05:45:01,321 DEBUG                  - depth 0, hash 87880f2, HEAD~1617
2021-07-04 05:45:01,326 DEBUG                  - depth 1, hash 7e39b63, HEAD~1954
2021-07-04 05:45:01,331 DEBUG    [line range] org/apache/commons/lang3/builder/ToStringBuilder.java append 849:852
2021-07-04 05:45:01,410 DEBUG                  - depth 0, hash 5ef9115, HEAD~183
2021-07-04 05:45:01,415 DEBUG                  - depth 1, hash 0e3abb1, HEAD~344
2021-07-04 05:45:01,420 DEBUG                  - depth 2, hash 3c9d090, HEAD~858
2021-07-04 05:45:01,424 DEBUG                  - depth 3, hash f5144f0, HEAD~1955
2021-07-04 05:45:01,428 DEBUG                  - depth 4, hash 1a41190, HEAD~2257
2021-07-04 05:45:01,432 DEBUG    [line range] org/apache/commons/lang3/builder/ToStringBuilder.java reflectionToString 167:169
2021-07-04 05:45:01,512 DEBUG                  - depth 0, hash 7e39b63, HEAD~1954
2021-07-04 05:45:01,518 DEBUG                  - depth 1, hash b14cf8f, HEAD~2089
2021-07-04 05:45:01,522 DEBUG                  - depth 2, hash 1a41190, HEAD~2257
2021-07-04 05:45:01,526 DEBUG    [line range] org/apache/commons/lang3/builder/ToStringBuilder.java reflectionToString 181:183
2021-07-04 05:45:01,608 DEBUG                  - depth 0, hash 87880f2, HEAD~1617
2021-07-04 05:45:01,614 DEBUG                  - depth 1, hash 7e39b63, HEAD~1954
2021-07-04 05:45:01,618 DEBUG                  - depth 2, hash b14cf8f, HEAD~2089
2021-07-04 05:45:01,622 DEBUG                  - depth 3, hash 1a41190, HEAD~2257
2021-07-04 05:45:01,627 DEBUG    [line range] org/apache/commons/lang3/builder/ToStringBuilder.java reflectionToString 197:203
2021-07-04 05:45:01,707 DEBUG                  - depth 0, hash 0e3abb1, HEAD~344
2021-07-04 05:45:01,713 DEBUG                  - depth 1, hash 87880f2, HEAD~1617
2021-07-04 05:45:01,717 DEBUG                  - depth 2, hash 7e39b63, HEAD~1954
2021-07-04 05:45:01,721 DEBUG                  - depth 3, hash f5144f0, HEAD~1955
2021-07-04 05:45:01,725 DEBUG                  - depth 4, hash 8642402, HEAD~2005
2021-07-04 05:45:01,729 DEBUG                  - depth 5, hash b0be90e, HEAD~2031
2021-07-04 05:45:01,734 DEBUG                  - depth 6, hash b9ea92e, HEAD~2045
2021-07-04 05:45:01,738 DEBUG                  - depth 7, hash 946ebd2, HEAD~2074
2021-07-04 05:45:01,742 DEBUG                  - depth 8, hash 7faee9e, HEAD~2078
2021-07-04 05:45:01,746 DEBUG                  - depth 9, hash b14cf8f, HEAD~2089
2021-07-04 05:45:01,750 DEBUG                  - depth 10, hash 1a41190, HEAD~2257
2021-07-04 05:45:01,755 DEBUG    [line range] org/apache/commons/lang3/builder/ToStringStyle.java appendDetail 855:857
2021-07-04 05:45:01,839 DEBUG                  - depth 0, hash 1a41190, HEAD~2257
2021-07-04 05:45:01,845 DEBUG    [line range] org/apache/commons/lang3/builder/ToStringStyle.java appendDetail 1417:1426
2021-07-04 05:45:01,929 DEBUG                  - depth 0, hash 1a41190, HEAD~2257
2021-07-04 05:45:01,934 DEBUG    [line range] org/apache/commons/lang3/builder/ToStringStyle.java appendDetail 659:661
2021-07-04 05:45:02,019 DEBUG                  - depth 0, hash 1a41190, HEAD~2257
2021-07-04 05:45:02,024 DEBUG    [line range] org/apache/commons/lang3/builder/ToStringStyle.java appendDetail 990:999
2021-07-04 05:45:02,108 DEBUG                  - depth 0, hash 1a41190, HEAD~2257
2021-07-04 05:45:02,114 DEBUG    [line range] org/apache/commons/lang3/builder/ToStringStyle.java appendDetail 771:773
2021-07-04 05:45:02,199 DEBUG                  - depth 0, hash 1a41190, HEAD~2257
2021-07-04 05:45:02,205 DEBUG    [line range] org/apache/commons/lang3/builder/ToStringStyle.java appendDetail 1234:1243
2021-07-04 05:45:02,289 DEBUG                  - depth 0, hash 1a41190, HEAD~2257
2021-07-04 05:45:02,295 DEBUG    [line range] org/apache/commons/lang3/builder/ToStringStyle.java appendDetail 799:801
2021-07-04 05:45:02,379 DEBUG                  - depth 0, hash 1a41190, HEAD~2257
2021-07-04 05:45:02,384 DEBUG    [line range] org/apache/commons/lang3/builder/ToStringStyle.java appendDetail 1295:1304
2021-07-04 05:45:02,469 DEBUG                  - depth 0, hash 1a41190, HEAD~2257
2021-07-04 05:45:02,475 INFO     The number of BIC candidates: 56
