2021-07-04 06:47:16,403 INFO     Search BICs for /tmp/Math-20b/
2021-07-04 06:47:16,403 DEBUG    Reading the coverage of org.apache.commons.math3.optimization.direct.CMAESOptimizerTest::testMath864 (failings)
2021-07-04 06:47:16,492 INFO     Loaded 1x1063 Coverage Matrix
2021-07-04 06:47:16,493 INFO     The number of total commits: 4222
2021-07-04 06:47:16,943 DEBUG    [line range] org/apache/commons/math3/linear/AbstractRealMatrix.java <clinit> 47:47
2021-07-04 06:47:17,153 DEBUG                  - depth 0, hash 093b098, HEAD~147
2021-07-04 06:47:17,159 DEBUG                  - depth 1, hash 117245d, HEAD~218
2021-07-04 06:47:17,163 DEBUG    [line range] org/apache/commons/math3/linear/AbstractRealMatrix.java <init> 56:56
2021-07-04 06:47:17,381 DEBUG                  - depth 0, hash 1e8f480, HEAD~1784
2021-07-04 06:47:17,387 DEBUG                  - depth 1, hash c28099c, HEAD~2810
2021-07-04 06:47:17,391 DEBUG    [line range] org/apache/commons/math3/linear/AbstractRealMatrix.java <init> 65:74
2021-07-04 06:47:17,608 DEBUG                  - depth 0, hash ff01266, HEAD~12
2021-07-04 06:47:17,613 DEBUG                  - depth 1, hash 1e8f480, HEAD~1784
2021-07-04 06:47:17,617 DEBUG                  - depth 2, hash a16f538, HEAD~1849
2021-07-04 06:47:17,621 DEBUG                  - depth 3, hash 1eaea0b, HEAD~1955
2021-07-04 06:47:17,626 DEBUG                  - depth 4, hash 7f88773, HEAD~2674
2021-07-04 06:47:17,630 DEBUG                  - depth 5, hash c28099c, HEAD~2810
2021-07-04 06:47:17,634 DEBUG    [line range] org/apache/commons/math3/linear/AbstractRealMatrix.java add 77:91
2021-07-04 06:47:17,851 DEBUG                  - depth 0, hash ff01266, HEAD~12
2021-07-04 06:47:17,857 DEBUG                  - depth 1, hash 8742126, HEAD~1800
2021-07-04 06:47:17,861 DEBUG                  - depth 2, hash a16f538, HEAD~1849
2021-07-04 06:47:17,865 DEBUG                  - depth 3, hash 26dac5a, HEAD~2230
2021-07-04 06:47:17,869 DEBUG                  - depth 4, hash e497d61, HEAD~2530
2021-07-04 06:47:17,873 DEBUG                  - depth 5, hash 82aff33, HEAD~2800
2021-07-04 06:47:17,877 DEBUG                  - depth 6, hash c28099c, HEAD~2810
2021-07-04 06:47:17,882 DEBUG    [line range] org/apache/commons/math3/linear/AbstractRealMatrix.java getColumn 558:567
2021-07-04 06:47:18,100 DEBUG                  - depth 0, hash ff01266, HEAD~12
2021-07-04 06:47:18,106 DEBUG                  - depth 1, hash 8742126, HEAD~1800
2021-07-04 06:47:18,110 DEBUG                  - depth 2, hash a16f538, HEAD~1849
2021-07-04 06:47:18,114 DEBUG                  - depth 3, hash e497d61, HEAD~2530
2021-07-04 06:47:18,118 DEBUG                  - depth 4, hash c28099c, HEAD~2810
2021-07-04 06:47:18,122 DEBUG    [line range] org/apache/commons/math3/linear/AbstractRealMatrix.java getColumnMatrix 464:474
2021-07-04 06:47:18,349 DEBUG                  - depth 0, hash ff01266, HEAD~12
2021-07-04 06:47:18,354 DEBUG                  - depth 1, hash 8742126, HEAD~1800
2021-07-04 06:47:18,358 DEBUG                  - depth 2, hash a16f538, HEAD~1849
2021-07-04 06:47:18,363 DEBUG                  - depth 3, hash e497d61, HEAD~2530
2021-07-04 06:47:18,367 DEBUG                  - depth 4, hash c28099c, HEAD~2810
2021-07-04 06:47:18,371 DEBUG    [line range] org/apache/commons/math3/linear/AbstractRealMatrix.java getFrobeniusNorm 279:302
2021-07-04 06:47:18,589 DEBUG                  - depth 0, hash a16f538, HEAD~1849
2021-07-04 06:47:18,595 DEBUG                  - depth 1, hash 80b1e90, HEAD~1890
2021-07-04 06:47:18,599 DEBUG                  - depth 2, hash 55ba297, HEAD~2490
2021-07-04 06:47:18,603 DEBUG                  - depth 3, hash e8c9aea, HEAD~2762
2021-07-04 06:47:18,607 DEBUG                  - depth 4, hash 37bdc7e, HEAD~2809
2021-07-04 06:47:18,611 DEBUG    [line range] org/apache/commons/math3/linear/AbstractRealMatrix.java getRow 533:542
2021-07-04 06:47:18,830 DEBUG                  - depth 0, hash ff01266, HEAD~12
2021-07-04 06:47:18,836 DEBUG                  - depth 1, hash 8742126, HEAD~1800
2021-07-04 06:47:18,840 DEBUG                  - depth 2, hash a16f538, HEAD~1849
2021-07-04 06:47:18,844 DEBUG                  - depth 3, hash e497d61, HEAD~2530
2021-07-04 06:47:18,848 DEBUG                  - depth 4, hash c28099c, HEAD~2810
2021-07-04 06:47:18,852 DEBUG    [line range] org/apache/commons/math3/linear/AbstractRealMatrix.java isSquare 615:617
2021-07-04 06:47:19,071 DEBUG                  - depth 0, hash b631eb6, HEAD~2223
2021-07-04 06:47:19,077 DEBUG                  - depth 1, hash c28099c, HEAD~2810
2021-07-04 06:47:19,081 DEBUG    [line range] org/apache/commons/math3/linear/AbstractRealMatrix.java multiply 139:158
2021-07-04 06:47:19,299 DEBUG                  - depth 0, hash ff01266, HEAD~12
2021-07-04 06:47:19,315 DEBUG                  - depth 1, hash 8742126, HEAD~1800
2021-07-04 06:47:19,320 DEBUG                  - depth 2, hash a16f538, HEAD~1849
2021-07-04 06:47:19,324 DEBUG                  - depth 3, hash e497d61, HEAD~2530
2021-07-04 06:47:19,328 DEBUG                  - depth 4, hash 82aff33, HEAD~2800
2021-07-04 06:47:19,332 DEBUG                  - depth 5, hash c28099c, HEAD~2810
2021-07-04 06:47:19,336 DEBUG    [line range] org/apache/commons/math3/linear/AbstractRealMatrix.java scalarAdd 111:122
2021-07-04 06:47:19,554 DEBUG                  - depth 0, hash 8742126, HEAD~1800
2021-07-04 06:47:19,559 DEBUG                  - depth 1, hash a16f538, HEAD~1849
2021-07-04 06:47:19,564 DEBUG                  - depth 2, hash c28099c, HEAD~2810
2021-07-04 06:47:19,568 DEBUG    [line range] org/apache/commons/math3/linear/AbstractRealMatrix.java scalarMultiply 125:136
2021-07-04 06:47:19,785 DEBUG                  - depth 0, hash 8742126, HEAD~1800
2021-07-04 06:47:19,790 DEBUG                  - depth 1, hash a16f538, HEAD~1849
2021-07-04 06:47:19,795 DEBUG                  - depth 2, hash c28099c, HEAD~2810
2021-07-04 06:47:19,799 DEBUG    [line range] org/apache/commons/math3/linear/AbstractRealMatrix.java setColumnVector 519:530
2021-07-04 06:47:20,016 DEBUG                  - depth 0, hash ff01266, HEAD~12
2021-07-04 06:47:20,022 DEBUG                  - depth 1, hash a16f538, HEAD~1849
2021-07-04 06:47:20,026 DEBUG                  - depth 2, hash 1eaea0b, HEAD~1955
2021-07-04 06:47:20,030 DEBUG                  - depth 3, hash e497d61, HEAD~2530
2021-07-04 06:47:20,034 DEBUG                  - depth 4, hash 7f88773, HEAD~2674
2021-07-04 06:47:20,038 DEBUG                  - depth 5, hash d3101af, HEAD~2808
2021-07-04 06:47:20,043 DEBUG    [line range] org/apache/commons/math3/linear/AbstractRealMatrix.java subtract 94:108
2021-07-04 06:47:20,261 DEBUG                  - depth 0, hash ff01266, HEAD~12
2021-07-04 06:47:20,267 DEBUG                  - depth 1, hash 8742126, HEAD~1800
2021-07-04 06:47:20,271 DEBUG                  - depth 2, hash a16f538, HEAD~1849
2021-07-04 06:47:20,275 DEBUG                  - depth 3, hash 26dac5a, HEAD~2230
2021-07-04 06:47:20,279 DEBUG                  - depth 4, hash e497d61, HEAD~2530
2021-07-04 06:47:20,283 DEBUG                  - depth 5, hash 82aff33, HEAD~2800
2021-07-04 06:47:20,288 DEBUG                  - depth 6, hash c28099c, HEAD~2810
2021-07-04 06:47:20,292 DEBUG    [line range] org/apache/commons/math3/linear/AbstractRealMatrix.java transpose 597:612
2021-07-04 06:47:20,513 DEBUG                  - depth 0, hash 8742126, HEAD~1800
2021-07-04 06:47:20,519 DEBUG                  - depth 1, hash a16f538, HEAD~1849
2021-07-04 06:47:20,523 DEBUG                  - depth 2, hash 55ba297, HEAD~2490
2021-07-04 06:47:20,527 DEBUG                  - depth 3, hash 9c8d2c7, HEAD~2620
2021-07-04 06:47:20,531 DEBUG                  - depth 4, hash de9ff4e, HEAD~2755
2021-07-04 06:47:20,535 DEBUG                  - depth 5, hash e8c9aea, HEAD~2762
2021-07-04 06:47:20,540 DEBUG                  - depth 6, hash c28099c, HEAD~2810
2021-07-04 06:47:20,544 DEBUG    [line range] org/apache/commons/math3/linear/AbstractRealMatrix.java walkInOptimizedOrder 872:874
2021-07-04 06:47:20,760 DEBUG                  - depth 0, hash 2a29e2e, HEAD~1771
2021-07-04 06:47:20,766 DEBUG                  - depth 1, hash e8c9aea, HEAD~2762
2021-07-04 06:47:20,770 DEBUG    [line range] org/apache/commons/math3/linear/AbstractRealMatrix.java <init> 279:302
2021-07-04 06:47:20,987 DEBUG                  - depth 0, hash a16f538, HEAD~1849
2021-07-04 06:47:20,993 DEBUG                  - depth 1, hash 80b1e90, HEAD~1890
2021-07-04 06:47:20,997 DEBUG                  - depth 2, hash 55ba297, HEAD~2490
2021-07-04 06:47:21,001 DEBUG                  - depth 3, hash e8c9aea, HEAD~2762
2021-07-04 06:47:21,005 DEBUG                  - depth 4, hash 37bdc7e, HEAD~2809
2021-07-04 06:47:21,009 DEBUG    [line range] org/apache/commons/math3/linear/AbstractRealMatrix.java end 279:302
2021-07-04 06:47:21,227 DEBUG                  - depth 0, hash a16f538, HEAD~1849
2021-07-04 06:47:21,233 DEBUG                  - depth 1, hash 80b1e90, HEAD~1890
2021-07-04 06:47:21,237 DEBUG                  - depth 2, hash 55ba297, HEAD~2490
2021-07-04 06:47:21,241 DEBUG                  - depth 3, hash e8c9aea, HEAD~2762
2021-07-04 06:47:21,245 DEBUG                  - depth 4, hash 37bdc7e, HEAD~2809
2021-07-04 06:47:21,249 DEBUG    [line range] org/apache/commons/math3/linear/AbstractRealMatrix.java start 279:302
2021-07-04 06:47:21,470 DEBUG                  - depth 0, hash a16f538, HEAD~1849
2021-07-04 06:47:21,476 DEBUG                  - depth 1, hash 80b1e90, HEAD~1890
2021-07-04 06:47:21,480 DEBUG                  - depth 2, hash 55ba297, HEAD~2490
2021-07-04 06:47:21,484 DEBUG                  - depth 3, hash e8c9aea, HEAD~2762
2021-07-04 06:47:21,488 DEBUG                  - depth 4, hash 37bdc7e, HEAD~2809
2021-07-04 06:47:21,493 DEBUG    [line range] org/apache/commons/math3/linear/AbstractRealMatrix.java visit 279:302
2021-07-04 06:47:21,711 DEBUG                  - depth 0, hash a16f538, HEAD~1849
2021-07-04 06:47:21,717 DEBUG                  - depth 1, hash 80b1e90, HEAD~1890
2021-07-04 06:47:21,721 DEBUG                  - depth 2, hash 55ba297, HEAD~2490
2021-07-04 06:47:21,725 DEBUG                  - depth 3, hash e8c9aea, HEAD~2762
2021-07-04 06:47:21,729 DEBUG                  - depth 4, hash 37bdc7e, HEAD~2809
2021-07-04 06:47:21,733 DEBUG    [line range] org/apache/commons/math3/linear/AbstractRealMatrix.java <init> 597:612
2021-07-04 06:47:21,951 DEBUG                  - depth 0, hash 8742126, HEAD~1800
2021-07-04 06:47:21,957 DEBUG                  - depth 1, hash a16f538, HEAD~1849
2021-07-04 06:47:21,961 DEBUG                  - depth 2, hash 55ba297, HEAD~2490
2021-07-04 06:47:21,965 DEBUG                  - depth 3, hash 9c8d2c7, HEAD~2620
2021-07-04 06:47:21,969 DEBUG                  - depth 4, hash de9ff4e, HEAD~2755
2021-07-04 06:47:21,974 DEBUG                  - depth 5, hash e8c9aea, HEAD~2762
2021-07-04 06:47:21,978 DEBUG                  - depth 6, hash c28099c, HEAD~2810
2021-07-04 06:47:22,374 DEBUG    [line range] org/apache/commons/math3/linear/Array2DRowRealMatrix.java <init> 58:63
2021-07-04 06:47:22,595 DEBUG                  - depth 0, hash 8ae7ff2, HEAD~4
2021-07-04 06:47:22,600 DEBUG                  - depth 1, hash b9b5413, HEAD~1748
2021-07-04 06:47:22,604 DEBUG                  - depth 2, hash dbae4b0, HEAD~2429
2021-07-04 06:47:22,609 DEBUG                  - depth 3, hash 03bb3ee, HEAD~2569
2021-07-04 06:47:22,613 DEBUG                  - depth 4, hash 1c2c0d9, HEAD~2576
2021-07-04 06:47:22,617 DEBUG    [line range] org/apache/commons/math3/linear/Array2DRowRealMatrix.java <init> 78:81
2021-07-04 06:47:22,837 DEBUG                  - depth 0, hash e9c6d1d, HEAD~1356
2021-07-04 06:47:22,843 DEBUG                  - depth 1, hash b9b5413, HEAD~1748
2021-07-04 06:47:22,847 DEBUG                  - depth 2, hash dbae4b0, HEAD~2429
2021-07-04 06:47:22,851 DEBUG                  - depth 3, hash d967c53, HEAD~2560
2021-07-04 06:47:22,855 DEBUG                  - depth 4, hash 1c2c0d9, HEAD~2576
2021-07-04 06:47:22,859 DEBUG    [line range] org/apache/commons/math3/linear/Array2DRowRealMatrix.java <init> 99:123
2021-07-04 06:47:23,089 DEBUG                  - depth 0, hash 8ae7ff2, HEAD~4
2021-07-04 06:47:23,094 DEBUG                  - depth 1, hash b9b5413, HEAD~1748
2021-07-04 06:47:23,099 DEBUG                  - depth 2, hash 8742126, HEAD~1800
2021-07-04 06:47:23,103 DEBUG                  - depth 3, hash 1eaea0b, HEAD~1955
2021-07-04 06:47:23,107 DEBUG                  - depth 4, hash bd345d9, HEAD~2172
2021-07-04 06:47:23,111 DEBUG                  - depth 5, hash 26dac5a, HEAD~2230
2021-07-04 06:47:23,115 DEBUG                  - depth 6, hash dbae4b0, HEAD~2429
2021-07-04 06:47:23,119 DEBUG                  - depth 7, hash d967c53, HEAD~2560
2021-07-04 06:47:23,123 DEBUG                  - depth 8, hash 1c2c0d9, HEAD~2576
2021-07-04 06:47:23,128 DEBUG    [line range] org/apache/commons/math3/linear/Array2DRowRealMatrix.java copyIn 541:544
2021-07-04 06:47:23,358 DEBUG                  - depth 0, hash e9c6d1d, HEAD~1356
2021-07-04 06:47:23,364 DEBUG                  - depth 1, hash dbae4b0, HEAD~2429
2021-07-04 06:47:23,368 DEBUG                  - depth 2, hash 1c2c0d9, HEAD~2576
2021-07-04 06:47:23,372 DEBUG    [line range] org/apache/commons/math3/linear/Array2DRowRealMatrix.java copyOut 523:531
2021-07-04 06:47:23,594 DEBUG                  - depth 0, hash dbae4b0, HEAD~2429
2021-07-04 06:47:23,599 DEBUG                  - depth 1, hash 03bb3ee, HEAD~2569
2021-07-04 06:47:23,604 DEBUG                  - depth 2, hash 1c2c0d9, HEAD~2576
2021-07-04 06:47:23,608 DEBUG    [line range] org/apache/commons/math3/linear/Array2DRowRealMatrix.java createMatrix 141:145
2021-07-04 06:47:23,830 DEBUG                  - depth 0, hash 8ae7ff2, HEAD~4
2021-07-04 06:47:23,836 DEBUG                  - depth 1, hash 8742126, HEAD~1800
2021-07-04 06:47:23,840 DEBUG                  - depth 2, hash dbae4b0, HEAD~2429
2021-07-04 06:47:23,844 DEBUG                  - depth 3, hash 1c2c0d9, HEAD~2576
2021-07-04 06:47:23,848 DEBUG    [line range] org/apache/commons/math3/linear/Array2DRowRealMatrix.java getColumnDimension 339:342
2021-07-04 06:47:24,079 DEBUG                  - depth 0, hash 1c2c0d9, HEAD~2576
2021-07-04 06:47:24,084 DEBUG    [line range] org/apache/commons/math3/linear/Array2DRowRealMatrix.java getData 250:253
2021-07-04 06:47:24,305 DEBUG                  - depth 0, hash dbae4b0, HEAD~2429
2021-07-04 06:47:24,311 DEBUG                  - depth 1, hash 1c2c0d9, HEAD~2576
2021-07-04 06:47:24,315 DEBUG    [line range] org/apache/commons/math3/linear/Array2DRowRealMatrix.java getEntry 301:305
2021-07-04 06:47:24,543 DEBUG                  - depth 0, hash 8ae7ff2, HEAD~4
2021-07-04 06:47:24,548 DEBUG                  - depth 1, hash 8742126, HEAD~1800
2021-07-04 06:47:24,553 DEBUG                  - depth 2, hash 1eaea0b, HEAD~1955
2021-07-04 06:47:24,557 DEBUG                  - depth 3, hash bd345d9, HEAD~2172
2021-07-04 06:47:24,561 DEBUG                  - depth 4, hash dbae4b0, HEAD~2429
2021-07-04 06:47:24,565 DEBUG                  - depth 5, hash 1c2c0d9, HEAD~2576
2021-07-04 06:47:24,569 DEBUG    [line range] org/apache/commons/math3/linear/Array2DRowRealMatrix.java getRowDimension 333:336
2021-07-04 06:47:24,792 DEBUG                  - depth 0, hash e045f83, HEAD~517
2021-07-04 06:47:24,797 DEBUG                  - depth 1, hash 8742126, HEAD~1800
2021-07-04 06:47:24,801 DEBUG                  - depth 2, hash 1c2c0d9, HEAD~2576
2021-07-04 06:47:24,806 DEBUG    [line range] org/apache/commons/math3/linear/Array2DRowRealMatrix.java setEntry 308:312
2021-07-04 06:47:25,028 DEBUG                  - depth 0, hash 8ae7ff2, HEAD~4
2021-07-04 06:47:25,034 DEBUG                  - depth 1, hash 8742126, HEAD~1800
2021-07-04 06:47:25,038 DEBUG                  - depth 2, hash 1eaea0b, HEAD~1955
2021-07-04 06:47:25,042 DEBUG                  - depth 3, hash bd345d9, HEAD~2172
2021-07-04 06:47:25,046 DEBUG                  - depth 4, hash dbae4b0, HEAD~2429
2021-07-04 06:47:25,050 DEBUG                  - depth 5, hash 1c2c0d9, HEAD~2576
2021-07-04 06:47:25,055 DEBUG    [line range] org/apache/commons/math3/linear/Array2DRowRealMatrix.java setSubMatrix 265:298
2021-07-04 06:47:25,277 DEBUG                  - depth 0, hash 8ae7ff2, HEAD~4
2021-07-04 06:47:25,282 DEBUG                  - depth 1, hash e9c6d1d, HEAD~1356
2021-07-04 06:47:25,287 DEBUG                  - depth 2, hash b9b5413, HEAD~1748
2021-07-04 06:47:25,291 DEBUG                  - depth 3, hash 8742126, HEAD~1800
2021-07-04 06:47:25,295 DEBUG                  - depth 4, hash 1eaea0b, HEAD~1955
2021-07-04 06:47:25,299 DEBUG                  - depth 5, hash bd345d9, HEAD~2172
2021-07-04 06:47:25,304 DEBUG                  - depth 6, hash 26dac5a, HEAD~2230
2021-07-04 06:47:25,308 DEBUG                  - depth 7, hash dbae4b0, HEAD~2429
2021-07-04 06:47:25,312 DEBUG                  - depth 8, hash 03bb3ee, HEAD~2569
2021-07-04 06:47:25,316 DEBUG                  - depth 9, hash 1c2c0d9, HEAD~2576
2021-07-04 06:47:25,321 DEBUG    [line range] org/apache/commons/math3/linear/Array2DRowRealMatrix.java walkInRowOrder 404:416
2021-07-04 06:47:25,548 DEBUG                  - depth 0, hash 2a29e2e, HEAD~1771
2021-07-04 06:47:25,553 DEBUG                  - depth 1, hash dbae4b0, HEAD~2429
2021-07-04 06:47:25,557 DEBUG                  - depth 2, hash 1c2c0d9, HEAD~2576
2021-07-04 06:47:25,989 DEBUG    [line range] org/apache/commons/math3/linear/ArrayRealVector.java <clinit> 43:43
2021-07-04 06:47:26,221 DEBUG                  - depth 0, hash de2670a, HEAD~1684
2021-07-04 06:47:26,226 DEBUG                  - depth 1, hash a311dce, HEAD~2903
2021-07-04 06:47:26,230 DEBUG    [line range] org/apache/commons/math3/linear/ArrayRealVector.java <init> 85:87
2021-07-04 06:47:26,471 DEBUG                  - depth 0, hash dbae4b0, HEAD~2429
2021-07-04 06:47:26,476 DEBUG                  - depth 1, hash a311dce, HEAD~2903
2021-07-04 06:47:26,480 DEBUG    [line range] org/apache/commons/math3/linear/ArrayRealVector.java getDimension 608:611
2021-07-04 06:47:26,712 DEBUG                  - depth 0, hash 2143ffd, HEAD~862
2021-07-04 06:47:26,717 DEBUG                  - depth 1, hash a311dce, HEAD~2903
2021-07-04 06:47:26,721 DEBUG    [line range] org/apache/commons/math3/linear/ArrayRealVector.java getEntry 597:605
2021-07-04 06:47:26,951 DEBUG                  - depth 0, hash 6b589ca, HEAD~87
2021-07-04 06:47:26,957 DEBUG                  - depth 1, hash 6a75999, HEAD~360
2021-07-04 06:47:26,961 DEBUG                  - depth 2, hash 2143ffd, HEAD~862
2021-07-04 06:47:26,965 DEBUG                  - depth 3, hash 8742126, HEAD~1800
2021-07-04 06:47:26,969 DEBUG                  - depth 4, hash a311dce, HEAD~2903
2021-07-04 06:47:27,247 DEBUG    [single line]   org/apache/commons/math3/linear/DefaultRealMatrixPreservingVisitor.java <init> 30
2021-07-04 06:47:27,442 DEBUG                  - depth 0, hash b69a575, HEAD~2756
2021-07-04 06:47:27,448 DEBUG    [line range] org/apache/commons/math3/linear/DefaultRealMatrixPreservingVisitor.java end 40:42
2021-07-04 06:47:27,644 DEBUG                  - depth 0, hash b69a575, HEAD~2756
2021-07-04 06:47:27,649 DEBUG    [line range] org/apache/commons/math3/linear/DefaultRealMatrixPreservingVisitor.java start 32:34
2021-07-04 06:47:27,843 DEBUG                  - depth 0, hash b69a575, HEAD~2756
2021-07-04 06:47:28,293 DEBUG    [line range] org/apache/commons/math3/linear/EigenDecomposition.java <init> 114:123
2021-07-04 06:47:28,522 DEBUG                  - depth 0, hash 79d55e7, HEAD~89
2021-07-04 06:47:28,527 DEBUG                  - depth 1, hash f1a0493, HEAD~267
2021-07-04 06:47:28,532 DEBUG                  - depth 2, hash 1347c82, HEAD~408
2021-07-04 06:47:28,536 DEBUG                  - depth 3, hash 9639c6a, HEAD~1016
2021-07-04 06:47:28,540 DEBUG                  - depth 4, hash 6722abd, HEAD~2487
2021-07-04 06:47:28,544 DEBUG                  - depth 5, hash 94417fe, HEAD~2818
2021-07-04 06:47:28,548 DEBUG                  - depth 6, hash 372619e, HEAD~2867
2021-07-04 06:47:28,553 DEBUG    [line range] org/apache/commons/math3/linear/EigenDecomposition.java <init> 81:81
2021-07-04 06:47:28,780 DEBUG                  - depth 0, hash 9639c6a, HEAD~1016
2021-07-04 06:47:28,786 DEBUG                  - depth 1, hash 6722abd, HEAD~2487
2021-07-04 06:47:28,790 DEBUG                  - depth 2, hash 94417fe, HEAD~2818
2021-07-04 06:47:28,794 DEBUG                  - depth 3, hash 372619e, HEAD~2867
2021-07-04 06:47:28,798 DEBUG    [line range] org/apache/commons/math3/linear/EigenDecomposition.java findEigenVectors 566:715
2021-07-04 06:47:29,021 DEBUG                  - depth 0, hash 1347c82, HEAD~408
2021-07-04 06:47:29,026 DEBUG                  - depth 1, hash bbde275, HEAD~878
2021-07-04 06:47:29,031 DEBUG                  - depth 2, hash d94a128, HEAD~879
2021-07-04 06:47:29,035 DEBUG                  - depth 3, hash 9639c6a, HEAD~1016
2021-07-04 06:47:29,039 DEBUG                  - depth 4, hash 19ceb44, HEAD~2784
2021-07-04 06:47:29,044 DEBUG    [line range] org/apache/commons/math3/linear/EigenDecomposition.java getD 245:260
2021-07-04 06:47:29,273 DEBUG                  - depth 0, hash c09d588, HEAD~148
2021-07-04 06:47:29,278 DEBUG                  - depth 1, hash c2892d8, HEAD~258
2021-07-04 06:47:29,283 DEBUG                  - depth 2, hash 1347c82, HEAD~408
2021-07-04 06:47:29,287 DEBUG                  - depth 3, hash 9639c6a, HEAD~1016
2021-07-04 06:47:29,291 DEBUG                  - depth 4, hash 94417fe, HEAD~2818
2021-07-04 06:47:29,295 DEBUG                  - depth 5, hash 372619e, HEAD~2867
2021-07-04 06:47:29,299 DEBUG    [line range] org/apache/commons/math3/linear/EigenDecomposition.java getV 221:232
2021-07-04 06:47:29,530 DEBUG                  - depth 0, hash c2892d8, HEAD~258
2021-07-04 06:47:29,536 DEBUG                  - depth 1, hash 9639c6a, HEAD~1016
2021-07-04 06:47:29,540 DEBUG                  - depth 2, hash 94417fe, HEAD~2818
2021-07-04 06:47:29,544 DEBUG                  - depth 3, hash 372619e, HEAD~2867
2021-07-04 06:47:29,548 DEBUG    [line range] org/apache/commons/math3/linear/EigenDecomposition.java isSymmetric 190:209
2021-07-04 06:47:29,783 DEBUG                  - depth 0, hash d94a128, HEAD~879
2021-07-04 06:47:29,789 DEBUG                  - depth 1, hash 9639c6a, HEAD~1016
2021-07-04 06:47:29,793 DEBUG                  - depth 2, hash 6722abd, HEAD~2487
2021-07-04 06:47:29,797 DEBUG                  - depth 3, hash 94417fe, HEAD~2818
2021-07-04 06:47:29,802 DEBUG                  - depth 4, hash 372619e, HEAD~2867
2021-07-04 06:47:29,806 DEBUG    [line range] org/apache/commons/math3/linear/EigenDecomposition.java transformToTridiagonal 553:558
2021-07-04 06:47:30,029 DEBUG                  - depth 0, hash 9639c6a, HEAD~1016
2021-07-04 06:47:30,034 DEBUG                  - depth 1, hash 19ceb44, HEAD~2784
2021-07-04 06:47:30,464 DEBUG    [line range] org/apache/commons/math3/linear/MatrixUtils.java <clinit> 52:52
2021-07-04 06:47:30,670 DEBUG                  - depth 0, hash 117245d, HEAD~218
2021-07-04 06:47:30,675 DEBUG    [line range] org/apache/commons/math3/linear/MatrixUtils.java checkAdditionCompatible 504:511
2021-07-04 06:47:30,885 DEBUG                  - depth 0, hash 79d55e7, HEAD~89
2021-07-04 06:47:30,891 DEBUG                  - depth 1, hash b9b5413, HEAD~1748
2021-07-04 06:47:30,895 DEBUG                  - depth 2, hash 1eaea0b, HEAD~1955
2021-07-04 06:47:30,899 DEBUG                  - depth 3, hash e497d61, HEAD~2530
2021-07-04 06:47:30,903 DEBUG    [line range] org/apache/commons/math3/linear/MatrixUtils.java checkColumnIndex 416:422
2021-07-04 06:47:31,114 DEBUG                  - depth 0, hash 79d55e7, HEAD~89
2021-07-04 06:47:31,119 DEBUG                  - depth 1, hash 8742126, HEAD~1800
2021-07-04 06:47:31,124 DEBUG                  - depth 2, hash e44b043, HEAD~1920
2021-07-04 06:47:31,128 DEBUG                  - depth 3, hash e497d61, HEAD~2530
2021-07-04 06:47:31,132 DEBUG    [line range] org/apache/commons/math3/linear/MatrixUtils.java checkMatrixIndex 386:391
2021-07-04 06:47:31,349 DEBUG                  - depth 0, hash 79d55e7, HEAD~89
2021-07-04 06:47:31,354 DEBUG                  - depth 1, hash 8742126, HEAD~1800
2021-07-04 06:47:31,359 DEBUG                  - depth 2, hash 26dac5a, HEAD~2230
2021-07-04 06:47:31,363 DEBUG                  - depth 3, hash 1171b87, HEAD~2568
2021-07-04 06:47:31,367 DEBUG                  - depth 4, hash 7b37de8, HEAD~2968
2021-07-04 06:47:31,371 DEBUG                  - depth 5, hash 2bb96a8, HEAD~3557
2021-07-04 06:47:31,376 DEBUG    [line range] org/apache/commons/math3/linear/MatrixUtils.java checkMultiplicationCompatible 538:545
2021-07-04 06:47:31,586 DEBUG                  - depth 0, hash 79d55e7, HEAD~89
2021-07-04 06:47:31,592 DEBUG                  - depth 1, hash b9b5413, HEAD~1748
2021-07-04 06:47:31,596 DEBUG                  - depth 2, hash 1eaea0b, HEAD~1955
2021-07-04 06:47:31,600 DEBUG                  - depth 3, hash e497d61, HEAD~2530
2021-07-04 06:47:31,604 DEBUG    [line range] org/apache/commons/math3/linear/MatrixUtils.java checkRowIndex 400:407
2021-07-04 06:47:31,814 DEBUG                  - depth 0, hash 79d55e7, HEAD~89
2021-07-04 06:47:31,819 DEBUG                  - depth 1, hash 8742126, HEAD~1800
2021-07-04 06:47:31,824 DEBUG                  - depth 2, hash e44b043, HEAD~1920
2021-07-04 06:47:31,828 DEBUG                  - depth 3, hash e497d61, HEAD~2530
2021-07-04 06:47:31,832 DEBUG    [line range] org/apache/commons/math3/linear/MatrixUtils.java checkSubtractionCompatible 521:528
2021-07-04 06:47:32,051 DEBUG                  - depth 0, hash 79d55e7, HEAD~89
2021-07-04 06:47:32,056 DEBUG                  - depth 1, hash b9b5413, HEAD~1748
2021-07-04 06:47:32,061 DEBUG                  - depth 2, hash 1eaea0b, HEAD~1955
2021-07-04 06:47:32,065 DEBUG                  - depth 3, hash e497d61, HEAD~2530
2021-07-04 06:47:32,069 DEBUG    [line range] org/apache/commons/math3/linear/MatrixUtils.java createColumnRealMatrix 337:348
2021-07-04 06:47:32,295 DEBUG                  - depth 0, hash 79d55e7, HEAD~89
2021-07-04 06:47:32,300 DEBUG                  - depth 1, hash 8742126, HEAD~1800
2021-07-04 06:47:32,305 DEBUG                  - depth 2, hash 415479d, HEAD~2797
2021-07-04 06:47:32,309 DEBUG                  - depth 3, hash 7b37de8, HEAD~2968
2021-07-04 06:47:32,313 DEBUG                  - depth 4, hash b5f980e, HEAD~3571
2021-07-04 06:47:32,318 DEBUG    [line range] org/apache/commons/math3/linear/MatrixUtils.java createRealDiagonalMatrix 215:221
2021-07-04 06:47:32,536 DEBUG                  - depth 0, hash 415479d, HEAD~2797
2021-07-04 06:47:32,541 DEBUG                  - depth 1, hash 7b37de8, HEAD~2968
2021-07-04 06:47:32,546 DEBUG                  - depth 2, hash 674d4c5, HEAD~3497
2021-07-04 06:47:32,550 DEBUG    [line range] org/apache/commons/math3/linear/MatrixUtils.java createRealMatrix 80:83
2021-07-04 06:47:32,769 DEBUG                  - depth 0, hash dbae4b0, HEAD~2429
2021-07-04 06:47:32,775 DEBUG                  - depth 1, hash 3325ab5, HEAD~2430
2021-07-04 06:47:32,779 DEBUG                  - depth 2, hash 415479d, HEAD~2797
2021-07-04 06:47:32,784 DEBUG                  - depth 3, hash b5f980e, HEAD~3571
2021-07-04 06:47:32,788 DEBUG    [line range] org/apache/commons/math3/linear/MatrixUtils.java createRealMatrix 127:136
2021-07-04 06:47:33,013 DEBUG                  - depth 0, hash 79d55e7, HEAD~89
2021-07-04 06:47:33,018 DEBUG                  - depth 1, hash 8742126, HEAD~1800
2021-07-04 06:47:33,022 DEBUG                  - depth 2, hash dbae4b0, HEAD~2429
2021-07-04 06:47:33,027 DEBUG                  - depth 3, hash 3325ab5, HEAD~2430
2021-07-04 06:47:33,031 DEBUG                  - depth 4, hash 415479d, HEAD~2797
2021-07-04 06:47:33,035 DEBUG                  - depth 5, hash 7b37de8, HEAD~2968
2021-07-04 06:47:33,040 DEBUG                  - depth 6, hash b5f980e, HEAD~3571
2021-07-04 06:47:33,320 DEBUG    [single line]   org/apache/commons/math3/linear/RealLinearOperator.java <init> 53
2021-07-04 06:47:33,529 DEBUG                  - depth 0, hash 3a0754d, HEAD~1272
2021-07-04 06:47:33,891 DEBUG    [line range] org/apache/commons/math3/linear/RealMatrixFormat.java <init> 112:117
2021-07-04 06:47:34,060 DEBUG                  - depth 0, hash 117245d, HEAD~218
2021-07-04 06:47:34,066 DEBUG                  - depth 1, hash 0b0f111, HEAD~225
2021-07-04 06:47:34,070 DEBUG    [line range] org/apache/commons/math3/linear/RealMatrixFormat.java <init> 130:143
2021-07-04 06:47:34,239 DEBUG                  - depth 0, hash 117245d, HEAD~218
2021-07-04 06:47:34,245 DEBUG                  - depth 1, hash 0b0f111, HEAD~225
2021-07-04 06:47:34,250 DEBUG    [line range] org/apache/commons/math3/linear/RealMatrixFormat.java <init> 98:101
2021-07-04 06:47:34,426 DEBUG                  - depth 0, hash 117245d, HEAD~218
2021-07-04 06:47:34,431 DEBUG                  - depth 1, hash 0b0f111, HEAD~225
2021-07-04 06:47:34,436 DEBUG    [line range] org/apache/commons/math3/linear/RealMatrixFormat.java getFormat 206:208
2021-07-04 06:47:34,612 DEBUG                  - depth 0, hash 0b0f111, HEAD~225
2021-07-04 06:47:34,617 DEBUG    [line range] org/apache/commons/math3/linear/RealMatrixFormat.java getInstance 214:216
2021-07-04 06:47:34,794 DEBUG                  - depth 0, hash 0b0f111, HEAD~225
2021-07-04 06:47:34,799 DEBUG    [line range] org/apache/commons/math3/linear/RealMatrixFormat.java getInstance 223:225
2021-07-04 06:47:34,976 DEBUG                  - depth 0, hash 0b0f111, HEAD~225
2021-07-04 06:47:35,475 DEBUG    [single line]   org/apache/commons/math3/linear/RealVector.java <init> 60
2021-07-04 06:47:35,696 DEBUG                  - depth 0, hash ed400a8, HEAD~1140
2021-07-04 06:47:35,702 DEBUG                  - depth 1, hash 0327231, HEAD~2499
2021-07-04 06:47:35,706 DEBUG                  - depth 2, hash 2f4dff0, HEAD~2641
2021-07-04 06:47:35,710 DEBUG                  - depth 3, hash a311dce, HEAD~2903
2021-07-04 06:47:35,715 DEBUG    [single line]   org/apache/commons/math3/linear/RealVector.java <init> 1141
2021-07-04 06:47:35,924 DEBUG                  - depth 0, hash ed400a8, HEAD~1140
2021-07-04 06:47:35,930 DEBUG                  - depth 1, hash 5d0946e, HEAD~1224
2021-07-04 06:47:36,274 DEBUG    [line range] org/apache/commons/math3/linear/RealVectorFormat.java <init> 105:114
2021-07-04 06:47:36,503 DEBUG                  - depth 0, hash a311dce, HEAD~2903
2021-07-04 06:47:36,508 DEBUG    [line range] org/apache/commons/math3/linear/RealVectorFormat.java <init> 81:83
2021-07-04 06:47:36,737 DEBUG                  - depth 0, hash a311dce, HEAD~2903
2021-07-04 06:47:36,743 DEBUG    [line range] org/apache/commons/math3/linear/RealVectorFormat.java getInstance 161:163
2021-07-04 06:47:36,971 DEBUG                  - depth 0, hash a311dce, HEAD~2903
2021-07-04 06:47:36,976 DEBUG    [line range] org/apache/commons/math3/linear/RealVectorFormat.java getInstance 170:172
2021-07-04 06:47:37,214 DEBUG                  - depth 0, hash de2670a, HEAD~1684
2021-07-04 06:47:37,220 DEBUG                  - depth 1, hash a311dce, HEAD~2903
2021-07-04 06:47:37,564 DEBUG    [line range] org/apache/commons/math3/linear/TriDiagonalTransformer.java <init> 62:78
2021-07-04 06:47:37,797 DEBUG                  - depth 0, hash 7ff75d7, HEAD~1485
2021-07-04 06:47:37,802 DEBUG                  - depth 1, hash d7d514b, HEAD~1785
2021-07-04 06:47:37,807 DEBUG                  - depth 2, hash 2974de5, HEAD~2850
2021-07-04 06:47:37,811 DEBUG                  - depth 3, hash a3022f3, HEAD~2865
2021-07-04 06:47:37,815 DEBUG                  - depth 4, hash 28d3fbd, HEAD~2870
2021-07-04 06:47:37,819 DEBUG    [line range] org/apache/commons/math3/linear/TriDiagonalTransformer.java getMainDiagonalRef 174:176
2021-07-04 06:47:38,052 DEBUG                  - depth 0, hash 28d3fbd, HEAD~2870
2021-07-04 06:47:38,058 DEBUG    [line range] org/apache/commons/math3/linear/TriDiagonalTransformer.java getQ 85:90
2021-07-04 06:47:38,290 DEBUG                  - depth 0, hash 28d3fbd, HEAD~2870
2021-07-04 06:47:38,296 DEBUG    [line range] org/apache/commons/math3/linear/TriDiagonalTransformer.java getQT 97:132
2021-07-04 06:47:38,529 DEBUG                  - depth 0, hash dc78278, HEAD~666
2021-07-04 06:47:38,535 DEBUG                  - depth 1, hash 9eb32b0, HEAD~903
2021-07-04 06:47:38,539 DEBUG                  - depth 2, hash d7d514b, HEAD~1785
2021-07-04 06:47:38,543 DEBUG                  - depth 3, hash 207b1dc, HEAD~2785
2021-07-04 06:47:38,548 DEBUG                  - depth 4, hash ac71549, HEAD~2791
2021-07-04 06:47:38,552 DEBUG                  - depth 5, hash 6d732db, HEAD~2796
2021-07-04 06:47:38,556 DEBUG                  - depth 6, hash 2ab6902, HEAD~2861
2021-07-04 06:47:38,561 DEBUG                  - depth 7, hash 920b7bf, HEAD~2862
2021-07-04 06:47:38,565 DEBUG                  - depth 8, hash e1d6858, HEAD~2863
2021-07-04 06:47:38,569 DEBUG                  - depth 9, hash 28d3fbd, HEAD~2870
2021-07-04 06:47:38,573 DEBUG    [line range] org/apache/commons/math3/linear/TriDiagonalTransformer.java getSecondaryDiagonalRef 184:186
2021-07-04 06:47:38,807 DEBUG                  - depth 0, hash 28d3fbd, HEAD~2870
2021-07-04 06:47:38,813 DEBUG    [line range] org/apache/commons/math3/linear/TriDiagonalTransformer.java transform 192:253
2021-07-04 06:47:39,045 DEBUG                  - depth 0, hash d7d514b, HEAD~1785
2021-07-04 06:47:39,051 DEBUG                  - depth 1, hash 80b1e90, HEAD~1890
2021-07-04 06:47:39,056 DEBUG                  - depth 2, hash 28d3fbd, HEAD~2870
2021-07-04 06:47:39,351 DEBUG    [line range] org/apache/commons/math3/optimization/AbstractConvergenceChecker.java <clinit> 37:38
2021-07-04 06:47:39,553 DEBUG                  - depth 0, hash f8b6d31, HEAD~178
2021-07-04 06:47:39,559 DEBUG                  - depth 1, hash d94a128, HEAD~879
2021-07-04 06:47:39,563 DEBUG                  - depth 2, hash 9102bea, HEAD~1887
2021-07-04 06:47:39,568 DEBUG    [line range] org/apache/commons/math3/optimization/AbstractConvergenceChecker.java <init> 63:67
2021-07-04 06:47:39,778 DEBUG                  - depth 0, hash 94239f2, HEAD~349
2021-07-04 06:47:39,784 DEBUG                  - depth 1, hash 9102bea, HEAD~1887
2021-07-04 06:47:39,788 DEBUG    [line range] org/apache/commons/math3/optimization/AbstractConvergenceChecker.java getAbsoluteThreshold 91:93
2021-07-04 06:47:39,993 DEBUG                  - depth 0, hash 9102bea, HEAD~1887
2021-07-04 06:47:39,998 DEBUG    [line range] org/apache/commons/math3/optimization/AbstractConvergenceChecker.java getRelativeThreshold 84:86
2021-07-04 06:47:40,201 DEBUG                  - depth 0, hash 9102bea, HEAD~1887
2021-07-04 06:47:40,517 DEBUG    [single line]   org/apache/commons/math3/optimization/GoalType.java <clinit> 28
2021-07-04 06:47:40,737 DEBUG                  - depth 0, hash fbe5656, HEAD~2668
2021-07-04 06:47:40,743 DEBUG                  - depth 1, hash 89ac173, HEAD~3368
2021-07-04 06:47:40,747 DEBUG    [single line]   org/apache/commons/math3/optimization/GoalType.java <clinit> 31
2021-07-04 06:47:40,937 DEBUG                  - depth 0, hash fbe5656, HEAD~2668
2021-07-04 06:47:40,943 DEBUG    [single line]   org/apache/commons/math3/optimization/GoalType.java <clinit> 34
2021-07-04 06:47:41,140 DEBUG                  - depth 0, hash fbe5656, HEAD~2668
2021-07-04 06:47:41,146 DEBUG                  - depth 1, hash a7755a3, HEAD~3049
2021-07-04 06:47:41,151 DEBUG                  - depth 2, hash 89ac173, HEAD~3368
2021-07-04 06:47:41,458 DEBUG    [line range] org/apache/commons/math3/optimization/PointValuePair.java <init> 45:48
2021-07-04 06:47:41,658 DEBUG                  - depth 0, hash 5a8be77, HEAD~605
2021-07-04 06:47:41,664 DEBUG    [line range] org/apache/commons/math3/optimization/PointValuePair.java <init> 58:65
2021-07-04 06:47:41,864 DEBUG                  - depth 0, hash 5a8be77, HEAD~605
2021-07-04 06:47:41,870 DEBUG    [line range] org/apache/commons/math3/optimization/PointValuePair.java getPoint 72:75
2021-07-04 06:47:42,070 DEBUG                  - depth 0, hash e038f28, HEAD~599
2021-07-04 06:47:42,076 DEBUG                  - depth 1, hash 5a8be77, HEAD~605
2021-07-04 06:47:42,359 DEBUG    [line range] org/apache/commons/math3/optimization/SimpleValueChecker.java <init> 40:41
2021-07-04 06:47:42,564 DEBUG                  - depth 0, hash 94239f2, HEAD~349
2021-07-04 06:47:42,570 DEBUG                  - depth 1, hash ad57102, HEAD~597
2021-07-04 06:47:42,574 DEBUG                  - depth 2, hash 9102bea, HEAD~1887
2021-07-04 06:47:42,579 DEBUG                  - depth 3, hash 794f8fb, HEAD~2656
2021-07-04 06:47:42,583 DEBUG                  - depth 4, hash 9768643, HEAD~2665
2021-07-04 06:47:42,587 DEBUG                  - depth 5, hash 1a47f53, HEAD~2666
2021-07-04 06:47:42,591 DEBUG    [single line]   org/apache/commons/math3/optimization/SimpleValueChecker.java converged 34
2021-07-04 06:47:42,798 DEBUG                  - depth 0, hash ad57102, HEAD~597
2021-07-04 06:47:42,803 DEBUG                  - depth 1, hash 9102bea, HEAD~1887
2021-07-04 06:47:42,808 DEBUG                  - depth 2, hash cffc80a, HEAD~2330
2021-07-04 06:47:42,812 DEBUG                  - depth 3, hash 8065360, HEAD~2502
2021-07-04 06:47:42,816 DEBUG                  - depth 4, hash faecb29, HEAD~2651
2021-07-04 06:47:42,821 DEBUG                  - depth 5, hash 794f8fb, HEAD~2656
2021-07-04 06:47:42,825 DEBUG                  - depth 6, hash 9768643, HEAD~2665
2021-07-04 06:47:42,829 DEBUG                  - depth 7, hash 1a47f53, HEAD~2666
2021-07-04 06:47:42,834 DEBUG    [line range] org/apache/commons/math3/optimization/SimpleValueChecker.java converged 73:83
2021-07-04 06:47:43,038 DEBUG                  - depth 0, hash 5a8be77, HEAD~605
2021-07-04 06:47:43,044 DEBUG                  - depth 1, hash 16727eb, HEAD~1833
2021-07-04 06:47:43,048 DEBUG                  - depth 2, hash d4a0b9e, HEAD~1869
2021-07-04 06:47:43,052 DEBUG                  - depth 3, hash 43ed500, HEAD~1872
2021-07-04 06:47:43,056 DEBUG                  - depth 4, hash 9102bea, HEAD~1887
2021-07-04 06:47:43,061 DEBUG                  - depth 5, hash 80b1e90, HEAD~1890
2021-07-04 06:47:43,065 DEBUG                  - depth 6, hash faecb29, HEAD~2651
2021-07-04 06:47:43,069 DEBUG                  - depth 7, hash 9768643, HEAD~2665
2021-07-04 06:47:43,073 DEBUG                  - depth 8, hash 1a47f53, HEAD~2666
2021-07-04 06:47:43,381 DEBUG    [line range] org/apache/commons/math3/optimization/direct/BaseAbstractMultivariateOptimizer.java <init> 44:44
2021-07-04 06:47:43,593 DEBUG                  - depth 0, hash 9102bea, HEAD~1887
2021-07-04 06:47:43,599 DEBUG                  - depth 1, hash 28f28f1, HEAD~1937
2021-07-04 06:47:43,603 DEBUG    [line range] org/apache/commons/math3/optimization/direct/BaseAbstractMultivariateOptimizer.java computeObjectiveValue 93:100
2021-07-04 06:47:43,816 DEBUG                  - depth 0, hash 9be0992, HEAD~1716
2021-07-04 06:47:43,822 DEBUG                  - depth 1, hash 8302dd0, HEAD~1754
2021-07-04 06:47:43,826 DEBUG                  - depth 2, hash 7285331, HEAD~1762
2021-07-04 06:47:43,831 DEBUG                  - depth 3, hash 9102bea, HEAD~1887
2021-07-04 06:47:43,835 DEBUG                  - depth 4, hash 28f28f1, HEAD~1937
2021-07-04 06:47:43,839 DEBUG    [line range] org/apache/commons/math3/optimization/direct/BaseAbstractMultivariateOptimizer.java getConvergenceChecker 81:83
2021-07-04 06:47:44,051 DEBUG                  - depth 0, hash 5a8be77, HEAD~605
2021-07-04 06:47:44,057 DEBUG                  - depth 1, hash 9102bea, HEAD~1887
2021-07-04 06:47:44,062 DEBUG                  - depth 2, hash 28f28f1, HEAD~1937
2021-07-04 06:47:44,066 DEBUG    [line range] org/apache/commons/math3/optimization/direct/BaseAbstractMultivariateOptimizer.java getGoalType 154:156
2021-07-04 06:47:44,278 DEBUG                  - depth 0, hash 28f28f1, HEAD~1937
2021-07-04 06:47:44,284 DEBUG    [line range] org/apache/commons/math3/optimization/direct/BaseAbstractMultivariateOptimizer.java getMaxEvaluations 71:73
2021-07-04 06:47:44,495 DEBUG                  - depth 0, hash 9102bea, HEAD~1887
2021-07-04 06:47:44,501 DEBUG                  - depth 1, hash 28f28f1, HEAD~1937
2021-07-04 06:47:44,505 DEBUG    [line range] org/apache/commons/math3/optimization/direct/BaseAbstractMultivariateOptimizer.java getStartPoint 161:163
2021-07-04 06:47:44,719 DEBUG                  - depth 0, hash 28f28f1, HEAD~1937
2021-07-04 06:47:44,724 DEBUG    [line range] org/apache/commons/math3/optimization/direct/BaseAbstractMultivariateOptimizer.java optimize 103:106
2021-07-04 06:47:44,935 DEBUG                  - depth 0, hash 3f753c8, HEAD~34
2021-07-04 06:47:44,941 DEBUG                  - depth 1, hash 5a8be77, HEAD~605
2021-07-04 06:47:44,945 DEBUG                  - depth 2, hash 9be0992, HEAD~1716
2021-07-04 06:47:44,950 DEBUG                  - depth 3, hash 8302dd0, HEAD~1754
2021-07-04 06:47:44,954 DEBUG                  - depth 4, hash 7285331, HEAD~1762
2021-07-04 06:47:44,958 DEBUG                  - depth 5, hash 6a07726, HEAD~1852
2021-07-04 06:47:44,962 DEBUG                  - depth 6, hash 9102bea, HEAD~1887
2021-07-04 06:47:44,967 DEBUG                  - depth 7, hash 28f28f1, HEAD~1937
2021-07-04 06:47:44,971 DEBUG    [line range] org/apache/commons/math3/optimization/direct/BaseAbstractMultivariateOptimizer.java optimizeInternal 125:149
2021-07-04 06:47:45,182 DEBUG                  - depth 0, hash 3f753c8, HEAD~34
2021-07-04 06:47:45,188 DEBUG                  - depth 1, hash 8c2d5d1, HEAD~822
2021-07-04 06:47:45,192 DEBUG                  - depth 2, hash d11bdd2, HEAD~871
2021-07-04 06:47:45,196 DEBUG                  - depth 3, hash 1bf4ee0, HEAD~872
2021-07-04 06:47:45,200 DEBUG                  - depth 4, hash 249404b, HEAD~873
2021-07-04 06:47:45,205 DEBUG                  - depth 5, hash 2174768, HEAD~875
2021-07-04 06:47:45,209 DEBUG                  - depth 6, hash 9be0992, HEAD~1716
2021-07-04 06:47:45,213 DEBUG                  - depth 7, hash 91b44a1, HEAD~1886
2021-07-04 06:47:45,218 DEBUG                  - depth 8, hash 9102bea, HEAD~1887
2021-07-04 06:47:45,222 DEBUG                  - depth 9, hash 28f28f1, HEAD~1937
2021-07-04 06:47:45,567 DEBUG    [line range] org/apache/commons/math3/optimization/direct/BaseAbstractMultivariateSimpleBoundsOptimizer.java <init> 65:67
2021-07-04 06:47:45,816 DEBUG                  - depth 0, hash 5a8be77, HEAD~605
2021-07-04 06:47:45,822 DEBUG                  - depth 1, hash 18823c8, HEAD~736
2021-07-04 06:47:45,826 DEBUG                  - depth 2, hash 4e340f7, HEAD~821
2021-07-04 06:47:45,831 DEBUG    [line range] org/apache/commons/math3/optimization/direct/BaseAbstractMultivariateSimpleBoundsOptimizer.java getLowerBound 72:74
2021-07-04 06:47:46,040 DEBUG                  - depth 0, hash 8c2d5d1, HEAD~822
2021-07-04 06:47:46,046 DEBUG    [line range] org/apache/commons/math3/optimization/direct/BaseAbstractMultivariateSimpleBoundsOptimizer.java getUpperBound 79:81
2021-07-04 06:47:46,256 DEBUG                  - depth 0, hash 8c2d5d1, HEAD~822
2021-07-04 06:47:46,261 DEBUG    [line range] org/apache/commons/math3/optimization/direct/BaseAbstractMultivariateSimpleBoundsOptimizer.java optimize 91:141
2021-07-04 06:47:46,472 DEBUG                  - depth 0, hash 5a8be77, HEAD~605
2021-07-04 06:47:46,478 DEBUG                  - depth 1, hash 8c2d5d1, HEAD~822
2021-07-04 06:47:46,997 DEBUG    [line range] org/apache/commons/math3/optimization/direct/CMAESOptimizer.java <clinit> 97:97
2021-07-04 06:47:47,197 DEBUG                  - depth 0, hash ba96c9a, HEAD~1532
2021-07-04 06:47:47,203 DEBUG    [line range] org/apache/commons/math3/optimization/direct/CMAESOptimizer.java <init> 237:239
2021-07-04 06:47:47,402 DEBUG                  - depth 0, hash ba96c9a, HEAD~1532
2021-07-04 06:47:47,408 DEBUG    [line range] org/apache/commons/math3/optimization/direct/CMAESOptimizer.java <init> 244:248
2021-07-04 06:47:47,607 DEBUG                  - depth 0, hash 48151d5, HEAD~562
2021-07-04 06:47:47,613 DEBUG                  - depth 1, hash 7e2ded1, HEAD~874
2021-07-04 06:47:47,618 DEBUG                  - depth 2, hash ba96c9a, HEAD~1532
2021-07-04 06:47:47,622 DEBUG    [line range] org/apache/commons/math3/optimization/direct/CMAESOptimizer.java <init> 275:283
2021-07-04 06:47:47,822 DEBUG                  - depth 0, hash 94239f2, HEAD~349
2021-07-04 06:47:47,828 DEBUG                  - depth 1, hash 48151d5, HEAD~562
2021-07-04 06:47:47,832 DEBUG                  - depth 2, hash ad57102, HEAD~597
2021-07-04 06:47:47,837 DEBUG                  - depth 3, hash 3b68757, HEAD~840
2021-07-04 06:47:47,841 DEBUG                  - depth 4, hash 7e2ded1, HEAD~874
2021-07-04 06:47:47,845 DEBUG                  - depth 5, hash ba96c9a, HEAD~1532
2021-07-04 06:47:47,850 DEBUG    [line range] org/apache/commons/math3/optimization/direct/CMAESOptimizer.java <init> 143:143
2021-07-04 06:47:48,049 DEBUG                  - depth 0, hash ba96c9a, HEAD~1532
2021-07-04 06:47:48,055 DEBUG    [single line]   org/apache/commons/math3/optimization/direct/CMAESOptimizer.java access$200 83
2021-07-04 06:47:48,254 DEBUG                  - depth 0, hash 7e2ded1, HEAD~874
2021-07-04 06:47:48,260 DEBUG                  - depth 1, hash ba96c9a, HEAD~1532
2021-07-04 06:47:48,264 DEBUG    [line range] org/apache/commons/math3/optimization/direct/CMAESOptimizer.java checkParameters 496:551
2021-07-04 06:47:48,473 DEBUG                  - depth 0, hash 48151d5, HEAD~562
2021-07-04 06:47:48,478 DEBUG                  - depth 1, hash 34c041f, HEAD~563
2021-07-04 06:47:48,483 DEBUG                  - depth 2, hash d834155, HEAD~841
2021-07-04 06:47:48,487 DEBUG                  - depth 3, hash bae38c1, HEAD~1310
2021-07-04 06:47:48,491 DEBUG                  - depth 4, hash ba96c9a, HEAD~1532
2021-07-04 06:47:48,496 DEBUG    [line range] org/apache/commons/math3/optimization/direct/CMAESOptimizer.java copyColumn 1158:1162
2021-07-04 06:47:48,696 DEBUG                  - depth 0, hash bae38c1, HEAD~1310
2021-07-04 06:47:48,701 DEBUG                  - depth 1, hash ba96c9a, HEAD~1532
2021-07-04 06:47:48,706 DEBUG    [line range] org/apache/commons/math3/optimization/direct/CMAESOptimizer.java diag 1134:1148
2021-07-04 06:47:48,912 DEBUG                  - depth 0, hash bae38c1, HEAD~1310
2021-07-04 06:47:48,918 DEBUG                  - depth 1, hash ba96c9a, HEAD~1532
2021-07-04 06:47:48,923 DEBUG    [line range] org/apache/commons/math3/optimization/direct/CMAESOptimizer.java divide 1073:1081
2021-07-04 06:47:49,123 DEBUG                  - depth 0, hash 7e2ded1, HEAD~874
2021-07-04 06:47:49,129 DEBUG                  - depth 1, hash bae38c1, HEAD~1310
2021-07-04 06:47:49,133 DEBUG                  - depth 2, hash ba96c9a, HEAD~1532
2021-07-04 06:47:49,138 DEBUG    [line range] org/apache/commons/math3/optimization/direct/CMAESOptimizer.java doOptimize 346:491
2021-07-04 06:47:49,346 DEBUG                  - depth 0, hash 5a8be77, HEAD~605
2021-07-04 06:47:49,352 DEBUG                  - depth 1, hash 4f655f0, HEAD~867
2021-07-04 06:47:49,356 DEBUG                  - depth 2, hash dd4efa4, HEAD~917
2021-07-04 06:47:49,360 DEBUG                  - depth 3, hash bae38c1, HEAD~1310
2021-07-04 06:47:49,365 DEBUG                  - depth 4, hash 455c730, HEAD~1488
2021-07-04 06:47:49,369 DEBUG                  - depth 5, hash ba96c9a, HEAD~1532
2021-07-04 06:47:49,375 DEBUG    [line range] org/apache/commons/math3/optimization/direct/CMAESOptimizer.java eye 1182:1190
2021-07-04 06:47:49,575 DEBUG                  - depth 0, hash bae38c1, HEAD~1310
2021-07-04 06:47:49,581 DEBUG                  - depth 1, hash ba96c9a, HEAD~1532
2021-07-04 06:47:49,585 DEBUG    [line range] org/apache/commons/math3/optimization/direct/CMAESOptimizer.java initializeCMA 558:625
2021-07-04 06:47:49,787 DEBUG                  - depth 0, hash d834155, HEAD~841
2021-07-04 06:47:49,793 DEBUG                  - depth 1, hash bae38c1, HEAD~1310
2021-07-04 06:47:49,797 DEBUG                  - depth 2, hash e3c25c9, HEAD~1419
2021-07-04 06:47:49,801 DEBUG                  - depth 3, hash ba96c9a, HEAD~1532
2021-07-04 06:47:49,807 DEBUG    [line range] org/apache/commons/math3/optimization/direct/CMAESOptimizer.java inverse 1302:1308
2021-07-04 06:47:50,008 DEBUG                  - depth 0, hash bae38c1, HEAD~1310
2021-07-04 06:47:50,014 DEBUG                  - depth 1, hash ba96c9a, HEAD~1532
2021-07-04 06:47:50,019 DEBUG    [line range] org/apache/commons/math3/optimization/direct/CMAESOptimizer.java log 1013:1021
2021-07-04 06:47:50,218 DEBUG                  - depth 0, hash bae38c1, HEAD~1310
2021-07-04 06:47:50,224 DEBUG                  - depth 1, hash ba96c9a, HEAD~1532
2021-07-04 06:47:50,228 DEBUG    [line range] org/apache/commons/math3/optimization/direct/CMAESOptimizer.java max 1240:1251
2021-07-04 06:47:50,427 DEBUG                  - depth 0, hash bae38c1, HEAD~1310
2021-07-04 06:47:50,432 DEBUG                  - depth 1, hash ba96c9a, HEAD~1532
2021-07-04 06:47:50,437 DEBUG    [line range] org/apache/commons/math3/optimization/direct/CMAESOptimizer.java max 1274:1282
2021-07-04 06:47:50,645 DEBUG                  - depth 0, hash bae38c1, HEAD~1310
2021-07-04 06:47:50,651 DEBUG                  - depth 1, hash ba96c9a, HEAD~1532
2021-07-04 06:47:50,655 DEBUG    [line range] org/apache/commons/math3/optimization/direct/CMAESOptimizer.java min 1257:1268
2021-07-04 06:47:50,862 DEBUG                  - depth 0, hash bae38c1, HEAD~1310
2021-07-04 06:47:50,868 DEBUG                  - depth 1, hash ba96c9a, HEAD~1532
2021-07-04 06:47:50,872 DEBUG    [line range] org/apache/commons/math3/optimization/direct/CMAESOptimizer.java min 1288:1296
2021-07-04 06:47:51,080 DEBUG                  - depth 0, hash bae38c1, HEAD~1310
2021-07-04 06:47:51,086 DEBUG                  - depth 1, hash ba96c9a, HEAD~1532
2021-07-04 06:47:51,091 DEBUG    [line range] org/apache/commons/math3/optimization/direct/CMAESOptimizer.java ones 1169:1175
2021-07-04 06:47:51,289 DEBUG                  - depth 0, hash bae38c1, HEAD~1310
2021-07-04 06:47:51,294 DEBUG                  - depth 1, hash ba96c9a, HEAD~1532
2021-07-04 06:47:51,299 DEBUG    [line range] org/apache/commons/math3/optimization/direct/CMAESOptimizer.java push 802:807
2021-07-04 06:47:51,500 DEBUG                  - depth 0, hash bae38c1, HEAD~1310
2021-07-04 06:47:51,506 DEBUG                  - depth 1, hash ba96c9a, HEAD~1532
2021-07-04 06:47:51,511 DEBUG    [line range] org/apache/commons/math3/optimization/direct/CMAESOptimizer.java randn1 1339:1347
2021-07-04 06:47:51,712 DEBUG                  - depth 0, hash bae38c1, HEAD~1310
2021-07-04 06:47:51,718 DEBUG                  - depth 1, hash ba96c9a, HEAD~1532
2021-07-04 06:47:51,722 DEBUG    [line range] org/apache/commons/math3/optimization/direct/CMAESOptimizer.java repmat 1207:1217
2021-07-04 06:47:51,922 DEBUG                  - depth 0, hash bae38c1, HEAD~1310
2021-07-04 06:47:51,928 DEBUG                  - depth 1, hash ba96c9a, HEAD~1532
2021-07-04 06:47:51,933 DEBUG    [line range] org/apache/commons/math3/optimization/direct/CMAESOptimizer.java reverse 1314:1320
2021-07-04 06:47:52,134 DEBUG                  - depth 0, hash bae38c1, HEAD~1310
2021-07-04 06:47:52,140 DEBUG                  - depth 1, hash ba96c9a, HEAD~1532
2021-07-04 06:47:52,144 DEBUG    [line range] org/apache/commons/math3/optimization/direct/CMAESOptimizer.java selectColumns 1088:1096
2021-07-04 06:47:52,352 DEBUG                  - depth 0, hash bae38c1, HEAD~1310
2021-07-04 06:47:52,357 DEBUG                  - depth 1, hash ba96c9a, HEAD~1532
2021-07-04 06:47:52,362 DEBUG    [line range] org/apache/commons/math3/optimization/direct/CMAESOptimizer.java sequence 1225:1234
2021-07-04 06:47:52,562 DEBUG                  - depth 0, hash ba96c9a, HEAD~1532
2021-07-04 06:47:52,568 DEBUG    [line range] org/apache/commons/math3/optimization/direct/CMAESOptimizer.java sortedIndices 815:826
2021-07-04 06:47:52,767 DEBUG                  - depth 0, hash bae38c1, HEAD~1310
2021-07-04 06:47:52,773 DEBUG                  - depth 1, hash ba96c9a, HEAD~1532
2021-07-04 06:47:52,777 DEBUG    [line range] org/apache/commons/math3/optimization/direct/CMAESOptimizer.java sqrt 1028:1036
2021-07-04 06:47:52,984 DEBUG                  - depth 0, hash bae38c1, HEAD~1310
2021-07-04 06:47:52,990 DEBUG                  - depth 1, hash ba96c9a, HEAD~1532
2021-07-04 06:47:52,994 DEBUG    [line range] org/apache/commons/math3/optimization/direct/CMAESOptimizer.java square 1042:1051
2021-07-04 06:47:53,194 DEBUG                  - depth 0, hash bae38c1, HEAD~1310
2021-07-04 06:47:53,200 DEBUG                  - depth 1, hash ba96c9a, HEAD~1532
2021-07-04 06:47:53,205 DEBUG    [line range] org/apache/commons/math3/optimization/direct/CMAESOptimizer.java sumRows 1117:1127
2021-07-04 06:47:53,412 DEBUG                  - depth 0, hash bae38c1, HEAD~1310
2021-07-04 06:47:53,418 DEBUG                  - depth 1, hash ba96c9a, HEAD~1532
2021-07-04 06:47:53,423 DEBUG    [line range] org/apache/commons/math3/optimization/direct/CMAESOptimizer.java times 1058:1066
2021-07-04 06:47:53,622 DEBUG                  - depth 0, hash 7e2ded1, HEAD~874
2021-07-04 06:47:53,627 DEBUG                  - depth 1, hash bae38c1, HEAD~1310
2021-07-04 06:47:53,632 DEBUG                  - depth 2, hash ba96c9a, HEAD~1532
2021-07-04 06:47:53,636 DEBUG    [line range] org/apache/commons/math3/optimization/direct/CMAESOptimizer.java triu 1103:1111
2021-07-04 06:47:53,835 DEBUG                  - depth 0, hash bae38c1, HEAD~1310
2021-07-04 06:47:53,840 DEBUG                  - depth 1, hash ba96c9a, HEAD~1532
2021-07-04 06:47:53,845 DEBUG    [line range] org/apache/commons/math3/optimization/direct/CMAESOptimizer.java updateBD 765:794
2021-07-04 06:47:54,044 DEBUG                  - depth 0, hash 764e70c, HEAD~241
2021-07-04 06:47:54,049 DEBUG                  - depth 1, hash 9639c6a, HEAD~1016
2021-07-04 06:47:54,054 DEBUG                  - depth 2, hash ed77246, HEAD~1017
2021-07-04 06:47:54,058 DEBUG                  - depth 3, hash bae38c1, HEAD~1310
2021-07-04 06:47:54,062 DEBUG                  - depth 4, hash ba96c9a, HEAD~1532
2021-07-04 06:47:54,067 DEBUG    [line range] org/apache/commons/math3/optimization/direct/CMAESOptimizer.java updateCovariance 692:758
2021-07-04 06:47:54,276 DEBUG                  - depth 0, hash dd4efa4, HEAD~917
2021-07-04 06:47:54,282 DEBUG                  - depth 1, hash bae38c1, HEAD~1310
2021-07-04 06:47:54,286 DEBUG                  - depth 2, hash ba96c9a, HEAD~1532
2021-07-04 06:47:54,292 DEBUG    [line range] org/apache/commons/math3/optimization/direct/CMAESOptimizer.java updateEvolutionPaths 635:649
2021-07-04 06:47:54,494 DEBUG                  - depth 0, hash bae38c1, HEAD~1310
2021-07-04 06:47:54,499 DEBUG                  - depth 1, hash e3c25c9, HEAD~1419
2021-07-04 06:47:54,504 DEBUG                  - depth 2, hash ba96c9a, HEAD~1532
2021-07-04 06:47:54,508 DEBUG    [line range] org/apache/commons/math3/optimization/direct/CMAESOptimizer.java zeros 1197:1199
2021-07-04 06:47:54,708 DEBUG                  - depth 0, hash ba96c9a, HEAD~1532
2021-07-04 06:47:54,714 DEBUG    [line range] org/apache/commons/math3/optimization/direct/CMAESOptimizer.java <init> 842:845
2021-07-04 06:47:54,913 DEBUG                  - depth 0, hash ba96c9a, HEAD~1532
2021-07-04 06:47:54,919 DEBUG    [single line]   org/apache/commons/math3/optimization/direct/CMAESOptimizer.java access$000 832
2021-07-04 06:47:55,118 DEBUG                  - depth 0, hash ba96c9a, HEAD~1532
2021-07-04 06:47:55,124 DEBUG    [line range] org/apache/commons/math3/optimization/direct/CMAESOptimizer.java compareTo 848:850
2021-07-04 06:47:55,322 DEBUG                  - depth 0, hash ba96c9a, HEAD~1532
2021-07-04 06:47:55,328 DEBUG    [line range] org/apache/commons/math3/optimization/direct/CMAESOptimizer.java <init> 893:896
2021-07-04 06:47:55,533 DEBUG                  - depth 0, hash dde7ece, HEAD~1435
2021-07-04 06:47:55,539 DEBUG                  - depth 1, hash ba96c9a, HEAD~1532
2021-07-04 06:47:55,544 DEBUG    [line range] org/apache/commons/math3/optimization/direct/CMAESOptimizer.java decode 918:928
2021-07-04 06:47:55,752 DEBUG                  - depth 0, hash bae38c1, HEAD~1310
2021-07-04 06:47:55,758 DEBUG                  - depth 1, hash dde7ece, HEAD~1435
2021-07-04 06:47:55,762 DEBUG                  - depth 2, hash 455c730, HEAD~1488
2021-07-04 06:47:55,767 DEBUG                  - depth 3, hash 6f04c3e, HEAD~1489
2021-07-04 06:47:55,771 DEBUG                  - depth 4, hash ba96c9a, HEAD~1532
2021-07-04 06:47:55,776 DEBUG    [line range] org/apache/commons/math3/optimization/direct/CMAESOptimizer.java encode 902:912
2021-07-04 06:47:55,982 DEBUG                  - depth 0, hash bae38c1, HEAD~1310
2021-07-04 06:47:55,988 DEBUG                  - depth 1, hash dde7ece, HEAD~1435
2021-07-04 06:47:55,992 DEBUG                  - depth 2, hash 455c730, HEAD~1488
2021-07-04 06:47:55,996 DEBUG                  - depth 3, hash 6f04c3e, HEAD~1489
2021-07-04 06:47:56,001 DEBUG                  - depth 4, hash ba96c9a, HEAD~1532
2021-07-04 06:47:56,005 DEBUG    [line range] org/apache/commons/math3/optimization/direct/CMAESOptimizer.java penalty 997:1004
2021-07-04 06:47:56,207 DEBUG                  - depth 0, hash 455c730, HEAD~1488
2021-07-04 06:47:56,213 DEBUG                  - depth 1, hash 6f04c3e, HEAD~1489
2021-07-04 06:47:56,218 DEBUG                  - depth 2, hash ba96c9a, HEAD~1532
2021-07-04 06:47:56,222 DEBUG    [line range] org/apache/commons/math3/optimization/direct/CMAESOptimizer.java repair 978:990
2021-07-04 06:47:56,423 DEBUG                  - depth 0, hash bae38c1, HEAD~1310
2021-07-04 06:47:56,429 DEBUG                  - depth 1, hash ba96c9a, HEAD~1532
2021-07-04 06:47:56,434 DEBUG    [line range] org/apache/commons/math3/optimization/direct/CMAESOptimizer.java setValueRange 970:972
2021-07-04 06:47:56,634 DEBUG                  - depth 0, hash dde7ece, HEAD~1435
2021-07-04 06:47:56,640 DEBUG                  - depth 1, hash ba96c9a, HEAD~1532
2021-07-04 06:47:56,644 DEBUG    [line range] org/apache/commons/math3/optimization/direct/CMAESOptimizer.java value 934:946
2021-07-04 06:47:56,842 DEBUG                  - depth 0, hash bae38c1, HEAD~1310
2021-07-04 06:47:56,848 DEBUG                  - depth 1, hash dde7ece, HEAD~1435
2021-07-04 06:47:56,852 DEBUG                  - depth 2, hash 455c730, HEAD~1488
2021-07-04 06:47:56,857 DEBUG                  - depth 3, hash 6f04c3e, HEAD~1489
2021-07-04 06:47:56,861 DEBUG                  - depth 4, hash ba96c9a, HEAD~1532
2021-07-04 06:47:57,208 DEBUG    [line range] org/apache/commons/math3/random/BitsStreamGenerator.java <init> 35:37
2021-07-04 06:47:57,419 DEBUG                  - depth 0, hash 117ad82, HEAD~2318
2021-07-04 06:47:57,425 DEBUG    [line range] org/apache/commons/math3/random/BitsStreamGenerator.java clear 164:166
2021-07-04 06:47:57,636 DEBUG                  - depth 0, hash b39e2d0, HEAD~729
2021-07-04 06:47:57,641 DEBUG    [line range] org/apache/commons/math3/random/BitsStreamGenerator.java nextDouble 84:88
2021-07-04 06:47:57,852 DEBUG                  - depth 0, hash 117ad82, HEAD~2318
2021-07-04 06:47:57,858 DEBUG    [line range] org/apache/commons/math3/random/BitsStreamGenerator.java nextGaussian 96:115
2021-07-04 06:47:58,067 DEBUG                  - depth 0, hash 80b1e90, HEAD~1890
2021-07-04 06:47:58,073 DEBUG                  - depth 1, hash 117ad82, HEAD~2318
2021-07-04 06:47:58,409 DEBUG    [line range] org/apache/commons/math3/random/MersenneTwister.java <clinit> 94:94
2021-07-04 06:47:58,627 DEBUG                  - depth 0, hash 2283b09, HEAD~2317
2021-07-04 06:47:58,633 DEBUG    [line range] org/apache/commons/math3/random/MersenneTwister.java <init> 106:109
2021-07-04 06:47:58,852 DEBUG                  - depth 0, hash 1e75292, HEAD~848
2021-07-04 06:47:58,858 DEBUG                  - depth 1, hash 2283b09, HEAD~2317
2021-07-04 06:47:58,863 DEBUG    [line range] org/apache/commons/math3/random/MersenneTwister.java next 228:263
2021-07-04 06:47:59,082 DEBUG                  - depth 0, hash 3081ee1, HEAD~2130
2021-07-04 06:47:59,087 DEBUG                  - depth 1, hash b631eb6, HEAD~2223
2021-07-04 06:47:59,092 DEBUG                  - depth 2, hash 2283b09, HEAD~2317
2021-07-04 06:47:59,097 DEBUG    [line range] org/apache/commons/math3/random/MersenneTwister.java setSeed 141:155
2021-07-04 06:47:59,315 DEBUG                  - depth 0, hash b39e2d0, HEAD~729
2021-07-04 06:47:59,320 DEBUG                  - depth 1, hash e9fdfdc, HEAD~1054
2021-07-04 06:47:59,325 DEBUG                  - depth 2, hash 3081ee1, HEAD~2130
2021-07-04 06:47:59,329 DEBUG                  - depth 3, hash 26dac5a, HEAD~2230
2021-07-04 06:47:59,333 DEBUG                  - depth 4, hash 2283b09, HEAD~2317
2021-07-04 06:47:59,338 DEBUG    [line range] org/apache/commons/math3/random/MersenneTwister.java setSeed 214:217
2021-07-04 06:47:59,559 DEBUG                  - depth 0, hash 3081ee1, HEAD~2130
2021-07-04 06:47:59,564 DEBUG                  - depth 1, hash df3dd4c, HEAD~2313
2021-07-04 06:47:59,569 DEBUG                  - depth 2, hash 2283b09, HEAD~2317
2021-07-04 06:47:59,573 DEBUG    [line range] org/apache/commons/math3/random/MersenneTwister.java setSeed 164:207
2021-07-04 06:47:59,792 DEBUG                  - depth 0, hash b39e2d0, HEAD~729
2021-07-04 06:47:59,797 DEBUG                  - depth 1, hash 1e75292, HEAD~848
2021-07-04 06:47:59,802 DEBUG                  - depth 2, hash 80b1e90, HEAD~1890
2021-07-04 06:47:59,806 DEBUG                  - depth 3, hash 3081ee1, HEAD~2130
2021-07-04 06:47:59,810 DEBUG                  - depth 4, hash 2283b09, HEAD~2317
2021-07-04 06:48:00,155 DEBUG    [line range] org/apache/commons/math3/util/CompositeFormat.java getDefaultNumberFormat 42:44
2021-07-04 06:48:00,381 DEBUG                  - depth 0, hash de2670a, HEAD~1684
2021-07-04 06:48:00,387 DEBUG                  - depth 1, hash 1560839, HEAD~2915
2021-07-04 06:48:00,391 DEBUG    [line range] org/apache/commons/math3/util/CompositeFormat.java getDefaultNumberFormat 53:57
2021-07-04 06:48:00,617 DEBUG                  - depth 0, hash 043e1d6, HEAD~206
2021-07-04 06:48:00,623 DEBUG                  - depth 1, hash 6536def, HEAD~1257
2021-07-04 06:48:00,627 DEBUG                  - depth 2, hash 5166d56, HEAD~1258
2021-07-04 06:48:00,631 DEBUG                  - depth 3, hash de2670a, HEAD~1684
2021-07-04 06:48:00,636 DEBUG                  - depth 4, hash 1560839, HEAD~2915
2021-07-04 06:48:01,309 DEBUG    [line range] org/apache/commons/math3/util/FastMath.java <clinit> 113:123
2021-07-04 06:48:01,562 DEBUG                  - depth 0, hash 1f0b0b2, HEAD~1040
2021-07-04 06:48:01,568 DEBUG                  - depth 1, hash 9d76c94, HEAD~1049
2021-07-04 06:48:01,572 DEBUG                  - depth 2, hash 95d4a38, HEAD~1088
2021-07-04 06:48:01,576 DEBUG                  - depth 3, hash 80b1e90, HEAD~1890
2021-07-04 06:48:01,581 DEBUG    [line range] org/apache/commons/math3/util/FastMath.java abs 2991:2993
2021-07-04 06:48:01,826 DEBUG                  - depth 0, hash 26208c1, HEAD~1643
2021-07-04 06:48:01,831 DEBUG                  - depth 1, hash 80b1e90, HEAD~1890
2021-07-04 06:48:01,836 DEBUG    [line range] org/apache/commons/math3/util/FastMath.java abs 2973:2975
2021-07-04 06:48:02,079 DEBUG                  - depth 0, hash 80b1e90, HEAD~1890
2021-07-04 06:48:02,085 DEBUG    [line range] org/apache/commons/math3/util/FastMath.java cos 2267:2313
2021-07-04 06:48:02,327 DEBUG                  - depth 0, hash e434abd, HEAD~210
2021-07-04 06:48:02,333 DEBUG                  - depth 1, hash bae38c1, HEAD~1310
2021-07-04 06:48:02,337 DEBUG                  - depth 2, hash 80b1e90, HEAD~1890
2021-07-04 06:48:02,342 DEBUG    [line range] org/apache/commons/math3/util/FastMath.java cosQ 1815:1824
2021-07-04 06:48:02,585 DEBUG                  - depth 0, hash 80b1e90, HEAD~1890
2021-07-04 06:48:02,591 DEBUG    [line range] org/apache/commons/math3/util/FastMath.java log 1095:1097
2021-07-04 06:48:02,843 DEBUG                  - depth 0, hash 80b1e90, HEAD~1890
2021-07-04 06:48:02,849 DEBUG    [line range] org/apache/commons/math3/util/FastMath.java log 1105:1329
2021-07-04 06:48:03,098 DEBUG                  - depth 0, hash 473d151, HEAD~167
2021-07-04 06:48:03,103 DEBUG                  - depth 1, hash 96dfe1a, HEAD~169
2021-07-04 06:48:03,108 DEBUG                  - depth 2, hash f1791c6, HEAD~192
2021-07-04 06:48:03,112 DEBUG                  - depth 3, hash 2088737, HEAD~1083
2021-07-04 06:48:03,116 DEBUG                  - depth 4, hash 6d0cca3, HEAD~1538
2021-07-04 06:48:03,121 DEBUG                  - depth 5, hash 34b6782, HEAD~1561
2021-07-04 06:48:03,125 DEBUG                  - depth 6, hash dc5fdf7, HEAD~1626
2021-07-04 06:48:03,129 DEBUG                  - depth 7, hash f45eb1f, HEAD~1627
2021-07-04 06:48:03,134 DEBUG                  - depth 8, hash 26208c1, HEAD~1643
2021-07-04 06:48:03,138 DEBUG                  - depth 9, hash 2bc1662, HEAD~1862
2021-07-04 06:48:03,142 DEBUG                  - depth 10, hash 80b1e90, HEAD~1890
2021-07-04 06:48:03,149 DEBUG    [line range] org/apache/commons/math3/util/FastMath.java max 3506:3524
2021-07-04 06:48:03,393 DEBUG                  - depth 0, hash 1f0b0b2, HEAD~1040
2021-07-04 06:48:03,399 DEBUG                  - depth 1, hash 80b1e90, HEAD~1890
2021-07-04 06:48:03,404 DEBUG    [line range] org/apache/commons/math3/util/FastMath.java max 3463:3465
2021-07-04 06:48:03,649 DEBUG                  - depth 0, hash 1f0b0b2, HEAD~1040
2021-07-04 06:48:03,655 DEBUG                  - depth 1, hash 80b1e90, HEAD~1890
2021-07-04 06:48:03,659 DEBUG    [line range] org/apache/commons/math3/util/FastMath.java min 3395:3397
2021-07-04 06:48:03,910 DEBUG                  - depth 0, hash 80b1e90, HEAD~1890
2021-07-04 06:48:03,916 DEBUG    [line range] org/apache/commons/math3/util/FastMath.java polyCosine 1672:1682
2021-07-04 06:48:04,158 DEBUG                  - depth 0, hash 80b1e90, HEAD~1890
2021-07-04 06:48:04,164 DEBUG    [line range] org/apache/commons/math3/util/FastMath.java polySine 1651:1664
2021-07-04 06:48:04,407 DEBUG                  - depth 0, hash 80b1e90, HEAD~1890
2021-07-04 06:48:04,413 DEBUG    [line range] org/apache/commons/math3/util/FastMath.java sin 2200:2259
2021-07-04 06:48:04,670 DEBUG                  - depth 0, hash e434abd, HEAD~210
2021-07-04 06:48:04,676 DEBUG                  - depth 1, hash bae38c1, HEAD~1310
2021-07-04 06:48:04,681 DEBUG                  - depth 2, hash 80b1e90, HEAD~1890
2021-07-04 06:48:04,686 DEBUG    [line range] org/apache/commons/math3/util/FastMath.java sinQ 1691:1806
2021-07-04 06:48:04,930 DEBUG                  - depth 0, hash 8dd6c42, HEAD~1625
2021-07-04 06:48:04,936 DEBUG                  - depth 1, hash f45eb1f, HEAD~1627
2021-07-04 06:48:04,940 DEBUG                  - depth 2, hash 80b1e90, HEAD~1890
2021-07-04 06:48:04,946 DEBUG    [line range] org/apache/commons/math3/util/FastMath.java sqrt 374:376
2021-07-04 06:48:05,189 DEBUG                  - depth 0, hash 80b1e90, HEAD~1890
2021-07-04 06:48:05,194 DEBUG    [line range] org/apache/commons/math3/util/FastMath.java <init> 3784:3821
2021-07-04 06:48:05,380 DEBUG                  - depth 0, hash e434abd, HEAD~210
2021-07-04 06:48:05,387 DEBUG    [line range] org/apache/commons/math3/util/FastMath.java getK 3826:3828
2021-07-04 06:48:05,573 DEBUG                  - depth 0, hash e434abd, HEAD~210
2021-07-04 06:48:05,578 DEBUG    [line range] org/apache/commons/math3/util/FastMath.java getRemA 3832:3834
2021-07-04 06:48:05,764 DEBUG                  - depth 0, hash e434abd, HEAD~210
2021-07-04 06:48:05,770 DEBUG    [line range] org/apache/commons/math3/util/FastMath.java getRemB 3838:3840
2021-07-04 06:48:05,957 DEBUG                  - depth 0, hash e434abd, HEAD~210
2021-07-04 06:48:05,963 DEBUG    [single line]   org/apache/commons/math3/util/FastMath.java access$400 3752
2021-07-04 06:48:06,196 DEBUG                  - depth 0, hash 1f0b0b2, HEAD~1040
2021-07-04 06:48:06,202 DEBUG                  - depth 1, hash cf1e53b, HEAD~1584
2021-07-04 06:48:06,206 DEBUG                  - depth 2, hash d3d2350, HEAD~1607
2021-07-04 06:48:07,022 DEBUG    [line range] org/apache/commons/math3/util/FastMathLiteralArrays.java <clinit> 29:1530
2021-07-04 06:48:07,209 DEBUG                  - depth 0, hash 2225164, HEAD~932
2021-07-04 06:48:07,215 DEBUG    [line range] org/apache/commons/math3/util/FastMathLiteralArrays.java loadLnMant 6173:6175
2021-07-04 06:48:07,401 DEBUG                  - depth 0, hash 3eb4dcd, HEAD~545
2021-07-04 06:48:07,406 DEBUG                  - depth 1, hash 96673d8, HEAD~567
2021-07-04 06:48:07,411 DEBUG                  - depth 2, hash de147e5, HEAD~660
2021-07-04 06:48:07,415 DEBUG                  - depth 3, hash 2225164, HEAD~932
2021-07-04 06:48:07,725 DEBUG    [line range] org/apache/commons/math3/util/Incrementor.java <init> 52:54
2021-07-04 06:48:07,934 DEBUG                  - depth 0, hash 7f2da64, HEAD~1057
2021-07-04 06:48:07,940 DEBUG    [line range] org/apache/commons/math3/util/Incrementor.java <init> 61:69
2021-07-04 06:48:08,149 DEBUG                  - depth 0, hash 92fcf5e, HEAD~305
2021-07-04 06:48:08,155 DEBUG                  - depth 1, hash 77fc6fc, HEAD~307
2021-07-04 06:48:08,159 DEBUG                  - depth 2, hash 87b1e7f, HEAD~1056
2021-07-04 06:48:08,163 DEBUG                  - depth 3, hash 7f2da64, HEAD~1057
2021-07-04 06:48:08,168 DEBUG    [line range] org/apache/commons/math3/util/Incrementor.java <init> 41:41
2021-07-04 06:48:08,377 DEBUG                  - depth 0, hash 87b1e7f, HEAD~1056
2021-07-04 06:48:08,382 DEBUG                  - depth 1, hash dd7aa20, HEAD~1888
2021-07-04 06:48:08,387 DEBUG    [line range] org/apache/commons/math3/util/Incrementor.java getMaximalCount 104:106
2021-07-04 06:48:08,608 DEBUG                  - depth 0, hash dd7aa20, HEAD~1888
2021-07-04 06:48:08,614 DEBUG    [line range] org/apache/commons/math3/util/Incrementor.java incrementCount 154:158
2021-07-04 06:48:08,823 DEBUG                  - depth 0, hash 87b1e7f, HEAD~1056
2021-07-04 06:48:08,829 DEBUG                  - depth 1, hash dd7aa20, HEAD~1888
2021-07-04 06:48:08,833 DEBUG    [line range] org/apache/commons/math3/util/Incrementor.java resetCount 163:165
2021-07-04 06:48:09,043 DEBUG                  - depth 0, hash dd7aa20, HEAD~1888
2021-07-04 06:48:09,049 DEBUG    [line range] org/apache/commons/math3/util/Incrementor.java setMaximalCount 95:97
2021-07-04 06:48:09,258 DEBUG                  - depth 0, hash d4a0b9e, HEAD~1869
2021-07-04 06:48:09,264 DEBUG                  - depth 1, hash dd7aa20, HEAD~1888
2021-07-04 06:48:09,731 DEBUG    [line range] org/apache/commons/math3/util/MathArrays.java copyOf 546:550
2021-07-04 06:48:09,935 DEBUG                  - depth 0, hash dd4efa4, HEAD~917
2021-07-04 06:48:10,263 DEBUG    [line range] org/apache/commons/math3/util/MathUtils.java checkNotNull 262:267
2021-07-04 06:48:10,490 DEBUG                  - depth 0, hash e9c6d1d, HEAD~1356
2021-07-04 06:48:10,495 DEBUG                  - depth 1, hash 82ff5d1, HEAD~1484
2021-07-04 06:48:10,811 DEBUG    [line range] org/apache/commons/math3/util/Pair.java <init> 45:48
2021-07-04 06:48:11,013 DEBUG                  - depth 0, hash 2d75045, HEAD~402
2021-07-04 06:48:11,019 DEBUG                  - depth 1, hash 5aa7ce7, HEAD~405
2021-07-04 06:48:11,023 DEBUG                  - depth 2, hash 9753686, HEAD~1793
2021-07-04 06:48:11,028 DEBUG    [line range] org/apache/commons/math3/util/Pair.java getKey 64:66
2021-07-04 06:48:11,238 DEBUG                  - depth 0, hash 9753686, HEAD~1793
2021-07-04 06:48:11,244 DEBUG    [line range] org/apache/commons/math3/util/Pair.java getValue 73:75
2021-07-04 06:48:11,446 DEBUG                  - depth 0, hash 9753686, HEAD~1793
2021-07-04 06:48:11,819 DEBUG    [single line]   org/apache/commons/math3/util/Precision.java <clinit> 70
2021-07-04 06:48:12,034 DEBUG                  - depth 0, hash 6b67f82, HEAD~422
2021-07-04 06:48:12,040 DEBUG    [single line]   org/apache/commons/math3/util/Precision.java <clinit> 77
2021-07-04 06:48:12,254 DEBUG                  - depth 0, hash 6b67f82, HEAD~422
2021-07-04 06:48:12,260 DEBUG    [single line]   org/apache/commons/math3/util/Precision.java <clinit> 78
2021-07-04 06:48:12,474 DEBUG                  - depth 0, hash 6b67f82, HEAD~422
2021-07-04 06:48:12,480 DEBUG    [line range] org/apache/commons/math3/util/Precision.java compareTo 95:102
2021-07-04 06:48:12,695 DEBUG                  - depth 0, hash b59e974, HEAD~918
2021-07-04 06:48:12,701 DEBUG    [line range] org/apache/commons/math3/util/Precision.java equals 271:273
2021-07-04 06:48:12,915 DEBUG                  - depth 0, hash b59e974, HEAD~918
2021-07-04 06:48:12,921 DEBUG    [line range] org/apache/commons/math3/util/Precision.java equals 329:344
2021-07-04 06:48:13,139 DEBUG                  - depth 0, hash b59e974, HEAD~918
2021-07-04 06:48:13,145 INFO     The number of BIC candidates: 165
