2021-07-04 07:49:51,509 INFO     Search BICs for /tmp/Math-59b/
2021-07-04 07:49:51,509 DEBUG    Reading the coverage of org.apache.commons.math.util.FastMathTest::testMinMaxFloat (failings)
2021-07-04 07:49:51,559 INFO     Loaded 1x921 Coverage Matrix
2021-07-04 07:49:51,559 INFO     The number of total commits: 2566
2021-07-04 07:49:52,140 DEBUG    [line range] org/apache/commons/math/dfp/Dfp.java <init> 318:324
2021-07-04 07:49:52,240 DEBUG                  - depth 0, hash 1eb0c0d, HEAD~225
2021-07-04 07:49:52,246 DEBUG    [line range] org/apache/commons/math/dfp/Dfp.java <init> 201:203
2021-07-04 07:49:52,346 DEBUG                  - depth 0, hash 1eb0c0d, HEAD~225
2021-07-04 07:49:52,351 DEBUG    [line range] org/apache/commons/math/dfp/Dfp.java <init> 209:250
2021-07-04 07:49:52,450 DEBUG                  - depth 0, hash 1eb0c0d, HEAD~225
2021-07-04 07:49:52,455 DEBUG    [line range] org/apache/commons/math/dfp/Dfp.java <init> 330:530
2021-07-04 07:49:52,555 DEBUG                  - depth 0, hash 983b064, HEAD~179
2021-07-04 07:49:52,560 DEBUG                  - depth 1, hash 1eb0c0d, HEAD~225
2021-07-04 07:49:52,566 DEBUG    [line range] org/apache/commons/math/dfp/Dfp.java add 1164:1307
2021-07-04 07:49:52,665 DEBUG                  - depth 0, hash 1eb0c0d, HEAD~225
2021-07-04 07:49:52,671 DEBUG    [line range] org/apache/commons/math/dfp/Dfp.java align 693:744
2021-07-04 07:49:52,774 DEBUG                  - depth 0, hash 1eb0c0d, HEAD~225
2021-07-04 07:49:52,780 DEBUG    [line range] org/apache/commons/math/dfp/Dfp.java compare 857:909
2021-07-04 07:49:52,881 DEBUG                  - depth 0, hash 1eb0c0d, HEAD~225
2021-07-04 07:49:52,886 DEBUG    [line range] org/apache/commons/math/dfp/Dfp.java complement 1142:1158
2021-07-04 07:49:52,985 DEBUG                  - depth 0, hash 1eb0c0d, HEAD~225
2021-07-04 07:49:52,991 DEBUG    [line range] org/apache/commons/math/dfp/Dfp.java dfp2string 2055:2123
2021-07-04 07:49:53,090 DEBUG                  - depth 0, hash 1eb0c0d, HEAD~225
2021-07-04 07:49:53,096 DEBUG    [line range] org/apache/commons/math/dfp/Dfp.java divide 1793:1851
2021-07-04 07:49:53,195 DEBUG                  - depth 0, hash 1eb0c0d, HEAD~225
2021-07-04 07:49:53,200 DEBUG    [line range] org/apache/commons/math/dfp/Dfp.java divide 1578:1786
2021-07-04 07:49:53,300 DEBUG                  - depth 0, hash 1eb0c0d, HEAD~225
2021-07-04 07:49:53,307 DEBUG    [line range] org/apache/commons/math/dfp/Dfp.java dotrap 2132:2189
2021-07-04 07:49:53,410 DEBUG                  - depth 0, hash 1eb0c0d, HEAD~225
2021-07-04 07:49:53,416 DEBUG    [line range] org/apache/commons/math/dfp/Dfp.java equals 814:828
2021-07-04 07:49:53,516 DEBUG                  - depth 0, hash 1eb0c0d, HEAD~225
2021-07-04 07:49:53,521 DEBUG    [line range] org/apache/commons/math/dfp/Dfp.java getField 631:633
2021-07-04 07:49:53,624 DEBUG                  - depth 0, hash 1eb0c0d, HEAD~225
2021-07-04 07:49:53,629 DEBUG    [line range] org/apache/commons/math/dfp/Dfp.java getRadixDigits 638:640
2021-07-04 07:49:53,732 DEBUG                  - depth 0, hash 1eb0c0d, HEAD~225
2021-07-04 07:49:53,737 DEBUG    [line range] org/apache/commons/math/dfp/Dfp.java getZero 645:647
2021-07-04 07:49:53,836 DEBUG                  - depth 0, hash 1eb0c0d, HEAD~225
2021-07-04 07:49:53,841 DEBUG    [line range] org/apache/commons/math/dfp/Dfp.java greaterThan 775:794
2021-07-04 07:49:53,940 DEBUG                  - depth 0, hash 1eb0c0d, HEAD~225
2021-07-04 07:49:53,946 DEBUG    [line range] org/apache/commons/math/dfp/Dfp.java isNaN 806:808
2021-07-04 07:49:54,044 DEBUG                  - depth 0, hash 1eb0c0d, HEAD~225
2021-07-04 07:49:54,050 DEBUG    [line range] org/apache/commons/math/dfp/Dfp.java lessThan 750:769
2021-07-04 07:49:54,148 DEBUG                  - depth 0, hash 1eb0c0d, HEAD~225
2021-07-04 07:49:54,154 DEBUG    [line range] org/apache/commons/math/dfp/Dfp.java multiply 1409:1509
2021-07-04 07:49:54,252 DEBUG                  - depth 0, hash 1eb0c0d, HEAD~225
2021-07-04 07:49:54,259 DEBUG    [line range] org/apache/commons/math/dfp/Dfp.java negate 1312:1316
2021-07-04 07:49:54,357 DEBUG                  - depth 0, hash 1eb0c0d, HEAD~225
2021-07-04 07:49:54,362 DEBUG    [line range] org/apache/commons/math/dfp/Dfp.java newInstance 591:603
2021-07-04 07:49:54,461 DEBUG                  - depth 0, hash 1eb0c0d, HEAD~225
2021-07-04 07:49:54,467 DEBUG    [line range] org/apache/commons/math/dfp/Dfp.java round 1330:1403
2021-07-04 07:49:54,565 DEBUG                  - depth 0, hash 1eb0c0d, HEAD~225
2021-07-04 07:49:54,571 DEBUG    [line range] org/apache/commons/math/dfp/Dfp.java shiftLeft 665:671
2021-07-04 07:49:54,670 DEBUG                  - depth 0, hash 1eb0c0d, HEAD~225
2021-07-04 07:49:54,676 DEBUG    [line range] org/apache/commons/math/dfp/Dfp.java shiftRight 677:683
2021-07-04 07:49:54,775 DEBUG                  - depth 0, hash 1eb0c0d, HEAD~225
2021-07-04 07:49:54,780 DEBUG    [line range] org/apache/commons/math/dfp/Dfp.java sqrt 1856:1947
2021-07-04 07:49:54,879 DEBUG                  - depth 0, hash 1eb0c0d, HEAD~225
2021-07-04 07:49:54,885 DEBUG    [line range] org/apache/commons/math/dfp/Dfp.java subtract 1322:1324
2021-07-04 07:49:54,984 DEBUG                  - depth 0, hash 1eb0c0d, HEAD~225
2021-07-04 07:49:54,989 DEBUG    [line range] org/apache/commons/math/dfp/Dfp.java toString 1952:1969
2021-07-04 07:49:55,088 DEBUG                  - depth 0, hash 983b064, HEAD~179
2021-07-04 07:49:55,094 DEBUG                  - depth 1, hash 1eb0c0d, HEAD~225
2021-07-04 07:49:55,098 DEBUG    [line range] org/apache/commons/math/dfp/Dfp.java trap 2202:2204
2021-07-04 07:49:55,197 DEBUG                  - depth 0, hash 1eb0c0d, HEAD~225
2021-07-04 07:49:55,202 DEBUG    [line range] org/apache/commons/math/dfp/Dfp.java unequal 843:849
2021-07-04 07:49:55,301 DEBUG                  - depth 0, hash 1eb0c0d, HEAD~225
2021-07-04 07:49:55,306 DEBUG    [line range] org/apache/commons/math/dfp/Dfp.java <clinit> 957:1041
2021-07-04 07:49:55,405 DEBUG                  - depth 0, hash 1eb0c0d, HEAD~225
2021-07-04 07:49:55,835 DEBUG    [line range] org/apache/commons/math/dfp/DfpField.java <init> 173:175
2021-07-04 07:49:55,934 DEBUG                  - depth 0, hash 1eb0c0d, HEAD~225
2021-07-04 07:49:55,939 DEBUG    [line range] org/apache/commons/math/dfp/DfpField.java <init> 188:242
2021-07-04 07:49:56,037 DEBUG                  - depth 0, hash 33ec665, HEAD~208
2021-07-04 07:49:56,043 DEBUG                  - depth 1, hash c2659d3, HEAD~210
2021-07-04 07:49:56,047 DEBUG                  - depth 2, hash 1eb0c0d, HEAD~225
2021-07-04 07:49:56,052 DEBUG    [line range] org/apache/commons/math/dfp/DfpField.java computeExp 643:664
2021-07-04 07:49:56,153 DEBUG                  - depth 0, hash 1eb0c0d, HEAD~225
2021-07-04 07:49:56,159 DEBUG    [line range] org/apache/commons/math/dfp/DfpField.java computeLn 726:748
2021-07-04 07:49:56,257 DEBUG                  - depth 0, hash 1eb0c0d, HEAD~225
2021-07-04 07:49:56,262 DEBUG    [line range] org/apache/commons/math/dfp/DfpField.java computePi 601:636
2021-07-04 07:49:56,360 DEBUG                  - depth 0, hash e9877e5, HEAD~209
2021-07-04 07:49:56,366 DEBUG                  - depth 1, hash 1eb0c0d, HEAD~225
2021-07-04 07:49:56,370 DEBUG    [line range] org/apache/commons/math/dfp/DfpField.java computeStringConstants 569:593
2021-07-04 07:49:56,468 DEBUG                  - depth 0, hash 1eb0c0d, HEAD~225
2021-07-04 07:49:56,473 DEBUG    [line range] org/apache/commons/math/dfp/DfpField.java getRadixDigits 247:249
2021-07-04 07:49:56,572 DEBUG                  - depth 0, hash 1eb0c0d, HEAD~225
2021-07-04 07:49:56,577 DEBUG    [line range] org/apache/commons/math/dfp/DfpField.java getRoundingMode 265:267
2021-07-04 07:49:56,675 DEBUG                  - depth 0, hash 1eb0c0d, HEAD~225
2021-07-04 07:49:56,681 DEBUG    [line range] org/apache/commons/math/dfp/DfpField.java getZero 399:401
2021-07-04 07:49:56,779 DEBUG                  - depth 0, hash 1eb0c0d, HEAD~225
2021-07-04 07:49:56,784 DEBUG    [line range] org/apache/commons/math/dfp/DfpField.java setIEEEFlagsBits 327:329
2021-07-04 07:49:56,881 DEBUG                  - depth 0, hash 1eb0c0d, HEAD~225
2021-07-04 07:49:56,887 DEBUG    [line range] org/apache/commons/math/dfp/DfpField.java split 521:564
2021-07-04 07:49:56,985 DEBUG                  - depth 0, hash 1eb0c0d, HEAD~225
2021-07-04 07:49:56,991 DEBUG    [single line]   org/apache/commons/math/dfp/DfpField.java <clinit> 29
2021-07-04 07:49:57,089 DEBUG                  - depth 0, hash 1eb0c0d, HEAD~225
2021-07-04 07:49:57,094 DEBUG    [single line]   org/apache/commons/math/dfp/DfpField.java <clinit> 32
2021-07-04 07:49:57,192 DEBUG                  - depth 0, hash 1eb0c0d, HEAD~225
2021-07-04 07:49:57,198 DEBUG    [single line]   org/apache/commons/math/dfp/DfpField.java <clinit> 35
2021-07-04 07:49:57,295 DEBUG                  - depth 0, hash 1eb0c0d, HEAD~225
2021-07-04 07:49:57,301 DEBUG    [single line]   org/apache/commons/math/dfp/DfpField.java <clinit> 38
2021-07-04 07:49:57,398 DEBUG                  - depth 0, hash 1eb0c0d, HEAD~225
2021-07-04 07:49:57,404 DEBUG    [single line]   org/apache/commons/math/dfp/DfpField.java <clinit> 41
2021-07-04 07:49:57,501 DEBUG                  - depth 0, hash 1eb0c0d, HEAD~225
2021-07-04 07:49:57,507 DEBUG    [single line]   org/apache/commons/math/dfp/DfpField.java <clinit> 46
2021-07-04 07:49:57,605 DEBUG                  - depth 0, hash 1eb0c0d, HEAD~225
2021-07-04 07:49:57,611 DEBUG    [single line]   org/apache/commons/math/dfp/DfpField.java <clinit> 49
2021-07-04 07:49:57,708 DEBUG                  - depth 0, hash 1eb0c0d, HEAD~225
2021-07-04 07:49:57,714 DEBUG    [single line]   org/apache/commons/math/dfp/DfpField.java <clinit> 52
2021-07-04 07:49:57,812 DEBUG                  - depth 0, hash 1eb0c0d, HEAD~225
2021-07-04 07:49:57,817 DEBUG    [single line]   org/apache/commons/math/dfp/DfpField.java <clinit> 55
2021-07-04 07:49:57,914 DEBUG                  - depth 0, hash 1eb0c0d, HEAD~225
2021-07-04 07:49:58,239 DEBUG    [line range] org/apache/commons/math/random/BitsStreamGenerator.java <init> 35:37
2021-07-04 07:49:58,337 DEBUG                  - depth 0, hash 117ad82, HEAD~662
2021-07-04 07:49:58,682 DEBUG    [line range] org/apache/commons/math/random/MersenneTwister.java <clinit> 94:94
2021-07-04 07:49:58,780 DEBUG                  - depth 0, hash 2283b09, HEAD~661
2021-07-04 07:49:58,785 DEBUG    [line range] org/apache/commons/math/random/MersenneTwister.java <init> 131:134
2021-07-04 07:49:58,883 DEBUG                  - depth 0, hash 2283b09, HEAD~661
2021-07-04 07:49:58,889 DEBUG    [line range] org/apache/commons/math/random/MersenneTwister.java setSeed 141:152
2021-07-04 07:49:58,987 DEBUG                  - depth 0, hash 3081ee1, HEAD~474
2021-07-04 07:49:58,993 DEBUG                  - depth 1, hash 26dac5a, HEAD~574
2021-07-04 07:49:58,997 DEBUG                  - depth 2, hash 2283b09, HEAD~661
2021-07-04 07:49:59,001 DEBUG    [line range] org/apache/commons/math/random/MersenneTwister.java setSeed 208:211
2021-07-04 07:49:59,100 DEBUG                  - depth 0, hash 3081ee1, HEAD~474
2021-07-04 07:49:59,105 DEBUG                  - depth 1, hash df3dd4c, HEAD~657
2021-07-04 07:49:59,109 DEBUG                  - depth 2, hash 2283b09, HEAD~661
2021-07-04 07:49:59,113 DEBUG    [line range] org/apache/commons/math/random/MersenneTwister.java setSeed 160:201
2021-07-04 07:49:59,212 DEBUG                  - depth 0, hash 80b1e90, HEAD~234
2021-07-04 07:49:59,218 DEBUG                  - depth 1, hash 3081ee1, HEAD~474
2021-07-04 07:49:59,222 DEBUG                  - depth 2, hash 2283b09, HEAD~661
2021-07-04 07:49:59,845 DEBUG    [line range] org/apache/commons/math/util/FastMath.java <clinit> 35:35
2021-07-04 07:49:59,948 DEBUG                  - depth 0, hash 80b1e90, HEAD~234
2021-07-04 07:49:59,955 DEBUG    [line range] org/apache/commons/math/util/FastMath.java buildSinCosTables 1757:1849
2021-07-04 07:50:00,058 DEBUG                  - depth 0, hash 80b1e90, HEAD~234
2021-07-04 07:50:00,066 DEBUG    [line range] org/apache/commons/math/util/FastMath.java expint 1107:1145
2021-07-04 07:50:00,171 DEBUG                  - depth 0, hash 80b1e90, HEAD~234
2021-07-04 07:50:00,177 DEBUG    [line range] org/apache/commons/math/util/FastMath.java max 3481:3483
2021-07-04 07:50:00,279 DEBUG                  - depth 0, hash 80b1e90, HEAD~234
2021-07-04 07:50:00,285 DEBUG    [line range] org/apache/commons/math/util/FastMath.java max 3463:3465
2021-07-04 07:50:00,387 DEBUG                  - depth 0, hash 80b1e90, HEAD~234
2021-07-04 07:50:00,393 DEBUG    [line range] org/apache/commons/math/util/FastMath.java min 3445:3447
2021-07-04 07:50:00,498 DEBUG                  - depth 0, hash 80b1e90, HEAD~234
2021-07-04 07:50:00,504 DEBUG    [line range] org/apache/commons/math/util/FastMath.java quadMult 1053:1100
2021-07-04 07:50:00,610 DEBUG                  - depth 0, hash 80b1e90, HEAD~234
2021-07-04 07:50:00,617 DEBUG    [line range] org/apache/commons/math/util/FastMath.java resplit 960:973
2021-07-04 07:50:00,724 DEBUG                  - depth 0, hash 80b1e90, HEAD~234
2021-07-04 07:50:00,730 DEBUG    [line range] org/apache/commons/math/util/FastMath.java slowCos 1718:1753
2021-07-04 07:50:00,831 DEBUG                  - depth 0, hash 80b1e90, HEAD~234
2021-07-04 07:50:00,838 DEBUG    [line range] org/apache/commons/math/util/FastMath.java slowLog 1626:1668
2021-07-04 07:50:00,943 DEBUG                  - depth 0, hash 80b1e90, HEAD~234
2021-07-04 07:50:00,950 DEBUG    [line range] org/apache/commons/math/util/FastMath.java slowSin 1676:1710
2021-07-04 07:50:01,053 DEBUG                  - depth 0, hash 80b1e90, HEAD~234
2021-07-04 07:50:01,059 DEBUG    [line range] org/apache/commons/math/util/FastMath.java slowexp 910:937
2021-07-04 07:50:01,161 DEBUG                  - depth 0, hash 80b1e90, HEAD~234
2021-07-04 07:50:01,168 DEBUG    [line range] org/apache/commons/math/util/FastMath.java split 944:954
2021-07-04 07:50:01,270 DEBUG                  - depth 0, hash 80b1e90, HEAD~234
2021-07-04 07:50:01,276 DEBUG    [line range] org/apache/commons/math/util/FastMath.java splitAdd 993:998
2021-07-04 07:50:01,381 DEBUG                  - depth 0, hash 80b1e90, HEAD~234
2021-07-04 07:50:01,386 DEBUG    [line range] org/apache/commons/math/util/FastMath.java splitMult 980:986
2021-07-04 07:50:01,491 DEBUG                  - depth 0, hash 80b1e90, HEAD~234
2021-07-04 07:50:01,497 DEBUG    [line range] org/apache/commons/math/util/FastMath.java splitReciprocal 1018:1046
2021-07-04 07:50:01,599 DEBUG                  - depth 0, hash 80b1e90, HEAD~234
2021-07-04 07:50:01,605 INFO     The number of BIC candidates: 11
