2021-07-04 07:58:19,624 INFO     Search BICs for /tmp/Math-66b/
2021-07-04 07:58:19,624 DEBUG    Reading the coverage of org.apache.commons.math.optimization.MultiStartUnivariateRealOptimizerTest::testQuinticMin (failings)
2021-07-04 07:58:19,645 DEBUG    Reading the coverage of org.apache.commons.math.optimization.univariate.BrentOptimizerTest::testSinMin (failings)
2021-07-04 07:58:19,673 DEBUG    Reading the coverage of org.apache.commons.math.optimization.MultiStartUnivariateRealOptimizerTest::testSinMin (failings)
2021-07-04 07:58:19,687 DEBUG    Reading the coverage of org.apache.commons.math.optimization.univariate.BrentOptimizerTest::testQuinticMinStatistics (failings)
2021-07-04 07:58:19,708 INFO     Loaded 4x626 Coverage Matrix
2021-07-04 07:58:19,708 INFO     The number of total commits: 2291
2021-07-04 07:58:20,005 DEBUG    [line range] org/apache/commons/math/ConvergingAlgorithmImpl.java <init> 60:69
2021-07-04 07:58:20,090 DEBUG                  - depth 0, hash 1422c5d, HEAD~802
2021-07-04 07:58:20,096 DEBUG    [line range] org/apache/commons/math/ConvergingAlgorithmImpl.java getAbsoluteAccuracy 91:93
2021-07-04 07:58:20,179 DEBUG                  - depth 0, hash 1422c5d, HEAD~802
2021-07-04 07:58:20,184 DEBUG    [line range] org/apache/commons/math/ConvergingAlgorithmImpl.java getIterationCount 81:83
2021-07-04 07:58:20,269 DEBUG                  - depth 0, hash 1422c5d, HEAD~802
2021-07-04 07:58:20,275 DEBUG    [line range] org/apache/commons/math/ConvergingAlgorithmImpl.java getRelativeAccuracy 121:123
2021-07-04 07:58:20,358 DEBUG                  - depth 0, hash 1422c5d, HEAD~802
2021-07-04 07:58:20,363 DEBUG    [line range] org/apache/commons/math/ConvergingAlgorithmImpl.java setAbsoluteAccuracy 86:88
2021-07-04 07:58:20,447 DEBUG                  - depth 0, hash 1422c5d, HEAD~802
2021-07-04 07:58:20,452 DEBUG    [line range] org/apache/commons/math/ConvergingAlgorithmImpl.java setMaximalIterationCount 101:103
2021-07-04 07:58:20,536 DEBUG                  - depth 0, hash 1422c5d, HEAD~802
2021-07-04 07:58:20,541 DEBUG    [line range] org/apache/commons/math/ConvergingAlgorithmImpl.java setRelativeAccuracy 116:118
2021-07-04 07:58:20,624 DEBUG                  - depth 0, hash 1422c5d, HEAD~802
2021-07-04 07:58:21,057 DEBUG    [line range] org/apache/commons/math/MathRuntimeException.java createIllegalStateException 442:462
2021-07-04 07:58:21,151 DEBUG                  - depth 0, hash 1eaea0b, HEAD~24
2021-07-04 07:58:21,157 DEBUG                  - depth 1, hash 43af48f, HEAD~273
2021-07-04 07:58:21,161 DEBUG                  - depth 2, hash 9c8d2c7, HEAD~689
2021-07-04 07:58:21,165 DEBUG                  - depth 3, hash 7f88773, HEAD~743
2021-07-04 07:58:21,169 DEBUG                  - depth 4, hash d67bfff, HEAD~870
2021-07-04 07:58:21,173 DEBUG                  - depth 5, hash eb74d69, HEAD~915
2021-07-04 07:58:21,177 DEBUG                  - depth 6, hash 2974de5, HEAD~919
2021-07-04 07:58:21,181 DEBUG    [line range] org/apache/commons/math/MathRuntimeException.java <init> 442:462
2021-07-04 07:58:21,275 DEBUG                  - depth 0, hash 1eaea0b, HEAD~24
2021-07-04 07:58:21,281 DEBUG                  - depth 1, hash 43af48f, HEAD~273
2021-07-04 07:58:21,285 DEBUG                  - depth 2, hash 9c8d2c7, HEAD~689
2021-07-04 07:58:21,289 DEBUG                  - depth 3, hash 7f88773, HEAD~743
2021-07-04 07:58:21,293 DEBUG                  - depth 4, hash d67bfff, HEAD~870
2021-07-04 07:58:21,297 DEBUG                  - depth 5, hash eb74d69, HEAD~915
2021-07-04 07:58:21,301 DEBUG                  - depth 6, hash 2974de5, HEAD~919
2021-07-04 07:58:21,561 DEBUG    [single line]   org/apache/commons/math/optimization/GoalType.java <clinit> 27
2021-07-04 07:58:21,647 DEBUG                  - depth 0, hash fbe5656, HEAD~737
2021-07-04 07:58:21,652 DEBUG                  - depth 1, hash 89ac173, HEAD~1437
2021-07-04 07:58:21,656 DEBUG    [single line]   org/apache/commons/math/optimization/GoalType.java <clinit> 30
2021-07-04 07:58:21,743 DEBUG                  - depth 0, hash fbe5656, HEAD~737
2021-07-04 07:58:21,749 DEBUG    [single line]   org/apache/commons/math/optimization/GoalType.java <clinit> 33
2021-07-04 07:58:21,833 DEBUG                  - depth 0, hash fbe5656, HEAD~737
2021-07-04 07:58:21,838 DEBUG                  - depth 1, hash a7755a3, HEAD~1118
2021-07-04 07:58:21,843 DEBUG                  - depth 2, hash 89ac173, HEAD~1437
2021-07-04 07:58:22,195 DEBUG    [line range] org/apache/commons/math/optimization/MultiStartUnivariateRealOptimizer.java <init> 78:88
2021-07-04 07:58:22,280 DEBUG                  - depth 0, hash c92a3d9, HEAD~492
2021-07-04 07:58:22,286 DEBUG                  - depth 1, hash faecb29, HEAD~720
2021-07-04 07:58:22,290 DEBUG    [line range] org/apache/commons/math/optimization/MultiStartUnivariateRealOptimizer.java getAbsoluteAccuracy 101:103
2021-07-04 07:58:22,374 DEBUG                  - depth 0, hash faecb29, HEAD~720
2021-07-04 07:58:22,380 DEBUG    [line range] org/apache/commons/math/optimization/MultiStartUnivariateRealOptimizer.java getOptima 192:197
2021-07-04 07:58:22,467 DEBUG                  - depth 0, hash 1eaea0b, HEAD~24
2021-07-04 07:58:22,472 DEBUG                  - depth 1, hash faecb29, HEAD~720
2021-07-04 07:58:22,477 DEBUG    [line range] org/apache/commons/math/optimization/MultiStartUnivariateRealOptimizer.java getOptimaValues 218:223
2021-07-04 07:58:22,561 DEBUG                  - depth 0, hash 1eaea0b, HEAD~24
2021-07-04 07:58:22,566 DEBUG                  - depth 1, hash 04ba9f0, HEAD~379
2021-07-04 07:58:22,570 DEBUG    [line range] org/apache/commons/math/optimization/MultiStartUnivariateRealOptimizer.java getRelativeAccuracy 126:128
2021-07-04 07:58:22,654 DEBUG                  - depth 0, hash faecb29, HEAD~720
2021-07-04 07:58:22,660 DEBUG    [line range] org/apache/commons/math/optimization/MultiStartUnivariateRealOptimizer.java optimize 226:310
2021-07-04 07:58:22,744 DEBUG                  - depth 0, hash 1eaea0b, HEAD~24
2021-07-04 07:58:22,750 DEBUG                  - depth 1, hash b0b3481, HEAD~378
2021-07-04 07:58:22,754 DEBUG                  - depth 2, hash 04ba9f0, HEAD~379
2021-07-04 07:58:22,758 DEBUG                  - depth 3, hash db089f4, HEAD~409
2021-07-04 07:58:22,762 DEBUG                  - depth 4, hash c92a3d9, HEAD~492
2021-07-04 07:58:22,766 DEBUG                  - depth 5, hash faecb29, HEAD~720
2021-07-04 07:58:22,771 DEBUG    [line range] org/apache/commons/math/optimization/MultiStartUnivariateRealOptimizer.java setAbsoluteAccuracy 146:148
2021-07-04 07:58:22,855 DEBUG                  - depth 0, hash faecb29, HEAD~720
2021-07-04 07:58:22,861 DEBUG    [line range] org/apache/commons/math/optimization/MultiStartUnivariateRealOptimizer.java setMaxEvaluations 156:158
2021-07-04 07:58:22,945 DEBUG                  - depth 0, hash c92a3d9, HEAD~492
2021-07-04 07:58:22,951 DEBUG    [line range] org/apache/commons/math/optimization/MultiStartUnivariateRealOptimizer.java setMaximalIterationCount 151:153
2021-07-04 07:58:23,035 DEBUG                  - depth 0, hash faecb29, HEAD~720
2021-07-04 07:58:23,041 DEBUG    [line range] org/apache/commons/math/optimization/MultiStartUnivariateRealOptimizer.java setRelativeAccuracy 161:163
2021-07-04 07:58:23,126 DEBUG                  - depth 0, hash faecb29, HEAD~720
2021-07-04 07:58:23,464 DEBUG    [line range] org/apache/commons/math/optimization/univariate/AbstractUnivariateRealOptimizer.java <init> 71:76
2021-07-04 07:58:23,549 DEBUG                  - depth 0, hash c92a3d9, HEAD~492
2021-07-04 07:58:23,554 DEBUG                  - depth 1, hash 4029aa3, HEAD~715
2021-07-04 07:58:23,558 DEBUG    [line range] org/apache/commons/math/optimization/univariate/AbstractUnivariateRealOptimizer.java clearResult 136:138
2021-07-04 07:58:23,643 DEBUG                  - depth 0, hash 4029aa3, HEAD~715
2021-07-04 07:58:23,648 DEBUG    [line range] org/apache/commons/math/optimization/univariate/AbstractUnivariateRealOptimizer.java computeObjectiveValue 190:198
2021-07-04 07:58:23,733 DEBUG                  - depth 0, hash c92a3d9, HEAD~492
2021-07-04 07:58:23,738 DEBUG    [line range] org/apache/commons/math/optimization/univariate/AbstractUnivariateRealOptimizer.java getEvaluations 151:153
2021-07-04 07:58:23,823 DEBUG                  - depth 0, hash c92a3d9, HEAD~492
2021-07-04 07:58:23,828 DEBUG    [line range] org/apache/commons/math/optimization/univariate/AbstractUnivariateRealOptimizer.java getFunctionValue 104:114
2021-07-04 07:58:23,915 DEBUG                  - depth 0, hash 7bbad39, HEAD~0
2021-07-04 07:58:23,921 DEBUG                  - depth 1, hash 4029aa3, HEAD~715
2021-07-04 07:58:23,925 DEBUG    [line range] org/apache/commons/math/optimization/univariate/AbstractUnivariateRealOptimizer.java setMaxEvaluations 141:143
2021-07-04 07:58:24,013 DEBUG                  - depth 0, hash c92a3d9, HEAD~492
2021-07-04 07:58:24,018 DEBUG    [line range] org/apache/commons/math/optimization/univariate/AbstractUnivariateRealOptimizer.java setResult 124:130
2021-07-04 07:58:24,104 DEBUG                  - depth 0, hash 4029aa3, HEAD~715
2021-07-04 07:58:24,477 DEBUG    [line range] org/apache/commons/math/optimization/univariate/BrentOptimizer.java <clinit> 38:38
2021-07-04 07:58:24,563 DEBUG                  - depth 0, hash a0943be, HEAD~305
2021-07-04 07:58:24,568 DEBUG                  - depth 1, hash 85387dc, HEAD~801
2021-07-04 07:58:24,573 DEBUG    [line range] org/apache/commons/math/optimization/univariate/BrentOptimizer.java <init> 43:45
2021-07-04 07:58:24,658 DEBUG                  - depth 0, hash 4029aa3, HEAD~715
2021-07-04 07:58:24,663 DEBUG                  - depth 1, hash 85387dc, HEAD~801
2021-07-04 07:58:24,668 DEBUG    [line range] org/apache/commons/math/optimization/univariate/BrentOptimizer.java localMin 88:238
2021-07-04 07:58:24,753 DEBUG                  - depth 0, hash 65c7c96, HEAD~4
2021-07-04 07:58:24,759 DEBUG                  - depth 1, hash a0943be, HEAD~305
2021-07-04 07:58:24,763 DEBUG                  - depth 2, hash c92a3d9, HEAD~492
2021-07-04 07:58:24,767 DEBUG                  - depth 3, hash 4029aa3, HEAD~715
2021-07-04 07:58:24,771 DEBUG                  - depth 4, hash 95d6fcb, HEAD~799
2021-07-04 07:58:24,775 DEBUG                  - depth 5, hash 85387dc, HEAD~801
2021-07-04 07:58:24,780 DEBUG    [line range] org/apache/commons/math/optimization/univariate/BrentOptimizer.java optimize 57:61
2021-07-04 07:58:24,866 DEBUG                  - depth 0, hash 65c7c96, HEAD~4
2021-07-04 07:58:24,872 DEBUG                  - depth 1, hash 4029aa3, HEAD~715
2021-07-04 07:58:24,876 DEBUG                  - depth 2, hash 95d6fcb, HEAD~799
2021-07-04 07:58:24,880 DEBUG                  - depth 3, hash 85387dc, HEAD~801
2021-07-04 07:58:24,884 DEBUG    [line range] org/apache/commons/math/optimization/univariate/BrentOptimizer.java optimize 48:54
2021-07-04 07:58:24,970 DEBUG                  - depth 0, hash 65c7c96, HEAD~4
2021-07-04 07:58:24,975 DEBUG                  - depth 1, hash 4029aa3, HEAD~715
2021-07-04 07:58:24,979 DEBUG                  - depth 2, hash 95d6fcb, HEAD~799
2021-07-04 07:58:24,983 DEBUG                  - depth 3, hash 85387dc, HEAD~801
2021-07-04 07:58:25,260 DEBUG    [single line]   org/apache/commons/math/random/JDKRandomGenerator.java <init> 28
2021-07-04 07:58:25,344 DEBUG                  - depth 0, hash 2cb671b, HEAD~1567
2021-07-04 07:58:25,716 DEBUG    [single line]   org/apache/commons/math/util/LocalizedFormats.java <clinit> 40
2021-07-04 07:58:25,800 DEBUG                  - depth 0, hash 1eaea0b, HEAD~24
2021-07-04 07:58:25,805 DEBUG    [single line]   org/apache/commons/math/util/LocalizedFormats.java <clinit> 44
2021-07-04 07:58:25,888 DEBUG                  - depth 0, hash 1eaea0b, HEAD~24
2021-07-04 07:58:25,894 DEBUG    [single line]   org/apache/commons/math/util/LocalizedFormats.java <clinit> 45
2021-07-04 07:58:25,977 DEBUG                  - depth 0, hash 1eaea0b, HEAD~24
2021-07-04 07:58:25,983 DEBUG    [single line]   org/apache/commons/math/util/LocalizedFormats.java <clinit> 46
2021-07-04 07:58:26,066 DEBUG                  - depth 0, hash d81a1df, HEAD~21
2021-07-04 07:58:26,071 DEBUG    [single line]   org/apache/commons/math/util/LocalizedFormats.java <clinit> 47
2021-07-04 07:58:26,156 DEBUG                  - depth 0, hash 1eaea0b, HEAD~24
2021-07-04 07:58:26,161 DEBUG    [single line]   org/apache/commons/math/util/LocalizedFormats.java <clinit> 48
2021-07-04 07:58:26,244 DEBUG                  - depth 0, hash 1eaea0b, HEAD~24
2021-07-04 07:58:26,250 DEBUG    [single line]   org/apache/commons/math/util/LocalizedFormats.java <clinit> 49
2021-07-04 07:58:26,333 DEBUG                  - depth 0, hash 1eaea0b, HEAD~24
2021-07-04 07:58:26,339 DEBUG    [single line]   org/apache/commons/math/util/LocalizedFormats.java <clinit> 50
2021-07-04 07:58:26,422 DEBUG                  - depth 0, hash 1eaea0b, HEAD~24
2021-07-04 07:58:26,427 DEBUG    [single line]   org/apache/commons/math/util/LocalizedFormats.java <clinit> 51
2021-07-04 07:58:26,514 DEBUG                  - depth 0, hash 1eaea0b, HEAD~24
2021-07-04 07:58:26,519 DEBUG    [single line]   org/apache/commons/math/util/LocalizedFormats.java <clinit> 52
2021-07-04 07:58:26,606 DEBUG                  - depth 0, hash 1eaea0b, HEAD~24
2021-07-04 07:58:26,611 DEBUG    [single line]   org/apache/commons/math/util/LocalizedFormats.java <clinit> 53
2021-07-04 07:58:26,695 DEBUG                  - depth 0, hash 1eaea0b, HEAD~24
2021-07-04 07:58:26,700 DEBUG    [single line]   org/apache/commons/math/util/LocalizedFormats.java <clinit> 54
2021-07-04 07:58:26,784 DEBUG                  - depth 0, hash 1eaea0b, HEAD~24
2021-07-04 07:58:26,789 DEBUG    [single line]   org/apache/commons/math/util/LocalizedFormats.java <clinit> 55
2021-07-04 07:58:26,874 DEBUG                  - depth 0, hash d81a1df, HEAD~21
2021-07-04 07:58:26,880 DEBUG    [single line]   org/apache/commons/math/util/LocalizedFormats.java <clinit> 56
2021-07-04 07:58:26,963 DEBUG                  - depth 0, hash d81a1df, HEAD~21
2021-07-04 07:58:26,968 DEBUG    [single line]   org/apache/commons/math/util/LocalizedFormats.java <clinit> 57
2021-07-04 07:58:27,051 DEBUG                  - depth 0, hash 1eaea0b, HEAD~24
2021-07-04 07:58:27,057 DEBUG    [single line]   org/apache/commons/math/util/LocalizedFormats.java <clinit> 58
2021-07-04 07:58:27,141 DEBUG                  - depth 0, hash 1eaea0b, HEAD~24
2021-07-04 07:58:27,147 DEBUG    [single line]   org/apache/commons/math/util/LocalizedFormats.java <clinit> 59
2021-07-04 07:58:27,230 DEBUG                  - depth 0, hash 1eaea0b, HEAD~24
2021-07-04 07:58:27,236 DEBUG    [single line]   org/apache/commons/math/util/LocalizedFormats.java <clinit> 60
2021-07-04 07:58:27,320 DEBUG                  - depth 0, hash 1eaea0b, HEAD~24
2021-07-04 07:58:27,325 DEBUG    [single line]   org/apache/commons/math/util/LocalizedFormats.java <clinit> 61
2021-07-04 07:58:27,409 DEBUG                  - depth 0, hash 1eaea0b, HEAD~24
2021-07-04 07:58:27,414 DEBUG    [single line]   org/apache/commons/math/util/LocalizedFormats.java <clinit> 62
2021-07-04 07:58:27,498 DEBUG                  - depth 0, hash 1eaea0b, HEAD~24
2021-07-04 07:58:27,503 DEBUG    [single line]   org/apache/commons/math/util/LocalizedFormats.java <clinit> 63
2021-07-04 07:58:27,587 DEBUG                  - depth 0, hash 1eaea0b, HEAD~24
2021-07-04 07:58:27,592 DEBUG    [single line]   org/apache/commons/math/util/LocalizedFormats.java <clinit> 64
2021-07-04 07:58:27,676 DEBUG                  - depth 0, hash 1eaea0b, HEAD~24
2021-07-04 07:58:27,681 DEBUG    [single line]   org/apache/commons/math/util/LocalizedFormats.java <clinit> 65
2021-07-04 07:58:27,765 DEBUG                  - depth 0, hash 1eaea0b, HEAD~24
2021-07-04 07:58:27,770 DEBUG    [single line]   org/apache/commons/math/util/LocalizedFormats.java <clinit> 66
2021-07-04 07:58:27,853 DEBUG                  - depth 0, hash 1eaea0b, HEAD~24
2021-07-04 07:58:27,859 DEBUG    [single line]   org/apache/commons/math/util/LocalizedFormats.java <clinit> 67
2021-07-04 07:58:27,942 DEBUG                  - depth 0, hash 1eaea0b, HEAD~24
2021-07-04 07:58:27,947 DEBUG    [single line]   org/apache/commons/math/util/LocalizedFormats.java <clinit> 68
2021-07-04 07:58:28,031 DEBUG                  - depth 0, hash 1eaea0b, HEAD~24
2021-07-04 07:58:28,036 DEBUG    [single line]   org/apache/commons/math/util/LocalizedFormats.java <clinit> 69
2021-07-04 07:58:28,120 DEBUG                  - depth 0, hash 1eaea0b, HEAD~24
2021-07-04 07:58:28,126 DEBUG    [single line]   org/apache/commons/math/util/LocalizedFormats.java <clinit> 70
2021-07-04 07:58:28,209 DEBUG                  - depth 0, hash 1eaea0b, HEAD~24
2021-07-04 07:58:28,215 DEBUG    [single line]   org/apache/commons/math/util/LocalizedFormats.java <clinit> 71
2021-07-04 07:58:28,298 DEBUG                  - depth 0, hash 1eaea0b, HEAD~24
2021-07-04 07:58:28,304 DEBUG    [single line]   org/apache/commons/math/util/LocalizedFormats.java <clinit> 72
2021-07-04 07:58:28,387 DEBUG                  - depth 0, hash 1eaea0b, HEAD~24
2021-07-04 07:58:28,393 DEBUG    [single line]   org/apache/commons/math/util/LocalizedFormats.java <clinit> 73
2021-07-04 07:58:28,479 DEBUG                  - depth 0, hash 1eaea0b, HEAD~24
2021-07-04 07:58:28,485 DEBUG    [single line]   org/apache/commons/math/util/LocalizedFormats.java <clinit> 74
2021-07-04 07:58:28,571 DEBUG                  - depth 0, hash 1eaea0b, HEAD~24
2021-07-04 07:58:28,577 DEBUG    [single line]   org/apache/commons/math/util/LocalizedFormats.java <clinit> 75
2021-07-04 07:58:28,662 DEBUG                  - depth 0, hash 1eaea0b, HEAD~24
2021-07-04 07:58:28,667 DEBUG    [single line]   org/apache/commons/math/util/LocalizedFormats.java <clinit> 76
2021-07-04 07:58:28,751 DEBUG                  - depth 0, hash 1eaea0b, HEAD~24
2021-07-04 07:58:28,756 DEBUG    [single line]   org/apache/commons/math/util/LocalizedFormats.java <clinit> 77
2021-07-04 07:58:28,841 DEBUG                  - depth 0, hash 1eaea0b, HEAD~24
2021-07-04 07:58:28,846 DEBUG    [single line]   org/apache/commons/math/util/LocalizedFormats.java <clinit> 78
2021-07-04 07:58:28,930 DEBUG                  - depth 0, hash 1eaea0b, HEAD~24
2021-07-04 07:58:28,935 DEBUG    [single line]   org/apache/commons/math/util/LocalizedFormats.java <clinit> 79
2021-07-04 07:58:29,019 DEBUG                  - depth 0, hash 1eaea0b, HEAD~24
2021-07-04 07:58:29,024 DEBUG    [single line]   org/apache/commons/math/util/LocalizedFormats.java <clinit> 80
2021-07-04 07:58:29,108 DEBUG                  - depth 0, hash 1eaea0b, HEAD~24
2021-07-04 07:58:29,113 DEBUG    [single line]   org/apache/commons/math/util/LocalizedFormats.java <clinit> 81
2021-07-04 07:58:29,196 DEBUG                  - depth 0, hash 1eaea0b, HEAD~24
2021-07-04 07:58:29,202 DEBUG    [single line]   org/apache/commons/math/util/LocalizedFormats.java <clinit> 82
2021-07-04 07:58:29,285 DEBUG                  - depth 0, hash 1eaea0b, HEAD~24
2021-07-04 07:58:29,290 DEBUG    [single line]   org/apache/commons/math/util/LocalizedFormats.java <clinit> 83
2021-07-04 07:58:29,374 DEBUG                  - depth 0, hash 3693e02, HEAD~16
2021-07-04 07:58:29,379 DEBUG                  - depth 1, hash 1eaea0b, HEAD~24
2021-07-04 07:58:29,383 DEBUG    [single line]   org/apache/commons/math/util/LocalizedFormats.java <clinit> 84
2021-07-04 07:58:29,470 DEBUG                  - depth 0, hash 1eaea0b, HEAD~24
2021-07-04 07:58:29,475 DEBUG    [single line]   org/apache/commons/math/util/LocalizedFormats.java <clinit> 85
2021-07-04 07:58:29,559 DEBUG                  - depth 0, hash 1eaea0b, HEAD~24
2021-07-04 07:58:29,564 DEBUG    [single line]   org/apache/commons/math/util/LocalizedFormats.java <clinit> 86
2021-07-04 07:58:29,648 DEBUG                  - depth 0, hash 1eaea0b, HEAD~24
2021-07-04 07:58:29,653 DEBUG    [single line]   org/apache/commons/math/util/LocalizedFormats.java <clinit> 87
2021-07-04 07:58:29,737 DEBUG                  - depth 0, hash 40c5b89, HEAD~10
2021-07-04 07:58:29,742 DEBUG                  - depth 1, hash 1eaea0b, HEAD~24
2021-07-04 07:58:29,747 DEBUG    [single line]   org/apache/commons/math/util/LocalizedFormats.java <clinit> 88
2021-07-04 07:58:29,830 DEBUG                  - depth 0, hash 1eaea0b, HEAD~24
2021-07-04 07:58:29,835 DEBUG    [single line]   org/apache/commons/math/util/LocalizedFormats.java <clinit> 89
2021-07-04 07:58:29,919 DEBUG                  - depth 0, hash 1eaea0b, HEAD~24
2021-07-04 07:58:29,924 DEBUG    [single line]   org/apache/commons/math/util/LocalizedFormats.java <clinit> 90
2021-07-04 07:58:30,007 DEBUG                  - depth 0, hash 1eaea0b, HEAD~24
2021-07-04 07:58:30,013 DEBUG    [single line]   org/apache/commons/math/util/LocalizedFormats.java <clinit> 91
2021-07-04 07:58:30,096 DEBUG                  - depth 0, hash 1eaea0b, HEAD~24
2021-07-04 07:58:30,102 DEBUG    [single line]   org/apache/commons/math/util/LocalizedFormats.java <clinit> 92
2021-07-04 07:58:30,186 DEBUG                  - depth 0, hash 1eaea0b, HEAD~24
2021-07-04 07:58:30,191 DEBUG    [single line]   org/apache/commons/math/util/LocalizedFormats.java <clinit> 93
2021-07-04 07:58:30,275 DEBUG                  - depth 0, hash 1eaea0b, HEAD~24
2021-07-04 07:58:30,280 DEBUG    [single line]   org/apache/commons/math/util/LocalizedFormats.java <clinit> 94
2021-07-04 07:58:30,363 DEBUG                  - depth 0, hash 1eaea0b, HEAD~24
2021-07-04 07:58:30,369 DEBUG    [single line]   org/apache/commons/math/util/LocalizedFormats.java <clinit> 95
2021-07-04 07:58:30,452 DEBUG                  - depth 0, hash 1eaea0b, HEAD~24
2021-07-04 07:58:30,457 DEBUG    [single line]   org/apache/commons/math/util/LocalizedFormats.java <clinit> 96
2021-07-04 07:58:30,541 DEBUG                  - depth 0, hash 1eaea0b, HEAD~24
2021-07-04 07:58:30,546 DEBUG    [single line]   org/apache/commons/math/util/LocalizedFormats.java <clinit> 97
2021-07-04 07:58:30,632 DEBUG                  - depth 0, hash 1eaea0b, HEAD~24
2021-07-04 07:58:30,638 DEBUG    [single line]   org/apache/commons/math/util/LocalizedFormats.java <clinit> 98
2021-07-04 07:58:30,721 DEBUG                  - depth 0, hash 1eaea0b, HEAD~24
2021-07-04 07:58:30,727 DEBUG    [single line]   org/apache/commons/math/util/LocalizedFormats.java <clinit> 99
2021-07-04 07:58:30,811 DEBUG                  - depth 0, hash 1eaea0b, HEAD~24
2021-07-04 07:58:30,816 DEBUG    [single line]   org/apache/commons/math/util/LocalizedFormats.java <clinit> 100
2021-07-04 07:58:30,900 DEBUG                  - depth 0, hash 1eaea0b, HEAD~24
2021-07-04 07:58:30,905 DEBUG    [single line]   org/apache/commons/math/util/LocalizedFormats.java <clinit> 101
2021-07-04 07:58:30,989 DEBUG                  - depth 0, hash 1eaea0b, HEAD~24
2021-07-04 07:58:30,994 DEBUG    [single line]   org/apache/commons/math/util/LocalizedFormats.java <clinit> 102
2021-07-04 07:58:31,078 DEBUG                  - depth 0, hash 1eaea0b, HEAD~24
2021-07-04 07:58:31,084 DEBUG    [single line]   org/apache/commons/math/util/LocalizedFormats.java <clinit> 103
2021-07-04 07:58:31,168 DEBUG                  - depth 0, hash 1eaea0b, HEAD~24
2021-07-04 07:58:31,174 DEBUG    [single line]   org/apache/commons/math/util/LocalizedFormats.java <clinit> 104
2021-07-04 07:58:31,257 DEBUG                  - depth 0, hash 1eaea0b, HEAD~24
2021-07-04 07:58:31,262 DEBUG    [single line]   org/apache/commons/math/util/LocalizedFormats.java <clinit> 105
2021-07-04 07:58:31,346 DEBUG                  - depth 0, hash 1eaea0b, HEAD~24
2021-07-04 07:58:31,352 DEBUG    [single line]   org/apache/commons/math/util/LocalizedFormats.java <clinit> 106
2021-07-04 07:58:31,435 DEBUG                  - depth 0, hash 1eaea0b, HEAD~24
2021-07-04 07:58:31,441 DEBUG    [single line]   org/apache/commons/math/util/LocalizedFormats.java <clinit> 107
2021-07-04 07:58:31,524 DEBUG                  - depth 0, hash 1eaea0b, HEAD~24
2021-07-04 07:58:31,530 DEBUG    [single line]   org/apache/commons/math/util/LocalizedFormats.java <clinit> 108
2021-07-04 07:58:31,614 DEBUG                  - depth 0, hash 1eaea0b, HEAD~24
2021-07-04 07:58:31,619 DEBUG    [single line]   org/apache/commons/math/util/LocalizedFormats.java <clinit> 109
2021-07-04 07:58:31,703 DEBUG                  - depth 0, hash 1eaea0b, HEAD~24
2021-07-04 07:58:31,708 DEBUG    [single line]   org/apache/commons/math/util/LocalizedFormats.java <clinit> 110
2021-07-04 07:58:31,792 DEBUG                  - depth 0, hash 1eaea0b, HEAD~24
2021-07-04 07:58:31,798 DEBUG    [single line]   org/apache/commons/math/util/LocalizedFormats.java <clinit> 111
2021-07-04 07:58:31,881 DEBUG                  - depth 0, hash 1eaea0b, HEAD~24
2021-07-04 07:58:31,887 DEBUG    [single line]   org/apache/commons/math/util/LocalizedFormats.java <clinit> 112
2021-07-04 07:58:31,970 DEBUG                  - depth 0, hash 1eaea0b, HEAD~24
2021-07-04 07:58:31,976 DEBUG    [single line]   org/apache/commons/math/util/LocalizedFormats.java <clinit> 113
2021-07-04 07:58:32,060 DEBUG                  - depth 0, hash 1eaea0b, HEAD~24
2021-07-04 07:58:32,065 DEBUG    [single line]   org/apache/commons/math/util/LocalizedFormats.java <clinit> 114
2021-07-04 07:58:32,152 DEBUG                  - depth 0, hash 1eaea0b, HEAD~24
2021-07-04 07:58:32,157 DEBUG    [single line]   org/apache/commons/math/util/LocalizedFormats.java <clinit> 115
2021-07-04 07:58:32,244 DEBUG                  - depth 0, hash 1eaea0b, HEAD~24
2021-07-04 07:58:32,249 DEBUG    [single line]   org/apache/commons/math/util/LocalizedFormats.java <clinit> 116
2021-07-04 07:58:32,333 DEBUG                  - depth 0, hash 1eaea0b, HEAD~24
2021-07-04 07:58:32,338 DEBUG    [single line]   org/apache/commons/math/util/LocalizedFormats.java <clinit> 117
2021-07-04 07:58:32,423 DEBUG                  - depth 0, hash 1eaea0b, HEAD~24
2021-07-04 07:58:32,428 DEBUG    [single line]   org/apache/commons/math/util/LocalizedFormats.java <clinit> 118
2021-07-04 07:58:32,512 DEBUG                  - depth 0, hash 1eaea0b, HEAD~24
2021-07-04 07:58:32,518 DEBUG    [single line]   org/apache/commons/math/util/LocalizedFormats.java <clinit> 119
2021-07-04 07:58:32,601 DEBUG                  - depth 0, hash 1eaea0b, HEAD~24
2021-07-04 07:58:32,607 DEBUG    [single line]   org/apache/commons/math/util/LocalizedFormats.java <clinit> 120
2021-07-04 07:58:32,690 DEBUG                  - depth 0, hash 1eaea0b, HEAD~24
2021-07-04 07:58:32,696 DEBUG    [single line]   org/apache/commons/math/util/LocalizedFormats.java <clinit> 121
2021-07-04 07:58:32,779 DEBUG                  - depth 0, hash 1eaea0b, HEAD~24
2021-07-04 07:58:32,785 DEBUG    [single line]   org/apache/commons/math/util/LocalizedFormats.java <clinit> 122
2021-07-04 07:58:32,871 DEBUG                  - depth 0, hash 1eaea0b, HEAD~24
2021-07-04 07:58:32,877 DEBUG    [single line]   org/apache/commons/math/util/LocalizedFormats.java <clinit> 123
2021-07-04 07:58:32,965 DEBUG                  - depth 0, hash 1eaea0b, HEAD~24
2021-07-04 07:58:32,970 DEBUG    [single line]   org/apache/commons/math/util/LocalizedFormats.java <clinit> 124
2021-07-04 07:58:33,053 DEBUG                  - depth 0, hash 1eaea0b, HEAD~24
2021-07-04 07:58:33,059 DEBUG    [single line]   org/apache/commons/math/util/LocalizedFormats.java <clinit> 125
2021-07-04 07:58:33,142 DEBUG                  - depth 0, hash 1eaea0b, HEAD~24
2021-07-04 07:58:33,148 DEBUG    [single line]   org/apache/commons/math/util/LocalizedFormats.java <clinit> 126
2021-07-04 07:58:33,231 DEBUG                  - depth 0, hash 1eaea0b, HEAD~24
2021-07-04 07:58:33,237 DEBUG    [single line]   org/apache/commons/math/util/LocalizedFormats.java <clinit> 127
2021-07-04 07:58:33,320 DEBUG                  - depth 0, hash 1eaea0b, HEAD~24
2021-07-04 07:58:33,326 DEBUG    [single line]   org/apache/commons/math/util/LocalizedFormats.java <clinit> 128
2021-07-04 07:58:33,409 DEBUG                  - depth 0, hash 1eaea0b, HEAD~24
2021-07-04 07:58:33,415 DEBUG    [single line]   org/apache/commons/math/util/LocalizedFormats.java <clinit> 129
2021-07-04 07:58:33,499 DEBUG                  - depth 0, hash 1eaea0b, HEAD~24
2021-07-04 07:58:33,504 DEBUG    [single line]   org/apache/commons/math/util/LocalizedFormats.java <clinit> 130
2021-07-04 07:58:33,588 DEBUG                  - depth 0, hash 1eaea0b, HEAD~24
2021-07-04 07:58:33,593 DEBUG    [single line]   org/apache/commons/math/util/LocalizedFormats.java <clinit> 131
2021-07-04 07:58:33,677 DEBUG                  - depth 0, hash 1eaea0b, HEAD~24
2021-07-04 07:58:33,682 DEBUG    [single line]   org/apache/commons/math/util/LocalizedFormats.java <clinit> 132
2021-07-04 07:58:33,766 DEBUG                  - depth 0, hash 1eaea0b, HEAD~24
2021-07-04 07:58:33,772 DEBUG    [single line]   org/apache/commons/math/util/LocalizedFormats.java <clinit> 133
2021-07-04 07:58:33,855 DEBUG                  - depth 0, hash 1eaea0b, HEAD~24
2021-07-04 07:58:33,861 DEBUG    [single line]   org/apache/commons/math/util/LocalizedFormats.java <clinit> 134
2021-07-04 07:58:33,944 DEBUG                  - depth 0, hash 40c5b89, HEAD~10
2021-07-04 07:58:33,950 DEBUG                  - depth 1, hash 1eaea0b, HEAD~24
2021-07-04 07:58:33,954 DEBUG    [single line]   org/apache/commons/math/util/LocalizedFormats.java <clinit> 135
2021-07-04 07:58:34,037 DEBUG                  - depth 0, hash 1eaea0b, HEAD~24
2021-07-04 07:58:34,043 DEBUG    [single line]   org/apache/commons/math/util/LocalizedFormats.java <clinit> 136
2021-07-04 07:58:34,126 DEBUG                  - depth 0, hash 1eaea0b, HEAD~24
2021-07-04 07:58:34,132 DEBUG    [single line]   org/apache/commons/math/util/LocalizedFormats.java <clinit> 137
2021-07-04 07:58:34,215 DEBUG                  - depth 0, hash 1eaea0b, HEAD~24
2021-07-04 07:58:34,220 DEBUG    [single line]   org/apache/commons/math/util/LocalizedFormats.java <clinit> 138
2021-07-04 07:58:34,304 DEBUG                  - depth 0, hash 1eaea0b, HEAD~24
2021-07-04 07:58:34,310 DEBUG    [single line]   org/apache/commons/math/util/LocalizedFormats.java <clinit> 139
2021-07-04 07:58:34,393 DEBUG                  - depth 0, hash 1eaea0b, HEAD~24
2021-07-04 07:58:34,399 DEBUG    [single line]   org/apache/commons/math/util/LocalizedFormats.java <clinit> 140
2021-07-04 07:58:34,485 DEBUG                  - depth 0, hash 1eaea0b, HEAD~24
2021-07-04 07:58:34,491 DEBUG    [single line]   org/apache/commons/math/util/LocalizedFormats.java <clinit> 141
2021-07-04 07:58:34,576 DEBUG                  - depth 0, hash d81a1df, HEAD~21
2021-07-04 07:58:34,582 DEBUG    [single line]   org/apache/commons/math/util/LocalizedFormats.java <clinit> 142
2021-07-04 07:58:34,669 DEBUG                  - depth 0, hash 1eaea0b, HEAD~24
2021-07-04 07:58:34,674 DEBUG    [single line]   org/apache/commons/math/util/LocalizedFormats.java <clinit> 143
2021-07-04 07:58:34,761 DEBUG                  - depth 0, hash 1eaea0b, HEAD~24
2021-07-04 07:58:34,766 DEBUG    [single line]   org/apache/commons/math/util/LocalizedFormats.java <clinit> 144
2021-07-04 07:58:34,852 DEBUG                  - depth 0, hash 1eaea0b, HEAD~24
2021-07-04 07:58:34,858 DEBUG    [single line]   org/apache/commons/math/util/LocalizedFormats.java <clinit> 145
2021-07-04 07:58:34,942 DEBUG                  - depth 0, hash 1eaea0b, HEAD~24
2021-07-04 07:58:34,947 DEBUG    [single line]   org/apache/commons/math/util/LocalizedFormats.java <clinit> 146
2021-07-04 07:58:35,031 DEBUG                  - depth 0, hash 1eaea0b, HEAD~24
2021-07-04 07:58:35,036 DEBUG    [single line]   org/apache/commons/math/util/LocalizedFormats.java <clinit> 147
2021-07-04 07:58:35,120 DEBUG                  - depth 0, hash 1eaea0b, HEAD~24
2021-07-04 07:58:35,126 DEBUG    [single line]   org/apache/commons/math/util/LocalizedFormats.java <clinit> 148
2021-07-04 07:58:35,209 DEBUG                  - depth 0, hash 1eaea0b, HEAD~24
2021-07-04 07:58:35,215 DEBUG    [single line]   org/apache/commons/math/util/LocalizedFormats.java <clinit> 149
2021-07-04 07:58:35,299 DEBUG                  - depth 0, hash 1eaea0b, HEAD~24
2021-07-04 07:58:35,304 DEBUG    [single line]   org/apache/commons/math/util/LocalizedFormats.java <clinit> 150
2021-07-04 07:58:35,388 DEBUG                  - depth 0, hash 1eaea0b, HEAD~24
2021-07-04 07:58:35,393 DEBUG    [single line]   org/apache/commons/math/util/LocalizedFormats.java <clinit> 151
2021-07-04 07:58:35,478 DEBUG                  - depth 0, hash 1eaea0b, HEAD~24
2021-07-04 07:58:35,483 DEBUG    [single line]   org/apache/commons/math/util/LocalizedFormats.java <clinit> 152
2021-07-04 07:58:35,567 DEBUG                  - depth 0, hash 1eaea0b, HEAD~24
2021-07-04 07:58:35,573 DEBUG    [single line]   org/apache/commons/math/util/LocalizedFormats.java <clinit> 153
2021-07-04 07:58:35,660 DEBUG                  - depth 0, hash 1eaea0b, HEAD~24
2021-07-04 07:58:35,666 DEBUG    [single line]   org/apache/commons/math/util/LocalizedFormats.java <clinit> 154
2021-07-04 07:58:35,749 DEBUG                  - depth 0, hash 1eaea0b, HEAD~24
2021-07-04 07:58:35,754 DEBUG    [single line]   org/apache/commons/math/util/LocalizedFormats.java <clinit> 155
2021-07-04 07:58:35,841 DEBUG                  - depth 0, hash 1eaea0b, HEAD~24
2021-07-04 07:58:35,847 DEBUG    [single line]   org/apache/commons/math/util/LocalizedFormats.java <clinit> 156
2021-07-04 07:58:35,931 DEBUG                  - depth 0, hash 1eaea0b, HEAD~24
2021-07-04 07:58:35,937 DEBUG    [single line]   org/apache/commons/math/util/LocalizedFormats.java <clinit> 157
2021-07-04 07:58:36,021 DEBUG                  - depth 0, hash 1eaea0b, HEAD~24
2021-07-04 07:58:36,026 DEBUG    [single line]   org/apache/commons/math/util/LocalizedFormats.java <clinit> 158
2021-07-04 07:58:36,110 DEBUG                  - depth 0, hash 1eaea0b, HEAD~24
2021-07-04 07:58:36,115 DEBUG    [single line]   org/apache/commons/math/util/LocalizedFormats.java <clinit> 159
2021-07-04 07:58:36,199 DEBUG                  - depth 0, hash 1eaea0b, HEAD~24
2021-07-04 07:58:36,204 DEBUG    [single line]   org/apache/commons/math/util/LocalizedFormats.java <clinit> 160
2021-07-04 07:58:36,288 DEBUG                  - depth 0, hash 1eaea0b, HEAD~24
2021-07-04 07:58:36,294 DEBUG    [single line]   org/apache/commons/math/util/LocalizedFormats.java <clinit> 161
2021-07-04 07:58:36,377 DEBUG                  - depth 0, hash 1eaea0b, HEAD~24
2021-07-04 07:58:36,383 DEBUG    [single line]   org/apache/commons/math/util/LocalizedFormats.java <clinit> 162
2021-07-04 07:58:36,469 DEBUG                  - depth 0, hash 1eaea0b, HEAD~24
2021-07-04 07:58:36,474 DEBUG    [single line]   org/apache/commons/math/util/LocalizedFormats.java <clinit> 163
2021-07-04 07:58:36,558 DEBUG                  - depth 0, hash 8c13108, HEAD~13
2021-07-04 07:58:36,563 DEBUG    [single line]   org/apache/commons/math/util/LocalizedFormats.java <clinit> 164
2021-07-04 07:58:36,647 DEBUG                  - depth 0, hash 1eaea0b, HEAD~24
2021-07-04 07:58:36,653 DEBUG    [single line]   org/apache/commons/math/util/LocalizedFormats.java <clinit> 165
2021-07-04 07:58:36,736 DEBUG                  - depth 0, hash 1eaea0b, HEAD~24
2021-07-04 07:58:36,742 DEBUG    [single line]   org/apache/commons/math/util/LocalizedFormats.java <clinit> 166
2021-07-04 07:58:36,825 DEBUG                  - depth 0, hash 1eaea0b, HEAD~24
2021-07-04 07:58:36,831 DEBUG    [single line]   org/apache/commons/math/util/LocalizedFormats.java <clinit> 167
2021-07-04 07:58:36,914 DEBUG                  - depth 0, hash 8c13108, HEAD~13
2021-07-04 07:58:36,920 DEBUG    [single line]   org/apache/commons/math/util/LocalizedFormats.java <clinit> 168
2021-07-04 07:58:37,003 DEBUG                  - depth 0, hash 1eaea0b, HEAD~24
2021-07-04 07:58:37,009 DEBUG    [single line]   org/apache/commons/math/util/LocalizedFormats.java <clinit> 169
2021-07-04 07:58:37,092 DEBUG                  - depth 0, hash 1eaea0b, HEAD~24
2021-07-04 07:58:37,098 DEBUG    [single line]   org/apache/commons/math/util/LocalizedFormats.java <clinit> 170
2021-07-04 07:58:37,181 DEBUG                  - depth 0, hash 1eaea0b, HEAD~24
2021-07-04 07:58:37,186 DEBUG    [single line]   org/apache/commons/math/util/LocalizedFormats.java <clinit> 171
2021-07-04 07:58:37,270 DEBUG                  - depth 0, hash 1eaea0b, HEAD~24
2021-07-04 07:58:37,275 DEBUG    [single line]   org/apache/commons/math/util/LocalizedFormats.java <clinit> 172
2021-07-04 07:58:37,359 DEBUG                  - depth 0, hash 1eaea0b, HEAD~24
2021-07-04 07:58:37,364 DEBUG    [single line]   org/apache/commons/math/util/LocalizedFormats.java <clinit> 173
2021-07-04 07:58:37,448 DEBUG                  - depth 0, hash 1eaea0b, HEAD~24
2021-07-04 07:58:37,454 DEBUG    [single line]   org/apache/commons/math/util/LocalizedFormats.java <clinit> 174
2021-07-04 07:58:37,540 DEBUG                  - depth 0, hash 1eaea0b, HEAD~24
2021-07-04 07:58:37,546 DEBUG    [single line]   org/apache/commons/math/util/LocalizedFormats.java <clinit> 175
2021-07-04 07:58:37,630 DEBUG                  - depth 0, hash 1eaea0b, HEAD~24
2021-07-04 07:58:37,636 DEBUG    [single line]   org/apache/commons/math/util/LocalizedFormats.java <clinit> 176
2021-07-04 07:58:37,722 DEBUG                  - depth 0, hash 1eaea0b, HEAD~24
2021-07-04 07:58:37,728 DEBUG    [single line]   org/apache/commons/math/util/LocalizedFormats.java <clinit> 177
2021-07-04 07:58:37,812 DEBUG                  - depth 0, hash 40c5b89, HEAD~10
2021-07-04 07:58:37,817 DEBUG    [single line]   org/apache/commons/math/util/LocalizedFormats.java <clinit> 178
2021-07-04 07:58:37,904 DEBUG                  - depth 0, hash 1eaea0b, HEAD~24
2021-07-04 07:58:37,910 DEBUG    [single line]   org/apache/commons/math/util/LocalizedFormats.java <clinit> 179
2021-07-04 07:58:37,993 DEBUG                  - depth 0, hash 40c5b89, HEAD~10
2021-07-04 07:58:37,998 DEBUG    [single line]   org/apache/commons/math/util/LocalizedFormats.java <clinit> 180
2021-07-04 07:58:38,085 DEBUG                  - depth 0, hash 1eaea0b, HEAD~24
2021-07-04 07:58:38,090 DEBUG    [single line]   org/apache/commons/math/util/LocalizedFormats.java <clinit> 181
2021-07-04 07:58:38,173 DEBUG                  - depth 0, hash 40c5b89, HEAD~10
2021-07-04 07:58:38,179 DEBUG    [single line]   org/apache/commons/math/util/LocalizedFormats.java <clinit> 182
2021-07-04 07:58:38,266 DEBUG                  - depth 0, hash 1eaea0b, HEAD~24
2021-07-04 07:58:38,271 DEBUG    [single line]   org/apache/commons/math/util/LocalizedFormats.java <clinit> 183
2021-07-04 07:58:38,354 DEBUG                  - depth 0, hash 40c5b89, HEAD~10
2021-07-04 07:58:38,360 DEBUG    [single line]   org/apache/commons/math/util/LocalizedFormats.java <clinit> 184
2021-07-04 07:58:38,443 DEBUG                  - depth 0, hash 1eaea0b, HEAD~24
2021-07-04 07:58:38,449 DEBUG    [single line]   org/apache/commons/math/util/LocalizedFormats.java <clinit> 185
2021-07-04 07:58:38,535 DEBUG                  - depth 0, hash 1eaea0b, HEAD~24
2021-07-04 07:58:38,541 DEBUG    [single line]   org/apache/commons/math/util/LocalizedFormats.java <clinit> 186
2021-07-04 07:58:38,624 DEBUG                  - depth 0, hash 1eaea0b, HEAD~24
2021-07-04 07:58:38,630 DEBUG    [single line]   org/apache/commons/math/util/LocalizedFormats.java <clinit> 187
2021-07-04 07:58:38,713 DEBUG                  - depth 0, hash 1eaea0b, HEAD~24
2021-07-04 07:58:38,719 DEBUG    [single line]   org/apache/commons/math/util/LocalizedFormats.java <clinit> 188
2021-07-04 07:58:38,803 DEBUG                  - depth 0, hash 1eaea0b, HEAD~24
2021-07-04 07:58:38,808 DEBUG    [single line]   org/apache/commons/math/util/LocalizedFormats.java <clinit> 189
2021-07-04 07:58:38,892 DEBUG                  - depth 0, hash 1eaea0b, HEAD~24
2021-07-04 07:58:38,897 DEBUG    [single line]   org/apache/commons/math/util/LocalizedFormats.java <clinit> 190
2021-07-04 07:58:38,981 DEBUG                  - depth 0, hash 1eaea0b, HEAD~24
2021-07-04 07:58:38,986 DEBUG    [single line]   org/apache/commons/math/util/LocalizedFormats.java <clinit> 191
2021-07-04 07:58:39,070 DEBUG                  - depth 0, hash 40c5b89, HEAD~10
2021-07-04 07:58:39,075 DEBUG    [single line]   org/apache/commons/math/util/LocalizedFormats.java <clinit> 192
2021-07-04 07:58:39,159 DEBUG                  - depth 0, hash 1eaea0b, HEAD~24
2021-07-04 07:58:39,165 DEBUG    [single line]   org/apache/commons/math/util/LocalizedFormats.java <clinit> 193
2021-07-04 07:58:39,248 DEBUG                  - depth 0, hash 1eaea0b, HEAD~24
2021-07-04 07:58:39,254 DEBUG    [single line]   org/apache/commons/math/util/LocalizedFormats.java <clinit> 194
2021-07-04 07:58:39,338 DEBUG                  - depth 0, hash 1eaea0b, HEAD~24
2021-07-04 07:58:39,344 DEBUG    [single line]   org/apache/commons/math/util/LocalizedFormats.java <clinit> 195
2021-07-04 07:58:39,427 DEBUG                  - depth 0, hash 1eaea0b, HEAD~24
2021-07-04 07:58:39,433 DEBUG    [single line]   org/apache/commons/math/util/LocalizedFormats.java <clinit> 196
2021-07-04 07:58:39,516 DEBUG                  - depth 0, hash 1eaea0b, HEAD~24
2021-07-04 07:58:39,522 DEBUG    [single line]   org/apache/commons/math/util/LocalizedFormats.java <clinit> 197
2021-07-04 07:58:39,606 DEBUG                  - depth 0, hash 1eaea0b, HEAD~24
2021-07-04 07:58:39,611 DEBUG    [single line]   org/apache/commons/math/util/LocalizedFormats.java <clinit> 198
2021-07-04 07:58:39,696 DEBUG                  - depth 0, hash 8c13108, HEAD~13
2021-07-04 07:58:39,701 DEBUG    [single line]   org/apache/commons/math/util/LocalizedFormats.java <clinit> 199
2021-07-04 07:58:39,785 DEBUG                  - depth 0, hash 1eaea0b, HEAD~24
2021-07-04 07:58:39,790 DEBUG    [single line]   org/apache/commons/math/util/LocalizedFormats.java <clinit> 200
2021-07-04 07:58:39,877 DEBUG                  - depth 0, hash 1eaea0b, HEAD~24
2021-07-04 07:58:39,883 DEBUG    [single line]   org/apache/commons/math/util/LocalizedFormats.java <clinit> 201
2021-07-04 07:58:39,967 DEBUG                  - depth 0, hash 8c13108, HEAD~13
2021-07-04 07:58:39,972 DEBUG    [single line]   org/apache/commons/math/util/LocalizedFormats.java <clinit> 202
2021-07-04 07:58:40,055 DEBUG                  - depth 0, hash 1eaea0b, HEAD~24
2021-07-04 07:58:40,061 DEBUG    [single line]   org/apache/commons/math/util/LocalizedFormats.java <clinit> 203
2021-07-04 07:58:40,145 DEBUG                  - depth 0, hash 1eaea0b, HEAD~24
2021-07-04 07:58:40,150 DEBUG    [single line]   org/apache/commons/math/util/LocalizedFormats.java <clinit> 204
2021-07-04 07:58:40,234 DEBUG                  - depth 0, hash 1eaea0b, HEAD~24
2021-07-04 07:58:40,240 DEBUG    [single line]   org/apache/commons/math/util/LocalizedFormats.java <clinit> 205
2021-07-04 07:58:40,324 DEBUG                  - depth 0, hash 1eaea0b, HEAD~24
2021-07-04 07:58:40,329 DEBUG    [single line]   org/apache/commons/math/util/LocalizedFormats.java <clinit> 206
2021-07-04 07:58:40,413 DEBUG                  - depth 0, hash 8c13108, HEAD~13
2021-07-04 07:58:40,419 DEBUG                  - depth 1, hash 1eaea0b, HEAD~24
2021-07-04 07:58:40,423 DEBUG    [single line]   org/apache/commons/math/util/LocalizedFormats.java <clinit> 207
2021-07-04 07:58:40,506 DEBUG                  - depth 0, hash 1eaea0b, HEAD~24
2021-07-04 07:58:40,512 DEBUG    [single line]   org/apache/commons/math/util/LocalizedFormats.java <clinit> 208
2021-07-04 07:58:40,596 DEBUG                  - depth 0, hash 1eaea0b, HEAD~24
2021-07-04 07:58:40,601 DEBUG    [single line]   org/apache/commons/math/util/LocalizedFormats.java <clinit> 209
2021-07-04 07:58:40,685 DEBUG                  - depth 0, hash 1eaea0b, HEAD~24
2021-07-04 07:58:40,690 DEBUG    [single line]   org/apache/commons/math/util/LocalizedFormats.java <clinit> 210
2021-07-04 07:58:40,774 DEBUG                  - depth 0, hash 1eaea0b, HEAD~24
2021-07-04 07:58:40,779 DEBUG    [single line]   org/apache/commons/math/util/LocalizedFormats.java <clinit> 211
2021-07-04 07:58:40,863 DEBUG                  - depth 0, hash 1eaea0b, HEAD~24
2021-07-04 07:58:40,869 DEBUG    [single line]   org/apache/commons/math/util/LocalizedFormats.java <clinit> 212
2021-07-04 07:58:40,952 DEBUG                  - depth 0, hash 1eaea0b, HEAD~24
2021-07-04 07:58:40,958 DEBUG    [single line]   org/apache/commons/math/util/LocalizedFormats.java <clinit> 213
2021-07-04 07:58:41,041 DEBUG                  - depth 0, hash 1eaea0b, HEAD~24
2021-07-04 07:58:41,046 DEBUG    [single line]   org/apache/commons/math/util/LocalizedFormats.java <clinit> 214
2021-07-04 07:58:41,134 DEBUG                  - depth 0, hash 1eaea0b, HEAD~24
2021-07-04 07:58:41,139 DEBUG    [single line]   org/apache/commons/math/util/LocalizedFormats.java <clinit> 215
2021-07-04 07:58:41,226 DEBUG                  - depth 0, hash 1eaea0b, HEAD~24
2021-07-04 07:58:41,232 DEBUG    [single line]   org/apache/commons/math/util/LocalizedFormats.java <clinit> 216
2021-07-04 07:58:41,318 DEBUG                  - depth 0, hash 1eaea0b, HEAD~24
2021-07-04 07:58:41,323 DEBUG    [single line]   org/apache/commons/math/util/LocalizedFormats.java <clinit> 217
2021-07-04 07:58:41,407 DEBUG                  - depth 0, hash 1eaea0b, HEAD~24
2021-07-04 07:58:41,412 DEBUG    [single line]   org/apache/commons/math/util/LocalizedFormats.java <clinit> 218
2021-07-04 07:58:41,496 DEBUG                  - depth 0, hash 1eaea0b, HEAD~24
2021-07-04 07:58:41,501 DEBUG    [single line]   org/apache/commons/math/util/LocalizedFormats.java <clinit> 219
2021-07-04 07:58:41,585 DEBUG                  - depth 0, hash d81a1df, HEAD~21
2021-07-04 07:58:41,591 DEBUG                  - depth 1, hash 1eaea0b, HEAD~24
2021-07-04 07:58:41,595 DEBUG    [single line]   org/apache/commons/math/util/LocalizedFormats.java <clinit> 220
2021-07-04 07:58:41,682 DEBUG                  - depth 0, hash 1eaea0b, HEAD~24
2021-07-04 07:58:41,687 DEBUG    [single line]   org/apache/commons/math/util/LocalizedFormats.java <clinit> 221
2021-07-04 07:58:41,772 DEBUG                  - depth 0, hash 1eaea0b, HEAD~24
2021-07-04 07:58:41,778 DEBUG    [single line]   org/apache/commons/math/util/LocalizedFormats.java <clinit> 222
2021-07-04 07:58:41,861 DEBUG                  - depth 0, hash 1eaea0b, HEAD~24
2021-07-04 07:58:41,867 DEBUG    [single line]   org/apache/commons/math/util/LocalizedFormats.java <clinit> 223
2021-07-04 07:58:41,950 DEBUG                  - depth 0, hash 1eaea0b, HEAD~24
2021-07-04 07:58:41,956 DEBUG    [single line]   org/apache/commons/math/util/LocalizedFormats.java <clinit> 224
2021-07-04 07:58:42,039 DEBUG                  - depth 0, hash 1eaea0b, HEAD~24
2021-07-04 07:58:42,045 DEBUG    [single line]   org/apache/commons/math/util/LocalizedFormats.java <clinit> 225
2021-07-04 07:58:42,128 DEBUG                  - depth 0, hash 405e396, HEAD~12
2021-07-04 07:58:42,134 DEBUG    [single line]   org/apache/commons/math/util/LocalizedFormats.java <clinit> 226
2021-07-04 07:58:42,217 DEBUG                  - depth 0, hash 405e396, HEAD~12
2021-07-04 07:58:42,223 DEBUG    [single line]   org/apache/commons/math/util/LocalizedFormats.java <clinit> 227
2021-07-04 07:58:42,307 DEBUG                  - depth 0, hash 405e396, HEAD~12
2021-07-04 07:58:42,312 DEBUG    [single line]   org/apache/commons/math/util/LocalizedFormats.java <clinit> 228
2021-07-04 07:58:42,395 DEBUG                  - depth 0, hash 405e396, HEAD~12
2021-07-04 07:58:42,401 DEBUG    [single line]   org/apache/commons/math/util/LocalizedFormats.java <clinit> 229
2021-07-04 07:58:42,488 DEBUG                  - depth 0, hash 1eaea0b, HEAD~24
2021-07-04 07:58:42,493 DEBUG    [single line]   org/apache/commons/math/util/LocalizedFormats.java <clinit> 230
2021-07-04 07:58:42,580 DEBUG                  - depth 0, hash 1eaea0b, HEAD~24
2021-07-04 07:58:42,586 DEBUG    [single line]   org/apache/commons/math/util/LocalizedFormats.java <clinit> 231
2021-07-04 07:58:42,673 DEBUG                  - depth 0, hash 1eaea0b, HEAD~24
2021-07-04 07:58:42,678 DEBUG    [single line]   org/apache/commons/math/util/LocalizedFormats.java <clinit> 232
2021-07-04 07:58:42,765 DEBUG                  - depth 0, hash 1eaea0b, HEAD~24
2021-07-04 07:58:42,771 DEBUG    [single line]   org/apache/commons/math/util/LocalizedFormats.java <clinit> 233
2021-07-04 07:58:42,855 DEBUG                  - depth 0, hash 1eaea0b, HEAD~24
2021-07-04 07:58:42,860 DEBUG    [single line]   org/apache/commons/math/util/LocalizedFormats.java <clinit> 234
2021-07-04 07:58:42,943 DEBUG                  - depth 0, hash 1eaea0b, HEAD~24
2021-07-04 07:58:42,949 DEBUG    [single line]   org/apache/commons/math/util/LocalizedFormats.java <clinit> 235
2021-07-04 07:58:43,032 DEBUG                  - depth 0, hash 1eaea0b, HEAD~24
2021-07-04 07:58:43,038 DEBUG    [single line]   org/apache/commons/math/util/LocalizedFormats.java <clinit> 236
2021-07-04 07:58:43,122 DEBUG                  - depth 0, hash 1eaea0b, HEAD~24
2021-07-04 07:58:43,128 DEBUG    [single line]   org/apache/commons/math/util/LocalizedFormats.java <clinit> 237
2021-07-04 07:58:43,211 DEBUG                  - depth 0, hash 1eaea0b, HEAD~24
2021-07-04 07:58:43,217 DEBUG    [single line]   org/apache/commons/math/util/LocalizedFormats.java <clinit> 238
2021-07-04 07:58:43,300 DEBUG                  - depth 0, hash 3693e02, HEAD~16
2021-07-04 07:58:43,306 DEBUG                  - depth 1, hash 1eaea0b, HEAD~24
2021-07-04 07:58:43,310 DEBUG    [single line]   org/apache/commons/math/util/LocalizedFormats.java <clinit> 239
2021-07-04 07:58:43,394 DEBUG                  - depth 0, hash 1eaea0b, HEAD~24
2021-07-04 07:58:43,399 DEBUG    [single line]   org/apache/commons/math/util/LocalizedFormats.java <clinit> 240
2021-07-04 07:58:43,483 DEBUG                  - depth 0, hash 1eaea0b, HEAD~24
2021-07-04 07:58:43,488 DEBUG    [single line]   org/apache/commons/math/util/LocalizedFormats.java <clinit> 241
2021-07-04 07:58:43,571 DEBUG                  - depth 0, hash 1eaea0b, HEAD~24
2021-07-04 07:58:43,577 DEBUG    [single line]   org/apache/commons/math/util/LocalizedFormats.java <clinit> 242
2021-07-04 07:58:43,661 DEBUG                  - depth 0, hash 40c5b89, HEAD~10
2021-07-04 07:58:43,666 DEBUG                  - depth 1, hash 1eaea0b, HEAD~24
2021-07-04 07:58:43,671 DEBUG    [single line]   org/apache/commons/math/util/LocalizedFormats.java <clinit> 243
2021-07-04 07:58:43,754 DEBUG                  - depth 0, hash 1eaea0b, HEAD~24
2021-07-04 07:58:43,760 DEBUG    [single line]   org/apache/commons/math/util/LocalizedFormats.java <clinit> 244
2021-07-04 07:58:43,845 DEBUG                  - depth 0, hash 1eaea0b, HEAD~24
2021-07-04 07:58:43,850 DEBUG    [single line]   org/apache/commons/math/util/LocalizedFormats.java <clinit> 245
2021-07-04 07:58:43,933 DEBUG                  - depth 0, hash 1eaea0b, HEAD~24
2021-07-04 07:58:43,939 DEBUG    [single line]   org/apache/commons/math/util/LocalizedFormats.java <clinit> 246
2021-07-04 07:58:44,022 DEBUG                  - depth 0, hash 1eaea0b, HEAD~24
2021-07-04 07:58:44,028 DEBUG    [single line]   org/apache/commons/math/util/LocalizedFormats.java <clinit> 247
2021-07-04 07:58:44,112 DEBUG                  - depth 0, hash d81a1df, HEAD~21
2021-07-04 07:58:44,117 DEBUG    [single line]   org/apache/commons/math/util/LocalizedFormats.java <clinit> 248
2021-07-04 07:58:44,201 DEBUG                  - depth 0, hash 1eaea0b, HEAD~24
2021-07-04 07:58:44,207 DEBUG    [single line]   org/apache/commons/math/util/LocalizedFormats.java <clinit> 249
2021-07-04 07:58:44,290 DEBUG                  - depth 0, hash 1eaea0b, HEAD~24
2021-07-04 07:58:44,296 DEBUG    [single line]   org/apache/commons/math/util/LocalizedFormats.java <clinit> 250
2021-07-04 07:58:44,380 DEBUG                  - depth 0, hash 1eaea0b, HEAD~24
2021-07-04 07:58:44,385 DEBUG    [single line]   org/apache/commons/math/util/LocalizedFormats.java <clinit> 251
2021-07-04 07:58:44,469 DEBUG                  - depth 0, hash 1eaea0b, HEAD~24
2021-07-04 07:58:44,474 DEBUG    [single line]   org/apache/commons/math/util/LocalizedFormats.java <clinit> 252
2021-07-04 07:58:44,557 DEBUG                  - depth 0, hash 40c5b89, HEAD~10
2021-07-04 07:58:44,563 DEBUG                  - depth 1, hash 1eaea0b, HEAD~24
2021-07-04 07:58:44,567 DEBUG    [single line]   org/apache/commons/math/util/LocalizedFormats.java <clinit> 253
2021-07-04 07:58:44,652 DEBUG                  - depth 0, hash 1eaea0b, HEAD~24
2021-07-04 07:58:44,658 DEBUG    [single line]   org/apache/commons/math/util/LocalizedFormats.java <clinit> 254
2021-07-04 07:58:44,741 DEBUG                  - depth 0, hash 1eaea0b, HEAD~24
2021-07-04 07:58:44,747 DEBUG    [single line]   org/apache/commons/math/util/LocalizedFormats.java <clinit> 255
2021-07-04 07:58:44,830 DEBUG                  - depth 0, hash 1eaea0b, HEAD~24
2021-07-04 07:58:44,836 DEBUG    [single line]   org/apache/commons/math/util/LocalizedFormats.java <clinit> 256
2021-07-04 07:58:44,922 DEBUG                  - depth 0, hash 1eaea0b, HEAD~24
2021-07-04 07:58:44,927 DEBUG    [single line]   org/apache/commons/math/util/LocalizedFormats.java <clinit> 257
2021-07-04 07:58:45,011 DEBUG                  - depth 0, hash 1eaea0b, HEAD~24
2021-07-04 07:58:45,017 DEBUG    [single line]   org/apache/commons/math/util/LocalizedFormats.java <clinit> 258
2021-07-04 07:58:45,101 DEBUG                  - depth 0, hash 1eaea0b, HEAD~24
2021-07-04 07:58:45,107 DEBUG    [single line]   org/apache/commons/math/util/LocalizedFormats.java <clinit> 259
2021-07-04 07:58:45,190 DEBUG                  - depth 0, hash 1eaea0b, HEAD~24
2021-07-04 07:58:45,196 DEBUG    [single line]   org/apache/commons/math/util/LocalizedFormats.java <clinit> 260
2021-07-04 07:58:45,280 DEBUG                  - depth 0, hash 1eaea0b, HEAD~24
2021-07-04 07:58:45,285 DEBUG    [single line]   org/apache/commons/math/util/LocalizedFormats.java <clinit> 261
2021-07-04 07:58:45,369 DEBUG                  - depth 0, hash 1eaea0b, HEAD~24
2021-07-04 07:58:45,375 DEBUG    [single line]   org/apache/commons/math/util/LocalizedFormats.java <clinit> 262
2021-07-04 07:58:45,458 DEBUG                  - depth 0, hash 1eaea0b, HEAD~24
2021-07-04 07:58:45,464 DEBUG    [single line]   org/apache/commons/math/util/LocalizedFormats.java <clinit> 263
2021-07-04 07:58:45,547 DEBUG                  - depth 0, hash 1eaea0b, HEAD~24
2021-07-04 07:58:45,553 DEBUG    [single line]   org/apache/commons/math/util/LocalizedFormats.java <clinit> 264
2021-07-04 07:58:45,637 DEBUG                  - depth 0, hash 1eaea0b, HEAD~24
2021-07-04 07:58:45,643 DEBUG    [single line]   org/apache/commons/math/util/LocalizedFormats.java <clinit> 265
2021-07-04 07:58:45,726 DEBUG                  - depth 0, hash 1eaea0b, HEAD~24
2021-07-04 07:58:45,732 DEBUG    [single line]   org/apache/commons/math/util/LocalizedFormats.java <clinit> 266
2021-07-04 07:58:45,816 DEBUG                  - depth 0, hash 1eaea0b, HEAD~24
2021-07-04 07:58:45,821 DEBUG    [single line]   org/apache/commons/math/util/LocalizedFormats.java <clinit> 267
2021-07-04 07:58:45,905 DEBUG                  - depth 0, hash 1eaea0b, HEAD~24
2021-07-04 07:58:45,911 DEBUG    [single line]   org/apache/commons/math/util/LocalizedFormats.java <clinit> 268
2021-07-04 07:58:45,994 DEBUG                  - depth 0, hash 1eaea0b, HEAD~24
2021-07-04 07:58:46,000 DEBUG    [single line]   org/apache/commons/math/util/LocalizedFormats.java <clinit> 269
2021-07-04 07:58:46,083 DEBUG                  - depth 0, hash 1eaea0b, HEAD~24
2021-07-04 07:58:46,089 DEBUG    [single line]   org/apache/commons/math/util/LocalizedFormats.java <clinit> 270
2021-07-04 07:58:46,173 DEBUG                  - depth 0, hash 1eaea0b, HEAD~24
2021-07-04 07:58:46,178 DEBUG    [single line]   org/apache/commons/math/util/LocalizedFormats.java <clinit> 271
2021-07-04 07:58:46,265 DEBUG                  - depth 0, hash 1eaea0b, HEAD~24
2021-07-04 07:58:46,271 DEBUG    [single line]   org/apache/commons/math/util/LocalizedFormats.java <clinit> 272
2021-07-04 07:58:46,358 DEBUG                  - depth 0, hash 1eaea0b, HEAD~24
2021-07-04 07:58:46,364 DEBUG    [single line]   org/apache/commons/math/util/LocalizedFormats.java <clinit> 273
2021-07-04 07:58:46,451 DEBUG                  - depth 0, hash 1eaea0b, HEAD~24
2021-07-04 07:58:46,456 DEBUG    [single line]   org/apache/commons/math/util/LocalizedFormats.java <clinit> 274
2021-07-04 07:58:46,540 DEBUG                  - depth 0, hash 1eaea0b, HEAD~24
2021-07-04 07:58:46,545 DEBUG    [single line]   org/apache/commons/math/util/LocalizedFormats.java <clinit> 275
2021-07-04 07:58:46,629 DEBUG                  - depth 0, hash 1eaea0b, HEAD~24
2021-07-04 07:58:46,635 DEBUG    [single line]   org/apache/commons/math/util/LocalizedFormats.java <clinit> 276
2021-07-04 07:58:46,722 DEBUG                  - depth 0, hash 1eaea0b, HEAD~24
2021-07-04 07:58:46,727 DEBUG    [single line]   org/apache/commons/math/util/LocalizedFormats.java <clinit> 277
2021-07-04 07:58:46,813 DEBUG                  - depth 0, hash 1eaea0b, HEAD~24
2021-07-04 07:58:46,819 DEBUG    [single line]   org/apache/commons/math/util/LocalizedFormats.java <clinit> 278
2021-07-04 07:58:46,903 DEBUG                  - depth 0, hash 1eaea0b, HEAD~24
2021-07-04 07:58:46,908 DEBUG    [single line]   org/apache/commons/math/util/LocalizedFormats.java <clinit> 279
2021-07-04 07:58:46,992 DEBUG                  - depth 0, hash 1eaea0b, HEAD~24
2021-07-04 07:58:46,997 DEBUG    [single line]   org/apache/commons/math/util/LocalizedFormats.java <clinit> 280
2021-07-04 07:58:47,081 DEBUG                  - depth 0, hash 1eaea0b, HEAD~24
2021-07-04 07:58:47,086 DEBUG    [single line]   org/apache/commons/math/util/LocalizedFormats.java <clinit> 281
2021-07-04 07:58:47,170 DEBUG                  - depth 0, hash 1eaea0b, HEAD~24
2021-07-04 07:58:47,176 DEBUG    [single line]   org/apache/commons/math/util/LocalizedFormats.java <clinit> 282
2021-07-04 07:58:47,259 DEBUG                  - depth 0, hash 1eaea0b, HEAD~24
2021-07-04 07:58:47,265 DEBUG    [single line]   org/apache/commons/math/util/LocalizedFormats.java <clinit> 283
2021-07-04 07:58:47,348 DEBUG                  - depth 0, hash 1eaea0b, HEAD~24
2021-07-04 07:58:47,354 DEBUG    [single line]   org/apache/commons/math/util/LocalizedFormats.java <clinit> 284
2021-07-04 07:58:47,438 DEBUG                  - depth 0, hash d81a1df, HEAD~21
2021-07-04 07:58:47,443 DEBUG    [single line]   org/apache/commons/math/util/LocalizedFormats.java <clinit> 285
2021-07-04 07:58:47,527 DEBUG                  - depth 0, hash 1eaea0b, HEAD~24
2021-07-04 07:58:47,532 DEBUG    [single line]   org/apache/commons/math/util/LocalizedFormats.java <clinit> 286
2021-07-04 07:58:47,617 DEBUG                  - depth 0, hash 1eaea0b, HEAD~24
2021-07-04 07:58:47,622 DEBUG    [single line]   org/apache/commons/math/util/LocalizedFormats.java <clinit> 287
2021-07-04 07:58:47,706 DEBUG                  - depth 0, hash 07d703b, HEAD~11
2021-07-04 07:58:47,712 DEBUG    [single line]   org/apache/commons/math/util/LocalizedFormats.java <clinit> 288
2021-07-04 07:58:47,795 DEBUG                  - depth 0, hash 1eaea0b, HEAD~24
2021-07-04 07:58:47,801 DEBUG    [single line]   org/apache/commons/math/util/LocalizedFormats.java <clinit> 289
2021-07-04 07:58:47,885 DEBUG                  - depth 0, hash 1eaea0b, HEAD~24
2021-07-04 07:58:47,891 DEBUG    [single line]   org/apache/commons/math/util/LocalizedFormats.java <clinit> 290
2021-07-04 07:58:47,974 DEBUG                  - depth 0, hash 1eaea0b, HEAD~24
2021-07-04 07:58:47,980 DEBUG    [single line]   org/apache/commons/math/util/LocalizedFormats.java <clinit> 291
2021-07-04 07:58:48,064 DEBUG                  - depth 0, hash 1eaea0b, HEAD~24
2021-07-04 07:58:48,070 DEBUG    [single line]   org/apache/commons/math/util/LocalizedFormats.java <clinit> 292
2021-07-04 07:58:48,157 DEBUG                  - depth 0, hash 1eaea0b, HEAD~24
2021-07-04 07:58:48,162 DEBUG    [single line]   org/apache/commons/math/util/LocalizedFormats.java <clinit> 293
2021-07-04 07:58:48,249 DEBUG                  - depth 0, hash 1eaea0b, HEAD~24
2021-07-04 07:58:48,255 DEBUG    [line range] org/apache/commons/math/util/LocalizedFormats.java <init> 305:307
2021-07-04 07:58:48,341 DEBUG                  - depth 0, hash 1eaea0b, HEAD~24
2021-07-04 07:58:48,642 DEBUG    [line range] org/apache/commons/math/exception/MathIllegalArgumentException.java <init> 54:60
2021-07-04 07:58:48,727 DEBUG                  - depth 0, hash 07d703b, HEAD~11
2021-07-04 07:58:48,733 DEBUG                  - depth 1, hash 3693e02, HEAD~16
2021-07-04 07:58:48,737 DEBUG                  - depth 2, hash d96ea7e, HEAD~17
2021-07-04 07:58:48,741 DEBUG    [line range] org/apache/commons/math/exception/MathIllegalArgumentException.java flatten 105:117
2021-07-04 07:58:48,827 DEBUG                  - depth 0, hash cb50fe9, HEAD~15
2021-07-04 07:58:48,833 DEBUG                  - depth 1, hash 3693e02, HEAD~16
2021-07-04 07:58:49,114 DEBUG    [line range] org/apache/commons/math/exception/NoDataException.java <init> 32:34
2021-07-04 07:58:49,197 DEBUG                  - depth 0, hash 96eca83, HEAD~9
2021-07-04 07:58:49,203 DEBUG                  - depth 1, hash 8c13108, HEAD~13
2021-07-04 07:58:49,207 DEBUG    [line range] org/apache/commons/math/exception/NoDataException.java <init> 40:42
2021-07-04 07:58:49,290 DEBUG                  - depth 0, hash 96eca83, HEAD~9
2021-07-04 07:58:49,295 DEBUG                  - depth 1, hash 8c13108, HEAD~13
2021-07-04 07:58:49,300 DEBUG    [line range] org/apache/commons/math/optimization/univariate/AbstractUnivariateRealOptimizer.java getMaxEvaluations 146:148
2021-07-04 07:58:49,384 DEBUG                  - depth 0, hash c92a3d9, HEAD~492
2021-07-04 07:58:49,390 DEBUG    [line range] org/apache/commons/math/optimization/univariate/AbstractUnivariateRealOptimizer.java getResult 96:101
2021-07-04 07:58:49,474 DEBUG                  - depth 0, hash 7bbad39, HEAD~0
2021-07-04 07:58:49,480 DEBUG                  - depth 1, hash 4029aa3, HEAD~715
2021-07-04 07:58:49,484 DEBUG    [line range] org/apache/commons/math/optimization/MultiStartUnivariateRealOptimizer.java getEvaluations 121:123
2021-07-04 07:58:49,569 DEBUG                  - depth 0, hash c92a3d9, HEAD~492
2021-07-04 07:58:49,880 DEBUG    [single line]   org/apache/commons/math/stat/descriptive/AbstractStorelessUnivariateStatistic.java copy 34
2021-07-04 07:58:49,970 DEBUG                  - depth 0, hash 0a90446, HEAD~2098
2021-07-04 07:58:50,279 DEBUG    [single line]   org/apache/commons/math/stat/descriptive/AbstractUnivariateStatistic.java <init> 35
2021-07-04 07:58:50,370 DEBUG                  - depth 0, hash 0a90446, HEAD~2098
2021-07-04 07:58:50,376 DEBUG    [line range] org/apache/commons/math/stat/descriptive/AbstractUnivariateStatistic.java test 75:105
2021-07-04 07:58:50,465 DEBUG                  - depth 0, hash 1eaea0b, HEAD~24
2021-07-04 07:58:50,470 DEBUG                  - depth 1, hash 900592f, HEAD~310
2021-07-04 07:58:50,474 DEBUG                  - depth 2, hash e497d61, HEAD~599
2021-07-04 07:58:50,479 DEBUG                  - depth 3, hash eab03ae, HEAD~1910
2021-07-04 07:58:50,483 DEBUG                  - depth 4, hash d76192f, HEAD~1936
2021-07-04 07:58:50,487 DEBUG                  - depth 5, hash 4fe8ac4, HEAD~1945
2021-07-04 07:58:50,492 DEBUG                  - depth 6, hash 0a90446, HEAD~2098
2021-07-04 07:58:50,854 DEBUG    [line range] org/apache/commons/math/stat/descriptive/DescriptiveStatistics.java <init> 113:114
2021-07-04 07:58:50,944 DEBUG                  - depth 0, hash 47574cb, HEAD~1245
2021-07-04 07:58:50,950 DEBUG    [line range] org/apache/commons/math/stat/descriptive/DescriptiveStatistics.java <init> 73:73
2021-07-04 07:58:51,039 DEBUG                  - depth 0, hash 47574cb, HEAD~1245
2021-07-04 07:58:51,045 DEBUG    [line range] org/apache/commons/math/stat/descriptive/DescriptiveStatistics.java addValue 143:153
2021-07-04 07:58:51,137 DEBUG                  - depth 0, hash 47574cb, HEAD~1245
2021-07-04 07:58:51,143 DEBUG                  - depth 1, hash c6515c7, HEAD~1818
2021-07-04 07:58:51,147 DEBUG                  - depth 2, hash 9942747, HEAD~1873
2021-07-04 07:58:51,151 DEBUG                  - depth 3, hash 9bf7c18, HEAD~2095
2021-07-04 07:58:51,156 DEBUG    [line range] org/apache/commons/math/stat/descriptive/DescriptiveStatistics.java apply 431:433
2021-07-04 07:58:51,248 DEBUG                  - depth 0, hash 8dfb5ce, HEAD~880
2021-07-04 07:58:51,253 DEBUG                  - depth 1, hash 47574cb, HEAD~1245
2021-07-04 07:58:51,258 DEBUG                  - depth 2, hash c6515c7, HEAD~1818
2021-07-04 07:58:51,262 DEBUG                  - depth 3, hash e6e7b06, HEAD~2047
2021-07-04 07:58:51,266 DEBUG    [line range] org/apache/commons/math/stat/descriptive/DescriptiveStatistics.java getMean 178:180
2021-07-04 07:58:51,360 DEBUG                  - depth 0, hash 25df981, HEAD~1244
2021-07-04 07:58:51,366 DEBUG                  - depth 1, hash 47574cb, HEAD~1245
2021-07-04 07:58:51,370 DEBUG                  - depth 2, hash c6515c7, HEAD~1818
2021-07-04 07:58:51,374 DEBUG                  - depth 3, hash 97b1666, HEAD~1853
2021-07-04 07:58:51,379 DEBUG                  - depth 4, hash 9bf7c18, HEAD~2095
2021-07-04 07:58:51,383 DEBUG    [line range] org/apache/commons/math/stat/descriptive/DescriptiveStatistics.java getPercentile 379:400
2021-07-04 07:58:51,481 DEBUG                  - depth 0, hash 1eaea0b, HEAD~24
2021-07-04 07:58:51,487 DEBUG                  - depth 1, hash bd345d9, HEAD~241
2021-07-04 07:58:51,491 DEBUG                  - depth 2, hash 26dac5a, HEAD~299
2021-07-04 07:58:51,495 DEBUG                  - depth 3, hash e497d61, HEAD~599
2021-07-04 07:58:51,499 DEBUG                  - depth 4, hash fd0f875, HEAD~1029
2021-07-04 07:58:51,504 DEBUG                  - depth 5, hash 9a6556d, HEAD~1236
2021-07-04 07:58:51,508 DEBUG                  - depth 6, hash 25df981, HEAD~1244
2021-07-04 07:58:51,512 DEBUG                  - depth 7, hash c6515c7, HEAD~1818
2021-07-04 07:58:51,517 DEBUG                  - depth 8, hash 97b1666, HEAD~1853
2021-07-04 07:58:51,521 DEBUG                  - depth 9, hash 9bf7c18, HEAD~2095
2021-07-04 07:58:51,821 DEBUG    [line range] org/apache/commons/math/stat/descriptive/moment/FirstMoment.java <init> 76:81
2021-07-04 07:58:51,910 DEBUG                  - depth 0, hash f498cdf, HEAD~1714
2021-07-04 07:58:52,219 DEBUG    [line range] org/apache/commons/math/stat/descriptive/moment/FourthMoment.java <init> 64:67
2021-07-04 07:58:52,308 DEBUG                  - depth 0, hash f498cdf, HEAD~1714
2021-07-04 07:58:52,616 DEBUG    [line range] org/apache/commons/math/stat/descriptive/moment/GeometricMean.java <init> 62:64
2021-07-04 07:58:52,706 DEBUG                  - depth 0, hash e3a857c, HEAD~1717
2021-07-04 07:58:53,037 DEBUG    [line range] org/apache/commons/math/stat/descriptive/moment/Kurtosis.java <init> 65:68
2021-07-04 07:58:53,126 DEBUG                  - depth 0, hash 5d31464, HEAD~1715
2021-07-04 07:58:53,131 DEBUG                  - depth 1, hash 0a90446, HEAD~2098
2021-07-04 07:58:53,478 DEBUG    [line range] org/apache/commons/math/stat/descriptive/moment/Mean.java <init> 77:80
2021-07-04 07:58:53,568 DEBUG                  - depth 0, hash 5d31464, HEAD~1715
2021-07-04 07:58:53,574 DEBUG                  - depth 1, hash 0a90446, HEAD~2098
2021-07-04 07:58:53,578 DEBUG    [line range] org/apache/commons/math/stat/descriptive/moment/Mean.java evaluate 153:170
2021-07-04 07:58:53,667 DEBUG                  - depth 0, hash b631eb6, HEAD~292
2021-07-04 07:58:53,672 DEBUG                  - depth 1, hash 900592f, HEAD~310
2021-07-04 07:58:53,677 DEBUG                  - depth 2, hash f46ebfe, HEAD~683
2021-07-04 07:58:53,681 DEBUG                  - depth 3, hash 9c8d2c7, HEAD~689
2021-07-04 07:58:53,685 DEBUG                  - depth 4, hash 3f3ad38, HEAD~1237
2021-07-04 07:58:53,689 DEBUG                  - depth 5, hash e7077a6, HEAD~1754
2021-07-04 07:58:53,694 DEBUG                  - depth 6, hash eab03ae, HEAD~1910
2021-07-04 07:58:53,698 DEBUG                  - depth 7, hash 0a90446, HEAD~2098
2021-07-04 07:58:53,992 DEBUG    [line range] org/apache/commons/math/stat/descriptive/moment/SecondMoment.java <init> 56:59
2021-07-04 07:58:54,080 DEBUG                  - depth 0, hash f498cdf, HEAD~1714
2021-07-04 07:58:54,412 DEBUG    [line range] org/apache/commons/math/stat/descriptive/moment/Skewness.java <init> 59:62
2021-07-04 07:58:54,502 DEBUG                  - depth 0, hash 5d31464, HEAD~1715
2021-07-04 07:58:54,508 DEBUG                  - depth 1, hash 0a90446, HEAD~2098
2021-07-04 07:58:54,513 DEBUG    [line range] org/apache/commons/math/stat/descriptive/moment/Skewness.java <init> 46:46
2021-07-04 07:58:54,601 DEBUG                  - depth 0, hash 0a90446, HEAD~2098
2021-07-04 07:58:54,918 DEBUG    [line range] org/apache/commons/math/stat/descriptive/moment/ThirdMoment.java <init> 65:69
2021-07-04 07:58:55,007 DEBUG                  - depth 0, hash f498cdf, HEAD~1714
2021-07-04 07:58:55,362 DEBUG    [line range] org/apache/commons/math/stat/descriptive/moment/Variance.java <init> 94:96
2021-07-04 07:58:55,451 DEBUG                  - depth 0, hash 0a90446, HEAD~2098
2021-07-04 07:58:55,457 DEBUG    [line range] org/apache/commons/math/stat/descriptive/moment/Variance.java <init> 74:74
2021-07-04 07:58:55,545 DEBUG                  - depth 0, hash 0a90446, HEAD~2098
2021-07-04 07:58:55,860 DEBUG    [line range] org/apache/commons/math/stat/descriptive/rank/Max.java <init> 54:57
2021-07-04 07:58:55,951 DEBUG                  - depth 0, hash f498cdf, HEAD~1714
2021-07-04 07:58:56,268 DEBUG    [line range] org/apache/commons/math/stat/descriptive/rank/Min.java <init> 54:57
2021-07-04 07:58:56,359 DEBUG                  - depth 0, hash f498cdf, HEAD~1714
2021-07-04 07:58:56,689 DEBUG    [line range] org/apache/commons/math/stat/descriptive/rank/Percentile.java <init> 82:84
2021-07-04 07:58:56,778 DEBUG                  - depth 0, hash 89848e0, HEAD~1914
2021-07-04 07:58:56,783 DEBUG                  - depth 1, hash d621bd1, HEAD~1983
2021-07-04 07:58:56,788 DEBUG                  - depth 2, hash 0a90446, HEAD~2098
2021-07-04 07:58:56,792 DEBUG    [line range] org/apache/commons/math/stat/descriptive/rank/Percentile.java <init> 92:94
2021-07-04 07:58:56,882 DEBUG                  - depth 0, hash 0a0085f, HEAD~1787
2021-07-04 07:58:56,887 DEBUG                  - depth 1, hash d621bd1, HEAD~1983
2021-07-04 07:58:56,892 DEBUG                  - depth 2, hash 0a90446, HEAD~2098
2021-07-04 07:58:56,896 DEBUG    [line range] org/apache/commons/math/stat/descriptive/rank/Percentile.java <init> 76:76
2021-07-04 07:58:56,985 DEBUG                  - depth 0, hash d621bd1, HEAD~1983
2021-07-04 07:58:56,990 DEBUG                  - depth 1, hash 0a90446, HEAD~2098
2021-07-04 07:58:56,995 DEBUG    [line range] org/apache/commons/math/stat/descriptive/rank/Percentile.java evaluate 161:164
2021-07-04 07:58:57,084 DEBUG                  - depth 0, hash 9c8d2c7, HEAD~689
2021-07-04 07:58:57,089 DEBUG                  - depth 1, hash 0a0085f, HEAD~1787
2021-07-04 07:58:57,094 DEBUG                  - depth 2, hash d621bd1, HEAD~1983
2021-07-04 07:58:57,098 DEBUG                  - depth 3, hash 0a90446, HEAD~2098
2021-07-04 07:58:57,102 DEBUG    [line range] org/apache/commons/math/stat/descriptive/rank/Percentile.java evaluate 196:229
2021-07-04 07:58:57,194 DEBUG                  - depth 0, hash 1eaea0b, HEAD~24
2021-07-04 07:58:57,199 DEBUG                  - depth 1, hash 26dac5a, HEAD~299
2021-07-04 07:58:57,204 DEBUG                  - depth 2, hash e497d61, HEAD~599
2021-07-04 07:58:57,208 DEBUG                  - depth 3, hash f46ebfe, HEAD~683
2021-07-04 07:58:57,212 DEBUG                  - depth 4, hash 545e47a, HEAD~1496
2021-07-04 07:58:57,216 DEBUG                  - depth 5, hash 0a0085f, HEAD~1787
2021-07-04 07:58:57,221 DEBUG                  - depth 6, hash d621bd1, HEAD~1983
2021-07-04 07:58:57,225 DEBUG                  - depth 7, hash 0a90446, HEAD~2098
2021-07-04 07:58:57,230 DEBUG    [line range] org/apache/commons/math/stat/descriptive/rank/Percentile.java setQuantile 249:255
2021-07-04 07:58:57,318 DEBUG                  - depth 0, hash 1eaea0b, HEAD~24
2021-07-04 07:58:57,324 DEBUG                  - depth 1, hash e497d61, HEAD~599
2021-07-04 07:58:57,328 DEBUG                  - depth 2, hash 0a0085f, HEAD~1787
2021-07-04 07:58:57,333 DEBUG                  - depth 3, hash d621bd1, HEAD~1983
2021-07-04 07:58:57,337 DEBUG                  - depth 4, hash 0a90446, HEAD~2098
2021-07-04 07:58:57,660 DEBUG    [line range] org/apache/commons/math/stat/descriptive/summary/Sum.java <init> 53:56
2021-07-04 07:58:57,748 DEBUG                  - depth 0, hash f498cdf, HEAD~1714
2021-07-04 07:58:57,754 DEBUG    [line range] org/apache/commons/math/stat/descriptive/summary/Sum.java evaluate 119:129
2021-07-04 07:58:57,843 DEBUG                  - depth 0, hash 9c8d2c7, HEAD~689
2021-07-04 07:58:57,849 DEBUG                  - depth 1, hash b351035, HEAD~1761
2021-07-04 07:58:57,853 DEBUG                  - depth 2, hash 0a90446, HEAD~2098
2021-07-04 07:58:58,181 DEBUG    [line range] org/apache/commons/math/stat/descriptive/summary/SumOfLogs.java <init> 60:63
2021-07-04 07:58:58,270 DEBUG                  - depth 0, hash f498cdf, HEAD~1714
2021-07-04 07:58:58,276 DEBUG                  - depth 1, hash fec4e92, HEAD~1797
2021-07-04 07:58:58,280 DEBUG                  - depth 2, hash 0a90446, HEAD~2098
2021-07-04 07:58:58,583 DEBUG    [line range] org/apache/commons/math/stat/descriptive/summary/SumOfSquares.java <init> 52:55
2021-07-04 07:58:58,672 DEBUG                  - depth 0, hash f498cdf, HEAD~1714
2021-07-04 07:58:59,057 DEBUG    [line range] org/apache/commons/math/util/ResizableDoubleArray.java <init> 142:144
2021-07-04 07:58:59,147 DEBUG                  - depth 0, hash 8dcc542, HEAD~1820
2021-07-04 07:58:59,153 DEBUG    [line range] org/apache/commons/math/util/ResizableDoubleArray.java <init> 90:90
2021-07-04 07:58:59,242 DEBUG                  - depth 0, hash 8dcc542, HEAD~1820
2021-07-04 07:58:59,248 DEBUG    [line range] org/apache/commons/math/util/ResizableDoubleArray.java addElement 266:275
2021-07-04 07:58:59,336 DEBUG                  - depth 0, hash 8dcc542, HEAD~1820
2021-07-04 07:58:59,342 DEBUG    [line range] org/apache/commons/math/util/ResizableDoubleArray.java contract 381:390
2021-07-04 07:58:59,430 DEBUG                  - depth 0, hash 8dcc542, HEAD~1820
2021-07-04 07:58:59,436 DEBUG    [line range] org/apache/commons/math/util/ResizableDoubleArray.java expand 473:491
2021-07-04 07:58:59,530 DEBUG                  - depth 0, hash 26dac5a, HEAD~299
2021-07-04 07:58:59,536 DEBUG                  - depth 1, hash 4703e5a, HEAD~907
2021-07-04 07:58:59,540 DEBUG                  - depth 2, hash 8dcc542, HEAD~1820
2021-07-04 07:58:59,545 DEBUG    [line range] org/apache/commons/math/util/ResizableDoubleArray.java getInternalValues 635:637
2021-07-04 07:58:59,635 DEBUG                  - depth 0, hash b631eb6, HEAD~292
2021-07-04 07:58:59,641 DEBUG                  - depth 1, hash 8dfb5ce, HEAD~880
2021-07-04 07:58:59,645 DEBUG    [line range] org/apache/commons/math/util/ResizableDoubleArray.java getNumElements 602:604
2021-07-04 07:58:59,738 DEBUG                  - depth 0, hash b631eb6, HEAD~292
2021-07-04 07:58:59,744 DEBUG                  - depth 1, hash 545e47a, HEAD~1496
2021-07-04 07:58:59,748 DEBUG                  - depth 2, hash 8dcc542, HEAD~1820
2021-07-04 07:58:59,752 DEBUG    [line range] org/apache/commons/math/util/ResizableDoubleArray.java shouldContract 770:776
2021-07-04 07:58:59,844 DEBUG                  - depth 0, hash 26dac5a, HEAD~299
2021-07-04 07:58:59,850 DEBUG                  - depth 1, hash 634d68d, HEAD~1302
2021-07-04 07:58:59,854 DEBUG                  - depth 2, hash 8dcc542, HEAD~1820
2021-07-04 07:58:59,859 DEBUG    [line range] org/apache/commons/math/util/ResizableDoubleArray.java start 787:789
2021-07-04 07:58:59,950 DEBUG                  - depth 0, hash 545e47a, HEAD~1496
2021-07-04 07:58:59,956 DEBUG                  - depth 1, hash 8dcc542, HEAD~1820
2021-07-04 07:58:59,960 INFO     The number of BIC candidates: 66
