2021-07-04 07:05:14,379 INFO     Search BICs for /tmp/Math-31b/
2021-07-04 07:05:14,379 DEBUG    Reading the coverage of org.apache.commons.math3.distribution.BinomialDistributionTest::testMath718 (failings)
2021-07-04 07:05:14,407 DEBUG    Reading the coverage of org.apache.commons.math3.distribution.FDistributionTest::testMath785 (failings)
2021-07-04 07:05:14,438 INFO     Loaded 2x487 Coverage Matrix
2021-07-04 07:05:14,439 INFO     The number of total commits: 3832
2021-07-04 07:05:14,769 DEBUG    [line range] org/apache/commons/math3/distribution/AbstractIntegerDistribution.java <init> 44:44
2021-07-04 07:05:14,969 DEBUG                  - depth 0, hash f7f9886, HEAD~1574
2021-07-04 07:05:14,975 DEBUG    [line range] org/apache/commons/math3/distribution/AbstractIntegerDistribution.java checkedCumulativeProbability 198:207
2021-07-04 07:05:15,177 DEBUG                  - depth 0, hash b7c6f9c, HEAD~357
2021-07-04 07:05:15,182 DEBUG                  - depth 1, hash 3f0b2ae, HEAD~566
2021-07-04 07:05:15,186 DEBUG                  - depth 2, hash 7a6bd26, HEAD~1365
2021-07-04 07:05:15,191 DEBUG                  - depth 3, hash 120e9f5, HEAD~1438
2021-07-04 07:05:15,195 DEBUG                  - depth 4, hash 1eaea0b, HEAD~1565
2021-07-04 07:05:15,199 DEBUG                  - depth 5, hash fcabfb5, HEAD~1678
2021-07-04 07:05:15,203 DEBUG    [line range] org/apache/commons/math3/distribution/AbstractIntegerDistribution.java inverseCumulativeProbability 74:117
2021-07-04 07:05:15,414 DEBUG                  - depth 0, hash 711d6b9, HEAD~314
2021-07-04 07:05:15,419 DEBUG                  - depth 1, hash b7c6f9c, HEAD~357
2021-07-04 07:05:15,423 DEBUG                  - depth 2, hash 3f0b2ae, HEAD~566
2021-07-04 07:05:15,427 DEBUG                  - depth 3, hash 7491d6d, HEAD~957
2021-07-04 07:05:15,432 DEBUG                  - depth 4, hash 120e9f5, HEAD~1438
2021-07-04 07:05:15,436 DEBUG                  - depth 5, hash 1eaea0b, HEAD~1565
2021-07-04 07:05:15,440 DEBUG                  - depth 6, hash fcabfb5, HEAD~1678
2021-07-04 07:05:15,444 DEBUG                  - depth 7, hash bd345d9, HEAD~1782
2021-07-04 07:05:15,448 DEBUG                  - depth 8, hash 26dac5a, HEAD~1840
2021-07-04 07:05:15,452 DEBUG                  - depth 9, hash e497d61, HEAD~2140
2021-07-04 07:05:15,456 DEBUG                  - depth 10, hash 5fa559b, HEAD~3162
2021-07-04 07:05:15,460 DEBUG                  - depth 11, hash f25e360, HEAD~3244
2021-07-04 07:05:15,465 DEBUG                  - depth 12, hash 2062016, HEAD~3421
2021-07-04 07:05:15,469 DEBUG                  - depth 13, hash 8d825e4, HEAD~3429
2021-07-04 07:05:15,473 DEBUG                  - depth 14, hash 4c47502, HEAD~3434
2021-07-04 07:05:15,477 DEBUG                  - depth 15, hash e6212e7, HEAD~3492
2021-07-04 07:05:15,481 DEBUG                  - depth 16, hash 83caf39, HEAD~3552
2021-07-04 07:05:15,486 DEBUG                  - depth 17, hash d191645, HEAD~3617
2021-07-04 07:05:15,490 DEBUG                  - depth 18, hash 0a90446, HEAD~3639
2021-07-04 07:05:15,494 DEBUG    [line range] org/apache/commons/math3/distribution/AbstractIntegerDistribution.java solveInverseCumulativeProbability 131:151
2021-07-04 07:05:15,693 DEBUG                  - depth 0, hash 711d6b9, HEAD~314
2021-07-04 07:05:15,699 DEBUG                  - depth 1, hash b7c6f9c, HEAD~357
2021-07-04 07:05:16,004 DEBUG    [line range] org/apache/commons/math3/distribution/BinomialDistribution.java <init> 49:60
2021-07-04 07:05:16,198 DEBUG                  - depth 0, hash dae607e, HEAD~421
2021-07-04 07:05:16,204 DEBUG                  - depth 1, hash 5fa559b, HEAD~3162
2021-07-04 07:05:16,208 DEBUG                  - depth 2, hash 0a90446, HEAD~3639
2021-07-04 07:05:16,212 DEBUG    [line range] org/apache/commons/math3/distribution/BinomialDistribution.java cumulativeProbability 94:105
2021-07-04 07:05:16,407 DEBUG                  - depth 0, hash 711d6b9, HEAD~314
2021-07-04 07:05:16,412 DEBUG                  - depth 1, hash dae607e, HEAD~421
2021-07-04 07:05:16,416 DEBUG                  - depth 2, hash 0a90446, HEAD~3639
2021-07-04 07:05:16,421 DEBUG    [line range] org/apache/commons/math3/distribution/BinomialDistribution.java getNumericalMean 113:115
2021-07-04 07:05:16,614 DEBUG                  - depth 0, hash 711d6b9, HEAD~314
2021-07-04 07:05:16,619 DEBUG                  - depth 1, hash b7c6f9c, HEAD~357
2021-07-04 07:05:16,623 DEBUG    [line range] org/apache/commons/math3/distribution/BinomialDistribution.java getNumericalVariance 123:126
2021-07-04 07:05:16,816 DEBUG                  - depth 0, hash 711d6b9, HEAD~314
2021-07-04 07:05:16,822 DEBUG                  - depth 1, hash b7c6f9c, HEAD~357
2021-07-04 07:05:16,826 DEBUG    [line range] org/apache/commons/math3/distribution/BinomialDistribution.java getSupportLowerBound 136:138
2021-07-04 07:05:17,021 DEBUG                  - depth 0, hash 711d6b9, HEAD~314
2021-07-04 07:05:17,026 DEBUG                  - depth 1, hash dae607e, HEAD~421
2021-07-04 07:05:17,031 DEBUG                  - depth 2, hash 0a90446, HEAD~3639
2021-07-04 07:05:17,035 DEBUG    [line range] org/apache/commons/math3/distribution/BinomialDistribution.java getSupportUpperBound 148:150
2021-07-04 07:05:17,237 DEBUG                  - depth 0, hash 711d6b9, HEAD~314
2021-07-04 07:05:17,242 DEBUG                  - depth 1, hash dae607e, HEAD~421
2021-07-04 07:05:17,247 DEBUG                  - depth 2, hash 0a90446, HEAD~3639
2021-07-04 07:05:17,656 DEBUG    [single line]   org/apache/commons/math3/random/RandomDataImpl.java <clinit> 139
2021-07-04 07:05:17,850 DEBUG                  - depth 0, hash 0df6e2d, HEAD~933
2021-07-04 07:05:17,855 DEBUG    [single line]   org/apache/commons/math3/random/RandomDataImpl.java <clinit> 140
2021-07-04 07:05:18,047 DEBUG                  - depth 0, hash 0df6e2d, HEAD~933
2021-07-04 07:05:18,053 DEBUG    [single line]   org/apache/commons/math3/random/RandomDataImpl.java <clinit> 141
2021-07-04 07:05:18,245 DEBUG                  - depth 0, hash 0df6e2d, HEAD~933
2021-07-04 07:05:18,250 DEBUG    [single line]   org/apache/commons/math3/random/RandomDataImpl.java <clinit> 149
2021-07-04 07:05:18,442 DEBUG                  - depth 0, hash 0df6e2d, HEAD~933
2021-07-04 07:05:18,447 DEBUG    [single line]   org/apache/commons/math3/random/RandomDataImpl.java <clinit> 151
2021-07-04 07:05:18,640 DEBUG                  - depth 0, hash 0df6e2d, HEAD~933
2021-07-04 07:05:18,645 DEBUG    [single line]   org/apache/commons/math3/random/RandomDataImpl.java <clinit> 152
2021-07-04 07:05:18,839 DEBUG                  - depth 0, hash 87e0de0, HEAD~521
2021-07-04 07:05:18,844 DEBUG                  - depth 1, hash cec984b, HEAD~524
2021-07-04 07:05:18,848 DEBUG                  - depth 2, hash 0df6e2d, HEAD~933
2021-07-04 07:05:18,852 DEBUG    [single line]   org/apache/commons/math3/random/RandomDataImpl.java <clinit> 153
2021-07-04 07:05:19,044 DEBUG                  - depth 0, hash 0df6e2d, HEAD~933
2021-07-04 07:05:19,049 DEBUG    [single line]   org/apache/commons/math3/random/RandomDataImpl.java <clinit> 154
2021-07-04 07:05:19,242 DEBUG                  - depth 0, hash 0df6e2d, HEAD~933
2021-07-04 07:05:19,248 DEBUG    [single line]   org/apache/commons/math3/random/RandomDataImpl.java <clinit> 157
2021-07-04 07:05:19,445 DEBUG                  - depth 0, hash 0df6e2d, HEAD~933
2021-07-04 07:05:19,450 DEBUG    [single line]   org/apache/commons/math3/random/RandomDataImpl.java <clinit> 158
2021-07-04 07:05:19,642 DEBUG                  - depth 0, hash 0df6e2d, HEAD~933
2021-07-04 07:05:19,648 DEBUG    [line range] org/apache/commons/math3/random/RandomDataImpl.java <init> 168:169
2021-07-04 07:05:19,859 DEBUG                  - depth 0, hash d66c2e6, HEAD~2185
2021-07-04 07:05:19,864 DEBUG                  - depth 1, hash 8d35623, HEAD~2214
2021-07-04 07:05:19,868 DEBUG                  - depth 2, hash d69852b, HEAD~2445
2021-07-04 07:05:19,872 DEBUG                  - depth 3, hash fd0f875, HEAD~2570
2021-07-04 07:05:19,876 DEBUG                  - depth 4, hash 60c93e7, HEAD~2587
2021-07-04 07:05:19,880 DEBUG                  - depth 5, hash 932ebf8, HEAD~2712
2021-07-04 07:05:19,884 DEBUG                  - depth 6, hash 85997f7, HEAD~2876
2021-07-04 07:05:19,889 DEBUG                  - depth 7, hash 2efb90d, HEAD~2922
2021-07-04 07:05:19,893 DEBUG                  - depth 8, hash 6ef3b29, HEAD~3028
2021-07-04 07:05:19,897 DEBUG                  - depth 9, hash b64000a, HEAD~3106
2021-07-04 07:05:19,901 DEBUG                  - depth 10, hash 2cb671b, HEAD~3108
2021-07-04 07:05:19,905 DEBUG                  - depth 11, hash a71b17a, HEAD~3246
2021-07-04 07:05:19,909 DEBUG                  - depth 12, hash 6ee5a6d, HEAD~3360
2021-07-04 07:05:19,913 DEBUG                  - depth 13, hash 94d1301, HEAD~3382
2021-07-04 07:05:19,918 DEBUG                  - depth 14, hash 9e1defe, HEAD~3487
2021-07-04 07:05:19,922 DEBUG                  - depth 15, hash 2be1c1f, HEAD~3564
2021-07-04 07:05:19,926 DEBUG                  - depth 16, hash 0a90446, HEAD~3639
2021-07-04 07:05:19,930 DEBUG    [line range] org/apache/commons/math3/random/RandomDataImpl.java <init> 126:126
2021-07-04 07:05:20,140 DEBUG                  - depth 0, hash d66c2e6, HEAD~2185
2021-07-04 07:05:20,146 DEBUG                  - depth 1, hash 8d35623, HEAD~2214
2021-07-04 07:05:20,150 DEBUG                  - depth 2, hash d69852b, HEAD~2445
2021-07-04 07:05:20,154 DEBUG                  - depth 3, hash fd0f875, HEAD~2570
2021-07-04 07:05:20,158 DEBUG                  - depth 4, hash 60c93e7, HEAD~2587
2021-07-04 07:05:20,162 DEBUG                  - depth 5, hash 932ebf8, HEAD~2712
2021-07-04 07:05:20,167 DEBUG                  - depth 6, hash 85997f7, HEAD~2876
2021-07-04 07:05:20,171 DEBUG                  - depth 7, hash 2efb90d, HEAD~2922
2021-07-04 07:05:20,175 DEBUG                  - depth 8, hash 6ef3b29, HEAD~3028
2021-07-04 07:05:20,179 DEBUG                  - depth 9, hash b64000a, HEAD~3106
2021-07-04 07:05:20,183 DEBUG                  - depth 10, hash 2cb671b, HEAD~3108
2021-07-04 07:05:20,187 DEBUG                  - depth 11, hash a71b17a, HEAD~3246
2021-07-04 07:05:20,192 DEBUG                  - depth 12, hash 6ee5a6d, HEAD~3360
2021-07-04 07:05:20,196 DEBUG                  - depth 13, hash 94d1301, HEAD~3382
2021-07-04 07:05:20,200 DEBUG                  - depth 14, hash 9e1defe, HEAD~3487
2021-07-04 07:05:20,204 DEBUG                  - depth 15, hash 2be1c1f, HEAD~3564
2021-07-04 07:05:20,208 DEBUG                  - depth 16, hash 0a90446, HEAD~3639
2021-07-04 07:05:20,538 DEBUG    [line range] org/apache/commons/math3/special/Beta.java logBeta 190:206
2021-07-04 07:05:20,739 DEBUG                  - depth 0, hash 6be2ee9, HEAD~1080
2021-07-04 07:05:20,744 DEBUG                  - depth 1, hash 26dac5a, HEAD~1840
2021-07-04 07:05:20,748 DEBUG                  - depth 2, hash 0a90446, HEAD~3639
2021-07-04 07:05:20,753 DEBUG    [line range] org/apache/commons/math3/special/Beta.java regularizedBeta 49:51
2021-07-04 07:05:20,954 DEBUG                  - depth 0, hash 6be2ee9, HEAD~1080
2021-07-04 07:05:20,959 DEBUG                  - depth 1, hash 0a90446, HEAD~3639
2021-07-04 07:05:20,963 DEBUG    [line range] org/apache/commons/math3/special/Beta.java regularizedBeta 115:160
2021-07-04 07:05:21,164 DEBUG                  - depth 0, hash 6be2ee9, HEAD~1080
2021-07-04 07:05:21,169 DEBUG                  - depth 1, hash 80b1e90, HEAD~1500
2021-07-04 07:05:21,173 DEBUG                  - depth 2, hash 82d1aa2, HEAD~2096
2021-07-04 07:05:21,178 DEBUG                  - depth 3, hash 9c8d2c7, HEAD~2230
2021-07-04 07:05:21,182 DEBUG                  - depth 4, hash 93cef03, HEAD~2958
2021-07-04 07:05:21,186 DEBUG                  - depth 5, hash 08aeba4, HEAD~3363
2021-07-04 07:05:21,190 DEBUG                  - depth 6, hash 03a4358, HEAD~3618
2021-07-04 07:05:21,194 DEBUG                  - depth 7, hash 0a90446, HEAD~3639
2021-07-04 07:05:21,199 DEBUG    [line range] org/apache/commons/math3/special/Beta.java <init> 115:160
2021-07-04 07:05:21,407 DEBUG                  - depth 0, hash 6be2ee9, HEAD~1080
2021-07-04 07:05:21,413 DEBUG                  - depth 1, hash 80b1e90, HEAD~1500
2021-07-04 07:05:21,417 DEBUG                  - depth 2, hash 82d1aa2, HEAD~2096
2021-07-04 07:05:21,421 DEBUG                  - depth 3, hash 9c8d2c7, HEAD~2230
2021-07-04 07:05:21,425 DEBUG                  - depth 4, hash 93cef03, HEAD~2958
2021-07-04 07:05:21,429 DEBUG                  - depth 5, hash 08aeba4, HEAD~3363
2021-07-04 07:05:21,433 DEBUG                  - depth 6, hash 03a4358, HEAD~3618
2021-07-04 07:05:21,437 DEBUG                  - depth 7, hash 0a90446, HEAD~3639
2021-07-04 07:05:21,441 DEBUG    [line range] org/apache/commons/math3/special/Beta.java getA 115:160
2021-07-04 07:05:21,643 DEBUG                  - depth 0, hash 6be2ee9, HEAD~1080
2021-07-04 07:05:21,648 DEBUG                  - depth 1, hash 80b1e90, HEAD~1500
2021-07-04 07:05:21,653 DEBUG                  - depth 2, hash 82d1aa2, HEAD~2096
2021-07-04 07:05:21,657 DEBUG                  - depth 3, hash 9c8d2c7, HEAD~2230
2021-07-04 07:05:21,661 DEBUG                  - depth 4, hash 93cef03, HEAD~2958
2021-07-04 07:05:21,665 DEBUG                  - depth 5, hash 08aeba4, HEAD~3363
2021-07-04 07:05:21,669 DEBUG                  - depth 6, hash 03a4358, HEAD~3618
2021-07-04 07:05:21,674 DEBUG                  - depth 7, hash 0a90446, HEAD~3639
2021-07-04 07:05:21,678 DEBUG    [line range] org/apache/commons/math3/special/Beta.java getB 115:160
2021-07-04 07:05:21,887 DEBUG                  - depth 0, hash 6be2ee9, HEAD~1080
2021-07-04 07:05:21,892 DEBUG                  - depth 1, hash 80b1e90, HEAD~1500
2021-07-04 07:05:21,896 DEBUG                  - depth 2, hash 82d1aa2, HEAD~2096
2021-07-04 07:05:21,900 DEBUG                  - depth 3, hash 9c8d2c7, HEAD~2230
2021-07-04 07:05:21,905 DEBUG                  - depth 4, hash 93cef03, HEAD~2958
2021-07-04 07:05:21,909 DEBUG                  - depth 5, hash 08aeba4, HEAD~3363
2021-07-04 07:05:21,913 DEBUG                  - depth 6, hash 03a4358, HEAD~3618
2021-07-04 07:05:21,917 DEBUG                  - depth 7, hash 0a90446, HEAD~3639
2021-07-04 07:05:22,260 DEBUG    [line range] org/apache/commons/math3/special/Gamma.java <clinit> 45:61
2021-07-04 07:05:22,463 DEBUG                  - depth 0, hash 6be2ee9, HEAD~1080
2021-07-04 07:05:22,469 DEBUG                  - depth 1, hash a0943be, HEAD~1846
2021-07-04 07:05:22,473 DEBUG                  - depth 2, hash a5f0c0d, HEAD~2220
2021-07-04 07:05:22,477 DEBUG                  - depth 3, hash 0a90446, HEAD~3639
2021-07-04 07:05:22,481 DEBUG    [line range] org/apache/commons/math3/special/Gamma.java lanczos 349:355
2021-07-04 07:05:22,681 DEBUG                  - depth 0, hash 04b07ea, HEAD~14
2021-07-04 07:05:22,687 DEBUG    [line range] org/apache/commons/math3/special/Gamma.java logGamma 92:106
2021-07-04 07:05:22,890 DEBUG                  - depth 0, hash 04b07ea, HEAD~14
2021-07-04 07:05:22,896 DEBUG                  - depth 1, hash 80b1e90, HEAD~1500
2021-07-04 07:05:22,900 DEBUG                  - depth 2, hash 26dac5a, HEAD~1840
2021-07-04 07:05:22,904 DEBUG                  - depth 3, hash a0943be, HEAD~1846
2021-07-04 07:05:22,908 DEBUG                  - depth 4, hash 4f92fd2, HEAD~3198
2021-07-04 07:05:22,912 DEBUG                  - depth 5, hash a25f1e4, HEAD~3366
2021-07-04 07:05:23,345 DEBUG    [line range] org/apache/commons/math3/util/ArithmeticUtils.java <clinit> 35:42
2021-07-04 07:05:23,539 DEBUG                  - depth 0, hash cec984b, HEAD~524
2021-07-04 07:05:23,544 DEBUG    [line range] org/apache/commons/math3/util/ArithmeticUtils.java factorial 298:307
2021-07-04 07:05:23,746 DEBUG                  - depth 0, hash cec984b, HEAD~524
2021-07-04 07:05:24,093 DEBUG    [line range] org/apache/commons/math3/util/ContinuedFraction.java <init> 44:46
2021-07-04 07:05:24,297 DEBUG                  - depth 0, hash 0a90446, HEAD~3639
2021-07-04 07:05:24,303 DEBUG    [line range] org/apache/commons/math3/util/ContinuedFraction.java evaluate 124:199
2021-07-04 07:05:24,513 DEBUG                  - depth 0, hash 3dc3619, HEAD~1081
2021-07-04 07:05:24,518 DEBUG                  - depth 1, hash 73f74ad, HEAD~1343
2021-07-04 07:05:24,522 DEBUG                  - depth 2, hash 80b1e90, HEAD~1500
2021-07-04 07:05:24,526 DEBUG                  - depth 3, hash 1eaea0b, HEAD~1565
2021-07-04 07:05:24,530 DEBUG                  - depth 4, hash fcabfb5, HEAD~1678
2021-07-04 07:05:24,535 DEBUG                  - depth 5, hash 26dac5a, HEAD~1840
2021-07-04 07:05:24,539 DEBUG                  - depth 6, hash 7f88773, HEAD~2284
2021-07-04 07:05:24,543 DEBUG                  - depth 7, hash fd0f875, HEAD~2570
2021-07-04 07:05:24,547 DEBUG                  - depth 8, hash d2d4c5f, HEAD~2963
2021-07-04 07:05:24,551 DEBUG                  - depth 9, hash 6ef3b29, HEAD~3028
2021-07-04 07:05:24,555 DEBUG                  - depth 10, hash ad6929e, HEAD~3048
2021-07-04 07:05:24,560 DEBUG                  - depth 11, hash 0a90446, HEAD~3639
2021-07-04 07:05:25,208 DEBUG    [line range] org/apache/commons/math3/util/FastMath.java <clinit> 113:123
2021-07-04 07:05:25,432 DEBUG                  - depth 0, hash 1f0b0b2, HEAD~650
2021-07-04 07:05:25,438 DEBUG                  - depth 1, hash 9d76c94, HEAD~659
2021-07-04 07:05:25,442 DEBUG                  - depth 2, hash 95d4a38, HEAD~698
2021-07-04 07:05:25,446 DEBUG                  - depth 3, hash 80b1e90, HEAD~1500
2021-07-04 07:05:25,450 DEBUG    [line range] org/apache/commons/math3/util/FastMath.java abs 3019:3021
2021-07-04 07:05:25,676 DEBUG                  - depth 0, hash 26208c1, HEAD~1253
2021-07-04 07:05:25,682 DEBUG                  - depth 1, hash 80b1e90, HEAD~1500
2021-07-04 07:05:25,686 DEBUG    [line range] org/apache/commons/math3/util/FastMath.java ceil 3358:3377
2021-07-04 07:05:25,914 DEBUG                  - depth 0, hash 90279e8, HEAD~1487
2021-07-04 07:05:25,919 DEBUG                  - depth 1, hash 80b1e90, HEAD~1500
2021-07-04 07:05:25,924 DEBUG    [line range] org/apache/commons/math3/util/FastMath.java exp 806:808
2021-07-04 07:05:26,157 DEBUG                  - depth 0, hash 80b1e90, HEAD~1500
2021-07-04 07:05:26,162 DEBUG    [line range] org/apache/commons/math3/util/FastMath.java exp 817:932
2021-07-04 07:05:26,384 DEBUG                  - depth 0, hash 56d4f26, HEAD~660
2021-07-04 07:05:26,390 DEBUG                  - depth 1, hash 2088737, HEAD~693
2021-07-04 07:05:26,394 DEBUG                  - depth 2, hash 95d4a38, HEAD~698
2021-07-04 07:05:26,398 DEBUG                  - depth 3, hash 90279e8, HEAD~1487
2021-07-04 07:05:26,402 DEBUG                  - depth 4, hash 80b1e90, HEAD~1500
2021-07-04 07:05:26,407 DEBUG    [line range] org/apache/commons/math3/util/FastMath.java floor 3331:3352
2021-07-04 07:05:26,635 DEBUG                  - depth 0, hash 34b6782, HEAD~1171
2021-07-04 07:05:26,640 DEBUG                  - depth 1, hash dc5fdf7, HEAD~1236
2021-07-04 07:05:26,645 DEBUG                  - depth 2, hash 90279e8, HEAD~1487
2021-07-04 07:05:26,649 DEBUG                  - depth 3, hash 80b1e90, HEAD~1500
2021-07-04 07:05:26,653 DEBUG    [line range] org/apache/commons/math3/util/FastMath.java log 1095:1097
2021-07-04 07:05:26,879 DEBUG                  - depth 0, hash 80b1e90, HEAD~1500
2021-07-04 07:05:26,885 DEBUG    [line range] org/apache/commons/math3/util/FastMath.java log 1105:1325
2021-07-04 07:05:27,109 DEBUG                  - depth 0, hash 2088737, HEAD~693
2021-07-04 07:05:27,115 DEBUG                  - depth 1, hash 6d0cca3, HEAD~1148
2021-07-04 07:05:27,119 DEBUG                  - depth 2, hash 34b6782, HEAD~1171
2021-07-04 07:05:27,123 DEBUG                  - depth 3, hash dc5fdf7, HEAD~1236
2021-07-04 07:05:27,127 DEBUG                  - depth 4, hash f45eb1f, HEAD~1237
2021-07-04 07:05:27,131 DEBUG                  - depth 5, hash 26208c1, HEAD~1253
2021-07-04 07:05:27,135 DEBUG                  - depth 6, hash 2bc1662, HEAD~1472
2021-07-04 07:05:27,140 DEBUG                  - depth 7, hash 80b1e90, HEAD~1500
2021-07-04 07:05:27,145 DEBUG    [line range] org/apache/commons/math3/util/FastMath.java pow 1419:1577
2021-07-04 07:05:27,369 DEBUG                  - depth 0, hash 72fcac4, HEAD~680
2021-07-04 07:05:27,374 DEBUG                  - depth 1, hash bae38c1, HEAD~920
2021-07-04 07:05:27,379 DEBUG                  - depth 2, hash dc5fdf7, HEAD~1236
2021-07-04 07:05:27,383 DEBUG                  - depth 3, hash f45eb1f, HEAD~1237
2021-07-04 07:05:27,387 DEBUG                  - depth 4, hash 26208c1, HEAD~1253
2021-07-04 07:05:27,391 DEBUG                  - depth 5, hash 90279e8, HEAD~1487
2021-07-04 07:05:27,395 DEBUG                  - depth 6, hash 80b1e90, HEAD~1500
2021-07-04 07:05:27,400 DEBUG    [line range] org/apache/commons/math3/util/FastMath.java sqrt 374:376
2021-07-04 07:05:27,621 DEBUG                  - depth 0, hash 80b1e90, HEAD~1500
2021-07-04 07:05:27,627 DEBUG    [single line]   org/apache/commons/math3/util/FastMath.java access$300 3747
2021-07-04 07:05:27,860 DEBUG                  - depth 0, hash 1f0b0b2, HEAD~650
2021-07-04 07:05:27,865 DEBUG                  - depth 1, hash e260d84, HEAD~1205
2021-07-04 07:05:27,869 DEBUG                  - depth 2, hash 5e87378, HEAD~1225
2021-07-04 07:05:27,873 DEBUG                  - depth 3, hash 5dcca48, HEAD~1265
2021-07-04 07:05:27,878 DEBUG                  - depth 4, hash 80b1e90, HEAD~1500
2021-07-04 07:05:27,882 DEBUG    [single line]   org/apache/commons/math3/util/FastMath.java access$100 3708
2021-07-04 07:05:28,112 DEBUG                  - depth 0, hash 1f0b0b2, HEAD~650
2021-07-04 07:05:28,118 DEBUG                  - depth 1, hash e260d84, HEAD~1205
2021-07-04 07:05:28,122 DEBUG                  - depth 2, hash 5e87378, HEAD~1225
2021-07-04 07:05:28,126 DEBUG                  - depth 3, hash 80b1e90, HEAD~1500
2021-07-04 07:05:28,130 DEBUG    [single line]   org/apache/commons/math3/util/FastMath.java access$400 3780
2021-07-04 07:05:28,345 DEBUG                  - depth 0, hash 1f0b0b2, HEAD~650
2021-07-04 07:05:28,350 DEBUG                  - depth 1, hash cf1e53b, HEAD~1194
2021-07-04 07:05:28,354 DEBUG                  - depth 2, hash d3d2350, HEAD~1217
2021-07-04 07:05:29,190 DEBUG    [line range] org/apache/commons/math3/util/FastMathLiteralArrays.java <clinit> 29:1530
2021-07-04 07:05:29,360 DEBUG                  - depth 0, hash 2225164, HEAD~542
2021-07-04 07:05:29,366 DEBUG    [line range] org/apache/commons/math3/util/FastMathLiteralArrays.java loadExpFracA 6157:6159
2021-07-04 07:05:29,537 DEBUG                  - depth 0, hash 3eb4dcd, HEAD~155
2021-07-04 07:05:29,543 DEBUG                  - depth 1, hash 96673d8, HEAD~177
2021-07-04 07:05:29,547 DEBUG                  - depth 2, hash de147e5, HEAD~270
2021-07-04 07:05:29,551 DEBUG                  - depth 3, hash 2225164, HEAD~542
2021-07-04 07:05:29,555 DEBUG    [line range] org/apache/commons/math3/util/FastMathLiteralArrays.java loadExpFracB 6165:6167
2021-07-04 07:05:29,726 DEBUG                  - depth 0, hash 3eb4dcd, HEAD~155
2021-07-04 07:05:29,732 DEBUG                  - depth 1, hash 96673d8, HEAD~177
2021-07-04 07:05:29,736 DEBUG                  - depth 2, hash de147e5, HEAD~270
2021-07-04 07:05:29,740 DEBUG                  - depth 3, hash 2225164, HEAD~542
2021-07-04 07:05:29,744 DEBUG    [line range] org/apache/commons/math3/util/FastMathLiteralArrays.java loadExpIntA 6141:6143
2021-07-04 07:05:29,921 DEBUG                  - depth 0, hash 3eb4dcd, HEAD~155
2021-07-04 07:05:29,927 DEBUG                  - depth 1, hash 96673d8, HEAD~177
2021-07-04 07:05:29,931 DEBUG                  - depth 2, hash de147e5, HEAD~270
2021-07-04 07:05:29,935 DEBUG                  - depth 3, hash 2225164, HEAD~542
2021-07-04 07:05:29,939 DEBUG    [line range] org/apache/commons/math3/util/FastMathLiteralArrays.java loadExpIntB 6149:6151
2021-07-04 07:05:30,114 DEBUG                  - depth 0, hash 3eb4dcd, HEAD~155
2021-07-04 07:05:30,119 DEBUG                  - depth 1, hash 96673d8, HEAD~177
2021-07-04 07:05:30,123 DEBUG                  - depth 2, hash de147e5, HEAD~270
2021-07-04 07:05:30,127 DEBUG                  - depth 3, hash 2225164, HEAD~542
2021-07-04 07:05:30,132 DEBUG    [line range] org/apache/commons/math3/util/FastMathLiteralArrays.java loadLnMant 6173:6175
2021-07-04 07:05:30,303 DEBUG                  - depth 0, hash 3eb4dcd, HEAD~155
2021-07-04 07:05:30,309 DEBUG                  - depth 1, hash 96673d8, HEAD~177
2021-07-04 07:05:30,313 DEBUG                  - depth 2, hash de147e5, HEAD~270
2021-07-04 07:05:30,317 DEBUG                  - depth 3, hash 2225164, HEAD~542
2021-07-04 07:05:30,718 DEBUG    [line range] org/apache/commons/math3/util/ResizableDoubleArray.java <init> 160:163
2021-07-04 07:05:30,915 DEBUG                  - depth 0, hash 8dcc542, HEAD~3361
2021-07-04 07:05:30,921 DEBUG    [line range] org/apache/commons/math3/util/ResizableDoubleArray.java <init> 93:93
2021-07-04 07:05:31,117 DEBUG                  - depth 0, hash e6f32e0, HEAD~110
2021-07-04 07:05:31,123 DEBUG                  - depth 1, hash 8dcc542, HEAD~3361
2021-07-04 07:05:31,127 DEBUG    [line range] org/apache/commons/math3/util/ResizableDoubleArray.java addElement 300:309
2021-07-04 07:05:31,324 DEBUG                  - depth 0, hash 8dcc542, HEAD~3361
2021-07-04 07:05:31,329 DEBUG    [line range] org/apache/commons/math3/util/ResizableDoubleArray.java contract 431:440
2021-07-04 07:05:31,525 DEBUG                  - depth 0, hash 8dcc542, HEAD~3361
2021-07-04 07:05:31,531 DEBUG    [line range] org/apache/commons/math3/util/ResizableDoubleArray.java expand 525:543
2021-07-04 07:05:31,733 DEBUG                  - depth 0, hash 80b1e90, HEAD~1500
2021-07-04 07:05:31,739 DEBUG                  - depth 1, hash 26dac5a, HEAD~1840
2021-07-04 07:05:31,743 DEBUG                  - depth 2, hash 4703e5a, HEAD~2448
2021-07-04 07:05:31,747 DEBUG                  - depth 3, hash 8dcc542, HEAD~3361
2021-07-04 07:05:31,752 DEBUG    [line range] org/apache/commons/math3/util/ResizableDoubleArray.java getElements 598:603
2021-07-04 07:05:31,948 DEBUG                  - depth 0, hash 545e47a, HEAD~3037
2021-07-04 07:05:31,954 DEBUG                  - depth 1, hash 8dcc542, HEAD~3361
2021-07-04 07:05:31,958 DEBUG    [line range] org/apache/commons/math3/util/ResizableDoubleArray.java setInitialCapacity 754:764
2021-07-04 07:05:32,163 DEBUG                  - depth 0, hash 1d5be06, HEAD~573
2021-07-04 07:05:32,168 DEBUG                  - depth 1, hash 1eaea0b, HEAD~1565
2021-07-04 07:05:32,173 DEBUG                  - depth 2, hash 7f88773, HEAD~2284
2021-07-04 07:05:32,177 DEBUG                  - depth 3, hash e350740, HEAD~2695
2021-07-04 07:05:32,181 DEBUG                  - depth 4, hash 8dcc542, HEAD~3361
2021-07-04 07:05:32,186 DEBUG    [line range] org/apache/commons/math3/util/ResizableDoubleArray.java shouldContract 799:805
2021-07-04 07:05:32,382 DEBUG                  - depth 0, hash 26dac5a, HEAD~1840
2021-07-04 07:05:32,387 DEBUG                  - depth 1, hash 634d68d, HEAD~2843
2021-07-04 07:05:32,392 DEBUG                  - depth 2, hash 8dcc542, HEAD~3361
2021-07-04 07:05:32,673 DEBUG    [line range] org/apache/commons/math3/analysis/solvers/AbstractUnivariateSolver.java <init> 36:38
2021-07-04 07:05:32,857 DEBUG                  - depth 0, hash 09fd185, HEAD~273
2021-07-04 07:05:32,863 DEBUG                  - depth 1, hash 74ff198, HEAD~1356
2021-07-04 07:05:33,196 DEBUG    [line range] org/apache/commons/math3/analysis/solvers/BaseAbstractUnivariateSolver.java <init> 64:68
2021-07-04 07:05:33,399 DEBUG                  - depth 0, hash 09fd185, HEAD~273
2021-07-04 07:05:33,404 DEBUG                  - depth 1, hash 74ff198, HEAD~1356
2021-07-04 07:05:33,409 DEBUG    [line range] org/apache/commons/math3/analysis/solvers/BaseAbstractUnivariateSolver.java <init> 49:49
2021-07-04 07:05:33,611 DEBUG                  - depth 0, hash 74ff198, HEAD~1356
2021-07-04 07:05:33,617 DEBUG    [line range] org/apache/commons/math3/analysis/solvers/BaseAbstractUnivariateSolver.java computeObjectiveValue 151:155
2021-07-04 07:05:33,820 DEBUG                  - depth 0, hash 610666e, HEAD~831
2021-07-04 07:05:33,826 DEBUG                  - depth 1, hash 74ff198, HEAD~1356
2021-07-04 07:05:33,830 DEBUG    [line range] org/apache/commons/math3/analysis/solvers/BaseAbstractUnivariateSolver.java getFunctionValueAccuracy 139:141
2021-07-04 07:05:34,033 DEBUG                  - depth 0, hash 74ff198, HEAD~1356
2021-07-04 07:05:34,038 DEBUG    [line range] org/apache/commons/math3/analysis/solvers/BaseAbstractUnivariateSolver.java getMax 115:117
2021-07-04 07:05:34,243 DEBUG                  - depth 0, hash 74ff198, HEAD~1356
2021-07-04 07:05:34,249 DEBUG    [line range] org/apache/commons/math3/analysis/solvers/BaseAbstractUnivariateSolver.java getMin 109:111
2021-07-04 07:05:34,452 DEBUG                  - depth 0, hash 74ff198, HEAD~1356
2021-07-04 07:05:34,457 DEBUG    [line range] org/apache/commons/math3/analysis/solvers/BaseAbstractUnivariateSolver.java getStartValue 121:123
2021-07-04 07:05:34,667 DEBUG                  - depth 0, hash 74ff198, HEAD~1356
2021-07-04 07:05:34,673 DEBUG    [line range] org/apache/commons/math3/analysis/solvers/BaseAbstractUnivariateSolver.java incrementEvaluationCount 292:298
2021-07-04 07:05:34,875 DEBUG                  - depth 0, hash 74ff198, HEAD~1356
2021-07-04 07:05:34,881 DEBUG    [line range] org/apache/commons/math3/analysis/solvers/BaseAbstractUnivariateSolver.java setup 168:182
2021-07-04 07:05:35,083 DEBUG                  - depth 0, hash fc55e29, HEAD~903
2021-07-04 07:05:35,089 DEBUG                  - depth 1, hash 6cca072, HEAD~1339
2021-07-04 07:05:35,093 DEBUG                  - depth 2, hash 74ff198, HEAD~1356
2021-07-04 07:05:35,097 DEBUG    [line range] org/apache/commons/math3/analysis/solvers/BaseAbstractUnivariateSolver.java solve 194:196
2021-07-04 07:05:35,308 DEBUG                  - depth 0, hash 6cca072, HEAD~1339
2021-07-04 07:05:35,314 DEBUG                  - depth 1, hash 74ff198, HEAD~1356
2021-07-04 07:05:35,318 DEBUG    [line range] org/apache/commons/math3/analysis/solvers/BaseAbstractUnivariateSolver.java solve 185:191
2021-07-04 07:05:35,524 DEBUG                  - depth 0, hash 6cca072, HEAD~1339
2021-07-04 07:05:35,530 DEBUG                  - depth 1, hash 74ff198, HEAD~1356
2021-07-04 07:05:35,534 DEBUG    [line range] org/apache/commons/math3/analysis/solvers/BaseAbstractUnivariateSolver.java verifySequence 265:269
2021-07-04 07:05:35,745 DEBUG                  - depth 0, hash 09fd185, HEAD~273
2021-07-04 07:05:35,751 DEBUG                  - depth 1, hash 74ff198, HEAD~1356
2021-07-04 07:05:36,084 DEBUG    [line range] org/apache/commons/math3/analysis/solvers/BrentSolver.java <init> 52:54
2021-07-04 07:05:36,291 DEBUG                  - depth 0, hash 74ff198, HEAD~1356
2021-07-04 07:05:36,297 DEBUG                  - depth 1, hash fcabfb5, HEAD~1678
2021-07-04 07:05:36,301 DEBUG                  - depth 2, hash 583dffc, HEAD~2415
2021-07-04 07:05:36,305 DEBUG    [line range] org/apache/commons/math3/analysis/solvers/BrentSolver.java doSolve 81:119
2021-07-04 07:05:36,509 DEBUG                  - depth 0, hash 74ff198, HEAD~1356
2021-07-04 07:05:36,515 DEBUG                  - depth 1, hash 80b1e90, HEAD~1500
2021-07-04 07:05:36,519 DEBUG                  - depth 2, hash 1eaea0b, HEAD~1565
2021-07-04 07:05:36,523 DEBUG                  - depth 3, hash 5147ff5, HEAD~1698
2021-07-04 07:05:36,527 DEBUG                  - depth 4, hash 9fd985e, HEAD~1703
2021-07-04 07:05:36,531 DEBUG                  - depth 5, hash 356cec4, HEAD~1710
2021-07-04 07:05:36,536 DEBUG                  - depth 6, hash aa09ac7, HEAD~1711
2021-07-04 07:05:36,540 DEBUG                  - depth 7, hash 29c3b75, HEAD~1712
2021-07-04 07:05:36,544 DEBUG                  - depth 8, hash 1422c5d, HEAD~2343
2021-07-04 07:05:36,548 DEBUG                  - depth 9, hash 583dffc, HEAD~2415
2021-07-04 07:05:36,553 DEBUG                  - depth 10, hash 1f89e22, HEAD~2729
2021-07-04 07:05:36,557 DEBUG                  - depth 11, hash ff69ef1, HEAD~2919
2021-07-04 07:05:36,561 DEBUG                  - depth 12, hash 0a90446, HEAD~3639
2021-07-04 07:05:36,930 DEBUG    [line range] org/apache/commons/math3/analysis/solvers/UnivariateSolverUtils.java solve 70:78
2021-07-04 07:05:37,136 DEBUG                  - depth 0, hash 09fd185, HEAD~273
2021-07-04 07:05:37,141 DEBUG                  - depth 1, hash beb4b5e, HEAD~387
2021-07-04 07:05:37,146 DEBUG                  - depth 2, hash 6cca072, HEAD~1339
2021-07-04 07:05:37,150 DEBUG                  - depth 3, hash 74ff198, HEAD~1356
2021-07-04 07:05:37,154 DEBUG                  - depth 4, hash 8302dd0, HEAD~1364
2021-07-04 07:05:37,158 DEBUG                  - depth 5, hash 26dac5a, HEAD~1840
2021-07-04 07:05:37,163 DEBUG                  - depth 6, hash 382b573, HEAD~2226
2021-07-04 07:05:37,167 DEBUG                  - depth 7, hash 583dffc, HEAD~2415
2021-07-04 07:05:37,171 DEBUG                  - depth 8, hash 6a978ea, HEAD~3261
2021-07-04 07:05:37,175 DEBUG                  - depth 9, hash 0a90446, HEAD~3639
2021-07-04 07:05:37,180 DEBUG    [line range] org/apache/commons/math3/analysis/solvers/UnivariateSolverUtils.java verifyInterval 334:340
2021-07-04 07:05:37,380 DEBUG                  - depth 0, hash 74ff198, HEAD~1356
2021-07-04 07:05:37,386 DEBUG    [line range] org/apache/commons/math3/analysis/solvers/UnivariateSolverUtils.java verifySequence 351:356
2021-07-04 07:05:37,586 DEBUG                  - depth 0, hash 74ff198, HEAD~1356
2021-07-04 07:05:37,924 DEBUG    [line range] org/apache/commons/math3/distribution/AbstractRealDistribution.java <init> 47:47
2021-07-04 07:05:38,129 DEBUG                  - depth 0, hash b7c6f9c, HEAD~357
2021-07-04 07:05:38,135 DEBUG                  - depth 1, hash 71f799c, HEAD~1448
2021-07-04 07:05:38,139 DEBUG                  - depth 2, hash 0a90446, HEAD~3639
2021-07-04 07:05:38,143 DEBUG    [line range] org/apache/commons/math3/distribution/AbstractRealDistribution.java inverseCumulativeProbability 78:181
2021-07-04 07:05:38,348 DEBUG                  - depth 0, hash 09fd185, HEAD~273
2021-07-04 07:05:38,353 DEBUG                  - depth 1, hash af3fffb, HEAD~355
2021-07-04 07:05:38,358 DEBUG                  - depth 2, hash 1ae0a97, HEAD~356
2021-07-04 07:05:38,362 DEBUG                  - depth 3, hash beb4b5e, HEAD~387
2021-07-04 07:05:38,366 DEBUG                  - depth 4, hash 5b07ef0, HEAD~448
2021-07-04 07:05:38,370 DEBUG                  - depth 5, hash 681ce01, HEAD~449
2021-07-04 07:05:38,374 DEBUG                  - depth 6, hash 3f0b2ae, HEAD~566
2021-07-04 07:05:38,378 DEBUG                  - depth 7, hash 74c289e, HEAD~694
2021-07-04 07:05:38,383 DEBUG                  - depth 8, hash a763f3e, HEAD~1097
2021-07-04 07:05:38,387 DEBUG                  - depth 9, hash 7e4a6f8, HEAD~1329
2021-07-04 07:05:38,391 DEBUG                  - depth 10, hash 74ff198, HEAD~1356
2021-07-04 07:05:38,395 DEBUG                  - depth 11, hash 7a6bd26, HEAD~1365
2021-07-04 07:05:38,399 DEBUG                  - depth 12, hash 71f799c, HEAD~1448
2021-07-04 07:05:38,404 DEBUG                  - depth 13, hash 80b1e90, HEAD~1500
2021-07-04 07:05:38,408 DEBUG                  - depth 14, hash 1eaea0b, HEAD~1565
2021-07-04 07:05:38,412 DEBUG                  - depth 15, hash f7f9886, HEAD~1574
2021-07-04 07:05:38,416 DEBUG                  - depth 16, hash 7c4c349, HEAD~1656
2021-07-04 07:05:38,421 DEBUG                  - depth 17, hash fcabfb5, HEAD~1678
2021-07-04 07:05:38,425 DEBUG                  - depth 18, hash 26dac5a, HEAD~1840
2021-07-04 07:05:38,429 DEBUG                  - depth 19, hash 9be86f6, HEAD~1968
2021-07-04 07:05:38,433 DEBUG                  - depth 20, hash 1e42e6b, HEAD~2013
2021-07-04 07:05:38,438 DEBUG                  - depth 21, hash e497d61, HEAD~2140
2021-07-04 07:05:38,442 DEBUG                  - depth 22, hash 2f4dff0, HEAD~2251
2021-07-04 07:05:38,446 DEBUG                  - depth 23, hash 7f88773, HEAD~2284
2021-07-04 07:05:38,450 DEBUG                  - depth 24, hash b852a8e, HEAD~2959
2021-07-04 07:05:38,455 DEBUG                  - depth 25, hash 6a978ea, HEAD~3261
2021-07-04 07:05:38,459 DEBUG                  - depth 26, hash 83caf39, HEAD~3552
2021-07-04 07:05:38,463 DEBUG                  - depth 27, hash d191645, HEAD~3617
2021-07-04 07:05:38,468 DEBUG                  - depth 28, hash 8c5e07e, HEAD~3631
2021-07-04 07:05:38,472 DEBUG                  - depth 29, hash 0a90446, HEAD~3639
2021-07-04 07:05:38,476 DEBUG    [line range] org/apache/commons/math3/distribution/AbstractRealDistribution.java <init> 78:181
2021-07-04 07:05:38,682 DEBUG                  - depth 0, hash 09fd185, HEAD~273
2021-07-04 07:05:38,687 DEBUG                  - depth 1, hash af3fffb, HEAD~355
2021-07-04 07:05:38,691 DEBUG                  - depth 2, hash 1ae0a97, HEAD~356
2021-07-04 07:05:38,696 DEBUG                  - depth 3, hash beb4b5e, HEAD~387
2021-07-04 07:05:38,700 DEBUG                  - depth 4, hash 5b07ef0, HEAD~448
2021-07-04 07:05:38,704 DEBUG                  - depth 5, hash 681ce01, HEAD~449
2021-07-04 07:05:38,708 DEBUG                  - depth 6, hash 3f0b2ae, HEAD~566
2021-07-04 07:05:38,713 DEBUG                  - depth 7, hash 74c289e, HEAD~694
2021-07-04 07:05:38,717 DEBUG                  - depth 8, hash a763f3e, HEAD~1097
2021-07-04 07:05:38,721 DEBUG                  - depth 9, hash 7e4a6f8, HEAD~1329
2021-07-04 07:05:38,725 DEBUG                  - depth 10, hash 74ff198, HEAD~1356
2021-07-04 07:05:38,729 DEBUG                  - depth 11, hash 7a6bd26, HEAD~1365
2021-07-04 07:05:38,734 DEBUG                  - depth 12, hash 71f799c, HEAD~1448
2021-07-04 07:05:38,738 DEBUG                  - depth 13, hash 80b1e90, HEAD~1500
2021-07-04 07:05:38,742 DEBUG                  - depth 14, hash 1eaea0b, HEAD~1565
2021-07-04 07:05:38,746 DEBUG                  - depth 15, hash f7f9886, HEAD~1574
2021-07-04 07:05:38,751 DEBUG                  - depth 16, hash 7c4c349, HEAD~1656
2021-07-04 07:05:38,755 DEBUG                  - depth 17, hash fcabfb5, HEAD~1678
2021-07-04 07:05:38,759 DEBUG                  - depth 18, hash 26dac5a, HEAD~1840
2021-07-04 07:05:38,763 DEBUG                  - depth 19, hash 9be86f6, HEAD~1968
2021-07-04 07:05:38,768 DEBUG                  - depth 20, hash 1e42e6b, HEAD~2013
2021-07-04 07:05:38,772 DEBUG                  - depth 21, hash e497d61, HEAD~2140
2021-07-04 07:05:38,776 DEBUG                  - depth 22, hash 2f4dff0, HEAD~2251
2021-07-04 07:05:38,780 DEBUG                  - depth 23, hash 7f88773, HEAD~2284
2021-07-04 07:05:38,785 DEBUG                  - depth 24, hash b852a8e, HEAD~2959
2021-07-04 07:05:38,789 DEBUG                  - depth 25, hash 6a978ea, HEAD~3261
2021-07-04 07:05:38,793 DEBUG                  - depth 26, hash 83caf39, HEAD~3552
2021-07-04 07:05:38,797 DEBUG                  - depth 27, hash d191645, HEAD~3617
2021-07-04 07:05:38,802 DEBUG                  - depth 28, hash 8c5e07e, HEAD~3631
2021-07-04 07:05:38,806 DEBUG                  - depth 29, hash 0a90446, HEAD~3639
2021-07-04 07:05:38,810 DEBUG    [line range] org/apache/commons/math3/distribution/AbstractRealDistribution.java value 78:181
2021-07-04 07:05:39,017 DEBUG                  - depth 0, hash 09fd185, HEAD~273
2021-07-04 07:05:39,022 DEBUG                  - depth 1, hash af3fffb, HEAD~355
2021-07-04 07:05:39,026 DEBUG                  - depth 2, hash 1ae0a97, HEAD~356
2021-07-04 07:05:39,030 DEBUG                  - depth 3, hash beb4b5e, HEAD~387
2021-07-04 07:05:39,035 DEBUG                  - depth 4, hash 5b07ef0, HEAD~448
2021-07-04 07:05:39,039 DEBUG                  - depth 5, hash 681ce01, HEAD~449
2021-07-04 07:05:39,043 DEBUG                  - depth 6, hash 3f0b2ae, HEAD~566
2021-07-04 07:05:39,047 DEBUG                  - depth 7, hash 74c289e, HEAD~694
2021-07-04 07:05:39,052 DEBUG                  - depth 8, hash a763f3e, HEAD~1097
2021-07-04 07:05:39,056 DEBUG                  - depth 9, hash 7e4a6f8, HEAD~1329
2021-07-04 07:05:39,060 DEBUG                  - depth 10, hash 74ff198, HEAD~1356
2021-07-04 07:05:39,064 DEBUG                  - depth 11, hash 7a6bd26, HEAD~1365
2021-07-04 07:05:39,069 DEBUG                  - depth 12, hash 71f799c, HEAD~1448
2021-07-04 07:05:39,073 DEBUG                  - depth 13, hash 80b1e90, HEAD~1500
2021-07-04 07:05:39,077 DEBUG                  - depth 14, hash 1eaea0b, HEAD~1565
2021-07-04 07:05:39,081 DEBUG                  - depth 15, hash f7f9886, HEAD~1574
2021-07-04 07:05:39,086 DEBUG                  - depth 16, hash 7c4c349, HEAD~1656
2021-07-04 07:05:39,090 DEBUG                  - depth 17, hash fcabfb5, HEAD~1678
2021-07-04 07:05:39,094 DEBUG                  - depth 18, hash 26dac5a, HEAD~1840
2021-07-04 07:05:39,098 DEBUG                  - depth 19, hash 9be86f6, HEAD~1968
2021-07-04 07:05:39,103 DEBUG                  - depth 20, hash 1e42e6b, HEAD~2013
2021-07-04 07:05:39,107 DEBUG                  - depth 21, hash e497d61, HEAD~2140
2021-07-04 07:05:39,111 DEBUG                  - depth 22, hash 2f4dff0, HEAD~2251
2021-07-04 07:05:39,116 DEBUG                  - depth 23, hash 7f88773, HEAD~2284
2021-07-04 07:05:39,120 DEBUG                  - depth 24, hash b852a8e, HEAD~2959
2021-07-04 07:05:39,124 DEBUG                  - depth 25, hash 6a978ea, HEAD~3261
2021-07-04 07:05:39,128 DEBUG                  - depth 26, hash 83caf39, HEAD~3552
2021-07-04 07:05:39,133 DEBUG                  - depth 27, hash d191645, HEAD~3617
2021-07-04 07:05:39,137 DEBUG                  - depth 28, hash 8c5e07e, HEAD~3631
2021-07-04 07:05:39,141 DEBUG                  - depth 29, hash 0a90446, HEAD~3639
2021-07-04 07:05:39,474 DEBUG    [line range] org/apache/commons/math3/distribution/FDistribution.java <init> 65:70
2021-07-04 07:05:39,698 DEBUG                  - depth 0, hash c6b4fef, HEAD~415
2021-07-04 07:05:39,704 DEBUG                  - depth 1, hash 0a90446, HEAD~3639
2021-07-04 07:05:39,708 DEBUG    [line range] org/apache/commons/math3/distribution/FDistribution.java <init> 52:52
2021-07-04 07:05:39,917 DEBUG                  - depth 0, hash b7c6f9c, HEAD~357
2021-07-04 07:05:39,923 DEBUG    [line range] org/apache/commons/math3/distribution/FDistribution.java calculateNumericalVariance 226:238
2021-07-04 07:05:40,134 DEBUG                  - depth 0, hash c6b4fef, HEAD~415
2021-07-04 07:05:40,139 DEBUG                  - depth 1, hash 0a90446, HEAD~3639
2021-07-04 07:05:40,144 DEBUG    [line range] org/apache/commons/math3/distribution/FDistribution.java cumulativeProbability 142:155
2021-07-04 07:05:40,356 DEBUG                  - depth 0, hash c6b4fef, HEAD~415
2021-07-04 07:05:40,361 DEBUG                  - depth 1, hash 0a90446, HEAD~3639
2021-07-04 07:05:40,366 DEBUG    [line range] org/apache/commons/math3/distribution/FDistribution.java getDenominatorDegreesOfFreedom 171:173
2021-07-04 07:05:40,568 DEBUG                  - depth 0, hash c6b4fef, HEAD~415
2021-07-04 07:05:40,573 DEBUG                  - depth 1, hash 0a90446, HEAD~3639
2021-07-04 07:05:40,578 DEBUG    [line range] org/apache/commons/math3/distribution/FDistribution.java getNumeratorDegreesOfFreedom 162:164
2021-07-04 07:05:40,781 DEBUG                  - depth 0, hash c6b4fef, HEAD~415
2021-07-04 07:05:40,787 DEBUG                  - depth 1, hash 0a90446, HEAD~3639
2021-07-04 07:05:40,791 DEBUG    [line range] org/apache/commons/math3/distribution/FDistribution.java getNumericalMean 190:198
2021-07-04 07:05:40,994 DEBUG                  - depth 0, hash b7c6f9c, HEAD~357
2021-07-04 07:05:40,999 DEBUG                  - depth 1, hash c6b4fef, HEAD~415
2021-07-04 07:05:41,004 DEBUG                  - depth 2, hash 0a90446, HEAD~3639
2021-07-04 07:05:41,008 DEBUG    [line range] org/apache/commons/math3/distribution/FDistribution.java getNumericalVariance 213:219
2021-07-04 07:05:41,210 DEBUG                  - depth 0, hash b7c6f9c, HEAD~357
2021-07-04 07:05:41,216 DEBUG                  - depth 1, hash c6b4fef, HEAD~415
2021-07-04 07:05:41,220 DEBUG                  - depth 2, hash 0a90446, HEAD~3639
2021-07-04 07:05:41,225 DEBUG    [line range] org/apache/commons/math3/distribution/FDistribution.java getSolverAbsoluteAccuracy 176:179
2021-07-04 07:05:41,427 DEBUG                  - depth 0, hash c6b4fef, HEAD~415
2021-07-04 07:05:41,433 DEBUG                  - depth 1, hash 0a90446, HEAD~3639
2021-07-04 07:05:41,437 DEBUG    [line range] org/apache/commons/math3/distribution/FDistribution.java getSupportLowerBound 247:249
2021-07-04 07:05:41,641 DEBUG                  - depth 0, hash b7c6f9c, HEAD~357
2021-07-04 07:05:41,647 DEBUG    [line range] org/apache/commons/math3/distribution/FDistribution.java getSupportUpperBound 259:261
2021-07-04 07:05:41,847 DEBUG                  - depth 0, hash b7c6f9c, HEAD~357
2021-07-04 07:05:42,165 DEBUG    [line range] org/apache/commons/math3/exception/MathIllegalArgumentException.java <init> 43:47
2021-07-04 07:05:42,351 DEBUG                  - depth 0, hash 4439855, HEAD~718
2021-07-04 07:05:42,356 DEBUG                  - depth 1, hash 804309e, HEAD~999
2021-07-04 07:05:42,361 DEBUG                  - depth 2, hash a763f3e, HEAD~1097
2021-07-04 07:05:42,365 DEBUG                  - depth 3, hash 622f5b5, HEAD~1323
2021-07-04 07:05:42,369 DEBUG                  - depth 4, hash 3c3ccb7, HEAD~1411
2021-07-04 07:05:42,374 DEBUG                  - depth 5, hash b848e5c, HEAD~1517
2021-07-04 07:05:42,378 DEBUG                  - depth 6, hash 07d703b, HEAD~1552
2021-07-04 07:05:42,382 DEBUG                  - depth 7, hash 3693e02, HEAD~1557
2021-07-04 07:05:42,387 DEBUG                  - depth 8, hash d96ea7e, HEAD~1558
2021-07-04 07:05:42,691 DEBUG    [line range] org/apache/commons/math3/exception/NoBracketingException.java <init> 49:52
2021-07-04 07:05:42,880 DEBUG                  - depth 0, hash a763f3e, HEAD~1097
2021-07-04 07:05:42,886 DEBUG                  - depth 1, hash 74ff198, HEAD~1356
2021-07-04 07:05:42,890 DEBUG    [line range] org/apache/commons/math3/exception/NoBracketingException.java <init> 64:73
2021-07-04 07:05:43,079 DEBUG                  - depth 0, hash a763f3e, HEAD~1097
2021-07-04 07:05:43,085 DEBUG                  - depth 1, hash 74ff198, HEAD~1356
2021-07-04 07:05:43,384 DEBUG    [line range] org/apache/commons/math3/util/Incrementor.java <init> 51:53
2021-07-04 07:05:43,577 DEBUG                  - depth 0, hash 7f2da64, HEAD~667
2021-07-04 07:05:43,583 DEBUG    [line range] org/apache/commons/math3/util/Incrementor.java <init> 60:68
2021-07-04 07:05:43,776 DEBUG                  - depth 0, hash 87b1e7f, HEAD~666
2021-07-04 07:05:43,782 DEBUG                  - depth 1, hash 7f2da64, HEAD~667
2021-07-04 07:05:43,786 DEBUG    [line range] org/apache/commons/math3/util/Incrementor.java <init> 40:40
2021-07-04 07:05:43,979 DEBUG                  - depth 0, hash 87b1e7f, HEAD~666
2021-07-04 07:05:43,984 DEBUG                  - depth 1, hash dd7aa20, HEAD~1498
2021-07-04 07:05:43,989 DEBUG    [line range] org/apache/commons/math3/util/Incrementor.java incrementCount 149:153
2021-07-04 07:05:44,181 DEBUG                  - depth 0, hash 87b1e7f, HEAD~666
2021-07-04 07:05:44,187 DEBUG                  - depth 1, hash dd7aa20, HEAD~1498
2021-07-04 07:05:44,191 DEBUG    [line range] org/apache/commons/math3/util/Incrementor.java resetCount 158:160
2021-07-04 07:05:44,384 DEBUG                  - depth 0, hash dd7aa20, HEAD~1498
2021-07-04 07:05:44,390 DEBUG    [line range] org/apache/commons/math3/util/Incrementor.java setMaximalCount 90:92
2021-07-04 07:05:44,584 DEBUG                  - depth 0, hash d4a0b9e, HEAD~1479
2021-07-04 07:05:44,590 DEBUG                  - depth 1, hash dd7aa20, HEAD~1498
2021-07-04 07:05:44,919 DEBUG    [line range] org/apache/commons/math3/util/MathUtils.java checkNotNull 255:260
2021-07-04 07:05:45,131 DEBUG                  - depth 0, hash e9c6d1d, HEAD~966
2021-07-04 07:05:45,136 DEBUG                  - depth 1, hash 82ff5d1, HEAD~1094
2021-07-04 07:05:45,141 INFO     The number of BIC candidates: 135
