2021-07-04 06:42:13,574 INFO     Search BICs for /tmp/Math-18b/
2021-07-04 06:42:13,574 DEBUG    Reading the coverage of org.apache.commons.math3.optimization.direct.CMAESOptimizerTest::testFitAccuracyDependsOnBoundary (failings)
2021-07-04 06:42:13,667 INFO     Loaded 1x1111 Coverage Matrix
2021-07-04 06:42:13,668 INFO     The number of total commits: 4244
2021-07-04 06:42:14,115 DEBUG    [line range] org/apache/commons/math3/linear/AbstractRealMatrix.java <clinit> 47:47
2021-07-04 06:42:14,327 DEBUG                  - depth 0, hash 093b098, HEAD~169
2021-07-04 06:42:14,343 DEBUG                  - depth 1, hash 117245d, HEAD~240
2021-07-04 06:42:14,348 DEBUG    [line range] org/apache/commons/math3/linear/AbstractRealMatrix.java <init> 56:56
2021-07-04 06:42:14,566 DEBUG                  - depth 0, hash 1e8f480, HEAD~1806
2021-07-04 06:42:14,572 DEBUG                  - depth 1, hash c28099c, HEAD~2832
2021-07-04 06:42:14,576 DEBUG    [line range] org/apache/commons/math3/linear/AbstractRealMatrix.java <init> 65:74
2021-07-04 06:42:14,795 DEBUG                  - depth 0, hash ff01266, HEAD~34
2021-07-04 06:42:14,800 DEBUG                  - depth 1, hash 1e8f480, HEAD~1806
2021-07-04 06:42:14,804 DEBUG                  - depth 2, hash a16f538, HEAD~1871
2021-07-04 06:42:14,808 DEBUG                  - depth 3, hash 1eaea0b, HEAD~1977
2021-07-04 06:42:14,813 DEBUG                  - depth 4, hash 7f88773, HEAD~2696
2021-07-04 06:42:14,817 DEBUG                  - depth 5, hash c28099c, HEAD~2832
2021-07-04 06:42:14,821 DEBUG    [line range] org/apache/commons/math3/linear/AbstractRealMatrix.java add 77:91
2021-07-04 06:42:15,040 DEBUG                  - depth 0, hash ff01266, HEAD~34
2021-07-04 06:42:15,045 DEBUG                  - depth 1, hash 8742126, HEAD~1822
2021-07-04 06:42:15,049 DEBUG                  - depth 2, hash a16f538, HEAD~1871
2021-07-04 06:42:15,053 DEBUG                  - depth 3, hash 26dac5a, HEAD~2252
2021-07-04 06:42:15,058 DEBUG                  - depth 4, hash e497d61, HEAD~2552
2021-07-04 06:42:15,062 DEBUG                  - depth 5, hash 82aff33, HEAD~2822
2021-07-04 06:42:15,066 DEBUG                  - depth 6, hash c28099c, HEAD~2832
2021-07-04 06:42:15,070 DEBUG    [line range] org/apache/commons/math3/linear/AbstractRealMatrix.java getColumn 558:567
2021-07-04 06:42:15,289 DEBUG                  - depth 0, hash ff01266, HEAD~34
2021-07-04 06:42:15,295 DEBUG                  - depth 1, hash 8742126, HEAD~1822
2021-07-04 06:42:15,299 DEBUG                  - depth 2, hash a16f538, HEAD~1871
2021-07-04 06:42:15,303 DEBUG                  - depth 3, hash e497d61, HEAD~2552
2021-07-04 06:42:15,307 DEBUG                  - depth 4, hash c28099c, HEAD~2832
2021-07-04 06:42:15,311 DEBUG    [line range] org/apache/commons/math3/linear/AbstractRealMatrix.java getColumnMatrix 464:474
2021-07-04 06:42:15,530 DEBUG                  - depth 0, hash ff01266, HEAD~34
2021-07-04 06:42:15,535 DEBUG                  - depth 1, hash 8742126, HEAD~1822
2021-07-04 06:42:15,539 DEBUG                  - depth 2, hash a16f538, HEAD~1871
2021-07-04 06:42:15,544 DEBUG                  - depth 3, hash e497d61, HEAD~2552
2021-07-04 06:42:15,548 DEBUG                  - depth 4, hash c28099c, HEAD~2832
2021-07-04 06:42:15,552 DEBUG    [line range] org/apache/commons/math3/linear/AbstractRealMatrix.java getFrobeniusNorm 279:302
2021-07-04 06:42:15,771 DEBUG                  - depth 0, hash a16f538, HEAD~1871
2021-07-04 06:42:15,776 DEBUG                  - depth 1, hash 80b1e90, HEAD~1912
2021-07-04 06:42:15,780 DEBUG                  - depth 2, hash 55ba297, HEAD~2512
2021-07-04 06:42:15,785 DEBUG                  - depth 3, hash e8c9aea, HEAD~2784
2021-07-04 06:42:15,789 DEBUG                  - depth 4, hash 37bdc7e, HEAD~2831
2021-07-04 06:42:15,793 DEBUG    [line range] org/apache/commons/math3/linear/AbstractRealMatrix.java getRow 533:542
2021-07-04 06:42:16,011 DEBUG                  - depth 0, hash ff01266, HEAD~34
2021-07-04 06:42:16,017 DEBUG                  - depth 1, hash 8742126, HEAD~1822
2021-07-04 06:42:16,021 DEBUG                  - depth 2, hash a16f538, HEAD~1871
2021-07-04 06:42:16,025 DEBUG                  - depth 3, hash e497d61, HEAD~2552
2021-07-04 06:42:16,029 DEBUG                  - depth 4, hash c28099c, HEAD~2832
2021-07-04 06:42:16,034 DEBUG    [line range] org/apache/commons/math3/linear/AbstractRealMatrix.java isSquare 615:617
2021-07-04 06:42:16,252 DEBUG                  - depth 0, hash b631eb6, HEAD~2245
2021-07-04 06:42:16,257 DEBUG                  - depth 1, hash c28099c, HEAD~2832
2021-07-04 06:42:16,261 DEBUG    [line range] org/apache/commons/math3/linear/AbstractRealMatrix.java multiply 139:158
2021-07-04 06:42:16,479 DEBUG                  - depth 0, hash ff01266, HEAD~34
2021-07-04 06:42:16,485 DEBUG                  - depth 1, hash 8742126, HEAD~1822
2021-07-04 06:42:16,489 DEBUG                  - depth 2, hash a16f538, HEAD~1871
2021-07-04 06:42:16,493 DEBUG                  - depth 3, hash e497d61, HEAD~2552
2021-07-04 06:42:16,497 DEBUG                  - depth 4, hash 82aff33, HEAD~2822
2021-07-04 06:42:16,501 DEBUG                  - depth 5, hash c28099c, HEAD~2832
2021-07-04 06:42:16,506 DEBUG    [line range] org/apache/commons/math3/linear/AbstractRealMatrix.java scalarAdd 111:122
2021-07-04 06:42:16,725 DEBUG                  - depth 0, hash 8742126, HEAD~1822
2021-07-04 06:42:16,730 DEBUG                  - depth 1, hash a16f538, HEAD~1871
2021-07-04 06:42:16,735 DEBUG                  - depth 2, hash c28099c, HEAD~2832
2021-07-04 06:42:16,739 DEBUG    [line range] org/apache/commons/math3/linear/AbstractRealMatrix.java scalarMultiply 125:136
2021-07-04 06:42:16,957 DEBUG                  - depth 0, hash 8742126, HEAD~1822
2021-07-04 06:42:16,963 DEBUG                  - depth 1, hash a16f538, HEAD~1871
2021-07-04 06:42:16,967 DEBUG                  - depth 2, hash c28099c, HEAD~2832
2021-07-04 06:42:16,971 DEBUG    [line range] org/apache/commons/math3/linear/AbstractRealMatrix.java setColumnVector 519:530
2021-07-04 06:42:17,191 DEBUG                  - depth 0, hash ff01266, HEAD~34
2021-07-04 06:42:17,196 DEBUG                  - depth 1, hash a16f538, HEAD~1871
2021-07-04 06:42:17,200 DEBUG                  - depth 2, hash 1eaea0b, HEAD~1977
2021-07-04 06:42:17,204 DEBUG                  - depth 3, hash e497d61, HEAD~2552
2021-07-04 06:42:17,208 DEBUG                  - depth 4, hash 7f88773, HEAD~2696
2021-07-04 06:42:17,213 DEBUG                  - depth 5, hash d3101af, HEAD~2830
2021-07-04 06:42:17,217 DEBUG    [line range] org/apache/commons/math3/linear/AbstractRealMatrix.java subtract 94:108
2021-07-04 06:42:17,436 DEBUG                  - depth 0, hash ff01266, HEAD~34
2021-07-04 06:42:17,441 DEBUG                  - depth 1, hash 8742126, HEAD~1822
2021-07-04 06:42:17,445 DEBUG                  - depth 2, hash a16f538, HEAD~1871
2021-07-04 06:42:17,450 DEBUG                  - depth 3, hash 26dac5a, HEAD~2252
2021-07-04 06:42:17,454 DEBUG                  - depth 4, hash e497d61, HEAD~2552
2021-07-04 06:42:17,458 DEBUG                  - depth 5, hash 82aff33, HEAD~2822
2021-07-04 06:42:17,462 DEBUG                  - depth 6, hash c28099c, HEAD~2832
2021-07-04 06:42:17,466 DEBUG    [line range] org/apache/commons/math3/linear/AbstractRealMatrix.java transpose 597:612
2021-07-04 06:42:17,685 DEBUG                  - depth 0, hash 8742126, HEAD~1822
2021-07-04 06:42:17,691 DEBUG                  - depth 1, hash a16f538, HEAD~1871
2021-07-04 06:42:17,695 DEBUG                  - depth 2, hash 55ba297, HEAD~2512
2021-07-04 06:42:17,699 DEBUG                  - depth 3, hash 9c8d2c7, HEAD~2642
2021-07-04 06:42:17,703 DEBUG                  - depth 4, hash de9ff4e, HEAD~2777
2021-07-04 06:42:17,707 DEBUG                  - depth 5, hash e8c9aea, HEAD~2784
2021-07-04 06:42:17,711 DEBUG                  - depth 6, hash c28099c, HEAD~2832
2021-07-04 06:42:17,715 DEBUG    [line range] org/apache/commons/math3/linear/AbstractRealMatrix.java walkInOptimizedOrder 872:874
2021-07-04 06:42:17,934 DEBUG                  - depth 0, hash 2a29e2e, HEAD~1793
2021-07-04 06:42:17,939 DEBUG                  - depth 1, hash e8c9aea, HEAD~2784
2021-07-04 06:42:17,944 DEBUG    [line range] org/apache/commons/math3/linear/AbstractRealMatrix.java <init> 279:302
2021-07-04 06:42:18,163 DEBUG                  - depth 0, hash a16f538, HEAD~1871
2021-07-04 06:42:18,168 DEBUG                  - depth 1, hash 80b1e90, HEAD~1912
2021-07-04 06:42:18,173 DEBUG                  - depth 2, hash 55ba297, HEAD~2512
2021-07-04 06:42:18,177 DEBUG                  - depth 3, hash e8c9aea, HEAD~2784
2021-07-04 06:42:18,181 DEBUG                  - depth 4, hash 37bdc7e, HEAD~2831
2021-07-04 06:42:18,185 DEBUG    [line range] org/apache/commons/math3/linear/AbstractRealMatrix.java end 279:302
2021-07-04 06:42:18,408 DEBUG                  - depth 0, hash a16f538, HEAD~1871
2021-07-04 06:42:18,414 DEBUG                  - depth 1, hash 80b1e90, HEAD~1912
2021-07-04 06:42:18,418 DEBUG                  - depth 2, hash 55ba297, HEAD~2512
2021-07-04 06:42:18,422 DEBUG                  - depth 3, hash e8c9aea, HEAD~2784
2021-07-04 06:42:18,427 DEBUG                  - depth 4, hash 37bdc7e, HEAD~2831
2021-07-04 06:42:18,431 DEBUG    [line range] org/apache/commons/math3/linear/AbstractRealMatrix.java start 279:302
2021-07-04 06:42:18,650 DEBUG                  - depth 0, hash a16f538, HEAD~1871
2021-07-04 06:42:18,656 DEBUG                  - depth 1, hash 80b1e90, HEAD~1912
2021-07-04 06:42:18,660 DEBUG                  - depth 2, hash 55ba297, HEAD~2512
2021-07-04 06:42:18,664 DEBUG                  - depth 3, hash e8c9aea, HEAD~2784
2021-07-04 06:42:18,668 DEBUG                  - depth 4, hash 37bdc7e, HEAD~2831
2021-07-04 06:42:18,673 DEBUG    [line range] org/apache/commons/math3/linear/AbstractRealMatrix.java visit 279:302
2021-07-04 06:42:18,893 DEBUG                  - depth 0, hash a16f538, HEAD~1871
2021-07-04 06:42:18,898 DEBUG                  - depth 1, hash 80b1e90, HEAD~1912
2021-07-04 06:42:18,902 DEBUG                  - depth 2, hash 55ba297, HEAD~2512
2021-07-04 06:42:18,906 DEBUG                  - depth 3, hash e8c9aea, HEAD~2784
2021-07-04 06:42:18,911 DEBUG                  - depth 4, hash 37bdc7e, HEAD~2831
2021-07-04 06:42:18,915 DEBUG    [line range] org/apache/commons/math3/linear/AbstractRealMatrix.java <init> 597:612
2021-07-04 06:42:19,135 DEBUG                  - depth 0, hash 8742126, HEAD~1822
2021-07-04 06:42:19,140 DEBUG                  - depth 1, hash a16f538, HEAD~1871
2021-07-04 06:42:19,145 DEBUG                  - depth 2, hash 55ba297, HEAD~2512
2021-07-04 06:42:19,149 DEBUG                  - depth 3, hash 9c8d2c7, HEAD~2642
2021-07-04 06:42:19,153 DEBUG                  - depth 4, hash de9ff4e, HEAD~2777
2021-07-04 06:42:19,157 DEBUG                  - depth 5, hash e8c9aea, HEAD~2784
2021-07-04 06:42:19,161 DEBUG                  - depth 6, hash c28099c, HEAD~2832
2021-07-04 06:42:19,556 DEBUG    [line range] org/apache/commons/math3/linear/Array2DRowRealMatrix.java <init> 58:63
2021-07-04 06:42:19,779 DEBUG                  - depth 0, hash 8ae7ff2, HEAD~26
2021-07-04 06:42:19,785 DEBUG                  - depth 1, hash b9b5413, HEAD~1770
2021-07-04 06:42:19,789 DEBUG                  - depth 2, hash dbae4b0, HEAD~2451
2021-07-04 06:42:19,793 DEBUG                  - depth 3, hash 03bb3ee, HEAD~2591
2021-07-04 06:42:19,797 DEBUG                  - depth 4, hash 1c2c0d9, HEAD~2598
2021-07-04 06:42:19,801 DEBUG    [line range] org/apache/commons/math3/linear/Array2DRowRealMatrix.java <init> 78:81
2021-07-04 06:42:20,025 DEBUG                  - depth 0, hash e9c6d1d, HEAD~1378
2021-07-04 06:42:20,030 DEBUG                  - depth 1, hash b9b5413, HEAD~1770
2021-07-04 06:42:20,034 DEBUG                  - depth 2, hash dbae4b0, HEAD~2451
2021-07-04 06:42:20,039 DEBUG                  - depth 3, hash d967c53, HEAD~2582
2021-07-04 06:42:20,043 DEBUG                  - depth 4, hash 1c2c0d9, HEAD~2598
2021-07-04 06:42:20,047 DEBUG    [line range] org/apache/commons/math3/linear/Array2DRowRealMatrix.java <init> 99:123
2021-07-04 06:42:20,271 DEBUG                  - depth 0, hash 8ae7ff2, HEAD~26
2021-07-04 06:42:20,277 DEBUG                  - depth 1, hash b9b5413, HEAD~1770
2021-07-04 06:42:20,281 DEBUG                  - depth 2, hash 8742126, HEAD~1822
2021-07-04 06:42:20,286 DEBUG                  - depth 3, hash 1eaea0b, HEAD~1977
2021-07-04 06:42:20,290 DEBUG                  - depth 4, hash bd345d9, HEAD~2194
2021-07-04 06:42:20,294 DEBUG                  - depth 5, hash 26dac5a, HEAD~2252
2021-07-04 06:42:20,298 DEBUG                  - depth 6, hash dbae4b0, HEAD~2451
2021-07-04 06:42:20,302 DEBUG                  - depth 7, hash d967c53, HEAD~2582
2021-07-04 06:42:20,307 DEBUG                  - depth 8, hash 1c2c0d9, HEAD~2598
2021-07-04 06:42:20,311 DEBUG    [line range] org/apache/commons/math3/linear/Array2DRowRealMatrix.java copyIn 545:548
2021-07-04 06:42:20,543 DEBUG                  - depth 0, hash e9c6d1d, HEAD~1378
2021-07-04 06:42:20,549 DEBUG                  - depth 1, hash dbae4b0, HEAD~2451
2021-07-04 06:42:20,553 DEBUG                  - depth 2, hash 1c2c0d9, HEAD~2598
2021-07-04 06:42:20,557 DEBUG    [line range] org/apache/commons/math3/linear/Array2DRowRealMatrix.java copyOut 527:535
2021-07-04 06:42:20,780 DEBUG                  - depth 0, hash dbae4b0, HEAD~2451
2021-07-04 06:42:20,785 DEBUG                  - depth 1, hash 03bb3ee, HEAD~2591
2021-07-04 06:42:20,790 DEBUG                  - depth 2, hash 1c2c0d9, HEAD~2598
2021-07-04 06:42:20,794 DEBUG    [line range] org/apache/commons/math3/linear/Array2DRowRealMatrix.java createMatrix 141:146
2021-07-04 06:42:21,017 DEBUG                  - depth 0, hash b66f972, HEAD~12
2021-07-04 06:42:21,022 DEBUG                  - depth 1, hash 8ae7ff2, HEAD~26
2021-07-04 06:42:21,027 DEBUG                  - depth 2, hash 8742126, HEAD~1822
2021-07-04 06:42:21,031 DEBUG                  - depth 3, hash dbae4b0, HEAD~2451
2021-07-04 06:42:21,035 DEBUG                  - depth 4, hash 1c2c0d9, HEAD~2598
2021-07-04 06:42:21,039 DEBUG    [line range] org/apache/commons/math3/linear/Array2DRowRealMatrix.java getColumnDimension 343:346
2021-07-04 06:42:21,272 DEBUG                  - depth 0, hash 1c2c0d9, HEAD~2598
2021-07-04 06:42:21,278 DEBUG    [line range] org/apache/commons/math3/linear/Array2DRowRealMatrix.java getData 252:255
2021-07-04 06:42:21,508 DEBUG                  - depth 0, hash dbae4b0, HEAD~2451
2021-07-04 06:42:21,514 DEBUG                  - depth 1, hash 1c2c0d9, HEAD~2598
2021-07-04 06:42:21,518 DEBUG    [line range] org/apache/commons/math3/linear/Array2DRowRealMatrix.java getEntry 303:308
2021-07-04 06:42:21,750 DEBUG                  - depth 0, hash b66f972, HEAD~12
2021-07-04 06:42:21,755 DEBUG                  - depth 1, hash 8ae7ff2, HEAD~26
2021-07-04 06:42:21,760 DEBUG                  - depth 2, hash 8742126, HEAD~1822
2021-07-04 06:42:21,764 DEBUG                  - depth 3, hash 1eaea0b, HEAD~1977
2021-07-04 06:42:21,768 DEBUG                  - depth 4, hash bd345d9, HEAD~2194
2021-07-04 06:42:21,772 DEBUG                  - depth 5, hash dbae4b0, HEAD~2451
2021-07-04 06:42:21,777 DEBUG                  - depth 6, hash 1c2c0d9, HEAD~2598
2021-07-04 06:42:21,781 DEBUG    [line range] org/apache/commons/math3/linear/Array2DRowRealMatrix.java getRowDimension 337:340
2021-07-04 06:42:22,013 DEBUG                  - depth 0, hash e045f83, HEAD~539
2021-07-04 06:42:22,018 DEBUG                  - depth 1, hash 8742126, HEAD~1822
2021-07-04 06:42:22,022 DEBUG                  - depth 2, hash 1c2c0d9, HEAD~2598
2021-07-04 06:42:22,027 DEBUG    [line range] org/apache/commons/math3/linear/Array2DRowRealMatrix.java setEntry 311:316
2021-07-04 06:42:22,250 DEBUG                  - depth 0, hash b66f972, HEAD~12
2021-07-04 06:42:22,255 DEBUG                  - depth 1, hash 8ae7ff2, HEAD~26
2021-07-04 06:42:22,260 DEBUG                  - depth 2, hash 8742126, HEAD~1822
2021-07-04 06:42:22,264 DEBUG                  - depth 3, hash 1eaea0b, HEAD~1977
2021-07-04 06:42:22,268 DEBUG                  - depth 4, hash bd345d9, HEAD~2194
2021-07-04 06:42:22,272 DEBUG                  - depth 5, hash dbae4b0, HEAD~2451
2021-07-04 06:42:22,277 DEBUG                  - depth 6, hash 1c2c0d9, HEAD~2598
2021-07-04 06:42:22,281 DEBUG    [line range] org/apache/commons/math3/linear/Array2DRowRealMatrix.java setSubMatrix 267:300
2021-07-04 06:42:22,512 DEBUG                  - depth 0, hash 8ae7ff2, HEAD~26
2021-07-04 06:42:22,518 DEBUG                  - depth 1, hash e9c6d1d, HEAD~1378
2021-07-04 06:42:22,522 DEBUG                  - depth 2, hash b9b5413, HEAD~1770
2021-07-04 06:42:22,526 DEBUG                  - depth 3, hash 8742126, HEAD~1822
2021-07-04 06:42:22,530 DEBUG                  - depth 4, hash 1eaea0b, HEAD~1977
2021-07-04 06:42:22,534 DEBUG                  - depth 5, hash bd345d9, HEAD~2194
2021-07-04 06:42:22,539 DEBUG                  - depth 6, hash 26dac5a, HEAD~2252
2021-07-04 06:42:22,543 DEBUG                  - depth 7, hash dbae4b0, HEAD~2451
2021-07-04 06:42:22,547 DEBUG                  - depth 8, hash 03bb3ee, HEAD~2591
2021-07-04 06:42:22,551 DEBUG                  - depth 9, hash 1c2c0d9, HEAD~2598
2021-07-04 06:42:22,556 DEBUG    [line range] org/apache/commons/math3/linear/Array2DRowRealMatrix.java walkInRowOrder 408:420
2021-07-04 06:42:22,777 DEBUG                  - depth 0, hash 2a29e2e, HEAD~1793
2021-07-04 06:42:22,783 DEBUG                  - depth 1, hash dbae4b0, HEAD~2451
2021-07-04 06:42:22,787 DEBUG                  - depth 2, hash 1c2c0d9, HEAD~2598
2021-07-04 06:42:23,251 DEBUG    [line range] org/apache/commons/math3/linear/ArrayRealVector.java <clinit> 43:43
2021-07-04 06:42:23,483 DEBUG                  - depth 0, hash de2670a, HEAD~1706
2021-07-04 06:42:23,489 DEBUG                  - depth 1, hash a311dce, HEAD~2925
2021-07-04 06:42:23,493 DEBUG    [line range] org/apache/commons/math3/linear/ArrayRealVector.java <init> 85:87
2021-07-04 06:42:23,724 DEBUG                  - depth 0, hash dbae4b0, HEAD~2451
2021-07-04 06:42:23,729 DEBUG                  - depth 1, hash a311dce, HEAD~2925
2021-07-04 06:42:23,734 DEBUG    [line range] org/apache/commons/math3/linear/ArrayRealVector.java getDimension 608:611
2021-07-04 06:42:23,964 DEBUG                  - depth 0, hash 2143ffd, HEAD~884
2021-07-04 06:42:23,969 DEBUG                  - depth 1, hash a311dce, HEAD~2925
2021-07-04 06:42:23,974 DEBUG    [line range] org/apache/commons/math3/linear/ArrayRealVector.java getEntry 597:605
2021-07-04 06:42:24,205 DEBUG                  - depth 0, hash 6b589ca, HEAD~109
2021-07-04 06:42:24,210 DEBUG                  - depth 1, hash 6a75999, HEAD~382
2021-07-04 06:42:24,214 DEBUG                  - depth 2, hash 2143ffd, HEAD~884
2021-07-04 06:42:24,219 DEBUG                  - depth 3, hash 8742126, HEAD~1822
2021-07-04 06:42:24,223 DEBUG                  - depth 4, hash a311dce, HEAD~2925
2021-07-04 06:42:24,499 DEBUG    [single line]   org/apache/commons/math3/linear/DefaultRealMatrixPreservingVisitor.java <init> 30
2021-07-04 06:42:24,695 DEBUG                  - depth 0, hash b69a575, HEAD~2778
2021-07-04 06:42:24,700 DEBUG    [line range] org/apache/commons/math3/linear/DefaultRealMatrixPreservingVisitor.java end 40:42
2021-07-04 06:42:24,895 DEBUG                  - depth 0, hash b69a575, HEAD~2778
2021-07-04 06:42:24,901 DEBUG    [line range] org/apache/commons/math3/linear/DefaultRealMatrixPreservingVisitor.java start 32:34
2021-07-04 06:42:25,105 DEBUG                  - depth 0, hash b69a575, HEAD~2778
2021-07-04 06:42:25,554 DEBUG    [line range] org/apache/commons/math3/linear/EigenDecomposition.java <init> 114:123
2021-07-04 06:42:25,784 DEBUG                  - depth 0, hash 79d55e7, HEAD~111
2021-07-04 06:42:25,790 DEBUG                  - depth 1, hash f1a0493, HEAD~289
2021-07-04 06:42:25,794 DEBUG                  - depth 2, hash 1347c82, HEAD~430
2021-07-04 06:42:25,798 DEBUG                  - depth 3, hash 9639c6a, HEAD~1038
2021-07-04 06:42:25,803 DEBUG                  - depth 4, hash 6722abd, HEAD~2509
2021-07-04 06:42:25,807 DEBUG                  - depth 5, hash 94417fe, HEAD~2840
2021-07-04 06:42:25,811 DEBUG                  - depth 6, hash 372619e, HEAD~2889
2021-07-04 06:42:25,816 DEBUG    [line range] org/apache/commons/math3/linear/EigenDecomposition.java <init> 81:81
2021-07-04 06:42:26,044 DEBUG                  - depth 0, hash 9639c6a, HEAD~1038
2021-07-04 06:42:26,050 DEBUG                  - depth 1, hash 6722abd, HEAD~2509
2021-07-04 06:42:26,054 DEBUG                  - depth 2, hash 94417fe, HEAD~2840
2021-07-04 06:42:26,058 DEBUG                  - depth 3, hash 372619e, HEAD~2889
2021-07-04 06:42:26,062 DEBUG    [line range] org/apache/commons/math3/linear/EigenDecomposition.java findEigenVectors 566:715
2021-07-04 06:42:26,285 DEBUG                  - depth 0, hash 1347c82, HEAD~430
2021-07-04 06:42:26,291 DEBUG                  - depth 1, hash bbde275, HEAD~900
2021-07-04 06:42:26,295 DEBUG                  - depth 2, hash d94a128, HEAD~901
2021-07-04 06:42:26,300 DEBUG                  - depth 3, hash 9639c6a, HEAD~1038
2021-07-04 06:42:26,304 DEBUG                  - depth 4, hash 19ceb44, HEAD~2806
2021-07-04 06:42:26,309 DEBUG    [line range] org/apache/commons/math3/linear/EigenDecomposition.java getD 245:260
2021-07-04 06:42:26,540 DEBUG                  - depth 0, hash c09d588, HEAD~170
2021-07-04 06:42:26,545 DEBUG                  - depth 1, hash c2892d8, HEAD~280
2021-07-04 06:42:26,550 DEBUG                  - depth 2, hash 1347c82, HEAD~430
2021-07-04 06:42:26,554 DEBUG                  - depth 3, hash 9639c6a, HEAD~1038
2021-07-04 06:42:26,558 DEBUG                  - depth 4, hash 94417fe, HEAD~2840
2021-07-04 06:42:26,563 DEBUG                  - depth 5, hash 372619e, HEAD~2889
2021-07-04 06:42:26,567 DEBUG    [line range] org/apache/commons/math3/linear/EigenDecomposition.java getV 221:232
2021-07-04 06:42:26,796 DEBUG                  - depth 0, hash c2892d8, HEAD~280
2021-07-04 06:42:26,802 DEBUG                  - depth 1, hash 9639c6a, HEAD~1038
2021-07-04 06:42:26,806 DEBUG                  - depth 2, hash 94417fe, HEAD~2840
2021-07-04 06:42:26,810 DEBUG                  - depth 3, hash 372619e, HEAD~2889
2021-07-04 06:42:26,815 DEBUG    [line range] org/apache/commons/math3/linear/EigenDecomposition.java isSymmetric 190:209
2021-07-04 06:42:27,043 DEBUG                  - depth 0, hash d94a128, HEAD~901
2021-07-04 06:42:27,049 DEBUG                  - depth 1, hash 9639c6a, HEAD~1038
2021-07-04 06:42:27,053 DEBUG                  - depth 2, hash 6722abd, HEAD~2509
2021-07-04 06:42:27,058 DEBUG                  - depth 3, hash 94417fe, HEAD~2840
2021-07-04 06:42:27,062 DEBUG                  - depth 4, hash 372619e, HEAD~2889
2021-07-04 06:42:27,066 DEBUG    [line range] org/apache/commons/math3/linear/EigenDecomposition.java transformToTridiagonal 553:558
2021-07-04 06:42:27,290 DEBUG                  - depth 0, hash 9639c6a, HEAD~1038
2021-07-04 06:42:27,296 DEBUG                  - depth 1, hash 19ceb44, HEAD~2806
2021-07-04 06:42:27,727 DEBUG    [line range] org/apache/commons/math3/linear/MatrixUtils.java <clinit> 52:52
2021-07-04 06:42:27,935 DEBUG                  - depth 0, hash 117245d, HEAD~240
2021-07-04 06:42:27,941 DEBUG    [line range] org/apache/commons/math3/linear/MatrixUtils.java checkAdditionCompatible 504:511
2021-07-04 06:42:28,152 DEBUG                  - depth 0, hash 79d55e7, HEAD~111
2021-07-04 06:42:28,158 DEBUG                  - depth 1, hash b9b5413, HEAD~1770
2021-07-04 06:42:28,162 DEBUG                  - depth 2, hash 1eaea0b, HEAD~1977
2021-07-04 06:42:28,166 DEBUG                  - depth 3, hash e497d61, HEAD~2552
2021-07-04 06:42:28,170 DEBUG    [line range] org/apache/commons/math3/linear/MatrixUtils.java checkColumnIndex 416:422
2021-07-04 06:42:28,381 DEBUG                  - depth 0, hash 79d55e7, HEAD~111
2021-07-04 06:42:28,387 DEBUG                  - depth 1, hash 8742126, HEAD~1822
2021-07-04 06:42:28,391 DEBUG                  - depth 2, hash e44b043, HEAD~1942
2021-07-04 06:42:28,395 DEBUG                  - depth 3, hash e497d61, HEAD~2552
2021-07-04 06:42:28,399 DEBUG    [line range] org/apache/commons/math3/linear/MatrixUtils.java checkMatrixIndex 386:391
2021-07-04 06:42:28,618 DEBUG                  - depth 0, hash 79d55e7, HEAD~111
2021-07-04 06:42:28,624 DEBUG                  - depth 1, hash 8742126, HEAD~1822
2021-07-04 06:42:28,628 DEBUG                  - depth 2, hash 26dac5a, HEAD~2252
2021-07-04 06:42:28,632 DEBUG                  - depth 3, hash 1171b87, HEAD~2590
2021-07-04 06:42:28,637 DEBUG                  - depth 4, hash 7b37de8, HEAD~2990
2021-07-04 06:42:28,641 DEBUG                  - depth 5, hash 2bb96a8, HEAD~3579
2021-07-04 06:42:28,645 DEBUG    [line range] org/apache/commons/math3/linear/MatrixUtils.java checkMultiplicationCompatible 538:545
2021-07-04 06:42:28,856 DEBUG                  - depth 0, hash 79d55e7, HEAD~111
2021-07-04 06:42:28,862 DEBUG                  - depth 1, hash b9b5413, HEAD~1770
2021-07-04 06:42:28,866 DEBUG                  - depth 2, hash 1eaea0b, HEAD~1977
2021-07-04 06:42:28,870 DEBUG                  - depth 3, hash e497d61, HEAD~2552
2021-07-04 06:42:28,875 DEBUG    [line range] org/apache/commons/math3/linear/MatrixUtils.java checkRowIndex 400:407
2021-07-04 06:42:29,086 DEBUG                  - depth 0, hash 79d55e7, HEAD~111
2021-07-04 06:42:29,092 DEBUG                  - depth 1, hash 8742126, HEAD~1822
2021-07-04 06:42:29,096 DEBUG                  - depth 2, hash e44b043, HEAD~1942
2021-07-04 06:42:29,101 DEBUG                  - depth 3, hash e497d61, HEAD~2552
2021-07-04 06:42:29,105 DEBUG    [line range] org/apache/commons/math3/linear/MatrixUtils.java checkSubtractionCompatible 521:528
2021-07-04 06:42:29,316 DEBUG                  - depth 0, hash 79d55e7, HEAD~111
2021-07-04 06:42:29,321 DEBUG                  - depth 1, hash b9b5413, HEAD~1770
2021-07-04 06:42:29,326 DEBUG                  - depth 2, hash 1eaea0b, HEAD~1977
2021-07-04 06:42:29,330 DEBUG                  - depth 3, hash e497d61, HEAD~2552
2021-07-04 06:42:29,334 DEBUG    [line range] org/apache/commons/math3/linear/MatrixUtils.java createColumnRealMatrix 337:348
2021-07-04 06:42:29,553 DEBUG                  - depth 0, hash 79d55e7, HEAD~111
2021-07-04 06:42:29,559 DEBUG                  - depth 1, hash 8742126, HEAD~1822
2021-07-04 06:42:29,563 DEBUG                  - depth 2, hash 415479d, HEAD~2819
2021-07-04 06:42:29,568 DEBUG                  - depth 3, hash 7b37de8, HEAD~2990
2021-07-04 06:42:29,572 DEBUG                  - depth 4, hash b5f980e, HEAD~3593
2021-07-04 06:42:29,576 DEBUG    [line range] org/apache/commons/math3/linear/MatrixUtils.java createRealDiagonalMatrix 215:221
2021-07-04 06:42:29,800 DEBUG                  - depth 0, hash 415479d, HEAD~2819
2021-07-04 06:42:29,806 DEBUG                  - depth 1, hash 7b37de8, HEAD~2990
2021-07-04 06:42:29,810 DEBUG                  - depth 2, hash 674d4c5, HEAD~3519
2021-07-04 06:42:29,815 DEBUG    [line range] org/apache/commons/math3/linear/MatrixUtils.java createRealMatrix 80:83
2021-07-04 06:42:30,028 DEBUG                  - depth 0, hash dbae4b0, HEAD~2451
2021-07-04 06:42:30,033 DEBUG                  - depth 1, hash 3325ab5, HEAD~2452
2021-07-04 06:42:30,038 DEBUG                  - depth 2, hash 415479d, HEAD~2819
2021-07-04 06:42:30,042 DEBUG                  - depth 3, hash b5f980e, HEAD~3593
2021-07-04 06:42:30,046 DEBUG    [line range] org/apache/commons/math3/linear/MatrixUtils.java createRealMatrix 127:136
2021-07-04 06:42:30,264 DEBUG                  - depth 0, hash 79d55e7, HEAD~111
2021-07-04 06:42:30,270 DEBUG                  - depth 1, hash 8742126, HEAD~1822
2021-07-04 06:42:30,275 DEBUG                  - depth 2, hash dbae4b0, HEAD~2451
2021-07-04 06:42:30,279 DEBUG                  - depth 3, hash 3325ab5, HEAD~2452
2021-07-04 06:42:30,283 DEBUG                  - depth 4, hash 415479d, HEAD~2819
2021-07-04 06:42:30,288 DEBUG                  - depth 5, hash 7b37de8, HEAD~2990
2021-07-04 06:42:30,292 DEBUG                  - depth 6, hash b5f980e, HEAD~3593
2021-07-04 06:42:30,572 DEBUG    [single line]   org/apache/commons/math3/linear/RealLinearOperator.java <init> 53
2021-07-04 06:42:30,781 DEBUG                  - depth 0, hash 3a0754d, HEAD~1294
2021-07-04 06:42:31,132 DEBUG    [line range] org/apache/commons/math3/linear/RealMatrixFormat.java <init> 112:117
2021-07-04 06:42:31,303 DEBUG                  - depth 0, hash 117245d, HEAD~240
2021-07-04 06:42:31,309 DEBUG                  - depth 1, hash 0b0f111, HEAD~247
2021-07-04 06:42:31,313 DEBUG    [line range] org/apache/commons/math3/linear/RealMatrixFormat.java <init> 130:143
2021-07-04 06:42:31,484 DEBUG                  - depth 0, hash 117245d, HEAD~240
2021-07-04 06:42:31,489 DEBUG                  - depth 1, hash 0b0f111, HEAD~247
2021-07-04 06:42:31,494 DEBUG    [line range] org/apache/commons/math3/linear/RealMatrixFormat.java <init> 98:101
2021-07-04 06:42:31,665 DEBUG                  - depth 0, hash 117245d, HEAD~240
2021-07-04 06:42:31,670 DEBUG                  - depth 1, hash 0b0f111, HEAD~247
2021-07-04 06:42:31,675 DEBUG    [line range] org/apache/commons/math3/linear/RealMatrixFormat.java getFormat 206:208
2021-07-04 06:42:31,844 DEBUG                  - depth 0, hash 0b0f111, HEAD~247
2021-07-04 06:42:31,850 DEBUG    [line range] org/apache/commons/math3/linear/RealMatrixFormat.java getInstance 214:216
2021-07-04 06:42:32,027 DEBUG                  - depth 0, hash 0b0f111, HEAD~247
2021-07-04 06:42:32,032 DEBUG    [line range] org/apache/commons/math3/linear/RealMatrixFormat.java getInstance 223:225
2021-07-04 06:42:32,203 DEBUG                  - depth 0, hash 0b0f111, HEAD~247
2021-07-04 06:42:32,658 DEBUG    [single line]   org/apache/commons/math3/linear/RealVector.java <init> 60
2021-07-04 06:42:32,879 DEBUG                  - depth 0, hash ed400a8, HEAD~1162
2021-07-04 06:42:32,885 DEBUG                  - depth 1, hash 0327231, HEAD~2521
2021-07-04 06:42:32,889 DEBUG                  - depth 2, hash 2f4dff0, HEAD~2663
2021-07-04 06:42:32,894 DEBUG                  - depth 3, hash a311dce, HEAD~2925
2021-07-04 06:42:32,898 DEBUG    [single line]   org/apache/commons/math3/linear/RealVector.java <init> 1141
2021-07-04 06:42:33,108 DEBUG                  - depth 0, hash ed400a8, HEAD~1162
2021-07-04 06:42:33,114 DEBUG                  - depth 1, hash 5d0946e, HEAD~1246
2021-07-04 06:42:33,477 DEBUG    [line range] org/apache/commons/math3/linear/RealVectorFormat.java <init> 105:114
2021-07-04 06:42:33,708 DEBUG                  - depth 0, hash a311dce, HEAD~2925
2021-07-04 06:42:33,714 DEBUG    [line range] org/apache/commons/math3/linear/RealVectorFormat.java <init> 81:83
2021-07-04 06:42:33,943 DEBUG                  - depth 0, hash a311dce, HEAD~2925
2021-07-04 06:42:33,949 DEBUG    [line range] org/apache/commons/math3/linear/RealVectorFormat.java getInstance 161:163
2021-07-04 06:42:34,178 DEBUG                  - depth 0, hash a311dce, HEAD~2925
2021-07-04 06:42:34,183 DEBUG    [line range] org/apache/commons/math3/linear/RealVectorFormat.java getInstance 170:172
2021-07-04 06:42:34,414 DEBUG                  - depth 0, hash de2670a, HEAD~1706
2021-07-04 06:42:34,419 DEBUG                  - depth 1, hash a311dce, HEAD~2925
2021-07-04 06:42:34,762 DEBUG    [line range] org/apache/commons/math3/linear/TriDiagonalTransformer.java <init> 62:78
2021-07-04 06:42:34,998 DEBUG                  - depth 0, hash 7ff75d7, HEAD~1507
2021-07-04 06:42:35,004 DEBUG                  - depth 1, hash d7d514b, HEAD~1807
2021-07-04 06:42:35,008 DEBUG                  - depth 2, hash 2974de5, HEAD~2872
2021-07-04 06:42:35,012 DEBUG                  - depth 3, hash a3022f3, HEAD~2887
2021-07-04 06:42:35,016 DEBUG                  - depth 4, hash 28d3fbd, HEAD~2892
2021-07-04 06:42:35,021 DEBUG    [line range] org/apache/commons/math3/linear/TriDiagonalTransformer.java getMainDiagonalRef 174:176
2021-07-04 06:42:35,254 DEBUG                  - depth 0, hash 28d3fbd, HEAD~2892
2021-07-04 06:42:35,260 DEBUG    [line range] org/apache/commons/math3/linear/TriDiagonalTransformer.java getQ 85:90
2021-07-04 06:42:35,493 DEBUG                  - depth 0, hash 28d3fbd, HEAD~2892
2021-07-04 06:42:35,499 DEBUG    [line range] org/apache/commons/math3/linear/TriDiagonalTransformer.java getQT 97:132
2021-07-04 06:42:35,732 DEBUG                  - depth 0, hash dc78278, HEAD~688
2021-07-04 06:42:35,738 DEBUG                  - depth 1, hash 9eb32b0, HEAD~925
2021-07-04 06:42:35,742 DEBUG                  - depth 2, hash d7d514b, HEAD~1807
2021-07-04 06:42:35,747 DEBUG                  - depth 3, hash 207b1dc, HEAD~2807
2021-07-04 06:42:35,751 DEBUG                  - depth 4, hash ac71549, HEAD~2813
2021-07-04 06:42:35,755 DEBUG                  - depth 5, hash 6d732db, HEAD~2818
2021-07-04 06:42:35,759 DEBUG                  - depth 6, hash 2ab6902, HEAD~2883
2021-07-04 06:42:35,764 DEBUG                  - depth 7, hash 920b7bf, HEAD~2884
2021-07-04 06:42:35,768 DEBUG                  - depth 8, hash e1d6858, HEAD~2885
2021-07-04 06:42:35,772 DEBUG                  - depth 9, hash 28d3fbd, HEAD~2892
2021-07-04 06:42:35,776 DEBUG    [line range] org/apache/commons/math3/linear/TriDiagonalTransformer.java getSecondaryDiagonalRef 184:186
2021-07-04 06:42:36,010 DEBUG                  - depth 0, hash 28d3fbd, HEAD~2892
2021-07-04 06:42:36,016 DEBUG    [line range] org/apache/commons/math3/linear/TriDiagonalTransformer.java transform 192:253
2021-07-04 06:42:36,250 DEBUG                  - depth 0, hash d7d514b, HEAD~1807
2021-07-04 06:42:36,256 DEBUG                  - depth 1, hash 80b1e90, HEAD~1912
2021-07-04 06:42:36,261 DEBUG                  - depth 2, hash 28d3fbd, HEAD~2892
2021-07-04 06:42:36,545 DEBUG    [line range] org/apache/commons/math3/optimization/AbstractConvergenceChecker.java <clinit> 37:38
2021-07-04 06:42:36,749 DEBUG                  - depth 0, hash f8b6d31, HEAD~200
2021-07-04 06:42:36,754 DEBUG                  - depth 1, hash d94a128, HEAD~901
2021-07-04 06:42:36,759 DEBUG                  - depth 2, hash 9102bea, HEAD~1909
2021-07-04 06:42:36,763 DEBUG    [line range] org/apache/commons/math3/optimization/AbstractConvergenceChecker.java <init> 63:67
2021-07-04 06:42:36,967 DEBUG                  - depth 0, hash 94239f2, HEAD~371
2021-07-04 06:42:36,973 DEBUG                  - depth 1, hash 9102bea, HEAD~1909
2021-07-04 06:42:36,977 DEBUG    [line range] org/apache/commons/math3/optimization/AbstractConvergenceChecker.java getAbsoluteThreshold 91:93
2021-07-04 06:42:37,181 DEBUG                  - depth 0, hash 9102bea, HEAD~1909
2021-07-04 06:42:37,187 DEBUG    [line range] org/apache/commons/math3/optimization/AbstractConvergenceChecker.java getRelativeThreshold 84:86
2021-07-04 06:42:37,389 DEBUG                  - depth 0, hash 9102bea, HEAD~1909
2021-07-04 06:42:37,655 DEBUG    [single line]   org/apache/commons/math3/optimization/GoalType.java <clinit> 28
2021-07-04 06:42:37,846 DEBUG                  - depth 0, hash fbe5656, HEAD~2690
2021-07-04 06:42:37,852 DEBUG                  - depth 1, hash 89ac173, HEAD~3390
2021-07-04 06:42:37,856 DEBUG    [single line]   org/apache/commons/math3/optimization/GoalType.java <clinit> 31
2021-07-04 06:42:38,047 DEBUG                  - depth 0, hash fbe5656, HEAD~2690
2021-07-04 06:42:38,053 DEBUG    [single line]   org/apache/commons/math3/optimization/GoalType.java <clinit> 34
2021-07-04 06:42:38,244 DEBUG                  - depth 0, hash fbe5656, HEAD~2690
2021-07-04 06:42:38,249 DEBUG                  - depth 1, hash a7755a3, HEAD~3071
2021-07-04 06:42:38,254 DEBUG                  - depth 2, hash 89ac173, HEAD~3390
2021-07-04 06:42:38,550 DEBUG    [line range] org/apache/commons/math3/optimization/PointValuePair.java <init> 45:48
2021-07-04 06:42:38,751 DEBUG                  - depth 0, hash 5a8be77, HEAD~627
2021-07-04 06:42:38,757 DEBUG    [line range] org/apache/commons/math3/optimization/PointValuePair.java <init> 58:65
2021-07-04 06:42:38,957 DEBUG                  - depth 0, hash 5a8be77, HEAD~627
2021-07-04 06:42:38,963 DEBUG    [line range] org/apache/commons/math3/optimization/PointValuePair.java getPoint 72:75
2021-07-04 06:42:39,164 DEBUG                  - depth 0, hash e038f28, HEAD~621
2021-07-04 06:42:39,170 DEBUG                  - depth 1, hash 5a8be77, HEAD~627
2021-07-04 06:42:39,451 DEBUG    [line range] org/apache/commons/math3/optimization/SimpleValueChecker.java <init> 40:41
2021-07-04 06:42:39,659 DEBUG                  - depth 0, hash 94239f2, HEAD~371
2021-07-04 06:42:39,664 DEBUG                  - depth 1, hash ad57102, HEAD~619
2021-07-04 06:42:39,669 DEBUG                  - depth 2, hash 9102bea, HEAD~1909
2021-07-04 06:42:39,673 DEBUG                  - depth 3, hash 794f8fb, HEAD~2678
2021-07-04 06:42:39,677 DEBUG                  - depth 4, hash 9768643, HEAD~2687
2021-07-04 06:42:39,682 DEBUG                  - depth 5, hash 1a47f53, HEAD~2688
2021-07-04 06:42:39,686 DEBUG    [single line]   org/apache/commons/math3/optimization/SimpleValueChecker.java converged 34
2021-07-04 06:42:39,892 DEBUG                  - depth 0, hash ad57102, HEAD~619
2021-07-04 06:42:39,897 DEBUG                  - depth 1, hash 9102bea, HEAD~1909
2021-07-04 06:42:39,902 DEBUG                  - depth 2, hash cffc80a, HEAD~2352
2021-07-04 06:42:39,906 DEBUG                  - depth 3, hash 8065360, HEAD~2524
2021-07-04 06:42:39,910 DEBUG                  - depth 4, hash faecb29, HEAD~2673
2021-07-04 06:42:39,915 DEBUG                  - depth 5, hash 794f8fb, HEAD~2678
2021-07-04 06:42:39,919 DEBUG                  - depth 6, hash 9768643, HEAD~2687
2021-07-04 06:42:39,923 DEBUG                  - depth 7, hash 1a47f53, HEAD~2688
2021-07-04 06:42:39,928 DEBUG    [line range] org/apache/commons/math3/optimization/SimpleValueChecker.java converged 73:83
2021-07-04 06:42:40,136 DEBUG                  - depth 0, hash 5a8be77, HEAD~627
2021-07-04 06:42:40,142 DEBUG                  - depth 1, hash 16727eb, HEAD~1855
2021-07-04 06:42:40,146 DEBUG                  - depth 2, hash d4a0b9e, HEAD~1891
2021-07-04 06:42:40,150 DEBUG                  - depth 3, hash 43ed500, HEAD~1894
2021-07-04 06:42:40,155 DEBUG                  - depth 4, hash 9102bea, HEAD~1909
2021-07-04 06:42:40,159 DEBUG                  - depth 5, hash 80b1e90, HEAD~1912
2021-07-04 06:42:40,163 DEBUG                  - depth 6, hash faecb29, HEAD~2673
2021-07-04 06:42:40,168 DEBUG                  - depth 7, hash 9768643, HEAD~2687
2021-07-04 06:42:40,172 DEBUG                  - depth 8, hash 1a47f53, HEAD~2688
2021-07-04 06:42:40,492 DEBUG    [line range] org/apache/commons/math3/optimization/direct/BaseAbstractMultivariateOptimizer.java <init> 44:44
2021-07-04 06:42:40,704 DEBUG                  - depth 0, hash 9102bea, HEAD~1909
2021-07-04 06:42:40,710 DEBUG                  - depth 1, hash 28f28f1, HEAD~1959
2021-07-04 06:42:40,714 DEBUG    [line range] org/apache/commons/math3/optimization/direct/BaseAbstractMultivariateOptimizer.java computeObjectiveValue 93:100
2021-07-04 06:42:40,927 DEBUG                  - depth 0, hash 9be0992, HEAD~1738
2021-07-04 06:42:40,932 DEBUG                  - depth 1, hash 8302dd0, HEAD~1776
2021-07-04 06:42:40,937 DEBUG                  - depth 2, hash 7285331, HEAD~1784
2021-07-04 06:42:40,941 DEBUG                  - depth 3, hash 9102bea, HEAD~1909
2021-07-04 06:42:40,945 DEBUG                  - depth 4, hash 28f28f1, HEAD~1959
2021-07-04 06:42:40,950 DEBUG    [line range] org/apache/commons/math3/optimization/direct/BaseAbstractMultivariateOptimizer.java getConvergenceChecker 81:83
2021-07-04 06:42:41,163 DEBUG                  - depth 0, hash 5a8be77, HEAD~627
2021-07-04 06:42:41,168 DEBUG                  - depth 1, hash 9102bea, HEAD~1909
2021-07-04 06:42:41,173 DEBUG                  - depth 2, hash 28f28f1, HEAD~1959
2021-07-04 06:42:41,177 DEBUG    [line range] org/apache/commons/math3/optimization/direct/BaseAbstractMultivariateOptimizer.java getGoalType 154:156
2021-07-04 06:42:41,389 DEBUG                  - depth 0, hash 28f28f1, HEAD~1959
2021-07-04 06:42:41,395 DEBUG    [line range] org/apache/commons/math3/optimization/direct/BaseAbstractMultivariateOptimizer.java getMaxEvaluations 71:73
2021-07-04 06:42:41,608 DEBUG                  - depth 0, hash 9102bea, HEAD~1909
2021-07-04 06:42:41,614 DEBUG                  - depth 1, hash 28f28f1, HEAD~1959
2021-07-04 06:42:41,619 DEBUG    [line range] org/apache/commons/math3/optimization/direct/BaseAbstractMultivariateOptimizer.java getStartPoint 161:163
2021-07-04 06:42:41,830 DEBUG                  - depth 0, hash 28f28f1, HEAD~1959
2021-07-04 06:42:41,836 DEBUG    [line range] org/apache/commons/math3/optimization/direct/BaseAbstractMultivariateOptimizer.java optimize 103:106
2021-07-04 06:42:42,048 DEBUG                  - depth 0, hash 3f753c8, HEAD~56
2021-07-04 06:42:42,054 DEBUG                  - depth 1, hash 5a8be77, HEAD~627
2021-07-04 06:42:42,058 DEBUG                  - depth 2, hash 9be0992, HEAD~1738
2021-07-04 06:42:42,062 DEBUG                  - depth 3, hash 8302dd0, HEAD~1776
2021-07-04 06:42:42,066 DEBUG                  - depth 4, hash 7285331, HEAD~1784
2021-07-04 06:42:42,071 DEBUG                  - depth 5, hash 6a07726, HEAD~1874
2021-07-04 06:42:42,075 DEBUG                  - depth 6, hash 9102bea, HEAD~1909
2021-07-04 06:42:42,079 DEBUG                  - depth 7, hash 28f28f1, HEAD~1959
2021-07-04 06:42:42,083 DEBUG    [line range] org/apache/commons/math3/optimization/direct/BaseAbstractMultivariateOptimizer.java optimizeInternal 125:149
2021-07-04 06:42:42,296 DEBUG                  - depth 0, hash 3f753c8, HEAD~56
2021-07-04 06:42:42,302 DEBUG                  - depth 1, hash 8c2d5d1, HEAD~844
2021-07-04 06:42:42,306 DEBUG                  - depth 2, hash d11bdd2, HEAD~893
2021-07-04 06:42:42,311 DEBUG                  - depth 3, hash 1bf4ee0, HEAD~894
2021-07-04 06:42:42,315 DEBUG                  - depth 4, hash 249404b, HEAD~895
2021-07-04 06:42:42,319 DEBUG                  - depth 5, hash 2174768, HEAD~897
2021-07-04 06:42:42,324 DEBUG                  - depth 6, hash 9be0992, HEAD~1738
2021-07-04 06:42:42,328 DEBUG                  - depth 7, hash 91b44a1, HEAD~1908
2021-07-04 06:42:42,332 DEBUG                  - depth 8, hash 9102bea, HEAD~1909
2021-07-04 06:42:42,337 DEBUG                  - depth 9, hash 28f28f1, HEAD~1959
2021-07-04 06:42:42,675 DEBUG    [line range] org/apache/commons/math3/optimization/direct/BaseAbstractMultivariateSimpleBoundsOptimizer.java <init> 65:67
2021-07-04 06:42:42,891 DEBUG                  - depth 0, hash 5a8be77, HEAD~627
2021-07-04 06:42:42,897 DEBUG                  - depth 1, hash 18823c8, HEAD~758
2021-07-04 06:42:42,901 DEBUG                  - depth 2, hash 4e340f7, HEAD~843
2021-07-04 06:42:42,906 DEBUG    [line range] org/apache/commons/math3/optimization/direct/BaseAbstractMultivariateSimpleBoundsOptimizer.java getLowerBound 72:74
2021-07-04 06:42:43,117 DEBUG                  - depth 0, hash 8c2d5d1, HEAD~844
2021-07-04 06:42:43,123 DEBUG    [line range] org/apache/commons/math3/optimization/direct/BaseAbstractMultivariateSimpleBoundsOptimizer.java getUpperBound 79:81
2021-07-04 06:42:43,334 DEBUG                  - depth 0, hash 8c2d5d1, HEAD~844
2021-07-04 06:42:43,339 DEBUG    [line range] org/apache/commons/math3/optimization/direct/BaseAbstractMultivariateSimpleBoundsOptimizer.java optimize 84:88
2021-07-04 06:42:43,550 DEBUG                  - depth 0, hash 0a2da59, HEAD~194
2021-07-04 06:42:43,556 DEBUG                  - depth 1, hash 5a8be77, HEAD~627
2021-07-04 06:42:43,561 DEBUG                  - depth 2, hash 8c2d5d1, HEAD~844
2021-07-04 06:42:43,565 DEBUG    [line range] org/apache/commons/math3/optimization/direct/BaseAbstractMultivariateSimpleBoundsOptimizer.java optimize 91:141
2021-07-04 06:42:43,776 DEBUG                  - depth 0, hash 5a8be77, HEAD~627
2021-07-04 06:42:43,782 DEBUG                  - depth 1, hash 8c2d5d1, HEAD~844
2021-07-04 06:42:44,256 DEBUG    [line range] org/apache/commons/math3/optimization/direct/CMAESOptimizer.java <clinit> 105:105
2021-07-04 06:42:44,458 DEBUG                  - depth 0, hash ba96c9a, HEAD~1554
2021-07-04 06:42:44,464 DEBUG    [line range] org/apache/commons/math3/optimization/direct/CMAESOptimizer.java <init> 245:247
2021-07-04 06:42:44,665 DEBUG                  - depth 0, hash ba96c9a, HEAD~1554
2021-07-04 06:42:44,671 DEBUG    [line range] org/apache/commons/math3/optimization/direct/CMAESOptimizer.java <init> 252:256
2021-07-04 06:42:44,871 DEBUG                  - depth 0, hash 48151d5, HEAD~584
2021-07-04 06:42:44,876 DEBUG                  - depth 1, hash 7e2ded1, HEAD~896
2021-07-04 06:42:44,881 DEBUG                  - depth 2, hash ba96c9a, HEAD~1554
2021-07-04 06:42:44,885 DEBUG    [line range] org/apache/commons/math3/optimization/direct/CMAESOptimizer.java <init> 283:291
2021-07-04 06:42:45,086 DEBUG                  - depth 0, hash 94239f2, HEAD~371
2021-07-04 06:42:45,092 DEBUG                  - depth 1, hash 48151d5, HEAD~584
2021-07-04 06:42:45,097 DEBUG                  - depth 2, hash ad57102, HEAD~619
2021-07-04 06:42:45,101 DEBUG                  - depth 3, hash 3b68757, HEAD~862
2021-07-04 06:42:45,105 DEBUG                  - depth 4, hash 7e2ded1, HEAD~896
2021-07-04 06:42:45,110 DEBUG                  - depth 5, hash ba96c9a, HEAD~1554
2021-07-04 06:42:45,114 DEBUG    [line range] org/apache/commons/math3/optimization/direct/CMAESOptimizer.java <init> 151:151
2021-07-04 06:42:45,324 DEBUG                  - depth 0, hash ba96c9a, HEAD~1554
2021-07-04 06:42:45,330 DEBUG    [single line]   org/apache/commons/math3/optimization/direct/CMAESOptimizer.java access$200 91
2021-07-04 06:42:45,533 DEBUG                  - depth 0, hash 7e2ded1, HEAD~896
2021-07-04 06:42:45,539 DEBUG                  - depth 1, hash ba96c9a, HEAD~1554
2021-07-04 06:42:45,543 DEBUG    [line range] org/apache/commons/math3/optimization/direct/CMAESOptimizer.java checkParameters 504:574
2021-07-04 06:42:45,750 DEBUG                  - depth 0, hash c73fad0, HEAD~20
2021-07-04 06:42:45,756 DEBUG                  - depth 1, hash 48151d5, HEAD~584
2021-07-04 06:42:45,760 DEBUG                  - depth 2, hash 34c041f, HEAD~585
2021-07-04 06:42:45,765 DEBUG                  - depth 3, hash d834155, HEAD~863
2021-07-04 06:42:45,769 DEBUG                  - depth 4, hash bae38c1, HEAD~1332
2021-07-04 06:42:45,773 DEBUG                  - depth 5, hash ba96c9a, HEAD~1554
2021-07-04 06:42:45,778 DEBUG    [line range] org/apache/commons/math3/optimization/direct/CMAESOptimizer.java copyColumn 1191:1195
2021-07-04 06:42:45,979 DEBUG                  - depth 0, hash bae38c1, HEAD~1332
2021-07-04 06:42:45,984 DEBUG                  - depth 1, hash ba96c9a, HEAD~1554
2021-07-04 06:42:45,989 DEBUG    [line range] org/apache/commons/math3/optimization/direct/CMAESOptimizer.java diag 1167:1181
2021-07-04 06:42:46,198 DEBUG                  - depth 0, hash bae38c1, HEAD~1332
2021-07-04 06:42:46,204 DEBUG                  - depth 1, hash ba96c9a, HEAD~1554
2021-07-04 06:42:46,208 DEBUG    [line range] org/apache/commons/math3/optimization/direct/CMAESOptimizer.java divide 1106:1114
2021-07-04 06:42:46,416 DEBUG                  - depth 0, hash 7e2ded1, HEAD~896
2021-07-04 06:42:46,422 DEBUG                  - depth 1, hash bae38c1, HEAD~1332
2021-07-04 06:42:46,426 DEBUG                  - depth 2, hash ba96c9a, HEAD~1554
2021-07-04 06:42:46,431 DEBUG    [line range] org/apache/commons/math3/optimization/direct/CMAESOptimizer.java doOptimize 354:499
2021-07-04 06:42:46,639 DEBUG                  - depth 0, hash efa9de0, HEAD~21
2021-07-04 06:42:46,645 DEBUG                  - depth 1, hash 5a8be77, HEAD~627
2021-07-04 06:42:46,649 DEBUG                  - depth 2, hash 4f655f0, HEAD~889
2021-07-04 06:42:46,654 DEBUG                  - depth 3, hash dd4efa4, HEAD~939
2021-07-04 06:42:46,658 DEBUG                  - depth 4, hash bae38c1, HEAD~1332
2021-07-04 06:42:46,662 DEBUG                  - depth 5, hash 455c730, HEAD~1510
2021-07-04 06:42:46,667 DEBUG                  - depth 6, hash ba96c9a, HEAD~1554
2021-07-04 06:42:46,673 DEBUG    [line range] org/apache/commons/math3/optimization/direct/CMAESOptimizer.java eye 1215:1223
2021-07-04 06:42:46,882 DEBUG                  - depth 0, hash bae38c1, HEAD~1332
2021-07-04 06:42:46,887 DEBUG                  - depth 1, hash ba96c9a, HEAD~1554
2021-07-04 06:42:46,892 DEBUG    [line range] org/apache/commons/math3/optimization/direct/CMAESOptimizer.java initializeCMA 581:648
2021-07-04 06:42:47,097 DEBUG                  - depth 0, hash d834155, HEAD~863
2021-07-04 06:42:47,103 DEBUG                  - depth 1, hash bae38c1, HEAD~1332
2021-07-04 06:42:47,107 DEBUG                  - depth 2, hash e3c25c9, HEAD~1441
2021-07-04 06:42:47,111 DEBUG                  - depth 3, hash ba96c9a, HEAD~1554
2021-07-04 06:42:47,117 DEBUG    [line range] org/apache/commons/math3/optimization/direct/CMAESOptimizer.java inverse 1335:1341
2021-07-04 06:42:47,319 DEBUG                  - depth 0, hash bae38c1, HEAD~1332
2021-07-04 06:42:47,325 DEBUG                  - depth 1, hash ba96c9a, HEAD~1554
2021-07-04 06:42:47,329 DEBUG    [line range] org/apache/commons/math3/optimization/direct/CMAESOptimizer.java log 1046:1054
2021-07-04 06:42:47,529 DEBUG                  - depth 0, hash bae38c1, HEAD~1332
2021-07-04 06:42:47,535 DEBUG                  - depth 1, hash ba96c9a, HEAD~1554
2021-07-04 06:42:47,540 DEBUG    [line range] org/apache/commons/math3/optimization/direct/CMAESOptimizer.java max 1273:1284
2021-07-04 06:42:47,740 DEBUG                  - depth 0, hash bae38c1, HEAD~1332
2021-07-04 06:42:47,745 DEBUG                  - depth 1, hash ba96c9a, HEAD~1554
2021-07-04 06:42:47,750 DEBUG    [line range] org/apache/commons/math3/optimization/direct/CMAESOptimizer.java max 1307:1315
2021-07-04 06:42:47,960 DEBUG                  - depth 0, hash bae38c1, HEAD~1332
2021-07-04 06:42:47,966 DEBUG                  - depth 1, hash ba96c9a, HEAD~1554
2021-07-04 06:42:47,970 DEBUG    [line range] org/apache/commons/math3/optimization/direct/CMAESOptimizer.java min 1290:1301
2021-07-04 06:42:48,175 DEBUG                  - depth 0, hash bae38c1, HEAD~1332
2021-07-04 06:42:48,181 DEBUG                  - depth 1, hash ba96c9a, HEAD~1554
2021-07-04 06:42:48,186 DEBUG    [line range] org/apache/commons/math3/optimization/direct/CMAESOptimizer.java min 1321:1329
2021-07-04 06:42:48,395 DEBUG                  - depth 0, hash bae38c1, HEAD~1332
2021-07-04 06:42:48,401 DEBUG                  - depth 1, hash ba96c9a, HEAD~1554
2021-07-04 06:42:48,405 DEBUG    [line range] org/apache/commons/math3/optimization/direct/CMAESOptimizer.java ones 1202:1208
2021-07-04 06:42:48,614 DEBUG                  - depth 0, hash bae38c1, HEAD~1332
2021-07-04 06:42:48,620 DEBUG                  - depth 1, hash ba96c9a, HEAD~1554
2021-07-04 06:42:48,624 DEBUG    [line range] org/apache/commons/math3/optimization/direct/CMAESOptimizer.java push 825:830
2021-07-04 06:42:48,840 DEBUG                  - depth 0, hash bae38c1, HEAD~1332
2021-07-04 06:42:48,846 DEBUG                  - depth 1, hash ba96c9a, HEAD~1554
2021-07-04 06:42:48,850 DEBUG    [line range] org/apache/commons/math3/optimization/direct/CMAESOptimizer.java randn1 1372:1380
2021-07-04 06:42:49,058 DEBUG                  - depth 0, hash bae38c1, HEAD~1332
2021-07-04 06:42:49,064 DEBUG                  - depth 1, hash ba96c9a, HEAD~1554
2021-07-04 06:42:49,068 DEBUG    [line range] org/apache/commons/math3/optimization/direct/CMAESOptimizer.java repmat 1240:1250
2021-07-04 06:42:49,278 DEBUG                  - depth 0, hash bae38c1, HEAD~1332
2021-07-04 06:42:49,284 DEBUG                  - depth 1, hash ba96c9a, HEAD~1554
2021-07-04 06:42:49,288 DEBUG    [line range] org/apache/commons/math3/optimization/direct/CMAESOptimizer.java reverse 1347:1353
2021-07-04 06:42:49,490 DEBUG                  - depth 0, hash bae38c1, HEAD~1332
2021-07-04 06:42:49,495 DEBUG                  - depth 1, hash ba96c9a, HEAD~1554
2021-07-04 06:42:49,500 DEBUG    [line range] org/apache/commons/math3/optimization/direct/CMAESOptimizer.java selectColumns 1121:1129
2021-07-04 06:42:49,709 DEBUG                  - depth 0, hash bae38c1, HEAD~1332
2021-07-04 06:42:49,715 DEBUG                  - depth 1, hash ba96c9a, HEAD~1554
2021-07-04 06:42:49,719 DEBUG    [line range] org/apache/commons/math3/optimization/direct/CMAESOptimizer.java sequence 1258:1267
2021-07-04 06:42:49,928 DEBUG                  - depth 0, hash ba96c9a, HEAD~1554
2021-07-04 06:42:49,934 DEBUG    [line range] org/apache/commons/math3/optimization/direct/CMAESOptimizer.java sortedIndices 838:849
2021-07-04 06:42:50,136 DEBUG                  - depth 0, hash bae38c1, HEAD~1332
2021-07-04 06:42:50,142 DEBUG                  - depth 1, hash ba96c9a, HEAD~1554
2021-07-04 06:42:50,147 DEBUG    [line range] org/apache/commons/math3/optimization/direct/CMAESOptimizer.java sqrt 1061:1069
2021-07-04 06:42:50,357 DEBUG                  - depth 0, hash bae38c1, HEAD~1332
2021-07-04 06:42:50,363 DEBUG                  - depth 1, hash ba96c9a, HEAD~1554
2021-07-04 06:42:50,367 DEBUG    [line range] org/apache/commons/math3/optimization/direct/CMAESOptimizer.java square 1075:1084
2021-07-04 06:42:50,569 DEBUG                  - depth 0, hash bae38c1, HEAD~1332
2021-07-04 06:42:50,574 DEBUG                  - depth 1, hash ba96c9a, HEAD~1554
2021-07-04 06:42:50,579 DEBUG    [line range] org/apache/commons/math3/optimization/direct/CMAESOptimizer.java sumRows 1150:1160
2021-07-04 06:42:50,780 DEBUG                  - depth 0, hash bae38c1, HEAD~1332
2021-07-04 06:42:50,785 DEBUG                  - depth 1, hash ba96c9a, HEAD~1554
2021-07-04 06:42:50,790 DEBUG    [line range] org/apache/commons/math3/optimization/direct/CMAESOptimizer.java times 1091:1099
2021-07-04 06:42:50,993 DEBUG                  - depth 0, hash 7e2ded1, HEAD~896
2021-07-04 06:42:50,999 DEBUG                  - depth 1, hash bae38c1, HEAD~1332
2021-07-04 06:42:51,003 DEBUG                  - depth 2, hash ba96c9a, HEAD~1554
2021-07-04 06:42:51,007 DEBUG    [line range] org/apache/commons/math3/optimization/direct/CMAESOptimizer.java triu 1136:1144
2021-07-04 06:42:51,211 DEBUG                  - depth 0, hash bae38c1, HEAD~1332
2021-07-04 06:42:51,217 DEBUG                  - depth 1, hash ba96c9a, HEAD~1554
2021-07-04 06:42:51,221 DEBUG    [line range] org/apache/commons/math3/optimization/direct/CMAESOptimizer.java updateBD 788:817
2021-07-04 06:42:51,424 DEBUG                  - depth 0, hash 764e70c, HEAD~263
2021-07-04 06:42:51,430 DEBUG                  - depth 1, hash 9639c6a, HEAD~1038
2021-07-04 06:42:51,434 DEBUG                  - depth 2, hash ed77246, HEAD~1039
2021-07-04 06:42:51,438 DEBUG                  - depth 3, hash bae38c1, HEAD~1332
2021-07-04 06:42:51,443 DEBUG                  - depth 4, hash ba96c9a, HEAD~1554
2021-07-04 06:42:51,448 DEBUG    [line range] org/apache/commons/math3/optimization/direct/CMAESOptimizer.java updateCovariance 715:781
2021-07-04 06:42:51,656 DEBUG                  - depth 0, hash dd4efa4, HEAD~939
2021-07-04 06:42:51,662 DEBUG                  - depth 1, hash bae38c1, HEAD~1332
2021-07-04 06:42:51,666 DEBUG                  - depth 2, hash ba96c9a, HEAD~1554
2021-07-04 06:42:51,671 DEBUG    [line range] org/apache/commons/math3/optimization/direct/CMAESOptimizer.java updateEvolutionPaths 658:672
2021-07-04 06:42:51,880 DEBUG                  - depth 0, hash bae38c1, HEAD~1332
2021-07-04 06:42:51,886 DEBUG                  - depth 1, hash e3c25c9, HEAD~1441
2021-07-04 06:42:51,890 DEBUG                  - depth 2, hash ba96c9a, HEAD~1554
2021-07-04 06:42:51,894 DEBUG    [line range] org/apache/commons/math3/optimization/direct/CMAESOptimizer.java zeros 1230:1232
2021-07-04 06:42:52,103 DEBUG                  - depth 0, hash ba96c9a, HEAD~1554
2021-07-04 06:42:52,108 DEBUG    [line range] org/apache/commons/math3/optimization/direct/CMAESOptimizer.java <init> 865:868
2021-07-04 06:42:52,313 DEBUG                  - depth 0, hash ba96c9a, HEAD~1554
2021-07-04 06:42:52,319 DEBUG    [single line]   org/apache/commons/math3/optimization/direct/CMAESOptimizer.java access$000 855
2021-07-04 06:42:52,520 DEBUG                  - depth 0, hash ba96c9a, HEAD~1554
2021-07-04 06:42:52,526 DEBUG    [line range] org/apache/commons/math3/optimization/direct/CMAESOptimizer.java compareTo 871:873
2021-07-04 06:42:52,727 DEBUG                  - depth 0, hash ba96c9a, HEAD~1554
2021-07-04 06:42:52,733 DEBUG    [line range] org/apache/commons/math3/optimization/direct/CMAESOptimizer.java <init> 916:919
2021-07-04 06:42:52,943 DEBUG                  - depth 0, hash dde7ece, HEAD~1457
2021-07-04 06:42:52,948 DEBUG                  - depth 1, hash ba96c9a, HEAD~1554
2021-07-04 06:42:52,953 DEBUG    [line range] org/apache/commons/math3/optimization/direct/CMAESOptimizer.java decode 951:961
2021-07-04 06:42:53,159 DEBUG                  - depth 0, hash bae38c1, HEAD~1332
2021-07-04 06:42:53,165 DEBUG                  - depth 1, hash dde7ece, HEAD~1457
2021-07-04 06:42:53,169 DEBUG                  - depth 2, hash 455c730, HEAD~1510
2021-07-04 06:42:53,174 DEBUG                  - depth 3, hash 6f04c3e, HEAD~1511
2021-07-04 06:42:53,178 DEBUG                  - depth 4, hash ba96c9a, HEAD~1554
2021-07-04 06:42:53,183 DEBUG    [line range] org/apache/commons/math3/optimization/direct/CMAESOptimizer.java encode 925:935
2021-07-04 06:42:53,388 DEBUG                  - depth 0, hash bae38c1, HEAD~1332
2021-07-04 06:42:53,394 DEBUG                  - depth 1, hash dde7ece, HEAD~1457
2021-07-04 06:42:53,399 DEBUG                  - depth 2, hash 455c730, HEAD~1510
2021-07-04 06:42:53,403 DEBUG                  - depth 3, hash 6f04c3e, HEAD~1511
2021-07-04 06:42:53,407 DEBUG                  - depth 4, hash ba96c9a, HEAD~1554
2021-07-04 06:42:53,412 DEBUG    [line range] org/apache/commons/math3/optimization/direct/CMAESOptimizer.java penalty 1030:1037
2021-07-04 06:42:53,621 DEBUG                  - depth 0, hash 455c730, HEAD~1510
2021-07-04 06:42:53,627 DEBUG                  - depth 1, hash 6f04c3e, HEAD~1511
2021-07-04 06:42:53,632 DEBUG                  - depth 2, hash ba96c9a, HEAD~1554
2021-07-04 06:42:53,636 DEBUG    [line range] org/apache/commons/math3/optimization/direct/CMAESOptimizer.java repair 1011:1023
2021-07-04 06:42:53,839 DEBUG                  - depth 0, hash bae38c1, HEAD~1332
2021-07-04 06:42:53,845 DEBUG                  - depth 1, hash ba96c9a, HEAD~1554
2021-07-04 06:42:53,850 DEBUG    [line range] org/apache/commons/math3/optimization/direct/CMAESOptimizer.java repairAndDecode 941:945
2021-07-04 06:42:54,050 DEBUG                  - depth 0, hash efa9de0, HEAD~21
2021-07-04 06:42:54,056 DEBUG    [line range] org/apache/commons/math3/optimization/direct/CMAESOptimizer.java setValueRange 1003:1005
2021-07-04 06:42:54,257 DEBUG                  - depth 0, hash dde7ece, HEAD~1457
2021-07-04 06:42:54,263 DEBUG                  - depth 1, hash ba96c9a, HEAD~1554
2021-07-04 06:42:54,268 DEBUG    [line range] org/apache/commons/math3/optimization/direct/CMAESOptimizer.java value 967:979
2021-07-04 06:42:54,468 DEBUG                  - depth 0, hash bae38c1, HEAD~1332
2021-07-04 06:42:54,474 DEBUG                  - depth 1, hash dde7ece, HEAD~1457
2021-07-04 06:42:54,478 DEBUG                  - depth 2, hash 455c730, HEAD~1510
2021-07-04 06:42:54,482 DEBUG                  - depth 3, hash 6f04c3e, HEAD~1511
2021-07-04 06:42:54,487 DEBUG                  - depth 4, hash ba96c9a, HEAD~1554
2021-07-04 06:42:54,812 DEBUG    [line range] org/apache/commons/math3/random/BitsStreamGenerator.java <init> 35:37
2021-07-04 06:42:55,025 DEBUG                  - depth 0, hash 117ad82, HEAD~2340
2021-07-04 06:42:55,031 DEBUG    [line range] org/apache/commons/math3/random/BitsStreamGenerator.java clear 164:166
2021-07-04 06:42:55,241 DEBUG                  - depth 0, hash b39e2d0, HEAD~751
2021-07-04 06:42:55,247 DEBUG    [line range] org/apache/commons/math3/random/BitsStreamGenerator.java nextDouble 84:88
2021-07-04 06:42:55,462 DEBUG                  - depth 0, hash 117ad82, HEAD~2340
2021-07-04 06:42:55,468 DEBUG    [line range] org/apache/commons/math3/random/BitsStreamGenerator.java nextGaussian 96:115
2021-07-04 06:42:55,679 DEBUG                  - depth 0, hash 80b1e90, HEAD~1912
2021-07-04 06:42:55,685 DEBUG                  - depth 1, hash 117ad82, HEAD~2340
2021-07-04 06:42:56,023 DEBUG    [line range] org/apache/commons/math3/random/MersenneTwister.java <clinit> 94:94
2021-07-04 06:42:56,243 DEBUG                  - depth 0, hash 2283b09, HEAD~2339
2021-07-04 06:42:56,249 DEBUG    [line range] org/apache/commons/math3/random/MersenneTwister.java <init> 106:109
2021-07-04 06:42:56,468 DEBUG                  - depth 0, hash 1e75292, HEAD~870
2021-07-04 06:42:56,474 DEBUG                  - depth 1, hash 2283b09, HEAD~2339
2021-07-04 06:42:56,479 DEBUG    [line range] org/apache/commons/math3/random/MersenneTwister.java next 228:263
2021-07-04 06:42:56,699 DEBUG                  - depth 0, hash 3081ee1, HEAD~2152
2021-07-04 06:42:56,705 DEBUG                  - depth 1, hash b631eb6, HEAD~2245
2021-07-04 06:42:56,709 DEBUG                  - depth 2, hash 2283b09, HEAD~2339
2021-07-04 06:42:56,714 DEBUG    [line range] org/apache/commons/math3/random/MersenneTwister.java setSeed 141:155
2021-07-04 06:42:56,933 DEBUG                  - depth 0, hash b39e2d0, HEAD~751
2021-07-04 06:42:56,939 DEBUG                  - depth 1, hash e9fdfdc, HEAD~1076
2021-07-04 06:42:56,944 DEBUG                  - depth 2, hash 3081ee1, HEAD~2152
2021-07-04 06:42:56,948 DEBUG                  - depth 3, hash 26dac5a, HEAD~2252
2021-07-04 06:42:56,952 DEBUG                  - depth 4, hash 2283b09, HEAD~2339
2021-07-04 06:42:56,957 DEBUG    [line range] org/apache/commons/math3/random/MersenneTwister.java setSeed 214:217
2021-07-04 06:42:57,176 DEBUG                  - depth 0, hash 3081ee1, HEAD~2152
2021-07-04 06:42:57,182 DEBUG                  - depth 1, hash df3dd4c, HEAD~2335
2021-07-04 06:42:57,187 DEBUG                  - depth 2, hash 2283b09, HEAD~2339
2021-07-04 06:42:57,191 DEBUG    [line range] org/apache/commons/math3/random/MersenneTwister.java setSeed 164:207
2021-07-04 06:42:57,412 DEBUG                  - depth 0, hash b39e2d0, HEAD~751
2021-07-04 06:42:57,418 DEBUG                  - depth 1, hash 1e75292, HEAD~870
2021-07-04 06:42:57,423 DEBUG                  - depth 2, hash 80b1e90, HEAD~1912
2021-07-04 06:42:57,427 DEBUG                  - depth 3, hash 3081ee1, HEAD~2152
2021-07-04 06:42:57,432 DEBUG                  - depth 4, hash 2283b09, HEAD~2339
2021-07-04 06:42:57,767 DEBUG    [line range] org/apache/commons/math3/util/CompositeFormat.java getDefaultNumberFormat 42:44
2021-07-04 06:42:57,994 DEBUG                  - depth 0, hash de2670a, HEAD~1706
2021-07-04 06:42:58,000 DEBUG                  - depth 1, hash 1560839, HEAD~2937
2021-07-04 06:42:58,004 DEBUG    [line range] org/apache/commons/math3/util/CompositeFormat.java getDefaultNumberFormat 53:57
2021-07-04 06:42:58,240 DEBUG                  - depth 0, hash 043e1d6, HEAD~228
2021-07-04 06:42:58,246 DEBUG                  - depth 1, hash 6536def, HEAD~1279
2021-07-04 06:42:58,251 DEBUG                  - depth 2, hash 5166d56, HEAD~1280
2021-07-04 06:42:58,255 DEBUG                  - depth 3, hash de2670a, HEAD~1706
2021-07-04 06:42:58,260 DEBUG                  - depth 4, hash 1560839, HEAD~2937
2021-07-04 06:42:58,918 DEBUG    [line range] org/apache/commons/math3/util/FastMath.java <clinit> 113:123
2021-07-04 06:42:59,166 DEBUG                  - depth 0, hash 1f0b0b2, HEAD~1062
2021-07-04 06:42:59,172 DEBUG                  - depth 1, hash 9d76c94, HEAD~1071
2021-07-04 06:42:59,177 DEBUG                  - depth 2, hash 95d4a38, HEAD~1110
2021-07-04 06:42:59,181 DEBUG                  - depth 3, hash 80b1e90, HEAD~1912
2021-07-04 06:42:59,186 DEBUG    [line range] org/apache/commons/math3/util/FastMath.java abs 2991:2993
2021-07-04 06:42:59,429 DEBUG                  - depth 0, hash 26208c1, HEAD~1665
2021-07-04 06:42:59,435 DEBUG                  - depth 1, hash 80b1e90, HEAD~1912
2021-07-04 06:42:59,440 DEBUG    [line range] org/apache/commons/math3/util/FastMath.java abs 2973:2975
2021-07-04 06:42:59,684 DEBUG                  - depth 0, hash 80b1e90, HEAD~1912
2021-07-04 06:42:59,690 DEBUG    [line range] org/apache/commons/math3/util/FastMath.java cos 2267:2313
2021-07-04 06:42:59,941 DEBUG                  - depth 0, hash e434abd, HEAD~232
2021-07-04 06:42:59,947 DEBUG                  - depth 1, hash bae38c1, HEAD~1332
2021-07-04 06:42:59,952 DEBUG                  - depth 2, hash 80b1e90, HEAD~1912
2021-07-04 06:42:59,957 DEBUG    [line range] org/apache/commons/math3/util/FastMath.java cosQ 1815:1824
2021-07-04 06:43:00,204 DEBUG                  - depth 0, hash 80b1e90, HEAD~1912
2021-07-04 06:43:00,210 DEBUG    [line range] org/apache/commons/math3/util/FastMath.java log 1095:1097
2021-07-04 06:43:00,454 DEBUG                  - depth 0, hash 80b1e90, HEAD~1912
2021-07-04 06:43:00,460 DEBUG    [line range] org/apache/commons/math3/util/FastMath.java log 1105:1329
2021-07-04 06:43:00,712 DEBUG                  - depth 0, hash 473d151, HEAD~189
2021-07-04 06:43:00,718 DEBUG                  - depth 1, hash 96dfe1a, HEAD~191
2021-07-04 06:43:00,723 DEBUG                  - depth 2, hash f1791c6, HEAD~214
2021-07-04 06:43:00,727 DEBUG                  - depth 3, hash 2088737, HEAD~1105
2021-07-04 06:43:00,731 DEBUG                  - depth 4, hash 6d0cca3, HEAD~1560
2021-07-04 06:43:00,736 DEBUG                  - depth 5, hash 34b6782, HEAD~1583
2021-07-04 06:43:00,740 DEBUG                  - depth 6, hash dc5fdf7, HEAD~1648
2021-07-04 06:43:00,744 DEBUG                  - depth 7, hash f45eb1f, HEAD~1649
2021-07-04 06:43:00,749 DEBUG                  - depth 8, hash 26208c1, HEAD~1665
2021-07-04 06:43:00,753 DEBUG                  - depth 9, hash 2bc1662, HEAD~1884
2021-07-04 06:43:00,757 DEBUG                  - depth 10, hash 80b1e90, HEAD~1912
2021-07-04 06:43:00,764 DEBUG    [line range] org/apache/commons/math3/util/FastMath.java max 3506:3524
2021-07-04 06:43:01,011 DEBUG                  - depth 0, hash 1f0b0b2, HEAD~1062
2021-07-04 06:43:01,017 DEBUG                  - depth 1, hash 80b1e90, HEAD~1912
2021-07-04 06:43:01,022 DEBUG    [line range] org/apache/commons/math3/util/FastMath.java max 3463:3465
2021-07-04 06:43:01,268 DEBUG                  - depth 0, hash 1f0b0b2, HEAD~1062
2021-07-04 06:43:01,274 DEBUG                  - depth 1, hash 80b1e90, HEAD~1912
2021-07-04 06:43:01,279 DEBUG    [line range] org/apache/commons/math3/util/FastMath.java min 3395:3397
2021-07-04 06:43:01,531 DEBUG                  - depth 0, hash 80b1e90, HEAD~1912
2021-07-04 06:43:01,537 DEBUG    [line range] org/apache/commons/math3/util/FastMath.java polyCosine 1672:1682
2021-07-04 06:43:01,782 DEBUG                  - depth 0, hash 80b1e90, HEAD~1912
2021-07-04 06:43:01,788 DEBUG    [line range] org/apache/commons/math3/util/FastMath.java polySine 1651:1664
2021-07-04 06:43:02,033 DEBUG                  - depth 0, hash 80b1e90, HEAD~1912
2021-07-04 06:43:02,039 DEBUG    [line range] org/apache/commons/math3/util/FastMath.java sin 2200:2259
2021-07-04 06:43:02,293 DEBUG                  - depth 0, hash e434abd, HEAD~232
2021-07-04 06:43:02,299 DEBUG                  - depth 1, hash bae38c1, HEAD~1332
2021-07-04 06:43:02,304 DEBUG                  - depth 2, hash 80b1e90, HEAD~1912
2021-07-04 06:43:02,309 DEBUG    [line range] org/apache/commons/math3/util/FastMath.java sinQ 1691:1806
2021-07-04 06:43:02,554 DEBUG                  - depth 0, hash 8dd6c42, HEAD~1647
2021-07-04 06:43:02,560 DEBUG                  - depth 1, hash f45eb1f, HEAD~1649
2021-07-04 06:43:02,565 DEBUG                  - depth 2, hash 80b1e90, HEAD~1912
2021-07-04 06:43:02,571 DEBUG    [line range] org/apache/commons/math3/util/FastMath.java sqrt 374:376
2021-07-04 06:43:02,824 DEBUG                  - depth 0, hash 80b1e90, HEAD~1912
2021-07-04 06:43:02,830 DEBUG    [line range] org/apache/commons/math3/util/FastMath.java <init> 3784:3821
2021-07-04 06:43:03,017 DEBUG                  - depth 0, hash e434abd, HEAD~232
2021-07-04 06:43:03,023 DEBUG    [line range] org/apache/commons/math3/util/FastMath.java getK 3826:3828
2021-07-04 06:43:03,211 DEBUG                  - depth 0, hash e434abd, HEAD~232
2021-07-04 06:43:03,217 DEBUG    [line range] org/apache/commons/math3/util/FastMath.java getRemA 3832:3834
2021-07-04 06:43:03,403 DEBUG                  - depth 0, hash e434abd, HEAD~232
2021-07-04 06:43:03,409 DEBUG    [line range] org/apache/commons/math3/util/FastMath.java getRemB 3838:3840
2021-07-04 06:43:03,596 DEBUG                  - depth 0, hash e434abd, HEAD~232
2021-07-04 06:43:03,602 DEBUG    [single line]   org/apache/commons/math3/util/FastMath.java access$400 3752
2021-07-04 06:43:03,847 DEBUG                  - depth 0, hash 1f0b0b2, HEAD~1062
2021-07-04 06:43:03,853 DEBUG                  - depth 1, hash cf1e53b, HEAD~1606
2021-07-04 06:43:03,857 DEBUG                  - depth 2, hash d3d2350, HEAD~1629
2021-07-04 06:43:04,633 DEBUG    [line range] org/apache/commons/math3/util/FastMathLiteralArrays.java <clinit> 29:1530
2021-07-04 06:43:04,821 DEBUG                  - depth 0, hash 2225164, HEAD~954
2021-07-04 06:43:04,827 DEBUG    [line range] org/apache/commons/math3/util/FastMathLiteralArrays.java loadLnMant 6173:6175
2021-07-04 06:43:05,019 DEBUG                  - depth 0, hash 3eb4dcd, HEAD~567
2021-07-04 06:43:05,024 DEBUG                  - depth 1, hash 96673d8, HEAD~589
2021-07-04 06:43:05,029 DEBUG                  - depth 2, hash de147e5, HEAD~682
2021-07-04 06:43:05,033 DEBUG                  - depth 3, hash 2225164, HEAD~954
2021-07-04 06:43:05,343 DEBUG    [line range] org/apache/commons/math3/util/Incrementor.java <init> 52:54
2021-07-04 06:43:05,554 DEBUG                  - depth 0, hash 7f2da64, HEAD~1079
2021-07-04 06:43:05,560 DEBUG    [line range] org/apache/commons/math3/util/Incrementor.java <init> 61:69
2021-07-04 06:43:05,770 DEBUG                  - depth 0, hash 92fcf5e, HEAD~327
2021-07-04 06:43:05,776 DEBUG                  - depth 1, hash 77fc6fc, HEAD~329
2021-07-04 06:43:05,780 DEBUG                  - depth 2, hash 87b1e7f, HEAD~1078
2021-07-04 06:43:05,784 DEBUG                  - depth 3, hash 7f2da64, HEAD~1079
2021-07-04 06:43:05,789 DEBUG    [line range] org/apache/commons/math3/util/Incrementor.java <init> 41:41
2021-07-04 06:43:05,999 DEBUG                  - depth 0, hash 87b1e7f, HEAD~1078
2021-07-04 06:43:06,005 DEBUG                  - depth 1, hash dd7aa20, HEAD~1910
2021-07-04 06:43:06,010 DEBUG    [line range] org/apache/commons/math3/util/Incrementor.java getMaximalCount 104:106
2021-07-04 06:43:06,220 DEBUG                  - depth 0, hash dd7aa20, HEAD~1910
2021-07-04 06:43:06,226 DEBUG    [line range] org/apache/commons/math3/util/Incrementor.java incrementCount 154:158
2021-07-04 06:43:06,436 DEBUG                  - depth 0, hash 87b1e7f, HEAD~1078
2021-07-04 06:43:06,442 DEBUG                  - depth 1, hash dd7aa20, HEAD~1910
2021-07-04 06:43:06,446 DEBUG    [line range] org/apache/commons/math3/util/Incrementor.java resetCount 163:165
2021-07-04 06:43:06,657 DEBUG                  - depth 0, hash dd7aa20, HEAD~1910
2021-07-04 06:43:06,663 DEBUG    [line range] org/apache/commons/math3/util/Incrementor.java setMaximalCount 95:97
2021-07-04 06:43:06,872 DEBUG                  - depth 0, hash d4a0b9e, HEAD~1891
2021-07-04 06:43:06,878 DEBUG                  - depth 1, hash dd7aa20, HEAD~1910
2021-07-04 06:43:07,328 DEBUG    [line range] org/apache/commons/math3/util/MathArrays.java copyOf 546:550
2021-07-04 06:43:07,534 DEBUG                  - depth 0, hash dd4efa4, HEAD~939
2021-07-04 06:43:07,863 DEBUG    [line range] org/apache/commons/math3/util/MathUtils.java checkNotNull 262:267
2021-07-04 06:43:08,091 DEBUG                  - depth 0, hash e9c6d1d, HEAD~1378
2021-07-04 06:43:08,097 DEBUG                  - depth 1, hash 82ff5d1, HEAD~1506
2021-07-04 06:43:08,408 DEBUG    [line range] org/apache/commons/math3/util/Pair.java <init> 45:48
2021-07-04 06:43:08,612 DEBUG                  - depth 0, hash 2d75045, HEAD~424
2021-07-04 06:43:08,617 DEBUG                  - depth 1, hash 5aa7ce7, HEAD~427
2021-07-04 06:43:08,622 DEBUG                  - depth 2, hash 9753686, HEAD~1815
2021-07-04 06:43:08,626 DEBUG    [line range] org/apache/commons/math3/util/Pair.java getKey 64:66
2021-07-04 06:43:08,837 DEBUG                  - depth 0, hash 9753686, HEAD~1815
2021-07-04 06:43:08,843 DEBUG    [line range] org/apache/commons/math3/util/Pair.java getValue 73:75
2021-07-04 06:43:09,046 DEBUG                  - depth 0, hash 9753686, HEAD~1815
2021-07-04 06:43:09,403 DEBUG    [single line]   org/apache/commons/math3/util/Precision.java <clinit> 70
2021-07-04 06:43:09,618 DEBUG                  - depth 0, hash 6b67f82, HEAD~444
2021-07-04 06:43:09,624 DEBUG    [single line]   org/apache/commons/math3/util/Precision.java <clinit> 77
2021-07-04 06:43:09,839 DEBUG                  - depth 0, hash 6b67f82, HEAD~444
2021-07-04 06:43:09,845 DEBUG    [single line]   org/apache/commons/math3/util/Precision.java <clinit> 78
2021-07-04 06:43:10,061 DEBUG                  - depth 0, hash 6b67f82, HEAD~444
2021-07-04 06:43:10,067 DEBUG    [line range] org/apache/commons/math3/util/Precision.java compareTo 95:102
2021-07-04 06:43:10,283 DEBUG                  - depth 0, hash b59e974, HEAD~940
2021-07-04 06:43:10,289 DEBUG    [line range] org/apache/commons/math3/util/Precision.java equals 271:273
2021-07-04 06:43:10,505 DEBUG                  - depth 0, hash b59e974, HEAD~940
2021-07-04 06:43:10,511 DEBUG    [line range] org/apache/commons/math3/util/Precision.java equals 329:344
2021-07-04 06:43:10,726 DEBUG                  - depth 0, hash b59e974, HEAD~940
2021-07-04 06:43:10,732 INFO     The number of BIC candidates: 169
