2021-07-04 07:52:48,677 INFO     Search BICs for /tmp/Math-61b/
2021-07-04 07:52:48,678 DEBUG    Reading the coverage of org.apache.commons.math.distribution.PoissonDistributionTest::testMean (failings)
2021-07-04 07:52:48,707 INFO     Loaded 1x607 Coverage Matrix
2021-07-04 07:52:48,708 INFO     The number of total commits: 2374
2021-07-04 07:52:49,138 DEBUG    [single line]   org/apache/commons/math/MathRuntimeException.java access$000 39
2021-07-04 07:52:49,237 DEBUG                  - depth 0, hash 2974de5, HEAD~1002
2021-07-04 07:52:49,243 DEBUG    [line range] org/apache/commons/math/MathRuntimeException.java buildMessage 134:137
2021-07-04 07:52:49,333 DEBUG                  - depth 0, hash 1eaea0b, HEAD~107
2021-07-04 07:52:49,338 DEBUG                  - depth 1, hash 292e891, HEAD~376
2021-07-04 07:52:49,342 DEBUG    [line range] org/apache/commons/math/MathRuntimeException.java createIllegalArgumentException 385:405
2021-07-04 07:52:49,442 DEBUG                  - depth 0, hash 1eaea0b, HEAD~107
2021-07-04 07:52:49,448 DEBUG                  - depth 1, hash 43af48f, HEAD~356
2021-07-04 07:52:49,452 DEBUG                  - depth 2, hash 9c8d2c7, HEAD~772
2021-07-04 07:52:49,456 DEBUG                  - depth 3, hash 7f88773, HEAD~826
2021-07-04 07:52:49,460 DEBUG                  - depth 4, hash eb74d69, HEAD~998
2021-07-04 07:52:49,464 DEBUG                  - depth 5, hash 2974de5, HEAD~1002
2021-07-04 07:52:49,468 DEBUG    [line range] org/apache/commons/math/MathRuntimeException.java <init> 385:405
2021-07-04 07:52:49,568 DEBUG                  - depth 0, hash 1eaea0b, HEAD~107
2021-07-04 07:52:49,573 DEBUG                  - depth 1, hash 43af48f, HEAD~356
2021-07-04 07:52:49,577 DEBUG                  - depth 2, hash 9c8d2c7, HEAD~772
2021-07-04 07:52:49,581 DEBUG                  - depth 3, hash 7f88773, HEAD~826
2021-07-04 07:52:49,585 DEBUG                  - depth 4, hash eb74d69, HEAD~998
2021-07-04 07:52:49,589 DEBUG                  - depth 5, hash 2974de5, HEAD~1002
2021-07-04 07:52:49,593 DEBUG    [line range] org/apache/commons/math/MathRuntimeException.java getLocalizedMessage 385:405
2021-07-04 07:52:49,693 DEBUG                  - depth 0, hash 1eaea0b, HEAD~107
2021-07-04 07:52:49,699 DEBUG                  - depth 1, hash 43af48f, HEAD~356
2021-07-04 07:52:49,703 DEBUG                  - depth 2, hash 9c8d2c7, HEAD~772
2021-07-04 07:52:49,707 DEBUG                  - depth 3, hash 7f88773, HEAD~826
2021-07-04 07:52:49,711 DEBUG                  - depth 4, hash eb74d69, HEAD~998
2021-07-04 07:52:49,715 DEBUG                  - depth 5, hash 2974de5, HEAD~1002
2021-07-04 07:52:49,719 DEBUG    [line range] org/apache/commons/math/MathRuntimeException.java getMessage 385:405
2021-07-04 07:52:49,819 DEBUG                  - depth 0, hash 1eaea0b, HEAD~107
2021-07-04 07:52:49,824 DEBUG                  - depth 1, hash 43af48f, HEAD~356
2021-07-04 07:52:49,829 DEBUG                  - depth 2, hash 9c8d2c7, HEAD~772
2021-07-04 07:52:49,833 DEBUG                  - depth 3, hash 7f88773, HEAD~826
2021-07-04 07:52:49,837 DEBUG                  - depth 4, hash eb74d69, HEAD~998
2021-07-04 07:52:49,841 DEBUG                  - depth 5, hash 2974de5, HEAD~1002
2021-07-04 07:52:50,173 DEBUG    [line range] org/apache/commons/math/distribution/AbstractContinuousDistribution.java <init> 50:50
2021-07-04 07:52:50,262 DEBUG                  - depth 0, hash f7f9886, HEAD~116
2021-07-04 07:52:50,553 DEBUG    [line range] org/apache/commons/math/distribution/AbstractDistribution.java <init> 39:41
2021-07-04 07:52:50,642 DEBUG                  - depth 0, hash 5fa559b, HEAD~1704
2021-07-04 07:52:50,986 DEBUG    [line range] org/apache/commons/math/distribution/AbstractIntegerDistribution.java <init> 46:46
2021-07-04 07:52:51,076 DEBUG                  - depth 0, hash f7f9886, HEAD~116
2021-07-04 07:52:51,412 DEBUG    [line range] org/apache/commons/math/distribution/NormalDistributionImpl.java <clinit> 48:48
2021-07-04 07:52:51,507 DEBUG                  - depth 0, hash 80b1e90, HEAD~42
2021-07-04 07:52:51,512 DEBUG                  - depth 1, hash 44a04a5, HEAD~1006
2021-07-04 07:52:51,517 DEBUG    [line range] org/apache/commons/math/distribution/NormalDistributionImpl.java <init> 88:90
2021-07-04 07:52:51,608 DEBUG                  - depth 0, hash bd4c068, HEAD~1620
2021-07-04 07:52:51,613 DEBUG                  - depth 1, hash ac9e22b, HEAD~1980
2021-07-04 07:52:51,618 DEBUG    [line range] org/apache/commons/math/distribution/NormalDistributionImpl.java <init> 64:66
2021-07-04 07:52:51,708 DEBUG                  - depth 0, hash fcabfb5, HEAD~220
2021-07-04 07:52:51,713 DEBUG                  - depth 1, hash bd4c068, HEAD~1620
2021-07-04 07:52:51,718 DEBUG                  - depth 2, hash 4456f88, HEAD~1962
2021-07-04 07:52:51,722 DEBUG                  - depth 3, hash ac9e22b, HEAD~1980
2021-07-04 07:52:51,726 DEBUG    [line range] org/apache/commons/math/distribution/NormalDistributionImpl.java <init> 51:51
2021-07-04 07:52:51,820 DEBUG                  - depth 0, hash bd4c068, HEAD~1620
2021-07-04 07:52:51,826 DEBUG                  - depth 1, hash ac9e22b, HEAD~1980
2021-07-04 07:52:51,830 DEBUG    [line range] org/apache/commons/math/distribution/NormalDistributionImpl.java setMean 105:108
2021-07-04 07:52:51,924 DEBUG                  - depth 0, hash 30304de, HEAD~219
2021-07-04 07:52:51,930 DEBUG                  - depth 1, hash bd4c068, HEAD~1620
2021-07-04 07:52:51,934 DEBUG                  - depth 2, hash ac9e22b, HEAD~1980
2021-07-04 07:52:51,938 DEBUG    [line range] org/apache/commons/math/distribution/NormalDistributionImpl.java setMeanInternal 113:115
2021-07-04 07:52:52,033 DEBUG                  - depth 0, hash 7c4c349, HEAD~198
2021-07-04 07:52:52,038 DEBUG                  - depth 1, hash 30304de, HEAD~219
2021-07-04 07:52:52,042 DEBUG                  - depth 2, hash bd4c068, HEAD~1620
2021-07-04 07:52:52,046 DEBUG                  - depth 3, hash ac9e22b, HEAD~1980
2021-07-04 07:52:52,051 DEBUG    [line range] org/apache/commons/math/distribution/NormalDistributionImpl.java setStandardDeviation 131:134
2021-07-04 07:52:52,145 DEBUG                  - depth 0, hash 30304de, HEAD~219
2021-07-04 07:52:52,151 DEBUG                  - depth 1, hash bd4c068, HEAD~1620
2021-07-04 07:52:52,155 DEBUG                  - depth 2, hash ac9e22b, HEAD~1980
2021-07-04 07:52:52,159 DEBUG    [line range] org/apache/commons/math/distribution/NormalDistributionImpl.java setStandardDeviationInternal 140:147
2021-07-04 07:52:52,250 DEBUG                  - depth 0, hash 1eaea0b, HEAD~107
2021-07-04 07:52:52,255 DEBUG                  - depth 1, hash 30304de, HEAD~219
2021-07-04 07:52:52,259 DEBUG                  - depth 2, hash 26dac5a, HEAD~382
2021-07-04 07:52:52,263 DEBUG                  - depth 3, hash e497d61, HEAD~682
2021-07-04 07:52:52,267 DEBUG                  - depth 4, hash bd4c068, HEAD~1620
2021-07-04 07:52:52,271 DEBUG                  - depth 5, hash ac9e22b, HEAD~1980
2021-07-04 07:52:52,596 DEBUG    [line range] org/apache/commons/math/distribution/PoissonDistributionImpl.java <init> 79:81
2021-07-04 07:52:52,687 DEBUG                  - depth 0, hash 59f6a94, HEAD~1430
2021-07-04 07:52:52,693 DEBUG                  - depth 1, hash 5fa559b, HEAD~1704
2021-07-04 07:52:52,697 DEBUG    [line range] org/apache/commons/math/distribution/PoissonDistributionImpl.java <init> 65:65
2021-07-04 07:52:52,785 DEBUG                  - depth 0, hash fcabfb5, HEAD~220
2021-07-04 07:52:52,791 DEBUG    [line range] org/apache/commons/math/distribution/PoissonDistributionImpl.java setNormalAndMeanInternal 169:179
2021-07-04 07:52:52,881 DEBUG                  - depth 0, hash 80b1e90, HEAD~42
2021-07-04 07:52:52,887 DEBUG                  - depth 1, hash 1eaea0b, HEAD~107
2021-07-04 07:52:52,891 DEBUG                  - depth 2, hash 30304de, HEAD~219
2021-07-04 07:52:52,895 DEBUG                  - depth 3, hash 154551f, HEAD~340
2021-07-04 07:52:52,899 DEBUG                  - depth 4, hash e497d61, HEAD~682
2021-07-04 07:52:52,903 DEBUG                  - depth 5, hash 59f6a94, HEAD~1430
2021-07-04 07:52:52,907 DEBUG                  - depth 6, hash 5fa559b, HEAD~1704
2021-07-04 07:52:53,287 DEBUG    [single line]   org/apache/commons/math/exception/util/LocalizedFormats.java <clinit> 39
2021-07-04 07:52:53,378 DEBUG                  - depth 0, hash 1eaea0b, HEAD~107
2021-07-04 07:52:53,383 DEBUG    [single line]   org/apache/commons/math/exception/util/LocalizedFormats.java <clinit> 44
2021-07-04 07:52:53,474 DEBUG                  - depth 0, hash 1eaea0b, HEAD~107
2021-07-04 07:52:53,479 DEBUG    [single line]   org/apache/commons/math/exception/util/LocalizedFormats.java <clinit> 45
2021-07-04 07:52:53,569 DEBUG                  - depth 0, hash 1eaea0b, HEAD~107
2021-07-04 07:52:53,575 DEBUG    [single line]   org/apache/commons/math/exception/util/LocalizedFormats.java <clinit> 46
2021-07-04 07:52:53,665 DEBUG                  - depth 0, hash d81a1df, HEAD~104
2021-07-04 07:52:53,671 DEBUG    [single line]   org/apache/commons/math/exception/util/LocalizedFormats.java <clinit> 47
2021-07-04 07:52:53,762 DEBUG                  - depth 0, hash 1eaea0b, HEAD~107
2021-07-04 07:52:53,767 DEBUG    [single line]   org/apache/commons/math/exception/util/LocalizedFormats.java <clinit> 48
2021-07-04 07:52:53,858 DEBUG                  - depth 0, hash 1eaea0b, HEAD~107
2021-07-04 07:52:53,864 DEBUG    [single line]   org/apache/commons/math/exception/util/LocalizedFormats.java <clinit> 49
2021-07-04 07:52:53,955 DEBUG                  - depth 0, hash 1eaea0b, HEAD~107
2021-07-04 07:52:53,960 DEBUG    [single line]   org/apache/commons/math/exception/util/LocalizedFormats.java <clinit> 50
2021-07-04 07:52:54,051 DEBUG                  - depth 0, hash 1eaea0b, HEAD~107
2021-07-04 07:52:54,057 DEBUG    [single line]   org/apache/commons/math/exception/util/LocalizedFormats.java <clinit> 51
2021-07-04 07:52:54,148 DEBUG                  - depth 0, hash 1eaea0b, HEAD~107
2021-07-04 07:52:54,154 DEBUG    [single line]   org/apache/commons/math/exception/util/LocalizedFormats.java <clinit> 52
2021-07-04 07:52:54,245 DEBUG                  - depth 0, hash 1eaea0b, HEAD~107
2021-07-04 07:52:54,250 DEBUG    [single line]   org/apache/commons/math/exception/util/LocalizedFormats.java <clinit> 53
2021-07-04 07:52:54,342 DEBUG                  - depth 0, hash 1eaea0b, HEAD~107
2021-07-04 07:52:54,347 DEBUG    [single line]   org/apache/commons/math/exception/util/LocalizedFormats.java <clinit> 54
2021-07-04 07:52:54,438 DEBUG                  - depth 0, hash 1eaea0b, HEAD~107
2021-07-04 07:52:54,444 DEBUG    [single line]   org/apache/commons/math/exception/util/LocalizedFormats.java <clinit> 55
2021-07-04 07:52:54,538 DEBUG                  - depth 0, hash d81a1df, HEAD~104
2021-07-04 07:52:54,543 DEBUG    [single line]   org/apache/commons/math/exception/util/LocalizedFormats.java <clinit> 56
2021-07-04 07:52:54,636 DEBUG                  - depth 0, hash d81a1df, HEAD~104
2021-07-04 07:52:54,642 DEBUG    [single line]   org/apache/commons/math/exception/util/LocalizedFormats.java <clinit> 57
2021-07-04 07:52:54,732 DEBUG                  - depth 0, hash 1eaea0b, HEAD~107
2021-07-04 07:52:54,737 DEBUG    [single line]   org/apache/commons/math/exception/util/LocalizedFormats.java <clinit> 58
2021-07-04 07:52:54,827 DEBUG                  - depth 0, hash 1eaea0b, HEAD~107
2021-07-04 07:52:54,833 DEBUG    [single line]   org/apache/commons/math/exception/util/LocalizedFormats.java <clinit> 59
2021-07-04 07:52:54,923 DEBUG                  - depth 0, hash 1eaea0b, HEAD~107
2021-07-04 07:52:54,928 DEBUG    [single line]   org/apache/commons/math/exception/util/LocalizedFormats.java <clinit> 60
2021-07-04 07:52:55,019 DEBUG                  - depth 0, hash 1eaea0b, HEAD~107
2021-07-04 07:52:55,024 DEBUG    [single line]   org/apache/commons/math/exception/util/LocalizedFormats.java <clinit> 61
2021-07-04 07:52:55,115 DEBUG                  - depth 0, hash 1eaea0b, HEAD~107
2021-07-04 07:52:55,120 DEBUG    [single line]   org/apache/commons/math/exception/util/LocalizedFormats.java <clinit> 62
2021-07-04 07:52:55,210 DEBUG                  - depth 0, hash 1eaea0b, HEAD~107
2021-07-04 07:52:55,216 DEBUG    [single line]   org/apache/commons/math/exception/util/LocalizedFormats.java <clinit> 63
2021-07-04 07:52:55,306 DEBUG                  - depth 0, hash 1eaea0b, HEAD~107
2021-07-04 07:52:55,311 DEBUG    [single line]   org/apache/commons/math/exception/util/LocalizedFormats.java <clinit> 64
2021-07-04 07:52:55,403 DEBUG                  - depth 0, hash 1eaea0b, HEAD~107
2021-07-04 07:52:55,408 DEBUG    [single line]   org/apache/commons/math/exception/util/LocalizedFormats.java <clinit> 65
2021-07-04 07:52:55,499 DEBUG                  - depth 0, hash 1eaea0b, HEAD~107
2021-07-04 07:52:55,504 DEBUG    [single line]   org/apache/commons/math/exception/util/LocalizedFormats.java <clinit> 66
2021-07-04 07:52:55,594 DEBUG                  - depth 0, hash 1eaea0b, HEAD~107
2021-07-04 07:52:55,600 DEBUG    [single line]   org/apache/commons/math/exception/util/LocalizedFormats.java <clinit> 67
2021-07-04 07:52:55,690 DEBUG                  - depth 0, hash 1eaea0b, HEAD~107
2021-07-04 07:52:55,696 DEBUG    [single line]   org/apache/commons/math/exception/util/LocalizedFormats.java <clinit> 68
2021-07-04 07:52:55,786 DEBUG                  - depth 0, hash 1eaea0b, HEAD~107
2021-07-04 07:52:55,791 DEBUG    [single line]   org/apache/commons/math/exception/util/LocalizedFormats.java <clinit> 69
2021-07-04 07:52:55,883 DEBUG                  - depth 0, hash 1eaea0b, HEAD~107
2021-07-04 07:52:55,888 DEBUG    [single line]   org/apache/commons/math/exception/util/LocalizedFormats.java <clinit> 70
2021-07-04 07:52:55,979 DEBUG                  - depth 0, hash 1eaea0b, HEAD~107
2021-07-04 07:52:55,984 DEBUG    [single line]   org/apache/commons/math/exception/util/LocalizedFormats.java <clinit> 71
2021-07-04 07:52:56,074 DEBUG                  - depth 0, hash 1eaea0b, HEAD~107
2021-07-04 07:52:56,080 DEBUG    [single line]   org/apache/commons/math/exception/util/LocalizedFormats.java <clinit> 72
2021-07-04 07:52:56,170 DEBUG                  - depth 0, hash 1eaea0b, HEAD~107
2021-07-04 07:52:56,176 DEBUG    [single line]   org/apache/commons/math/exception/util/LocalizedFormats.java <clinit> 73
2021-07-04 07:52:56,266 DEBUG                  - depth 0, hash 1eaea0b, HEAD~107
2021-07-04 07:52:56,271 DEBUG    [single line]   org/apache/commons/math/exception/util/LocalizedFormats.java <clinit> 74
2021-07-04 07:52:56,362 DEBUG                  - depth 0, hash 1eaea0b, HEAD~107
2021-07-04 07:52:56,367 DEBUG    [single line]   org/apache/commons/math/exception/util/LocalizedFormats.java <clinit> 75
2021-07-04 07:52:56,458 DEBUG                  - depth 0, hash 1eaea0b, HEAD~107
2021-07-04 07:52:56,463 DEBUG    [single line]   org/apache/commons/math/exception/util/LocalizedFormats.java <clinit> 76
2021-07-04 07:52:56,559 DEBUG                  - depth 0, hash 1eaea0b, HEAD~107
2021-07-04 07:52:56,565 DEBUG    [single line]   org/apache/commons/math/exception/util/LocalizedFormats.java <clinit> 77
2021-07-04 07:52:56,655 DEBUG                  - depth 0, hash 1eaea0b, HEAD~107
2021-07-04 07:52:56,661 DEBUG    [single line]   org/apache/commons/math/exception/util/LocalizedFormats.java <clinit> 78
2021-07-04 07:52:56,754 DEBUG                  - depth 0, hash 188ddd4, HEAD~41
2021-07-04 07:52:56,760 DEBUG                  - depth 1, hash 1eaea0b, HEAD~107
2021-07-04 07:52:56,764 DEBUG    [single line]   org/apache/commons/math/exception/util/LocalizedFormats.java <clinit> 79
2021-07-04 07:52:56,854 DEBUG                  - depth 0, hash 1eaea0b, HEAD~107
2021-07-04 07:52:56,859 DEBUG    [single line]   org/apache/commons/math/exception/util/LocalizedFormats.java <clinit> 80
2021-07-04 07:52:56,949 DEBUG                  - depth 0, hash 1eaea0b, HEAD~107
2021-07-04 07:52:56,955 DEBUG    [single line]   org/apache/commons/math/exception/util/LocalizedFormats.java <clinit> 81
2021-07-04 07:52:57,045 DEBUG                  - depth 0, hash 1eaea0b, HEAD~107
2021-07-04 07:52:57,050 DEBUG    [single line]   org/apache/commons/math/exception/util/LocalizedFormats.java <clinit> 82
2021-07-04 07:52:57,140 DEBUG                  - depth 0, hash a16f538, HEAD~1
2021-07-04 07:52:57,146 DEBUG                  - depth 1, hash 3693e02, HEAD~99
2021-07-04 07:52:57,150 DEBUG                  - depth 2, hash 1eaea0b, HEAD~107
2021-07-04 07:52:57,154 DEBUG    [single line]   org/apache/commons/math/exception/util/LocalizedFormats.java <clinit> 83
2021-07-04 07:52:57,247 DEBUG                  - depth 0, hash a16f538, HEAD~1
2021-07-04 07:52:57,253 DEBUG                  - depth 1, hash 3693e02, HEAD~99
2021-07-04 07:52:57,257 DEBUG                  - depth 2, hash 1eaea0b, HEAD~107
2021-07-04 07:52:57,261 DEBUG    [single line]   org/apache/commons/math/exception/util/LocalizedFormats.java <clinit> 84
2021-07-04 07:52:57,355 DEBUG                  - depth 0, hash a16f538, HEAD~1
2021-07-04 07:52:57,360 DEBUG                  - depth 1, hash 3693e02, HEAD~99
2021-07-04 07:52:57,365 DEBUG                  - depth 2, hash 1eaea0b, HEAD~107
2021-07-04 07:52:57,369 DEBUG    [single line]   org/apache/commons/math/exception/util/LocalizedFormats.java <clinit> 85
2021-07-04 07:52:57,459 DEBUG                  - depth 0, hash 1eaea0b, HEAD~107
2021-07-04 07:52:57,465 DEBUG    [single line]   org/apache/commons/math/exception/util/LocalizedFormats.java <clinit> 86
2021-07-04 07:52:57,555 DEBUG                  - depth 0, hash 1eaea0b, HEAD~107
2021-07-04 07:52:57,560 DEBUG    [single line]   org/apache/commons/math/exception/util/LocalizedFormats.java <clinit> 87
2021-07-04 07:52:57,651 DEBUG                  - depth 0, hash 1eaea0b, HEAD~107
2021-07-04 07:52:57,656 DEBUG    [single line]   org/apache/commons/math/exception/util/LocalizedFormats.java <clinit> 88
2021-07-04 07:52:57,750 DEBUG                  - depth 0, hash 40c5b89, HEAD~93
2021-07-04 07:52:57,755 DEBUG                  - depth 1, hash 1eaea0b, HEAD~107
2021-07-04 07:52:57,760 DEBUG    [single line]   org/apache/commons/math/exception/util/LocalizedFormats.java <clinit> 89
2021-07-04 07:52:57,853 DEBUG                  - depth 0, hash 1eaea0b, HEAD~107
2021-07-04 07:52:57,859 DEBUG    [single line]   org/apache/commons/math/exception/util/LocalizedFormats.java <clinit> 90
2021-07-04 07:52:57,949 DEBUG                  - depth 0, hash 1eaea0b, HEAD~107
2021-07-04 07:52:57,954 DEBUG    [single line]   org/apache/commons/math/exception/util/LocalizedFormats.java <clinit> 91
2021-07-04 07:52:58,044 DEBUG                  - depth 0, hash 1eaea0b, HEAD~107
2021-07-04 07:52:58,050 DEBUG    [single line]   org/apache/commons/math/exception/util/LocalizedFormats.java <clinit> 92
2021-07-04 07:52:58,140 DEBUG                  - depth 0, hash 1eaea0b, HEAD~107
2021-07-04 07:52:58,146 DEBUG    [single line]   org/apache/commons/math/exception/util/LocalizedFormats.java <clinit> 93
2021-07-04 07:52:58,236 DEBUG                  - depth 0, hash 1eaea0b, HEAD~107
2021-07-04 07:52:58,242 DEBUG    [single line]   org/apache/commons/math/exception/util/LocalizedFormats.java <clinit> 94
2021-07-04 07:52:58,332 DEBUG                  - depth 0, hash 1eaea0b, HEAD~107
2021-07-04 07:52:58,338 DEBUG    [single line]   org/apache/commons/math/exception/util/LocalizedFormats.java <clinit> 95
2021-07-04 07:52:58,428 DEBUG                  - depth 0, hash 1eaea0b, HEAD~107
2021-07-04 07:52:58,434 DEBUG    [single line]   org/apache/commons/math/exception/util/LocalizedFormats.java <clinit> 96
2021-07-04 07:52:58,523 DEBUG                  - depth 0, hash 1eaea0b, HEAD~107
2021-07-04 07:52:58,529 DEBUG    [single line]   org/apache/commons/math/exception/util/LocalizedFormats.java <clinit> 97
2021-07-04 07:52:58,619 DEBUG                  - depth 0, hash 1eaea0b, HEAD~107
2021-07-04 07:52:58,624 DEBUG    [single line]   org/apache/commons/math/exception/util/LocalizedFormats.java <clinit> 98
2021-07-04 07:52:58,715 DEBUG                  - depth 0, hash 1eaea0b, HEAD~107
2021-07-04 07:52:58,720 DEBUG    [single line]   org/apache/commons/math/exception/util/LocalizedFormats.java <clinit> 99
2021-07-04 07:52:58,811 DEBUG                  - depth 0, hash 1eaea0b, HEAD~107
2021-07-04 07:52:58,816 DEBUG    [single line]   org/apache/commons/math/exception/util/LocalizedFormats.java <clinit> 100
2021-07-04 07:52:58,906 DEBUG                  - depth 0, hash 1eaea0b, HEAD~107
2021-07-04 07:52:58,912 DEBUG    [single line]   org/apache/commons/math/exception/util/LocalizedFormats.java <clinit> 101
2021-07-04 07:52:59,005 DEBUG                  - depth 0, hash 1eaea0b, HEAD~107
2021-07-04 07:52:59,011 DEBUG    [single line]   org/apache/commons/math/exception/util/LocalizedFormats.java <clinit> 102
2021-07-04 07:52:59,101 DEBUG                  - depth 0, hash 1eaea0b, HEAD~107
2021-07-04 07:52:59,106 DEBUG    [single line]   org/apache/commons/math/exception/util/LocalizedFormats.java <clinit> 103
2021-07-04 07:52:59,197 DEBUG                  - depth 0, hash 1eaea0b, HEAD~107
2021-07-04 07:52:59,203 DEBUG    [single line]   org/apache/commons/math/exception/util/LocalizedFormats.java <clinit> 104
2021-07-04 07:52:59,294 DEBUG                  - depth 0, hash 1eaea0b, HEAD~107
2021-07-04 07:52:59,299 DEBUG    [single line]   org/apache/commons/math/exception/util/LocalizedFormats.java <clinit> 105
2021-07-04 07:52:59,390 DEBUG                  - depth 0, hash 1eaea0b, HEAD~107
2021-07-04 07:52:59,395 DEBUG    [single line]   org/apache/commons/math/exception/util/LocalizedFormats.java <clinit> 106
2021-07-04 07:52:59,485 DEBUG                  - depth 0, hash 1eaea0b, HEAD~107
2021-07-04 07:52:59,491 DEBUG    [single line]   org/apache/commons/math/exception/util/LocalizedFormats.java <clinit> 107
2021-07-04 07:52:59,581 DEBUG                  - depth 0, hash 1eaea0b, HEAD~107
2021-07-04 07:52:59,587 DEBUG    [single line]   org/apache/commons/math/exception/util/LocalizedFormats.java <clinit> 108
2021-07-04 07:52:59,676 DEBUG                  - depth 0, hash 1eaea0b, HEAD~107
2021-07-04 07:52:59,682 DEBUG    [single line]   org/apache/commons/math/exception/util/LocalizedFormats.java <clinit> 109
2021-07-04 07:52:59,775 DEBUG                  - depth 0, hash 1eaea0b, HEAD~107
2021-07-04 07:52:59,781 DEBUG    [single line]   org/apache/commons/math/exception/util/LocalizedFormats.java <clinit> 110
2021-07-04 07:52:59,871 DEBUG                  - depth 0, hash 1eaea0b, HEAD~107
2021-07-04 07:52:59,876 DEBUG    [single line]   org/apache/commons/math/exception/util/LocalizedFormats.java <clinit> 111
2021-07-04 07:52:59,967 DEBUG                  - depth 0, hash 1eaea0b, HEAD~107
2021-07-04 07:52:59,972 DEBUG    [single line]   org/apache/commons/math/exception/util/LocalizedFormats.java <clinit> 112
2021-07-04 07:53:00,064 DEBUG                  - depth 0, hash 1eaea0b, HEAD~107
2021-07-04 07:53:00,069 DEBUG    [single line]   org/apache/commons/math/exception/util/LocalizedFormats.java <clinit> 113
2021-07-04 07:53:00,159 DEBUG                  - depth 0, hash 1eaea0b, HEAD~107
2021-07-04 07:53:00,165 DEBUG    [single line]   org/apache/commons/math/exception/util/LocalizedFormats.java <clinit> 114
2021-07-04 07:53:00,255 DEBUG                  - depth 0, hash 1eaea0b, HEAD~107
2021-07-04 07:53:00,261 DEBUG    [single line]   org/apache/commons/math/exception/util/LocalizedFormats.java <clinit> 115
2021-07-04 07:53:00,353 DEBUG                  - depth 0, hash 1eaea0b, HEAD~107
2021-07-04 07:53:00,359 DEBUG    [single line]   org/apache/commons/math/exception/util/LocalizedFormats.java <clinit> 116
2021-07-04 07:53:00,449 DEBUG                  - depth 0, hash 1eaea0b, HEAD~107
2021-07-04 07:53:00,455 DEBUG    [single line]   org/apache/commons/math/exception/util/LocalizedFormats.java <clinit> 117
2021-07-04 07:53:00,545 DEBUG                  - depth 0, hash 1eaea0b, HEAD~107
2021-07-04 07:53:00,550 DEBUG    [single line]   org/apache/commons/math/exception/util/LocalizedFormats.java <clinit> 118
2021-07-04 07:53:00,641 DEBUG                  - depth 0, hash 1eaea0b, HEAD~107
2021-07-04 07:53:00,647 DEBUG    [single line]   org/apache/commons/math/exception/util/LocalizedFormats.java <clinit> 119
2021-07-04 07:53:00,737 DEBUG                  - depth 0, hash 1eaea0b, HEAD~107
2021-07-04 07:53:00,743 DEBUG    [single line]   org/apache/commons/math/exception/util/LocalizedFormats.java <clinit> 120
2021-07-04 07:53:00,833 DEBUG                  - depth 0, hash 1eaea0b, HEAD~107
2021-07-04 07:53:00,839 DEBUG    [single line]   org/apache/commons/math/exception/util/LocalizedFormats.java <clinit> 121
2021-07-04 07:53:00,929 DEBUG                  - depth 0, hash 1eaea0b, HEAD~107
2021-07-04 07:53:00,935 DEBUG    [single line]   org/apache/commons/math/exception/util/LocalizedFormats.java <clinit> 122
2021-07-04 07:53:01,025 DEBUG                  - depth 0, hash 1eaea0b, HEAD~107
2021-07-04 07:53:01,030 DEBUG    [single line]   org/apache/commons/math/exception/util/LocalizedFormats.java <clinit> 123
2021-07-04 07:53:01,121 DEBUG                  - depth 0, hash 1eaea0b, HEAD~107
2021-07-04 07:53:01,126 DEBUG    [single line]   org/apache/commons/math/exception/util/LocalizedFormats.java <clinit> 124
2021-07-04 07:53:01,217 DEBUG                  - depth 0, hash 1eaea0b, HEAD~107
2021-07-04 07:53:01,222 DEBUG    [single line]   org/apache/commons/math/exception/util/LocalizedFormats.java <clinit> 125
2021-07-04 07:53:01,313 DEBUG                  - depth 0, hash 1eaea0b, HEAD~107
2021-07-04 07:53:01,318 DEBUG    [single line]   org/apache/commons/math/exception/util/LocalizedFormats.java <clinit> 126
2021-07-04 07:53:01,408 DEBUG                  - depth 0, hash 1eaea0b, HEAD~107
2021-07-04 07:53:01,414 DEBUG    [single line]   org/apache/commons/math/exception/util/LocalizedFormats.java <clinit> 127
2021-07-04 07:53:01,504 DEBUG                  - depth 0, hash 1eaea0b, HEAD~107
2021-07-04 07:53:01,510 DEBUG    [single line]   org/apache/commons/math/exception/util/LocalizedFormats.java <clinit> 128
2021-07-04 07:53:01,601 DEBUG                  - depth 0, hash 1eaea0b, HEAD~107
2021-07-04 07:53:01,606 DEBUG    [single line]   org/apache/commons/math/exception/util/LocalizedFormats.java <clinit> 129
2021-07-04 07:53:01,698 DEBUG                  - depth 0, hash 1eaea0b, HEAD~107
2021-07-04 07:53:01,703 DEBUG    [single line]   org/apache/commons/math/exception/util/LocalizedFormats.java <clinit> 130
2021-07-04 07:53:01,793 DEBUG                  - depth 0, hash b28b68f, HEAD~22
2021-07-04 07:53:01,798 DEBUG    [single line]   org/apache/commons/math/exception/util/LocalizedFormats.java <clinit> 131
2021-07-04 07:53:01,889 DEBUG                  - depth 0, hash 1eaea0b, HEAD~107
2021-07-04 07:53:01,894 DEBUG    [single line]   org/apache/commons/math/exception/util/LocalizedFormats.java <clinit> 132
2021-07-04 07:53:01,988 DEBUG                  - depth 0, hash 1eaea0b, HEAD~107
2021-07-04 07:53:01,994 DEBUG    [single line]   org/apache/commons/math/exception/util/LocalizedFormats.java <clinit> 133
2021-07-04 07:53:02,083 DEBUG                  - depth 0, hash 1eaea0b, HEAD~107
2021-07-04 07:53:02,089 DEBUG    [single line]   org/apache/commons/math/exception/util/LocalizedFormats.java <clinit> 134
2021-07-04 07:53:02,179 DEBUG                  - depth 0, hash 1eaea0b, HEAD~107
2021-07-04 07:53:02,184 DEBUG    [single line]   org/apache/commons/math/exception/util/LocalizedFormats.java <clinit> 135
2021-07-04 07:53:02,278 DEBUG                  - depth 0, hash d64c176, HEAD~68
2021-07-04 07:53:02,283 DEBUG    [single line]   org/apache/commons/math/exception/util/LocalizedFormats.java <clinit> 136
2021-07-04 07:53:02,376 DEBUG                  - depth 0, hash 1eaea0b, HEAD~107
2021-07-04 07:53:02,381 DEBUG    [single line]   org/apache/commons/math/exception/util/LocalizedFormats.java <clinit> 137
2021-07-04 07:53:02,474 DEBUG                  - depth 0, hash 40c5b89, HEAD~93
2021-07-04 07:53:02,480 DEBUG                  - depth 1, hash 1eaea0b, HEAD~107
2021-07-04 07:53:02,484 DEBUG    [single line]   org/apache/commons/math/exception/util/LocalizedFormats.java <clinit> 138
2021-07-04 07:53:02,578 DEBUG                  - depth 0, hash 1eaea0b, HEAD~107
2021-07-04 07:53:02,584 DEBUG    [single line]   org/apache/commons/math/exception/util/LocalizedFormats.java <clinit> 139
2021-07-04 07:53:02,675 DEBUG                  - depth 0, hash 1eaea0b, HEAD~107
2021-07-04 07:53:02,680 DEBUG    [single line]   org/apache/commons/math/exception/util/LocalizedFormats.java <clinit> 140
2021-07-04 07:53:02,769 DEBUG                  - depth 0, hash 188ddd4, HEAD~41
2021-07-04 07:53:02,774 DEBUG    [single line]   org/apache/commons/math/exception/util/LocalizedFormats.java <clinit> 141
2021-07-04 07:53:02,863 DEBUG                  - depth 0, hash 188ddd4, HEAD~41
2021-07-04 07:53:02,869 DEBUG    [single line]   org/apache/commons/math/exception/util/LocalizedFormats.java <clinit> 142
2021-07-04 07:53:02,959 DEBUG                  - depth 0, hash 1eaea0b, HEAD~107
2021-07-04 07:53:02,965 DEBUG    [single line]   org/apache/commons/math/exception/util/LocalizedFormats.java <clinit> 143
2021-07-04 07:53:03,055 DEBUG                  - depth 0, hash 1eaea0b, HEAD~107
2021-07-04 07:53:03,060 DEBUG    [single line]   org/apache/commons/math/exception/util/LocalizedFormats.java <clinit> 144
2021-07-04 07:53:03,151 DEBUG                  - depth 0, hash 1eaea0b, HEAD~107
2021-07-04 07:53:03,156 DEBUG    [single line]   org/apache/commons/math/exception/util/LocalizedFormats.java <clinit> 145
2021-07-04 07:53:03,247 DEBUG                  - depth 0, hash 1eaea0b, HEAD~107
2021-07-04 07:53:03,252 DEBUG    [single line]   org/apache/commons/math/exception/util/LocalizedFormats.java <clinit> 146
2021-07-04 07:53:03,342 DEBUG                  - depth 0, hash d81a1df, HEAD~104
2021-07-04 07:53:03,348 DEBUG    [single line]   org/apache/commons/math/exception/util/LocalizedFormats.java <clinit> 147
2021-07-04 07:53:03,438 DEBUG                  - depth 0, hash 1eaea0b, HEAD~107
2021-07-04 07:53:03,443 DEBUG    [single line]   org/apache/commons/math/exception/util/LocalizedFormats.java <clinit> 148
2021-07-04 07:53:03,534 DEBUG                  - depth 0, hash 1eaea0b, HEAD~107
2021-07-04 07:53:03,539 DEBUG    [single line]   org/apache/commons/math/exception/util/LocalizedFormats.java <clinit> 149
2021-07-04 07:53:03,630 DEBUG                  - depth 0, hash 1eaea0b, HEAD~107
2021-07-04 07:53:03,635 DEBUG    [single line]   org/apache/commons/math/exception/util/LocalizedFormats.java <clinit> 150
2021-07-04 07:53:03,729 DEBUG                  - depth 0, hash 1eaea0b, HEAD~107
2021-07-04 07:53:03,734 DEBUG    [single line]   org/apache/commons/math/exception/util/LocalizedFormats.java <clinit> 151
2021-07-04 07:53:03,825 DEBUG                  - depth 0, hash 1eaea0b, HEAD~107
2021-07-04 07:53:03,830 DEBUG    [single line]   org/apache/commons/math/exception/util/LocalizedFormats.java <clinit> 152
2021-07-04 07:53:03,920 DEBUG                  - depth 0, hash 1eaea0b, HEAD~107
2021-07-04 07:53:03,926 DEBUG    [single line]   org/apache/commons/math/exception/util/LocalizedFormats.java <clinit> 153
2021-07-04 07:53:04,017 DEBUG                  - depth 0, hash 1eaea0b, HEAD~107
2021-07-04 07:53:04,022 DEBUG    [single line]   org/apache/commons/math/exception/util/LocalizedFormats.java <clinit> 154
2021-07-04 07:53:04,113 DEBUG                  - depth 0, hash 1eaea0b, HEAD~107
2021-07-04 07:53:04,118 DEBUG    [single line]   org/apache/commons/math/exception/util/LocalizedFormats.java <clinit> 155
2021-07-04 07:53:04,209 DEBUG                  - depth 0, hash baf90f0, HEAD~57
2021-07-04 07:53:04,214 DEBUG                  - depth 1, hash 1eaea0b, HEAD~107
2021-07-04 07:53:04,219 DEBUG    [single line]   org/apache/commons/math/exception/util/LocalizedFormats.java <clinit> 156
2021-07-04 07:53:04,308 DEBUG                  - depth 0, hash 1eaea0b, HEAD~107
2021-07-04 07:53:04,314 DEBUG    [single line]   org/apache/commons/math/exception/util/LocalizedFormats.java <clinit> 157
2021-07-04 07:53:04,405 DEBUG                  - depth 0, hash 1eaea0b, HEAD~107
2021-07-04 07:53:04,410 DEBUG    [single line]   org/apache/commons/math/exception/util/LocalizedFormats.java <clinit> 158
2021-07-04 07:53:04,501 DEBUG                  - depth 0, hash 1eaea0b, HEAD~107
2021-07-04 07:53:04,506 DEBUG    [single line]   org/apache/commons/math/exception/util/LocalizedFormats.java <clinit> 159
2021-07-04 07:53:04,596 DEBUG                  - depth 0, hash 1eaea0b, HEAD~107
2021-07-04 07:53:04,602 DEBUG    [single line]   org/apache/commons/math/exception/util/LocalizedFormats.java <clinit> 160
2021-07-04 07:53:04,696 DEBUG                  - depth 0, hash 1eaea0b, HEAD~107
2021-07-04 07:53:04,701 DEBUG    [single line]   org/apache/commons/math/exception/util/LocalizedFormats.java <clinit> 161
2021-07-04 07:53:04,795 DEBUG                  - depth 0, hash 1eaea0b, HEAD~107
2021-07-04 07:53:04,801 DEBUG    [single line]   org/apache/commons/math/exception/util/LocalizedFormats.java <clinit> 162
2021-07-04 07:53:04,895 DEBUG                  - depth 0, hash 1eaea0b, HEAD~107
2021-07-04 07:53:04,900 DEBUG    [single line]   org/apache/commons/math/exception/util/LocalizedFormats.java <clinit> 163
2021-07-04 07:53:04,991 DEBUG                  - depth 0, hash 1eaea0b, HEAD~107
2021-07-04 07:53:04,996 DEBUG    [single line]   org/apache/commons/math/exception/util/LocalizedFormats.java <clinit> 164
2021-07-04 07:53:05,090 DEBUG                  - depth 0, hash 1eaea0b, HEAD~107
2021-07-04 07:53:05,095 DEBUG    [single line]   org/apache/commons/math/exception/util/LocalizedFormats.java <clinit> 165
2021-07-04 07:53:05,185 DEBUG                  - depth 0, hash 1eaea0b, HEAD~107
2021-07-04 07:53:05,190 DEBUG    [single line]   org/apache/commons/math/exception/util/LocalizedFormats.java <clinit> 166
2021-07-04 07:53:05,281 DEBUG                  - depth 0, hash 1eaea0b, HEAD~107
2021-07-04 07:53:05,287 DEBUG    [single line]   org/apache/commons/math/exception/util/LocalizedFormats.java <clinit> 167
2021-07-04 07:53:05,377 DEBUG                  - depth 0, hash 8c13108, HEAD~96
2021-07-04 07:53:05,383 DEBUG    [single line]   org/apache/commons/math/exception/util/LocalizedFormats.java <clinit> 168
2021-07-04 07:53:05,473 DEBUG                  - depth 0, hash 1eaea0b, HEAD~107
2021-07-04 07:53:05,479 DEBUG    [single line]   org/apache/commons/math/exception/util/LocalizedFormats.java <clinit> 169
2021-07-04 07:53:05,569 DEBUG                  - depth 0, hash 1eaea0b, HEAD~107
2021-07-04 07:53:05,575 DEBUG    [single line]   org/apache/commons/math/exception/util/LocalizedFormats.java <clinit> 170
2021-07-04 07:53:05,665 DEBUG                  - depth 0, hash 1eaea0b, HEAD~107
2021-07-04 07:53:05,671 DEBUG    [single line]   org/apache/commons/math/exception/util/LocalizedFormats.java <clinit> 171
2021-07-04 07:53:05,762 DEBUG                  - depth 0, hash 8c13108, HEAD~96
2021-07-04 07:53:05,767 DEBUG    [single line]   org/apache/commons/math/exception/util/LocalizedFormats.java <clinit> 172
2021-07-04 07:53:05,858 DEBUG                  - depth 0, hash 1eaea0b, HEAD~107
2021-07-04 07:53:05,863 DEBUG    [single line]   org/apache/commons/math/exception/util/LocalizedFormats.java <clinit> 173
2021-07-04 07:53:05,955 DEBUG                  - depth 0, hash 1eaea0b, HEAD~107
2021-07-04 07:53:05,960 DEBUG    [single line]   org/apache/commons/math/exception/util/LocalizedFormats.java <clinit> 174
2021-07-04 07:53:06,051 DEBUG                  - depth 0, hash 1eaea0b, HEAD~107
2021-07-04 07:53:06,056 DEBUG    [single line]   org/apache/commons/math/exception/util/LocalizedFormats.java <clinit> 175
2021-07-04 07:53:06,147 DEBUG                  - depth 0, hash 1eaea0b, HEAD~107
2021-07-04 07:53:06,152 DEBUG    [single line]   org/apache/commons/math/exception/util/LocalizedFormats.java <clinit> 176
2021-07-04 07:53:06,246 DEBUG                  - depth 0, hash 1eaea0b, HEAD~107
2021-07-04 07:53:06,251 DEBUG    [single line]   org/apache/commons/math/exception/util/LocalizedFormats.java <clinit> 177
2021-07-04 07:53:06,343 DEBUG                  - depth 0, hash 1eaea0b, HEAD~107
2021-07-04 07:53:06,348 DEBUG    [single line]   org/apache/commons/math/exception/util/LocalizedFormats.java <clinit> 178
2021-07-04 07:53:06,439 DEBUG                  - depth 0, hash 1eaea0b, HEAD~107
2021-07-04 07:53:06,444 DEBUG    [single line]   org/apache/commons/math/exception/util/LocalizedFormats.java <clinit> 179
2021-07-04 07:53:06,535 DEBUG                  - depth 0, hash 1eaea0b, HEAD~107
2021-07-04 07:53:06,541 DEBUG    [single line]   org/apache/commons/math/exception/util/LocalizedFormats.java <clinit> 180
2021-07-04 07:53:06,634 DEBUG                  - depth 0, hash 1eaea0b, HEAD~107
2021-07-04 07:53:06,640 DEBUG    [single line]   org/apache/commons/math/exception/util/LocalizedFormats.java <clinit> 181
2021-07-04 07:53:06,732 DEBUG                  - depth 0, hash 40c5b89, HEAD~93
2021-07-04 07:53:06,738 DEBUG    [single line]   org/apache/commons/math/exception/util/LocalizedFormats.java <clinit> 182
2021-07-04 07:53:06,829 DEBUG                  - depth 0, hash 1eaea0b, HEAD~107
2021-07-04 07:53:06,835 DEBUG    [single line]   org/apache/commons/math/exception/util/LocalizedFormats.java <clinit> 183
2021-07-04 07:53:06,925 DEBUG                  - depth 0, hash 40c5b89, HEAD~93
2021-07-04 07:53:06,930 DEBUG    [single line]   org/apache/commons/math/exception/util/LocalizedFormats.java <clinit> 184
2021-07-04 07:53:07,021 DEBUG                  - depth 0, hash 1eaea0b, HEAD~107
2021-07-04 07:53:07,027 DEBUG    [single line]   org/apache/commons/math/exception/util/LocalizedFormats.java <clinit> 185
2021-07-04 07:53:07,117 DEBUG                  - depth 0, hash 40c5b89, HEAD~93
2021-07-04 07:53:07,122 DEBUG    [single line]   org/apache/commons/math/exception/util/LocalizedFormats.java <clinit> 186
2021-07-04 07:53:07,212 DEBUG                  - depth 0, hash 1eaea0b, HEAD~107
2021-07-04 07:53:07,218 DEBUG    [single line]   org/apache/commons/math/exception/util/LocalizedFormats.java <clinit> 187
2021-07-04 07:53:07,311 DEBUG                  - depth 0, hash 40c5b89, HEAD~93
2021-07-04 07:53:07,317 DEBUG    [single line]   org/apache/commons/math/exception/util/LocalizedFormats.java <clinit> 188
2021-07-04 07:53:07,407 DEBUG                  - depth 0, hash 1eaea0b, HEAD~107
2021-07-04 07:53:07,412 DEBUG    [single line]   org/apache/commons/math/exception/util/LocalizedFormats.java <clinit> 189
2021-07-04 07:53:07,502 DEBUG                  - depth 0, hash 1eaea0b, HEAD~107
2021-07-04 07:53:07,508 DEBUG    [single line]   org/apache/commons/math/exception/util/LocalizedFormats.java <clinit> 190
2021-07-04 07:53:07,598 DEBUG                  - depth 0, hash 1eaea0b, HEAD~107
2021-07-04 07:53:07,603 DEBUG    [single line]   org/apache/commons/math/exception/util/LocalizedFormats.java <clinit> 191
2021-07-04 07:53:07,693 DEBUG                  - depth 0, hash 1eaea0b, HEAD~107
2021-07-04 07:53:07,699 DEBUG    [single line]   org/apache/commons/math/exception/util/LocalizedFormats.java <clinit> 192
2021-07-04 07:53:07,789 DEBUG                  - depth 0, hash 1eaea0b, HEAD~107
2021-07-04 07:53:07,795 DEBUG    [single line]   org/apache/commons/math/exception/util/LocalizedFormats.java <clinit> 193
2021-07-04 07:53:07,885 DEBUG                  - depth 0, hash 1eaea0b, HEAD~107
2021-07-04 07:53:07,890 DEBUG    [single line]   org/apache/commons/math/exception/util/LocalizedFormats.java <clinit> 194
2021-07-04 07:53:07,981 DEBUG                  - depth 0, hash 1eaea0b, HEAD~107
2021-07-04 07:53:07,986 DEBUG    [single line]   org/apache/commons/math/exception/util/LocalizedFormats.java <clinit> 195
2021-07-04 07:53:08,076 DEBUG                  - depth 0, hash 40c5b89, HEAD~93
2021-07-04 07:53:08,082 DEBUG    [single line]   org/apache/commons/math/exception/util/LocalizedFormats.java <clinit> 196
2021-07-04 07:53:08,172 DEBUG                  - depth 0, hash 1eaea0b, HEAD~107
2021-07-04 07:53:08,178 DEBUG    [single line]   org/apache/commons/math/exception/util/LocalizedFormats.java <clinit> 197
2021-07-04 07:53:08,268 DEBUG                  - depth 0, hash 1eaea0b, HEAD~107
2021-07-04 07:53:08,273 DEBUG    [single line]   org/apache/commons/math/exception/util/LocalizedFormats.java <clinit> 198
2021-07-04 07:53:08,364 DEBUG                  - depth 0, hash 1eaea0b, HEAD~107
2021-07-04 07:53:08,370 DEBUG    [single line]   org/apache/commons/math/exception/util/LocalizedFormats.java <clinit> 199
2021-07-04 07:53:08,460 DEBUG                  - depth 0, hash 1eaea0b, HEAD~107
2021-07-04 07:53:08,466 DEBUG    [single line]   org/apache/commons/math/exception/util/LocalizedFormats.java <clinit> 200
2021-07-04 07:53:08,557 DEBUG                  - depth 0, hash 1eaea0b, HEAD~107
2021-07-04 07:53:08,562 DEBUG    [single line]   org/apache/commons/math/exception/util/LocalizedFormats.java <clinit> 201
2021-07-04 07:53:08,656 DEBUG                  - depth 0, hash 1eaea0b, HEAD~107
2021-07-04 07:53:08,661 DEBUG    [single line]   org/apache/commons/math/exception/util/LocalizedFormats.java <clinit> 202
2021-07-04 07:53:08,751 DEBUG                  - depth 0, hash 8c13108, HEAD~96
2021-07-04 07:53:08,757 DEBUG    [single line]   org/apache/commons/math/exception/util/LocalizedFormats.java <clinit> 203
2021-07-04 07:53:08,847 DEBUG                  - depth 0, hash 1eaea0b, HEAD~107
2021-07-04 07:53:08,853 DEBUG    [single line]   org/apache/commons/math/exception/util/LocalizedFormats.java <clinit> 204
2021-07-04 07:53:08,944 DEBUG                  - depth 0, hash 1eaea0b, HEAD~107
2021-07-04 07:53:08,949 DEBUG    [single line]   org/apache/commons/math/exception/util/LocalizedFormats.java <clinit> 205
2021-07-04 07:53:09,042 DEBUG                  - depth 0, hash 8c13108, HEAD~96
2021-07-04 07:53:09,047 DEBUG    [single line]   org/apache/commons/math/exception/util/LocalizedFormats.java <clinit> 206
2021-07-04 07:53:09,138 DEBUG                  - depth 0, hash 1eaea0b, HEAD~107
2021-07-04 07:53:09,143 DEBUG    [single line]   org/apache/commons/math/exception/util/LocalizedFormats.java <clinit> 207
2021-07-04 07:53:09,233 DEBUG                  - depth 0, hash 1eaea0b, HEAD~107
2021-07-04 07:53:09,239 DEBUG    [single line]   org/apache/commons/math/exception/util/LocalizedFormats.java <clinit> 208
2021-07-04 07:53:09,330 DEBUG                  - depth 0, hash 1eaea0b, HEAD~107
2021-07-04 07:53:09,335 DEBUG    [single line]   org/apache/commons/math/exception/util/LocalizedFormats.java <clinit> 209
2021-07-04 07:53:09,426 DEBUG                  - depth 0, hash 188ddd4, HEAD~41
2021-07-04 07:53:09,432 DEBUG                  - depth 1, hash 1eaea0b, HEAD~107
2021-07-04 07:53:09,436 DEBUG    [single line]   org/apache/commons/math/exception/util/LocalizedFormats.java <clinit> 210
2021-07-04 07:53:09,526 DEBUG                  - depth 0, hash 8c13108, HEAD~96
2021-07-04 07:53:09,532 DEBUG                  - depth 1, hash 1eaea0b, HEAD~107
2021-07-04 07:53:09,536 DEBUG    [single line]   org/apache/commons/math/exception/util/LocalizedFormats.java <clinit> 211
2021-07-04 07:53:09,627 DEBUG                  - depth 0, hash 1eaea0b, HEAD~107
2021-07-04 07:53:09,632 DEBUG    [single line]   org/apache/commons/math/exception/util/LocalizedFormats.java <clinit> 212
2021-07-04 07:53:09,723 DEBUG                  - depth 0, hash 1eaea0b, HEAD~107
2021-07-04 07:53:09,728 DEBUG    [single line]   org/apache/commons/math/exception/util/LocalizedFormats.java <clinit> 213
2021-07-04 07:53:09,819 DEBUG                  - depth 0, hash 1eaea0b, HEAD~107
2021-07-04 07:53:09,825 DEBUG    [single line]   org/apache/commons/math/exception/util/LocalizedFormats.java <clinit> 214
2021-07-04 07:53:09,917 DEBUG                  - depth 0, hash 188ddd4, HEAD~41
2021-07-04 07:53:09,922 DEBUG                  - depth 1, hash 1eaea0b, HEAD~107
2021-07-04 07:53:09,927 DEBUG    [single line]   org/apache/commons/math/exception/util/LocalizedFormats.java <clinit> 215
2021-07-04 07:53:10,016 DEBUG                  - depth 0, hash 1eaea0b, HEAD~107
2021-07-04 07:53:10,022 DEBUG    [single line]   org/apache/commons/math/exception/util/LocalizedFormats.java <clinit> 216
2021-07-04 07:53:10,112 DEBUG                  - depth 0, hash 1eaea0b, HEAD~107
2021-07-04 07:53:10,118 DEBUG    [single line]   org/apache/commons/math/exception/util/LocalizedFormats.java <clinit> 217
2021-07-04 07:53:10,209 DEBUG                  - depth 0, hash baf90f0, HEAD~57
2021-07-04 07:53:10,214 DEBUG                  - depth 1, hash d81a1df, HEAD~104
2021-07-04 07:53:10,218 DEBUG                  - depth 2, hash 1eaea0b, HEAD~107
2021-07-04 07:53:10,223 DEBUG    [single line]   org/apache/commons/math/exception/util/LocalizedFormats.java <clinit> 218
2021-07-04 07:53:10,313 DEBUG                  - depth 0, hash baf90f0, HEAD~57
2021-07-04 07:53:10,318 DEBUG                  - depth 1, hash d81a1df, HEAD~104
2021-07-04 07:53:10,323 DEBUG                  - depth 2, hash 1eaea0b, HEAD~107
2021-07-04 07:53:10,327 DEBUG    [single line]   org/apache/commons/math/exception/util/LocalizedFormats.java <clinit> 219
2021-07-04 07:53:10,418 DEBUG                  - depth 0, hash baf90f0, HEAD~57
2021-07-04 07:53:10,423 DEBUG                  - depth 1, hash d81a1df, HEAD~104
2021-07-04 07:53:10,428 DEBUG                  - depth 2, hash 1eaea0b, HEAD~107
2021-07-04 07:53:10,432 DEBUG    [single line]   org/apache/commons/math/exception/util/LocalizedFormats.java <clinit> 220
2021-07-04 07:53:10,526 DEBUG                  - depth 0, hash baf90f0, HEAD~57
2021-07-04 07:53:10,531 DEBUG                  - depth 1, hash d81a1df, HEAD~104
2021-07-04 07:53:10,535 DEBUG                  - depth 2, hash 1eaea0b, HEAD~107
2021-07-04 07:53:10,540 DEBUG    [single line]   org/apache/commons/math/exception/util/LocalizedFormats.java <clinit> 221
2021-07-04 07:53:10,634 DEBUG                  - depth 0, hash baf90f0, HEAD~57
2021-07-04 07:53:10,639 DEBUG                  - depth 1, hash d81a1df, HEAD~104
2021-07-04 07:53:10,643 DEBUG                  - depth 2, hash 1eaea0b, HEAD~107
2021-07-04 07:53:10,648 DEBUG    [single line]   org/apache/commons/math/exception/util/LocalizedFormats.java <clinit> 222
2021-07-04 07:53:10,738 DEBUG                  - depth 0, hash baf90f0, HEAD~57
2021-07-04 07:53:10,744 DEBUG                  - depth 1, hash d81a1df, HEAD~104
2021-07-04 07:53:10,748 DEBUG                  - depth 2, hash 1eaea0b, HEAD~107
2021-07-04 07:53:10,752 DEBUG    [single line]   org/apache/commons/math/exception/util/LocalizedFormats.java <clinit> 223
2021-07-04 07:53:10,843 DEBUG                  - depth 0, hash baf90f0, HEAD~57
2021-07-04 07:53:10,849 DEBUG                  - depth 1, hash d81a1df, HEAD~104
2021-07-04 07:53:10,853 DEBUG                  - depth 2, hash 1eaea0b, HEAD~107
2021-07-04 07:53:10,858 DEBUG    [single line]   org/apache/commons/math/exception/util/LocalizedFormats.java <clinit> 224
2021-07-04 07:53:10,948 DEBUG                  - depth 0, hash baf90f0, HEAD~57
2021-07-04 07:53:10,954 DEBUG                  - depth 1, hash d81a1df, HEAD~104
2021-07-04 07:53:10,958 DEBUG                  - depth 2, hash 1eaea0b, HEAD~107
2021-07-04 07:53:10,962 DEBUG    [single line]   org/apache/commons/math/exception/util/LocalizedFormats.java <clinit> 225
2021-07-04 07:53:11,057 DEBUG                  - depth 0, hash baf90f0, HEAD~57
2021-07-04 07:53:11,062 DEBUG                  - depth 1, hash d81a1df, HEAD~104
2021-07-04 07:53:11,067 DEBUG                  - depth 2, hash 1eaea0b, HEAD~107
2021-07-04 07:53:11,071 DEBUG    [single line]   org/apache/commons/math/exception/util/LocalizedFormats.java <clinit> 226
2021-07-04 07:53:11,164 DEBUG                  - depth 0, hash baf90f0, HEAD~57
2021-07-04 07:53:11,170 DEBUG                  - depth 1, hash d81a1df, HEAD~104
2021-07-04 07:53:11,174 DEBUG                  - depth 2, hash 1eaea0b, HEAD~107
2021-07-04 07:53:11,178 DEBUG    [single line]   org/apache/commons/math/exception/util/LocalizedFormats.java <clinit> 227
2021-07-04 07:53:11,269 DEBUG                  - depth 0, hash baf90f0, HEAD~57
2021-07-04 07:53:11,275 DEBUG                  - depth 1, hash d81a1df, HEAD~104
2021-07-04 07:53:11,279 DEBUG                  - depth 2, hash 1eaea0b, HEAD~107
2021-07-04 07:53:11,284 DEBUG    [single line]   org/apache/commons/math/exception/util/LocalizedFormats.java <clinit> 228
2021-07-04 07:53:11,374 DEBUG                  - depth 0, hash baf90f0, HEAD~57
2021-07-04 07:53:11,380 DEBUG                  - depth 1, hash d81a1df, HEAD~104
2021-07-04 07:53:11,384 DEBUG                  - depth 2, hash 1eaea0b, HEAD~107
2021-07-04 07:53:11,389 DEBUG    [single line]   org/apache/commons/math/exception/util/LocalizedFormats.java <clinit> 229
2021-07-04 07:53:11,479 DEBUG                  - depth 0, hash baf90f0, HEAD~57
2021-07-04 07:53:11,484 DEBUG                  - depth 1, hash d81a1df, HEAD~104
2021-07-04 07:53:11,489 DEBUG                  - depth 2, hash 1eaea0b, HEAD~107
2021-07-04 07:53:11,493 DEBUG    [single line]   org/apache/commons/math/exception/util/LocalizedFormats.java <clinit> 230
2021-07-04 07:53:11,583 DEBUG                  - depth 0, hash 405e396, HEAD~95
2021-07-04 07:53:11,589 DEBUG    [single line]   org/apache/commons/math/exception/util/LocalizedFormats.java <clinit> 231
2021-07-04 07:53:11,679 DEBUG                  - depth 0, hash 405e396, HEAD~95
2021-07-04 07:53:11,684 DEBUG    [single line]   org/apache/commons/math/exception/util/LocalizedFormats.java <clinit> 232
2021-07-04 07:53:11,775 DEBUG                  - depth 0, hash 405e396, HEAD~95
2021-07-04 07:53:11,780 DEBUG    [single line]   org/apache/commons/math/exception/util/LocalizedFormats.java <clinit> 233
2021-07-04 07:53:11,873 DEBUG                  - depth 0, hash 405e396, HEAD~95
2021-07-04 07:53:11,879 DEBUG    [single line]   org/apache/commons/math/exception/util/LocalizedFormats.java <clinit> 234
2021-07-04 07:53:11,968 DEBUG                  - depth 0, hash 1eaea0b, HEAD~107
2021-07-04 07:53:11,974 DEBUG    [single line]   org/apache/commons/math/exception/util/LocalizedFormats.java <clinit> 235
2021-07-04 07:53:12,065 DEBUG                  - depth 0, hash 1eaea0b, HEAD~107
2021-07-04 07:53:12,070 DEBUG    [single line]   org/apache/commons/math/exception/util/LocalizedFormats.java <clinit> 236
2021-07-04 07:53:12,161 DEBUG                  - depth 0, hash 1eaea0b, HEAD~107
2021-07-04 07:53:12,166 DEBUG    [single line]   org/apache/commons/math/exception/util/LocalizedFormats.java <clinit> 237
2021-07-04 07:53:12,257 DEBUG                  - depth 0, hash 1eaea0b, HEAD~107
2021-07-04 07:53:12,262 DEBUG    [single line]   org/apache/commons/math/exception/util/LocalizedFormats.java <clinit> 238
2021-07-04 07:53:12,354 DEBUG                  - depth 0, hash 1eaea0b, HEAD~107
2021-07-04 07:53:12,359 DEBUG    [single line]   org/apache/commons/math/exception/util/LocalizedFormats.java <clinit> 239
2021-07-04 07:53:12,450 DEBUG                  - depth 0, hash 1eaea0b, HEAD~107
2021-07-04 07:53:12,455 DEBUG    [single line]   org/apache/commons/math/exception/util/LocalizedFormats.java <clinit> 240
2021-07-04 07:53:12,546 DEBUG                  - depth 0, hash 1eaea0b, HEAD~107
2021-07-04 07:53:12,551 DEBUG    [single line]   org/apache/commons/math/exception/util/LocalizedFormats.java <clinit> 241
2021-07-04 07:53:12,642 DEBUG                  - depth 0, hash 1eaea0b, HEAD~107
2021-07-04 07:53:12,648 DEBUG    [single line]   org/apache/commons/math/exception/util/LocalizedFormats.java <clinit> 242
2021-07-04 07:53:12,738 DEBUG                  - depth 0, hash 1eaea0b, HEAD~107
2021-07-04 07:53:12,743 DEBUG    [single line]   org/apache/commons/math/exception/util/LocalizedFormats.java <clinit> 243
2021-07-04 07:53:12,834 DEBUG                  - depth 0, hash 3693e02, HEAD~99
2021-07-04 07:53:12,840 DEBUG                  - depth 1, hash 1eaea0b, HEAD~107
2021-07-04 07:53:12,844 DEBUG    [single line]   org/apache/commons/math/exception/util/LocalizedFormats.java <clinit> 244
2021-07-04 07:53:12,935 DEBUG                  - depth 0, hash 1eaea0b, HEAD~107
2021-07-04 07:53:12,940 DEBUG    [single line]   org/apache/commons/math/exception/util/LocalizedFormats.java <clinit> 245
2021-07-04 07:53:13,031 DEBUG                  - depth 0, hash d64c176, HEAD~68
2021-07-04 07:53:13,037 DEBUG    [single line]   org/apache/commons/math/exception/util/LocalizedFormats.java <clinit> 246
2021-07-04 07:53:13,131 DEBUG                  - depth 0, hash d64c176, HEAD~68
2021-07-04 07:53:13,136 DEBUG    [single line]   org/apache/commons/math/exception/util/LocalizedFormats.java <clinit> 247
2021-07-04 07:53:13,226 DEBUG                  - depth 0, hash 1eaea0b, HEAD~107
2021-07-04 07:53:13,231 DEBUG    [single line]   org/apache/commons/math/exception/util/LocalizedFormats.java <clinit> 248
2021-07-04 07:53:13,322 DEBUG                  - depth 0, hash 1eaea0b, HEAD~107
2021-07-04 07:53:13,327 DEBUG    [single line]   org/apache/commons/math/exception/util/LocalizedFormats.java <clinit> 249
2021-07-04 07:53:13,418 DEBUG                  - depth 0, hash 40c5b89, HEAD~93
2021-07-04 07:53:13,423 DEBUG                  - depth 1, hash 1eaea0b, HEAD~107
2021-07-04 07:53:13,428 DEBUG    [single line]   org/apache/commons/math/exception/util/LocalizedFormats.java <clinit> 250
2021-07-04 07:53:13,518 DEBUG                  - depth 0, hash 1eaea0b, HEAD~107
2021-07-04 07:53:13,524 DEBUG    [single line]   org/apache/commons/math/exception/util/LocalizedFormats.java <clinit> 251
2021-07-04 07:53:13,614 DEBUG                  - depth 0, hash d64c176, HEAD~68
2021-07-04 07:53:13,620 DEBUG    [single line]   org/apache/commons/math/exception/util/LocalizedFormats.java <clinit> 252
2021-07-04 07:53:13,710 DEBUG                  - depth 0, hash 1eaea0b, HEAD~107
2021-07-04 07:53:13,716 DEBUG    [single line]   org/apache/commons/math/exception/util/LocalizedFormats.java <clinit> 253
2021-07-04 07:53:13,806 DEBUG                  - depth 0, hash 1eaea0b, HEAD~107
2021-07-04 07:53:13,811 DEBUG    [single line]   org/apache/commons/math/exception/util/LocalizedFormats.java <clinit> 254
2021-07-04 07:53:13,903 DEBUG                  - depth 0, hash 1eaea0b, HEAD~107
2021-07-04 07:53:13,908 DEBUG    [single line]   org/apache/commons/math/exception/util/LocalizedFormats.java <clinit> 255
2021-07-04 07:53:13,999 DEBUG                  - depth 0, hash d81a1df, HEAD~104
2021-07-04 07:53:14,005 DEBUG    [single line]   org/apache/commons/math/exception/util/LocalizedFormats.java <clinit> 256
2021-07-04 07:53:14,095 DEBUG                  - depth 0, hash 1eaea0b, HEAD~107
2021-07-04 07:53:14,101 DEBUG    [single line]   org/apache/commons/math/exception/util/LocalizedFormats.java <clinit> 257
2021-07-04 07:53:14,191 DEBUG                  - depth 0, hash 1eaea0b, HEAD~107
2021-07-04 07:53:14,197 DEBUG    [single line]   org/apache/commons/math/exception/util/LocalizedFormats.java <clinit> 258
2021-07-04 07:53:14,287 DEBUG                  - depth 0, hash 1eaea0b, HEAD~107
2021-07-04 07:53:14,292 DEBUG    [single line]   org/apache/commons/math/exception/util/LocalizedFormats.java <clinit> 259
2021-07-04 07:53:14,383 DEBUG                  - depth 0, hash 1eaea0b, HEAD~107
2021-07-04 07:53:14,388 DEBUG    [single line]   org/apache/commons/math/exception/util/LocalizedFormats.java <clinit> 260
2021-07-04 07:53:14,478 DEBUG                  - depth 0, hash 40c5b89, HEAD~93
2021-07-04 07:53:14,484 DEBUG                  - depth 1, hash 1eaea0b, HEAD~107
2021-07-04 07:53:14,488 DEBUG    [single line]   org/apache/commons/math/exception/util/LocalizedFormats.java <clinit> 261
2021-07-04 07:53:14,578 DEBUG                  - depth 0, hash 1eaea0b, HEAD~107
2021-07-04 07:53:14,584 DEBUG    [single line]   org/apache/commons/math/exception/util/LocalizedFormats.java <clinit> 262
2021-07-04 07:53:14,674 DEBUG                  - depth 0, hash 1eaea0b, HEAD~107
2021-07-04 07:53:14,680 DEBUG    [single line]   org/apache/commons/math/exception/util/LocalizedFormats.java <clinit> 263
2021-07-04 07:53:14,770 DEBUG                  - depth 0, hash 1eaea0b, HEAD~107
2021-07-04 07:53:14,776 DEBUG    [single line]   org/apache/commons/math/exception/util/LocalizedFormats.java <clinit> 264
2021-07-04 07:53:14,866 DEBUG                  - depth 0, hash 1eaea0b, HEAD~107
2021-07-04 07:53:14,872 DEBUG    [single line]   org/apache/commons/math/exception/util/LocalizedFormats.java <clinit> 265
2021-07-04 07:53:14,962 DEBUG                  - depth 0, hash 1eaea0b, HEAD~107
2021-07-04 07:53:14,968 DEBUG    [single line]   org/apache/commons/math/exception/util/LocalizedFormats.java <clinit> 266
2021-07-04 07:53:15,062 DEBUG                  - depth 0, hash 1eaea0b, HEAD~107
2021-07-04 07:53:15,068 DEBUG    [single line]   org/apache/commons/math/exception/util/LocalizedFormats.java <clinit> 267
2021-07-04 07:53:15,162 DEBUG                  - depth 0, hash 1eaea0b, HEAD~107
2021-07-04 07:53:15,167 DEBUG    [single line]   org/apache/commons/math/exception/util/LocalizedFormats.java <clinit> 268
2021-07-04 07:53:15,257 DEBUG                  - depth 0, hash 1eaea0b, HEAD~107
2021-07-04 07:53:15,263 DEBUG    [single line]   org/apache/commons/math/exception/util/LocalizedFormats.java <clinit> 269
2021-07-04 07:53:15,357 DEBUG                  - depth 0, hash 1eaea0b, HEAD~107
2021-07-04 07:53:15,362 DEBUG    [single line]   org/apache/commons/math/exception/util/LocalizedFormats.java <clinit> 270
2021-07-04 07:53:15,452 DEBUG                  - depth 0, hash 1eaea0b, HEAD~107
2021-07-04 07:53:15,458 DEBUG    [single line]   org/apache/commons/math/exception/util/LocalizedFormats.java <clinit> 271
2021-07-04 07:53:15,548 DEBUG                  - depth 0, hash 1eaea0b, HEAD~107
2021-07-04 07:53:15,554 DEBUG    [single line]   org/apache/commons/math/exception/util/LocalizedFormats.java <clinit> 272
2021-07-04 07:53:15,644 DEBUG                  - depth 0, hash 1eaea0b, HEAD~107
2021-07-04 07:53:15,649 DEBUG    [single line]   org/apache/commons/math/exception/util/LocalizedFormats.java <clinit> 273
2021-07-04 07:53:15,740 DEBUG                  - depth 0, hash 1eaea0b, HEAD~107
2021-07-04 07:53:15,746 DEBUG    [single line]   org/apache/commons/math/exception/util/LocalizedFormats.java <clinit> 274
2021-07-04 07:53:15,836 DEBUG                  - depth 0, hash 1eaea0b, HEAD~107
2021-07-04 07:53:15,842 DEBUG    [single line]   org/apache/commons/math/exception/util/LocalizedFormats.java <clinit> 275
2021-07-04 07:53:15,932 DEBUG                  - depth 0, hash 1eaea0b, HEAD~107
2021-07-04 07:53:15,938 DEBUG    [single line]   org/apache/commons/math/exception/util/LocalizedFormats.java <clinit> 276
2021-07-04 07:53:16,029 DEBUG                  - depth 0, hash 1eaea0b, HEAD~107
2021-07-04 07:53:16,034 DEBUG    [single line]   org/apache/commons/math/exception/util/LocalizedFormats.java <clinit> 277
2021-07-04 07:53:16,124 DEBUG                  - depth 0, hash 1eaea0b, HEAD~107
2021-07-04 07:53:16,130 DEBUG    [single line]   org/apache/commons/math/exception/util/LocalizedFormats.java <clinit> 278
2021-07-04 07:53:16,220 DEBUG                  - depth 0, hash 1eaea0b, HEAD~107
2021-07-04 07:53:16,226 DEBUG    [single line]   org/apache/commons/math/exception/util/LocalizedFormats.java <clinit> 279
2021-07-04 07:53:16,317 DEBUG                  - depth 0, hash 1eaea0b, HEAD~107
2021-07-04 07:53:16,323 DEBUG    [single line]   org/apache/commons/math/exception/util/LocalizedFormats.java <clinit> 280
2021-07-04 07:53:16,413 DEBUG                  - depth 0, hash 1eaea0b, HEAD~107
2021-07-04 07:53:16,419 DEBUG    [single line]   org/apache/commons/math/exception/util/LocalizedFormats.java <clinit> 281
2021-07-04 07:53:16,509 DEBUG                  - depth 0, hash 1eaea0b, HEAD~107
2021-07-04 07:53:16,514 DEBUG    [single line]   org/apache/commons/math/exception/util/LocalizedFormats.java <clinit> 282
2021-07-04 07:53:16,605 DEBUG                  - depth 0, hash 1eaea0b, HEAD~107
2021-07-04 07:53:16,611 DEBUG    [single line]   org/apache/commons/math/exception/util/LocalizedFormats.java <clinit> 283
2021-07-04 07:53:16,701 DEBUG                  - depth 0, hash 1eaea0b, HEAD~107
2021-07-04 07:53:16,707 DEBUG    [single line]   org/apache/commons/math/exception/util/LocalizedFormats.java <clinit> 284
2021-07-04 07:53:16,798 DEBUG                  - depth 0, hash 1eaea0b, HEAD~107
2021-07-04 07:53:16,803 DEBUG    [single line]   org/apache/commons/math/exception/util/LocalizedFormats.java <clinit> 285
2021-07-04 07:53:16,894 DEBUG                  - depth 0, hash 1eaea0b, HEAD~107
2021-07-04 07:53:16,900 DEBUG    [single line]   org/apache/commons/math/exception/util/LocalizedFormats.java <clinit> 286
2021-07-04 07:53:16,990 DEBUG                  - depth 0, hash 1eaea0b, HEAD~107
2021-07-04 07:53:16,996 DEBUG    [single line]   org/apache/commons/math/exception/util/LocalizedFormats.java <clinit> 287
2021-07-04 07:53:17,086 DEBUG                  - depth 0, hash 1eaea0b, HEAD~107
2021-07-04 07:53:17,092 DEBUG    [single line]   org/apache/commons/math/exception/util/LocalizedFormats.java <clinit> 288
2021-07-04 07:53:17,182 DEBUG                  - depth 0, hash b848e5c, HEAD~59
2021-07-04 07:53:17,188 DEBUG                  - depth 1, hash 2dff587, HEAD~71
2021-07-04 07:53:17,192 DEBUG    [single line]   org/apache/commons/math/exception/util/LocalizedFormats.java <clinit> 289
2021-07-04 07:53:17,282 DEBUG                  - depth 0, hash 1eaea0b, HEAD~107
2021-07-04 07:53:17,288 DEBUG    [single line]   org/apache/commons/math/exception/util/LocalizedFormats.java <clinit> 290
2021-07-04 07:53:17,378 DEBUG                  - depth 0, hash 1eaea0b, HEAD~107
2021-07-04 07:53:17,384 DEBUG    [single line]   org/apache/commons/math/exception/util/LocalizedFormats.java <clinit> 291
2021-07-04 07:53:17,474 DEBUG                  - depth 0, hash 1eaea0b, HEAD~107
2021-07-04 07:53:17,479 DEBUG    [single line]   org/apache/commons/math/exception/util/LocalizedFormats.java <clinit> 292
2021-07-04 07:53:17,572 DEBUG                  - depth 0, hash 1eaea0b, HEAD~107
2021-07-04 07:53:17,578 DEBUG    [single line]   org/apache/commons/math/exception/util/LocalizedFormats.java <clinit> 293
2021-07-04 07:53:17,672 DEBUG                  - depth 0, hash d81a1df, HEAD~104
2021-07-04 07:53:17,677 DEBUG    [single line]   org/apache/commons/math/exception/util/LocalizedFormats.java <clinit> 294
2021-07-04 07:53:17,771 DEBUG                  - depth 0, hash 1eaea0b, HEAD~107
2021-07-04 07:53:17,777 DEBUG    [single line]   org/apache/commons/math/exception/util/LocalizedFormats.java <clinit> 295
2021-07-04 07:53:17,871 DEBUG                  - depth 0, hash 1eaea0b, HEAD~107
2021-07-04 07:53:17,876 DEBUG    [single line]   org/apache/commons/math/exception/util/LocalizedFormats.java <clinit> 296
2021-07-04 07:53:17,967 DEBUG                  - depth 0, hash 07d703b, HEAD~94
2021-07-04 07:53:17,972 DEBUG    [single line]   org/apache/commons/math/exception/util/LocalizedFormats.java <clinit> 297
2021-07-04 07:53:18,063 DEBUG                  - depth 0, hash 1eaea0b, HEAD~107
2021-07-04 07:53:18,068 DEBUG    [single line]   org/apache/commons/math/exception/util/LocalizedFormats.java <clinit> 298
2021-07-04 07:53:18,158 DEBUG                  - depth 0, hash 1eaea0b, HEAD~107
2021-07-04 07:53:18,164 DEBUG    [single line]   org/apache/commons/math/exception/util/LocalizedFormats.java <clinit> 299
2021-07-04 07:53:18,254 DEBUG                  - depth 0, hash 1eaea0b, HEAD~107
2021-07-04 07:53:18,260 DEBUG    [single line]   org/apache/commons/math/exception/util/LocalizedFormats.java <clinit> 300
2021-07-04 07:53:18,350 DEBUG                  - depth 0, hash 1eaea0b, HEAD~107
2021-07-04 07:53:18,356 DEBUG    [single line]   org/apache/commons/math/exception/util/LocalizedFormats.java <clinit> 301
2021-07-04 07:53:18,450 DEBUG                  - depth 0, hash 1eaea0b, HEAD~107
2021-07-04 07:53:18,456 DEBUG    [single line]   org/apache/commons/math/exception/util/LocalizedFormats.java <clinit> 302
2021-07-04 07:53:18,550 DEBUG                  - depth 0, hash e38ef22, HEAD~77
2021-07-04 07:53:18,555 DEBUG                  - depth 1, hash 1eaea0b, HEAD~107
2021-07-04 07:53:18,560 DEBUG    [single line]   org/apache/commons/math/exception/util/LocalizedFormats.java <clinit> 303
2021-07-04 07:53:18,650 DEBUG                  - depth 0, hash e38ef22, HEAD~77
2021-07-04 07:53:18,656 DEBUG                  - depth 1, hash 1eaea0b, HEAD~107
2021-07-04 07:53:18,660 DEBUG    [line range] org/apache/commons/math/exception/util/LocalizedFormats.java <init> 316:318
2021-07-04 07:53:18,752 DEBUG                  - depth 0, hash 1eaea0b, HEAD~107
2021-07-04 07:53:18,758 DEBUG    [line range] org/apache/commons/math/exception/util/LocalizedFormats.java getLocalizedString 326:343
2021-07-04 07:53:18,849 DEBUG                  - depth 0, hash 1eaea0b, HEAD~107
2021-07-04 07:53:19,289 DEBUG    [line range] org/apache/commons/math/random/RandomDataImpl.java <init> 119:120
2021-07-04 07:53:19,397 DEBUG                  - depth 0, hash d66c2e6, HEAD~727
2021-07-04 07:53:19,403 DEBUG                  - depth 1, hash 8d35623, HEAD~756
2021-07-04 07:53:19,407 DEBUG                  - depth 2, hash d69852b, HEAD~987
2021-07-04 07:53:19,411 DEBUG                  - depth 3, hash fd0f875, HEAD~1112
2021-07-04 07:53:19,416 DEBUG                  - depth 4, hash 60c93e7, HEAD~1129
2021-07-04 07:53:19,420 DEBUG                  - depth 5, hash 932ebf8, HEAD~1254
2021-07-04 07:53:19,424 DEBUG                  - depth 6, hash 85997f7, HEAD~1418
2021-07-04 07:53:19,428 DEBUG                  - depth 7, hash 2efb90d, HEAD~1464
2021-07-04 07:53:19,433 DEBUG                  - depth 8, hash 6ef3b29, HEAD~1570
2021-07-04 07:53:19,437 DEBUG                  - depth 9, hash b64000a, HEAD~1648
2021-07-04 07:53:19,441 DEBUG                  - depth 10, hash 2cb671b, HEAD~1650
2021-07-04 07:53:19,446 DEBUG                  - depth 11, hash a71b17a, HEAD~1788
2021-07-04 07:53:19,450 DEBUG                  - depth 12, hash 6ee5a6d, HEAD~1902
2021-07-04 07:53:19,454 DEBUG                  - depth 13, hash 94d1301, HEAD~1924
2021-07-04 07:53:19,458 DEBUG                  - depth 14, hash 9e1defe, HEAD~2029
2021-07-04 07:53:19,463 DEBUG                  - depth 15, hash 2be1c1f, HEAD~2106
2021-07-04 07:53:19,467 DEBUG                  - depth 16, hash 0a90446, HEAD~2181
2021-07-04 07:53:19,471 DEBUG    [line range] org/apache/commons/math/random/RandomDataImpl.java <init> 111:111
2021-07-04 07:53:19,578 DEBUG                  - depth 0, hash d66c2e6, HEAD~727
2021-07-04 07:53:19,584 DEBUG                  - depth 1, hash 8d35623, HEAD~756
2021-07-04 07:53:19,588 DEBUG                  - depth 2, hash d69852b, HEAD~987
2021-07-04 07:53:19,592 DEBUG                  - depth 3, hash fd0f875, HEAD~1112
2021-07-04 07:53:19,596 DEBUG                  - depth 4, hash 60c93e7, HEAD~1129
2021-07-04 07:53:19,601 DEBUG                  - depth 5, hash 932ebf8, HEAD~1254
2021-07-04 07:53:19,605 DEBUG                  - depth 6, hash 85997f7, HEAD~1418
2021-07-04 07:53:19,609 DEBUG                  - depth 7, hash 2efb90d, HEAD~1464
2021-07-04 07:53:19,614 DEBUG                  - depth 8, hash 6ef3b29, HEAD~1570
2021-07-04 07:53:19,618 DEBUG                  - depth 9, hash b64000a, HEAD~1648
2021-07-04 07:53:19,622 DEBUG                  - depth 10, hash 2cb671b, HEAD~1650
2021-07-04 07:53:19,626 DEBUG                  - depth 11, hash a71b17a, HEAD~1788
2021-07-04 07:53:19,631 DEBUG                  - depth 12, hash 6ee5a6d, HEAD~1902
2021-07-04 07:53:19,635 DEBUG                  - depth 13, hash 94d1301, HEAD~1924
2021-07-04 07:53:19,639 DEBUG                  - depth 14, hash 9e1defe, HEAD~2029
2021-07-04 07:53:19,644 DEBUG                  - depth 15, hash 2be1c1f, HEAD~2106
2021-07-04 07:53:19,648 DEBUG                  - depth 16, hash 0a90446, HEAD~2181
2021-07-04 07:53:20,268 DEBUG    [line range] org/apache/commons/math/util/FastMath.java <clinit> 35:35
2021-07-04 07:53:20,363 DEBUG                  - depth 0, hash 80b1e90, HEAD~42
2021-07-04 07:53:20,370 DEBUG    [line range] org/apache/commons/math/util/FastMath.java buildSinCosTables 1526:1618
2021-07-04 07:53:20,463 DEBUG                  - depth 0, hash 80b1e90, HEAD~42
2021-07-04 07:53:20,470 DEBUG    [line range] org/apache/commons/math/util/FastMath.java expint 876:914
2021-07-04 07:53:20,562 DEBUG                  - depth 0, hash 80b1e90, HEAD~42
2021-07-04 07:53:20,568 DEBUG    [line range] org/apache/commons/math/util/FastMath.java quadMult 822:869
2021-07-04 07:53:20,660 DEBUG                  - depth 0, hash 80b1e90, HEAD~42
2021-07-04 07:53:20,667 DEBUG    [line range] org/apache/commons/math/util/FastMath.java resplit 729:742
2021-07-04 07:53:20,759 DEBUG                  - depth 0, hash 80b1e90, HEAD~42
2021-07-04 07:53:20,765 DEBUG    [line range] org/apache/commons/math/util/FastMath.java slowCos 1487:1522
2021-07-04 07:53:20,858 DEBUG                  - depth 0, hash 80b1e90, HEAD~42
2021-07-04 07:53:20,864 DEBUG    [line range] org/apache/commons/math/util/FastMath.java slowLog 1395:1437
2021-07-04 07:53:20,957 DEBUG                  - depth 0, hash 80b1e90, HEAD~42
2021-07-04 07:53:20,963 DEBUG    [line range] org/apache/commons/math/util/FastMath.java slowSin 1445:1479
2021-07-04 07:53:21,055 DEBUG                  - depth 0, hash 80b1e90, HEAD~42
2021-07-04 07:53:21,062 DEBUG    [line range] org/apache/commons/math/util/FastMath.java slowexp 679:706
2021-07-04 07:53:21,154 DEBUG                  - depth 0, hash 80b1e90, HEAD~42
2021-07-04 07:53:21,160 DEBUG    [line range] org/apache/commons/math/util/FastMath.java split 713:723
2021-07-04 07:53:21,253 DEBUG                  - depth 0, hash 80b1e90, HEAD~42
2021-07-04 07:53:21,259 DEBUG    [line range] org/apache/commons/math/util/FastMath.java splitAdd 762:767
2021-07-04 07:53:21,351 DEBUG                  - depth 0, hash 80b1e90, HEAD~42
2021-07-04 07:53:21,357 DEBUG    [line range] org/apache/commons/math/util/FastMath.java splitMult 749:755
2021-07-04 07:53:21,449 DEBUG                  - depth 0, hash 80b1e90, HEAD~42
2021-07-04 07:53:21,454 DEBUG    [line range] org/apache/commons/math/util/FastMath.java splitReciprocal 787:815
2021-07-04 07:53:21,550 DEBUG                  - depth 0, hash 80b1e90, HEAD~42
2021-07-04 07:53:21,556 DEBUG    [line range] org/apache/commons/math/util/FastMath.java sqrt 218:220
2021-07-04 07:53:21,649 DEBUG                  - depth 0, hash 80b1e90, HEAD~42
2021-07-04 07:53:21,654 INFO     The number of BIC candidates: 52
