2021-07-04 07:59:32,761 INFO     Search BICs for /tmp/Math-67b/
2021-07-04 07:59:32,762 DEBUG    Reading the coverage of org.apache.commons.math.optimization.MultiStartUnivariateRealOptimizerTest::testQuinticMin (failings)
2021-07-04 07:59:32,774 INFO     Loaded 1x429 Coverage Matrix
2021-07-04 07:59:32,774 INFO     The number of total commits: 2285
2021-07-04 07:59:33,064 DEBUG    [line range] org/apache/commons/math/ConvergingAlgorithmImpl.java <init> 60:69
2021-07-04 07:59:33,149 DEBUG                  - depth 0, hash 1422c5d, HEAD~796
2021-07-04 07:59:33,155 DEBUG    [line range] org/apache/commons/math/ConvergingAlgorithmImpl.java getAbsoluteAccuracy 82:84
2021-07-04 07:59:33,238 DEBUG                  - depth 0, hash 1422c5d, HEAD~796
2021-07-04 07:59:33,243 DEBUG    [line range] org/apache/commons/math/ConvergingAlgorithmImpl.java getIterationCount 72:74
2021-07-04 07:59:33,326 DEBUG                  - depth 0, hash 1422c5d, HEAD~796
2021-07-04 07:59:33,332 DEBUG    [line range] org/apache/commons/math/ConvergingAlgorithmImpl.java getRelativeAccuracy 112:114
2021-07-04 07:59:33,418 DEBUG                  - depth 0, hash 1422c5d, HEAD~796
2021-07-04 07:59:33,423 DEBUG    [line range] org/apache/commons/math/ConvergingAlgorithmImpl.java setAbsoluteAccuracy 77:79
2021-07-04 07:59:33,506 DEBUG                  - depth 0, hash 1422c5d, HEAD~796
2021-07-04 07:59:33,512 DEBUG    [line range] org/apache/commons/math/ConvergingAlgorithmImpl.java setMaximalIterationCount 92:94
2021-07-04 07:59:33,595 DEBUG                  - depth 0, hash 1422c5d, HEAD~796
2021-07-04 07:59:33,600 DEBUG    [line range] org/apache/commons/math/ConvergingAlgorithmImpl.java setRelativeAccuracy 107:109
2021-07-04 07:59:33,683 DEBUG                  - depth 0, hash 1422c5d, HEAD~796
2021-07-04 07:59:34,106 DEBUG    [line range] org/apache/commons/math/MathRuntimeException.java createIllegalStateException 442:462
2021-07-04 07:59:34,199 DEBUG                  - depth 0, hash 1eaea0b, HEAD~18
2021-07-04 07:59:34,205 DEBUG                  - depth 1, hash 43af48f, HEAD~267
2021-07-04 07:59:34,209 DEBUG                  - depth 2, hash 9c8d2c7, HEAD~683
2021-07-04 07:59:34,213 DEBUG                  - depth 3, hash 7f88773, HEAD~737
2021-07-04 07:59:34,217 DEBUG                  - depth 4, hash d67bfff, HEAD~864
2021-07-04 07:59:34,221 DEBUG                  - depth 5, hash eb74d69, HEAD~909
2021-07-04 07:59:34,226 DEBUG                  - depth 6, hash 2974de5, HEAD~913
2021-07-04 07:59:34,230 DEBUG    [line range] org/apache/commons/math/MathRuntimeException.java <init> 442:462
2021-07-04 07:59:34,324 DEBUG                  - depth 0, hash 1eaea0b, HEAD~18
2021-07-04 07:59:34,329 DEBUG                  - depth 1, hash 43af48f, HEAD~267
2021-07-04 07:59:34,333 DEBUG                  - depth 2, hash 9c8d2c7, HEAD~683
2021-07-04 07:59:34,337 DEBUG                  - depth 3, hash 7f88773, HEAD~737
2021-07-04 07:59:34,341 DEBUG                  - depth 4, hash d67bfff, HEAD~864
2021-07-04 07:59:34,346 DEBUG                  - depth 5, hash eb74d69, HEAD~909
2021-07-04 07:59:34,350 DEBUG                  - depth 6, hash 2974de5, HEAD~913
2021-07-04 07:59:34,616 DEBUG    [single line]   org/apache/commons/math/optimization/GoalType.java <clinit> 27
2021-07-04 07:59:34,700 DEBUG                  - depth 0, hash fbe5656, HEAD~731
2021-07-04 07:59:34,706 DEBUG                  - depth 1, hash 89ac173, HEAD~1431
2021-07-04 07:59:34,710 DEBUG    [single line]   org/apache/commons/math/optimization/GoalType.java <clinit> 30
2021-07-04 07:59:34,794 DEBUG                  - depth 0, hash fbe5656, HEAD~731
2021-07-04 07:59:34,799 DEBUG    [single line]   org/apache/commons/math/optimization/GoalType.java <clinit> 33
2021-07-04 07:59:34,884 DEBUG                  - depth 0, hash fbe5656, HEAD~731
2021-07-04 07:59:34,890 DEBUG                  - depth 1, hash a7755a3, HEAD~1112
2021-07-04 07:59:34,894 DEBUG                  - depth 2, hash 89ac173, HEAD~1431
2021-07-04 07:59:35,247 DEBUG    [line range] org/apache/commons/math/optimization/MultiStartUnivariateRealOptimizer.java <init> 78:88
2021-07-04 07:59:35,331 DEBUG                  - depth 0, hash c92a3d9, HEAD~486
2021-07-04 07:59:35,336 DEBUG                  - depth 1, hash faecb29, HEAD~714
2021-07-04 07:59:35,341 DEBUG    [line range] org/apache/commons/math/optimization/MultiStartUnivariateRealOptimizer.java getAbsoluteAccuracy 101:103
2021-07-04 07:59:35,425 DEBUG                  - depth 0, hash faecb29, HEAD~714
2021-07-04 07:59:35,430 DEBUG    [line range] org/apache/commons/math/optimization/MultiStartUnivariateRealOptimizer.java getOptima 192:197
2021-07-04 07:59:35,514 DEBUG                  - depth 0, hash 1eaea0b, HEAD~18
2021-07-04 07:59:35,520 DEBUG                  - depth 1, hash faecb29, HEAD~714
2021-07-04 07:59:35,524 DEBUG    [line range] org/apache/commons/math/optimization/MultiStartUnivariateRealOptimizer.java getOptimaValues 218:223
2021-07-04 07:59:35,608 DEBUG                  - depth 0, hash 1eaea0b, HEAD~18
2021-07-04 07:59:35,613 DEBUG                  - depth 1, hash 04ba9f0, HEAD~373
2021-07-04 07:59:35,617 DEBUG    [line range] org/apache/commons/math/optimization/MultiStartUnivariateRealOptimizer.java getRelativeAccuracy 126:128
2021-07-04 07:59:35,702 DEBUG                  - depth 0, hash faecb29, HEAD~714
2021-07-04 07:59:35,707 DEBUG    [line range] org/apache/commons/math/optimization/MultiStartUnivariateRealOptimizer.java getResult 96:98
2021-07-04 07:59:35,794 DEBUG                  - depth 0, hash faecb29, HEAD~714
2021-07-04 07:59:35,800 DEBUG    [line range] org/apache/commons/math/optimization/MultiStartUnivariateRealOptimizer.java optimize 226:310
2021-07-04 07:59:35,884 DEBUG                  - depth 0, hash 1eaea0b, HEAD~18
2021-07-04 07:59:35,889 DEBUG                  - depth 1, hash b0b3481, HEAD~372
2021-07-04 07:59:35,893 DEBUG                  - depth 2, hash 04ba9f0, HEAD~373
2021-07-04 07:59:35,897 DEBUG                  - depth 3, hash db089f4, HEAD~403
2021-07-04 07:59:35,902 DEBUG                  - depth 4, hash c92a3d9, HEAD~486
2021-07-04 07:59:35,906 DEBUG                  - depth 5, hash faecb29, HEAD~714
2021-07-04 07:59:35,910 DEBUG    [line range] org/apache/commons/math/optimization/MultiStartUnivariateRealOptimizer.java setAbsoluteAccuracy 146:148
2021-07-04 07:59:35,996 DEBUG                  - depth 0, hash faecb29, HEAD~714
2021-07-04 07:59:36,002 DEBUG    [line range] org/apache/commons/math/optimization/MultiStartUnivariateRealOptimizer.java setMaxEvaluations 156:158
2021-07-04 07:59:36,088 DEBUG                  - depth 0, hash c92a3d9, HEAD~486
2021-07-04 07:59:36,094 DEBUG    [line range] org/apache/commons/math/optimization/MultiStartUnivariateRealOptimizer.java setMaximalIterationCount 151:153
2021-07-04 07:59:36,181 DEBUG                  - depth 0, hash faecb29, HEAD~714
2021-07-04 07:59:36,187 DEBUG    [line range] org/apache/commons/math/optimization/MultiStartUnivariateRealOptimizer.java setRelativeAccuracy 161:163
2021-07-04 07:59:36,274 DEBUG                  - depth 0, hash faecb29, HEAD~714
2021-07-04 07:59:36,594 DEBUG    [line range] org/apache/commons/math/optimization/univariate/AbstractUnivariateRealOptimizer.java <init> 61:66
2021-07-04 07:59:36,678 DEBUG                  - depth 0, hash c92a3d9, HEAD~486
2021-07-04 07:59:36,683 DEBUG                  - depth 1, hash 4029aa3, HEAD~709
2021-07-04 07:59:36,688 DEBUG    [line range] org/apache/commons/math/optimization/univariate/AbstractUnivariateRealOptimizer.java checkResultComputed 71:75
2021-07-04 07:59:36,773 DEBUG                  - depth 0, hash 1eaea0b, HEAD~18
2021-07-04 07:59:36,778 DEBUG                  - depth 1, hash 4029aa3, HEAD~709
2021-07-04 07:59:36,782 DEBUG    [line range] org/apache/commons/math/optimization/univariate/AbstractUnivariateRealOptimizer.java clearResult 107:109
2021-07-04 07:59:36,866 DEBUG                  - depth 0, hash 4029aa3, HEAD~709
2021-07-04 07:59:36,871 DEBUG    [line range] org/apache/commons/math/optimization/univariate/AbstractUnivariateRealOptimizer.java computeObjectiveValue 134:142
2021-07-04 07:59:36,955 DEBUG                  - depth 0, hash c92a3d9, HEAD~486
2021-07-04 07:59:36,961 DEBUG    [line range] org/apache/commons/math/optimization/univariate/AbstractUnivariateRealOptimizer.java getEvaluations 122:124
2021-07-04 07:59:37,048 DEBUG                  - depth 0, hash c92a3d9, HEAD~486
2021-07-04 07:59:37,053 DEBUG    [line range] org/apache/commons/math/optimization/univariate/AbstractUnivariateRealOptimizer.java getFunctionValue 84:87
2021-07-04 07:59:37,137 DEBUG                  - depth 0, hash 4029aa3, HEAD~709
2021-07-04 07:59:37,143 DEBUG    [line range] org/apache/commons/math/optimization/univariate/AbstractUnivariateRealOptimizer.java getResult 78:81
2021-07-04 07:59:37,227 DEBUG                  - depth 0, hash 4029aa3, HEAD~709
2021-07-04 07:59:37,232 DEBUG    [line range] org/apache/commons/math/optimization/univariate/AbstractUnivariateRealOptimizer.java setMaxEvaluations 112:114
2021-07-04 07:59:37,319 DEBUG                  - depth 0, hash c92a3d9, HEAD~486
2021-07-04 07:59:37,325 DEBUG    [line range] org/apache/commons/math/optimization/univariate/AbstractUnivariateRealOptimizer.java setResult 96:102
2021-07-04 07:59:37,408 DEBUG                  - depth 0, hash 4029aa3, HEAD~709
2021-07-04 07:59:37,753 DEBUG    [line range] org/apache/commons/math/optimization/univariate/BrentOptimizer.java <clinit> 37:37
2021-07-04 07:59:37,839 DEBUG                  - depth 0, hash a0943be, HEAD~299
2021-07-04 07:59:37,844 DEBUG                  - depth 1, hash 85387dc, HEAD~795
2021-07-04 07:59:37,848 DEBUG    [line range] org/apache/commons/math/optimization/univariate/BrentOptimizer.java <init> 42:44
2021-07-04 07:59:37,936 DEBUG                  - depth 0, hash 4029aa3, HEAD~709
2021-07-04 07:59:37,942 DEBUG                  - depth 1, hash 85387dc, HEAD~795
2021-07-04 07:59:37,946 DEBUG    [line range] org/apache/commons/math/optimization/univariate/BrentOptimizer.java localMin 85:189
2021-07-04 07:59:38,031 DEBUG                  - depth 0, hash a0943be, HEAD~299
2021-07-04 07:59:38,036 DEBUG                  - depth 1, hash c92a3d9, HEAD~486
2021-07-04 07:59:38,040 DEBUG                  - depth 2, hash 4029aa3, HEAD~709
2021-07-04 07:59:38,045 DEBUG                  - depth 3, hash 95d6fcb, HEAD~793
2021-07-04 07:59:38,049 DEBUG                  - depth 4, hash 85387dc, HEAD~795
2021-07-04 07:59:38,054 DEBUG    [line range] org/apache/commons/math/optimization/univariate/BrentOptimizer.java optimize 54:59
2021-07-04 07:59:38,139 DEBUG                  - depth 0, hash 4029aa3, HEAD~709
2021-07-04 07:59:38,145 DEBUG                  - depth 1, hash 95d6fcb, HEAD~793
2021-07-04 07:59:38,149 DEBUG                  - depth 2, hash 85387dc, HEAD~795
2021-07-04 07:59:38,438 DEBUG    [single line]   org/apache/commons/math/random/JDKRandomGenerator.java <init> 28
2021-07-04 07:59:38,546 DEBUG                  - depth 0, hash 2cb671b, HEAD~1561
2021-07-04 07:59:38,912 DEBUG    [single line]   org/apache/commons/math/util/LocalizedFormats.java <clinit> 40
2021-07-04 07:59:38,995 DEBUG                  - depth 0, hash 1eaea0b, HEAD~18
2021-07-04 07:59:39,001 DEBUG    [single line]   org/apache/commons/math/util/LocalizedFormats.java <clinit> 44
2021-07-04 07:59:39,084 DEBUG                  - depth 0, hash 1eaea0b, HEAD~18
2021-07-04 07:59:39,089 DEBUG    [single line]   org/apache/commons/math/util/LocalizedFormats.java <clinit> 45
2021-07-04 07:59:39,172 DEBUG                  - depth 0, hash 1eaea0b, HEAD~18
2021-07-04 07:59:39,178 DEBUG    [single line]   org/apache/commons/math/util/LocalizedFormats.java <clinit> 46
2021-07-04 07:59:39,260 DEBUG                  - depth 0, hash d81a1df, HEAD~15
2021-07-04 07:59:39,266 DEBUG    [single line]   org/apache/commons/math/util/LocalizedFormats.java <clinit> 47
2021-07-04 07:59:39,349 DEBUG                  - depth 0, hash 1eaea0b, HEAD~18
2021-07-04 07:59:39,354 DEBUG    [single line]   org/apache/commons/math/util/LocalizedFormats.java <clinit> 48
2021-07-04 07:59:39,437 DEBUG                  - depth 0, hash 1eaea0b, HEAD~18
2021-07-04 07:59:39,443 DEBUG    [single line]   org/apache/commons/math/util/LocalizedFormats.java <clinit> 49
2021-07-04 07:59:39,526 DEBUG                  - depth 0, hash 1eaea0b, HEAD~18
2021-07-04 07:59:39,531 DEBUG    [single line]   org/apache/commons/math/util/LocalizedFormats.java <clinit> 50
2021-07-04 07:59:39,615 DEBUG                  - depth 0, hash 1eaea0b, HEAD~18
2021-07-04 07:59:39,620 DEBUG    [single line]   org/apache/commons/math/util/LocalizedFormats.java <clinit> 51
2021-07-04 07:59:39,703 DEBUG                  - depth 0, hash 1eaea0b, HEAD~18
2021-07-04 07:59:39,709 DEBUG    [single line]   org/apache/commons/math/util/LocalizedFormats.java <clinit> 52
2021-07-04 07:59:39,793 DEBUG                  - depth 0, hash 1eaea0b, HEAD~18
2021-07-04 07:59:39,798 DEBUG    [single line]   org/apache/commons/math/util/LocalizedFormats.java <clinit> 53
2021-07-04 07:59:39,881 DEBUG                  - depth 0, hash 1eaea0b, HEAD~18
2021-07-04 07:59:39,886 DEBUG    [single line]   org/apache/commons/math/util/LocalizedFormats.java <clinit> 54
2021-07-04 07:59:39,972 DEBUG                  - depth 0, hash 1eaea0b, HEAD~18
2021-07-04 07:59:39,977 DEBUG    [single line]   org/apache/commons/math/util/LocalizedFormats.java <clinit> 55
2021-07-04 07:59:40,063 DEBUG                  - depth 0, hash d81a1df, HEAD~15
2021-07-04 07:59:40,068 DEBUG    [single line]   org/apache/commons/math/util/LocalizedFormats.java <clinit> 56
2021-07-04 07:59:40,151 DEBUG                  - depth 0, hash d81a1df, HEAD~15
2021-07-04 07:59:40,157 DEBUG    [single line]   org/apache/commons/math/util/LocalizedFormats.java <clinit> 57
2021-07-04 07:59:40,239 DEBUG                  - depth 0, hash 1eaea0b, HEAD~18
2021-07-04 07:59:40,245 DEBUG    [single line]   org/apache/commons/math/util/LocalizedFormats.java <clinit> 58
2021-07-04 07:59:40,328 DEBUG                  - depth 0, hash 1eaea0b, HEAD~18
2021-07-04 07:59:40,333 DEBUG    [single line]   org/apache/commons/math/util/LocalizedFormats.java <clinit> 59
2021-07-04 07:59:40,416 DEBUG                  - depth 0, hash 1eaea0b, HEAD~18
2021-07-04 07:59:40,422 DEBUG    [single line]   org/apache/commons/math/util/LocalizedFormats.java <clinit> 60
2021-07-04 07:59:40,505 DEBUG                  - depth 0, hash 1eaea0b, HEAD~18
2021-07-04 07:59:40,511 DEBUG    [single line]   org/apache/commons/math/util/LocalizedFormats.java <clinit> 61
2021-07-04 07:59:40,594 DEBUG                  - depth 0, hash 1eaea0b, HEAD~18
2021-07-04 07:59:40,599 DEBUG    [single line]   org/apache/commons/math/util/LocalizedFormats.java <clinit> 62
2021-07-04 07:59:40,685 DEBUG                  - depth 0, hash 1eaea0b, HEAD~18
2021-07-04 07:59:40,691 DEBUG    [single line]   org/apache/commons/math/util/LocalizedFormats.java <clinit> 63
2021-07-04 07:59:40,774 DEBUG                  - depth 0, hash 1eaea0b, HEAD~18
2021-07-04 07:59:40,780 DEBUG    [single line]   org/apache/commons/math/util/LocalizedFormats.java <clinit> 64
2021-07-04 07:59:40,863 DEBUG                  - depth 0, hash 1eaea0b, HEAD~18
2021-07-04 07:59:40,868 DEBUG    [single line]   org/apache/commons/math/util/LocalizedFormats.java <clinit> 65
2021-07-04 07:59:40,951 DEBUG                  - depth 0, hash 1eaea0b, HEAD~18
2021-07-04 07:59:40,957 DEBUG    [single line]   org/apache/commons/math/util/LocalizedFormats.java <clinit> 66
2021-07-04 07:59:41,041 DEBUG                  - depth 0, hash 1eaea0b, HEAD~18
2021-07-04 07:59:41,047 DEBUG    [single line]   org/apache/commons/math/util/LocalizedFormats.java <clinit> 67
2021-07-04 07:59:41,129 DEBUG                  - depth 0, hash 1eaea0b, HEAD~18
2021-07-04 07:59:41,135 DEBUG    [single line]   org/apache/commons/math/util/LocalizedFormats.java <clinit> 68
2021-07-04 07:59:41,221 DEBUG                  - depth 0, hash 1eaea0b, HEAD~18
2021-07-04 07:59:41,227 DEBUG    [single line]   org/apache/commons/math/util/LocalizedFormats.java <clinit> 69
2021-07-04 07:59:41,310 DEBUG                  - depth 0, hash 1eaea0b, HEAD~18
2021-07-04 07:59:41,315 DEBUG    [single line]   org/apache/commons/math/util/LocalizedFormats.java <clinit> 70
2021-07-04 07:59:41,398 DEBUG                  - depth 0, hash 1eaea0b, HEAD~18
2021-07-04 07:59:41,404 DEBUG    [single line]   org/apache/commons/math/util/LocalizedFormats.java <clinit> 71
2021-07-04 07:59:41,486 DEBUG                  - depth 0, hash 1eaea0b, HEAD~18
2021-07-04 07:59:41,492 DEBUG    [single line]   org/apache/commons/math/util/LocalizedFormats.java <clinit> 72
2021-07-04 07:59:41,575 DEBUG                  - depth 0, hash 1eaea0b, HEAD~18
2021-07-04 07:59:41,580 DEBUG    [single line]   org/apache/commons/math/util/LocalizedFormats.java <clinit> 73
2021-07-04 07:59:41,667 DEBUG                  - depth 0, hash 1eaea0b, HEAD~18
2021-07-04 07:59:41,672 DEBUG    [single line]   org/apache/commons/math/util/LocalizedFormats.java <clinit> 74
2021-07-04 07:59:41,758 DEBUG                  - depth 0, hash 1eaea0b, HEAD~18
2021-07-04 07:59:41,764 DEBUG    [single line]   org/apache/commons/math/util/LocalizedFormats.java <clinit> 75
2021-07-04 07:59:41,850 DEBUG                  - depth 0, hash 1eaea0b, HEAD~18
2021-07-04 07:59:41,856 DEBUG    [single line]   org/apache/commons/math/util/LocalizedFormats.java <clinit> 76
2021-07-04 07:59:41,938 DEBUG                  - depth 0, hash 1eaea0b, HEAD~18
2021-07-04 07:59:41,944 DEBUG    [single line]   org/apache/commons/math/util/LocalizedFormats.java <clinit> 77
2021-07-04 07:59:42,027 DEBUG                  - depth 0, hash 1eaea0b, HEAD~18
2021-07-04 07:59:42,032 DEBUG    [single line]   org/apache/commons/math/util/LocalizedFormats.java <clinit> 78
2021-07-04 07:59:42,118 DEBUG                  - depth 0, hash 1eaea0b, HEAD~18
2021-07-04 07:59:42,124 DEBUG    [single line]   org/apache/commons/math/util/LocalizedFormats.java <clinit> 79
2021-07-04 07:59:42,208 DEBUG                  - depth 0, hash 1eaea0b, HEAD~18
2021-07-04 07:59:42,213 DEBUG    [single line]   org/apache/commons/math/util/LocalizedFormats.java <clinit> 80
2021-07-04 07:59:42,296 DEBUG                  - depth 0, hash 1eaea0b, HEAD~18
2021-07-04 07:59:42,302 DEBUG    [single line]   org/apache/commons/math/util/LocalizedFormats.java <clinit> 81
2021-07-04 07:59:42,385 DEBUG                  - depth 0, hash 1eaea0b, HEAD~18
2021-07-04 07:59:42,391 DEBUG    [single line]   org/apache/commons/math/util/LocalizedFormats.java <clinit> 82
2021-07-04 07:59:42,474 DEBUG                  - depth 0, hash 1eaea0b, HEAD~18
2021-07-04 07:59:42,480 DEBUG    [single line]   org/apache/commons/math/util/LocalizedFormats.java <clinit> 83
2021-07-04 07:59:42,563 DEBUG                  - depth 0, hash 3693e02, HEAD~10
2021-07-04 07:59:42,568 DEBUG                  - depth 1, hash 1eaea0b, HEAD~18
2021-07-04 07:59:42,573 DEBUG    [single line]   org/apache/commons/math/util/LocalizedFormats.java <clinit> 84
2021-07-04 07:59:42,656 DEBUG                  - depth 0, hash 1eaea0b, HEAD~18
2021-07-04 07:59:42,661 DEBUG    [single line]   org/apache/commons/math/util/LocalizedFormats.java <clinit> 85
2021-07-04 07:59:42,744 DEBUG                  - depth 0, hash 1eaea0b, HEAD~18
2021-07-04 07:59:42,750 DEBUG    [single line]   org/apache/commons/math/util/LocalizedFormats.java <clinit> 86
2021-07-04 07:59:42,833 DEBUG                  - depth 0, hash 1eaea0b, HEAD~18
2021-07-04 07:59:42,839 DEBUG    [single line]   org/apache/commons/math/util/LocalizedFormats.java <clinit> 87
2021-07-04 07:59:42,922 DEBUG                  - depth 0, hash 40c5b89, HEAD~4
2021-07-04 07:59:42,928 DEBUG                  - depth 1, hash 1eaea0b, HEAD~18
2021-07-04 07:59:42,932 DEBUG    [single line]   org/apache/commons/math/util/LocalizedFormats.java <clinit> 88
2021-07-04 07:59:43,015 DEBUG                  - depth 0, hash 1eaea0b, HEAD~18
2021-07-04 07:59:43,021 DEBUG    [single line]   org/apache/commons/math/util/LocalizedFormats.java <clinit> 89
2021-07-04 07:59:43,104 DEBUG                  - depth 0, hash 1eaea0b, HEAD~18
2021-07-04 07:59:43,110 DEBUG    [single line]   org/apache/commons/math/util/LocalizedFormats.java <clinit> 90
2021-07-04 07:59:43,193 DEBUG                  - depth 0, hash 1eaea0b, HEAD~18
2021-07-04 07:59:43,198 DEBUG    [single line]   org/apache/commons/math/util/LocalizedFormats.java <clinit> 91
2021-07-04 07:59:43,281 DEBUG                  - depth 0, hash 1eaea0b, HEAD~18
2021-07-04 07:59:43,287 DEBUG    [single line]   org/apache/commons/math/util/LocalizedFormats.java <clinit> 92
2021-07-04 07:59:43,370 DEBUG                  - depth 0, hash 1eaea0b, HEAD~18
2021-07-04 07:59:43,376 DEBUG    [single line]   org/apache/commons/math/util/LocalizedFormats.java <clinit> 93
2021-07-04 07:59:43,459 DEBUG                  - depth 0, hash 1eaea0b, HEAD~18
2021-07-04 07:59:43,464 DEBUG    [single line]   org/apache/commons/math/util/LocalizedFormats.java <clinit> 94
2021-07-04 07:59:43,547 DEBUG                  - depth 0, hash 1eaea0b, HEAD~18
2021-07-04 07:59:43,553 DEBUG    [single line]   org/apache/commons/math/util/LocalizedFormats.java <clinit> 95
2021-07-04 07:59:43,639 DEBUG                  - depth 0, hash 1eaea0b, HEAD~18
2021-07-04 07:59:43,644 DEBUG    [single line]   org/apache/commons/math/util/LocalizedFormats.java <clinit> 96
2021-07-04 07:59:43,728 DEBUG                  - depth 0, hash 1eaea0b, HEAD~18
2021-07-04 07:59:43,733 DEBUG    [single line]   org/apache/commons/math/util/LocalizedFormats.java <clinit> 97
2021-07-04 07:59:43,816 DEBUG                  - depth 0, hash 1eaea0b, HEAD~18
2021-07-04 07:59:43,822 DEBUG    [single line]   org/apache/commons/math/util/LocalizedFormats.java <clinit> 98
2021-07-04 07:59:43,904 DEBUG                  - depth 0, hash 1eaea0b, HEAD~18
2021-07-04 07:59:43,910 DEBUG    [single line]   org/apache/commons/math/util/LocalizedFormats.java <clinit> 99
2021-07-04 07:59:43,996 DEBUG                  - depth 0, hash 1eaea0b, HEAD~18
2021-07-04 07:59:44,001 DEBUG    [single line]   org/apache/commons/math/util/LocalizedFormats.java <clinit> 100
2021-07-04 07:59:44,084 DEBUG                  - depth 0, hash 1eaea0b, HEAD~18
2021-07-04 07:59:44,090 DEBUG    [single line]   org/apache/commons/math/util/LocalizedFormats.java <clinit> 101
2021-07-04 07:59:44,173 DEBUG                  - depth 0, hash 1eaea0b, HEAD~18
2021-07-04 07:59:44,178 DEBUG    [single line]   org/apache/commons/math/util/LocalizedFormats.java <clinit> 102
2021-07-04 07:59:44,261 DEBUG                  - depth 0, hash 1eaea0b, HEAD~18
2021-07-04 07:59:44,267 DEBUG    [single line]   org/apache/commons/math/util/LocalizedFormats.java <clinit> 103
2021-07-04 07:59:44,350 DEBUG                  - depth 0, hash 1eaea0b, HEAD~18
2021-07-04 07:59:44,356 DEBUG    [single line]   org/apache/commons/math/util/LocalizedFormats.java <clinit> 104
2021-07-04 07:59:44,439 DEBUG                  - depth 0, hash 1eaea0b, HEAD~18
2021-07-04 07:59:44,445 DEBUG    [single line]   org/apache/commons/math/util/LocalizedFormats.java <clinit> 105
2021-07-04 07:59:44,528 DEBUG                  - depth 0, hash 1eaea0b, HEAD~18
2021-07-04 07:59:44,533 DEBUG    [single line]   org/apache/commons/math/util/LocalizedFormats.java <clinit> 106
2021-07-04 07:59:44,616 DEBUG                  - depth 0, hash 1eaea0b, HEAD~18
2021-07-04 07:59:44,622 DEBUG    [single line]   org/apache/commons/math/util/LocalizedFormats.java <clinit> 107
2021-07-04 07:59:44,705 DEBUG                  - depth 0, hash 1eaea0b, HEAD~18
2021-07-04 07:59:44,711 DEBUG    [single line]   org/apache/commons/math/util/LocalizedFormats.java <clinit> 108
2021-07-04 07:59:44,794 DEBUG                  - depth 0, hash 1eaea0b, HEAD~18
2021-07-04 07:59:44,800 DEBUG    [single line]   org/apache/commons/math/util/LocalizedFormats.java <clinit> 109
2021-07-04 07:59:44,883 DEBUG                  - depth 0, hash 1eaea0b, HEAD~18
2021-07-04 07:59:44,889 DEBUG    [single line]   org/apache/commons/math/util/LocalizedFormats.java <clinit> 110
2021-07-04 07:59:44,973 DEBUG                  - depth 0, hash 1eaea0b, HEAD~18
2021-07-04 07:59:44,978 DEBUG    [single line]   org/apache/commons/math/util/LocalizedFormats.java <clinit> 111
2021-07-04 07:59:45,065 DEBUG                  - depth 0, hash 1eaea0b, HEAD~18
2021-07-04 07:59:45,070 DEBUG    [single line]   org/apache/commons/math/util/LocalizedFormats.java <clinit> 112
2021-07-04 07:59:45,154 DEBUG                  - depth 0, hash 1eaea0b, HEAD~18
2021-07-04 07:59:45,159 DEBUG    [single line]   org/apache/commons/math/util/LocalizedFormats.java <clinit> 113
2021-07-04 07:59:45,243 DEBUG                  - depth 0, hash 1eaea0b, HEAD~18
2021-07-04 07:59:45,248 DEBUG    [single line]   org/apache/commons/math/util/LocalizedFormats.java <clinit> 114
2021-07-04 07:59:45,331 DEBUG                  - depth 0, hash 1eaea0b, HEAD~18
2021-07-04 07:59:45,337 DEBUG    [single line]   org/apache/commons/math/util/LocalizedFormats.java <clinit> 115
2021-07-04 07:59:45,423 DEBUG                  - depth 0, hash 1eaea0b, HEAD~18
2021-07-04 07:59:45,429 DEBUG    [single line]   org/apache/commons/math/util/LocalizedFormats.java <clinit> 116
2021-07-04 07:59:45,512 DEBUG                  - depth 0, hash 1eaea0b, HEAD~18
2021-07-04 07:59:45,518 DEBUG    [single line]   org/apache/commons/math/util/LocalizedFormats.java <clinit> 117
2021-07-04 07:59:45,604 DEBUG                  - depth 0, hash 1eaea0b, HEAD~18
2021-07-04 07:59:45,610 DEBUG    [single line]   org/apache/commons/math/util/LocalizedFormats.java <clinit> 118
2021-07-04 07:59:45,693 DEBUG                  - depth 0, hash 1eaea0b, HEAD~18
2021-07-04 07:59:45,698 DEBUG    [single line]   org/apache/commons/math/util/LocalizedFormats.java <clinit> 119
2021-07-04 07:59:45,785 DEBUG                  - depth 0, hash 1eaea0b, HEAD~18
2021-07-04 07:59:45,790 DEBUG    [single line]   org/apache/commons/math/util/LocalizedFormats.java <clinit> 120
2021-07-04 07:59:45,873 DEBUG                  - depth 0, hash 1eaea0b, HEAD~18
2021-07-04 07:59:45,879 DEBUG    [single line]   org/apache/commons/math/util/LocalizedFormats.java <clinit> 121
2021-07-04 07:59:45,964 DEBUG                  - depth 0, hash 1eaea0b, HEAD~18
2021-07-04 07:59:45,969 DEBUG    [single line]   org/apache/commons/math/util/LocalizedFormats.java <clinit> 122
2021-07-04 07:59:46,053 DEBUG                  - depth 0, hash 1eaea0b, HEAD~18
2021-07-04 07:59:46,058 DEBUG    [single line]   org/apache/commons/math/util/LocalizedFormats.java <clinit> 123
2021-07-04 07:59:46,141 DEBUG                  - depth 0, hash 1eaea0b, HEAD~18
2021-07-04 07:59:46,147 DEBUG    [single line]   org/apache/commons/math/util/LocalizedFormats.java <clinit> 124
2021-07-04 07:59:46,233 DEBUG                  - depth 0, hash 1eaea0b, HEAD~18
2021-07-04 07:59:46,238 DEBUG    [single line]   org/apache/commons/math/util/LocalizedFormats.java <clinit> 125
2021-07-04 07:59:46,325 DEBUG                  - depth 0, hash 1eaea0b, HEAD~18
2021-07-04 07:59:46,330 DEBUG    [single line]   org/apache/commons/math/util/LocalizedFormats.java <clinit> 126
2021-07-04 07:59:46,418 DEBUG                  - depth 0, hash 1eaea0b, HEAD~18
2021-07-04 07:59:46,423 DEBUG    [single line]   org/apache/commons/math/util/LocalizedFormats.java <clinit> 127
2021-07-04 07:59:46,507 DEBUG                  - depth 0, hash 1eaea0b, HEAD~18
2021-07-04 07:59:46,512 DEBUG    [single line]   org/apache/commons/math/util/LocalizedFormats.java <clinit> 128
2021-07-04 07:59:46,599 DEBUG                  - depth 0, hash 1eaea0b, HEAD~18
2021-07-04 07:59:46,604 DEBUG    [single line]   org/apache/commons/math/util/LocalizedFormats.java <clinit> 129
2021-07-04 07:59:46,687 DEBUG                  - depth 0, hash 1eaea0b, HEAD~18
2021-07-04 07:59:46,693 DEBUG    [single line]   org/apache/commons/math/util/LocalizedFormats.java <clinit> 130
2021-07-04 07:59:46,776 DEBUG                  - depth 0, hash 1eaea0b, HEAD~18
2021-07-04 07:59:46,782 DEBUG    [single line]   org/apache/commons/math/util/LocalizedFormats.java <clinit> 131
2021-07-04 07:59:46,865 DEBUG                  - depth 0, hash 1eaea0b, HEAD~18
2021-07-04 07:59:46,871 DEBUG    [single line]   org/apache/commons/math/util/LocalizedFormats.java <clinit> 132
2021-07-04 07:59:46,955 DEBUG                  - depth 0, hash 1eaea0b, HEAD~18
2021-07-04 07:59:46,961 DEBUG    [single line]   org/apache/commons/math/util/LocalizedFormats.java <clinit> 133
2021-07-04 07:59:47,044 DEBUG                  - depth 0, hash 1eaea0b, HEAD~18
2021-07-04 07:59:47,049 DEBUG    [single line]   org/apache/commons/math/util/LocalizedFormats.java <clinit> 134
2021-07-04 07:59:47,132 DEBUG                  - depth 0, hash 40c5b89, HEAD~4
2021-07-04 07:59:47,138 DEBUG                  - depth 1, hash 1eaea0b, HEAD~18
2021-07-04 07:59:47,142 DEBUG    [single line]   org/apache/commons/math/util/LocalizedFormats.java <clinit> 135
2021-07-04 07:59:47,225 DEBUG                  - depth 0, hash 1eaea0b, HEAD~18
2021-07-04 07:59:47,231 DEBUG    [single line]   org/apache/commons/math/util/LocalizedFormats.java <clinit> 136
2021-07-04 07:59:47,317 DEBUG                  - depth 0, hash 1eaea0b, HEAD~18
2021-07-04 07:59:47,322 DEBUG    [single line]   org/apache/commons/math/util/LocalizedFormats.java <clinit> 137
2021-07-04 07:59:47,405 DEBUG                  - depth 0, hash 1eaea0b, HEAD~18
2021-07-04 07:59:47,411 DEBUG    [single line]   org/apache/commons/math/util/LocalizedFormats.java <clinit> 138
2021-07-04 07:59:47,494 DEBUG                  - depth 0, hash 1eaea0b, HEAD~18
2021-07-04 07:59:47,499 DEBUG    [single line]   org/apache/commons/math/util/LocalizedFormats.java <clinit> 139
2021-07-04 07:59:47,582 DEBUG                  - depth 0, hash 1eaea0b, HEAD~18
2021-07-04 07:59:47,588 DEBUG    [single line]   org/apache/commons/math/util/LocalizedFormats.java <clinit> 140
2021-07-04 07:59:47,672 DEBUG                  - depth 0, hash 1eaea0b, HEAD~18
2021-07-04 07:59:47,677 DEBUG    [single line]   org/apache/commons/math/util/LocalizedFormats.java <clinit> 141
2021-07-04 07:59:47,764 DEBUG                  - depth 0, hash d81a1df, HEAD~15
2021-07-04 07:59:47,769 DEBUG    [single line]   org/apache/commons/math/util/LocalizedFormats.java <clinit> 142
2021-07-04 07:59:47,852 DEBUG                  - depth 0, hash 1eaea0b, HEAD~18
2021-07-04 07:59:47,858 DEBUG    [single line]   org/apache/commons/math/util/LocalizedFormats.java <clinit> 143
2021-07-04 07:59:47,943 DEBUG                  - depth 0, hash 1eaea0b, HEAD~18
2021-07-04 07:59:47,948 DEBUG    [single line]   org/apache/commons/math/util/LocalizedFormats.java <clinit> 144
2021-07-04 07:59:48,033 DEBUG                  - depth 0, hash 1eaea0b, HEAD~18
2021-07-04 07:59:48,038 DEBUG    [single line]   org/apache/commons/math/util/LocalizedFormats.java <clinit> 145
2021-07-04 07:59:48,121 DEBUG                  - depth 0, hash 1eaea0b, HEAD~18
2021-07-04 07:59:48,127 DEBUG    [single line]   org/apache/commons/math/util/LocalizedFormats.java <clinit> 146
2021-07-04 07:59:48,210 DEBUG                  - depth 0, hash 1eaea0b, HEAD~18
2021-07-04 07:59:48,216 DEBUG    [single line]   org/apache/commons/math/util/LocalizedFormats.java <clinit> 147
2021-07-04 07:59:48,299 DEBUG                  - depth 0, hash 1eaea0b, HEAD~18
2021-07-04 07:59:48,305 DEBUG    [single line]   org/apache/commons/math/util/LocalizedFormats.java <clinit> 148
2021-07-04 07:59:48,388 DEBUG                  - depth 0, hash 1eaea0b, HEAD~18
2021-07-04 07:59:48,394 DEBUG    [single line]   org/apache/commons/math/util/LocalizedFormats.java <clinit> 149
2021-07-04 07:59:48,477 DEBUG                  - depth 0, hash 1eaea0b, HEAD~18
2021-07-04 07:59:48,483 DEBUG    [single line]   org/apache/commons/math/util/LocalizedFormats.java <clinit> 150
2021-07-04 07:59:48,566 DEBUG                  - depth 0, hash 1eaea0b, HEAD~18
2021-07-04 07:59:48,572 DEBUG    [single line]   org/apache/commons/math/util/LocalizedFormats.java <clinit> 151
2021-07-04 07:59:48,655 DEBUG                  - depth 0, hash 1eaea0b, HEAD~18
2021-07-04 07:59:48,661 DEBUG    [single line]   org/apache/commons/math/util/LocalizedFormats.java <clinit> 152
2021-07-04 07:59:48,745 DEBUG                  - depth 0, hash 1eaea0b, HEAD~18
2021-07-04 07:59:48,750 DEBUG    [single line]   org/apache/commons/math/util/LocalizedFormats.java <clinit> 153
2021-07-04 07:59:48,833 DEBUG                  - depth 0, hash 1eaea0b, HEAD~18
2021-07-04 07:59:48,839 DEBUG    [single line]   org/apache/commons/math/util/LocalizedFormats.java <clinit> 154
2021-07-04 07:59:48,922 DEBUG                  - depth 0, hash 1eaea0b, HEAD~18
2021-07-04 07:59:48,928 DEBUG    [single line]   org/apache/commons/math/util/LocalizedFormats.java <clinit> 155
2021-07-04 07:59:49,010 DEBUG                  - depth 0, hash 1eaea0b, HEAD~18
2021-07-04 07:59:49,016 DEBUG    [single line]   org/apache/commons/math/util/LocalizedFormats.java <clinit> 156
2021-07-04 07:59:49,099 DEBUG                  - depth 0, hash 1eaea0b, HEAD~18
2021-07-04 07:59:49,105 DEBUG    [single line]   org/apache/commons/math/util/LocalizedFormats.java <clinit> 157
2021-07-04 07:59:49,188 DEBUG                  - depth 0, hash 1eaea0b, HEAD~18
2021-07-04 07:59:49,194 DEBUG    [single line]   org/apache/commons/math/util/LocalizedFormats.java <clinit> 158
2021-07-04 07:59:49,276 DEBUG                  - depth 0, hash 1eaea0b, HEAD~18
2021-07-04 07:59:49,282 DEBUG    [single line]   org/apache/commons/math/util/LocalizedFormats.java <clinit> 159
2021-07-04 07:59:49,365 DEBUG                  - depth 0, hash 1eaea0b, HEAD~18
2021-07-04 07:59:49,371 DEBUG    [single line]   org/apache/commons/math/util/LocalizedFormats.java <clinit> 160
2021-07-04 07:59:49,454 DEBUG                  - depth 0, hash 1eaea0b, HEAD~18
2021-07-04 07:59:49,460 DEBUG    [single line]   org/apache/commons/math/util/LocalizedFormats.java <clinit> 161
2021-07-04 07:59:49,542 DEBUG                  - depth 0, hash 1eaea0b, HEAD~18
2021-07-04 07:59:49,548 DEBUG    [single line]   org/apache/commons/math/util/LocalizedFormats.java <clinit> 162
2021-07-04 07:59:49,631 DEBUG                  - depth 0, hash 1eaea0b, HEAD~18
2021-07-04 07:59:49,637 DEBUG    [single line]   org/apache/commons/math/util/LocalizedFormats.java <clinit> 163
2021-07-04 07:59:49,720 DEBUG                  - depth 0, hash 8c13108, HEAD~7
2021-07-04 07:59:49,726 DEBUG    [single line]   org/apache/commons/math/util/LocalizedFormats.java <clinit> 164
2021-07-04 07:59:49,809 DEBUG                  - depth 0, hash 1eaea0b, HEAD~18
2021-07-04 07:59:49,814 DEBUG    [single line]   org/apache/commons/math/util/LocalizedFormats.java <clinit> 165
2021-07-04 07:59:49,898 DEBUG                  - depth 0, hash 1eaea0b, HEAD~18
2021-07-04 07:59:49,903 DEBUG    [single line]   org/apache/commons/math/util/LocalizedFormats.java <clinit> 166
2021-07-04 07:59:49,986 DEBUG                  - depth 0, hash 1eaea0b, HEAD~18
2021-07-04 07:59:49,992 DEBUG    [single line]   org/apache/commons/math/util/LocalizedFormats.java <clinit> 167
2021-07-04 07:59:50,074 DEBUG                  - depth 0, hash 8c13108, HEAD~7
2021-07-04 07:59:50,080 DEBUG    [single line]   org/apache/commons/math/util/LocalizedFormats.java <clinit> 168
2021-07-04 07:59:50,163 DEBUG                  - depth 0, hash 1eaea0b, HEAD~18
2021-07-04 07:59:50,169 DEBUG    [single line]   org/apache/commons/math/util/LocalizedFormats.java <clinit> 169
2021-07-04 07:59:50,252 DEBUG                  - depth 0, hash 1eaea0b, HEAD~18
2021-07-04 07:59:50,257 DEBUG    [single line]   org/apache/commons/math/util/LocalizedFormats.java <clinit> 170
2021-07-04 07:59:50,340 DEBUG                  - depth 0, hash 1eaea0b, HEAD~18
2021-07-04 07:59:50,346 DEBUG    [single line]   org/apache/commons/math/util/LocalizedFormats.java <clinit> 171
2021-07-04 07:59:50,432 DEBUG                  - depth 0, hash 1eaea0b, HEAD~18
2021-07-04 07:59:50,438 DEBUG    [single line]   org/apache/commons/math/util/LocalizedFormats.java <clinit> 172
2021-07-04 07:59:50,524 DEBUG                  - depth 0, hash 1eaea0b, HEAD~18
2021-07-04 07:59:50,530 DEBUG    [single line]   org/apache/commons/math/util/LocalizedFormats.java <clinit> 173
2021-07-04 07:59:50,613 DEBUG                  - depth 0, hash 1eaea0b, HEAD~18
2021-07-04 07:59:50,619 DEBUG    [single line]   org/apache/commons/math/util/LocalizedFormats.java <clinit> 174
2021-07-04 07:59:50,702 DEBUG                  - depth 0, hash 1eaea0b, HEAD~18
2021-07-04 07:59:50,707 DEBUG    [single line]   org/apache/commons/math/util/LocalizedFormats.java <clinit> 175
2021-07-04 07:59:50,790 DEBUG                  - depth 0, hash 1eaea0b, HEAD~18
2021-07-04 07:59:50,796 DEBUG    [single line]   org/apache/commons/math/util/LocalizedFormats.java <clinit> 176
2021-07-04 07:59:50,882 DEBUG                  - depth 0, hash 1eaea0b, HEAD~18
2021-07-04 07:59:50,888 DEBUG    [single line]   org/apache/commons/math/util/LocalizedFormats.java <clinit> 177
2021-07-04 07:59:50,971 DEBUG                  - depth 0, hash 40c5b89, HEAD~4
2021-07-04 07:59:50,977 DEBUG    [single line]   org/apache/commons/math/util/LocalizedFormats.java <clinit> 178
2021-07-04 07:59:51,060 DEBUG                  - depth 0, hash 1eaea0b, HEAD~18
2021-07-04 07:59:51,066 DEBUG    [single line]   org/apache/commons/math/util/LocalizedFormats.java <clinit> 179
2021-07-04 07:59:51,149 DEBUG                  - depth 0, hash 40c5b89, HEAD~4
2021-07-04 07:59:51,154 DEBUG    [single line]   org/apache/commons/math/util/LocalizedFormats.java <clinit> 180
2021-07-04 07:59:51,238 DEBUG                  - depth 0, hash 1eaea0b, HEAD~18
2021-07-04 07:59:51,243 DEBUG    [single line]   org/apache/commons/math/util/LocalizedFormats.java <clinit> 181
2021-07-04 07:59:51,329 DEBUG                  - depth 0, hash 40c5b89, HEAD~4
2021-07-04 07:59:51,335 DEBUG    [single line]   org/apache/commons/math/util/LocalizedFormats.java <clinit> 182
2021-07-04 07:59:51,421 DEBUG                  - depth 0, hash 1eaea0b, HEAD~18
2021-07-04 07:59:51,427 DEBUG    [single line]   org/apache/commons/math/util/LocalizedFormats.java <clinit> 183
2021-07-04 07:59:51,510 DEBUG                  - depth 0, hash 40c5b89, HEAD~4
2021-07-04 07:59:51,516 DEBUG    [single line]   org/apache/commons/math/util/LocalizedFormats.java <clinit> 184
2021-07-04 07:59:51,599 DEBUG                  - depth 0, hash 1eaea0b, HEAD~18
2021-07-04 07:59:51,604 DEBUG    [single line]   org/apache/commons/math/util/LocalizedFormats.java <clinit> 185
2021-07-04 07:59:51,687 DEBUG                  - depth 0, hash 1eaea0b, HEAD~18
2021-07-04 07:59:51,693 DEBUG    [single line]   org/apache/commons/math/util/LocalizedFormats.java <clinit> 186
2021-07-04 07:59:51,776 DEBUG                  - depth 0, hash 1eaea0b, HEAD~18
2021-07-04 07:59:51,782 DEBUG    [single line]   org/apache/commons/math/util/LocalizedFormats.java <clinit> 187
2021-07-04 07:59:51,865 DEBUG                  - depth 0, hash 1eaea0b, HEAD~18
2021-07-04 07:59:51,871 DEBUG    [single line]   org/apache/commons/math/util/LocalizedFormats.java <clinit> 188
2021-07-04 07:59:51,957 DEBUG                  - depth 0, hash 1eaea0b, HEAD~18
2021-07-04 07:59:51,962 DEBUG    [single line]   org/apache/commons/math/util/LocalizedFormats.java <clinit> 189
2021-07-04 07:59:52,045 DEBUG                  - depth 0, hash 1eaea0b, HEAD~18
2021-07-04 07:59:52,051 DEBUG    [single line]   org/apache/commons/math/util/LocalizedFormats.java <clinit> 190
2021-07-04 07:59:52,134 DEBUG                  - depth 0, hash 1eaea0b, HEAD~18
2021-07-04 07:59:52,140 DEBUG    [single line]   org/apache/commons/math/util/LocalizedFormats.java <clinit> 191
2021-07-04 07:59:52,226 DEBUG                  - depth 0, hash 40c5b89, HEAD~4
2021-07-04 07:59:52,231 DEBUG    [single line]   org/apache/commons/math/util/LocalizedFormats.java <clinit> 192
2021-07-04 07:59:52,318 DEBUG                  - depth 0, hash 1eaea0b, HEAD~18
2021-07-04 07:59:52,323 DEBUG    [single line]   org/apache/commons/math/util/LocalizedFormats.java <clinit> 193
2021-07-04 07:59:52,407 DEBUG                  - depth 0, hash 1eaea0b, HEAD~18
2021-07-04 07:59:52,412 DEBUG    [single line]   org/apache/commons/math/util/LocalizedFormats.java <clinit> 194
2021-07-04 07:59:52,496 DEBUG                  - depth 0, hash 1eaea0b, HEAD~18
2021-07-04 07:59:52,501 DEBUG    [single line]   org/apache/commons/math/util/LocalizedFormats.java <clinit> 195
2021-07-04 07:59:52,584 DEBUG                  - depth 0, hash 1eaea0b, HEAD~18
2021-07-04 07:59:52,590 DEBUG    [single line]   org/apache/commons/math/util/LocalizedFormats.java <clinit> 196
2021-07-04 07:59:52,677 DEBUG                  - depth 0, hash 1eaea0b, HEAD~18
2021-07-04 07:59:52,682 DEBUG    [single line]   org/apache/commons/math/util/LocalizedFormats.java <clinit> 197
2021-07-04 07:59:52,768 DEBUG                  - depth 0, hash 1eaea0b, HEAD~18
2021-07-04 07:59:52,774 DEBUG    [single line]   org/apache/commons/math/util/LocalizedFormats.java <clinit> 198
2021-07-04 07:59:52,860 DEBUG                  - depth 0, hash 8c13108, HEAD~7
2021-07-04 07:59:52,866 DEBUG    [single line]   org/apache/commons/math/util/LocalizedFormats.java <clinit> 199
2021-07-04 07:59:52,953 DEBUG                  - depth 0, hash 1eaea0b, HEAD~18
2021-07-04 07:59:52,959 DEBUG    [single line]   org/apache/commons/math/util/LocalizedFormats.java <clinit> 200
2021-07-04 07:59:53,045 DEBUG                  - depth 0, hash 1eaea0b, HEAD~18
2021-07-04 07:59:53,051 DEBUG    [single line]   org/apache/commons/math/util/LocalizedFormats.java <clinit> 201
2021-07-04 07:59:53,137 DEBUG                  - depth 0, hash 8c13108, HEAD~7
2021-07-04 07:59:53,143 DEBUG    [single line]   org/apache/commons/math/util/LocalizedFormats.java <clinit> 202
2021-07-04 07:59:53,229 DEBUG                  - depth 0, hash 1eaea0b, HEAD~18
2021-07-04 07:59:53,235 DEBUG    [single line]   org/apache/commons/math/util/LocalizedFormats.java <clinit> 203
2021-07-04 07:59:53,321 DEBUG                  - depth 0, hash 1eaea0b, HEAD~18
2021-07-04 07:59:53,326 DEBUG    [single line]   org/apache/commons/math/util/LocalizedFormats.java <clinit> 204
2021-07-04 07:59:53,412 DEBUG                  - depth 0, hash 1eaea0b, HEAD~18
2021-07-04 07:59:53,418 DEBUG    [single line]   org/apache/commons/math/util/LocalizedFormats.java <clinit> 205
2021-07-04 07:59:53,505 DEBUG                  - depth 0, hash 1eaea0b, HEAD~18
2021-07-04 07:59:53,510 DEBUG    [single line]   org/apache/commons/math/util/LocalizedFormats.java <clinit> 206
2021-07-04 07:59:53,596 DEBUG                  - depth 0, hash 8c13108, HEAD~7
2021-07-04 07:59:53,602 DEBUG                  - depth 1, hash 1eaea0b, HEAD~18
2021-07-04 07:59:53,606 DEBUG    [single line]   org/apache/commons/math/util/LocalizedFormats.java <clinit> 207
2021-07-04 07:59:53,692 DEBUG                  - depth 0, hash 1eaea0b, HEAD~18
2021-07-04 07:59:53,698 DEBUG    [single line]   org/apache/commons/math/util/LocalizedFormats.java <clinit> 208
2021-07-04 07:59:53,784 DEBUG                  - depth 0, hash 1eaea0b, HEAD~18
2021-07-04 07:59:53,790 DEBUG    [single line]   org/apache/commons/math/util/LocalizedFormats.java <clinit> 209
2021-07-04 07:59:53,876 DEBUG                  - depth 0, hash 1eaea0b, HEAD~18
2021-07-04 07:59:53,882 DEBUG    [single line]   org/apache/commons/math/util/LocalizedFormats.java <clinit> 210
2021-07-04 07:59:53,968 DEBUG                  - depth 0, hash 1eaea0b, HEAD~18
2021-07-04 07:59:53,974 DEBUG    [single line]   org/apache/commons/math/util/LocalizedFormats.java <clinit> 211
2021-07-04 07:59:54,056 DEBUG                  - depth 0, hash 1eaea0b, HEAD~18
2021-07-04 07:59:54,062 DEBUG    [single line]   org/apache/commons/math/util/LocalizedFormats.java <clinit> 212
2021-07-04 07:59:54,150 DEBUG                  - depth 0, hash 1eaea0b, HEAD~18
2021-07-04 07:59:54,155 DEBUG    [single line]   org/apache/commons/math/util/LocalizedFormats.java <clinit> 213
2021-07-04 07:59:54,239 DEBUG                  - depth 0, hash 1eaea0b, HEAD~18
2021-07-04 07:59:54,244 DEBUG    [single line]   org/apache/commons/math/util/LocalizedFormats.java <clinit> 214
2021-07-04 07:59:54,331 DEBUG                  - depth 0, hash 1eaea0b, HEAD~18
2021-07-04 07:59:54,337 DEBUG    [single line]   org/apache/commons/math/util/LocalizedFormats.java <clinit> 215
2021-07-04 07:59:54,419 DEBUG                  - depth 0, hash 1eaea0b, HEAD~18
2021-07-04 07:59:54,425 DEBUG    [single line]   org/apache/commons/math/util/LocalizedFormats.java <clinit> 216
2021-07-04 07:59:54,512 DEBUG                  - depth 0, hash 1eaea0b, HEAD~18
2021-07-04 07:59:54,517 DEBUG    [single line]   org/apache/commons/math/util/LocalizedFormats.java <clinit> 217
2021-07-04 07:59:54,601 DEBUG                  - depth 0, hash 1eaea0b, HEAD~18
2021-07-04 07:59:54,606 DEBUG    [single line]   org/apache/commons/math/util/LocalizedFormats.java <clinit> 218
2021-07-04 07:59:54,689 DEBUG                  - depth 0, hash 1eaea0b, HEAD~18
2021-07-04 07:59:54,695 DEBUG    [single line]   org/apache/commons/math/util/LocalizedFormats.java <clinit> 219
2021-07-04 07:59:54,781 DEBUG                  - depth 0, hash d81a1df, HEAD~15
2021-07-04 07:59:54,787 DEBUG                  - depth 1, hash 1eaea0b, HEAD~18
2021-07-04 07:59:54,791 DEBUG    [single line]   org/apache/commons/math/util/LocalizedFormats.java <clinit> 220
2021-07-04 07:59:54,874 DEBUG                  - depth 0, hash 1eaea0b, HEAD~18
2021-07-04 07:59:54,880 DEBUG    [single line]   org/apache/commons/math/util/LocalizedFormats.java <clinit> 221
2021-07-04 07:59:54,963 DEBUG                  - depth 0, hash 1eaea0b, HEAD~18
2021-07-04 07:59:54,969 DEBUG    [single line]   org/apache/commons/math/util/LocalizedFormats.java <clinit> 222
2021-07-04 07:59:55,052 DEBUG                  - depth 0, hash 1eaea0b, HEAD~18
2021-07-04 07:59:55,058 DEBUG    [single line]   org/apache/commons/math/util/LocalizedFormats.java <clinit> 223
2021-07-04 07:59:55,144 DEBUG                  - depth 0, hash 1eaea0b, HEAD~18
2021-07-04 07:59:55,150 DEBUG    [single line]   org/apache/commons/math/util/LocalizedFormats.java <clinit> 224
2021-07-04 07:59:55,232 DEBUG                  - depth 0, hash 1eaea0b, HEAD~18
2021-07-04 07:59:55,238 DEBUG    [single line]   org/apache/commons/math/util/LocalizedFormats.java <clinit> 225
2021-07-04 07:59:55,321 DEBUG                  - depth 0, hash 405e396, HEAD~6
2021-07-04 07:59:55,327 DEBUG    [single line]   org/apache/commons/math/util/LocalizedFormats.java <clinit> 226
2021-07-04 07:59:55,413 DEBUG                  - depth 0, hash 405e396, HEAD~6
2021-07-04 07:59:55,418 DEBUG    [single line]   org/apache/commons/math/util/LocalizedFormats.java <clinit> 227
2021-07-04 07:59:55,501 DEBUG                  - depth 0, hash 405e396, HEAD~6
2021-07-04 07:59:55,507 DEBUG    [single line]   org/apache/commons/math/util/LocalizedFormats.java <clinit> 228
2021-07-04 07:59:55,590 DEBUG                  - depth 0, hash 405e396, HEAD~6
2021-07-04 07:59:55,596 DEBUG    [single line]   org/apache/commons/math/util/LocalizedFormats.java <clinit> 229
2021-07-04 07:59:55,679 DEBUG                  - depth 0, hash 1eaea0b, HEAD~18
2021-07-04 07:59:55,685 DEBUG    [single line]   org/apache/commons/math/util/LocalizedFormats.java <clinit> 230
2021-07-04 07:59:55,768 DEBUG                  - depth 0, hash 1eaea0b, HEAD~18
2021-07-04 07:59:55,773 DEBUG    [single line]   org/apache/commons/math/util/LocalizedFormats.java <clinit> 231
2021-07-04 07:59:55,856 DEBUG                  - depth 0, hash 1eaea0b, HEAD~18
2021-07-04 07:59:55,862 DEBUG    [single line]   org/apache/commons/math/util/LocalizedFormats.java <clinit> 232
2021-07-04 07:59:55,945 DEBUG                  - depth 0, hash 1eaea0b, HEAD~18
2021-07-04 07:59:55,951 DEBUG    [single line]   org/apache/commons/math/util/LocalizedFormats.java <clinit> 233
2021-07-04 07:59:56,034 DEBUG                  - depth 0, hash 1eaea0b, HEAD~18
2021-07-04 07:59:56,040 DEBUG    [single line]   org/apache/commons/math/util/LocalizedFormats.java <clinit> 234
2021-07-04 07:59:56,126 DEBUG                  - depth 0, hash 1eaea0b, HEAD~18
2021-07-04 07:59:56,132 DEBUG    [single line]   org/apache/commons/math/util/LocalizedFormats.java <clinit> 235
2021-07-04 07:59:56,215 DEBUG                  - depth 0, hash 1eaea0b, HEAD~18
2021-07-04 07:59:56,221 DEBUG    [single line]   org/apache/commons/math/util/LocalizedFormats.java <clinit> 236
2021-07-04 07:59:56,306 DEBUG                  - depth 0, hash 1eaea0b, HEAD~18
2021-07-04 07:59:56,311 DEBUG    [single line]   org/apache/commons/math/util/LocalizedFormats.java <clinit> 237
2021-07-04 07:59:56,394 DEBUG                  - depth 0, hash 1eaea0b, HEAD~18
2021-07-04 07:59:56,400 DEBUG    [single line]   org/apache/commons/math/util/LocalizedFormats.java <clinit> 238
2021-07-04 07:59:56,484 DEBUG                  - depth 0, hash 3693e02, HEAD~10
2021-07-04 07:59:56,489 DEBUG                  - depth 1, hash 1eaea0b, HEAD~18
2021-07-04 07:59:56,494 DEBUG    [single line]   org/apache/commons/math/util/LocalizedFormats.java <clinit> 239
2021-07-04 07:59:56,581 DEBUG                  - depth 0, hash 1eaea0b, HEAD~18
2021-07-04 07:59:56,587 DEBUG    [single line]   org/apache/commons/math/util/LocalizedFormats.java <clinit> 240
2021-07-04 07:59:56,673 DEBUG                  - depth 0, hash 1eaea0b, HEAD~18
2021-07-04 07:59:56,679 DEBUG    [single line]   org/apache/commons/math/util/LocalizedFormats.java <clinit> 241
2021-07-04 07:59:56,765 DEBUG                  - depth 0, hash 1eaea0b, HEAD~18
2021-07-04 07:59:56,771 DEBUG    [single line]   org/apache/commons/math/util/LocalizedFormats.java <clinit> 242
2021-07-04 07:59:56,857 DEBUG                  - depth 0, hash 40c5b89, HEAD~4
2021-07-04 07:59:56,862 DEBUG                  - depth 1, hash 1eaea0b, HEAD~18
2021-07-04 07:59:56,867 DEBUG    [single line]   org/apache/commons/math/util/LocalizedFormats.java <clinit> 243
2021-07-04 07:59:56,949 DEBUG                  - depth 0, hash 1eaea0b, HEAD~18
2021-07-04 07:59:56,955 DEBUG    [single line]   org/apache/commons/math/util/LocalizedFormats.java <clinit> 244
2021-07-04 07:59:57,038 DEBUG                  - depth 0, hash 1eaea0b, HEAD~18
2021-07-04 07:59:57,044 DEBUG    [single line]   org/apache/commons/math/util/LocalizedFormats.java <clinit> 245
2021-07-04 07:59:57,127 DEBUG                  - depth 0, hash 1eaea0b, HEAD~18
2021-07-04 07:59:57,132 DEBUG    [single line]   org/apache/commons/math/util/LocalizedFormats.java <clinit> 246
2021-07-04 07:59:57,215 DEBUG                  - depth 0, hash 1eaea0b, HEAD~18
2021-07-04 07:59:57,221 DEBUG    [single line]   org/apache/commons/math/util/LocalizedFormats.java <clinit> 247
2021-07-04 07:59:57,304 DEBUG                  - depth 0, hash d81a1df, HEAD~15
2021-07-04 07:59:57,310 DEBUG    [single line]   org/apache/commons/math/util/LocalizedFormats.java <clinit> 248
2021-07-04 07:59:57,393 DEBUG                  - depth 0, hash 1eaea0b, HEAD~18
2021-07-04 07:59:57,399 DEBUG    [single line]   org/apache/commons/math/util/LocalizedFormats.java <clinit> 249
2021-07-04 07:59:57,482 DEBUG                  - depth 0, hash 1eaea0b, HEAD~18
2021-07-04 07:59:57,487 DEBUG    [single line]   org/apache/commons/math/util/LocalizedFormats.java <clinit> 250
2021-07-04 07:59:57,571 DEBUG                  - depth 0, hash 1eaea0b, HEAD~18
2021-07-04 07:59:57,577 DEBUG    [single line]   org/apache/commons/math/util/LocalizedFormats.java <clinit> 251
2021-07-04 07:59:57,660 DEBUG                  - depth 0, hash 1eaea0b, HEAD~18
2021-07-04 07:59:57,666 DEBUG    [single line]   org/apache/commons/math/util/LocalizedFormats.java <clinit> 252
2021-07-04 07:59:57,749 DEBUG                  - depth 0, hash 40c5b89, HEAD~4
2021-07-04 07:59:57,754 DEBUG                  - depth 1, hash 1eaea0b, HEAD~18
2021-07-04 07:59:57,759 DEBUG    [single line]   org/apache/commons/math/util/LocalizedFormats.java <clinit> 253
2021-07-04 07:59:57,842 DEBUG                  - depth 0, hash 1eaea0b, HEAD~18
2021-07-04 07:59:57,848 DEBUG    [single line]   org/apache/commons/math/util/LocalizedFormats.java <clinit> 254
2021-07-04 07:59:57,931 DEBUG                  - depth 0, hash 1eaea0b, HEAD~18
2021-07-04 07:59:57,936 DEBUG    [single line]   org/apache/commons/math/util/LocalizedFormats.java <clinit> 255
2021-07-04 07:59:58,020 DEBUG                  - depth 0, hash 1eaea0b, HEAD~18
2021-07-04 07:59:58,026 DEBUG    [single line]   org/apache/commons/math/util/LocalizedFormats.java <clinit> 256
2021-07-04 07:59:58,109 DEBUG                  - depth 0, hash 1eaea0b, HEAD~18
2021-07-04 07:59:58,114 DEBUG    [single line]   org/apache/commons/math/util/LocalizedFormats.java <clinit> 257
2021-07-04 07:59:58,197 DEBUG                  - depth 0, hash 1eaea0b, HEAD~18
2021-07-04 07:59:58,203 DEBUG    [single line]   org/apache/commons/math/util/LocalizedFormats.java <clinit> 258
2021-07-04 07:59:58,286 DEBUG                  - depth 0, hash 1eaea0b, HEAD~18
2021-07-04 07:59:58,292 DEBUG    [single line]   org/apache/commons/math/util/LocalizedFormats.java <clinit> 259
2021-07-04 07:59:58,375 DEBUG                  - depth 0, hash 1eaea0b, HEAD~18
2021-07-04 07:59:58,381 DEBUG    [single line]   org/apache/commons/math/util/LocalizedFormats.java <clinit> 260
2021-07-04 07:59:58,464 DEBUG                  - depth 0, hash 1eaea0b, HEAD~18
2021-07-04 07:59:58,470 DEBUG    [single line]   org/apache/commons/math/util/LocalizedFormats.java <clinit> 261
2021-07-04 07:59:58,553 DEBUG                  - depth 0, hash 1eaea0b, HEAD~18
2021-07-04 07:59:58,559 DEBUG    [single line]   org/apache/commons/math/util/LocalizedFormats.java <clinit> 262
2021-07-04 07:59:58,642 DEBUG                  - depth 0, hash 1eaea0b, HEAD~18
2021-07-04 07:59:58,648 DEBUG    [single line]   org/apache/commons/math/util/LocalizedFormats.java <clinit> 263
2021-07-04 07:59:58,731 DEBUG                  - depth 0, hash 1eaea0b, HEAD~18
2021-07-04 07:59:58,737 DEBUG    [single line]   org/apache/commons/math/util/LocalizedFormats.java <clinit> 264
2021-07-04 07:59:58,820 DEBUG                  - depth 0, hash 1eaea0b, HEAD~18
2021-07-04 07:59:58,826 DEBUG    [single line]   org/apache/commons/math/util/LocalizedFormats.java <clinit> 265
2021-07-04 07:59:58,909 DEBUG                  - depth 0, hash 1eaea0b, HEAD~18
2021-07-04 07:59:58,914 DEBUG    [single line]   org/apache/commons/math/util/LocalizedFormats.java <clinit> 266
2021-07-04 07:59:58,998 DEBUG                  - depth 0, hash 1eaea0b, HEAD~18
2021-07-04 07:59:59,004 DEBUG    [single line]   org/apache/commons/math/util/LocalizedFormats.java <clinit> 267
2021-07-04 07:59:59,087 DEBUG                  - depth 0, hash 1eaea0b, HEAD~18
2021-07-04 07:59:59,093 DEBUG    [single line]   org/apache/commons/math/util/LocalizedFormats.java <clinit> 268
2021-07-04 07:59:59,176 DEBUG                  - depth 0, hash 1eaea0b, HEAD~18
2021-07-04 07:59:59,182 DEBUG    [single line]   org/apache/commons/math/util/LocalizedFormats.java <clinit> 269
2021-07-04 07:59:59,265 DEBUG                  - depth 0, hash 1eaea0b, HEAD~18
2021-07-04 07:59:59,271 DEBUG    [single line]   org/apache/commons/math/util/LocalizedFormats.java <clinit> 270
2021-07-04 07:59:59,353 DEBUG                  - depth 0, hash 1eaea0b, HEAD~18
2021-07-04 07:59:59,359 DEBUG    [single line]   org/apache/commons/math/util/LocalizedFormats.java <clinit> 271
2021-07-04 07:59:59,446 DEBUG                  - depth 0, hash 1eaea0b, HEAD~18
2021-07-04 07:59:59,452 DEBUG    [single line]   org/apache/commons/math/util/LocalizedFormats.java <clinit> 272
2021-07-04 07:59:59,535 DEBUG                  - depth 0, hash 1eaea0b, HEAD~18
2021-07-04 07:59:59,541 DEBUG    [single line]   org/apache/commons/math/util/LocalizedFormats.java <clinit> 273
2021-07-04 07:59:59,625 DEBUG                  - depth 0, hash 1eaea0b, HEAD~18
2021-07-04 07:59:59,630 DEBUG    [single line]   org/apache/commons/math/util/LocalizedFormats.java <clinit> 274
2021-07-04 07:59:59,717 DEBUG                  - depth 0, hash 1eaea0b, HEAD~18
2021-07-04 07:59:59,723 DEBUG    [single line]   org/apache/commons/math/util/LocalizedFormats.java <clinit> 275
2021-07-04 07:59:59,806 DEBUG                  - depth 0, hash 1eaea0b, HEAD~18
2021-07-04 07:59:59,811 DEBUG    [single line]   org/apache/commons/math/util/LocalizedFormats.java <clinit> 276
2021-07-04 07:59:59,894 DEBUG                  - depth 0, hash 1eaea0b, HEAD~18
2021-07-04 07:59:59,900 DEBUG    [single line]   org/apache/commons/math/util/LocalizedFormats.java <clinit> 277
2021-07-04 07:59:59,983 DEBUG                  - depth 0, hash 1eaea0b, HEAD~18
2021-07-04 07:59:59,989 DEBUG    [single line]   org/apache/commons/math/util/LocalizedFormats.java <clinit> 278
2021-07-04 08:00:00,073 DEBUG                  - depth 0, hash 1eaea0b, HEAD~18
2021-07-04 08:00:00,078 DEBUG    [single line]   org/apache/commons/math/util/LocalizedFormats.java <clinit> 279
2021-07-04 08:00:00,161 DEBUG                  - depth 0, hash 1eaea0b, HEAD~18
2021-07-04 08:00:00,167 DEBUG    [single line]   org/apache/commons/math/util/LocalizedFormats.java <clinit> 280
2021-07-04 08:00:00,250 DEBUG                  - depth 0, hash 1eaea0b, HEAD~18
2021-07-04 08:00:00,256 DEBUG    [single line]   org/apache/commons/math/util/LocalizedFormats.java <clinit> 281
2021-07-04 08:00:00,339 DEBUG                  - depth 0, hash 1eaea0b, HEAD~18
2021-07-04 08:00:00,345 DEBUG    [single line]   org/apache/commons/math/util/LocalizedFormats.java <clinit> 282
2021-07-04 08:00:00,432 DEBUG                  - depth 0, hash 1eaea0b, HEAD~18
2021-07-04 08:00:00,437 DEBUG    [single line]   org/apache/commons/math/util/LocalizedFormats.java <clinit> 283
2021-07-04 08:00:00,521 DEBUG                  - depth 0, hash 1eaea0b, HEAD~18
2021-07-04 08:00:00,526 DEBUG    [single line]   org/apache/commons/math/util/LocalizedFormats.java <clinit> 284
2021-07-04 08:00:00,610 DEBUG                  - depth 0, hash d81a1df, HEAD~15
2021-07-04 08:00:00,615 DEBUG    [single line]   org/apache/commons/math/util/LocalizedFormats.java <clinit> 285
2021-07-04 08:00:00,699 DEBUG                  - depth 0, hash 1eaea0b, HEAD~18
2021-07-04 08:00:00,704 DEBUG    [single line]   org/apache/commons/math/util/LocalizedFormats.java <clinit> 286
2021-07-04 08:00:00,787 DEBUG                  - depth 0, hash 1eaea0b, HEAD~18
2021-07-04 08:00:00,793 DEBUG    [single line]   org/apache/commons/math/util/LocalizedFormats.java <clinit> 287
2021-07-04 08:00:00,877 DEBUG                  - depth 0, hash 07d703b, HEAD~5
2021-07-04 08:00:00,882 DEBUG    [single line]   org/apache/commons/math/util/LocalizedFormats.java <clinit> 288
2021-07-04 08:00:00,967 DEBUG                  - depth 0, hash 1eaea0b, HEAD~18
2021-07-04 08:00:00,973 DEBUG    [single line]   org/apache/commons/math/util/LocalizedFormats.java <clinit> 289
2021-07-04 08:00:01,056 DEBUG                  - depth 0, hash 1eaea0b, HEAD~18
2021-07-04 08:00:01,062 DEBUG    [single line]   org/apache/commons/math/util/LocalizedFormats.java <clinit> 290
2021-07-04 08:00:01,145 DEBUG                  - depth 0, hash 1eaea0b, HEAD~18
2021-07-04 08:00:01,151 DEBUG    [single line]   org/apache/commons/math/util/LocalizedFormats.java <clinit> 291
2021-07-04 08:00:01,234 DEBUG                  - depth 0, hash 1eaea0b, HEAD~18
2021-07-04 08:00:01,240 DEBUG    [single line]   org/apache/commons/math/util/LocalizedFormats.java <clinit> 292
2021-07-04 08:00:01,323 DEBUG                  - depth 0, hash 1eaea0b, HEAD~18
2021-07-04 08:00:01,329 DEBUG    [single line]   org/apache/commons/math/util/LocalizedFormats.java <clinit> 293
2021-07-04 08:00:01,412 DEBUG                  - depth 0, hash 1eaea0b, HEAD~18
2021-07-04 08:00:01,418 DEBUG    [line range] org/apache/commons/math/util/LocalizedFormats.java <init> 305:307
2021-07-04 08:00:01,501 DEBUG                  - depth 0, hash 1eaea0b, HEAD~18
2021-07-04 08:00:01,507 INFO     The number of BIC candidates: 27
