2021-07-04 07:03:41,773 INFO     Search BICs for /tmp/Math-30b/
2021-07-04 07:03:41,773 DEBUG    Reading the coverage of org.apache.commons.math3.stat.inference.MannWhitneyUTestTest::testBigDataSet (failings)
2021-07-04 07:03:41,798 INFO     Loaded 1x349 Coverage Matrix
2021-07-04 07:03:41,799 INFO     The number of total commits: 3898
2021-07-04 07:03:42,141 DEBUG    [line range] org/apache/commons/math3/distribution/AbstractRealDistribution.java <init> 47:47
2021-07-04 07:03:42,348 DEBUG                  - depth 0, hash b7c6f9c, HEAD~423
2021-07-04 07:03:42,354 DEBUG                  - depth 1, hash 71f799c, HEAD~1514
2021-07-04 07:03:42,358 DEBUG                  - depth 2, hash 0a90446, HEAD~3705
2021-07-04 07:03:42,694 DEBUG    [line range] org/apache/commons/math3/distribution/NormalDistribution.java <clinit> 42:42
2021-07-04 07:03:42,916 DEBUG                  - depth 0, hash 2052f37, HEAD~479
2021-07-04 07:03:42,921 DEBUG                  - depth 1, hash 38844d1, HEAD~1517
2021-07-04 07:03:42,925 DEBUG                  - depth 2, hash 9220f38, HEAD~2564
2021-07-04 07:03:42,929 DEBUG                  - depth 3, hash ac9e22b, HEAD~3504
2021-07-04 07:03:42,934 DEBUG    [line range] org/apache/commons/math3/distribution/NormalDistribution.java <init> 59:62
2021-07-04 07:03:43,142 DEBUG                  - depth 0, hash 2052f37, HEAD~479
2021-07-04 07:03:43,147 DEBUG                  - depth 1, hash 38844d1, HEAD~1517
2021-07-04 07:03:43,151 DEBUG                  - depth 2, hash 9220f38, HEAD~2564
2021-07-04 07:03:43,155 DEBUG                  - depth 3, hash ac9e22b, HEAD~3504
2021-07-04 07:03:43,159 DEBUG    [line range] org/apache/commons/math3/distribution/NormalDistribution.java <init> 74:83
2021-07-04 07:03:43,367 DEBUG                  - depth 0, hash b7c6f9c, HEAD~423
2021-07-04 07:03:43,372 DEBUG                  - depth 1, hash 2052f37, HEAD~479
2021-07-04 07:03:43,376 DEBUG                  - depth 2, hash 38844d1, HEAD~1517
2021-07-04 07:03:43,380 DEBUG                  - depth 3, hash 9220f38, HEAD~2564
2021-07-04 07:03:43,384 DEBUG                  - depth 4, hash ac9e22b, HEAD~3504
2021-07-04 07:03:43,389 DEBUG    [line range] org/apache/commons/math3/distribution/NormalDistribution.java cumulativeProbability 136:142
2021-07-04 07:03:43,591 DEBUG                  - depth 0, hash 2052f37, HEAD~479
2021-07-04 07:03:43,596 DEBUG                  - depth 1, hash bd4c068, HEAD~3144
2021-07-04 07:03:43,600 DEBUG                  - depth 2, hash ac9e22b, HEAD~3504
2021-07-04 07:03:44,039 DEBUG    [single line]   org/apache/commons/math3/random/RandomDataImpl.java <clinit> 139
2021-07-04 07:03:44,235 DEBUG                  - depth 0, hash 0df6e2d, HEAD~999
2021-07-04 07:03:44,240 DEBUG    [single line]   org/apache/commons/math3/random/RandomDataImpl.java <clinit> 140
2021-07-04 07:03:44,435 DEBUG                  - depth 0, hash 0df6e2d, HEAD~999
2021-07-04 07:03:44,441 DEBUG    [single line]   org/apache/commons/math3/random/RandomDataImpl.java <clinit> 141
2021-07-04 07:03:44,639 DEBUG                  - depth 0, hash 0df6e2d, HEAD~999
2021-07-04 07:03:44,644 DEBUG    [single line]   org/apache/commons/math3/random/RandomDataImpl.java <clinit> 149
2021-07-04 07:03:44,839 DEBUG                  - depth 0, hash 0df6e2d, HEAD~999
2021-07-04 07:03:44,844 DEBUG    [single line]   org/apache/commons/math3/random/RandomDataImpl.java <clinit> 151
2021-07-04 07:03:45,045 DEBUG                  - depth 0, hash 0df6e2d, HEAD~999
2021-07-04 07:03:45,051 DEBUG    [single line]   org/apache/commons/math3/random/RandomDataImpl.java <clinit> 152
2021-07-04 07:03:45,245 DEBUG                  - depth 0, hash 87e0de0, HEAD~587
2021-07-04 07:03:45,250 DEBUG                  - depth 1, hash cec984b, HEAD~590
2021-07-04 07:03:45,254 DEBUG                  - depth 2, hash 0df6e2d, HEAD~999
2021-07-04 07:03:45,259 DEBUG    [single line]   org/apache/commons/math3/random/RandomDataImpl.java <clinit> 153
2021-07-04 07:03:45,454 DEBUG                  - depth 0, hash 0df6e2d, HEAD~999
2021-07-04 07:03:45,460 DEBUG    [single line]   org/apache/commons/math3/random/RandomDataImpl.java <clinit> 154
2021-07-04 07:03:45,656 DEBUG                  - depth 0, hash 0df6e2d, HEAD~999
2021-07-04 07:03:45,662 DEBUG    [single line]   org/apache/commons/math3/random/RandomDataImpl.java <clinit> 157
2021-07-04 07:03:45,864 DEBUG                  - depth 0, hash 0df6e2d, HEAD~999
2021-07-04 07:03:45,869 DEBUG    [single line]   org/apache/commons/math3/random/RandomDataImpl.java <clinit> 158
2021-07-04 07:03:46,063 DEBUG                  - depth 0, hash 0df6e2d, HEAD~999
2021-07-04 07:03:46,068 DEBUG    [line range] org/apache/commons/math3/random/RandomDataImpl.java <init> 168:169
2021-07-04 07:03:46,282 DEBUG                  - depth 0, hash d66c2e6, HEAD~2251
2021-07-04 07:03:46,288 DEBUG                  - depth 1, hash 8d35623, HEAD~2280
2021-07-04 07:03:46,292 DEBUG                  - depth 2, hash d69852b, HEAD~2511
2021-07-04 07:03:46,296 DEBUG                  - depth 3, hash fd0f875, HEAD~2636
2021-07-04 07:03:46,300 DEBUG                  - depth 4, hash 60c93e7, HEAD~2653
2021-07-04 07:03:46,304 DEBUG                  - depth 5, hash 932ebf8, HEAD~2778
2021-07-04 07:03:46,308 DEBUG                  - depth 6, hash 85997f7, HEAD~2942
2021-07-04 07:03:46,313 DEBUG                  - depth 7, hash 2efb90d, HEAD~2988
2021-07-04 07:03:46,317 DEBUG                  - depth 8, hash 6ef3b29, HEAD~3094
2021-07-04 07:03:46,321 DEBUG                  - depth 9, hash b64000a, HEAD~3172
2021-07-04 07:03:46,325 DEBUG                  - depth 10, hash 2cb671b, HEAD~3174
2021-07-04 07:03:46,329 DEBUG                  - depth 11, hash a71b17a, HEAD~3312
2021-07-04 07:03:46,333 DEBUG                  - depth 12, hash 6ee5a6d, HEAD~3426
2021-07-04 07:03:46,338 DEBUG                  - depth 13, hash 94d1301, HEAD~3448
2021-07-04 07:03:46,342 DEBUG                  - depth 14, hash 9e1defe, HEAD~3553
2021-07-04 07:03:46,346 DEBUG                  - depth 15, hash 2be1c1f, HEAD~3630
2021-07-04 07:03:46,350 DEBUG                  - depth 16, hash 0a90446, HEAD~3705
2021-07-04 07:03:46,354 DEBUG    [line range] org/apache/commons/math3/random/RandomDataImpl.java <init> 126:126
2021-07-04 07:03:46,568 DEBUG                  - depth 0, hash d66c2e6, HEAD~2251
2021-07-04 07:03:46,574 DEBUG                  - depth 1, hash 8d35623, HEAD~2280
2021-07-04 07:03:46,578 DEBUG                  - depth 2, hash d69852b, HEAD~2511
2021-07-04 07:03:46,582 DEBUG                  - depth 3, hash fd0f875, HEAD~2636
2021-07-04 07:03:46,586 DEBUG                  - depth 4, hash 60c93e7, HEAD~2653
2021-07-04 07:03:46,590 DEBUG                  - depth 5, hash 932ebf8, HEAD~2778
2021-07-04 07:03:46,595 DEBUG                  - depth 6, hash 85997f7, HEAD~2942
2021-07-04 07:03:46,599 DEBUG                  - depth 7, hash 2efb90d, HEAD~2988
2021-07-04 07:03:46,603 DEBUG                  - depth 8, hash 6ef3b29, HEAD~3094
2021-07-04 07:03:46,607 DEBUG                  - depth 9, hash b64000a, HEAD~3172
2021-07-04 07:03:46,611 DEBUG                  - depth 10, hash 2cb671b, HEAD~3174
2021-07-04 07:03:46,615 DEBUG                  - depth 11, hash a71b17a, HEAD~3312
2021-07-04 07:03:46,620 DEBUG                  - depth 12, hash 6ee5a6d, HEAD~3426
2021-07-04 07:03:46,624 DEBUG                  - depth 13, hash 94d1301, HEAD~3448
2021-07-04 07:03:46,628 DEBUG                  - depth 14, hash 9e1defe, HEAD~3553
2021-07-04 07:03:46,632 DEBUG                  - depth 15, hash 2be1c1f, HEAD~3630
2021-07-04 07:03:46,636 DEBUG                  - depth 16, hash 0a90446, HEAD~3705
2021-07-04 07:03:46,927 DEBUG    [line range] org/apache/commons/math3/special/Erf.java erf 66:72
2021-07-04 07:03:47,123 DEBUG                  - depth 0, hash b68a2ca, HEAD~803
2021-07-04 07:03:47,128 DEBUG                  - depth 1, hash 6be2ee9, HEAD~1146
2021-07-04 07:03:47,133 DEBUG                  - depth 2, hash 3bfa7d1, HEAD~1377
2021-07-04 07:03:47,137 DEBUG                  - depth 3, hash ac9e22b, HEAD~3504
2021-07-04 07:03:47,473 DEBUG    [line range] org/apache/commons/math3/special/Gamma.java <clinit> 45:61
2021-07-04 07:03:47,680 DEBUG                  - depth 0, hash 6be2ee9, HEAD~1146
2021-07-04 07:03:47,685 DEBUG                  - depth 1, hash a0943be, HEAD~1912
2021-07-04 07:03:47,690 DEBUG                  - depth 2, hash a5f0c0d, HEAD~2286
2021-07-04 07:03:47,694 DEBUG                  - depth 3, hash 0a90446, HEAD~3705
2021-07-04 07:03:47,698 DEBUG    [line range] org/apache/commons/math3/special/Gamma.java regularizedGammaP 148:187
2021-07-04 07:03:47,903 DEBUG                  - depth 0, hash 6be2ee9, HEAD~1146
2021-07-04 07:03:47,909 DEBUG                  - depth 1, hash 73f74ad, HEAD~1409
2021-07-04 07:03:47,913 DEBUG                  - depth 2, hash 80b1e90, HEAD~1566
2021-07-04 07:03:47,917 DEBUG                  - depth 3, hash fcabfb5, HEAD~1744
2021-07-04 07:03:47,921 DEBUG                  - depth 4, hash 26dac5a, HEAD~1906
2021-07-04 07:03:47,925 DEBUG                  - depth 5, hash d2d4c5f, HEAD~3029
2021-07-04 07:03:47,930 DEBUG                  - depth 6, hash ad6929e, HEAD~3114
2021-07-04 07:03:47,934 DEBUG                  - depth 7, hash a25f1e4, HEAD~3432
2021-07-04 07:03:47,938 DEBUG                  - depth 8, hash 0a90446, HEAD~3705
2021-07-04 07:03:48,265 DEBUG    [line range] org/apache/commons/math3/stat/inference/MannWhitneyUTest.java <init> 44:47
2021-07-04 07:03:48,468 DEBUG                  - depth 0, hash 6961b42, HEAD~292
2021-07-04 07:03:48,473 DEBUG                  - depth 1, hash 37594a4, HEAD~1381
2021-07-04 07:03:48,478 DEBUG    [line range] org/apache/commons/math3/stat/inference/MannWhitneyUTest.java calculateAsymptoticPValue 168:184
2021-07-04 07:03:48,682 DEBUG                  - depth 0, hash 6961b42, HEAD~292
2021-07-04 07:03:48,687 DEBUG                  - depth 1, hash 2fa03a2, HEAD~296
2021-07-04 07:03:48,691 DEBUG                  - depth 2, hash 37594a4, HEAD~1381
2021-07-04 07:03:48,695 DEBUG    [line range] org/apache/commons/math3/stat/inference/MannWhitneyUTest.java concatenateSamples 89:96
2021-07-04 07:03:48,898 DEBUG                  - depth 0, hash 6961b42, HEAD~292
2021-07-04 07:03:48,904 DEBUG                  - depth 1, hash 37594a4, HEAD~1381
2021-07-04 07:03:48,908 DEBUG    [line range] org/apache/commons/math3/stat/inference/MannWhitneyUTest.java ensureDataConformance 71:82
2021-07-04 07:03:49,110 DEBUG                  - depth 0, hash 6961b42, HEAD~292
2021-07-04 07:03:49,115 DEBUG                  - depth 1, hash 37594a4, HEAD~1381
2021-07-04 07:03:49,119 DEBUG    [line range] org/apache/commons/math3/stat/inference/MannWhitneyUTest.java mannWhitneyU 126:156
2021-07-04 07:03:49,321 DEBUG                  - depth 0, hash 6961b42, HEAD~292
2021-07-04 07:03:49,327 DEBUG                  - depth 1, hash 2fa03a2, HEAD~296
2021-07-04 07:03:49,331 DEBUG                  - depth 2, hash 37594a4, HEAD~1381
2021-07-04 07:03:49,335 DEBUG    [line range] org/apache/commons/math3/stat/inference/MannWhitneyUTest.java mannWhitneyUTest 218:232
2021-07-04 07:03:49,539 DEBUG                  - depth 0, hash 6961b42, HEAD~292
2021-07-04 07:03:49,544 DEBUG                  - depth 1, hash 2fa03a2, HEAD~296
2021-07-04 07:03:49,548 DEBUG                  - depth 2, hash 37594a4, HEAD~1381
2021-07-04 07:03:49,814 DEBUG    [single line]   org/apache/commons/math3/stat/ranking/NaNStrategy.java <clinit> 36
2021-07-04 07:03:49,998 DEBUG                  - depth 0, hash fa13ca0, HEAD~2195
2021-07-04 07:03:50,004 DEBUG    [single line]   org/apache/commons/math3/stat/ranking/NaNStrategy.java <clinit> 39
2021-07-04 07:03:50,187 DEBUG                  - depth 0, hash fa13ca0, HEAD~2195
2021-07-04 07:03:50,193 DEBUG    [single line]   org/apache/commons/math3/stat/ranking/NaNStrategy.java <clinit> 42
2021-07-04 07:03:50,376 DEBUG                  - depth 0, hash fa13ca0, HEAD~2195
2021-07-04 07:03:50,381 DEBUG    [single line]   org/apache/commons/math3/stat/ranking/NaNStrategy.java <clinit> 45
2021-07-04 07:03:50,565 DEBUG                  - depth 0, hash fa13ca0, HEAD~2195
2021-07-04 07:03:50,571 DEBUG    [single line]   org/apache/commons/math3/stat/ranking/NaNStrategy.java <clinit> 48
2021-07-04 07:03:50,755 DEBUG                  - depth 0, hash fa13ca0, HEAD~2195
2021-07-04 07:03:51,114 DEBUG    [line range] org/apache/commons/math3/stat/ranking/NaturalRanking.java <clinit> 74:74
2021-07-04 07:03:51,315 DEBUG                  - depth 0, hash 292e891, HEAD~1900
2021-07-04 07:03:51,321 DEBUG    [line range] org/apache/commons/math3/stat/ranking/NaturalRanking.java <init> 128:133
2021-07-04 07:03:51,523 DEBUG                  - depth 0, hash fa13ca0, HEAD~2195
2021-07-04 07:03:51,529 DEBUG    [line range] org/apache/commons/math3/stat/ranking/NaturalRanking.java getNanPositions 403:411
2021-07-04 07:03:51,730 DEBUG                  - depth 0, hash 26dac5a, HEAD~1906
2021-07-04 07:03:51,736 DEBUG                  - depth 1, hash fa13ca0, HEAD~2195
2021-07-04 07:03:51,740 DEBUG    [line range] org/apache/commons/math3/stat/ranking/NaturalRanking.java rank 190:249
2021-07-04 07:03:51,941 DEBUG                  - depth 0, hash e02f414, HEAD~1313
2021-07-04 07:03:51,947 DEBUG                  - depth 1, hash 26dac5a, HEAD~1906
2021-07-04 07:03:51,951 DEBUG                  - depth 2, hash 966160f, HEAD~1913
2021-07-04 07:03:51,955 DEBUG                  - depth 3, hash fa13ca0, HEAD~2195
2021-07-04 07:03:51,960 DEBUG    [line range] org/apache/commons/math3/stat/ranking/NaturalRanking.java restoreNaNs 386:395
2021-07-04 07:03:52,162 DEBUG                  - depth 0, hash 26dac5a, HEAD~1906
2021-07-04 07:03:52,167 DEBUG                  - depth 1, hash fa13ca0, HEAD~2195
2021-07-04 07:03:52,171 DEBUG    [line range] org/apache/commons/math3/stat/ranking/NaturalRanking.java <init> 432:435
2021-07-04 07:03:52,374 DEBUG                  - depth 0, hash fa13ca0, HEAD~2195
2021-07-04 07:03:52,379 DEBUG    [single line]   org/apache/commons/math3/stat/ranking/NaturalRanking.java compareTo 419
2021-07-04 07:03:52,581 DEBUG                  - depth 0, hash fa13ca0, HEAD~2195
2021-07-04 07:03:52,586 DEBUG    [line range] org/apache/commons/math3/stat/ranking/NaturalRanking.java compareTo 444:446
2021-07-04 07:03:52,789 DEBUG                  - depth 0, hash fa13ca0, HEAD~2195
2021-07-04 07:03:52,794 DEBUG    [line range] org/apache/commons/math3/stat/ranking/NaturalRanking.java getPosition 460:462
2021-07-04 07:03:52,996 DEBUG                  - depth 0, hash fa13ca0, HEAD~2195
2021-07-04 07:03:53,002 DEBUG    [line range] org/apache/commons/math3/stat/ranking/NaturalRanking.java getValue 452:454
2021-07-04 07:03:53,204 DEBUG                  - depth 0, hash fa13ca0, HEAD~2195
2021-07-04 07:03:53,467 DEBUG    [single line]   org/apache/commons/math3/stat/ranking/TiesStrategy.java <clinit> 39
2021-07-04 07:03:53,655 DEBUG                  - depth 0, hash fa13ca0, HEAD~2195
2021-07-04 07:03:53,661 DEBUG    [single line]   org/apache/commons/math3/stat/ranking/TiesStrategy.java <clinit> 42
2021-07-04 07:03:53,849 DEBUG                  - depth 0, hash fa13ca0, HEAD~2195
2021-07-04 07:03:53,855 DEBUG    [single line]   org/apache/commons/math3/stat/ranking/TiesStrategy.java <clinit> 45
2021-07-04 07:03:54,042 DEBUG                  - depth 0, hash fa13ca0, HEAD~2195
2021-07-04 07:03:54,047 DEBUG    [single line]   org/apache/commons/math3/stat/ranking/TiesStrategy.java <clinit> 48
2021-07-04 07:03:54,235 DEBUG                  - depth 0, hash fa13ca0, HEAD~2195
2021-07-04 07:03:54,240 DEBUG    [single line]   org/apache/commons/math3/stat/ranking/TiesStrategy.java <clinit> 51
2021-07-04 07:03:54,427 DEBUG                  - depth 0, hash fa13ca0, HEAD~2195
2021-07-04 07:03:54,432 DEBUG    [single line]   org/apache/commons/math3/stat/ranking/TiesStrategy.java <clinit> 54
2021-07-04 07:03:54,620 DEBUG                  - depth 0, hash fa13ca0, HEAD~2195
2021-07-04 07:03:55,029 DEBUG    [line range] org/apache/commons/math3/util/ArithmeticUtils.java <clinit> 35:42
2021-07-04 07:03:55,225 DEBUG                  - depth 0, hash cec984b, HEAD~590
2021-07-04 07:03:55,231 DEBUG    [line range] org/apache/commons/math3/util/ArithmeticUtils.java factorial 298:307
2021-07-04 07:03:55,427 DEBUG                  - depth 0, hash cec984b, HEAD~590
2021-07-04 07:03:56,076 DEBUG    [line range] org/apache/commons/math3/util/FastMath.java <clinit> 113:123
2021-07-04 07:03:56,303 DEBUG                  - depth 0, hash 1f0b0b2, HEAD~716
2021-07-04 07:03:56,308 DEBUG                  - depth 1, hash 9d76c94, HEAD~725
2021-07-04 07:03:56,312 DEBUG                  - depth 2, hash 95d4a38, HEAD~764
2021-07-04 07:03:56,316 DEBUG                  - depth 3, hash 80b1e90, HEAD~1566
2021-07-04 07:03:56,321 DEBUG    [line range] org/apache/commons/math3/util/FastMath.java abs 3019:3021
2021-07-04 07:03:56,549 DEBUG                  - depth 0, hash 26208c1, HEAD~1319
2021-07-04 07:03:56,554 DEBUG                  - depth 1, hash 80b1e90, HEAD~1566
2021-07-04 07:03:56,559 DEBUG    [line range] org/apache/commons/math3/util/FastMath.java ceil 3358:3377
2021-07-04 07:03:56,784 DEBUG                  - depth 0, hash 90279e8, HEAD~1553
2021-07-04 07:03:56,790 DEBUG                  - depth 1, hash 80b1e90, HEAD~1566
2021-07-04 07:03:56,794 DEBUG    [line range] org/apache/commons/math3/util/FastMath.java exp 817:932
2021-07-04 07:03:57,020 DEBUG                  - depth 0, hash 56d4f26, HEAD~726
2021-07-04 07:03:57,026 DEBUG                  - depth 1, hash 2088737, HEAD~759
2021-07-04 07:03:57,030 DEBUG                  - depth 2, hash 95d4a38, HEAD~764
2021-07-04 07:03:57,034 DEBUG                  - depth 3, hash 90279e8, HEAD~1553
2021-07-04 07:03:57,038 DEBUG                  - depth 4, hash 80b1e90, HEAD~1566
2021-07-04 07:03:57,043 DEBUG    [line range] org/apache/commons/math3/util/FastMath.java floor 3331:3352
2021-07-04 07:03:57,268 DEBUG                  - depth 0, hash 34b6782, HEAD~1237
2021-07-04 07:03:57,273 DEBUG                  - depth 1, hash dc5fdf7, HEAD~1302
2021-07-04 07:03:57,278 DEBUG                  - depth 2, hash 90279e8, HEAD~1553
2021-07-04 07:03:57,282 DEBUG                  - depth 3, hash 80b1e90, HEAD~1566
2021-07-04 07:03:57,286 DEBUG    [line range] org/apache/commons/math3/util/FastMath.java log 1095:1097
2021-07-04 07:03:57,511 DEBUG                  - depth 0, hash 80b1e90, HEAD~1566
2021-07-04 07:03:57,517 DEBUG    [line range] org/apache/commons/math3/util/FastMath.java log 1105:1325
2021-07-04 07:03:57,746 DEBUG                  - depth 0, hash 2088737, HEAD~759
2021-07-04 07:03:57,752 DEBUG                  - depth 1, hash 6d0cca3, HEAD~1214
2021-07-04 07:03:57,756 DEBUG                  - depth 2, hash 34b6782, HEAD~1237
2021-07-04 07:03:57,760 DEBUG                  - depth 3, hash dc5fdf7, HEAD~1302
2021-07-04 07:03:57,764 DEBUG                  - depth 4, hash f45eb1f, HEAD~1303
2021-07-04 07:03:57,769 DEBUG                  - depth 5, hash 26208c1, HEAD~1319
2021-07-04 07:03:57,773 DEBUG                  - depth 6, hash 2bc1662, HEAD~1538
2021-07-04 07:03:57,777 DEBUG                  - depth 7, hash 80b1e90, HEAD~1566
2021-07-04 07:03:57,783 DEBUG    [line range] org/apache/commons/math3/util/FastMath.java max 3534:3552
2021-07-04 07:03:58,016 DEBUG                  - depth 0, hash 1f0b0b2, HEAD~716
2021-07-04 07:03:58,022 DEBUG                  - depth 1, hash 80b1e90, HEAD~1566
2021-07-04 07:03:58,026 DEBUG    [line range] org/apache/commons/math3/util/FastMath.java pow 1419:1577
2021-07-04 07:03:58,260 DEBUG                  - depth 0, hash 72fcac4, HEAD~746
2021-07-04 07:03:58,265 DEBUG                  - depth 1, hash bae38c1, HEAD~986
2021-07-04 07:03:58,269 DEBUG                  - depth 2, hash dc5fdf7, HEAD~1302
2021-07-04 07:03:58,273 DEBUG                  - depth 3, hash f45eb1f, HEAD~1303
2021-07-04 07:03:58,278 DEBUG                  - depth 4, hash 26208c1, HEAD~1319
2021-07-04 07:03:58,282 DEBUG                  - depth 5, hash 90279e8, HEAD~1553
2021-07-04 07:03:58,286 DEBUG                  - depth 6, hash 80b1e90, HEAD~1566
2021-07-04 07:03:58,291 DEBUG    [line range] org/apache/commons/math3/util/FastMath.java sqrt 374:376
2021-07-04 07:03:58,526 DEBUG                  - depth 0, hash 80b1e90, HEAD~1566
2021-07-04 07:03:58,532 DEBUG    [single line]   org/apache/commons/math3/util/FastMath.java access$300 3747
2021-07-04 07:03:58,763 DEBUG                  - depth 0, hash 1f0b0b2, HEAD~716
2021-07-04 07:03:58,769 DEBUG                  - depth 1, hash e260d84, HEAD~1271
2021-07-04 07:03:58,773 DEBUG                  - depth 2, hash 5e87378, HEAD~1291
2021-07-04 07:03:58,777 DEBUG                  - depth 3, hash 5dcca48, HEAD~1331
2021-07-04 07:03:58,781 DEBUG                  - depth 4, hash 80b1e90, HEAD~1566
2021-07-04 07:03:58,786 DEBUG    [single line]   org/apache/commons/math3/util/FastMath.java access$100 3708
2021-07-04 07:03:59,011 DEBUG                  - depth 0, hash 1f0b0b2, HEAD~716
2021-07-04 07:03:59,017 DEBUG                  - depth 1, hash e260d84, HEAD~1271
2021-07-04 07:03:59,021 DEBUG                  - depth 2, hash 5e87378, HEAD~1291
2021-07-04 07:03:59,025 DEBUG                  - depth 3, hash 80b1e90, HEAD~1566
2021-07-04 07:03:59,029 DEBUG    [single line]   org/apache/commons/math3/util/FastMath.java access$400 3780
2021-07-04 07:03:59,246 DEBUG                  - depth 0, hash 1f0b0b2, HEAD~716
2021-07-04 07:03:59,252 DEBUG                  - depth 1, hash cf1e53b, HEAD~1260
2021-07-04 07:03:59,256 DEBUG                  - depth 2, hash d3d2350, HEAD~1283
2021-07-04 07:04:00,047 DEBUG    [line range] org/apache/commons/math3/util/FastMathLiteralArrays.java <clinit> 29:1530
2021-07-04 07:04:00,220 DEBUG                  - depth 0, hash 2225164, HEAD~608
2021-07-04 07:04:00,225 DEBUG    [line range] org/apache/commons/math3/util/FastMathLiteralArrays.java loadExpFracA 6157:6159
2021-07-04 07:04:00,398 DEBUG                  - depth 0, hash 3eb4dcd, HEAD~221
2021-07-04 07:04:00,403 DEBUG                  - depth 1, hash 96673d8, HEAD~243
2021-07-04 07:04:00,408 DEBUG                  - depth 2, hash de147e5, HEAD~336
2021-07-04 07:04:00,412 DEBUG                  - depth 3, hash 2225164, HEAD~608
2021-07-04 07:04:00,416 DEBUG    [line range] org/apache/commons/math3/util/FastMathLiteralArrays.java loadExpFracB 6165:6167
2021-07-04 07:04:00,589 DEBUG                  - depth 0, hash 3eb4dcd, HEAD~221
2021-07-04 07:04:00,595 DEBUG                  - depth 1, hash 96673d8, HEAD~243
2021-07-04 07:04:00,599 DEBUG                  - depth 2, hash de147e5, HEAD~336
2021-07-04 07:04:00,603 DEBUG                  - depth 3, hash 2225164, HEAD~608
2021-07-04 07:04:00,607 DEBUG    [line range] org/apache/commons/math3/util/FastMathLiteralArrays.java loadExpIntA 6141:6143
2021-07-04 07:04:00,781 DEBUG                  - depth 0, hash 3eb4dcd, HEAD~221
2021-07-04 07:04:00,786 DEBUG                  - depth 1, hash 96673d8, HEAD~243
2021-07-04 07:04:00,791 DEBUG                  - depth 2, hash de147e5, HEAD~336
2021-07-04 07:04:00,795 DEBUG                  - depth 3, hash 2225164, HEAD~608
2021-07-04 07:04:00,799 DEBUG    [line range] org/apache/commons/math3/util/FastMathLiteralArrays.java loadExpIntB 6149:6151
2021-07-04 07:04:00,973 DEBUG                  - depth 0, hash 3eb4dcd, HEAD~221
2021-07-04 07:04:00,979 DEBUG                  - depth 1, hash 96673d8, HEAD~243
2021-07-04 07:04:00,983 DEBUG                  - depth 2, hash de147e5, HEAD~336
2021-07-04 07:04:00,987 DEBUG                  - depth 3, hash 2225164, HEAD~608
2021-07-04 07:04:00,991 DEBUG    [line range] org/apache/commons/math3/util/FastMathLiteralArrays.java loadLnMant 6173:6175
2021-07-04 07:04:01,164 DEBUG                  - depth 0, hash 3eb4dcd, HEAD~221
2021-07-04 07:04:01,170 DEBUG                  - depth 1, hash 96673d8, HEAD~243
2021-07-04 07:04:01,174 DEBUG                  - depth 2, hash de147e5, HEAD~336
2021-07-04 07:04:01,178 DEBUG                  - depth 3, hash 2225164, HEAD~608
2021-07-04 07:04:01,570 DEBUG    [line range] org/apache/commons/math3/util/ResizableDoubleArray.java <init> 160:163
2021-07-04 07:04:01,770 DEBUG                  - depth 0, hash 8dcc542, HEAD~3427
2021-07-04 07:04:01,776 DEBUG    [line range] org/apache/commons/math3/util/ResizableDoubleArray.java <init> 93:93
2021-07-04 07:04:01,982 DEBUG                  - depth 0, hash e6f32e0, HEAD~176
2021-07-04 07:04:01,988 DEBUG                  - depth 1, hash 8dcc542, HEAD~3427
2021-07-04 07:04:01,992 DEBUG    [line range] org/apache/commons/math3/util/ResizableDoubleArray.java addElement 300:309
2021-07-04 07:04:02,192 DEBUG                  - depth 0, hash 8dcc542, HEAD~3427
2021-07-04 07:04:02,197 DEBUG    [line range] org/apache/commons/math3/util/ResizableDoubleArray.java contract 431:440
2021-07-04 07:04:02,397 DEBUG                  - depth 0, hash 8dcc542, HEAD~3427
2021-07-04 07:04:02,402 DEBUG    [line range] org/apache/commons/math3/util/ResizableDoubleArray.java expand 525:543
2021-07-04 07:04:02,607 DEBUG                  - depth 0, hash 80b1e90, HEAD~1566
2021-07-04 07:04:02,613 DEBUG                  - depth 1, hash 26dac5a, HEAD~1906
2021-07-04 07:04:02,617 DEBUG                  - depth 2, hash 4703e5a, HEAD~2514
2021-07-04 07:04:02,622 DEBUG                  - depth 3, hash 8dcc542, HEAD~3427
2021-07-04 07:04:02,626 DEBUG    [line range] org/apache/commons/math3/util/ResizableDoubleArray.java getElements 598:603
2021-07-04 07:04:02,834 DEBUG                  - depth 0, hash 545e47a, HEAD~3103
2021-07-04 07:04:02,840 DEBUG                  - depth 1, hash 8dcc542, HEAD~3427
2021-07-04 07:04:02,844 DEBUG    [line range] org/apache/commons/math3/util/ResizableDoubleArray.java setInitialCapacity 754:764
2021-07-04 07:04:03,047 DEBUG                  - depth 0, hash 1d5be06, HEAD~639
2021-07-04 07:04:03,053 DEBUG                  - depth 1, hash 1eaea0b, HEAD~1631
2021-07-04 07:04:03,057 DEBUG                  - depth 2, hash 7f88773, HEAD~2350
2021-07-04 07:04:03,062 DEBUG                  - depth 3, hash e350740, HEAD~2761
2021-07-04 07:04:03,066 DEBUG                  - depth 4, hash 8dcc542, HEAD~3427
2021-07-04 07:04:03,070 DEBUG    [line range] org/apache/commons/math3/util/ResizableDoubleArray.java shouldContract 799:805
2021-07-04 07:04:03,270 DEBUG                  - depth 0, hash 26dac5a, HEAD~1906
2021-07-04 07:04:03,275 DEBUG                  - depth 1, hash 634d68d, HEAD~2909
2021-07-04 07:04:03,280 DEBUG                  - depth 2, hash 8dcc542, HEAD~3427
2021-07-04 07:04:03,284 INFO     The number of BIC candidates: 78
