2021-07-04 08:04:30,520 INFO     Search BICs for /tmp/Math-74b/
2021-07-04 08:04:30,520 DEBUG    Reading the coverage of org.apache.commons.math.ode.nonstiff.AdamsMoultonIntegratorTest::polynomial (failings)
2021-07-04 08:04:30,592 INFO     Loaded 1x1101 Coverage Matrix
2021-07-04 08:04:30,593 INFO     The number of total commits: 2108
2021-07-04 08:04:30,894 DEBUG    [line range] org/apache/commons/math/ConvergingAlgorithmImpl.java <init> 60:69
2021-07-04 08:04:30,970 DEBUG                  - depth 0, hash 1422c5d, HEAD~619
2021-07-04 08:04:30,976 DEBUG    [line range] org/apache/commons/math/ConvergingAlgorithmImpl.java setAbsoluteAccuracy 77:79
2021-07-04 08:04:31,052 DEBUG                  - depth 0, hash 1422c5d, HEAD~619
2021-07-04 08:04:31,057 DEBUG    [line range] org/apache/commons/math/ConvergingAlgorithmImpl.java setMaximalIterationCount 92:94
2021-07-04 08:04:31,133 DEBUG                  - depth 0, hash 1422c5d, HEAD~619
2021-07-04 08:04:31,458 DEBUG    [line range] org/apache/commons/math/MathException.java <init> 79:83
2021-07-04 08:04:31,543 DEBUG                  - depth 0, hash 7d94ce1, HEAD~738
2021-07-04 08:04:31,548 DEBUG                  - depth 1, hash 84f1ef1, HEAD~1240
2021-07-04 08:04:31,552 DEBUG                  - depth 2, hash 770db53, HEAD~1556
2021-07-04 08:04:31,556 DEBUG                  - depth 3, hash 0a90446, HEAD~1915
2021-07-04 08:04:31,560 DEBUG    [line range] org/apache/commons/math/MathException.java getMessage 157:160
2021-07-04 08:04:31,642 DEBUG                  - depth 0, hash 43af48f, HEAD~90
2021-07-04 08:04:31,648 DEBUG                  - depth 1, hash 7f88773, HEAD~560
2021-07-04 08:04:31,652 DEBUG                  - depth 2, hash c8d6f0d, HEAD~733
2021-07-04 08:04:31,656 DEBUG                  - depth 3, hash e42bae8, HEAD~1229
2021-07-04 08:04:31,660 DEBUG                  - depth 4, hash 84f1ef1, HEAD~1240
2021-07-04 08:04:31,664 DEBUG                  - depth 5, hash 770db53, HEAD~1556
2021-07-04 08:04:31,668 DEBUG    [line range] org/apache/commons/math/MathException.java getMessage 152:154
2021-07-04 08:04:31,753 DEBUG                  - depth 0, hash 43af48f, HEAD~90
2021-07-04 08:04:31,758 DEBUG                  - depth 1, hash 7f88773, HEAD~560
2021-07-04 08:04:31,762 DEBUG                  - depth 2, hash c8d6f0d, HEAD~733
2021-07-04 08:04:31,766 DEBUG                  - depth 3, hash e42bae8, HEAD~1229
2021-07-04 08:04:31,771 DEBUG                  - depth 4, hash 84f1ef1, HEAD~1240
2021-07-04 08:04:31,775 DEBUG                  - depth 5, hash 770db53, HEAD~1556
2021-07-04 08:04:32,123 DEBUG    [line range] org/apache/commons/math/analysis/solvers/BrentSolver.java <init> 55:57
2021-07-04 08:04:32,202 DEBUG                  - depth 0, hash 583dffc, HEAD~691
2021-07-04 08:04:32,207 DEBUG    [line range] org/apache/commons/math/analysis/solvers/BrentSolver.java solve 153:196
2021-07-04 08:04:32,288 DEBUG                  - depth 0, hash 26dac5a, HEAD~116
2021-07-04 08:04:32,293 DEBUG                  - depth 1, hash 7f88773, HEAD~560
2021-07-04 08:04:32,297 DEBUG                  - depth 2, hash 1422c5d, HEAD~619
2021-07-04 08:04:32,301 DEBUG                  - depth 3, hash 583dffc, HEAD~691
2021-07-04 08:04:32,306 DEBUG                  - depth 4, hash 055a88a, HEAD~870
2021-07-04 08:04:32,310 DEBUG                  - depth 5, hash ff69ef1, HEAD~1195
2021-07-04 08:04:32,314 DEBUG                  - depth 6, hash d2d4c5f, HEAD~1239
2021-07-04 08:04:32,318 DEBUG                  - depth 7, hash 4f1e69b, HEAD~1368
2021-07-04 08:04:32,322 DEBUG                  - depth 8, hash 6a978ea, HEAD~1537
2021-07-04 08:04:32,326 DEBUG                  - depth 9, hash 0a90446, HEAD~1915
2021-07-04 08:04:32,331 DEBUG    [line range] org/apache/commons/math/analysis/solvers/BrentSolver.java solve 215:310
2021-07-04 08:04:32,411 DEBUG                  - depth 0, hash b631eb6, HEAD~109
2021-07-04 08:04:32,416 DEBUG                  - depth 1, hash 26dac5a, HEAD~116
2021-07-04 08:04:32,420 DEBUG                  - depth 2, hash 583dffc, HEAD~691
2021-07-04 08:04:32,424 DEBUG                  - depth 3, hash 96ef54d, HEAD~976
2021-07-04 08:04:32,428 DEBUG                  - depth 4, hash ff69ef1, HEAD~1195
2021-07-04 08:04:32,432 DEBUG                  - depth 5, hash d2d4c5f, HEAD~1239
2021-07-04 08:04:32,436 DEBUG                  - depth 6, hash 6a978ea, HEAD~1537
2021-07-04 08:04:32,441 DEBUG                  - depth 7, hash 2d69367, HEAD~1825
2021-07-04 08:04:32,445 DEBUG                  - depth 8, hash 0a90446, HEAD~1915
2021-07-04 08:04:32,775 DEBUG    [line range] org/apache/commons/math/analysis/solvers/UnivariateRealSolverImpl.java <init> 41:41
2021-07-04 08:04:32,856 DEBUG                  - depth 0, hash 0a90446, HEAD~1915
2021-07-04 08:04:32,861 DEBUG    [line range] org/apache/commons/math/analysis/solvers/UnivariateRealSolverImpl.java clearResult 164:167
2021-07-04 08:04:32,941 DEBUG                  - depth 0, hash 1422c5d, HEAD~619
2021-07-04 08:04:32,946 DEBUG                  - depth 1, hash 0a90446, HEAD~1915
2021-07-04 08:04:32,951 DEBUG    [line range] org/apache/commons/math/analysis/solvers/UnivariateRealSolverImpl.java setResult 140:144
2021-07-04 08:04:33,030 DEBUG                  - depth 0, hash d6beaea, HEAD~120
2021-07-04 08:04:33,036 DEBUG                  - depth 1, hash 1422c5d, HEAD~619
2021-07-04 08:04:33,040 DEBUG                  - depth 2, hash 0a90446, HEAD~1915
2021-07-04 08:04:33,044 DEBUG    [line range] org/apache/commons/math/analysis/solvers/UnivariateRealSolverImpl.java verifyInterval 207:213
2021-07-04 08:04:33,127 DEBUG                  - depth 0, hash 26dac5a, HEAD~116
2021-07-04 08:04:33,132 DEBUG                  - depth 1, hash 7f88773, HEAD~560
2021-07-04 08:04:33,136 DEBUG                  - depth 2, hash 1422c5d, HEAD~619
2021-07-04 08:04:33,141 DEBUG                  - depth 3, hash 6a978ea, HEAD~1537
2021-07-04 08:04:33,591 DEBUG    [line range] org/apache/commons/math/fraction/BigFraction.java <clinit> 39:39
2021-07-04 08:04:33,669 DEBUG                  - depth 0, hash 0b5d49d, HEAD~514
2021-07-04 08:04:33,675 DEBUG    [line range] org/apache/commons/math/fraction/BigFraction.java <init> 374:376
2021-07-04 08:04:33,753 DEBUG                  - depth 0, hash fdcad35, HEAD~522
2021-07-04 08:04:33,758 DEBUG    [line range] org/apache/commons/math/fraction/BigFraction.java <init> 389:391
2021-07-04 08:04:33,837 DEBUG                  - depth 0, hash fdcad35, HEAD~522
2021-07-04 08:04:33,842 DEBUG    [line range] org/apache/commons/math/fraction/BigFraction.java <init> 124:157
2021-07-04 08:04:33,923 DEBUG                  - depth 0, hash bd345d9, HEAD~58
2021-07-04 08:04:33,929 DEBUG                  - depth 1, hash fdcad35, HEAD~522
2021-07-04 08:04:33,933 DEBUG    [single line]   org/apache/commons/math/fraction/BigFraction.java compareTo 34
2021-07-04 08:04:34,012 DEBUG                  - depth 0, hash f5146d6, HEAD~224
2021-07-04 08:04:34,018 DEBUG                  - depth 1, hash a780db1, HEAD~390
2021-07-04 08:04:34,022 DEBUG                  - depth 2, hash 4877e67, HEAD~463
2021-07-04 08:04:34,026 DEBUG                  - depth 3, hash bcd864f, HEAD~521
2021-07-04 08:04:34,030 DEBUG                  - depth 4, hash fdcad35, HEAD~522
2021-07-04 08:04:34,034 DEBUG    [line range] org/apache/commons/math/fraction/BigFraction.java divide 673:679
2021-07-04 08:04:34,115 DEBUG                  - depth 0, hash bd345d9, HEAD~58
2021-07-04 08:04:34,120 DEBUG                  - depth 1, hash 2082ade, HEAD~515
2021-07-04 08:04:34,124 DEBUG                  - depth 2, hash fdcad35, HEAD~522
2021-07-04 08:04:34,129 DEBUG    [line range] org/apache/commons/math/fraction/BigFraction.java doubleValue 690:693
2021-07-04 08:04:34,210 DEBUG                  - depth 0, hash fdcad35, HEAD~522
2021-07-04 08:04:34,215 DEBUG    [line range] org/apache/commons/math/fraction/BigFraction.java equals 710:723
2021-07-04 08:04:34,296 DEBUG                  - depth 0, hash fdcad35, HEAD~522
2021-07-04 08:04:34,301 DEBUG    [line range] org/apache/commons/math/fraction/BigFraction.java getField 1132:1134
2021-07-04 08:04:34,381 DEBUG                  - depth 0, hash 4877e67, HEAD~463
2021-07-04 08:04:34,387 DEBUG    [line range] org/apache/commons/math/fraction/BigFraction.java getNumeratorAsInt 790:792
2021-07-04 08:04:34,465 DEBUG                  - depth 0, hash fdcad35, HEAD~522
2021-07-04 08:04:34,470 DEBUG    [line range] org/apache/commons/math/fraction/BigFraction.java multiply 902:910
2021-07-04 08:04:34,549 DEBUG                  - depth 0, hash 2082ade, HEAD~515
2021-07-04 08:04:34,554 DEBUG                  - depth 1, hash fdcad35, HEAD~522
2021-07-04 08:04:34,558 DEBUG    [line range] org/apache/commons/math/fraction/BigFraction.java negate 920:922
2021-07-04 08:04:34,640 DEBUG                  - depth 0, hash fdcad35, HEAD~522
2021-07-04 08:04:34,645 DEBUG    [line range] org/apache/commons/math/fraction/BigFraction.java reciprocal 1015:1017
2021-07-04 08:04:34,726 DEBUG                  - depth 0, hash fdcad35, HEAD~522
2021-07-04 08:04:34,731 DEBUG    [line range] org/apache/commons/math/fraction/BigFraction.java reduce 1027:1030
2021-07-04 08:04:34,812 DEBUG                  - depth 0, hash fdcad35, HEAD~522
2021-07-04 08:04:34,818 DEBUG    [line range] org/apache/commons/math/fraction/BigFraction.java subtract 1091:1107
2021-07-04 08:04:34,897 DEBUG                  - depth 0, hash bcd864f, HEAD~521
2021-07-04 08:04:34,902 DEBUG                  - depth 1, hash fdcad35, HEAD~522
2021-07-04 08:04:35,202 DEBUG    [line range] org/apache/commons/math/fraction/BigFractionField.java <init> 40:41
2021-07-04 08:04:35,281 DEBUG                  - depth 0, hash 4877e67, HEAD~463
2021-07-04 08:04:35,286 DEBUG    [single line]   org/apache/commons/math/fraction/BigFractionField.java <init> 33
2021-07-04 08:04:35,362 DEBUG                  - depth 0, hash de8ae4a, HEAD~391
2021-07-04 08:04:35,367 DEBUG                  - depth 1, hash 4877e67, HEAD~463
2021-07-04 08:04:35,372 DEBUG    [line range] org/apache/commons/math/fraction/BigFractionField.java getInstance 46:48
2021-07-04 08:04:35,450 DEBUG                  - depth 0, hash 4877e67, HEAD~463
2021-07-04 08:04:35,456 DEBUG    [line range] org/apache/commons/math/fraction/BigFractionField.java getOne 51:53
2021-07-04 08:04:35,532 DEBUG                  - depth 0, hash 4877e67, HEAD~463
2021-07-04 08:04:35,537 DEBUG    [line range] org/apache/commons/math/fraction/BigFractionField.java getZero 56:58
2021-07-04 08:04:35,616 DEBUG                  - depth 0, hash 4877e67, HEAD~463
2021-07-04 08:04:35,621 DEBUG    [line range] org/apache/commons/math/fraction/BigFractionField.java <clinit> 66:66
2021-07-04 08:04:35,697 DEBUG                  - depth 0, hash 4877e67, HEAD~463
2021-07-04 08:04:35,702 DEBUG    [single line]   org/apache/commons/math/fraction/BigFractionField.java access$000 64
2021-07-04 08:04:35,778 DEBUG                  - depth 0, hash 4877e67, HEAD~463
2021-07-04 08:04:36,239 DEBUG    [line range] org/apache/commons/math/linear/AbstractFieldMatrix.java <init> 52:54
2021-07-04 08:04:36,318 DEBUG                  - depth 0, hash 292e891, HEAD~110
2021-07-04 08:04:36,323 DEBUG    [line range] org/apache/commons/math/linear/AbstractFieldMatrix.java <init> 64:78
2021-07-04 08:04:36,400 DEBUG                  - depth 0, hash 292e891, HEAD~110
2021-07-04 08:04:36,405 DEBUG    [line range] org/apache/commons/math/linear/AbstractFieldMatrix.java buildArray 124:138
2021-07-04 08:04:36,488 DEBUG                  - depth 0, hash 26dac5a, HEAD~116
2021-07-04 08:04:36,493 DEBUG                  - depth 1, hash 7ed9bad, HEAD~450
2021-07-04 08:04:36,497 DEBUG                  - depth 2, hash dc269ae, HEAD~457
2021-07-04 08:04:36,501 DEBUG                  - depth 3, hash 1c2c0d9, HEAD~462
2021-07-04 08:04:36,506 DEBUG    [line range] org/apache/commons/math/linear/AbstractFieldMatrix.java extractField 87:96
2021-07-04 08:04:36,586 DEBUG                  - depth 0, hash 26dac5a, HEAD~116
2021-07-04 08:04:36,591 DEBUG                  - depth 1, hash dc269ae, HEAD~457
2021-07-04 08:04:36,596 DEBUG    [line range] org/apache/commons/math/linear/AbstractFieldMatrix.java getField 158:160
2021-07-04 08:04:36,676 DEBUG                  - depth 0, hash 1c2c0d9, HEAD~462
2021-07-04 08:04:36,681 DEBUG    [line range] org/apache/commons/math/linear/AbstractFieldMatrix.java isSquare 646:648
2021-07-04 08:04:36,762 DEBUG                  - depth 0, hash b631eb6, HEAD~109
2021-07-04 08:04:36,768 DEBUG                  - depth 1, hash 1c2c0d9, HEAD~462
2021-07-04 08:04:36,772 DEBUG    [line range] org/apache/commons/math/linear/AbstractFieldMatrix.java walkInOptimizedOrder 906:909
2021-07-04 08:04:36,851 DEBUG                  - depth 0, hash 1c2c0d9, HEAD~462
2021-07-04 08:04:36,857 DEBUG    [line range] org/apache/commons/math/linear/AbstractFieldMatrix.java walkInOptimizedOrder 912:915
2021-07-04 08:04:36,940 DEBUG                  - depth 0, hash 1c2c0d9, HEAD~462
2021-07-04 08:04:37,379 DEBUG    [line range] org/apache/commons/math/linear/AbstractRealMatrix.java <init> 43:45
2021-07-04 08:04:37,461 DEBUG                  - depth 0, hash c28099c, HEAD~696
2021-07-04 08:04:37,467 DEBUG    [line range] org/apache/commons/math/linear/AbstractRealMatrix.java walkInOptimizedOrder 917:920
2021-07-04 08:04:37,546 DEBUG                  - depth 0, hash e8c9aea, HEAD~648
2021-07-04 08:04:37,938 DEBUG    [line range] org/apache/commons/math/linear/Array2DRowFieldMatrix.java <init> 82:87
2021-07-04 08:04:38,019 DEBUG                  - depth 0, hash dbae4b0, HEAD~315
2021-07-04 08:04:38,025 DEBUG                  - depth 1, hash 03bb3ee, HEAD~455
2021-07-04 08:04:38,029 DEBUG                  - depth 2, hash 1c2c0d9, HEAD~462
2021-07-04 08:04:38,033 DEBUG    [line range] org/apache/commons/math/linear/Array2DRowFieldMatrix.java <init> 123:150
2021-07-04 08:04:38,117 DEBUG                  - depth 0, hash bd345d9, HEAD~58
2021-07-04 08:04:38,122 DEBUG                  - depth 1, hash 26dac5a, HEAD~116
2021-07-04 08:04:38,126 DEBUG                  - depth 2, hash dbae4b0, HEAD~315
2021-07-04 08:04:38,131 DEBUG                  - depth 3, hash d967c53, HEAD~446
2021-07-04 08:04:38,135 DEBUG                  - depth 4, hash 1c2c0d9, HEAD~462
2021-07-04 08:04:38,139 DEBUG    [line range] org/apache/commons/math/linear/Array2DRowFieldMatrix.java copyOut 607:615
2021-07-04 08:04:38,222 DEBUG                  - depth 0, hash 03bb3ee, HEAD~455
2021-07-04 08:04:38,227 DEBUG                  - depth 1, hash 1c2c0d9, HEAD~462
2021-07-04 08:04:38,231 DEBUG    [line range] org/apache/commons/math/linear/Array2DRowFieldMatrix.java getColumnDimension 416:419
2021-07-04 08:04:38,311 DEBUG                  - depth 0, hash 1c2c0d9, HEAD~462
2021-07-04 08:04:38,317 DEBUG    [line range] org/apache/commons/math/linear/Array2DRowFieldMatrix.java getData 307:310
2021-07-04 08:04:38,397 DEBUG                  - depth 0, hash 1c2c0d9, HEAD~462
2021-07-04 08:04:38,402 DEBUG    [line range] org/apache/commons/math/linear/Array2DRowFieldMatrix.java getEntry 362:371
2021-07-04 08:04:38,482 DEBUG                  - depth 0, hash bd345d9, HEAD~58
2021-07-04 08:04:38,487 DEBUG                  - depth 1, hash 1c2c0d9, HEAD~462
2021-07-04 08:04:38,492 DEBUG    [line range] org/apache/commons/math/linear/Array2DRowFieldMatrix.java getRowDimension 410:413
2021-07-04 08:04:38,573 DEBUG                  - depth 0, hash 1c2c0d9, HEAD~462
2021-07-04 08:04:38,578 DEBUG    [line range] org/apache/commons/math/linear/Array2DRowFieldMatrix.java setEntry 374:383
2021-07-04 08:04:38,659 DEBUG                  - depth 0, hash bd345d9, HEAD~58
2021-07-04 08:04:38,664 DEBUG                  - depth 1, hash 1c2c0d9, HEAD~462
2021-07-04 08:04:38,669 DEBUG    [line range] org/apache/commons/math/linear/Array2DRowFieldMatrix.java walkInRowOrder 469:482
2021-07-04 08:04:38,753 DEBUG                  - depth 0, hash 1c2c0d9, HEAD~462
2021-07-04 08:04:38,758 DEBUG    [line range] org/apache/commons/math/linear/Array2DRowFieldMatrix.java walkInRowOrder 485:498
2021-07-04 08:04:38,838 DEBUG                  - depth 0, hash 1c2c0d9, HEAD~462
2021-07-04 08:04:39,265 DEBUG    [line range] org/apache/commons/math/linear/Array2DRowRealMatrix.java <init> 133:159
2021-07-04 08:04:39,345 DEBUG                  - depth 0, hash bd345d9, HEAD~58
2021-07-04 08:04:39,351 DEBUG                  - depth 1, hash 26dac5a, HEAD~116
2021-07-04 08:04:39,355 DEBUG                  - depth 2, hash dbae4b0, HEAD~315
2021-07-04 08:04:39,359 DEBUG                  - depth 3, hash d967c53, HEAD~446
2021-07-04 08:04:39,363 DEBUG                  - depth 4, hash 1c2c0d9, HEAD~462
2021-07-04 08:04:39,368 DEBUG    [line range] org/apache/commons/math/linear/Array2DRowRealMatrix.java getColumnDimension 424:427
2021-07-04 08:04:39,451 DEBUG                  - depth 0, hash 1c2c0d9, HEAD~462
2021-07-04 08:04:39,456 DEBUG    [line range] org/apache/commons/math/linear/Array2DRowRealMatrix.java getDataRef 327:329
2021-07-04 08:04:39,539 DEBUG                  - depth 0, hash dbae4b0, HEAD~315
2021-07-04 08:04:39,545 DEBUG                  - depth 1, hash 1c2c0d9, HEAD~462
2021-07-04 08:04:39,549 DEBUG    [line range] org/apache/commons/math/linear/Array2DRowRealMatrix.java getRowDimension 418:421
2021-07-04 08:04:39,632 DEBUG                  - depth 0, hash 1c2c0d9, HEAD~462
2021-07-04 08:04:39,638 DEBUG    [line range] org/apache/commons/math/linear/Array2DRowRealMatrix.java multiply 288:312
2021-07-04 08:04:39,720 DEBUG                  - depth 0, hash dbae4b0, HEAD~315
2021-07-04 08:04:39,726 DEBUG                  - depth 1, hash 03bb3ee, HEAD~455
2021-07-04 08:04:39,730 DEBUG                  - depth 2, hash 1c2c0d9, HEAD~462
2021-07-04 08:04:39,735 DEBUG    [line range] org/apache/commons/math/linear/Array2DRowRealMatrix.java walkInRowOrder 493:506
2021-07-04 08:04:39,818 DEBUG                  - depth 0, hash dbae4b0, HEAD~315
2021-07-04 08:04:39,823 DEBUG                  - depth 1, hash 1c2c0d9, HEAD~462
2021-07-04 08:04:40,114 DEBUG    [line range] org/apache/commons/math/linear/DefaultFieldMatrixChangingVisitor.java <init> 42:44
2021-07-04 08:04:40,191 DEBUG                  - depth 0, hash 1c2c0d9, HEAD~462
2021-07-04 08:04:40,197 DEBUG    [line range] org/apache/commons/math/linear/DefaultFieldMatrixChangingVisitor.java end 58:60
2021-07-04 08:04:40,273 DEBUG                  - depth 0, hash 1c2c0d9, HEAD~462
2021-07-04 08:04:40,278 DEBUG    [line range] org/apache/commons/math/linear/DefaultFieldMatrixChangingVisitor.java start 47:49
2021-07-04 08:04:40,354 DEBUG                  - depth 0, hash 1c2c0d9, HEAD~462
2021-07-04 08:04:40,631 DEBUG    [line range] org/apache/commons/math/linear/DefaultFieldMatrixPreservingVisitor.java <init> 42:44
2021-07-04 08:04:40,708 DEBUG                  - depth 0, hash 1c2c0d9, HEAD~462
2021-07-04 08:04:40,713 DEBUG    [line range] org/apache/commons/math/linear/DefaultFieldMatrixPreservingVisitor.java end 57:59
2021-07-04 08:04:40,790 DEBUG                  - depth 0, hash 1c2c0d9, HEAD~462
2021-07-04 08:04:41,183 DEBUG    [line range] org/apache/commons/math/linear/FieldLUDecompositionImpl.java <init> 71:152
2021-07-04 08:04:41,262 DEBUG                  - depth 0, hash 1c2c0d9, HEAD~462
2021-07-04 08:04:41,268 DEBUG    [line range] org/apache/commons/math/linear/FieldLUDecompositionImpl.java getSolver 217:219
2021-07-04 08:04:41,347 DEBUG                  - depth 0, hash 1c2c0d9, HEAD~462
2021-07-04 08:04:41,353 DEBUG    [line range] org/apache/commons/math/linear/FieldLUDecompositionImpl.java <init> 246:252
2021-07-04 08:04:41,432 DEBUG                  - depth 0, hash 1c2c0d9, HEAD~462
2021-07-04 08:04:41,438 DEBUG    [single line]   org/apache/commons/math/linear/FieldLUDecompositionImpl.java <init> 222
2021-07-04 08:04:41,517 DEBUG                  - depth 0, hash 1c2c0d9, HEAD~462
2021-07-04 08:04:41,522 DEBUG    [line range] org/apache/commons/math/linear/FieldLUDecompositionImpl.java getInverse 421:429
2021-07-04 08:04:41,601 DEBUG                  - depth 0, hash dbae4b0, HEAD~315
2021-07-04 08:04:41,607 DEBUG                  - depth 1, hash 1c2c0d9, HEAD~462
2021-07-04 08:04:41,611 DEBUG    [line range] org/apache/commons/math/linear/FieldLUDecompositionImpl.java solve 362:418
2021-07-04 08:04:41,690 DEBUG                  - depth 0, hash aefdc2a, HEAD~6
2021-07-04 08:04:41,695 DEBUG                  - depth 1, hash dbae4b0, HEAD~315
2021-07-04 08:04:41,699 DEBUG                  - depth 2, hash 1c2c0d9, HEAD~462
2021-07-04 08:04:41,704 DEBUG    [line range] org/apache/commons/math/linear/FieldLUDecompositionImpl.java solve 260:300
2021-07-04 08:04:41,784 DEBUG                  - depth 0, hash aefdc2a, HEAD~6
2021-07-04 08:04:41,789 DEBUG                  - depth 1, hash 1c2c0d9, HEAD~462
2021-07-04 08:04:42,211 DEBUG    [line range] org/apache/commons/math/linear/MatrixUtils.java bigFractionMatrixToRealMatrix 707:711
2021-07-04 08:04:42,289 DEBUG                  - depth 0, hash 240450f, HEAD~274
2021-07-04 08:04:42,295 DEBUG                  - depth 1, hash f3d9ac6, HEAD~368
2021-07-04 08:04:42,299 DEBUG    [line range] org/apache/commons/math/linear/MatrixUtils.java checkMultiplicationCompatible 648:656
2021-07-04 08:04:42,379 DEBUG                  - depth 0, hash e497d61, HEAD~416
2021-07-04 08:04:42,385 DEBUG    [line range] org/apache/commons/math/linear/MatrixUtils.java <init> 720:722
2021-07-04 08:04:42,462 DEBUG                  - depth 0, hash f3d9ac6, HEAD~368
2021-07-04 08:04:42,467 DEBUG    [line range] org/apache/commons/math/linear/MatrixUtils.java getConvertedMatrix 740:742
2021-07-04 08:04:42,546 DEBUG                  - depth 0, hash 240450f, HEAD~274
2021-07-04 08:04:42,551 DEBUG                  - depth 1, hash dbae4b0, HEAD~315
2021-07-04 08:04:42,556 DEBUG                  - depth 2, hash f3d9ac6, HEAD~368
2021-07-04 08:04:42,560 DEBUG    [line range] org/apache/commons/math/linear/MatrixUtils.java start 725:729
2021-07-04 08:04:42,637 DEBUG                  - depth 0, hash f3d9ac6, HEAD~368
2021-07-04 08:04:42,643 DEBUG    [single line]   org/apache/commons/math/linear/MatrixUtils.java visit 714
2021-07-04 08:04:42,721 DEBUG                  - depth 0, hash f3d9ac6, HEAD~368
2021-07-04 08:04:42,726 DEBUG    [line range] org/apache/commons/math/linear/MatrixUtils.java visit 732:735
2021-07-04 08:04:42,803 DEBUG                  - depth 0, hash f3d9ac6, HEAD~368
2021-07-04 08:04:43,146 DEBUG    [line range] org/apache/commons/math/ode/AbstractIntegrator.java <init> 64:72
2021-07-04 08:04:43,233 DEBUG                  - depth 0, hash b2d25e0, HEAD~321
2021-07-04 08:04:43,238 DEBUG                  - depth 1, hash 72e8eb5, HEAD~824
2021-07-04 08:04:43,242 DEBUG                  - depth 2, hash b6a0d05, HEAD~832
2021-07-04 08:04:43,247 DEBUG    [line range] org/apache/commons/math/ode/AbstractIntegrator.java addEndTimeChecker 230:245
2021-07-04 08:04:43,334 DEBUG                  - depth 0, hash 8dadbe0, HEAD~809
2021-07-04 08:04:43,339 DEBUG                  - depth 1, hash 40c365e, HEAD~819
2021-07-04 08:04:43,344 DEBUG    [line range] org/apache/commons/math/ode/AbstractIntegrator.java addStepHandler 86:88
2021-07-04 08:04:43,432 DEBUG                  - depth 0, hash 72e8eb5, HEAD~824
2021-07-04 08:04:43,437 DEBUG                  - depth 1, hash b6a0d05, HEAD~832
2021-07-04 08:04:43,442 DEBUG    [line range] org/apache/commons/math/ode/AbstractIntegrator.java clearEventHandlers 115:117
2021-07-04 08:04:43,529 DEBUG                  - depth 0, hash 72e8eb5, HEAD~824
2021-07-04 08:04:43,534 DEBUG                  - depth 1, hash b6a0d05, HEAD~832
2021-07-04 08:04:43,539 DEBUG    [line range] org/apache/commons/math/ode/AbstractIntegrator.java clearStepHandlers 96:98
2021-07-04 08:04:43,627 DEBUG                  - depth 0, hash 72e8eb5, HEAD~824
2021-07-04 08:04:43,632 DEBUG                  - depth 1, hash b6a0d05, HEAD~832
2021-07-04 08:04:43,636 DEBUG    [line range] org/apache/commons/math/ode/AbstractIntegrator.java computeDerivatives 177:183
2021-07-04 08:04:43,723 DEBUG                  - depth 0, hash b2d25e0, HEAD~321
2021-07-04 08:04:43,729 DEBUG    [line range] org/apache/commons/math/ode/AbstractIntegrator.java getCurrentSignedStepsize 137:139
2021-07-04 08:04:43,816 DEBUG                  - depth 0, hash b6a0d05, HEAD~832
2021-07-04 08:04:43,822 DEBUG    [line range] org/apache/commons/math/ode/AbstractIntegrator.java getEvaluations 152:154
2021-07-04 08:04:43,904 DEBUG                  - depth 0, hash b2d25e0, HEAD~321
2021-07-04 08:04:43,909 DEBUG    [line range] org/apache/commons/math/ode/AbstractIntegrator.java requiresDenseOutput 122:129
2021-07-04 08:04:43,996 DEBUG                  - depth 0, hash 72e8eb5, HEAD~824
2021-07-04 08:04:44,002 DEBUG    [line range] org/apache/commons/math/ode/AbstractIntegrator.java resetEvaluations 158:160
2021-07-04 08:04:44,083 DEBUG                  - depth 0, hash b2d25e0, HEAD~321
2021-07-04 08:04:44,089 DEBUG    [line range] org/apache/commons/math/ode/AbstractIntegrator.java sanityChecks 193:218
2021-07-04 08:04:44,176 DEBUG                  - depth 0, hash d6beaea, HEAD~120
2021-07-04 08:04:44,182 DEBUG                  - depth 1, hash 7f88773, HEAD~560
2021-07-04 08:04:44,186 DEBUG                  - depth 2, hash 97e5598, HEAD~829
2021-07-04 08:04:44,190 DEBUG    [line range] org/apache/commons/math/ode/AbstractIntegrator.java setEquations 166:168
2021-07-04 08:04:44,272 DEBUG                  - depth 0, hash b2d25e0, HEAD~321
2021-07-04 08:04:44,278 DEBUG    [line range] org/apache/commons/math/ode/AbstractIntegrator.java setMaxEvaluations 142:144
2021-07-04 08:04:44,360 DEBUG                  - depth 0, hash b2d25e0, HEAD~321
2021-07-04 08:04:44,365 DEBUG    [line range] org/apache/commons/math/ode/AbstractIntegrator.java <init> 256:258
2021-07-04 08:04:44,453 DEBUG                  - depth 0, hash 40c365e, HEAD~819
2021-07-04 08:04:44,458 DEBUG    [line range] org/apache/commons/math/ode/AbstractIntegrator.java eventOccurred 261:263
2021-07-04 08:04:44,545 DEBUG                  - depth 0, hash 2dcc0cc, HEAD~436
2021-07-04 08:04:44,551 DEBUG                  - depth 1, hash 40c365e, HEAD~819
2021-07-04 08:04:44,555 DEBUG    [line range] org/apache/commons/math/ode/AbstractIntegrator.java g 266:268
2021-07-04 08:04:44,642 DEBUG                  - depth 0, hash 40c365e, HEAD~819
2021-07-04 08:04:44,936 DEBUG    [line range] org/apache/commons/math/ode/DerivativeException.java <init> 47:49
2021-07-04 08:04:45,025 DEBUG                  - depth 0, hash 7cf0c98, HEAD~836
2021-07-04 08:04:45,031 DEBUG                  - depth 1, hash 89ac173, HEAD~1254
2021-07-04 08:04:45,388 DEBUG    [line range] org/apache/commons/math/ode/MultistepIntegrator.java <init> 106:132
2021-07-04 08:04:45,475 DEBUG                  - depth 0, hash 4c13fdf, HEAD~237
2021-07-04 08:04:45,480 DEBUG                  - depth 1, hash 036bbe2, HEAD~271
2021-07-04 08:04:45,484 DEBUG                  - depth 2, hash 3cd9130, HEAD~285
2021-07-04 08:04:45,489 DEBUG                  - depth 3, hash ca2b746, HEAD~299
2021-07-04 08:04:45,493 DEBUG                  - depth 4, hash a93e3a5, HEAD~326
2021-07-04 08:04:45,497 DEBUG                  - depth 5, hash 3c76851, HEAD~358
2021-07-04 08:04:45,501 DEBUG                  - depth 6, hash d7695b8, HEAD~806
2021-07-04 08:04:45,505 DEBUG    [single line]   org/apache/commons/math/ode/MultistepIntegrator.java access$000 59
2021-07-04 08:04:45,591 DEBUG                  - depth 0, hash ca2b746, HEAD~299
2021-07-04 08:04:45,597 DEBUG                  - depth 1, hash 7695a8c, HEAD~312
2021-07-04 08:04:45,601 DEBUG                  - depth 2, hash 401c5e5, HEAD~741
2021-07-04 08:04:45,605 DEBUG                  - depth 3, hash d7695b8, HEAD~806
2021-07-04 08:04:45,610 DEBUG    [line range] org/apache/commons/math/ode/MultistepIntegrator.java computeStepGrowShrinkFactor 292:294
2021-07-04 08:04:45,688 DEBUG                  - depth 0, hash ca2b746, HEAD~299
2021-07-04 08:04:45,693 DEBUG                  - depth 1, hash 3c384f8, HEAD~340
2021-07-04 08:04:45,698 DEBUG    [line range] org/apache/commons/math/ode/MultistepIntegrator.java setMaxGrowth 270:272
2021-07-04 08:04:45,775 DEBUG                  - depth 0, hash ca2b746, HEAD~299
2021-07-04 08:04:45,781 DEBUG                  - depth 1, hash 3c384f8, HEAD~340
2021-07-04 08:04:45,785 DEBUG    [line range] org/apache/commons/math/ode/MultistepIntegrator.java setMinReduction 256:258
2021-07-04 08:04:45,875 DEBUG                  - depth 0, hash ca2b746, HEAD~299
2021-07-04 08:04:45,880 DEBUG                  - depth 1, hash 2dcc0cc, HEAD~436
2021-07-04 08:04:45,885 DEBUG                  - depth 2, hash d7695b8, HEAD~806
2021-07-04 08:04:45,889 DEBUG    [line range] org/apache/commons/math/ode/MultistepIntegrator.java setSafety 284:286
2021-07-04 08:04:45,976 DEBUG                  - depth 0, hash ca2b746, HEAD~299
2021-07-04 08:04:45,981 DEBUG                  - depth 1, hash d7695b8, HEAD~806
2021-07-04 08:04:45,986 DEBUG    [line range] org/apache/commons/math/ode/MultistepIntegrator.java start 209:235
2021-07-04 08:04:46,075 DEBUG                  - depth 0, hash ca2b746, HEAD~299
2021-07-04 08:04:46,081 DEBUG                  - depth 1, hash b2d25e0, HEAD~321
2021-07-04 08:04:46,085 DEBUG                  - depth 2, hash 3c384f8, HEAD~340
2021-07-04 08:04:46,089 DEBUG                  - depth 3, hash d097823, HEAD~511
2021-07-04 08:04:46,093 DEBUG                  - depth 4, hash d7695b8, HEAD~806
2021-07-04 08:04:46,098 DEBUG    [line range] org/apache/commons/math/ode/MultistepIntegrator.java <init> 388:390
2021-07-04 08:04:46,180 DEBUG                  - depth 0, hash b2d25e0, HEAD~321
2021-07-04 08:04:46,186 DEBUG    [line range] org/apache/commons/math/ode/MultistepIntegrator.java computeDerivatives 393:396
2021-07-04 08:04:46,266 DEBUG                  - depth 0, hash b2d25e0, HEAD~321
2021-07-04 08:04:46,272 DEBUG    [line range] org/apache/commons/math/ode/MultistepIntegrator.java getDimension 399:401
2021-07-04 08:04:46,351 DEBUG                  - depth 0, hash b2d25e0, HEAD~321
2021-07-04 08:04:46,357 DEBUG    [line range] org/apache/commons/math/ode/MultistepIntegrator.java <init> 373:375
2021-07-04 08:04:46,446 DEBUG                  - depth 0, hash ca2b746, HEAD~299
2021-07-04 08:04:46,452 DEBUG                  - depth 1, hash 8968ba2, HEAD~804
2021-07-04 08:04:46,456 DEBUG                  - depth 2, hash d7695b8, HEAD~806
2021-07-04 08:04:46,461 DEBUG    [line range] org/apache/commons/math/ode/MultistepIntegrator.java handleStep 321:351
2021-07-04 08:04:46,550 DEBUG                  - depth 0, hash 036bbe2, HEAD~271
2021-07-04 08:04:46,556 DEBUG                  - depth 1, hash 3cd9130, HEAD~285
2021-07-04 08:04:46,560 DEBUG                  - depth 2, hash ca2b746, HEAD~299
2021-07-04 08:04:46,564 DEBUG                  - depth 3, hash d7695b8, HEAD~806
2021-07-04 08:04:46,569 DEBUG    [line range] org/apache/commons/math/ode/MultistepIntegrator.java requiresDenseOutput 354:356
2021-07-04 08:04:46,655 DEBUG                  - depth 0, hash ca2b746, HEAD~299
2021-07-04 08:04:46,661 DEBUG                  - depth 1, hash d7695b8, HEAD~806
2021-07-04 08:04:46,665 DEBUG    [line range] org/apache/commons/math/ode/MultistepIntegrator.java reset 359:361
2021-07-04 08:04:46,753 DEBUG                  - depth 0, hash ca2b746, HEAD~299
2021-07-04 08:04:46,758 DEBUG                  - depth 1, hash d7695b8, HEAD~806
2021-07-04 08:04:47,099 DEBUG    [line range] org/apache/commons/math/ode/events/CombinedEventsManager.java <init> 52:56
2021-07-04 08:04:47,188 DEBUG                  - depth 0, hash 7cf0c98, HEAD~836
2021-07-04 08:04:47,194 DEBUG    [line range] org/apache/commons/math/ode/events/CombinedEventsManager.java addEventHandler 69:73
2021-07-04 08:04:47,283 DEBUG                  - depth 0, hash 23b0de6, HEAD~830
2021-07-04 08:04:47,288 DEBUG                  - depth 1, hash 7cf0c98, HEAD~836
2021-07-04 08:04:47,293 DEBUG    [line range] org/apache/commons/math/ode/events/CombinedEventsManager.java clearEventsHandlers 93:95
2021-07-04 08:04:47,381 DEBUG                  - depth 0, hash 7cf0c98, HEAD~836
2021-07-04 08:04:47,387 DEBUG    [line range] org/apache/commons/math/ode/events/CombinedEventsManager.java evaluateStep 122:178
2021-07-04 08:04:47,476 DEBUG                  - depth 0, hash 7cf0c98, HEAD~836
2021-07-04 08:04:47,482 DEBUG    [line range] org/apache/commons/math/ode/events/CombinedEventsManager.java getEventTime 186:188
2021-07-04 08:04:47,571 DEBUG                  - depth 0, hash 7cf0c98, HEAD~836
2021-07-04 08:04:47,576 DEBUG    [line range] org/apache/commons/math/ode/events/CombinedEventsManager.java getEventsStates 101:103
2021-07-04 08:04:47,665 DEBUG                  - depth 0, hash 23b0de6, HEAD~830
2021-07-04 08:04:47,671 DEBUG    [line range] org/apache/commons/math/ode/events/CombinedEventsManager.java reset 232:245
2021-07-04 08:04:47,760 DEBUG                  - depth 0, hash 7cf0c98, HEAD~836
2021-07-04 08:04:47,765 DEBUG    [line range] org/apache/commons/math/ode/events/CombinedEventsManager.java stepAccepted 199:208
2021-07-04 08:04:47,854 DEBUG                  - depth 0, hash 7cf0c98, HEAD~836
2021-07-04 08:04:47,860 DEBUG    [line range] org/apache/commons/math/ode/events/CombinedEventsManager.java stop 214:221
2021-07-04 08:04:47,948 DEBUG                  - depth 0, hash 7cf0c98, HEAD~836
2021-07-04 08:04:48,317 DEBUG    [line range] org/apache/commons/math/ode/events/EventState.java <init> 94:111
2021-07-04 08:04:48,420 DEBUG                  - depth 0, hash 7cf0c98, HEAD~836
2021-07-04 08:04:48,427 DEBUG    [single line]   org/apache/commons/math/ode/events/EventState.java access$000 42
2021-07-04 08:04:48,515 DEBUG                  - depth 0, hash 37fb4b5, HEAD~296
2021-07-04 08:04:48,520 DEBUG                  - depth 1, hash 23b0de6, HEAD~830
2021-07-04 08:04:48,525 DEBUG                  - depth 2, hash 7cf0c98, HEAD~836
2021-07-04 08:04:48,529 DEBUG    [line range] org/apache/commons/math/ode/events/EventState.java evaluateStep 167:274
2021-07-04 08:04:48,618 DEBUG                  - depth 0, hash 1ceccd4, HEAD~51
2021-07-04 08:04:48,623 DEBUG                  - depth 1, hash b3ed241, HEAD~56
2021-07-04 08:04:48,628 DEBUG                  - depth 2, hash b631eb6, HEAD~109
2021-07-04 08:04:48,632 DEBUG                  - depth 3, hash 37fb4b5, HEAD~296
2021-07-04 08:04:48,636 DEBUG                  - depth 4, hash 4e6ce15, HEAD~339
2021-07-04 08:04:48,640 DEBUG                  - depth 5, hash 2dcc0cc, HEAD~436
2021-07-04 08:04:48,644 DEBUG                  - depth 6, hash 9593ad6, HEAD~510
2021-07-04 08:04:48,648 DEBUG                  - depth 7, hash 7f88773, HEAD~560
2021-07-04 08:04:48,652 DEBUG                  - depth 8, hash 95ba92b, HEAD~658
2021-07-04 08:04:48,656 DEBUG                  - depth 9, hash a94bf27, HEAD~812
2021-07-04 08:04:48,660 DEBUG                  - depth 10, hash 5b82c88, HEAD~818
2021-07-04 08:04:48,665 DEBUG                  - depth 11, hash 7cf0c98, HEAD~836
2021-07-04 08:04:48,669 DEBUG    [line range] org/apache/commons/math/ode/events/EventState.java getEventTime 281:283
2021-07-04 08:04:48,758 DEBUG                  - depth 0, hash 7cf0c98, HEAD~836
2021-07-04 08:04:48,764 DEBUG    [line range] org/apache/commons/math/ode/events/EventState.java reinitializeBegin 149:154
2021-07-04 08:04:48,855 DEBUG                  - depth 0, hash b631eb6, HEAD~109
2021-07-04 08:04:48,861 DEBUG                  - depth 1, hash d6beaea, HEAD~120
2021-07-04 08:04:48,865 DEBUG                  - depth 2, hash 7cf0c98, HEAD~836
2021-07-04 08:04:48,869 DEBUG    [line range] org/apache/commons/math/ode/events/EventState.java reset 327:343
2021-07-04 08:04:48,960 DEBUG                  - depth 0, hash a94bf27, HEAD~812
2021-07-04 08:04:48,966 DEBUG                  - depth 1, hash 7cf0c98, HEAD~836
2021-07-04 08:04:48,971 DEBUG    [line range] org/apache/commons/math/ode/events/EventState.java stepAccepted 293:308
2021-07-04 08:04:49,058 DEBUG                  - depth 0, hash b631eb6, HEAD~109
2021-07-04 08:04:49,064 DEBUG                  - depth 1, hash 2dcc0cc, HEAD~436
2021-07-04 08:04:49,068 DEBUG                  - depth 2, hash 7cf0c98, HEAD~836
2021-07-04 08:04:49,073 DEBUG    [line range] org/apache/commons/math/ode/events/EventState.java stop 314:316
2021-07-04 08:04:49,164 DEBUG                  - depth 0, hash 7cf0c98, HEAD~836
2021-07-04 08:04:49,170 DEBUG    [line range] org/apache/commons/math/ode/events/EventState.java <init> 167:274
2021-07-04 08:04:49,261 DEBUG                  - depth 0, hash 1ceccd4, HEAD~51
2021-07-04 08:04:49,267 DEBUG                  - depth 1, hash b3ed241, HEAD~56
2021-07-04 08:04:49,271 DEBUG                  - depth 2, hash b631eb6, HEAD~109
2021-07-04 08:04:49,275 DEBUG                  - depth 3, hash 37fb4b5, HEAD~296
2021-07-04 08:04:49,280 DEBUG                  - depth 4, hash 4e6ce15, HEAD~339
2021-07-04 08:04:49,284 DEBUG                  - depth 5, hash 2dcc0cc, HEAD~436
2021-07-04 08:04:49,288 DEBUG                  - depth 6, hash 9593ad6, HEAD~510
2021-07-04 08:04:49,292 DEBUG                  - depth 7, hash 7f88773, HEAD~560
2021-07-04 08:04:49,297 DEBUG                  - depth 8, hash 95ba92b, HEAD~658
2021-07-04 08:04:49,301 DEBUG                  - depth 9, hash a94bf27, HEAD~812
2021-07-04 08:04:49,305 DEBUG                  - depth 10, hash 5b82c88, HEAD~818
2021-07-04 08:04:49,309 DEBUG                  - depth 11, hash 7cf0c98, HEAD~836
2021-07-04 08:04:49,313 DEBUG    [line range] org/apache/commons/math/ode/events/EventState.java value 167:274
2021-07-04 08:04:49,405 DEBUG                  - depth 0, hash 1ceccd4, HEAD~51
2021-07-04 08:04:49,411 DEBUG                  - depth 1, hash b3ed241, HEAD~56
2021-07-04 08:04:49,415 DEBUG                  - depth 2, hash b631eb6, HEAD~109
2021-07-04 08:04:49,419 DEBUG                  - depth 3, hash 37fb4b5, HEAD~296
2021-07-04 08:04:49,423 DEBUG                  - depth 4, hash 4e6ce15, HEAD~339
2021-07-04 08:04:49,427 DEBUG                  - depth 5, hash 2dcc0cc, HEAD~436
2021-07-04 08:04:49,431 DEBUG                  - depth 6, hash 9593ad6, HEAD~510
2021-07-04 08:04:49,436 DEBUG                  - depth 7, hash 7f88773, HEAD~560
2021-07-04 08:04:49,440 DEBUG                  - depth 8, hash 95ba92b, HEAD~658
2021-07-04 08:04:49,444 DEBUG                  - depth 9, hash a94bf27, HEAD~812
2021-07-04 08:04:49,448 DEBUG                  - depth 10, hash 5b82c88, HEAD~818
2021-07-04 08:04:49,452 DEBUG                  - depth 11, hash 7cf0c98, HEAD~836
2021-07-04 08:04:49,759 DEBUG    [line range] org/apache/commons/math/ode/nonstiff/AdamsIntegrator.java <init> 50:58
2021-07-04 08:04:49,836 DEBUG                  - depth 0, hash 036bbe2, HEAD~271
2021-07-04 08:04:49,841 DEBUG    [line range] org/apache/commons/math/ode/nonstiff/AdamsIntegrator.java initializeHighOrderDerivatives 91:95
2021-07-04 08:04:49,917 DEBUG                  - depth 0, hash 036bbe2, HEAD~271
2021-07-04 08:04:49,923 DEBUG    [line range] org/apache/commons/math/ode/nonstiff/AdamsIntegrator.java updateHighOrderDerivativesPhase1 108:110
2021-07-04 08:04:50,000 DEBUG                  - depth 0, hash 036bbe2, HEAD~271
2021-07-04 08:04:50,006 DEBUG    [line range] org/apache/commons/math/ode/nonstiff/AdamsIntegrator.java updateHighOrderDerivativesPhase2 125:129
2021-07-04 08:04:50,083 DEBUG                  - depth 0, hash 036bbe2, HEAD~271
2021-07-04 08:04:50,463 DEBUG    [line range] org/apache/commons/math/ode/nonstiff/AdamsMoultonIntegrator.java <init> 171:178
2021-07-04 08:04:50,543 DEBUG                  - depth 0, hash 3cd9130, HEAD~285
2021-07-04 08:04:50,548 DEBUG                  - depth 1, hash a04a035, HEAD~298
2021-07-04 08:04:50,553 DEBUG                  - depth 2, hash 0a76fb6, HEAD~325
2021-07-04 08:04:50,557 DEBUG                  - depth 3, hash 7b54b47, HEAD~360
2021-07-04 08:04:50,561 DEBUG    [line range] org/apache/commons/math/ode/nonstiff/AdamsMoultonIntegrator.java integrate 202:361
2021-07-04 08:04:50,641 DEBUG                  - depth 0, hash b631eb6, HEAD~109
2021-07-04 08:04:50,647 DEBUG                  - depth 1, hash 26dac5a, HEAD~116
2021-07-04 08:04:50,651 DEBUG                  - depth 2, hash 036bbe2, HEAD~271
2021-07-04 08:04:50,655 DEBUG                  - depth 3, hash a04a035, HEAD~298
2021-07-04 08:04:50,659 DEBUG                  - depth 4, hash 9494bae, HEAD~318
2021-07-04 08:04:50,664 DEBUG                  - depth 5, hash b2d25e0, HEAD~321
2021-07-04 08:04:50,668 DEBUG                  - depth 6, hash 0a76fb6, HEAD~325
2021-07-04 08:04:50,672 DEBUG                  - depth 7, hash 63c5ec9, HEAD~338
2021-07-04 08:04:50,676 DEBUG                  - depth 8, hash 7b54b47, HEAD~360
2021-07-04 08:04:50,683 DEBUG    [line range] org/apache/commons/math/ode/nonstiff/AdamsMoultonIntegrator.java <init> 390:395
2021-07-04 08:04:50,761 DEBUG                  - depth 0, hash a04a035, HEAD~298
2021-07-04 08:04:50,767 DEBUG                  - depth 1, hash 7b54b47, HEAD~360
2021-07-04 08:04:50,772 DEBUG    [line range] org/apache/commons/math/ode/nonstiff/AdamsMoultonIntegrator.java end 422:437
2021-07-04 08:04:50,850 DEBUG                  - depth 0, hash a04a035, HEAD~298
2021-07-04 08:04:50,856 DEBUG                  - depth 1, hash 7695a8c, HEAD~312
2021-07-04 08:04:50,860 DEBUG                  - depth 2, hash dbae4b0, HEAD~315
2021-07-04 08:04:50,864 DEBUG                  - depth 3, hash 0a76fb6, HEAD~325
2021-07-04 08:04:50,868 DEBUG                  - depth 4, hash 8b52d99, HEAD~354
2021-07-04 08:04:50,873 DEBUG                  - depth 5, hash 7b54b47, HEAD~360
2021-07-04 08:04:50,877 DEBUG    [line range] org/apache/commons/math/ode/nonstiff/AdamsMoultonIntegrator.java start 398:401
2021-07-04 08:04:50,957 DEBUG                  - depth 0, hash a04a035, HEAD~298
2021-07-04 08:04:50,962 DEBUG                  - depth 1, hash 7b54b47, HEAD~360
2021-07-04 08:04:50,967 DEBUG    [line range] org/apache/commons/math/ode/nonstiff/AdamsMoultonIntegrator.java visit 404:411
2021-07-04 08:04:51,045 DEBUG                  - depth 0, hash a04a035, HEAD~298
2021-07-04 08:04:51,051 DEBUG                  - depth 1, hash 7b54b47, HEAD~360
2021-07-04 08:04:51,387 DEBUG    [line range] org/apache/commons/math/ode/nonstiff/AdamsNordsieckTransformer.java <clinit> 136:137
2021-07-04 08:04:51,464 DEBUG                  - depth 0, hash a0943be, HEAD~122
2021-07-04 08:04:51,470 DEBUG                  - depth 1, hash 58add4a, HEAD~272
2021-07-04 08:04:51,474 DEBUG                  - depth 2, hash a04a035, HEAD~298
2021-07-04 08:04:51,478 DEBUG    [line range] org/apache/commons/math/ode/nonstiff/AdamsNordsieckTransformer.java <init> 152:195
2021-07-04 08:04:51,555 DEBUG                  - depth 0, hash 58add4a, HEAD~272
2021-07-04 08:04:51,561 DEBUG                  - depth 1, hash a04a035, HEAD~298
2021-07-04 08:04:51,566 DEBUG    [line range] org/apache/commons/math/ode/nonstiff/AdamsNordsieckTransformer.java buildP 235:252
2021-07-04 08:04:51,643 DEBUG                  - depth 0, hash 58add4a, HEAD~272
2021-07-04 08:04:51,649 DEBUG                  - depth 1, hash a04a035, HEAD~298
2021-07-04 08:04:51,653 DEBUG    [line range] org/apache/commons/math/ode/nonstiff/AdamsNordsieckTransformer.java getInstance 202:211
2021-07-04 08:04:51,730 DEBUG                  - depth 0, hash a0943be, HEAD~122
2021-07-04 08:04:51,736 DEBUG                  - depth 1, hash 58add4a, HEAD~272
2021-07-04 08:04:51,740 DEBUG                  - depth 2, hash a04a035, HEAD~298
2021-07-04 08:04:51,745 DEBUG    [line range] org/apache/commons/math/ode/nonstiff/AdamsNordsieckTransformer.java initializeHighOrderDerivatives 260:269
2021-07-04 08:04:51,821 DEBUG                  - depth 0, hash 58add4a, HEAD~272
2021-07-04 08:04:51,827 DEBUG                  - depth 1, hash a04a035, HEAD~298
2021-07-04 08:04:51,831 DEBUG    [line range] org/apache/commons/math/ode/nonstiff/AdamsNordsieckTransformer.java updateHighOrderDerivativesPhase1 282:284
2021-07-04 08:04:51,910 DEBUG                  - depth 0, hash 58add4a, HEAD~272
2021-07-04 08:04:51,916 DEBUG                  - depth 1, hash a04a035, HEAD~298
2021-07-04 08:04:51,920 DEBUG    [line range] org/apache/commons/math/ode/nonstiff/AdamsNordsieckTransformer.java updateHighOrderDerivativesPhase2 299:310
2021-07-04 08:04:51,998 DEBUG                  - depth 0, hash 9443a8a, HEAD~259
2021-07-04 08:04:52,004 DEBUG                  - depth 1, hash a04a035, HEAD~298
2021-07-04 08:04:52,008 DEBUG    [line range] org/apache/commons/math/ode/nonstiff/AdamsNordsieckTransformer.java visit 152:195
2021-07-04 08:04:52,085 DEBUG                  - depth 0, hash 58add4a, HEAD~272
2021-07-04 08:04:52,090 DEBUG                  - depth 1, hash a04a035, HEAD~298
2021-07-04 08:04:52,095 DEBUG    [line range] org/apache/commons/math/ode/nonstiff/AdamsNordsieckTransformer.java visit 152:195
2021-07-04 08:04:52,171 DEBUG                  - depth 0, hash 58add4a, HEAD~272
2021-07-04 08:04:52,177 DEBUG                  - depth 1, hash a04a035, HEAD~298
2021-07-04 08:04:52,528 DEBUG    [line range] org/apache/commons/math/ode/nonstiff/AdaptiveStepsizeIntegrator.java <init> 88:106
2021-07-04 08:04:52,620 DEBUG                  - depth 0, hash 7d32eeb, HEAD~769
2021-07-04 08:04:52,626 DEBUG                  - depth 1, hash b6a0d05, HEAD~832
2021-07-04 08:04:52,630 DEBUG                  - depth 2, hash 7cf0c98, HEAD~836
2021-07-04 08:04:52,634 DEBUG                  - depth 3, hash 516187e, HEAD~1098
2021-07-04 08:04:52,638 DEBUG                  - depth 4, hash 89ac173, HEAD~1254
2021-07-04 08:04:52,643 DEBUG    [line range] org/apache/commons/math/ode/nonstiff/AdaptiveStepsizeIntegrator.java filterStep 277:299
2021-07-04 08:04:52,735 DEBUG                  - depth 0, hash 6d7818c, HEAD~117
2021-07-04 08:04:52,740 DEBUG                  - depth 1, hash 7f88773, HEAD~560
2021-07-04 08:04:52,745 DEBUG                  - depth 2, hash 0201406, HEAD~810
2021-07-04 08:04:52,749 DEBUG                  - depth 3, hash 7cf0c98, HEAD~836
2021-07-04 08:04:52,753 DEBUG                  - depth 4, hash fd0f875, HEAD~846
2021-07-04 08:04:52,757 DEBUG                  - depth 5, hash b609686, HEAD~1006
2021-07-04 08:04:52,761 DEBUG                  - depth 6, hash 89ac173, HEAD~1254
2021-07-04 08:04:52,766 DEBUG    [line range] org/apache/commons/math/ode/nonstiff/AdaptiveStepsizeIntegrator.java getCurrentStepStart 308:311
2021-07-04 08:04:52,850 DEBUG                  - depth 0, hash 9c8d2c7, HEAD~506
2021-07-04 08:04:52,856 DEBUG                  - depth 1, hash 516187e, HEAD~1098
2021-07-04 08:04:52,861 DEBUG    [line range] org/apache/commons/math/ode/nonstiff/AdaptiveStepsizeIntegrator.java getMaxStep 329:331
2021-07-04 08:04:52,946 DEBUG                  - depth 0, hash 89ac173, HEAD~1254
2021-07-04 08:04:52,952 DEBUG    [line range] org/apache/commons/math/ode/nonstiff/AdaptiveStepsizeIntegrator.java getMinStep 322:324
2021-07-04 08:04:53,037 DEBUG                  - depth 0, hash 89ac173, HEAD~1254
2021-07-04 08:04:53,043 DEBUG    [line range] org/apache/commons/math/ode/nonstiff/AdaptiveStepsizeIntegrator.java initializeStep 203:266
2021-07-04 08:04:53,134 DEBUG                  - depth 0, hash b2d25e0, HEAD~321
2021-07-04 08:04:53,140 DEBUG                  - depth 1, hash 7cf0c98, HEAD~836
2021-07-04 08:04:53,144 DEBUG                  - depth 2, hash b609686, HEAD~1006
2021-07-04 08:04:53,148 DEBUG                  - depth 3, hash 89ac173, HEAD~1254
2021-07-04 08:04:53,153 DEBUG    [line range] org/apache/commons/math/ode/nonstiff/AdaptiveStepsizeIntegrator.java resetInternalState 314:317
2021-07-04 08:04:53,239 DEBUG                  - depth 0, hash 516187e, HEAD~1098
2021-07-04 08:04:53,244 DEBUG    [line range] org/apache/commons/math/ode/nonstiff/AdaptiveStepsizeIntegrator.java sanityChecks 165:187
2021-07-04 08:04:53,336 DEBUG                  - depth 0, hash 9c8d2c7, HEAD~506
2021-07-04 08:04:53,342 DEBUG                  - depth 1, hash 7f88773, HEAD~560
2021-07-04 08:04:53,346 DEBUG                  - depth 2, hash 97e5598, HEAD~829
2021-07-04 08:04:53,350 DEBUG                  - depth 3, hash 7cf0c98, HEAD~836
2021-07-04 08:04:53,355 DEBUG                  - depth 4, hash fd0f875, HEAD~846
2021-07-04 08:04:53,359 DEBUG                  - depth 5, hash b609686, HEAD~1006
2021-07-04 08:04:53,363 DEBUG                  - depth 6, hash cc84446, HEAD~1102
2021-07-04 08:04:53,729 DEBUG    [line range] org/apache/commons/math/ode/nonstiff/DormandPrince853Integrator.java <clinit> 61:65
2021-07-04 08:04:53,814 DEBUG                  - depth 0, hash a0943be, HEAD~122
2021-07-04 08:04:53,820 DEBUG                  - depth 1, hash bc84c00, HEAD~995
2021-07-04 08:04:53,824 DEBUG                  - depth 2, hash 9aeabf6, HEAD~1070
2021-07-04 08:04:53,828 DEBUG                  - depth 3, hash 89ac173, HEAD~1254
2021-07-04 08:04:53,833 DEBUG    [line range] org/apache/commons/math/ode/nonstiff/DormandPrince853Integrator.java <init> 213:219
2021-07-04 08:04:53,926 DEBUG                  - depth 0, hash a0943be, HEAD~122
2021-07-04 08:04:53,932 DEBUG                  - depth 1, hash b6a0d05, HEAD~832
2021-07-04 08:04:53,936 DEBUG                  - depth 2, hash 7cf0c98, HEAD~836
2021-07-04 08:04:53,940 DEBUG                  - depth 3, hash 9aeabf6, HEAD~1070
2021-07-04 08:04:53,944 DEBUG                  - depth 4, hash 89ac173, HEAD~1254
2021-07-04 08:04:53,949 DEBUG    [line range] org/apache/commons/math/ode/nonstiff/DormandPrince853Integrator.java estimateError 245:279
2021-07-04 08:04:54,041 DEBUG                  - depth 0, hash a0943be, HEAD~122
2021-07-04 08:04:54,047 DEBUG                  - depth 1, hash 9c8d2c7, HEAD~506
2021-07-04 08:04:54,051 DEBUG                  - depth 2, hash 7cf0c98, HEAD~836
2021-07-04 08:04:54,055 DEBUG                  - depth 3, hash 1f89e22, HEAD~1005
2021-07-04 08:04:54,059 DEBUG                  - depth 4, hash 89ac173, HEAD~1254
2021-07-04 08:04:54,064 DEBUG    [line range] org/apache/commons/math/ode/nonstiff/DormandPrince853Integrator.java getOrder 239:242
2021-07-04 08:04:54,149 DEBUG                  - depth 0, hash 9c8d2c7, HEAD~506
2021-07-04 08:04:54,155 DEBUG                  - depth 1, hash 89ac173, HEAD~1254
2021-07-04 08:04:54,550 DEBUG    [line range] org/apache/commons/math/ode/nonstiff/DormandPrince853StepInterpolator.java <clinit> 181:211
2021-07-04 08:04:54,627 DEBUG                  - depth 0, hash 292e891, HEAD~110
2021-07-04 08:04:54,633 DEBUG    [line range] org/apache/commons/math/ode/nonstiff/DormandPrince853StepInterpolator.java <init> 231:236
2021-07-04 08:04:54,717 DEBUG                  - depth 0, hash e6275ff, HEAD~1085
2021-07-04 08:04:54,723 DEBUG                  - depth 1, hash 89ac173, HEAD~1254
2021-07-04 08:04:54,727 DEBUG    [line range] org/apache/commons/math/ode/nonstiff/DormandPrince853StepInterpolator.java <init> 243:274
2021-07-04 08:04:54,819 DEBUG                  - depth 0, hash 7cf0c98, HEAD~836
2021-07-04 08:04:54,824 DEBUG                  - depth 1, hash e6275ff, HEAD~1085
2021-07-04 08:04:54,829 DEBUG                  - depth 2, hash 89ac173, HEAD~1254
2021-07-04 08:04:54,833 DEBUG    [line range] org/apache/commons/math/ode/nonstiff/DormandPrince853StepInterpolator.java computeInterpolatedStateAndDerivatives 313:385
2021-07-04 08:04:54,924 DEBUG                  - depth 0, hash a0943be, HEAD~122
2021-07-04 08:04:54,929 DEBUG                  - depth 1, hash d503a94, HEAD~330
2021-07-04 08:04:54,934 DEBUG                  - depth 2, hash 9c8d2c7, HEAD~506
2021-07-04 08:04:54,938 DEBUG                  - depth 3, hash e5f16ff, HEAD~816
2021-07-04 08:04:54,942 DEBUG                  - depth 4, hash a717386, HEAD~828
2021-07-04 08:04:54,947 DEBUG                  - depth 5, hash 7cf0c98, HEAD~836
2021-07-04 08:04:54,951 DEBUG                  - depth 6, hash 1f89e22, HEAD~1005
2021-07-04 08:04:54,955 DEBUG                  - depth 7, hash 89ac173, HEAD~1254
2021-07-04 08:04:54,961 DEBUG    [line range] org/apache/commons/math/ode/nonstiff/DormandPrince853StepInterpolator.java doCopy 277:280
2021-07-04 08:04:55,047 DEBUG                  - depth 0, hash 9c8d2c7, HEAD~506
2021-07-04 08:04:55,053 DEBUG                  - depth 1, hash e6275ff, HEAD~1085
2021-07-04 08:04:55,057 DEBUG                  - depth 2, hash 89ac173, HEAD~1254
2021-07-04 08:04:55,062 DEBUG    [line range] org/apache/commons/math/ode/nonstiff/DormandPrince853StepInterpolator.java doFinalize 388:429
2021-07-04 08:04:55,155 DEBUG                  - depth 0, hash a0943be, HEAD~122
2021-07-04 08:04:55,161 DEBUG                  - depth 1, hash b2d25e0, HEAD~321
2021-07-04 08:04:55,165 DEBUG                  - depth 2, hash 9c8d2c7, HEAD~506
2021-07-04 08:04:55,169 DEBUG                  - depth 3, hash 7cf0c98, HEAD~836
2021-07-04 08:04:55,174 DEBUG                  - depth 4, hash 1f89e22, HEAD~1005
2021-07-04 08:04:55,178 DEBUG                  - depth 5, hash e6275ff, HEAD~1085
2021-07-04 08:04:55,182 DEBUG                  - depth 6, hash 89ac173, HEAD~1254
2021-07-04 08:04:55,187 DEBUG    [line range] org/apache/commons/math/ode/nonstiff/DormandPrince853StepInterpolator.java reinitialize 283:303
2021-07-04 08:04:55,278 DEBUG                  - depth 0, hash b2d25e0, HEAD~321
2021-07-04 08:04:55,284 DEBUG                  - depth 1, hash 9c8d2c7, HEAD~506
2021-07-04 08:04:55,288 DEBUG                  - depth 2, hash 7cf0c98, HEAD~836
2021-07-04 08:04:55,292 DEBUG                  - depth 3, hash 9aeabf6, HEAD~1070
2021-07-04 08:04:55,297 DEBUG                  - depth 4, hash e6275ff, HEAD~1085
2021-07-04 08:04:55,301 DEBUG                  - depth 5, hash 89ac173, HEAD~1254
2021-07-04 08:04:55,305 DEBUG    [line range] org/apache/commons/math/ode/nonstiff/DormandPrince853StepInterpolator.java storeTime 306:310
2021-07-04 08:04:55,396 DEBUG                  - depth 0, hash 9c8d2c7, HEAD~506
2021-07-04 08:04:55,402 DEBUG                  - depth 1, hash 7cf0c98, HEAD~836
2021-07-04 08:04:55,406 DEBUG                  - depth 2, hash 89ac173, HEAD~1254
2021-07-04 08:04:55,774 DEBUG    [line range] org/apache/commons/math/ode/nonstiff/EmbeddedRungeKuttaIntegrator.java <init> 111:133
2021-07-04 08:04:55,865 DEBUG                  - depth 0, hash b6a0d05, HEAD~832
2021-07-04 08:04:55,871 DEBUG                  - depth 1, hash 7cf0c98, HEAD~836
2021-07-04 08:04:55,875 DEBUG                  - depth 2, hash 9aeabf6, HEAD~1070
2021-07-04 08:04:55,880 DEBUG                  - depth 3, hash ede34d9, HEAD~1083
2021-07-04 08:04:55,884 DEBUG                  - depth 4, hash 89ac173, HEAD~1254
2021-07-04 08:04:55,888 DEBUG    [line range] org/apache/commons/math/ode/nonstiff/EmbeddedRungeKuttaIntegrator.java integrate 193:361
2021-07-04 08:04:55,981 DEBUG                  - depth 0, hash b631eb6, HEAD~109
2021-07-04 08:04:55,987 DEBUG                  - depth 1, hash ce8aff1, HEAD~300
2021-07-04 08:04:55,991 DEBUG                  - depth 2, hash 9494bae, HEAD~318
2021-07-04 08:04:55,995 DEBUG                  - depth 3, hash b2d25e0, HEAD~321
2021-07-04 08:04:55,999 DEBUG                  - depth 4, hash 9c8d2c7, HEAD~506
2021-07-04 08:04:56,004 DEBUG                  - depth 5, hash 8dadbe0, HEAD~809
2021-07-04 08:04:56,008 DEBUG                  - depth 6, hash 0201406, HEAD~810
2021-07-04 08:04:56,012 DEBUG                  - depth 7, hash e7110ea, HEAD~815
2021-07-04 08:04:56,016 DEBUG                  - depth 8, hash 72e8eb5, HEAD~824
2021-07-04 08:04:56,021 DEBUG                  - depth 9, hash e703a2c, HEAD~834
2021-07-04 08:04:56,025 DEBUG                  - depth 10, hash 7cf0c98, HEAD~836
2021-07-04 08:04:56,029 DEBUG                  - depth 11, hash bc84c00, HEAD~995
2021-07-04 08:04:56,033 DEBUG                  - depth 12, hash 1f89e22, HEAD~1005
2021-07-04 08:04:56,037 DEBUG                  - depth 13, hash 6f35d5b, HEAD~1078
2021-07-04 08:04:56,041 DEBUG                  - depth 14, hash e6275ff, HEAD~1085
2021-07-04 08:04:56,046 DEBUG                  - depth 15, hash 516187e, HEAD~1098
2021-07-04 08:04:56,050 DEBUG                  - depth 16, hash cc84446, HEAD~1102
2021-07-04 08:04:56,054 DEBUG                  - depth 17, hash ca79137, HEAD~1253
2021-07-04 08:04:56,058 DEBUG                  - depth 18, hash 89ac173, HEAD~1254
2021-07-04 08:04:56,065 DEBUG    [line range] org/apache/commons/math/ode/nonstiff/EmbeddedRungeKuttaIntegrator.java setMaxGrowth 387:389
2021-07-04 08:04:56,159 DEBUG                  - depth 0, hash 7cf0c98, HEAD~836
2021-07-04 08:04:56,165 DEBUG                  - depth 1, hash 89ac173, HEAD~1254
2021-07-04 08:04:56,169 DEBUG    [line range] org/apache/commons/math/ode/nonstiff/EmbeddedRungeKuttaIntegrator.java setMinReduction 373:375
2021-07-04 08:04:56,261 DEBUG                  - depth 0, hash 7cf0c98, HEAD~836
2021-07-04 08:04:56,267 DEBUG                  - depth 1, hash 89ac173, HEAD~1254
2021-07-04 08:04:56,271 DEBUG    [line range] org/apache/commons/math/ode/nonstiff/EmbeddedRungeKuttaIntegrator.java setSafety 188:190
2021-07-04 08:04:56,362 DEBUG                  - depth 0, hash 7cf0c98, HEAD~836
2021-07-04 08:04:56,368 DEBUG                  - depth 1, hash 89ac173, HEAD~1254
2021-07-04 08:04:56,691 DEBUG    [line range] org/apache/commons/math/ode/nonstiff/RungeKuttaStepInterpolator.java <init> 56:60
2021-07-04 08:04:56,777 DEBUG                  - depth 0, hash b2d25e0, HEAD~321
2021-07-04 08:04:56,782 DEBUG                  - depth 1, hash 89ac173, HEAD~1254
2021-07-04 08:04:56,787 DEBUG    [line range] org/apache/commons/math/ode/nonstiff/RungeKuttaStepInterpolator.java <init> 79:101
2021-07-04 08:04:56,881 DEBUG                  - depth 0, hash b2d25e0, HEAD~321
2021-07-04 08:04:56,887 DEBUG                  - depth 1, hash 7cf0c98, HEAD~836
2021-07-04 08:04:56,892 DEBUG                  - depth 2, hash 89ac173, HEAD~1254
2021-07-04 08:04:56,896 DEBUG    [line range] org/apache/commons/math/ode/nonstiff/RungeKuttaStepInterpolator.java reinitialize 124:129
2021-07-04 08:04:56,992 DEBUG                  - depth 0, hash d6beaea, HEAD~120
2021-07-04 08:04:56,997 DEBUG                  - depth 1, hash b2d25e0, HEAD~321
2021-07-04 08:04:57,002 DEBUG                  - depth 2, hash 7cf0c98, HEAD~836
2021-07-04 08:04:57,006 DEBUG                  - depth 3, hash 89ac173, HEAD~1254
2021-07-04 08:04:57,363 DEBUG    [line range] org/apache/commons/math/ode/sampling/AbstractStepInterpolator.java <init> 89:100
2021-07-04 08:04:57,475 DEBUG                  - depth 0, hash daf025e, HEAD~331
2021-07-04 08:04:57,481 DEBUG                  - depth 1, hash a717386, HEAD~828
2021-07-04 08:04:57,485 DEBUG                  - depth 2, hash 89ac173, HEAD~1254
2021-07-04 08:04:57,490 DEBUG    [line range] org/apache/commons/math/ode/sampling/AbstractStepInterpolator.java <init> 141:162
2021-07-04 08:04:57,581 DEBUG                  - depth 0, hash daf025e, HEAD~331
2021-07-04 08:04:57,586 DEBUG                  - depth 1, hash f46ebfe, HEAD~500
2021-07-04 08:04:57,591 DEBUG                  - depth 2, hash a717386, HEAD~828
2021-07-04 08:04:57,595 DEBUG                  - depth 3, hash 7cf0c98, HEAD~836
2021-07-04 08:04:57,599 DEBUG                  - depth 4, hash 676c203, HEAD~1243
2021-07-04 08:04:57,604 DEBUG                  - depth 5, hash 89ac173, HEAD~1254
2021-07-04 08:04:57,608 DEBUG    [line range] org/apache/commons/math/ode/sampling/AbstractStepInterpolator.java copy 187:195
2021-07-04 08:04:57,693 DEBUG                  - depth 0, hash e6275ff, HEAD~1085
2021-07-04 08:04:57,699 DEBUG                  - depth 1, hash 676c203, HEAD~1243
2021-07-04 08:04:57,704 DEBUG                  - depth 2, hash 89ac173, HEAD~1254
2021-07-04 08:04:57,708 DEBUG    [line range] org/apache/commons/math/ode/sampling/AbstractStepInterpolator.java finalizeStep 339:345
2021-07-04 08:04:57,792 DEBUG                  - depth 0, hash 89ac173, HEAD~1254
2021-07-04 08:04:57,798 DEBUG    [line range] org/apache/commons/math/ode/sampling/AbstractStepInterpolator.java getCurrentTime 234:236
2021-07-04 08:04:57,885 DEBUG                  - depth 0, hash 89ac173, HEAD~1254
2021-07-04 08:04:57,890 DEBUG    [line range] org/apache/commons/math/ode/sampling/AbstractStepInterpolator.java getInterpolatedDerivatives 284:296
2021-07-04 08:04:57,977 DEBUG                  - depth 0, hash daf025e, HEAD~331
2021-07-04 08:04:57,983 DEBUG                  - depth 1, hash a717386, HEAD~828
2021-07-04 08:04:57,988 DEBUG    [line range] org/apache/commons/math/ode/sampling/AbstractStepInterpolator.java getInterpolatedState 269:281
2021-07-04 08:04:58,079 DEBUG                  - depth 0, hash daf025e, HEAD~331
2021-07-04 08:04:58,084 DEBUG                  - depth 1, hash a717386, HEAD~828
2021-07-04 08:04:58,089 DEBUG                  - depth 2, hash 676c203, HEAD~1243
2021-07-04 08:04:58,093 DEBUG                  - depth 3, hash 89ac173, HEAD~1254
2021-07-04 08:04:58,098 DEBUG    [line range] org/apache/commons/math/ode/sampling/AbstractStepInterpolator.java getInterpolatedTime 239:241
2021-07-04 08:04:58,184 DEBUG                  - depth 0, hash 89ac173, HEAD~1254
2021-07-04 08:04:58,190 DEBUG    [line range] org/apache/commons/math/ode/sampling/AbstractStepInterpolator.java getPreviousTime 229:231
2021-07-04 08:04:58,273 DEBUG                  - depth 0, hash 89ac173, HEAD~1254
2021-07-04 08:04:58,279 DEBUG    [line range] org/apache/commons/math/ode/sampling/AbstractStepInterpolator.java isForward 250:252
2021-07-04 08:04:58,363 DEBUG                  - depth 0, hash 89ac173, HEAD~1254
2021-07-04 08:04:58,369 DEBUG    [line range] org/apache/commons/math/ode/sampling/AbstractStepInterpolator.java reinitialize 169:184
2021-07-04 08:04:58,459 DEBUG                  - depth 0, hash d6beaea, HEAD~120
2021-07-04 08:04:58,465 DEBUG                  - depth 1, hash daf025e, HEAD~331
2021-07-04 08:04:58,469 DEBUG                  - depth 2, hash a717386, HEAD~828
2021-07-04 08:04:58,474 DEBUG                  - depth 3, hash 7cf0c98, HEAD~836
2021-07-04 08:04:58,478 DEBUG                  - depth 4, hash 89ac173, HEAD~1254
2021-07-04 08:04:58,483 DEBUG    [line range] org/apache/commons/math/ode/sampling/AbstractStepInterpolator.java setInterpolatedTime 244:247
2021-07-04 08:04:58,575 DEBUG                  - depth 0, hash daf025e, HEAD~331
2021-07-04 08:04:58,581 DEBUG                  - depth 1, hash b35f8a1, HEAD~813
2021-07-04 08:04:58,585 DEBUG                  - depth 2, hash 7cf0c98, HEAD~836
2021-07-04 08:04:58,589 DEBUG                  - depth 3, hash 89ac173, HEAD~1254
2021-07-04 08:04:58,594 DEBUG    [line range] org/apache/commons/math/ode/sampling/AbstractStepInterpolator.java shift 210:212
2021-07-04 08:04:58,679 DEBUG                  - depth 0, hash 89ac173, HEAD~1254
2021-07-04 08:04:58,684 DEBUG    [line range] org/apache/commons/math/ode/sampling/AbstractStepInterpolator.java storeTime 217:226
2021-07-04 08:04:58,775 DEBUG                  - depth 0, hash daf025e, HEAD~331
2021-07-04 08:04:58,781 DEBUG                  - depth 1, hash 7cf0c98, HEAD~836
2021-07-04 08:04:58,786 DEBUG                  - depth 2, hash 89ac173, HEAD~1254
2021-07-04 08:04:59,146 DEBUG    [line range] org/apache/commons/math/ode/sampling/NordsieckStepInterpolator.java <init> 72:73
2021-07-04 08:04:59,223 DEBUG                  - depth 0, hash 551cfe9, HEAD~361
2021-07-04 08:04:59,229 DEBUG    [line range] org/apache/commons/math/ode/sampling/NordsieckStepInterpolator.java computeInterpolatedStateAndDerivatives 185:215
2021-07-04 08:04:59,306 DEBUG                  - depth 0, hash cf5ed13, HEAD~249
2021-07-04 08:04:59,312 DEBUG                  - depth 1, hash 14a77ce, HEAD~253
2021-07-04 08:04:59,316 DEBUG                  - depth 2, hash b56ef81, HEAD~270
2021-07-04 08:04:59,321 DEBUG                  - depth 3, hash b998c2f, HEAD~273
2021-07-04 08:04:59,325 DEBUG                  - depth 4, hash a04a035, HEAD~298
2021-07-04 08:04:59,329 DEBUG                  - depth 5, hash daf025e, HEAD~331
2021-07-04 08:04:59,333 DEBUG                  - depth 6, hash 551cfe9, HEAD~361
2021-07-04 08:04:59,338 DEBUG    [line range] org/apache/commons/math/ode/sampling/NordsieckStepInterpolator.java reinitialize 124:135
2021-07-04 08:04:59,415 DEBUG                  - depth 0, hash d6beaea, HEAD~120
2021-07-04 08:04:59,421 DEBUG                  - depth 1, hash b998c2f, HEAD~273
2021-07-04 08:04:59,425 DEBUG                  - depth 2, hash daf025e, HEAD~331
2021-07-04 08:04:59,430 DEBUG                  - depth 3, hash 551cfe9, HEAD~361
2021-07-04 08:04:59,434 DEBUG    [line range] org/apache/commons/math/ode/sampling/NordsieckStepInterpolator.java reinitialize 108:112
2021-07-04 08:04:59,511 DEBUG                  - depth 0, hash 14a77ce, HEAD~253
2021-07-04 08:04:59,517 DEBUG                  - depth 1, hash 551cfe9, HEAD~361
2021-07-04 08:04:59,521 DEBUG    [line range] org/apache/commons/math/ode/sampling/NordsieckStepInterpolator.java rescale 142:161
2021-07-04 08:04:59,600 DEBUG                  - depth 0, hash d6beaea, HEAD~120
2021-07-04 08:04:59,606 DEBUG                  - depth 1, hash b998c2f, HEAD~273
2021-07-04 08:04:59,610 DEBUG                  - depth 2, hash a04a035, HEAD~298
2021-07-04 08:04:59,615 INFO     The number of BIC candidates: 111
