2021-07-04 07:17:30,674 INFO     Search BICs for /tmp/Math-39b/
2021-07-04 07:17:30,674 DEBUG    Reading the coverage of org.apache.commons.math.ode.nonstiff.DormandPrince853IntegratorTest::testTooLargeFirstStep (failings)
2021-07-04 07:17:30,701 INFO     Loaded 1x513 Coverage Matrix
2021-07-04 07:17:30,702 INFO     The number of total commits: 3503
2021-07-04 07:17:31,063 DEBUG    [line range] org/apache/commons/math/ode/AbstractIntegrator.java <init> 85:95
2021-07-04 07:17:31,220 DEBUG                  - depth 0, hash ba6f308, HEAD~56
2021-07-04 07:17:31,226 DEBUG                  - depth 1, hash 19ffb8a, HEAD~376
2021-07-04 07:17:31,230 DEBUG                  - depth 2, hash 5bfbf61, HEAD~917
2021-07-04 07:17:31,235 DEBUG                  - depth 3, hash b2d25e0, HEAD~1716
2021-07-04 07:17:31,239 DEBUG                  - depth 4, hash 72e8eb5, HEAD~2219
2021-07-04 07:17:31,243 DEBUG                  - depth 5, hash b6a0d05, HEAD~2227
2021-07-04 07:17:31,247 DEBUG    [line range] org/apache/commons/math/ode/AbstractIntegrator.java computeDerivatives 262:266
2021-07-04 07:17:31,397 DEBUG                  - depth 0, hash 2119976, HEAD~240
2021-07-04 07:17:31,402 DEBUG                  - depth 1, hash 19ffb8a, HEAD~376
2021-07-04 07:17:31,406 DEBUG                  - depth 2, hash 8302dd0, HEAD~1035
2021-07-04 07:17:31,410 DEBUG                  - depth 3, hash b2d25e0, HEAD~1716
2021-07-04 07:17:31,414 DEBUG    [line range] org/apache/commons/math/ode/AbstractIntegrator.java initIntegration 187:201
2021-07-04 07:17:31,563 DEBUG                  - depth 0, hash ba6f308, HEAD~56
2021-07-04 07:17:31,568 DEBUG                  - depth 1, hash 19ffb8a, HEAD~376
2021-07-04 07:17:31,572 DEBUG                  - depth 2, hash b2d25e0, HEAD~1716
2021-07-04 07:17:31,576 DEBUG    [line range] org/apache/commons/math/ode/AbstractIntegrator.java integrate 211:234
2021-07-04 07:17:31,718 DEBUG                  - depth 0, hash 47c98b3, HEAD~231
2021-07-04 07:17:31,723 DEBUG                  - depth 1, hash 2119976, HEAD~240
2021-07-04 07:17:31,727 DEBUG                  - depth 2, hash 4aa93e5, HEAD~275
2021-07-04 07:17:31,731 DEBUG                  - depth 3, hash e87ed62, HEAD~279
2021-07-04 07:17:31,735 DEBUG    [line range] org/apache/commons/math/ode/AbstractIntegrator.java sanityChecks 401:412
2021-07-04 07:17:31,890 DEBUG                  - depth 0, hash 4aa93e5, HEAD~275
2021-07-04 07:17:31,896 DEBUG                  - depth 1, hash e87ed62, HEAD~279
2021-07-04 07:17:31,900 DEBUG                  - depth 2, hash 8581b76, HEAD~400
2021-07-04 07:17:31,904 DEBUG                  - depth 3, hash 80b1e90, HEAD~1171
2021-07-04 07:17:31,908 DEBUG                  - depth 4, hash 1eaea0b, HEAD~1236
2021-07-04 07:17:31,912 DEBUG                  - depth 5, hash d6beaea, HEAD~1515
2021-07-04 07:17:31,916 DEBUG                  - depth 6, hash 7f88773, HEAD~1955
2021-07-04 07:17:31,920 DEBUG                  - depth 7, hash 97e5598, HEAD~2224
2021-07-04 07:17:31,924 DEBUG    [line range] org/apache/commons/math/ode/AbstractIntegrator.java setEquations 206:208
2021-07-04 07:17:32,073 DEBUG                  - depth 0, hash 2119976, HEAD~240
2021-07-04 07:17:32,078 DEBUG                  - depth 1, hash 4aa93e5, HEAD~275
2021-07-04 07:17:32,082 DEBUG                  - depth 2, hash e87ed62, HEAD~279
2021-07-04 07:17:32,086 DEBUG                  - depth 3, hash b2d25e0, HEAD~1716
2021-07-04 07:17:32,090 DEBUG    [line range] org/apache/commons/math/ode/AbstractIntegrator.java setMaxEvaluations 168:170
2021-07-04 07:17:32,244 DEBUG                  - depth 0, hash 19ffb8a, HEAD~376
2021-07-04 07:17:32,249 DEBUG                  - depth 1, hash b2d25e0, HEAD~1716
2021-07-04 07:17:32,254 DEBUG    [line range] org/apache/commons/math/ode/AbstractIntegrator.java setStateInitialized 275:277
2021-07-04 07:17:32,395 DEBUG                  - depth 0, hash 6d0cca3, HEAD~819
2021-07-04 07:17:32,687 DEBUG    [line range] org/apache/commons/math/ode/EquationsMapper.java <init> 49:52
2021-07-04 07:17:32,827 DEBUG                  - depth 0, hash 4aa93e5, HEAD~275
2021-07-04 07:17:32,832 DEBUG    [line range] org/apache/commons/math/ode/EquationsMapper.java extractEquationData 75:81
2021-07-04 07:17:32,978 DEBUG                  - depth 0, hash 4aa93e5, HEAD~275
2021-07-04 07:17:32,984 DEBUG    [line range] org/apache/commons/math/ode/EquationsMapper.java getDimension 64:66
2021-07-04 07:17:33,124 DEBUG                  - depth 0, hash 4aa93e5, HEAD~275
2021-07-04 07:17:33,129 DEBUG    [line range] org/apache/commons/math/ode/EquationsMapper.java insertEquationData 90:96
2021-07-04 07:17:33,269 DEBUG                  - depth 0, hash 4aa93e5, HEAD~275
2021-07-04 07:17:33,635 DEBUG    [line range] org/apache/commons/math/ode/ExpandableStatefulODE.java <init> 72:80
2021-07-04 07:17:33,774 DEBUG                  - depth 0, hash 4aa93e5, HEAD~275
2021-07-04 07:17:33,780 DEBUG    [line range] org/apache/commons/math/ode/ExpandableStatefulODE.java computeDerivatives 111:126
2021-07-04 07:17:33,919 DEBUG                  - depth 0, hash 4aa93e5, HEAD~275
2021-07-04 07:17:33,924 DEBUG    [line range] org/apache/commons/math/ode/ExpandableStatefulODE.java getCompleteState 282:295
2021-07-04 07:17:34,064 DEBUG                  - depth 0, hash 4aa93e5, HEAD~275
2021-07-04 07:17:34,069 DEBUG    [line range] org/apache/commons/math/ode/ExpandableStatefulODE.java getPrimaryMapper 154:156
2021-07-04 07:17:34,214 DEBUG                  - depth 0, hash 4aa93e5, HEAD~275
2021-07-04 07:17:34,220 DEBUG    [line range] org/apache/commons/math/ode/ExpandableStatefulODE.java getSecondaryMappers 162:168
2021-07-04 07:17:34,364 DEBUG                  - depth 0, hash 4aa93e5, HEAD~275
2021-07-04 07:17:34,369 DEBUG    [line range] org/apache/commons/math/ode/ExpandableStatefulODE.java getTime 180:182
2021-07-04 07:17:34,514 DEBUG                  - depth 0, hash 4aa93e5, HEAD~275
2021-07-04 07:17:34,519 DEBUG    [line range] org/apache/commons/math/ode/ExpandableStatefulODE.java getTotalDimension 95:104
2021-07-04 07:17:34,661 DEBUG                  - depth 0, hash 4aa93e5, HEAD~275
2021-07-04 07:17:34,666 DEBUG    [line range] org/apache/commons/math/ode/ExpandableStatefulODE.java setPrimaryState 189:199
2021-07-04 07:17:34,805 DEBUG                  - depth 0, hash 4aa93e5, HEAD~275
2021-07-04 07:17:34,810 DEBUG    [line range] org/apache/commons/math/ode/ExpandableStatefulODE.java setTime 173:175
2021-07-04 07:17:34,949 DEBUG                  - depth 0, hash 4aa93e5, HEAD~275
2021-07-04 07:17:35,290 DEBUG    [line range] org/apache/commons/math/ode/nonstiff/AdaptiveStepsizeIntegrator.java <init> 105:114
2021-07-04 07:17:35,449 DEBUG                  - depth 0, hash 909a315, HEAD~686
2021-07-04 07:17:35,455 DEBUG                  - depth 1, hash 80b1e90, HEAD~1171
2021-07-04 07:17:35,459 DEBUG                  - depth 2, hash 7d32eeb, HEAD~2164
2021-07-04 07:17:35,463 DEBUG                  - depth 3, hash b6a0d05, HEAD~2227
2021-07-04 07:17:35,467 DEBUG                  - depth 4, hash 7cf0c98, HEAD~2231
2021-07-04 07:17:35,471 DEBUG                  - depth 5, hash 516187e, HEAD~2493
2021-07-04 07:17:35,475 DEBUG                  - depth 6, hash 89ac173, HEAD~2649
2021-07-04 07:17:35,479 DEBUG    [line range] org/apache/commons/math/ode/nonstiff/AdaptiveStepsizeIntegrator.java getMaxStep 368:370
2021-07-04 07:17:35,630 DEBUG                  - depth 0, hash 89ac173, HEAD~2649
2021-07-04 07:17:35,636 DEBUG    [line range] org/apache/commons/math/ode/nonstiff/AdaptiveStepsizeIntegrator.java getMinStep 361:363
2021-07-04 07:17:35,794 DEBUG                  - depth 0, hash 89ac173, HEAD~2649
2021-07-04 07:17:35,799 DEBUG    [line range] org/apache/commons/math/ode/nonstiff/AdaptiveStepsizeIntegrator.java initializeStep 246:307
2021-07-04 07:17:35,964 DEBUG                  - depth 0, hash e87ed62, HEAD~279
2021-07-04 07:17:35,969 DEBUG                  - depth 1, hash 21c2e0c, HEAD~375
2021-07-04 07:17:35,973 DEBUG                  - depth 2, hash 8302dd0, HEAD~1035
2021-07-04 07:17:35,977 DEBUG                  - depth 3, hash 80b1e90, HEAD~1171
2021-07-04 07:17:35,981 DEBUG                  - depth 4, hash cfff0e3, HEAD~1219
2021-07-04 07:17:35,985 DEBUG                  - depth 5, hash b2d25e0, HEAD~1716
2021-07-04 07:17:35,989 DEBUG                  - depth 6, hash 7cf0c98, HEAD~2231
2021-07-04 07:17:35,993 DEBUG                  - depth 7, hash b609686, HEAD~2401
2021-07-04 07:17:35,997 DEBUG                  - depth 8, hash 89ac173, HEAD~2649
2021-07-04 07:17:36,002 DEBUG    [line range] org/apache/commons/math/ode/nonstiff/AdaptiveStepsizeIntegrator.java resetInternalState 353:356
2021-07-04 07:17:36,159 DEBUG                  - depth 0, hash 80b1e90, HEAD~1171
2021-07-04 07:17:36,164 DEBUG                  - depth 1, hash 516187e, HEAD~2493
2021-07-04 07:17:36,169 DEBUG    [line range] org/apache/commons/math/ode/nonstiff/AdaptiveStepsizeIntegrator.java sanityChecks 217:233
2021-07-04 07:17:36,333 DEBUG                  - depth 0, hash 4aa93e5, HEAD~275
2021-07-04 07:17:36,339 DEBUG                  - depth 1, hash e87ed62, HEAD~279
2021-07-04 07:17:36,343 DEBUG                  - depth 2, hash 8581b76, HEAD~400
2021-07-04 07:17:36,347 DEBUG                  - depth 3, hash cfff0e3, HEAD~1219
2021-07-04 07:17:36,351 DEBUG                  - depth 4, hash 1eaea0b, HEAD~1236
2021-07-04 07:17:36,355 DEBUG                  - depth 5, hash 9c8d2c7, HEAD~1901
2021-07-04 07:17:36,359 DEBUG                  - depth 6, hash 7f88773, HEAD~1955
2021-07-04 07:17:36,363 DEBUG                  - depth 7, hash 97e5598, HEAD~2224
2021-07-04 07:17:36,367 DEBUG                  - depth 8, hash 7cf0c98, HEAD~2231
2021-07-04 07:17:36,371 DEBUG                  - depth 9, hash fd0f875, HEAD~2241
2021-07-04 07:17:36,375 DEBUG                  - depth 10, hash b609686, HEAD~2401
2021-07-04 07:17:36,380 DEBUG                  - depth 11, hash cc84446, HEAD~2497
2021-07-04 07:17:36,384 DEBUG    [line range] org/apache/commons/math/ode/nonstiff/AdaptiveStepsizeIntegrator.java setStepSizeControl 153:166
2021-07-04 07:17:36,548 DEBUG                  - depth 0, hash 909a315, HEAD~686
2021-07-04 07:17:36,553 DEBUG                  - depth 1, hash c95eb0b, HEAD~1624
2021-07-04 07:17:36,557 DEBUG                  - depth 2, hash b6a0d05, HEAD~2227
2021-07-04 07:17:36,561 DEBUG                  - depth 3, hash 7cf0c98, HEAD~2231
2021-07-04 07:17:36,565 DEBUG                  - depth 4, hash 516187e, HEAD~2493
2021-07-04 07:17:36,570 DEBUG                  - depth 5, hash 89ac173, HEAD~2649
2021-07-04 07:17:36,921 DEBUG    [line range] org/apache/commons/math/ode/nonstiff/DormandPrince853Integrator.java <clinit> 63:67
2021-07-04 07:17:37,070 DEBUG                  - depth 0, hash 80b1e90, HEAD~1171
2021-07-04 07:17:37,076 DEBUG                  - depth 1, hash a0943be, HEAD~1517
2021-07-04 07:17:37,080 DEBUG                  - depth 2, hash bc84c00, HEAD~2390
2021-07-04 07:17:37,084 DEBUG                  - depth 3, hash 9aeabf6, HEAD~2465
2021-07-04 07:17:37,088 DEBUG                  - depth 4, hash 89ac173, HEAD~2649
2021-07-04 07:17:37,092 DEBUG    [line range] org/apache/commons/math/ode/nonstiff/DormandPrince853Integrator.java <init> 217:223
2021-07-04 07:17:37,249 DEBUG                  - depth 0, hash a0943be, HEAD~1517
2021-07-04 07:17:37,254 DEBUG                  - depth 1, hash b6a0d05, HEAD~2227
2021-07-04 07:17:37,258 DEBUG                  - depth 2, hash 7cf0c98, HEAD~2231
2021-07-04 07:17:37,262 DEBUG                  - depth 3, hash 9aeabf6, HEAD~2465
2021-07-04 07:17:37,266 DEBUG                  - depth 4, hash 89ac173, HEAD~2649
2021-07-04 07:17:37,271 DEBUG    [line range] org/apache/commons/math/ode/nonstiff/DormandPrince853Integrator.java getOrder 245:248
2021-07-04 07:17:37,425 DEBUG                  - depth 0, hash 9c8d2c7, HEAD~1901
2021-07-04 07:17:37,431 DEBUG                  - depth 1, hash 89ac173, HEAD~2649
2021-07-04 07:17:37,837 DEBUG    [line range] org/apache/commons/math/ode/nonstiff/DormandPrince853StepInterpolator.java <clinit> 180:210
2021-07-04 07:17:37,979 DEBUG                  - depth 0, hash 292e891, HEAD~1505
2021-07-04 07:17:37,984 DEBUG    [line range] org/apache/commons/math/ode/nonstiff/DormandPrince853StepInterpolator.java <init> 230:235
2021-07-04 07:17:38,133 DEBUG                  - depth 0, hash e6275ff, HEAD~2480
2021-07-04 07:17:38,138 DEBUG                  - depth 1, hash 89ac173, HEAD~2649
2021-07-04 07:17:38,143 DEBUG    [line range] org/apache/commons/math/ode/nonstiff/DormandPrince853StepInterpolator.java <init> 242:273
2021-07-04 07:17:38,299 DEBUG                  - depth 0, hash 7cf0c98, HEAD~2231
2021-07-04 07:17:38,305 DEBUG                  - depth 1, hash e6275ff, HEAD~2480
2021-07-04 07:17:38,309 DEBUG                  - depth 2, hash 89ac173, HEAD~2649
2021-07-04 07:17:38,313 DEBUG    [line range] org/apache/commons/math/ode/nonstiff/DormandPrince853StepInterpolator.java doCopy 276:279
2021-07-04 07:17:38,463 DEBUG                  - depth 0, hash 9c8d2c7, HEAD~1901
2021-07-04 07:17:38,469 DEBUG                  - depth 1, hash e6275ff, HEAD~2480
2021-07-04 07:17:38,473 DEBUG                  - depth 2, hash 89ac173, HEAD~2649
2021-07-04 07:17:38,477 DEBUG    [line range] org/apache/commons/math/ode/nonstiff/DormandPrince853StepInterpolator.java doFinalize 404:445
2021-07-04 07:17:38,634 DEBUG                  - depth 0, hash 21c2e0c, HEAD~375
2021-07-04 07:17:38,640 DEBUG                  - depth 1, hash 5bfbf61, HEAD~917
2021-07-04 07:17:38,644 DEBUG                  - depth 2, hash 8302dd0, HEAD~1035
2021-07-04 07:17:38,648 DEBUG                  - depth 3, hash a0943be, HEAD~1517
2021-07-04 07:17:38,652 DEBUG                  - depth 4, hash b2d25e0, HEAD~1716
2021-07-04 07:17:38,656 DEBUG                  - depth 5, hash 9c8d2c7, HEAD~1901
2021-07-04 07:17:38,660 DEBUG                  - depth 6, hash 7cf0c98, HEAD~2231
2021-07-04 07:17:38,664 DEBUG                  - depth 7, hash 1f89e22, HEAD~2400
2021-07-04 07:17:38,669 DEBUG                  - depth 8, hash e6275ff, HEAD~2480
2021-07-04 07:17:38,673 DEBUG                  - depth 9, hash 89ac173, HEAD~2649
2021-07-04 07:17:38,677 DEBUG    [line range] org/apache/commons/math/ode/nonstiff/DormandPrince853StepInterpolator.java reinitialize 282:304
2021-07-04 07:17:38,833 DEBUG                  - depth 0, hash 4aa93e5, HEAD~275
2021-07-04 07:17:38,838 DEBUG                  - depth 1, hash b2d25e0, HEAD~1716
2021-07-04 07:17:38,842 DEBUG                  - depth 2, hash 9c8d2c7, HEAD~1901
2021-07-04 07:17:38,846 DEBUG                  - depth 3, hash 7cf0c98, HEAD~2231
2021-07-04 07:17:38,851 DEBUG                  - depth 4, hash 9aeabf6, HEAD~2465
2021-07-04 07:17:38,855 DEBUG                  - depth 5, hash e6275ff, HEAD~2480
2021-07-04 07:17:38,859 DEBUG                  - depth 6, hash 89ac173, HEAD~2649
2021-07-04 07:17:38,863 DEBUG    [line range] org/apache/commons/math/ode/nonstiff/DormandPrince853StepInterpolator.java storeTime 307:311
2021-07-04 07:17:39,025 DEBUG                  - depth 0, hash 9c8d2c7, HEAD~1901
2021-07-04 07:17:39,031 DEBUG                  - depth 1, hash 7cf0c98, HEAD~2231
2021-07-04 07:17:39,035 DEBUG                  - depth 2, hash 89ac173, HEAD~2649
2021-07-04 07:17:39,394 DEBUG    [line range] org/apache/commons/math/ode/nonstiff/EmbeddedRungeKuttaIntegrator.java <init> 108:130
2021-07-04 07:17:39,551 DEBUG                  - depth 0, hash b6a0d05, HEAD~2227
2021-07-04 07:17:39,557 DEBUG                  - depth 1, hash 7cf0c98, HEAD~2231
2021-07-04 07:17:39,561 DEBUG                  - depth 2, hash 9aeabf6, HEAD~2465
2021-07-04 07:17:39,565 DEBUG                  - depth 3, hash ede34d9, HEAD~2478
2021-07-04 07:17:39,569 DEBUG                  - depth 4, hash 89ac173, HEAD~2649
2021-07-04 07:17:39,574 DEBUG    [line range] org/apache/commons/math/ode/nonstiff/EmbeddedRungeKuttaIntegrator.java integrate 190:328
2021-07-04 07:17:39,733 DEBUG                  - depth 0, hash ba6f308, HEAD~56
2021-07-04 07:17:39,738 DEBUG                  - depth 1, hash 384ccda, HEAD~94
2021-07-04 07:17:39,742 DEBUG                  - depth 2, hash 4aa93e5, HEAD~275
2021-07-04 07:17:39,747 DEBUG                  - depth 3, hash e87ed62, HEAD~279
2021-07-04 07:17:39,751 DEBUG                  - depth 4, hash 8581b76, HEAD~400
2021-07-04 07:17:39,755 DEBUG                  - depth 5, hash f9dafb8, HEAD~593
2021-07-04 07:17:39,759 DEBUG                  - depth 6, hash 6d0cca3, HEAD~819
2021-07-04 07:17:39,763 DEBUG                  - depth 7, hash d03df85, HEAD~916
2021-07-04 07:17:39,767 DEBUG                  - depth 8, hash 5bfbf61, HEAD~917
2021-07-04 07:17:39,772 DEBUG                  - depth 9, hash 8302dd0, HEAD~1035
2021-07-04 07:17:39,776 DEBUG                  - depth 10, hash 80b1e90, HEAD~1171
2021-07-04 07:17:39,780 DEBUG                  - depth 11, hash cfff0e3, HEAD~1219
2021-07-04 07:17:39,784 DEBUG                  - depth 12, hash 6537e18, HEAD~1311
2021-07-04 07:17:39,788 DEBUG                  - depth 13, hash b283304, HEAD~1363
2021-07-04 07:17:39,792 DEBUG                  - depth 14, hash d06e7b7, HEAD~1394
2021-07-04 07:17:39,797 DEBUG                  - depth 15, hash b631eb6, HEAD~1504
2021-07-04 07:17:39,801 DEBUG                  - depth 16, hash ce8aff1, HEAD~1695
2021-07-04 07:17:39,805 DEBUG                  - depth 17, hash 9494bae, HEAD~1713
2021-07-04 07:17:39,809 DEBUG                  - depth 18, hash b2d25e0, HEAD~1716
2021-07-04 07:17:39,813 DEBUG                  - depth 19, hash 9c8d2c7, HEAD~1901
2021-07-04 07:17:39,818 DEBUG                  - depth 20, hash 8dadbe0, HEAD~2204
2021-07-04 07:17:39,822 DEBUG                  - depth 21, hash 0201406, HEAD~2205
2021-07-04 07:17:39,826 DEBUG                  - depth 22, hash e7110ea, HEAD~2210
2021-07-04 07:17:39,830 DEBUG                  - depth 23, hash 72e8eb5, HEAD~2219
2021-07-04 07:17:39,834 DEBUG                  - depth 24, hash e703a2c, HEAD~2229
2021-07-04 07:17:39,839 DEBUG                  - depth 25, hash 7cf0c98, HEAD~2231
2021-07-04 07:17:39,843 DEBUG                  - depth 26, hash bc84c00, HEAD~2390
2021-07-04 07:17:39,847 DEBUG                  - depth 27, hash 1f89e22, HEAD~2400
2021-07-04 07:17:39,851 DEBUG                  - depth 28, hash 6f35d5b, HEAD~2473
2021-07-04 07:17:39,855 DEBUG                  - depth 29, hash e6275ff, HEAD~2480
2021-07-04 07:17:39,860 DEBUG                  - depth 30, hash 516187e, HEAD~2493
2021-07-04 07:17:39,864 DEBUG                  - depth 31, hash cc84446, HEAD~2497
2021-07-04 07:17:39,868 DEBUG                  - depth 32, hash ca79137, HEAD~2648
2021-07-04 07:17:39,872 DEBUG                  - depth 33, hash 89ac173, HEAD~2649
2021-07-04 07:17:39,877 DEBUG    [line range] org/apache/commons/math/ode/nonstiff/EmbeddedRungeKuttaIntegrator.java setMaxGrowth 354:356
2021-07-04 07:17:40,034 DEBUG                  - depth 0, hash 7cf0c98, HEAD~2231
2021-07-04 07:17:40,039 DEBUG                  - depth 1, hash 89ac173, HEAD~2649
2021-07-04 07:17:40,043 DEBUG    [line range] org/apache/commons/math/ode/nonstiff/EmbeddedRungeKuttaIntegrator.java setMinReduction 340:342
2021-07-04 07:17:40,201 DEBUG                  - depth 0, hash 7cf0c98, HEAD~2231
2021-07-04 07:17:40,206 DEBUG                  - depth 1, hash 89ac173, HEAD~2649
2021-07-04 07:17:40,210 DEBUG    [line range] org/apache/commons/math/ode/nonstiff/EmbeddedRungeKuttaIntegrator.java setSafety 185:187
2021-07-04 07:17:40,367 DEBUG                  - depth 0, hash 7cf0c98, HEAD~2231
2021-07-04 07:17:40,372 DEBUG                  - depth 1, hash 89ac173, HEAD~2649
2021-07-04 07:17:40,711 DEBUG    [line range] org/apache/commons/math/ode/nonstiff/RungeKuttaStepInterpolator.java <init> 60:64
2021-07-04 07:17:40,863 DEBUG                  - depth 0, hash 384ccda, HEAD~94
2021-07-04 07:17:40,869 DEBUG                  - depth 1, hash b2d25e0, HEAD~1716
2021-07-04 07:17:40,873 DEBUG                  - depth 2, hash 89ac173, HEAD~2649
2021-07-04 07:17:40,877 DEBUG    [line range] org/apache/commons/math/ode/nonstiff/RungeKuttaStepInterpolator.java <init> 83:105
2021-07-04 07:17:41,042 DEBUG                  - depth 0, hash 384ccda, HEAD~94
2021-07-04 07:17:41,048 DEBUG                  - depth 1, hash b2d25e0, HEAD~1716
2021-07-04 07:17:41,052 DEBUG                  - depth 2, hash 7cf0c98, HEAD~2231
2021-07-04 07:17:41,056 DEBUG                  - depth 3, hash 89ac173, HEAD~2649
2021-07-04 07:17:41,061 DEBUG    [line range] org/apache/commons/math/ode/nonstiff/RungeKuttaStepInterpolator.java reinitialize 130:138
2021-07-04 07:17:41,226 DEBUG                  - depth 0, hash 384ccda, HEAD~94
2021-07-04 07:17:41,231 DEBUG                  - depth 1, hash 4aa93e5, HEAD~275
2021-07-04 07:17:41,236 DEBUG                  - depth 2, hash d6beaea, HEAD~1515
2021-07-04 07:17:41,240 DEBUG                  - depth 3, hash b2d25e0, HEAD~1716
2021-07-04 07:17:41,244 DEBUG                  - depth 4, hash 7cf0c98, HEAD~2231
2021-07-04 07:17:41,248 DEBUG                  - depth 5, hash 89ac173, HEAD~2649
2021-07-04 07:17:41,253 DEBUG    [line range] org/apache/commons/math/ode/nonstiff/RungeKuttaStepInterpolator.java shift 141:145
2021-07-04 07:17:41,400 DEBUG                  - depth 0, hash 384ccda, HEAD~94
2021-07-04 07:17:41,405 DEBUG                  - depth 1, hash 9c8d2c7, HEAD~1901
2021-07-04 07:17:41,765 DEBUG    [line range] org/apache/commons/math/ode/sampling/AbstractStepInterpolator.java <init> 111:125
2021-07-04 07:17:41,922 DEBUG                  - depth 0, hash 2119976, HEAD~240
2021-07-04 07:17:41,927 DEBUG                  - depth 1, hash 4aa93e5, HEAD~275
2021-07-04 07:17:41,931 DEBUG                  - depth 2, hash 5bfbf61, HEAD~917
2021-07-04 07:17:41,935 DEBUG                  - depth 3, hash daf025e, HEAD~1726
2021-07-04 07:17:41,940 DEBUG                  - depth 4, hash a717386, HEAD~2223
2021-07-04 07:17:41,944 DEBUG                  - depth 5, hash 7cf0c98, HEAD~2231
2021-07-04 07:17:41,948 DEBUG                  - depth 6, hash 89ac173, HEAD~2649
2021-07-04 07:17:41,953 DEBUG    [line range] org/apache/commons/math/ode/sampling/AbstractStepInterpolator.java <init> 171:206
2021-07-04 07:17:42,108 DEBUG                  - depth 0, hash 2119976, HEAD~240
2021-07-04 07:17:42,113 DEBUG                  - depth 1, hash 4aa93e5, HEAD~275
2021-07-04 07:17:42,118 DEBUG                  - depth 2, hash 5bfbf61, HEAD~917
2021-07-04 07:17:42,122 DEBUG                  - depth 3, hash daf025e, HEAD~1726
2021-07-04 07:17:42,126 DEBUG                  - depth 4, hash f46ebfe, HEAD~1895
2021-07-04 07:17:42,130 DEBUG                  - depth 5, hash a717386, HEAD~2223
2021-07-04 07:17:42,134 DEBUG                  - depth 6, hash 7cf0c98, HEAD~2231
2021-07-04 07:17:42,139 DEBUG                  - depth 7, hash 676c203, HEAD~2638
2021-07-04 07:17:42,143 DEBUG                  - depth 8, hash 89ac173, HEAD~2649
2021-07-04 07:17:42,147 DEBUG    [line range] org/apache/commons/math/ode/sampling/AbstractStepInterpolator.java allocateInterpolatedArrays 211:236
2021-07-04 07:17:42,287 DEBUG                  - depth 0, hash 2119976, HEAD~240
2021-07-04 07:17:42,293 DEBUG                  - depth 1, hash 4aa93e5, HEAD~275
2021-07-04 07:17:42,297 DEBUG    [line range] org/apache/commons/math/ode/sampling/AbstractStepInterpolator.java copy 265:273
2021-07-04 07:17:42,446 DEBUG                  - depth 0, hash 21c2e0c, HEAD~375
2021-07-04 07:17:42,451 DEBUG                  - depth 1, hash 8302dd0, HEAD~1035
2021-07-04 07:17:42,456 DEBUG                  - depth 2, hash e6275ff, HEAD~2480
2021-07-04 07:17:42,460 DEBUG                  - depth 3, hash 676c203, HEAD~2638
2021-07-04 07:17:42,464 DEBUG                  - depth 4, hash 89ac173, HEAD~2649
2021-07-04 07:17:42,468 DEBUG    [line range] org/apache/commons/math/ode/sampling/AbstractStepInterpolator.java finalizeStep 481:486
2021-07-04 07:17:42,620 DEBUG                  - depth 0, hash 21c2e0c, HEAD~375
2021-07-04 07:17:42,625 DEBUG                  - depth 1, hash 8302dd0, HEAD~1035
2021-07-04 07:17:42,630 DEBUG                  - depth 2, hash 89ac173, HEAD~2649
2021-07-04 07:17:42,634 DEBUG    [line range] org/apache/commons/math/ode/sampling/AbstractStepInterpolator.java reinitialize 244:262
2021-07-04 07:17:42,790 DEBUG                  - depth 0, hash 2119976, HEAD~240
2021-07-04 07:17:42,795 DEBUG                  - depth 1, hash 4aa93e5, HEAD~275
2021-07-04 07:17:42,800 DEBUG                  - depth 2, hash 5bfbf61, HEAD~917
2021-07-04 07:17:42,804 DEBUG                  - depth 3, hash d6beaea, HEAD~1515
2021-07-04 07:17:42,808 DEBUG                  - depth 4, hash daf025e, HEAD~1726
2021-07-04 07:17:42,812 DEBUG                  - depth 5, hash a717386, HEAD~2223
2021-07-04 07:17:42,816 DEBUG                  - depth 6, hash 7cf0c98, HEAD~2231
2021-07-04 07:17:42,820 DEBUG                  - depth 7, hash 89ac173, HEAD~2649
2021-07-04 07:17:42,825 DEBUG    [line range] org/apache/commons/math/ode/sampling/AbstractStepInterpolator.java setInterpolatedTime 377:380
2021-07-04 07:17:42,980 DEBUG                  - depth 0, hash daf025e, HEAD~1726
2021-07-04 07:17:42,986 DEBUG                  - depth 1, hash b35f8a1, HEAD~2208
2021-07-04 07:17:42,990 DEBUG                  - depth 2, hash 7cf0c98, HEAD~2231
2021-07-04 07:17:42,994 DEBUG                  - depth 3, hash 89ac173, HEAD~2649
2021-07-04 07:17:42,999 DEBUG    [line range] org/apache/commons/math/ode/sampling/AbstractStepInterpolator.java shift 288:292
2021-07-04 07:17:43,148 DEBUG                  - depth 0, hash 5bfbf61, HEAD~917
2021-07-04 07:17:43,153 DEBUG                  - depth 1, hash 89ac173, HEAD~2649
2021-07-04 07:17:43,158 DEBUG    [line range] org/apache/commons/math/ode/sampling/AbstractStepInterpolator.java storeTime 297:307
2021-07-04 07:17:43,313 DEBUG                  - depth 0, hash 5bfbf61, HEAD~917
2021-07-04 07:17:43,319 DEBUG                  - depth 1, hash daf025e, HEAD~1726
2021-07-04 07:17:43,323 DEBUG                  - depth 2, hash 7cf0c98, HEAD~2231
2021-07-04 07:17:43,327 DEBUG                  - depth 3, hash 89ac173, HEAD~2649
2021-07-04 07:17:44,002 DEBUG    [line range] org/apache/commons/math/util/FastMath.java <clinit> 104:104
2021-07-04 07:17:44,176 DEBUG                  - depth 0, hash d94a128, HEAD~160
2021-07-04 07:17:44,181 DEBUG                  - depth 1, hash 5a27ee8, HEAD~310
2021-07-04 07:17:44,186 DEBUG                  - depth 2, hash d26fa5a, HEAD~327
2021-07-04 07:17:44,190 DEBUG                  - depth 3, hash 39311b1, HEAD~329
2021-07-04 07:17:44,194 DEBUG                  - depth 4, hash 9d76c94, HEAD~330
2021-07-04 07:17:44,199 DEBUG    [line range] org/apache/commons/math/util/FastMath.java abs 3022:3024
2021-07-04 07:17:44,402 DEBUG                  - depth 0, hash 26208c1, HEAD~924
2021-07-04 07:17:44,408 DEBUG                  - depth 1, hash 80b1e90, HEAD~1171
2021-07-04 07:17:44,412 DEBUG    [single line]   org/apache/commons/math/util/FastMath.java access$600 80
2021-07-04 07:17:44,611 DEBUG                  - depth 0, hash 80b1e90, HEAD~1171
2021-07-04 07:17:44,616 DEBUG    [line range] org/apache/commons/math/util/FastMath.java exp 817:932
2021-07-04 07:17:44,814 DEBUG                  - depth 0, hash 56d4f26, HEAD~331
2021-07-04 07:17:44,820 DEBUG                  - depth 1, hash 2088737, HEAD~364
2021-07-04 07:17:44,824 DEBUG                  - depth 2, hash 95d4a38, HEAD~369
2021-07-04 07:17:44,828 DEBUG                  - depth 3, hash 90279e8, HEAD~1158
2021-07-04 07:17:44,832 DEBUG                  - depth 4, hash 80b1e90, HEAD~1171
2021-07-04 07:17:44,837 DEBUG    [line range] org/apache/commons/math/util/FastMath.java log 1105:1325
2021-07-04 07:17:45,036 DEBUG                  - depth 0, hash 2088737, HEAD~364
2021-07-04 07:17:45,042 DEBUG                  - depth 1, hash 6d0cca3, HEAD~819
2021-07-04 07:17:45,046 DEBUG                  - depth 2, hash 34b6782, HEAD~842
2021-07-04 07:17:45,050 DEBUG                  - depth 3, hash dc5fdf7, HEAD~907
2021-07-04 07:17:45,054 DEBUG                  - depth 4, hash f45eb1f, HEAD~908
2021-07-04 07:17:45,059 DEBUG                  - depth 5, hash 26208c1, HEAD~924
2021-07-04 07:17:45,063 DEBUG                  - depth 6, hash 2bc1662, HEAD~1143
2021-07-04 07:17:45,067 DEBUG                  - depth 7, hash 80b1e90, HEAD~1171
2021-07-04 07:17:45,073 DEBUG    [line range] org/apache/commons/math/util/FastMath.java max 3537:3555
2021-07-04 07:17:45,270 DEBUG                  - depth 0, hash 1f0b0b2, HEAD~321
2021-07-04 07:17:45,275 DEBUG                  - depth 1, hash 80b1e90, HEAD~1171
2021-07-04 07:17:45,280 DEBUG    [line range] org/apache/commons/math/util/FastMath.java min 3469:3487
2021-07-04 07:17:45,482 DEBUG                  - depth 0, hash 1f0b0b2, HEAD~321
2021-07-04 07:17:45,488 DEBUG                  - depth 1, hash 80b1e90, HEAD~1171
2021-07-04 07:17:45,492 DEBUG    [line range] org/apache/commons/math/util/FastMath.java nextAfter 3249:3272
2021-07-04 07:17:45,689 DEBUG                  - depth 0, hash 36f716d, HEAD~884
2021-07-04 07:17:45,694 DEBUG                  - depth 1, hash 1a1471b, HEAD~915
2021-07-04 07:17:45,699 DEBUG                  - depth 2, hash 80b1e90, HEAD~1171
2021-07-04 07:17:45,703 DEBUG    [line range] org/apache/commons/math/util/FastMath.java pow 1419:1577
2021-07-04 07:17:45,905 DEBUG                  - depth 0, hash 72fcac4, HEAD~351
2021-07-04 07:17:45,910 DEBUG                  - depth 1, hash bae38c1, HEAD~591
2021-07-04 07:17:45,915 DEBUG                  - depth 2, hash dc5fdf7, HEAD~907
2021-07-04 07:17:45,919 DEBUG                  - depth 3, hash f45eb1f, HEAD~908
2021-07-04 07:17:45,923 DEBUG                  - depth 4, hash 26208c1, HEAD~924
2021-07-04 07:17:45,927 DEBUG                  - depth 5, hash 90279e8, HEAD~1158
2021-07-04 07:17:45,931 DEBUG                  - depth 6, hash 80b1e90, HEAD~1171
2021-07-04 07:17:45,937 DEBUG    [line range] org/apache/commons/math/util/FastMath.java sqrt 374:376
2021-07-04 07:17:46,136 DEBUG                  - depth 0, hash 80b1e90, HEAD~1171
2021-07-04 07:17:46,142 DEBUG    [line range] org/apache/commons/math/util/FastMath.java ulp 3031:3036
2021-07-04 07:17:46,344 DEBUG                  - depth 0, hash 2f5435a, HEAD~926
2021-07-04 07:17:46,349 DEBUG                  - depth 1, hash 80b1e90, HEAD~1171
2021-07-04 07:17:46,354 DEBUG    [single line]   org/apache/commons/math/util/FastMath.java access$300 3754
2021-07-04 07:17:46,549 DEBUG                  - depth 0, hash 1f0b0b2, HEAD~321
2021-07-04 07:17:46,555 DEBUG                  - depth 1, hash e260d84, HEAD~876
2021-07-04 07:17:46,559 DEBUG                  - depth 2, hash 5e87378, HEAD~896
2021-07-04 07:17:46,563 DEBUG                  - depth 3, hash 5dcca48, HEAD~936
2021-07-04 07:17:46,567 DEBUG                  - depth 4, hash 80b1e90, HEAD~1171
2021-07-04 07:17:46,572 DEBUG    [single line]   org/apache/commons/math/util/FastMath.java access$100 3711
2021-07-04 07:17:46,776 DEBUG                  - depth 0, hash 1f0b0b2, HEAD~321
2021-07-04 07:17:46,782 DEBUG                  - depth 1, hash e260d84, HEAD~876
2021-07-04 07:17:46,786 DEBUG                  - depth 2, hash 5e87378, HEAD~896
2021-07-04 07:17:46,790 DEBUG                  - depth 3, hash 80b1e90, HEAD~1171
2021-07-04 07:17:46,795 DEBUG    [single line]   org/apache/commons/math/util/FastMath.java access$400 3791
2021-07-04 07:17:46,984 DEBUG                  - depth 0, hash 1f0b0b2, HEAD~321
2021-07-04 07:17:46,989 DEBUG                  - depth 1, hash cf1e53b, HEAD~865
2021-07-04 07:17:46,994 DEBUG                  - depth 2, hash d3d2350, HEAD~888
2021-07-04 07:17:47,813 DEBUG    [line range] org/apache/commons/math/util/FastMathLiteralArrays.java <clinit> 29:1530
2021-07-04 07:17:47,957 DEBUG                  - depth 0, hash 2225164, HEAD~213
2021-07-04 07:17:47,962 DEBUG    [line range] org/apache/commons/math/util/FastMathLiteralArrays.java loadExpFracA 6157:6159
2021-07-04 07:17:48,111 DEBUG                  - depth 0, hash 2225164, HEAD~213
2021-07-04 07:17:48,116 DEBUG    [line range] org/apache/commons/math/util/FastMathLiteralArrays.java loadExpFracB 6165:6167
2021-07-04 07:17:48,265 DEBUG                  - depth 0, hash 2225164, HEAD~213
2021-07-04 07:17:48,270 DEBUG    [line range] org/apache/commons/math/util/FastMathLiteralArrays.java loadExpIntA 6141:6143
2021-07-04 07:17:48,419 DEBUG                  - depth 0, hash 2225164, HEAD~213
2021-07-04 07:17:48,425 DEBUG    [line range] org/apache/commons/math/util/FastMathLiteralArrays.java loadExpIntB 6149:6151
2021-07-04 07:17:48,574 DEBUG                  - depth 0, hash 2225164, HEAD~213
2021-07-04 07:17:48,580 DEBUG    [line range] org/apache/commons/math/util/FastMathLiteralArrays.java loadLnMant 6173:6175
2021-07-04 07:17:48,728 DEBUG                  - depth 0, hash 2225164, HEAD~213
2021-07-04 07:17:49,051 DEBUG    [line range] org/apache/commons/math/util/Incrementor.java <init> 51:53
2021-07-04 07:17:49,191 DEBUG                  - depth 0, hash 7f2da64, HEAD~338
2021-07-04 07:17:49,197 DEBUG    [line range] org/apache/commons/math/util/Incrementor.java <init> 60:68
2021-07-04 07:17:49,335 DEBUG                  - depth 0, hash 87b1e7f, HEAD~337
2021-07-04 07:17:49,341 DEBUG                  - depth 1, hash 7f2da64, HEAD~338
2021-07-04 07:17:49,345 DEBUG    [line range] org/apache/commons/math/util/Incrementor.java <init> 40:40
2021-07-04 07:17:49,490 DEBUG                  - depth 0, hash 87b1e7f, HEAD~337
2021-07-04 07:17:49,495 DEBUG                  - depth 1, hash dd7aa20, HEAD~1169
2021-07-04 07:17:49,500 DEBUG    [line range] org/apache/commons/math/util/Incrementor.java incrementCount 149:153
2021-07-04 07:17:49,639 DEBUG                  - depth 0, hash 87b1e7f, HEAD~337
2021-07-04 07:17:49,645 DEBUG                  - depth 1, hash dd7aa20, HEAD~1169
2021-07-04 07:17:49,649 DEBUG    [line range] org/apache/commons/math/util/Incrementor.java resetCount 158:160
2021-07-04 07:17:49,789 DEBUG                  - depth 0, hash dd7aa20, HEAD~1169
2021-07-04 07:17:49,794 DEBUG    [line range] org/apache/commons/math/util/Incrementor.java setMaximalCount 90:92
2021-07-04 07:17:49,934 DEBUG                  - depth 0, hash d4a0b9e, HEAD~1150
2021-07-04 07:17:49,940 DEBUG                  - depth 1, hash dd7aa20, HEAD~1169
2021-07-04 07:17:49,944 INFO     The number of BIC candidates: 87
