2021-07-04 06:04:25,595 INFO     Search BICs for /tmp/Math-1b/
2021-07-04 06:04:25,595 DEBUG    Reading the coverage of org.apache.commons.math3.fraction.FractionTest::testDigitLimitConstructor (failings)
2021-07-04 06:04:25,621 DEBUG    Reading the coverage of org.apache.commons.math3.fraction.BigFractionTest::testDigitLimitConstructor (failings)
2021-07-04 06:04:25,656 INFO     Loaded 2x534 Coverage Matrix
2021-07-04 06:04:25,657 INFO     The number of total commits: 4877
2021-07-04 06:04:25,931 DEBUG    [line range] org/apache/commons/math3/exception/ConvergenceException.java <init> 47:50
2021-07-04 06:04:26,154 DEBUG                  - depth 0, hash c11f219, HEAD~2042
2021-07-04 06:04:26,160 DEBUG                  - depth 1, hash df9e863, HEAD~2127
2021-07-04 06:04:26,164 DEBUG                  - depth 2, hash 188ddd4, HEAD~2544
2021-07-04 06:04:26,464 DEBUG    [line range] org/apache/commons/math3/exception/MathIllegalStateException.java <init> 68:70
2021-07-04 06:04:26,692 DEBUG                  - depth 0, hash c11f219, HEAD~2042
2021-07-04 06:04:26,698 DEBUG                  - depth 1, hash d3892cb, HEAD~2131
2021-07-04 06:04:26,702 DEBUG                  - depth 2, hash a763f3e, HEAD~2142
2021-07-04 06:04:26,706 DEBUG                  - depth 3, hash 622f5b5, HEAD~2368
2021-07-04 06:04:26,710 DEBUG                  - depth 4, hash 188ddd4, HEAD~2544
2021-07-04 06:04:26,714 DEBUG    [line range] org/apache/commons/math3/exception/MathIllegalStateException.java <init> 44:48
2021-07-04 06:04:26,942 DEBUG                  - depth 0, hash 4439855, HEAD~1763
2021-07-04 06:04:26,947 DEBUG                  - depth 1, hash c11f219, HEAD~2042
2021-07-04 06:04:26,951 DEBUG                  - depth 2, hash a763f3e, HEAD~2142
2021-07-04 06:04:26,955 DEBUG                  - depth 3, hash c54d3a8, HEAD~2166
2021-07-04 06:04:26,959 DEBUG                  - depth 4, hash e02f414, HEAD~2292
2021-07-04 06:04:26,964 DEBUG                  - depth 5, hash 622f5b5, HEAD~2368
2021-07-04 06:04:26,968 DEBUG                  - depth 6, hash 188ddd4, HEAD~2544
2021-07-04 06:04:26,972 DEBUG    [line range] org/apache/commons/math3/exception/MathIllegalStateException.java getContext 73:75
2021-07-04 06:04:27,199 DEBUG                  - depth 0, hash c11f219, HEAD~2042
2021-07-04 06:04:27,205 DEBUG                  - depth 1, hash d3892cb, HEAD~2131
2021-07-04 06:04:27,209 DEBUG                  - depth 2, hash a763f3e, HEAD~2142
2021-07-04 06:04:27,213 DEBUG                  - depth 3, hash 622f5b5, HEAD~2368
2021-07-04 06:04:27,217 DEBUG                  - depth 4, hash 188ddd4, HEAD~2544
2021-07-04 06:04:27,221 DEBUG    [line range] org/apache/commons/math3/exception/MathIllegalStateException.java getLocalizedMessage 84:87
2021-07-04 06:04:27,456 DEBUG                  - depth 0, hash c11f219, HEAD~2042
2021-07-04 06:04:27,461 DEBUG                  - depth 1, hash d3892cb, HEAD~2131
2021-07-04 06:04:27,465 DEBUG                  - depth 2, hash a763f3e, HEAD~2142
2021-07-04 06:04:27,469 DEBUG                  - depth 3, hash 622f5b5, HEAD~2368
2021-07-04 06:04:27,473 DEBUG                  - depth 4, hash 188ddd4, HEAD~2544
2021-07-04 06:04:27,478 DEBUG    [line range] org/apache/commons/math3/exception/MathIllegalStateException.java getMessage 78:81
2021-07-04 06:04:27,705 DEBUG                  - depth 0, hash c11f219, HEAD~2042
2021-07-04 06:04:27,711 DEBUG                  - depth 1, hash d3892cb, HEAD~2131
2021-07-04 06:04:27,715 DEBUG                  - depth 2, hash a763f3e, HEAD~2142
2021-07-04 06:04:27,719 DEBUG                  - depth 3, hash 622f5b5, HEAD~2368
2021-07-04 06:04:27,723 DEBUG                  - depth 4, hash 188ddd4, HEAD~2544
2021-07-04 06:04:28,091 DEBUG    [single line]   org/apache/commons/math3/exception/util/LocalizedFormats.java <clinit> 39
2021-07-04 06:04:28,332 DEBUG                  - depth 0, hash 1eaea0b, HEAD~2610
2021-07-04 06:04:28,338 DEBUG    [single line]   org/apache/commons/math3/exception/util/LocalizedFormats.java <clinit> 44
2021-07-04 06:04:28,579 DEBUG                  - depth 0, hash 1eaea0b, HEAD~2610
2021-07-04 06:04:28,585 DEBUG    [single line]   org/apache/commons/math3/exception/util/LocalizedFormats.java <clinit> 45
2021-07-04 06:04:28,823 DEBUG                  - depth 0, hash 63cf988, HEAD~1664
2021-07-04 06:04:28,829 DEBUG    [single line]   org/apache/commons/math3/exception/util/LocalizedFormats.java <clinit> 46
2021-07-04 06:04:29,070 DEBUG                  - depth 0, hash 1eaea0b, HEAD~2610
2021-07-04 06:04:29,075 DEBUG    [single line]   org/apache/commons/math3/exception/util/LocalizedFormats.java <clinit> 47
2021-07-04 06:04:29,317 DEBUG                  - depth 0, hash d81a1df, HEAD~2607
2021-07-04 06:04:29,323 DEBUG    [single line]   org/apache/commons/math3/exception/util/LocalizedFormats.java <clinit> 48
2021-07-04 06:04:29,565 DEBUG                  - depth 0, hash 1eaea0b, HEAD~2610
2021-07-04 06:04:29,571 DEBUG    [single line]   org/apache/commons/math3/exception/util/LocalizedFormats.java <clinit> 49
2021-07-04 06:04:29,811 DEBUG                  - depth 0, hash 1eaea0b, HEAD~2610
2021-07-04 06:04:29,817 DEBUG    [single line]   org/apache/commons/math3/exception/util/LocalizedFormats.java <clinit> 50
2021-07-04 06:04:30,059 DEBUG                  - depth 0, hash 1eaea0b, HEAD~2610
2021-07-04 06:04:30,065 DEBUG    [single line]   org/apache/commons/math3/exception/util/LocalizedFormats.java <clinit> 51
2021-07-04 06:04:30,306 DEBUG                  - depth 0, hash d05f261, HEAD~2328
2021-07-04 06:04:30,311 DEBUG                  - depth 1, hash 1eaea0b, HEAD~2610
2021-07-04 06:04:30,315 DEBUG    [single line]   org/apache/commons/math3/exception/util/LocalizedFormats.java <clinit> 52
2021-07-04 06:04:30,565 DEBUG                  - depth 0, hash 51ec76c, HEAD~2454
2021-07-04 06:04:30,571 DEBUG                  - depth 1, hash 1eaea0b, HEAD~2610
2021-07-04 06:04:30,575 DEBUG    [single line]   org/apache/commons/math3/exception/util/LocalizedFormats.java <clinit> 53
2021-07-04 06:04:30,816 DEBUG                  - depth 0, hash 51ec76c, HEAD~2454
2021-07-04 06:04:30,822 DEBUG                  - depth 1, hash 1eaea0b, HEAD~2610
2021-07-04 06:04:30,826 DEBUG    [single line]   org/apache/commons/math3/exception/util/LocalizedFormats.java <clinit> 54
2021-07-04 06:04:31,067 DEBUG                  - depth 0, hash 1eaea0b, HEAD~2610
2021-07-04 06:04:31,072 DEBUG    [single line]   org/apache/commons/math3/exception/util/LocalizedFormats.java <clinit> 55
2021-07-04 06:04:31,316 DEBUG                  - depth 0, hash 1eaea0b, HEAD~2610
2021-07-04 06:04:31,321 DEBUG    [single line]   org/apache/commons/math3/exception/util/LocalizedFormats.java <clinit> 56
2021-07-04 06:04:31,570 DEBUG                  - depth 0, hash d81a1df, HEAD~2607
2021-07-04 06:04:31,576 DEBUG    [single line]   org/apache/commons/math3/exception/util/LocalizedFormats.java <clinit> 57
2021-07-04 06:04:31,818 DEBUG                  - depth 0, hash d81a1df, HEAD~2607
2021-07-04 06:04:31,823 DEBUG    [single line]   org/apache/commons/math3/exception/util/LocalizedFormats.java <clinit> 58
2021-07-04 06:04:32,065 DEBUG                  - depth 0, hash 1eaea0b, HEAD~2610
2021-07-04 06:04:32,070 DEBUG    [single line]   org/apache/commons/math3/exception/util/LocalizedFormats.java <clinit> 59
2021-07-04 06:04:32,312 DEBUG                  - depth 0, hash 1eaea0b, HEAD~2610
2021-07-04 06:04:32,317 DEBUG    [single line]   org/apache/commons/math3/exception/util/LocalizedFormats.java <clinit> 60
2021-07-04 06:04:32,557 DEBUG                  - depth 0, hash 1eaea0b, HEAD~2610
2021-07-04 06:04:32,563 DEBUG    [single line]   org/apache/commons/math3/exception/util/LocalizedFormats.java <clinit> 61
2021-07-04 06:04:32,805 DEBUG                  - depth 0, hash 1eaea0b, HEAD~2610
2021-07-04 06:04:32,810 DEBUG    [single line]   org/apache/commons/math3/exception/util/LocalizedFormats.java <clinit> 62
2021-07-04 06:04:33,053 DEBUG                  - depth 0, hash 1eaea0b, HEAD~2610
2021-07-04 06:04:33,058 DEBUG    [single line]   org/apache/commons/math3/exception/util/LocalizedFormats.java <clinit> 63
2021-07-04 06:04:33,302 DEBUG                  - depth 0, hash 1eaea0b, HEAD~2610
2021-07-04 06:04:33,307 DEBUG    [single line]   org/apache/commons/math3/exception/util/LocalizedFormats.java <clinit> 64
2021-07-04 06:04:33,549 DEBUG                  - depth 0, hash 1eaea0b, HEAD~2610
2021-07-04 06:04:33,555 DEBUG    [single line]   org/apache/commons/math3/exception/util/LocalizedFormats.java <clinit> 65
2021-07-04 06:04:33,807 DEBUG                  - depth 0, hash 1eaea0b, HEAD~2610
2021-07-04 06:04:33,812 DEBUG    [single line]   org/apache/commons/math3/exception/util/LocalizedFormats.java <clinit> 66
2021-07-04 06:04:34,081 DEBUG                  - depth 0, hash 1eaea0b, HEAD~2610
2021-07-04 06:04:34,087 DEBUG    [single line]   org/apache/commons/math3/exception/util/LocalizedFormats.java <clinit> 67
2021-07-04 06:04:34,328 DEBUG                  - depth 0, hash 1eaea0b, HEAD~2610
2021-07-04 06:04:34,334 DEBUG    [single line]   org/apache/commons/math3/exception/util/LocalizedFormats.java <clinit> 68
2021-07-04 06:04:34,582 DEBUG                  - depth 0, hash 1eaea0b, HEAD~2610
2021-07-04 06:04:34,588 DEBUG    [single line]   org/apache/commons/math3/exception/util/LocalizedFormats.java <clinit> 69
2021-07-04 06:04:34,838 DEBUG                  - depth 0, hash 1eaea0b, HEAD~2610
2021-07-04 06:04:34,844 DEBUG    [single line]   org/apache/commons/math3/exception/util/LocalizedFormats.java <clinit> 70
2021-07-04 06:04:35,085 DEBUG                  - depth 0, hash 1eaea0b, HEAD~2610
2021-07-04 06:04:35,091 DEBUG    [single line]   org/apache/commons/math3/exception/util/LocalizedFormats.java <clinit> 71
2021-07-04 06:04:35,334 DEBUG                  - depth 0, hash 1eaea0b, HEAD~2610
2021-07-04 06:04:35,339 DEBUG    [single line]   org/apache/commons/math3/exception/util/LocalizedFormats.java <clinit> 72
2021-07-04 06:04:35,584 DEBUG                  - depth 0, hash 1eaea0b, HEAD~2610
2021-07-04 06:04:35,590 DEBUG    [single line]   org/apache/commons/math3/exception/util/LocalizedFormats.java <clinit> 73
2021-07-04 06:04:35,832 DEBUG                  - depth 0, hash 1eaea0b, HEAD~2610
2021-07-04 06:04:35,837 DEBUG    [single line]   org/apache/commons/math3/exception/util/LocalizedFormats.java <clinit> 74
2021-07-04 06:04:36,077 DEBUG                  - depth 0, hash e3aebab, HEAD~2460
2021-07-04 06:04:36,083 DEBUG    [single line]   org/apache/commons/math3/exception/util/LocalizedFormats.java <clinit> 75
2021-07-04 06:04:36,316 DEBUG                  - depth 0, hash 34f2ea5, HEAD~338
2021-07-04 06:04:36,322 DEBUG    [single line]   org/apache/commons/math3/exception/util/LocalizedFormats.java <clinit> 76
2021-07-04 06:04:36,573 DEBUG                  - depth 0, hash 1eaea0b, HEAD~2610
2021-07-04 06:04:36,578 DEBUG    [single line]   org/apache/commons/math3/exception/util/LocalizedFormats.java <clinit> 77
2021-07-04 06:04:36,822 DEBUG                  - depth 0, hash 1eaea0b, HEAD~2610
2021-07-04 06:04:36,828 DEBUG    [single line]   org/apache/commons/math3/exception/util/LocalizedFormats.java <clinit> 78
2021-07-04 06:04:37,070 DEBUG                  - depth 0, hash 1eaea0b, HEAD~2610
2021-07-04 06:04:37,076 DEBUG    [single line]   org/apache/commons/math3/exception/util/LocalizedFormats.java <clinit> 79
2021-07-04 06:04:37,318 DEBUG                  - depth 0, hash 1eaea0b, HEAD~2610
2021-07-04 06:04:37,323 DEBUG    [single line]   org/apache/commons/math3/exception/util/LocalizedFormats.java <clinit> 80
2021-07-04 06:04:37,565 DEBUG                  - depth 0, hash 188ddd4, HEAD~2544
2021-07-04 06:04:37,571 DEBUG                  - depth 1, hash 1eaea0b, HEAD~2610
2021-07-04 06:04:37,575 DEBUG    [single line]   org/apache/commons/math3/exception/util/LocalizedFormats.java <clinit> 81
2021-07-04 06:04:37,823 DEBUG                  - depth 0, hash da58a64, HEAD~2030
2021-07-04 06:04:37,828 DEBUG    [single line]   org/apache/commons/math3/exception/util/LocalizedFormats.java <clinit> 82
2021-07-04 06:04:38,066 DEBUG                  - depth 0, hash 0482f58, HEAD~1316
2021-07-04 06:04:38,072 DEBUG    [single line]   org/apache/commons/math3/exception/util/LocalizedFormats.java <clinit> 83
2021-07-04 06:04:38,315 DEBUG                  - depth 0, hash 1eaea0b, HEAD~2610
2021-07-04 06:04:38,320 DEBUG    [single line]   org/apache/commons/math3/exception/util/LocalizedFormats.java <clinit> 84
2021-07-04 06:04:38,569 DEBUG                  - depth 0, hash 1eaea0b, HEAD~2610
2021-07-04 06:04:38,574 DEBUG    [single line]   org/apache/commons/math3/exception/util/LocalizedFormats.java <clinit> 85
2021-07-04 06:04:38,812 DEBUG                  - depth 0, hash 947d342, HEAD~1317
2021-07-04 06:04:38,817 DEBUG    [single line]   org/apache/commons/math3/exception/util/LocalizedFormats.java <clinit> 86
2021-07-04 06:04:39,059 DEBUG                  - depth 0, hash 1eaea0b, HEAD~2610
2021-07-04 06:04:39,064 DEBUG    [single line]   org/apache/commons/math3/exception/util/LocalizedFormats.java <clinit> 87
2021-07-04 06:04:39,306 DEBUG                  - depth 0, hash a16f538, HEAD~2504
2021-07-04 06:04:39,311 DEBUG                  - depth 1, hash 3693e02, HEAD~2602
2021-07-04 06:04:39,316 DEBUG                  - depth 2, hash 1eaea0b, HEAD~2610
2021-07-04 06:04:39,320 DEBUG    [single line]   org/apache/commons/math3/exception/util/LocalizedFormats.java <clinit> 88
2021-07-04 06:04:39,562 DEBUG                  - depth 0, hash a16f538, HEAD~2504
2021-07-04 06:04:39,568 DEBUG                  - depth 1, hash 3693e02, HEAD~2602
2021-07-04 06:04:39,572 DEBUG                  - depth 2, hash 1eaea0b, HEAD~2610
2021-07-04 06:04:39,576 DEBUG    [single line]   org/apache/commons/math3/exception/util/LocalizedFormats.java <clinit> 89
2021-07-04 06:04:39,820 DEBUG                  - depth 0, hash a16f538, HEAD~2504
2021-07-04 06:04:39,825 DEBUG                  - depth 1, hash 3693e02, HEAD~2602
2021-07-04 06:04:39,830 DEBUG                  - depth 2, hash 1eaea0b, HEAD~2610
2021-07-04 06:04:39,834 DEBUG    [single line]   org/apache/commons/math3/exception/util/LocalizedFormats.java <clinit> 90
2021-07-04 06:04:40,076 DEBUG                  - depth 0, hash 1eaea0b, HEAD~2610
2021-07-04 06:04:40,081 DEBUG    [single line]   org/apache/commons/math3/exception/util/LocalizedFormats.java <clinit> 91
2021-07-04 06:04:40,323 DEBUG                  - depth 0, hash 1eaea0b, HEAD~2610
2021-07-04 06:04:40,328 DEBUG    [single line]   org/apache/commons/math3/exception/util/LocalizedFormats.java <clinit> 92
2021-07-04 06:04:40,570 DEBUG                  - depth 0, hash 798d214, HEAD~965
2021-07-04 06:04:40,575 DEBUG                  - depth 1, hash 1eaea0b, HEAD~2610
2021-07-04 06:04:40,579 DEBUG    [single line]   org/apache/commons/math3/exception/util/LocalizedFormats.java <clinit> 93
2021-07-04 06:04:40,817 DEBUG                  - depth 0, hash 0482f58, HEAD~1316
2021-07-04 06:04:40,822 DEBUG    [single line]   org/apache/commons/math3/exception/util/LocalizedFormats.java <clinit> 94
2021-07-04 06:04:41,062 DEBUG                  - depth 0, hash a3200e5, HEAD~2457
2021-07-04 06:04:41,067 DEBUG    [single line]   org/apache/commons/math3/exception/util/LocalizedFormats.java <clinit> 95
2021-07-04 06:04:41,311 DEBUG                  - depth 0, hash 798d214, HEAD~965
2021-07-04 06:04:41,317 DEBUG    [single line]   org/apache/commons/math3/exception/util/LocalizedFormats.java <clinit> 96
2021-07-04 06:04:41,558 DEBUG                  - depth 0, hash 40c5b89, HEAD~2596
2021-07-04 06:04:41,563 DEBUG                  - depth 1, hash 1eaea0b, HEAD~2610
2021-07-04 06:04:41,567 DEBUG    [single line]   org/apache/commons/math3/exception/util/LocalizedFormats.java <clinit> 97
2021-07-04 06:04:41,818 DEBUG                  - depth 0, hash 1eaea0b, HEAD~2610
2021-07-04 06:04:41,824 DEBUG    [single line]   org/apache/commons/math3/exception/util/LocalizedFormats.java <clinit> 98
2021-07-04 06:04:42,068 DEBUG                  - depth 0, hash 1eaea0b, HEAD~2610
2021-07-04 06:04:42,073 DEBUG    [single line]   org/apache/commons/math3/exception/util/LocalizedFormats.java <clinit> 99
2021-07-04 06:04:42,316 DEBUG                  - depth 0, hash 1eaea0b, HEAD~2610
2021-07-04 06:04:42,321 DEBUG    [single line]   org/apache/commons/math3/exception/util/LocalizedFormats.java <clinit> 100
2021-07-04 06:04:42,563 DEBUG                  - depth 0, hash 1eaea0b, HEAD~2610
2021-07-04 06:04:42,568 DEBUG    [single line]   org/apache/commons/math3/exception/util/LocalizedFormats.java <clinit> 101
2021-07-04 06:04:42,809 DEBUG                  - depth 0, hash 1eaea0b, HEAD~2610
2021-07-04 06:04:42,815 DEBUG    [single line]   org/apache/commons/math3/exception/util/LocalizedFormats.java <clinit> 102
2021-07-04 06:04:43,055 DEBUG                  - depth 0, hash 1eaea0b, HEAD~2610
2021-07-04 06:04:43,061 DEBUG    [single line]   org/apache/commons/math3/exception/util/LocalizedFormats.java <clinit> 103
2021-07-04 06:04:43,301 DEBUG                  - depth 0, hash 51ec76c, HEAD~2454
2021-07-04 06:04:43,307 DEBUG    [single line]   org/apache/commons/math3/exception/util/LocalizedFormats.java <clinit> 104
2021-07-04 06:04:43,552 DEBUG                  - depth 0, hash 1eaea0b, HEAD~2610
2021-07-04 06:04:43,557 DEBUG    [single line]   org/apache/commons/math3/exception/util/LocalizedFormats.java <clinit> 105
2021-07-04 06:04:43,800 DEBUG                  - depth 0, hash 1eaea0b, HEAD~2610
2021-07-04 06:04:43,805 DEBUG    [single line]   org/apache/commons/math3/exception/util/LocalizedFormats.java <clinit> 106
2021-07-04 06:04:44,047 DEBUG                  - depth 0, hash 74ff198, HEAD~2401
2021-07-04 06:04:44,053 DEBUG                  - depth 1, hash 1eaea0b, HEAD~2610
2021-07-04 06:04:44,057 DEBUG    [single line]   org/apache/commons/math3/exception/util/LocalizedFormats.java <clinit> 107
2021-07-04 06:04:44,301 DEBUG                  - depth 0, hash 1eaea0b, HEAD~2610
2021-07-04 06:04:44,306 DEBUG    [single line]   org/apache/commons/math3/exception/util/LocalizedFormats.java <clinit> 108
2021-07-04 06:04:44,559 DEBUG                  - depth 0, hash 1eaea0b, HEAD~2610
2021-07-04 06:04:44,565 DEBUG    [single line]   org/apache/commons/math3/exception/util/LocalizedFormats.java <clinit> 109
2021-07-04 06:04:44,807 DEBUG                  - depth 0, hash 1eaea0b, HEAD~2610
2021-07-04 06:04:44,813 DEBUG    [single line]   org/apache/commons/math3/exception/util/LocalizedFormats.java <clinit> 110
2021-07-04 06:04:45,064 DEBUG                  - depth 0, hash 1eaea0b, HEAD~2610
2021-07-04 06:04:45,069 DEBUG    [single line]   org/apache/commons/math3/exception/util/LocalizedFormats.java <clinit> 111
2021-07-04 06:04:45,311 DEBUG                  - depth 0, hash 1eaea0b, HEAD~2610
2021-07-04 06:04:45,316 DEBUG    [single line]   org/apache/commons/math3/exception/util/LocalizedFormats.java <clinit> 112
2021-07-04 06:04:45,570 DEBUG                  - depth 0, hash 1eaea0b, HEAD~2610
2021-07-04 06:04:45,575 DEBUG    [single line]   org/apache/commons/math3/exception/util/LocalizedFormats.java <clinit> 113
2021-07-04 06:04:45,817 DEBUG                  - depth 0, hash 1eaea0b, HEAD~2610
2021-07-04 06:04:45,822 DEBUG    [single line]   org/apache/commons/math3/exception/util/LocalizedFormats.java <clinit> 114
2021-07-04 06:04:46,073 DEBUG                  - depth 0, hash 1eaea0b, HEAD~2610
2021-07-04 06:04:46,078 DEBUG    [single line]   org/apache/commons/math3/exception/util/LocalizedFormats.java <clinit> 115
2021-07-04 06:04:46,320 DEBUG                  - depth 0, hash 1eaea0b, HEAD~2610
2021-07-04 06:04:46,326 DEBUG    [single line]   org/apache/commons/math3/exception/util/LocalizedFormats.java <clinit> 116
2021-07-04 06:04:46,567 DEBUG                  - depth 0, hash 1eaea0b, HEAD~2610
2021-07-04 06:04:46,572 DEBUG    [single line]   org/apache/commons/math3/exception/util/LocalizedFormats.java <clinit> 117
2021-07-04 06:04:46,810 DEBUG                  - depth 0, hash cb11fdc, HEAD~1610
2021-07-04 06:04:46,815 DEBUG    [single line]   org/apache/commons/math3/exception/util/LocalizedFormats.java <clinit> 118
2021-07-04 06:04:47,056 DEBUG                  - depth 0, hash 1eaea0b, HEAD~2610
2021-07-04 06:04:47,062 DEBUG    [single line]   org/apache/commons/math3/exception/util/LocalizedFormats.java <clinit> 119
2021-07-04 06:04:47,313 DEBUG                  - depth 0, hash 1eaea0b, HEAD~2610
2021-07-04 06:04:47,319 DEBUG    [single line]   org/apache/commons/math3/exception/util/LocalizedFormats.java <clinit> 120
2021-07-04 06:04:47,561 DEBUG                  - depth 0, hash 1eaea0b, HEAD~2610
2021-07-04 06:04:47,567 DEBUG    [single line]   org/apache/commons/math3/exception/util/LocalizedFormats.java <clinit> 121
2021-07-04 06:04:47,807 DEBUG                  - depth 0, hash 8742126, HEAD~2455
2021-07-04 06:04:47,812 DEBUG    [single line]   org/apache/commons/math3/exception/util/LocalizedFormats.java <clinit> 122
2021-07-04 06:04:48,058 DEBUG                  - depth 0, hash 107e722, HEAD~2330
2021-07-04 06:04:48,063 DEBUG    [single line]   org/apache/commons/math3/exception/util/LocalizedFormats.java <clinit> 123
2021-07-04 06:04:48,311 DEBUG                  - depth 0, hash 71bc39e, HEAD~1371
2021-07-04 06:04:48,317 DEBUG    [single line]   org/apache/commons/math3/exception/util/LocalizedFormats.java <clinit> 124
2021-07-04 06:04:48,557 DEBUG                  - depth 0, hash 107e722, HEAD~2330
2021-07-04 06:04:48,562 DEBUG    [single line]   org/apache/commons/math3/exception/util/LocalizedFormats.java <clinit> 125
2021-07-04 06:04:48,803 DEBUG                  - depth 0, hash 1eaea0b, HEAD~2610
2021-07-04 06:04:48,809 DEBUG    [single line]   org/apache/commons/math3/exception/util/LocalizedFormats.java <clinit> 126
2021-07-04 06:04:49,051 DEBUG                  - depth 0, hash 1eaea0b, HEAD~2610
2021-07-04 06:04:49,056 DEBUG    [single line]   org/apache/commons/math3/exception/util/LocalizedFormats.java <clinit> 127
2021-07-04 06:04:49,298 DEBUG                  - depth 0, hash 1eaea0b, HEAD~2610
2021-07-04 06:04:49,304 DEBUG    [single line]   org/apache/commons/math3/exception/util/LocalizedFormats.java <clinit> 128
2021-07-04 06:04:49,545 DEBUG                  - depth 0, hash 8742126, HEAD~2455
2021-07-04 06:04:49,550 DEBUG                  - depth 1, hash 1eaea0b, HEAD~2610
2021-07-04 06:04:49,555 DEBUG    [single line]   org/apache/commons/math3/exception/util/LocalizedFormats.java <clinit> 129
2021-07-04 06:04:49,806 DEBUG                  - depth 0, hash 8742126, HEAD~2455
2021-07-04 06:04:49,812 DEBUG                  - depth 1, hash 1eaea0b, HEAD~2610
2021-07-04 06:04:49,816 DEBUG    [single line]   org/apache/commons/math3/exception/util/LocalizedFormats.java <clinit> 130
2021-07-04 06:04:50,050 DEBUG                  - depth 0, hash c48b86e, HEAD~718
2021-07-04 06:04:50,056 DEBUG    [single line]   org/apache/commons/math3/exception/util/LocalizedFormats.java <clinit> 132
2021-07-04 06:04:50,297 DEBUG                  - depth 0, hash 1eaea0b, HEAD~2610
2021-07-04 06:04:50,303 DEBUG    [single line]   org/apache/commons/math3/exception/util/LocalizedFormats.java <clinit> 133
2021-07-04 06:04:50,544 DEBUG                  - depth 0, hash 1eaea0b, HEAD~2610
2021-07-04 06:04:50,550 DEBUG    [single line]   org/apache/commons/math3/exception/util/LocalizedFormats.java <clinit> 134
2021-07-04 06:04:50,792 DEBUG                  - depth 0, hash 1eaea0b, HEAD~2610
2021-07-04 06:04:50,797 DEBUG    [single line]   org/apache/commons/math3/exception/util/LocalizedFormats.java <clinit> 135
2021-07-04 06:04:51,040 DEBUG                  - depth 0, hash 120e9f5, HEAD~2483
2021-07-04 06:04:51,045 DEBUG    [single line]   org/apache/commons/math3/exception/util/LocalizedFormats.java <clinit> 136
2021-07-04 06:04:51,296 DEBUG                  - depth 0, hash 1eaea0b, HEAD~2610
2021-07-04 06:04:51,302 DEBUG    [single line]   org/apache/commons/math3/exception/util/LocalizedFormats.java <clinit> 137
2021-07-04 06:04:51,543 DEBUG                  - depth 0, hash 1eaea0b, HEAD~2610
2021-07-04 06:04:51,549 DEBUG    [single line]   org/apache/commons/math3/exception/util/LocalizedFormats.java <clinit> 138
2021-07-04 06:04:51,803 DEBUG                  - depth 0, hash 22ceb31, HEAD~747
2021-07-04 06:04:51,808 DEBUG                  - depth 1, hash 7326a39, HEAD~2046
2021-07-04 06:04:51,812 DEBUG                  - depth 2, hash 1eaea0b, HEAD~2610
2021-07-04 06:04:51,817 DEBUG    [single line]   org/apache/commons/math3/exception/util/LocalizedFormats.java <clinit> 139
2021-07-04 06:04:52,058 DEBUG                  - depth 0, hash 1eaea0b, HEAD~2610
2021-07-04 06:04:52,063 DEBUG    [single line]   org/apache/commons/math3/exception/util/LocalizedFormats.java <clinit> 140
2021-07-04 06:04:52,303 DEBUG                  - depth 0, hash 0e68e6e, HEAD~1993
2021-07-04 06:04:52,309 DEBUG    [single line]   org/apache/commons/math3/exception/util/LocalizedFormats.java <clinit> 141
2021-07-04 06:04:52,556 DEBUG                  - depth 0, hash 947d342, HEAD~1317
2021-07-04 06:04:52,562 DEBUG    [single line]   org/apache/commons/math3/exception/util/LocalizedFormats.java <clinit> 142
2021-07-04 06:04:52,805 DEBUG                  - depth 0, hash 1eaea0b, HEAD~2610
2021-07-04 06:04:52,810 DEBUG    [single line]   org/apache/commons/math3/exception/util/LocalizedFormats.java <clinit> 143
2021-07-04 06:04:53,048 DEBUG                  - depth 0, hash 0482f58, HEAD~1316
2021-07-04 06:04:53,054 DEBUG                  - depth 1, hash 947d342, HEAD~1317
2021-07-04 06:04:53,058 DEBUG    [single line]   org/apache/commons/math3/exception/util/LocalizedFormats.java <clinit> 144
2021-07-04 06:04:53,301 DEBUG                  - depth 0, hash 1eaea0b, HEAD~2610
2021-07-04 06:04:53,306 DEBUG    [single line]   org/apache/commons/math3/exception/util/LocalizedFormats.java <clinit> 145
2021-07-04 06:04:53,557 DEBUG                  - depth 0, hash 1eaea0b, HEAD~2610
2021-07-04 06:04:53,563 DEBUG    [single line]   org/apache/commons/math3/exception/util/LocalizedFormats.java <clinit> 146
2021-07-04 06:04:53,814 DEBUG                  - depth 0, hash 1eaea0b, HEAD~2610
2021-07-04 06:04:53,820 DEBUG    [single line]   org/apache/commons/math3/exception/util/LocalizedFormats.java <clinit> 147
2021-07-04 06:04:54,058 DEBUG                  - depth 0, hash 63cf988, HEAD~1664
2021-07-04 06:04:54,063 DEBUG    [single line]   org/apache/commons/math3/exception/util/LocalizedFormats.java <clinit> 148
2021-07-04 06:04:54,305 DEBUG                  - depth 0, hash b28b68f, HEAD~2525
2021-07-04 06:04:54,310 DEBUG    [single line]   org/apache/commons/math3/exception/util/LocalizedFormats.java <clinit> 149
2021-07-04 06:04:54,550 DEBUG                  - depth 0, hash d07d83e, HEAD~1886
2021-07-04 06:04:54,556 DEBUG    [single line]   org/apache/commons/math3/exception/util/LocalizedFormats.java <clinit> 150
2021-07-04 06:04:54,806 DEBUG                  - depth 0, hash 1eaea0b, HEAD~2610
2021-07-04 06:04:54,812 DEBUG    [single line]   org/apache/commons/math3/exception/util/LocalizedFormats.java <clinit> 151
2021-07-04 06:04:55,055 DEBUG                  - depth 0, hash 1eaea0b, HEAD~2610
2021-07-04 06:04:55,060 DEBUG    [single line]   org/apache/commons/math3/exception/util/LocalizedFormats.java <clinit> 152
2021-07-04 06:04:55,304 DEBUG                  - depth 0, hash a3a1f9a, HEAD~427
2021-07-04 06:04:55,310 DEBUG    [single line]   org/apache/commons/math3/exception/util/LocalizedFormats.java <clinit> 153
2021-07-04 06:04:55,551 DEBUG                  - depth 0, hash 1eaea0b, HEAD~2610
2021-07-04 06:04:55,556 DEBUG    [single line]   org/apache/commons/math3/exception/util/LocalizedFormats.java <clinit> 154
2021-07-04 06:04:55,798 DEBUG                  - depth 0, hash 1eaea0b, HEAD~2610
2021-07-04 06:04:55,803 DEBUG    [single line]   org/apache/commons/math3/exception/util/LocalizedFormats.java <clinit> 155
2021-07-04 06:04:56,044 DEBUG                  - depth 0, hash d64c176, HEAD~2571
2021-07-04 06:04:56,050 DEBUG    [single line]   org/apache/commons/math3/exception/util/LocalizedFormats.java <clinit> 156
2021-07-04 06:04:56,301 DEBUG                  - depth 0, hash 1eaea0b, HEAD~2610
2021-07-04 06:04:56,306 DEBUG    [single line]   org/apache/commons/math3/exception/util/LocalizedFormats.java <clinit> 157
2021-07-04 06:04:56,548 DEBUG                  - depth 0, hash 40c5b89, HEAD~2596
2021-07-04 06:04:56,553 DEBUG                  - depth 1, hash 1eaea0b, HEAD~2610
2021-07-04 06:04:56,557 DEBUG    [single line]   org/apache/commons/math3/exception/util/LocalizedFormats.java <clinit> 158
2021-07-04 06:04:56,809 DEBUG                  - depth 0, hash 1eaea0b, HEAD~2610
2021-07-04 06:04:56,814 DEBUG    [single line]   org/apache/commons/math3/exception/util/LocalizedFormats.java <clinit> 159
2021-07-04 06:04:57,057 DEBUG                  - depth 0, hash 1eaea0b, HEAD~2610
2021-07-04 06:04:57,062 DEBUG    [single line]   org/apache/commons/math3/exception/util/LocalizedFormats.java <clinit> 160
2021-07-04 06:04:57,305 DEBUG                  - depth 0, hash 188ddd4, HEAD~2544
2021-07-04 06:04:57,310 DEBUG    [single line]   org/apache/commons/math3/exception/util/LocalizedFormats.java <clinit> 161
2021-07-04 06:04:57,551 DEBUG                  - depth 0, hash 188ddd4, HEAD~2544
2021-07-04 06:04:57,557 DEBUG    [single line]   org/apache/commons/math3/exception/util/LocalizedFormats.java <clinit> 162
2021-07-04 06:04:57,799 DEBUG                  - depth 0, hash 1eaea0b, HEAD~2610
2021-07-04 06:04:57,804 DEBUG    [single line]   org/apache/commons/math3/exception/util/LocalizedFormats.java <clinit> 163
2021-07-04 06:04:58,047 DEBUG                  - depth 0, hash 8581b76, HEAD~1774
2021-07-04 06:04:58,053 DEBUG                  - depth 1, hash 1eaea0b, HEAD~2610
2021-07-04 06:04:58,057 DEBUG    [single line]   org/apache/commons/math3/exception/util/LocalizedFormats.java <clinit> 164
2021-07-04 06:04:58,309 DEBUG                  - depth 0, hash 1eaea0b, HEAD~2610
2021-07-04 06:04:58,314 DEBUG    [single line]   org/apache/commons/math3/exception/util/LocalizedFormats.java <clinit> 165
2021-07-04 06:04:58,552 DEBUG                  - depth 0, hash 0482f58, HEAD~1316
2021-07-04 06:04:58,557 DEBUG    [single line]   org/apache/commons/math3/exception/util/LocalizedFormats.java <clinit> 166
2021-07-04 06:04:58,798 DEBUG                  - depth 0, hash d81a1df, HEAD~2607
2021-07-04 06:04:58,804 DEBUG    [single line]   org/apache/commons/math3/exception/util/LocalizedFormats.java <clinit> 167
2021-07-04 06:04:59,045 DEBUG                  - depth 0, hash 1eaea0b, HEAD~2610
2021-07-04 06:04:59,051 DEBUG    [single line]   org/apache/commons/math3/exception/util/LocalizedFormats.java <clinit> 168
2021-07-04 06:04:59,292 DEBUG                  - depth 0, hash 1eaea0b, HEAD~2610
2021-07-04 06:04:59,298 DEBUG    [single line]   org/apache/commons/math3/exception/util/LocalizedFormats.java <clinit> 169
2021-07-04 06:04:59,539 DEBUG                  - depth 0, hash 1eaea0b, HEAD~2610
2021-07-04 06:04:59,545 DEBUG    [single line]   org/apache/commons/math3/exception/util/LocalizedFormats.java <clinit> 170
2021-07-04 06:04:59,787 DEBUG                  - depth 0, hash 1eaea0b, HEAD~2610
2021-07-04 06:04:59,792 DEBUG    [single line]   org/apache/commons/math3/exception/util/LocalizedFormats.java <clinit> 171
2021-07-04 06:05:00,035 DEBUG                  - depth 0, hash 1eaea0b, HEAD~2610
2021-07-04 06:05:00,040 DEBUG    [single line]   org/apache/commons/math3/exception/util/LocalizedFormats.java <clinit> 172
2021-07-04 06:05:00,282 DEBUG                  - depth 0, hash 1eaea0b, HEAD~2610
2021-07-04 06:05:00,287 DEBUG    [single line]   org/apache/commons/math3/exception/util/LocalizedFormats.java <clinit> 173
2021-07-04 06:05:00,527 DEBUG                  - depth 0, hash 120e9f5, HEAD~2483
2021-07-04 06:05:00,532 DEBUG    [single line]   org/apache/commons/math3/exception/util/LocalizedFormats.java <clinit> 174
2021-07-04 06:05:00,774 DEBUG                  - depth 0, hash 1eaea0b, HEAD~2610
2021-07-04 06:05:00,779 DEBUG    [single line]   org/apache/commons/math3/exception/util/LocalizedFormats.java <clinit> 175
2021-07-04 06:05:01,018 DEBUG                  - depth 0, hash b8d5b88, HEAD~1847
2021-07-04 06:05:01,023 DEBUG    [single line]   org/apache/commons/math3/exception/util/LocalizedFormats.java <clinit> 176
2021-07-04 06:05:01,274 DEBUG                  - depth 0, hash 120e9f5, HEAD~2483
2021-07-04 06:05:01,279 DEBUG    [single line]   org/apache/commons/math3/exception/util/LocalizedFormats.java <clinit> 177
2021-07-04 06:05:01,520 DEBUG                  - depth 0, hash d05f261, HEAD~2328
2021-07-04 06:05:01,525 DEBUG                  - depth 1, hash 1eaea0b, HEAD~2610
2021-07-04 06:05:01,530 DEBUG    [single line]   org/apache/commons/math3/exception/util/LocalizedFormats.java <clinit> 178
2021-07-04 06:05:01,780 DEBUG                  - depth 0, hash baf90f0, HEAD~2560
2021-07-04 06:05:01,786 DEBUG                  - depth 1, hash 1eaea0b, HEAD~2610
2021-07-04 06:05:01,790 DEBUG    [single line]   org/apache/commons/math3/exception/util/LocalizedFormats.java <clinit> 179
2021-07-04 06:05:02,031 DEBUG                  - depth 0, hash 8743063, HEAD~2391
2021-07-04 06:05:02,037 DEBUG                  - depth 1, hash 1eaea0b, HEAD~2610
2021-07-04 06:05:02,041 DEBUG    [single line]   org/apache/commons/math3/exception/util/LocalizedFormats.java <clinit> 180
2021-07-04 06:05:02,281 DEBUG                  - depth 0, hash da58a64, HEAD~2030
2021-07-04 06:05:02,286 DEBUG    [single line]   org/apache/commons/math3/exception/util/LocalizedFormats.java <clinit> 181
2021-07-04 06:05:02,528 DEBUG                  - depth 0, hash 1eaea0b, HEAD~2610
2021-07-04 06:05:02,533 DEBUG    [single line]   org/apache/commons/math3/exception/util/LocalizedFormats.java <clinit> 182
2021-07-04 06:05:02,774 DEBUG                  - depth 0, hash 1eaea0b, HEAD~2610
2021-07-04 06:05:02,779 DEBUG    [single line]   org/apache/commons/math3/exception/util/LocalizedFormats.java <clinit> 183
2021-07-04 06:05:03,021 DEBUG                  - depth 0, hash 1eaea0b, HEAD~2610
2021-07-04 06:05:03,026 DEBUG    [single line]   org/apache/commons/math3/exception/util/LocalizedFormats.java <clinit> 184
2021-07-04 06:05:03,267 DEBUG                  - depth 0, hash 1eaea0b, HEAD~2610
2021-07-04 06:05:03,273 DEBUG    [single line]   org/apache/commons/math3/exception/util/LocalizedFormats.java <clinit> 185
2021-07-04 06:05:03,513 DEBUG                  - depth 0, hash 1eaea0b, HEAD~2610
2021-07-04 06:05:03,519 DEBUG    [single line]   org/apache/commons/math3/exception/util/LocalizedFormats.java <clinit> 186
2021-07-04 06:05:03,761 DEBUG                  - depth 0, hash c5e91af, HEAD~1851
2021-07-04 06:05:03,767 DEBUG                  - depth 1, hash 1eaea0b, HEAD~2610
2021-07-04 06:05:03,771 DEBUG    [single line]   org/apache/commons/math3/exception/util/LocalizedFormats.java <clinit> 187
2021-07-04 06:05:04,015 DEBUG                  - depth 0, hash 4a8363f, HEAD~660
2021-07-04 06:05:04,020 DEBUG    [single line]   org/apache/commons/math3/exception/util/LocalizedFormats.java <clinit> 188
2021-07-04 06:05:04,262 DEBUG                  - depth 0, hash 1eaea0b, HEAD~2610
2021-07-04 06:05:04,267 DEBUG    [single line]   org/apache/commons/math3/exception/util/LocalizedFormats.java <clinit> 189
2021-07-04 06:05:04,509 DEBUG                  - depth 0, hash 1eaea0b, HEAD~2610
2021-07-04 06:05:04,514 DEBUG    [single line]   org/apache/commons/math3/exception/util/LocalizedFormats.java <clinit> 190
2021-07-04 06:05:04,757 DEBUG                  - depth 0, hash 1eaea0b, HEAD~2610
2021-07-04 06:05:04,763 DEBUG    [single line]   org/apache/commons/math3/exception/util/LocalizedFormats.java <clinit> 191
2021-07-04 06:05:05,007 DEBUG                  - depth 0, hash 1eaea0b, HEAD~2610
2021-07-04 06:05:05,013 DEBUG    [single line]   org/apache/commons/math3/exception/util/LocalizedFormats.java <clinit> 192
2021-07-04 06:05:05,255 DEBUG                  - depth 0, hash 8c13108, HEAD~2599
2021-07-04 06:05:05,261 DEBUG    [single line]   org/apache/commons/math3/exception/util/LocalizedFormats.java <clinit> 193
2021-07-04 06:05:05,502 DEBUG                  - depth 0, hash 1eaea0b, HEAD~2610
2021-07-04 06:05:05,508 DEBUG    [single line]   org/apache/commons/math3/exception/util/LocalizedFormats.java <clinit> 194
2021-07-04 06:05:05,750 DEBUG                  - depth 0, hash 1eaea0b, HEAD~2610
2021-07-04 06:05:05,756 DEBUG    [single line]   org/apache/commons/math3/exception/util/LocalizedFormats.java <clinit> 195
2021-07-04 06:05:05,997 DEBUG                  - depth 0, hash 1eaea0b, HEAD~2610
2021-07-04 06:05:06,002 DEBUG    [single line]   org/apache/commons/math3/exception/util/LocalizedFormats.java <clinit> 196
2021-07-04 06:05:06,243 DEBUG                  - depth 0, hash 8c13108, HEAD~2599
2021-07-04 06:05:06,248 DEBUG    [single line]   org/apache/commons/math3/exception/util/LocalizedFormats.java <clinit> 197
2021-07-04 06:05:06,491 DEBUG                  - depth 0, hash 1eaea0b, HEAD~2610
2021-07-04 06:05:06,497 DEBUG    [single line]   org/apache/commons/math3/exception/util/LocalizedFormats.java <clinit> 198
2021-07-04 06:05:06,738 DEBUG                  - depth 0, hash 59fac3d, HEAD~1713
2021-07-04 06:05:06,743 DEBUG                  - depth 1, hash 0393d33, HEAD~1727
2021-07-04 06:05:06,747 DEBUG                  - depth 2, hash eaebcf4, HEAD~1729
2021-07-04 06:05:06,752 DEBUG                  - depth 3, hash 8f334ca, HEAD~1731
2021-07-04 06:05:06,756 DEBUG                  - depth 4, hash d7d514b, HEAD~2440
2021-07-04 06:05:06,760 DEBUG                  - depth 5, hash 1eaea0b, HEAD~2610
2021-07-04 06:05:06,764 DEBUG    [single line]   org/apache/commons/math3/exception/util/LocalizedFormats.java <clinit> 199
2021-07-04 06:05:07,007 DEBUG                  - depth 0, hash 59fac3d, HEAD~1713
2021-07-04 06:05:07,013 DEBUG                  - depth 1, hash 0393d33, HEAD~1727
2021-07-04 06:05:07,017 DEBUG                  - depth 2, hash eaebcf4, HEAD~1729
2021-07-04 06:05:07,021 DEBUG                  - depth 3, hash 8f334ca, HEAD~1731
2021-07-04 06:05:07,025 DEBUG                  - depth 4, hash d7d514b, HEAD~2440
2021-07-04 06:05:07,030 DEBUG                  - depth 5, hash 1eaea0b, HEAD~2610
2021-07-04 06:05:07,034 DEBUG    [single line]   org/apache/commons/math3/exception/util/LocalizedFormats.java <clinit> 200
2021-07-04 06:05:07,283 DEBUG                  - depth 0, hash cb11fdc, HEAD~1610
2021-07-04 06:05:07,289 DEBUG                  - depth 1, hash c5e91af, HEAD~1851
2021-07-04 06:05:07,293 DEBUG                  - depth 2, hash 3a0754d, HEAD~1927
2021-07-04 06:05:07,297 DEBUG    [single line]   org/apache/commons/math3/exception/util/LocalizedFormats.java <clinit> 201
2021-07-04 06:05:07,546 DEBUG                  - depth 0, hash cb11fdc, HEAD~1610
2021-07-04 06:05:07,552 DEBUG                  - depth 1, hash c5e91af, HEAD~1851
2021-07-04 06:05:07,556 DEBUG                  - depth 2, hash 3a0754d, HEAD~1927
2021-07-04 06:05:07,560 DEBUG    [single line]   org/apache/commons/math3/exception/util/LocalizedFormats.java <clinit> 202
2021-07-04 06:05:07,799 DEBUG                  - depth 0, hash cb11fdc, HEAD~1610
2021-07-04 06:05:07,805 DEBUG                  - depth 1, hash c5e91af, HEAD~1851
2021-07-04 06:05:07,809 DEBUG                  - depth 2, hash 3a0754d, HEAD~1927
2021-07-04 06:05:07,814 DEBUG    [single line]   org/apache/commons/math3/exception/util/LocalizedFormats.java <clinit> 203
2021-07-04 06:05:08,053 DEBUG                  - depth 0, hash 71f799c, HEAD~2493
2021-07-04 06:05:08,059 DEBUG    [single line]   org/apache/commons/math3/exception/util/LocalizedFormats.java <clinit> 204
2021-07-04 06:05:08,301 DEBUG                  - depth 0, hash 1eaea0b, HEAD~2610
2021-07-04 06:05:08,306 DEBUG    [single line]   org/apache/commons/math3/exception/util/LocalizedFormats.java <clinit> 205
2021-07-04 06:05:08,547 DEBUG                  - depth 0, hash 1eaea0b, HEAD~2610
2021-07-04 06:05:08,553 DEBUG    [single line]   org/apache/commons/math3/exception/util/LocalizedFormats.java <clinit> 206
2021-07-04 06:05:08,806 DEBUG                  - depth 0, hash 1eaea0b, HEAD~2610
2021-07-04 06:05:08,811 DEBUG    [single line]   org/apache/commons/math3/exception/util/LocalizedFormats.java <clinit> 207
2021-07-04 06:05:09,047 DEBUG                  - depth 0, hash 2464bb2, HEAD~981
2021-07-04 06:05:09,053 DEBUG    [single line]   org/apache/commons/math3/exception/util/LocalizedFormats.java <clinit> 208
2021-07-04 06:05:09,293 DEBUG                  - depth 0, hash 120e9f5, HEAD~2483
2021-07-04 06:05:09,298 DEBUG    [single line]   org/apache/commons/math3/exception/util/LocalizedFormats.java <clinit> 209
2021-07-04 06:05:09,539 DEBUG                  - depth 0, hash 1eaea0b, HEAD~2610
2021-07-04 06:05:09,545 DEBUG    [single line]   org/apache/commons/math3/exception/util/LocalizedFormats.java <clinit> 210
2021-07-04 06:05:09,786 DEBUG                  - depth 0, hash 40c5b89, HEAD~2596
2021-07-04 06:05:09,791 DEBUG    [single line]   org/apache/commons/math3/exception/util/LocalizedFormats.java <clinit> 211
2021-07-04 06:05:10,033 DEBUG                  - depth 0, hash 1eaea0b, HEAD~2610
2021-07-04 06:05:10,038 DEBUG    [single line]   org/apache/commons/math3/exception/util/LocalizedFormats.java <clinit> 212
2021-07-04 06:05:10,279 DEBUG                  - depth 0, hash 40c5b89, HEAD~2596
2021-07-04 06:05:10,285 DEBUG    [single line]   org/apache/commons/math3/exception/util/LocalizedFormats.java <clinit> 213
2021-07-04 06:05:10,526 DEBUG                  - depth 0, hash 1eaea0b, HEAD~2610
2021-07-04 06:05:10,532 DEBUG    [single line]   org/apache/commons/math3/exception/util/LocalizedFormats.java <clinit> 214
2021-07-04 06:05:10,774 DEBUG                  - depth 0, hash 40c5b89, HEAD~2596
2021-07-04 06:05:10,780 DEBUG    [single line]   org/apache/commons/math3/exception/util/LocalizedFormats.java <clinit> 215
2021-07-04 06:05:11,021 DEBUG                  - depth 0, hash 1eaea0b, HEAD~2610
2021-07-04 06:05:11,027 DEBUG    [single line]   org/apache/commons/math3/exception/util/LocalizedFormats.java <clinit> 216
2021-07-04 06:05:11,269 DEBUG                  - depth 0, hash 40c5b89, HEAD~2596
2021-07-04 06:05:11,274 DEBUG    [single line]   org/apache/commons/math3/exception/util/LocalizedFormats.java <clinit> 217
2021-07-04 06:05:11,516 DEBUG                  - depth 0, hash 1eaea0b, HEAD~2610
2021-07-04 06:05:11,522 DEBUG    [single line]   org/apache/commons/math3/exception/util/LocalizedFormats.java <clinit> 218
2021-07-04 06:05:11,762 DEBUG                  - depth 0, hash 1eaea0b, HEAD~2610
2021-07-04 06:05:11,767 DEBUG    [single line]   org/apache/commons/math3/exception/util/LocalizedFormats.java <clinit> 219
2021-07-04 06:05:12,008 DEBUG                  - depth 0, hash 120e9f5, HEAD~2483
2021-07-04 06:05:12,013 DEBUG    [single line]   org/apache/commons/math3/exception/util/LocalizedFormats.java <clinit> 220
2021-07-04 06:05:12,255 DEBUG                  - depth 0, hash 1eaea0b, HEAD~2610
2021-07-04 06:05:12,260 DEBUG    [single line]   org/apache/commons/math3/exception/util/LocalizedFormats.java <clinit> 221
2021-07-04 06:05:12,501 DEBUG                  - depth 0, hash 1eaea0b, HEAD~2610
2021-07-04 06:05:12,507 DEBUG    [single line]   org/apache/commons/math3/exception/util/LocalizedFormats.java <clinit> 222
2021-07-04 06:05:12,749 DEBUG                  - depth 0, hash 1eaea0b, HEAD~2610
2021-07-04 06:05:12,755 DEBUG    [single line]   org/apache/commons/math3/exception/util/LocalizedFormats.java <clinit> 223
2021-07-04 06:05:12,994 DEBUG                  - depth 0, hash 71f799c, HEAD~2493
2021-07-04 06:05:12,999 DEBUG    [single line]   org/apache/commons/math3/exception/util/LocalizedFormats.java <clinit> 224
2021-07-04 06:05:13,241 DEBUG                  - depth 0, hash 1eaea0b, HEAD~2610
2021-07-04 06:05:13,247 DEBUG    [single line]   org/apache/commons/math3/exception/util/LocalizedFormats.java <clinit> 225
2021-07-04 06:05:13,487 DEBUG                  - depth 0, hash 71f799c, HEAD~2493
2021-07-04 06:05:13,493 DEBUG    [single line]   org/apache/commons/math3/exception/util/LocalizedFormats.java <clinit> 226
2021-07-04 06:05:13,735 DEBUG                  - depth 0, hash 1eaea0b, HEAD~2610
2021-07-04 06:05:13,740 DEBUG    [single line]   org/apache/commons/math3/exception/util/LocalizedFormats.java <clinit> 227
2021-07-04 06:05:13,981 DEBUG                  - depth 0, hash 40c5b89, HEAD~2596
2021-07-04 06:05:13,987 DEBUG    [single line]   org/apache/commons/math3/exception/util/LocalizedFormats.java <clinit> 228
2021-07-04 06:05:14,227 DEBUG                  - depth 0, hash 1eaea0b, HEAD~2610
2021-07-04 06:05:14,233 DEBUG    [single line]   org/apache/commons/math3/exception/util/LocalizedFormats.java <clinit> 229
2021-07-04 06:05:14,485 DEBUG                  - depth 0, hash 1eaea0b, HEAD~2610
2021-07-04 06:05:14,490 DEBUG    [single line]   org/apache/commons/math3/exception/util/LocalizedFormats.java <clinit> 230
2021-07-04 06:05:14,733 DEBUG                  - depth 0, hash 1eaea0b, HEAD~2610
2021-07-04 06:05:14,738 DEBUG    [single line]   org/apache/commons/math3/exception/util/LocalizedFormats.java <clinit> 231
2021-07-04 06:05:14,984 DEBUG                  - depth 0, hash 1eaea0b, HEAD~2610
2021-07-04 06:05:14,990 DEBUG    [single line]   org/apache/commons/math3/exception/util/LocalizedFormats.java <clinit> 232
2021-07-04 06:05:15,232 DEBUG                  - depth 0, hash 1eaea0b, HEAD~2610
2021-07-04 06:05:15,237 DEBUG    [single line]   org/apache/commons/math3/exception/util/LocalizedFormats.java <clinit> 233
2021-07-04 06:05:15,480 DEBUG                  - depth 0, hash 1eaea0b, HEAD~2610
2021-07-04 06:05:15,486 DEBUG    [single line]   org/apache/commons/math3/exception/util/LocalizedFormats.java <clinit> 234
2021-07-04 06:05:15,729 DEBUG                  - depth 0, hash 8c13108, HEAD~2599
2021-07-04 06:05:15,735 DEBUG    [single line]   org/apache/commons/math3/exception/util/LocalizedFormats.java <clinit> 235
2021-07-04 06:05:15,976 DEBUG                  - depth 0, hash 1eaea0b, HEAD~2610
2021-07-04 06:05:15,982 DEBUG    [single line]   org/apache/commons/math3/exception/util/LocalizedFormats.java <clinit> 236
2021-07-04 06:05:16,224 DEBUG                  - depth 0, hash 1eaea0b, HEAD~2610
2021-07-04 06:05:16,229 DEBUG    [single line]   org/apache/commons/math3/exception/util/LocalizedFormats.java <clinit> 237
2021-07-04 06:05:16,470 DEBUG                  - depth 0, hash 8c13108, HEAD~2599
2021-07-04 06:05:16,476 DEBUG    [single line]   org/apache/commons/math3/exception/util/LocalizedFormats.java <clinit> 238
2021-07-04 06:05:16,719 DEBUG                  - depth 0, hash 1eaea0b, HEAD~2610
2021-07-04 06:05:16,724 DEBUG    [single line]   org/apache/commons/math3/exception/util/LocalizedFormats.java <clinit> 239
2021-07-04 06:05:16,964 DEBUG                  - depth 0, hash da58a64, HEAD~2030
2021-07-04 06:05:16,970 DEBUG    [single line]   org/apache/commons/math3/exception/util/LocalizedFormats.java <clinit> 240
2021-07-04 06:05:17,221 DEBUG                  - depth 0, hash 1eaea0b, HEAD~2610
2021-07-04 06:05:17,226 DEBUG    [single line]   org/apache/commons/math3/exception/util/LocalizedFormats.java <clinit> 241
2021-07-04 06:05:17,472 DEBUG                  - depth 0, hash d7d514b, HEAD~2440
2021-07-04 06:05:17,478 DEBUG    [single line]   org/apache/commons/math3/exception/util/LocalizedFormats.java <clinit> 242
2021-07-04 06:05:17,720 DEBUG                  - depth 0, hash 1eaea0b, HEAD~2610
2021-07-04 06:05:17,726 DEBUG    [single line]   org/apache/commons/math3/exception/util/LocalizedFormats.java <clinit> 243
2021-07-04 06:05:17,968 DEBUG                  - depth 0, hash 188ddd4, HEAD~2544
2021-07-04 06:05:17,974 DEBUG                  - depth 1, hash 1eaea0b, HEAD~2610
2021-07-04 06:05:17,978 DEBUG    [single line]   org/apache/commons/math3/exception/util/LocalizedFormats.java <clinit> 244
2021-07-04 06:05:18,229 DEBUG                  - depth 0, hash 8c13108, HEAD~2599
2021-07-04 06:05:18,235 DEBUG                  - depth 1, hash 1eaea0b, HEAD~2610
2021-07-04 06:05:18,239 DEBUG    [single line]   org/apache/commons/math3/exception/util/LocalizedFormats.java <clinit> 245
2021-07-04 06:05:18,491 DEBUG                  - depth 0, hash 1eaea0b, HEAD~2610
2021-07-04 06:05:18,497 DEBUG    [single line]   org/apache/commons/math3/exception/util/LocalizedFormats.java <clinit> 246
2021-07-04 06:05:18,739 DEBUG                  - depth 0, hash 1eaea0b, HEAD~2610
2021-07-04 06:05:18,745 DEBUG    [single line]   org/apache/commons/math3/exception/util/LocalizedFormats.java <clinit> 247
2021-07-04 06:05:18,989 DEBUG                  - depth 0, hash 1eaea0b, HEAD~2610
2021-07-04 06:05:18,994 DEBUG    [single line]   org/apache/commons/math3/exception/util/LocalizedFormats.java <clinit> 248
2021-07-04 06:05:19,235 DEBUG                  - depth 0, hash 188ddd4, HEAD~2544
2021-07-04 06:05:19,241 DEBUG                  - depth 1, hash 1eaea0b, HEAD~2610
2021-07-04 06:05:19,245 DEBUG    [single line]   org/apache/commons/math3/exception/util/LocalizedFormats.java <clinit> 249
2021-07-04 06:05:19,489 DEBUG                  - depth 0, hash d07d83e, HEAD~1886
2021-07-04 06:05:19,494 DEBUG    [single line]   org/apache/commons/math3/exception/util/LocalizedFormats.java <clinit> 250
2021-07-04 06:05:19,736 DEBUG                  - depth 0, hash 1eaea0b, HEAD~2610
2021-07-04 06:05:19,742 DEBUG    [single line]   org/apache/commons/math3/exception/util/LocalizedFormats.java <clinit> 251
2021-07-04 06:05:19,984 DEBUG                  - depth 0, hash 1eaea0b, HEAD~2610
2021-07-04 06:05:19,989 DEBUG    [single line]   org/apache/commons/math3/exception/util/LocalizedFormats.java <clinit> 252
2021-07-04 06:05:20,226 DEBUG                  - depth 0, hash 71bc39e, HEAD~1371
2021-07-04 06:05:20,232 DEBUG    [single line]   org/apache/commons/math3/exception/util/LocalizedFormats.java <clinit> 253
2021-07-04 06:05:20,472 DEBUG                  - depth 0, hash baf90f0, HEAD~2560
2021-07-04 06:05:20,478 DEBUG                  - depth 1, hash d81a1df, HEAD~2607
2021-07-04 06:05:20,482 DEBUG                  - depth 2, hash 1eaea0b, HEAD~2610
2021-07-04 06:05:20,486 DEBUG    [single line]   org/apache/commons/math3/exception/util/LocalizedFormats.java <clinit> 254
2021-07-04 06:05:20,724 DEBUG                  - depth 0, hash f6effc0, HEAD~1233
2021-07-04 06:05:20,730 DEBUG                  - depth 1, hash 63cf988, HEAD~1664
2021-07-04 06:05:20,734 DEBUG    [single line]   org/apache/commons/math3/exception/util/LocalizedFormats.java <clinit> 255
2021-07-04 06:05:20,975 DEBUG                  - depth 0, hash baf90f0, HEAD~2560
2021-07-04 06:05:20,981 DEBUG                  - depth 1, hash d81a1df, HEAD~2607
2021-07-04 06:05:20,985 DEBUG                  - depth 2, hash 1eaea0b, HEAD~2610
2021-07-04 06:05:20,989 DEBUG    [single line]   org/apache/commons/math3/exception/util/LocalizedFormats.java <clinit> 256
2021-07-04 06:05:21,231 DEBUG                  - depth 0, hash baf90f0, HEAD~2560
2021-07-04 06:05:21,236 DEBUG                  - depth 1, hash d81a1df, HEAD~2607
2021-07-04 06:05:21,241 DEBUG                  - depth 2, hash 1eaea0b, HEAD~2610
2021-07-04 06:05:21,245 DEBUG    [single line]   org/apache/commons/math3/exception/util/LocalizedFormats.java <clinit> 257
2021-07-04 06:05:21,497 DEBUG                  - depth 0, hash baf90f0, HEAD~2560
2021-07-04 06:05:21,503 DEBUG                  - depth 1, hash d81a1df, HEAD~2607
2021-07-04 06:05:21,507 DEBUG                  - depth 2, hash 1eaea0b, HEAD~2610
2021-07-04 06:05:21,512 DEBUG    [single line]   org/apache/commons/math3/exception/util/LocalizedFormats.java <clinit> 258
2021-07-04 06:05:21,755 DEBUG                  - depth 0, hash baf90f0, HEAD~2560
2021-07-04 06:05:21,760 DEBUG                  - depth 1, hash d81a1df, HEAD~2607
2021-07-04 06:05:21,765 DEBUG                  - depth 2, hash 1eaea0b, HEAD~2610
2021-07-04 06:05:21,769 DEBUG    [single line]   org/apache/commons/math3/exception/util/LocalizedFormats.java <clinit> 259
2021-07-04 06:05:22,011 DEBUG                  - depth 0, hash baf90f0, HEAD~2560
2021-07-04 06:05:22,017 DEBUG                  - depth 1, hash d81a1df, HEAD~2607
2021-07-04 06:05:22,021 DEBUG                  - depth 2, hash 1eaea0b, HEAD~2610
2021-07-04 06:05:22,025 DEBUG    [single line]   org/apache/commons/math3/exception/util/LocalizedFormats.java <clinit> 260
2021-07-04 06:05:22,267 DEBUG                  - depth 0, hash baf90f0, HEAD~2560
2021-07-04 06:05:22,273 DEBUG                  - depth 1, hash d81a1df, HEAD~2607
2021-07-04 06:05:22,277 DEBUG                  - depth 2, hash 1eaea0b, HEAD~2610
2021-07-04 06:05:22,281 DEBUG    [single line]   org/apache/commons/math3/exception/util/LocalizedFormats.java <clinit> 261
2021-07-04 06:05:22,530 DEBUG                  - depth 0, hash baf90f0, HEAD~2560
2021-07-04 06:05:22,536 DEBUG                  - depth 1, hash d81a1df, HEAD~2607
2021-07-04 06:05:22,540 DEBUG                  - depth 2, hash 1eaea0b, HEAD~2610
2021-07-04 06:05:22,544 DEBUG    [single line]   org/apache/commons/math3/exception/util/LocalizedFormats.java <clinit> 262
2021-07-04 06:05:22,787 DEBUG                  - depth 0, hash baf90f0, HEAD~2560
2021-07-04 06:05:22,793 DEBUG                  - depth 1, hash d81a1df, HEAD~2607
2021-07-04 06:05:22,797 DEBUG                  - depth 2, hash 1eaea0b, HEAD~2610
2021-07-04 06:05:22,801 DEBUG    [single line]   org/apache/commons/math3/exception/util/LocalizedFormats.java <clinit> 263
2021-07-04 06:05:23,044 DEBUG                  - depth 0, hash baf90f0, HEAD~2560
2021-07-04 06:05:23,049 DEBUG                  - depth 1, hash d81a1df, HEAD~2607
2021-07-04 06:05:23,054 DEBUG                  - depth 2, hash 1eaea0b, HEAD~2610
2021-07-04 06:05:23,058 DEBUG    [single line]   org/apache/commons/math3/exception/util/LocalizedFormats.java <clinit> 264
2021-07-04 06:05:23,309 DEBUG                  - depth 0, hash baf90f0, HEAD~2560
2021-07-04 06:05:23,315 DEBUG                  - depth 1, hash d81a1df, HEAD~2607
2021-07-04 06:05:23,319 DEBUG                  - depth 2, hash 1eaea0b, HEAD~2610
2021-07-04 06:05:23,323 DEBUG    [single line]   org/apache/commons/math3/exception/util/LocalizedFormats.java <clinit> 265
2021-07-04 06:05:23,565 DEBUG                  - depth 0, hash baf90f0, HEAD~2560
2021-07-04 06:05:23,571 DEBUG                  - depth 1, hash d81a1df, HEAD~2607
2021-07-04 06:05:23,575 DEBUG                  - depth 2, hash 1eaea0b, HEAD~2610
2021-07-04 06:05:23,580 DEBUG    [single line]   org/apache/commons/math3/exception/util/LocalizedFormats.java <clinit> 266
2021-07-04 06:05:23,822 DEBUG                  - depth 0, hash baf90f0, HEAD~2560
2021-07-04 06:05:23,828 DEBUG                  - depth 1, hash d81a1df, HEAD~2607
2021-07-04 06:05:23,832 DEBUG                  - depth 2, hash 1eaea0b, HEAD~2610
2021-07-04 06:05:23,837 DEBUG    [single line]   org/apache/commons/math3/exception/util/LocalizedFormats.java <clinit> 267
2021-07-04 06:05:24,086 DEBUG                  - depth 0, hash 405e396, HEAD~2598
2021-07-04 06:05:24,092 DEBUG    [single line]   org/apache/commons/math3/exception/util/LocalizedFormats.java <clinit> 268
2021-07-04 06:05:24,345 DEBUG                  - depth 0, hash 405e396, HEAD~2598
2021-07-04 06:05:24,350 DEBUG    [single line]   org/apache/commons/math3/exception/util/LocalizedFormats.java <clinit> 269
2021-07-04 06:05:24,597 DEBUG                  - depth 0, hash 405e396, HEAD~2598
2021-07-04 06:05:24,603 DEBUG    [single line]   org/apache/commons/math3/exception/util/LocalizedFormats.java <clinit> 270
2021-07-04 06:05:24,843 DEBUG                  - depth 0, hash 405e396, HEAD~2598
2021-07-04 06:05:24,849 DEBUG    [single line]   org/apache/commons/math3/exception/util/LocalizedFormats.java <clinit> 271
2021-07-04 06:05:25,091 DEBUG                  - depth 0, hash 1eaea0b, HEAD~2610
2021-07-04 06:05:25,096 DEBUG    [single line]   org/apache/commons/math3/exception/util/LocalizedFormats.java <clinit> 272
2021-07-04 06:05:25,348 DEBUG                  - depth 0, hash 1eaea0b, HEAD~2610
2021-07-04 06:05:25,354 DEBUG    [single line]   org/apache/commons/math3/exception/util/LocalizedFormats.java <clinit> 273
2021-07-04 06:05:25,595 DEBUG                  - depth 0, hash 1eaea0b, HEAD~2610
2021-07-04 06:05:25,601 DEBUG    [single line]   org/apache/commons/math3/exception/util/LocalizedFormats.java <clinit> 274
2021-07-04 06:05:25,843 DEBUG                  - depth 0, hash 1eaea0b, HEAD~2610
2021-07-04 06:05:25,848 DEBUG    [single line]   org/apache/commons/math3/exception/util/LocalizedFormats.java <clinit> 275
2021-07-04 06:05:26,091 DEBUG                  - depth 0, hash 1eaea0b, HEAD~2610
2021-07-04 06:05:26,096 DEBUG    [single line]   org/apache/commons/math3/exception/util/LocalizedFormats.java <clinit> 276
2021-07-04 06:05:26,334 DEBUG                  - depth 0, hash b8d5b88, HEAD~1847
2021-07-04 06:05:26,340 DEBUG    [single line]   org/apache/commons/math3/exception/util/LocalizedFormats.java <clinit> 277
2021-07-04 06:05:26,586 DEBUG                  - depth 0, hash 1eaea0b, HEAD~2610
2021-07-04 06:05:26,592 DEBUG    [single line]   org/apache/commons/math3/exception/util/LocalizedFormats.java <clinit> 278
2021-07-04 06:05:26,835 DEBUG                  - depth 0, hash 1eaea0b, HEAD~2610
2021-07-04 06:05:26,841 DEBUG    [single line]   org/apache/commons/math3/exception/util/LocalizedFormats.java <clinit> 279
2021-07-04 06:05:27,082 DEBUG                  - depth 0, hash 71f799c, HEAD~2493
2021-07-04 06:05:27,087 DEBUG    [single line]   org/apache/commons/math3/exception/util/LocalizedFormats.java <clinit> 280
2021-07-04 06:05:27,329 DEBUG                  - depth 0, hash 1eaea0b, HEAD~2610
2021-07-04 06:05:27,335 DEBUG    [single line]   org/apache/commons/math3/exception/util/LocalizedFormats.java <clinit> 281
2021-07-04 06:05:27,577 DEBUG                  - depth 0, hash 1eaea0b, HEAD~2610
2021-07-04 06:05:27,582 DEBUG    [single line]   org/apache/commons/math3/exception/util/LocalizedFormats.java <clinit> 282
2021-07-04 06:05:27,822 DEBUG                  - depth 0, hash e3aebab, HEAD~2460
2021-07-04 06:05:27,828 DEBUG    [single line]   org/apache/commons/math3/exception/util/LocalizedFormats.java <clinit> 283
2021-07-04 06:05:28,071 DEBUG                  - depth 0, hash 3693e02, HEAD~2602
2021-07-04 06:05:28,077 DEBUG                  - depth 1, hash 1eaea0b, HEAD~2610
2021-07-04 06:05:28,081 DEBUG    [single line]   org/apache/commons/math3/exception/util/LocalizedFormats.java <clinit> 284
2021-07-04 06:05:28,329 DEBUG                  - depth 0, hash 434ed97, HEAD~1500
2021-07-04 06:05:28,334 DEBUG    [single line]   org/apache/commons/math3/exception/util/LocalizedFormats.java <clinit> 285
2021-07-04 06:05:28,571 DEBUG                  - depth 0, hash 434ed97, HEAD~1500
2021-07-04 06:05:28,577 DEBUG    [single line]   org/apache/commons/math3/exception/util/LocalizedFormats.java <clinit> 286
2021-07-04 06:05:28,815 DEBUG                  - depth 0, hash da58a64, HEAD~2030
2021-07-04 06:05:28,821 DEBUG    [single line]   org/apache/commons/math3/exception/util/LocalizedFormats.java <clinit> 287
2021-07-04 06:05:29,068 DEBUG                  - depth 0, hash a95382c, HEAD~1548
2021-07-04 06:05:29,074 DEBUG    [single line]   org/apache/commons/math3/exception/util/LocalizedFormats.java <clinit> 288
2021-07-04 06:05:29,313 DEBUG                  - depth 0, hash 1eaea0b, HEAD~2610
2021-07-04 06:05:29,319 DEBUG    [single line]   org/apache/commons/math3/exception/util/LocalizedFormats.java <clinit> 289
2021-07-04 06:05:29,561 DEBUG                  - depth 0, hash d64c176, HEAD~2571
2021-07-04 06:05:29,567 DEBUG    [single line]   org/apache/commons/math3/exception/util/LocalizedFormats.java <clinit> 290
2021-07-04 06:05:29,808 DEBUG                  - depth 0, hash d64c176, HEAD~2571
2021-07-04 06:05:29,813 DEBUG    [single line]   org/apache/commons/math3/exception/util/LocalizedFormats.java <clinit> 291
2021-07-04 06:05:30,056 DEBUG                  - depth 0, hash 1eaea0b, HEAD~2610
2021-07-04 06:05:30,062 DEBUG    [single line]   org/apache/commons/math3/exception/util/LocalizedFormats.java <clinit> 292
2021-07-04 06:05:30,303 DEBUG                  - depth 0, hash 1eaea0b, HEAD~2610
2021-07-04 06:05:30,308 DEBUG    [single line]   org/apache/commons/math3/exception/util/LocalizedFormats.java <clinit> 293
2021-07-04 06:05:30,549 DEBUG                  - depth 0, hash 40c5b89, HEAD~2596
2021-07-04 06:05:30,555 DEBUG                  - depth 1, hash 1eaea0b, HEAD~2610
2021-07-04 06:05:30,559 DEBUG    [single line]   org/apache/commons/math3/exception/util/LocalizedFormats.java <clinit> 294
2021-07-04 06:05:30,799 DEBUG                  - depth 0, hash 74ff198, HEAD~2401
2021-07-04 06:05:30,804 DEBUG    [single line]   org/apache/commons/math3/exception/util/LocalizedFormats.java <clinit> 295
2021-07-04 06:05:31,051 DEBUG                  - depth 0, hash 1eaea0b, HEAD~2610
2021-07-04 06:05:31,057 DEBUG    [single line]   org/apache/commons/math3/exception/util/LocalizedFormats.java <clinit> 296
2021-07-04 06:05:31,298 DEBUG                  - depth 0, hash d64c176, HEAD~2571
2021-07-04 06:05:31,304 DEBUG    [single line]   org/apache/commons/math3/exception/util/LocalizedFormats.java <clinit> 297
2021-07-04 06:05:31,545 DEBUG                  - depth 0, hash 1eaea0b, HEAD~2610
2021-07-04 06:05:31,551 DEBUG    [single line]   org/apache/commons/math3/exception/util/LocalizedFormats.java <clinit> 298
2021-07-04 06:05:31,792 DEBUG                  - depth 0, hash 1eaea0b, HEAD~2610
2021-07-04 06:05:31,797 DEBUG    [single line]   org/apache/commons/math3/exception/util/LocalizedFormats.java <clinit> 299
2021-07-04 06:05:32,039 DEBUG                  - depth 0, hash d81a1df, HEAD~2607
2021-07-04 06:05:32,045 DEBUG    [single line]   org/apache/commons/math3/exception/util/LocalizedFormats.java <clinit> 300
2021-07-04 06:05:32,285 DEBUG                  - depth 0, hash 1eaea0b, HEAD~2610
2021-07-04 06:05:32,290 DEBUG    [single line]   org/apache/commons/math3/exception/util/LocalizedFormats.java <clinit> 301
2021-07-04 06:05:32,533 DEBUG                  - depth 0, hash 1eaea0b, HEAD~2610
2021-07-04 06:05:32,539 DEBUG    [single line]   org/apache/commons/math3/exception/util/LocalizedFormats.java <clinit> 302
2021-07-04 06:05:32,780 DEBUG                  - depth 0, hash 1eaea0b, HEAD~2610
2021-07-04 06:05:32,785 DEBUG    [single line]   org/apache/commons/math3/exception/util/LocalizedFormats.java <clinit> 303
2021-07-04 06:05:33,025 DEBUG                  - depth 0, hash e3aebab, HEAD~2460
2021-07-04 06:05:33,031 DEBUG    [single line]   org/apache/commons/math3/exception/util/LocalizedFormats.java <clinit> 304
2021-07-04 06:05:33,273 DEBUG                  - depth 0, hash 1eaea0b, HEAD~2610
2021-07-04 06:05:33,279 DEBUG    [single line]   org/apache/commons/math3/exception/util/LocalizedFormats.java <clinit> 305
2021-07-04 06:05:33,519 DEBUG                  - depth 0, hash 40c5b89, HEAD~2596
2021-07-04 06:05:33,525 DEBUG                  - depth 1, hash 1eaea0b, HEAD~2610
2021-07-04 06:05:33,529 DEBUG    [single line]   org/apache/commons/math3/exception/util/LocalizedFormats.java <clinit> 306
2021-07-04 06:05:33,782 DEBUG                  - depth 0, hash 1eaea0b, HEAD~2610
2021-07-04 06:05:33,788 DEBUG    [single line]   org/apache/commons/math3/exception/util/LocalizedFormats.java <clinit> 307
2021-07-04 06:05:34,030 DEBUG                  - depth 0, hash 1eaea0b, HEAD~2610
2021-07-04 06:05:34,035 DEBUG    [single line]   org/apache/commons/math3/exception/util/LocalizedFormats.java <clinit> 308
2021-07-04 06:05:34,276 DEBUG                  - depth 0, hash 1eaea0b, HEAD~2610
2021-07-04 06:05:34,282 DEBUG    [single line]   org/apache/commons/math3/exception/util/LocalizedFormats.java <clinit> 309
2021-07-04 06:05:34,524 DEBUG                  - depth 0, hash d7d514b, HEAD~2440
2021-07-04 06:05:34,530 DEBUG                  - depth 1, hash 1eaea0b, HEAD~2610
2021-07-04 06:05:34,534 DEBUG    [single line]   org/apache/commons/math3/exception/util/LocalizedFormats.java <clinit> 310
2021-07-04 06:05:34,772 DEBUG                  - depth 0, hash cb11fdc, HEAD~1610
2021-07-04 06:05:34,778 DEBUG    [single line]   org/apache/commons/math3/exception/util/LocalizedFormats.java <clinit> 311
2021-07-04 06:05:35,020 DEBUG                  - depth 0, hash 1eaea0b, HEAD~2610
2021-07-04 06:05:35,026 DEBUG    [single line]   org/apache/commons/math3/exception/util/LocalizedFormats.java <clinit> 312
2021-07-04 06:05:35,268 DEBUG                  - depth 0, hash 1eaea0b, HEAD~2610
2021-07-04 06:05:35,274 DEBUG    [single line]   org/apache/commons/math3/exception/util/LocalizedFormats.java <clinit> 313
2021-07-04 06:05:35,512 DEBUG                  - depth 0, hash 947d342, HEAD~1317
2021-07-04 06:05:35,517 DEBUG    [single line]   org/apache/commons/math3/exception/util/LocalizedFormats.java <clinit> 314
2021-07-04 06:05:35,759 DEBUG                  - depth 0, hash 1eaea0b, HEAD~2610
2021-07-04 06:05:35,764 DEBUG    [single line]   org/apache/commons/math3/exception/util/LocalizedFormats.java <clinit> 315
2021-07-04 06:05:36,004 DEBUG                  - depth 0, hash d07d83e, HEAD~1886
2021-07-04 06:05:36,010 DEBUG    [single line]   org/apache/commons/math3/exception/util/LocalizedFormats.java <clinit> 316
2021-07-04 06:05:36,252 DEBUG                  - depth 0, hash 1eaea0b, HEAD~2610
2021-07-04 06:05:36,257 DEBUG    [single line]   org/apache/commons/math3/exception/util/LocalizedFormats.java <clinit> 317
2021-07-04 06:05:36,499 DEBUG                  - depth 0, hash 1eaea0b, HEAD~2610
2021-07-04 06:05:36,504 DEBUG    [single line]   org/apache/commons/math3/exception/util/LocalizedFormats.java <clinit> 318
2021-07-04 06:05:36,745 DEBUG                  - depth 0, hash 1eaea0b, HEAD~2610
2021-07-04 06:05:36,750 DEBUG    [single line]   org/apache/commons/math3/exception/util/LocalizedFormats.java <clinit> 319
2021-07-04 06:05:36,993 DEBUG                  - depth 0, hash 1eaea0b, HEAD~2610
2021-07-04 06:05:36,998 DEBUG    [single line]   org/apache/commons/math3/exception/util/LocalizedFormats.java <clinit> 320
2021-07-04 06:05:37,237 DEBUG                  - depth 0, hash b8d5b88, HEAD~1847
2021-07-04 06:05:37,243 DEBUG    [single line]   org/apache/commons/math3/exception/util/LocalizedFormats.java <clinit> 321
2021-07-04 06:05:37,485 DEBUG                  - depth 0, hash 1eaea0b, HEAD~2610
2021-07-04 06:05:37,491 DEBUG    [single line]   org/apache/commons/math3/exception/util/LocalizedFormats.java <clinit> 322
2021-07-04 06:05:37,732 DEBUG                  - depth 0, hash 1eaea0b, HEAD~2610
2021-07-04 06:05:37,738 DEBUG    [single line]   org/apache/commons/math3/exception/util/LocalizedFormats.java <clinit> 323
2021-07-04 06:05:37,988 DEBUG                  - depth 0, hash 1eaea0b, HEAD~2610
2021-07-04 06:05:37,994 DEBUG    [single line]   org/apache/commons/math3/exception/util/LocalizedFormats.java <clinit> 324
2021-07-04 06:05:38,235 DEBUG                  - depth 0, hash 1eaea0b, HEAD~2610
2021-07-04 06:05:38,240 DEBUG    [single line]   org/apache/commons/math3/exception/util/LocalizedFormats.java <clinit> 325
2021-07-04 06:05:38,482 DEBUG                  - depth 0, hash 1eaea0b, HEAD~2610
2021-07-04 06:05:38,488 DEBUG    [single line]   org/apache/commons/math3/exception/util/LocalizedFormats.java <clinit> 326
2021-07-04 06:05:38,730 DEBUG                  - depth 0, hash 1eaea0b, HEAD~2610
2021-07-04 06:05:38,735 DEBUG    [single line]   org/apache/commons/math3/exception/util/LocalizedFormats.java <clinit> 327
2021-07-04 06:05:38,976 DEBUG                  - depth 0, hash 1eaea0b, HEAD~2610
2021-07-04 06:05:38,982 DEBUG    [single line]   org/apache/commons/math3/exception/util/LocalizedFormats.java <clinit> 328
2021-07-04 06:05:39,225 DEBUG                  - depth 0, hash 1eaea0b, HEAD~2610
2021-07-04 06:05:39,231 DEBUG    [single line]   org/apache/commons/math3/exception/util/LocalizedFormats.java <clinit> 329
2021-07-04 06:05:39,472 DEBUG                  - depth 0, hash 1eaea0b, HEAD~2610
2021-07-04 06:05:39,478 DEBUG    [single line]   org/apache/commons/math3/exception/util/LocalizedFormats.java <clinit> 330
2021-07-04 06:05:39,718 DEBUG                  - depth 0, hash 1eaea0b, HEAD~2610
2021-07-04 06:05:39,724 DEBUG    [single line]   org/apache/commons/math3/exception/util/LocalizedFormats.java <clinit> 331
2021-07-04 06:05:39,972 DEBUG                  - depth 0, hash e87ed62, HEAD~1653
2021-07-04 06:05:39,978 DEBUG    [single line]   org/apache/commons/math3/exception/util/LocalizedFormats.java <clinit> 332
2021-07-04 06:05:40,218 DEBUG                  - depth 0, hash 4aa93e5, HEAD~1649
2021-07-04 06:05:40,224 DEBUG                  - depth 1, hash e87ed62, HEAD~1653
2021-07-04 06:05:40,228 DEBUG    [single line]   org/apache/commons/math3/exception/util/LocalizedFormats.java <clinit> 333
2021-07-04 06:05:40,468 DEBUG                  - depth 0, hash 561c792, HEAD~1623
2021-07-04 06:05:40,473 DEBUG                  - depth 1, hash 24fb136, HEAD~2364
2021-07-04 06:05:40,478 DEBUG    [single line]   org/apache/commons/math3/exception/util/LocalizedFormats.java <clinit> 334
2021-07-04 06:05:40,722 DEBUG                  - depth 0, hash 561c792, HEAD~1623
2021-07-04 06:05:40,728 DEBUG                  - depth 1, hash 24fb136, HEAD~2364
2021-07-04 06:05:40,732 DEBUG    [single line]   org/apache/commons/math3/exception/util/LocalizedFormats.java <clinit> 335
2021-07-04 06:05:40,973 DEBUG                  - depth 0, hash 1eaea0b, HEAD~2610
2021-07-04 06:05:40,979 DEBUG    [single line]   org/apache/commons/math3/exception/util/LocalizedFormats.java <clinit> 336
2021-07-04 06:05:41,221 DEBUG                  - depth 0, hash 1eaea0b, HEAD~2610
2021-07-04 06:05:41,226 DEBUG    [single line]   org/apache/commons/math3/exception/util/LocalizedFormats.java <clinit> 337
2021-07-04 06:05:41,472 DEBUG                  - depth 0, hash 1eaea0b, HEAD~2610
2021-07-04 06:05:41,478 DEBUG    [single line]   org/apache/commons/math3/exception/util/LocalizedFormats.java <clinit> 338
2021-07-04 06:05:41,721 DEBUG                  - depth 0, hash 1eaea0b, HEAD~2610
2021-07-04 06:05:41,726 DEBUG    [single line]   org/apache/commons/math3/exception/util/LocalizedFormats.java <clinit> 339
2021-07-04 06:05:41,968 DEBUG                  - depth 0, hash b848e5c, HEAD~2562
2021-07-04 06:05:41,974 DEBUG                  - depth 1, hash 2dff587, HEAD~2574
2021-07-04 06:05:41,978 DEBUG    [single line]   org/apache/commons/math3/exception/util/LocalizedFormats.java <clinit> 340
2021-07-04 06:05:42,227 DEBUG                  - depth 0, hash 622f5b5, HEAD~2368
2021-07-04 06:05:42,233 DEBUG    [single line]   org/apache/commons/math3/exception/util/LocalizedFormats.java <clinit> 341
2021-07-04 06:05:42,473 DEBUG                  - depth 0, hash 622f5b5, HEAD~2368
2021-07-04 06:05:42,478 DEBUG    [single line]   org/apache/commons/math3/exception/util/LocalizedFormats.java <clinit> 342
2021-07-04 06:05:42,719 DEBUG                  - depth 0, hash fb5172c, HEAD~2422
2021-07-04 06:05:42,724 DEBUG    [single line]   org/apache/commons/math3/exception/util/LocalizedFormats.java <clinit> 343
2021-07-04 06:05:42,966 DEBUG                  - depth 0, hash 1eaea0b, HEAD~2610
2021-07-04 06:05:42,971 DEBUG    [single line]   org/apache/commons/math3/exception/util/LocalizedFormats.java <clinit> 344
2021-07-04 06:05:43,213 DEBUG                  - depth 0, hash 1eaea0b, HEAD~2610
2021-07-04 06:05:43,218 DEBUG    [single line]   org/apache/commons/math3/exception/util/LocalizedFormats.java <clinit> 345
2021-07-04 06:05:43,465 DEBUG                  - depth 0, hash 1eaea0b, HEAD~2610
2021-07-04 06:05:43,471 DEBUG    [single line]   org/apache/commons/math3/exception/util/LocalizedFormats.java <clinit> 346
2021-07-04 06:05:43,713 DEBUG                  - depth 0, hash 1eaea0b, HEAD~2610
2021-07-04 06:05:43,719 DEBUG    [single line]   org/apache/commons/math3/exception/util/LocalizedFormats.java <clinit> 347
2021-07-04 06:05:43,960 DEBUG                  - depth 0, hash d81a1df, HEAD~2607
2021-07-04 06:05:43,965 DEBUG    [single line]   org/apache/commons/math3/exception/util/LocalizedFormats.java <clinit> 348
2021-07-04 06:05:44,208 DEBUG                  - depth 0, hash 1eaea0b, HEAD~2610
2021-07-04 06:05:44,213 DEBUG    [single line]   org/apache/commons/math3/exception/util/LocalizedFormats.java <clinit> 349
2021-07-04 06:05:44,454 DEBUG                  - depth 0, hash 1eaea0b, HEAD~2610
2021-07-04 06:05:44,459 DEBUG    [single line]   org/apache/commons/math3/exception/util/LocalizedFormats.java <clinit> 350
2021-07-04 06:05:44,710 DEBUG                  - depth 0, hash 07d703b, HEAD~2597
2021-07-04 06:05:44,716 DEBUG    [single line]   org/apache/commons/math3/exception/util/LocalizedFormats.java <clinit> 351
2021-07-04 06:05:44,968 DEBUG                  - depth 0, hash 996dd99, HEAD~791
2021-07-04 06:05:44,973 DEBUG                  - depth 1, hash 1eaea0b, HEAD~2610
2021-07-04 06:05:44,978 DEBUG    [single line]   org/apache/commons/math3/exception/util/LocalizedFormats.java <clinit> 352
2021-07-04 06:05:45,220 DEBUG                  - depth 0, hash 1eaea0b, HEAD~2610
2021-07-04 06:05:45,225 DEBUG    [single line]   org/apache/commons/math3/exception/util/LocalizedFormats.java <clinit> 353
2021-07-04 06:05:45,467 DEBUG                  - depth 0, hash 1eaea0b, HEAD~2610
2021-07-04 06:05:45,473 DEBUG    [single line]   org/apache/commons/math3/exception/util/LocalizedFormats.java <clinit> 354
2021-07-04 06:05:45,715 DEBUG                  - depth 0, hash 1eaea0b, HEAD~2610
2021-07-04 06:05:45,721 DEBUG    [single line]   org/apache/commons/math3/exception/util/LocalizedFormats.java <clinit> 355
2021-07-04 06:05:45,962 DEBUG                  - depth 0, hash 1eaea0b, HEAD~2610
2021-07-04 06:05:45,968 DEBUG    [single line]   org/apache/commons/math3/exception/util/LocalizedFormats.java <clinit> 356
2021-07-04 06:05:46,211 DEBUG                  - depth 0, hash e38ef22, HEAD~2580
2021-07-04 06:05:46,217 DEBUG                  - depth 1, hash 1eaea0b, HEAD~2610
2021-07-04 06:05:46,221 DEBUG    [single line]   org/apache/commons/math3/exception/util/LocalizedFormats.java <clinit> 357
2021-07-04 06:05:46,464 DEBUG                  - depth 0, hash e38ef22, HEAD~2580
2021-07-04 06:05:46,470 DEBUG                  - depth 1, hash 1eaea0b, HEAD~2610
2021-07-04 06:05:46,474 DEBUG    [line range] org/apache/commons/math3/exception/util/LocalizedFormats.java <init> 370:372
2021-07-04 06:05:46,714 DEBUG                  - depth 0, hash 1eaea0b, HEAD~2610
2021-07-04 06:05:46,720 DEBUG    [line range] org/apache/commons/math3/exception/util/LocalizedFormats.java getLocalizedString 380:398
2021-07-04 06:05:46,963 DEBUG                  - depth 0, hash e4d49aa, HEAD~415
2021-07-04 06:05:46,969 DEBUG                  - depth 1, hash f5eaefb, HEAD~1232
2021-07-04 06:05:46,973 DEBUG                  - depth 2, hash 1eaea0b, HEAD~2610
2021-07-04 06:05:47,366 DEBUG    [line range] org/apache/commons/math3/fraction/Fraction.java <clinit> 42:42
2021-07-04 06:05:47,610 DEBUG                  - depth 0, hash 0646ef7, HEAD~3357
2021-07-04 06:05:47,616 DEBUG    [line range] org/apache/commons/math3/fraction/Fraction.java <init> 175:238
2021-07-04 06:05:47,860 DEBUG                  - depth 0, hash 1566dd3, HEAD~856
2021-07-04 06:05:47,866 DEBUG                  - depth 1, hash 80b1e90, HEAD~2545
2021-07-04 06:05:47,870 DEBUG                  - depth 2, hash 26dac5a, HEAD~2885
2021-07-04 06:05:47,874 DEBUG                  - depth 3, hash 0646ef7, HEAD~3357
2021-07-04 06:05:47,878 DEBUG                  - depth 4, hash c7b489f, HEAD~3749
2021-07-04 06:05:47,883 DEBUG                  - depth 5, hash 5d0d586, HEAD~3754
2021-07-04 06:05:47,887 DEBUG                  - depth 6, hash 0b59d70, HEAD~3756
2021-07-04 06:05:47,891 DEBUG                  - depth 7, hash 654e874, HEAD~4007
2021-07-04 06:05:47,896 DEBUG                  - depth 8, hash 05f7f60, HEAD~4016
2021-07-04 06:05:47,900 DEBUG                  - depth 9, hash 6ef3b29, HEAD~4073
2021-07-04 06:05:47,904 DEBUG                  - depth 10, hash 12bc799, HEAD~4130
2021-07-04 06:05:47,908 DEBUG                  - depth 11, hash b64000a, HEAD~4151
2021-07-04 06:05:47,913 DEBUG                  - depth 12, hash 20786a6, HEAD~4157
2021-07-04 06:05:47,917 DEBUG                  - depth 13, hash 65b65f8, HEAD~4170
2021-07-04 06:05:47,921 DEBUG                  - depth 14, hash 41598b0, HEAD~4174
2021-07-04 06:05:47,927 DEBUG    [line range] org/apache/commons/math3/fraction/Fraction.java <init> 138:142
2021-07-04 06:05:48,171 DEBUG                  - depth 0, hash afcb345, HEAD~3753
2021-07-04 06:05:48,177 DEBUG                  - depth 1, hash 0b59d70, HEAD~3756
2021-07-04 06:05:48,181 DEBUG    [line range] org/apache/commons/math3/fraction/Fraction.java <init> 256:284
2021-07-04 06:05:48,442 DEBUG                  - depth 0, hash 87e0de0, HEAD~1566
2021-07-04 06:05:48,447 DEBUG                  - depth 1, hash cec984b, HEAD~1569
2021-07-04 06:05:48,452 DEBUG                  - depth 2, hash 622f5b5, HEAD~2368
2021-07-04 06:05:48,456 DEBUG                  - depth 3, hash 1eaea0b, HEAD~2610
2021-07-04 06:05:48,460 DEBUG                  - depth 4, hash bd345d9, HEAD~2827
2021-07-04 06:05:48,464 DEBUG                  - depth 5, hash 26dac5a, HEAD~2885
2021-07-04 06:05:48,469 DEBUG                  - depth 6, hash 0b5d49d, HEAD~3283
2021-07-04 06:05:48,473 DEBUG                  - depth 7, hash 7f88773, HEAD~3329
2021-07-04 06:05:48,477 DEBUG                  - depth 8, hash f5bd08d, HEAD~3499
2021-07-04 06:05:48,482 DEBUG                  - depth 9, hash 4bab561, HEAD~3699
2021-07-04 06:05:48,486 DEBUG                  - depth 10, hash 654e874, HEAD~4007
2021-07-04 06:05:48,490 DEBUG                  - depth 11, hash 05f7f60, HEAD~4016
2021-07-04 06:05:48,495 DEBUG                  - depth 12, hash 6ef3b29, HEAD~4073
2021-07-04 06:05:48,499 DEBUG                  - depth 13, hash 12bc799, HEAD~4130
2021-07-04 06:05:48,503 DEBUG                  - depth 14, hash b64000a, HEAD~4151
2021-07-04 06:05:48,508 DEBUG                  - depth 15, hash 20786a6, HEAD~4157
2021-07-04 06:05:48,512 DEBUG                  - depth 16, hash 65b65f8, HEAD~4170
2021-07-04 06:05:48,517 DEBUG                  - depth 17, hash 41598b0, HEAD~4174
2021-07-04 06:05:48,521 DEBUG    [line range] org/apache/commons/math3/fraction/Fraction.java getDenominator 360:362
2021-07-04 06:05:48,777 DEBUG                  - depth 0, hash 654e874, HEAD~4007
2021-07-04 06:05:48,782 DEBUG                  - depth 1, hash 05f7f60, HEAD~4016
2021-07-04 06:05:48,787 DEBUG                  - depth 2, hash 6ef3b29, HEAD~4073
2021-07-04 06:05:48,791 DEBUG                  - depth 3, hash 12bc799, HEAD~4130
2021-07-04 06:05:48,795 DEBUG                  - depth 4, hash b64000a, HEAD~4151
2021-07-04 06:05:48,800 DEBUG                  - depth 5, hash 20786a6, HEAD~4157
2021-07-04 06:05:48,804 DEBUG                  - depth 6, hash 65b65f8, HEAD~4170
2021-07-04 06:05:48,808 DEBUG                  - depth 7, hash 41598b0, HEAD~4174
2021-07-04 06:05:48,813 DEBUG    [line range] org/apache/commons/math3/fraction/Fraction.java getNumerator 368:370
2021-07-04 06:05:49,056 DEBUG                  - depth 0, hash 654e874, HEAD~4007
2021-07-04 06:05:49,062 DEBUG                  - depth 1, hash 05f7f60, HEAD~4016
2021-07-04 06:05:49,066 DEBUG                  - depth 2, hash 6ef3b29, HEAD~4073
2021-07-04 06:05:49,071 DEBUG                  - depth 3, hash 12bc799, HEAD~4130
2021-07-04 06:05:49,075 DEBUG                  - depth 4, hash b64000a, HEAD~4151
2021-07-04 06:05:49,079 DEBUG                  - depth 5, hash 20786a6, HEAD~4157
2021-07-04 06:05:49,084 DEBUG                  - depth 6, hash 65b65f8, HEAD~4170
2021-07-04 06:05:49,088 DEBUG                  - depth 7, hash 41598b0, HEAD~4174
2021-07-04 06:05:49,404 DEBUG    [line range] org/apache/commons/math3/fraction/FractionConversionException.java <init> 52:54
2021-07-04 06:05:49,638 DEBUG                  - depth 0, hash 1eaea0b, HEAD~2610
2021-07-04 06:05:49,643 DEBUG                  - depth 1, hash 7f88773, HEAD~3329
2021-07-04 06:05:49,648 DEBUG                  - depth 2, hash fd0f875, HEAD~3615
2021-07-04 06:05:49,652 DEBUG                  - depth 3, hash c7b489f, HEAD~3749
2021-07-04 06:05:50,064 DEBUG    [line range] org/apache/commons/math3/util/ArithmeticUtils.java gcd 250:307
2021-07-04 06:05:50,302 DEBUG                  - depth 0, hash 4662531, HEAD~739
2021-07-04 06:05:50,308 DEBUG                  - depth 1, hash cec984b, HEAD~1569
2021-07-04 06:05:50,312 DEBUG    [line range] org/apache/commons/math3/util/ArithmeticUtils.java gcdPositive 329:362
2021-07-04 06:05:50,549 DEBUG                  - depth 0, hash 4662531, HEAD~739
2021-07-04 06:05:50,555 DEBUG                  - depth 1, hash cec984b, HEAD~1569
2021-07-04 06:05:51,253 DEBUG    [line range] org/apache/commons/math3/util/FastMath.java <clinit> 97:97
2021-07-04 06:05:51,472 DEBUG                  - depth 0, hash 4bc3f63, HEAD~452
2021-07-04 06:05:51,478 DEBUG    [line range] org/apache/commons/math3/util/FastMath.java abs 3023:3025
2021-07-04 06:05:51,755 DEBUG                  - depth 0, hash 1306141, HEAD~225
2021-07-04 06:05:51,761 DEBUG                  - depth 1, hash 6ba5a58, HEAD~228
2021-07-04 06:05:51,765 DEBUG                  - depth 2, hash 2225f34, HEAD~230
2021-07-04 06:05:51,769 DEBUG                  - depth 3, hash 26208c1, HEAD~2298
2021-07-04 06:05:51,774 DEBUG                  - depth 4, hash 80b1e90, HEAD~2545
2021-07-04 06:05:51,778 DEBUG    [line range] org/apache/commons/math3/util/FastMath.java abs 2990:2993
2021-07-04 06:05:52,055 DEBUG                  - depth 0, hash 2225f34, HEAD~230
2021-07-04 06:05:52,060 DEBUG                  - depth 1, hash 80b1e90, HEAD~2545
2021-07-04 06:05:52,065 DEBUG    [line range] org/apache/commons/math3/util/FastMath.java abs 3000:3007
2021-07-04 06:05:52,341 DEBUG                  - depth 0, hash 2225f34, HEAD~230
2021-07-04 06:05:52,347 DEBUG                  - depth 1, hash 80b1e90, HEAD~2545
2021-07-04 06:05:52,351 DEBUG    [line range] org/apache/commons/math3/util/FastMath.java floor 3335:3356
2021-07-04 06:05:52,627 DEBUG                  - depth 0, hash 34b6782, HEAD~2216
2021-07-04 06:05:52,633 DEBUG                  - depth 1, hash dc5fdf7, HEAD~2281
2021-07-04 06:05:52,637 DEBUG                  - depth 2, hash 90279e8, HEAD~2532
2021-07-04 06:05:52,641 DEBUG                  - depth 3, hash 80b1e90, HEAD~2545
2021-07-04 06:05:53,054 DEBUG    [line range] org/apache/commons/math3/fraction/BigFraction.java <clinit> 45:45
2021-07-04 06:05:53,288 DEBUG                  - depth 0, hash 0b5d49d, HEAD~3283
2021-07-04 06:05:53,295 DEBUG    [line range] org/apache/commons/math3/fraction/BigFraction.java <init> 269:333
2021-07-04 06:05:53,527 DEBUG                  - depth 0, hash 80b1e90, HEAD~2545
2021-07-04 06:05:53,533 DEBUG                  - depth 1, hash fdcad35, HEAD~3291
2021-07-04 06:05:53,538 DEBUG    [line range] org/apache/commons/math3/fraction/BigFraction.java <init> 352:355
2021-07-04 06:05:53,771 DEBUG                  - depth 0, hash fdcad35, HEAD~3291
2021-07-04 06:05:53,776 DEBUG    [line range] org/apache/commons/math3/fraction/BigFraction.java <init> 366:368
2021-07-04 06:05:54,010 DEBUG                  - depth 0, hash fdcad35, HEAD~3291
2021-07-04 06:05:54,015 DEBUG    [line range] org/apache/commons/math3/fraction/BigFraction.java <init> 381:383
2021-07-04 06:05:54,248 DEBUG                  - depth 0, hash fdcad35, HEAD~3291
2021-07-04 06:05:54,254 DEBUG    [line range] org/apache/commons/math3/fraction/BigFraction.java <init> 120:149
2021-07-04 06:05:54,487 DEBUG                  - depth 0, hash 561c792, HEAD~1623
2021-07-04 06:05:54,492 DEBUG                  - depth 1, hash baf90f0, HEAD~2560
2021-07-04 06:05:54,497 DEBUG                  - depth 2, hash b848e5c, HEAD~2562
2021-07-04 06:05:54,501 DEBUG                  - depth 3, hash 1eaea0b, HEAD~2610
2021-07-04 06:05:54,506 DEBUG                  - depth 4, hash bd345d9, HEAD~2827
2021-07-04 06:05:54,510 DEBUG                  - depth 5, hash fdcad35, HEAD~3291
2021-07-04 06:05:54,515 DEBUG    [line range] org/apache/commons/math3/fraction/BigFraction.java getDenominatorAsInt 765:767
2021-07-04 06:05:54,748 DEBUG                  - depth 0, hash fdcad35, HEAD~3291
2021-07-04 06:05:54,754 DEBUG    [line range] org/apache/commons/math3/fraction/BigFraction.java getNumeratorAsInt 798:800
2021-07-04 06:05:54,987 DEBUG                  - depth 0, hash fdcad35, HEAD~3291
2021-07-04 06:05:55,316 DEBUG    [line range] org/apache/commons/math3/util/MathUtils.java checkNotNull 247:254
2021-07-04 06:05:55,568 DEBUG                  - depth 0, hash 4fdc478, HEAD~736
2021-07-04 06:05:55,574 DEBUG                  - depth 1, hash 82ff5d1, HEAD~2139
2021-07-04 06:05:55,578 INFO     The number of BIC candidates: 105
