2021-07-04 06:21:10,239 INFO     Search BICs for /tmp/Math-7b/
2021-07-04 06:21:10,239 DEBUG    Reading the coverage of org.apache.commons.math3.ode.nonstiff.DormandPrince853IntegratorTest::testEventsScheduling (failings)
2021-07-04 06:21:10,291 INFO     Loaded 1x985 Coverage Matrix
2021-07-04 06:21:10,292 INFO     The number of total commits: 4624
2021-07-04 06:21:10,571 DEBUG    [line range] org/apache/commons/math3/analysis/solvers/AbstractUnivariateSolver.java <init> 36:38
2021-07-04 06:21:10,787 DEBUG                  - depth 0, hash 09fd185, HEAD~1065
2021-07-04 06:21:10,792 DEBUG                  - depth 1, hash 74ff198, HEAD~2148
2021-07-04 06:21:11,055 DEBUG    [single line]   org/apache/commons/math3/analysis/solvers/AllowedSolution.java <clinit> 41
2021-07-04 06:21:11,273 DEBUG                  - depth 0, hash 5a3c5f2, HEAD~1611
2021-07-04 06:21:11,278 DEBUG                  - depth 1, hash ed5fdf6, HEAD~1721
2021-07-04 06:21:11,283 DEBUG    [single line]   org/apache/commons/math3/analysis/solvers/AllowedSolution.java <clinit> 48
2021-07-04 06:21:11,507 DEBUG                  - depth 0, hash 4ba1b2b, HEAD~1692
2021-07-04 06:21:11,513 DEBUG                  - depth 1, hash ed5fdf6, HEAD~1721
2021-07-04 06:21:11,517 DEBUG    [single line]   org/apache/commons/math3/analysis/solvers/AllowedSolution.java <clinit> 55
2021-07-04 06:21:11,736 DEBUG                  - depth 0, hash ed5fdf6, HEAD~1721
2021-07-04 06:21:11,741 DEBUG    [single line]   org/apache/commons/math3/analysis/solvers/AllowedSolution.java <clinit> 62
2021-07-04 06:21:11,959 DEBUG                  - depth 0, hash cfcd4cf, HEAD~1697
2021-07-04 06:21:11,964 DEBUG                  - depth 1, hash ed5fdf6, HEAD~1721
2021-07-04 06:21:11,969 DEBUG    [single line]   org/apache/commons/math3/analysis/solvers/AllowedSolution.java <clinit> 68
2021-07-04 06:21:12,195 DEBUG                  - depth 0, hash cfcd4cf, HEAD~1697
2021-07-04 06:21:12,200 DEBUG                  - depth 1, hash ed5fdf6, HEAD~1721
2021-07-04 06:21:12,204 DEBUG    [single line]   org/apache/commons/math3/analysis/solvers/AllowedSolution.java <clinit> 74
2021-07-04 06:21:12,423 DEBUG                  - depth 0, hash cfcd4cf, HEAD~1697
2021-07-04 06:21:12,428 DEBUG                  - depth 1, hash ed5fdf6, HEAD~1721
2021-07-04 06:21:12,769 DEBUG    [line range] org/apache/commons/math3/analysis/solvers/BaseAbstractUnivariateSolver.java <init> 66:70
2021-07-04 06:21:13,003 DEBUG                  - depth 0, hash 09fd185, HEAD~1065
2021-07-04 06:21:13,009 DEBUG                  - depth 1, hash 74ff198, HEAD~2148
2021-07-04 06:21:13,013 DEBUG    [line range] org/apache/commons/math3/analysis/solvers/BaseAbstractUnivariateSolver.java <init> 51:51
2021-07-04 06:21:13,246 DEBUG                  - depth 0, hash 74ff198, HEAD~2148
2021-07-04 06:21:13,252 DEBUG    [line range] org/apache/commons/math3/analysis/solvers/BaseAbstractUnivariateSolver.java computeObjectiveValue 153:157
2021-07-04 06:21:13,495 DEBUG                  - depth 0, hash 610666e, HEAD~1623
2021-07-04 06:21:13,501 DEBUG                  - depth 1, hash 74ff198, HEAD~2148
2021-07-04 06:21:13,505 DEBUG    [line range] org/apache/commons/math3/analysis/solvers/BaseAbstractUnivariateSolver.java getAbsoluteAccuracy 129:131
2021-07-04 06:21:13,748 DEBUG                  - depth 0, hash 74ff198, HEAD~2148
2021-07-04 06:21:13,754 DEBUG    [line range] org/apache/commons/math3/analysis/solvers/BaseAbstractUnivariateSolver.java getFunctionValueAccuracy 141:143
2021-07-04 06:21:14,008 DEBUG                  - depth 0, hash 74ff198, HEAD~2148
2021-07-04 06:21:14,014 DEBUG    [line range] org/apache/commons/math3/analysis/solvers/BaseAbstractUnivariateSolver.java getMax 117:119
2021-07-04 06:21:14,258 DEBUG                  - depth 0, hash 74ff198, HEAD~2148
2021-07-04 06:21:14,263 DEBUG    [line range] org/apache/commons/math3/analysis/solvers/BaseAbstractUnivariateSolver.java getMin 111:113
2021-07-04 06:21:14,506 DEBUG                  - depth 0, hash 74ff198, HEAD~2148
2021-07-04 06:21:14,512 DEBUG    [line range] org/apache/commons/math3/analysis/solvers/BaseAbstractUnivariateSolver.java getRelativeAccuracy 135:137
2021-07-04 06:21:14,755 DEBUG                  - depth 0, hash 74ff198, HEAD~2148
2021-07-04 06:21:14,760 DEBUG    [line range] org/apache/commons/math3/analysis/solvers/BaseAbstractUnivariateSolver.java getStartValue 123:125
2021-07-04 06:21:14,995 DEBUG                  - depth 0, hash 74ff198, HEAD~2148
2021-07-04 06:21:15,000 DEBUG    [line range] org/apache/commons/math3/analysis/solvers/BaseAbstractUnivariateSolver.java incrementEvaluationCount 307:314
2021-07-04 06:21:15,235 DEBUG                  - depth 0, hash 2e4cf96, HEAD~498
2021-07-04 06:21:15,240 DEBUG                  - depth 1, hash 74ff198, HEAD~2148
2021-07-04 06:21:15,244 DEBUG    [line range] org/apache/commons/math3/analysis/solvers/BaseAbstractUnivariateSolver.java setup 171:186
2021-07-04 06:21:15,484 DEBUG                  - depth 0, hash 5793cad, HEAD~22
2021-07-04 06:21:15,489 DEBUG                  - depth 1, hash fc55e29, HEAD~1695
2021-07-04 06:21:15,493 DEBUG                  - depth 2, hash 6cca072, HEAD~2131
2021-07-04 06:21:15,498 DEBUG                  - depth 3, hash 74ff198, HEAD~2148
2021-07-04 06:21:15,502 DEBUG    [line range] org/apache/commons/math3/analysis/solvers/BaseAbstractUnivariateSolver.java solve 200:202
2021-07-04 06:21:15,745 DEBUG                  - depth 0, hash 6cca072, HEAD~2131
2021-07-04 06:21:15,750 DEBUG                  - depth 1, hash 74ff198, HEAD~2148
2021-07-04 06:21:15,754 DEBUG    [line range] org/apache/commons/math3/analysis/solvers/BaseAbstractUnivariateSolver.java solve 189:197
2021-07-04 06:21:15,989 DEBUG                  - depth 0, hash 2e4cf96, HEAD~498
2021-07-04 06:21:15,994 DEBUG                  - depth 1, hash 6cca072, HEAD~2131
2021-07-04 06:21:15,998 DEBUG                  - depth 2, hash 74ff198, HEAD~2148
2021-07-04 06:21:16,002 DEBUG    [line range] org/apache/commons/math3/analysis/solvers/BaseAbstractUnivariateSolver.java verifySequence 273:278
2021-07-04 06:21:16,245 DEBUG                  - depth 0, hash 2e4cf96, HEAD~498
2021-07-04 06:21:16,251 DEBUG                  - depth 1, hash 09fd185, HEAD~1065
2021-07-04 06:21:16,255 DEBUG                  - depth 2, hash 74ff198, HEAD~2148
2021-07-04 06:21:16,617 DEBUG    [line range] org/apache/commons/math3/analysis/solvers/BracketingNthOrderBrentSolver.java <init> 81:90
2021-07-04 06:21:16,848 DEBUG                  - depth 0, hash 5a3c5f2, HEAD~1611
2021-07-04 06:21:16,854 DEBUG                  - depth 1, hash 017f764, HEAD~1622
2021-07-04 06:21:16,858 DEBUG    [line range] org/apache/commons/math3/analysis/solvers/BracketingNthOrderBrentSolver.java doSolve 144:355
2021-07-04 06:21:17,089 DEBUG                  - depth 0, hash 2e4cf96, HEAD~498
2021-07-04 06:21:17,095 DEBUG                  - depth 1, hash c8becc7, HEAD~1150
2021-07-04 06:21:17,099 DEBUG                  - depth 2, hash b59e974, HEAD~1320
2021-07-04 06:21:17,103 DEBUG                  - depth 3, hash 017f764, HEAD~1622
2021-07-04 06:21:17,108 DEBUG    [line range] org/apache/commons/math3/analysis/solvers/BracketingNthOrderBrentSolver.java guessX 371:390
2021-07-04 06:21:17,349 DEBUG                  - depth 0, hash 017f764, HEAD~1622
2021-07-04 06:21:17,354 DEBUG    [line range] org/apache/commons/math3/analysis/solvers/BracketingNthOrderBrentSolver.java solve 393:400
2021-07-04 06:21:17,595 DEBUG                  - depth 0, hash 2e4cf96, HEAD~498
2021-07-04 06:21:17,600 DEBUG                  - depth 1, hash beb4b5e, HEAD~1179
2021-07-04 06:21:17,604 DEBUG                  - depth 2, hash 5a3c5f2, HEAD~1611
2021-07-04 06:21:17,609 DEBUG                  - depth 3, hash 017f764, HEAD~1622
2021-07-04 06:21:17,613 DEBUG    [line range] org/apache/commons/math3/analysis/solvers/BracketingNthOrderBrentSolver.java <clinit> 144:355
2021-07-04 06:21:17,843 DEBUG                  - depth 0, hash 2e4cf96, HEAD~498
2021-07-04 06:21:17,849 DEBUG                  - depth 1, hash c8becc7, HEAD~1150
2021-07-04 06:21:17,853 DEBUG                  - depth 2, hash b59e974, HEAD~1320
2021-07-04 06:21:17,857 DEBUG                  - depth 3, hash 017f764, HEAD~1622
2021-07-04 06:21:18,212 DEBUG    [line range] org/apache/commons/math3/analysis/solvers/UnivariateSolverUtils.java verifyInterval 350:357
2021-07-04 06:21:18,443 DEBUG                  - depth 0, hash 2e4cf96, HEAD~498
2021-07-04 06:21:18,448 DEBUG                  - depth 1, hash 74ff198, HEAD~2148
2021-07-04 06:21:18,452 DEBUG    [line range] org/apache/commons/math3/analysis/solvers/UnivariateSolverUtils.java verifySequence 368:374
2021-07-04 06:21:18,696 DEBUG                  - depth 0, hash 2e4cf96, HEAD~498
2021-07-04 06:21:18,701 DEBUG                  - depth 1, hash 74ff198, HEAD~2148
2021-07-04 06:21:19,053 DEBUG    [line range] org/apache/commons/math3/ode/AbstractIntegrator.java <init> 84:94
2021-07-04 06:21:19,298 DEBUG                  - depth 0, hash ba6f308, HEAD~1177
2021-07-04 06:21:19,303 DEBUG                  - depth 1, hash 19ffb8a, HEAD~1497
2021-07-04 06:21:19,307 DEBUG                  - depth 2, hash 5bfbf61, HEAD~2038
2021-07-04 06:21:19,311 DEBUG                  - depth 3, hash b2d25e0, HEAD~2837
2021-07-04 06:21:19,315 DEBUG                  - depth 4, hash 72e8eb5, HEAD~3340
2021-07-04 06:21:19,319 DEBUG                  - depth 5, hash b6a0d05, HEAD~3348
2021-07-04 06:21:19,324 DEBUG    [line range] org/apache/commons/math3/ode/AbstractIntegrator.java acceptStep 296:401
2021-07-04 06:21:19,557 DEBUG                  - depth 0, hash 9a128a1, HEAD~493
2021-07-04 06:21:19,563 DEBUG                  - depth 1, hash 73d32c1, HEAD~1225
2021-07-04 06:21:19,567 DEBUG                  - depth 2, hash 53c8cec, HEAD~1284
2021-07-04 06:21:19,571 DEBUG                  - depth 3, hash b59e974, HEAD~1320
2021-07-04 06:21:19,575 DEBUG                  - depth 4, hash 8581b76, HEAD~1521
2021-07-04 06:21:19,579 DEBUG                  - depth 5, hash 39ce9a1, HEAD~1939
2021-07-04 06:21:19,583 DEBUG                  - depth 6, hash 6d0cca3, HEAD~1940
2021-07-04 06:21:19,587 DEBUG                  - depth 7, hash d03df85, HEAD~2037
2021-07-04 06:21:19,591 DEBUG                  - depth 8, hash 5bfbf61, HEAD~2038
2021-07-04 06:21:19,596 DEBUG    [line range] org/apache/commons/math3/ode/AbstractIntegrator.java addEventHandler 123:130
2021-07-04 06:21:19,840 DEBUG                  - depth 0, hash c422db8, HEAD~467
2021-07-04 06:21:19,845 DEBUG                  - depth 1, hash 9a128a1, HEAD~493
2021-07-04 06:21:19,849 DEBUG                  - depth 2, hash 7492b02, HEAD~1619
2021-07-04 06:21:19,853 DEBUG                  - depth 3, hash da16f1a, HEAD~1739
2021-07-04 06:21:19,858 DEBUG                  - depth 4, hash 5bfbf61, HEAD~2038
2021-07-04 06:21:19,862 DEBUG                  - depth 5, hash b6a0d05, HEAD~3348
2021-07-04 06:21:19,866 DEBUG    [line range] org/apache/commons/math3/ode/AbstractIntegrator.java addEventHandler 133:140
2021-07-04 06:21:20,109 DEBUG                  - depth 0, hash 09fd185, HEAD~1065
2021-07-04 06:21:20,115 DEBUG                  - depth 1, hash da16f1a, HEAD~1739
2021-07-04 06:21:20,119 DEBUG                  - depth 2, hash 5bfbf61, HEAD~2038
2021-07-04 06:21:20,123 DEBUG                  - depth 3, hash b6a0d05, HEAD~3348
2021-07-04 06:21:20,127 DEBUG    [line range] org/apache/commons/math3/ode/AbstractIntegrator.java addStepHandler 108:110
2021-07-04 06:21:20,373 DEBUG                  - depth 0, hash 72e8eb5, HEAD~3340
2021-07-04 06:21:20,378 DEBUG                  - depth 1, hash b6a0d05, HEAD~3348
2021-07-04 06:21:20,383 DEBUG    [line range] org/apache/commons/math3/ode/AbstractIntegrator.java computeDerivatives 266:270
2021-07-04 06:21:20,622 DEBUG                  - depth 0, hash 9a128a1, HEAD~493
2021-07-04 06:21:20,627 DEBUG                  - depth 1, hash 2119976, HEAD~1361
2021-07-04 06:21:20,631 DEBUG                  - depth 2, hash 19ffb8a, HEAD~1497
2021-07-04 06:21:20,635 DEBUG                  - depth 3, hash 8302dd0, HEAD~2156
2021-07-04 06:21:20,639 DEBUG                  - depth 4, hash b2d25e0, HEAD~2837
2021-07-04 06:21:20,644 DEBUG    [line range] org/apache/commons/math3/ode/AbstractIntegrator.java initIntegration 186:200
2021-07-04 06:21:20,892 DEBUG                  - depth 0, hash ba6f308, HEAD~1177
2021-07-04 06:21:20,897 DEBUG                  - depth 1, hash 19ffb8a, HEAD~1497
2021-07-04 06:21:20,901 DEBUG                  - depth 2, hash b2d25e0, HEAD~2837
2021-07-04 06:21:20,906 DEBUG    [line range] org/apache/commons/math3/ode/AbstractIntegrator.java integrate 210:234
2021-07-04 06:21:21,146 DEBUG                  - depth 0, hash 9a128a1, HEAD~493
2021-07-04 06:21:21,152 DEBUG                  - depth 1, hash 47c98b3, HEAD~1352
2021-07-04 06:21:21,156 DEBUG                  - depth 2, hash 2119976, HEAD~1361
2021-07-04 06:21:21,160 DEBUG                  - depth 3, hash 4aa93e5, HEAD~1396
2021-07-04 06:21:21,164 DEBUG                  - depth 4, hash e87ed62, HEAD~1400
2021-07-04 06:21:21,168 DEBUG    [line range] org/apache/commons/math3/ode/AbstractIntegrator.java sanityChecks 410:421
2021-07-04 06:21:21,413 DEBUG                  - depth 0, hash 9a128a1, HEAD~493
2021-07-04 06:21:21,418 DEBUG                  - depth 1, hash 4aa93e5, HEAD~1396
2021-07-04 06:21:21,423 DEBUG                  - depth 2, hash e87ed62, HEAD~1400
2021-07-04 06:21:21,427 DEBUG                  - depth 3, hash 8581b76, HEAD~1521
2021-07-04 06:21:21,431 DEBUG                  - depth 4, hash 80b1e90, HEAD~2292
2021-07-04 06:21:21,435 DEBUG                  - depth 5, hash 1eaea0b, HEAD~2357
2021-07-04 06:21:21,439 DEBUG                  - depth 6, hash d6beaea, HEAD~2636
2021-07-04 06:21:21,443 DEBUG                  - depth 7, hash 7f88773, HEAD~3076
2021-07-04 06:21:21,447 DEBUG                  - depth 8, hash 97e5598, HEAD~3345
2021-07-04 06:21:21,452 DEBUG    [line range] org/apache/commons/math3/ode/AbstractIntegrator.java setEquations 205:207
2021-07-04 06:21:21,691 DEBUG                  - depth 0, hash 2119976, HEAD~1361
2021-07-04 06:21:21,696 DEBUG                  - depth 1, hash 4aa93e5, HEAD~1396
2021-07-04 06:21:21,701 DEBUG                  - depth 2, hash e87ed62, HEAD~1400
2021-07-04 06:21:21,705 DEBUG                  - depth 3, hash b2d25e0, HEAD~2837
2021-07-04 06:21:21,709 DEBUG    [line range] org/apache/commons/math3/ode/AbstractIntegrator.java setMaxEvaluations 167:169
2021-07-04 06:21:21,952 DEBUG                  - depth 0, hash 19ffb8a, HEAD~1497
2021-07-04 06:21:21,958 DEBUG                  - depth 1, hash b2d25e0, HEAD~2837
2021-07-04 06:21:21,962 DEBUG    [line range] org/apache/commons/math3/ode/AbstractIntegrator.java setStateInitialized 279:281
2021-07-04 06:21:22,205 DEBUG                  - depth 0, hash 6d0cca3, HEAD~1940
2021-07-04 06:21:22,210 DEBUG    [line range] org/apache/commons/math3/ode/AbstractIntegrator.java compare 296:401
2021-07-04 06:21:22,443 DEBUG                  - depth 0, hash 9a128a1, HEAD~493
2021-07-04 06:21:22,448 DEBUG                  - depth 1, hash 73d32c1, HEAD~1225
2021-07-04 06:21:22,452 DEBUG                  - depth 2, hash 53c8cec, HEAD~1284
2021-07-04 06:21:22,456 DEBUG                  - depth 3, hash b59e974, HEAD~1320
2021-07-04 06:21:22,461 DEBUG                  - depth 4, hash 8581b76, HEAD~1521
2021-07-04 06:21:22,465 DEBUG                  - depth 5, hash 39ce9a1, HEAD~1939
2021-07-04 06:21:22,469 DEBUG                  - depth 6, hash 6d0cca3, HEAD~1940
2021-07-04 06:21:22,473 DEBUG                  - depth 7, hash d03df85, HEAD~2037
2021-07-04 06:21:22,477 DEBUG                  - depth 8, hash 5bfbf61, HEAD~2038
2021-07-04 06:21:22,481 DEBUG    [line range] org/apache/commons/math3/ode/AbstractIntegrator.java compare 296:401
2021-07-04 06:21:22,713 DEBUG                  - depth 0, hash 9a128a1, HEAD~493
2021-07-04 06:21:22,718 DEBUG                  - depth 1, hash 73d32c1, HEAD~1225
2021-07-04 06:21:22,723 DEBUG                  - depth 2, hash 53c8cec, HEAD~1284
2021-07-04 06:21:22,727 DEBUG                  - depth 3, hash b59e974, HEAD~1320
2021-07-04 06:21:22,731 DEBUG                  - depth 4, hash 8581b76, HEAD~1521
2021-07-04 06:21:22,735 DEBUG                  - depth 5, hash 39ce9a1, HEAD~1939
2021-07-04 06:21:22,739 DEBUG                  - depth 6, hash 6d0cca3, HEAD~1940
2021-07-04 06:21:22,743 DEBUG                  - depth 7, hash d03df85, HEAD~2037
2021-07-04 06:21:22,748 DEBUG                  - depth 8, hash 5bfbf61, HEAD~2038
2021-07-04 06:21:23,047 DEBUG    [line range] org/apache/commons/math3/ode/EquationsMapper.java <init> 49:52
2021-07-04 06:21:23,267 DEBUG                  - depth 0, hash 4aa93e5, HEAD~1396
2021-07-04 06:21:23,272 DEBUG    [line range] org/apache/commons/math3/ode/EquationsMapper.java extractEquationData 75:81
2021-07-04 06:21:23,492 DEBUG                  - depth 0, hash 4aa93e5, HEAD~1396
2021-07-04 06:21:23,498 DEBUG    [line range] org/apache/commons/math3/ode/EquationsMapper.java getDimension 64:66
2021-07-04 06:21:23,717 DEBUG                  - depth 0, hash 4aa93e5, HEAD~1396
2021-07-04 06:21:23,723 DEBUG    [line range] org/apache/commons/math3/ode/EquationsMapper.java insertEquationData 90:96
2021-07-04 06:21:23,951 DEBUG                  - depth 0, hash 4aa93e5, HEAD~1396
2021-07-04 06:21:24,310 DEBUG    [line range] org/apache/commons/math3/ode/ExpandableStatefulODE.java <init> 73:81
2021-07-04 06:21:24,542 DEBUG                  - depth 0, hash 4aa93e5, HEAD~1396
2021-07-04 06:21:24,547 DEBUG    [line range] org/apache/commons/math3/ode/ExpandableStatefulODE.java computeDerivatives 114:130
2021-07-04 06:21:24,778 DEBUG                  - depth 0, hash 9a128a1, HEAD~493
2021-07-04 06:21:24,784 DEBUG                  - depth 1, hash 4aa93e5, HEAD~1396
2021-07-04 06:21:24,788 DEBUG    [line range] org/apache/commons/math3/ode/ExpandableStatefulODE.java getCompleteState 286:299
2021-07-04 06:21:25,020 DEBUG                  - depth 0, hash 9a128a1, HEAD~493
2021-07-04 06:21:25,025 DEBUG                  - depth 1, hash 4aa93e5, HEAD~1396
2021-07-04 06:21:25,029 DEBUG    [line range] org/apache/commons/math3/ode/ExpandableStatefulODE.java getPrimaryMapper 158:160
2021-07-04 06:21:25,260 DEBUG                  - depth 0, hash 4aa93e5, HEAD~1396
2021-07-04 06:21:25,266 DEBUG    [line range] org/apache/commons/math3/ode/ExpandableStatefulODE.java getSecondaryMappers 166:172
2021-07-04 06:21:25,497 DEBUG                  - depth 0, hash 4aa93e5, HEAD~1396
2021-07-04 06:21:25,503 DEBUG    [line range] org/apache/commons/math3/ode/ExpandableStatefulODE.java getTime 184:186
2021-07-04 06:21:25,734 DEBUG                  - depth 0, hash 4aa93e5, HEAD~1396
2021-07-04 06:21:25,740 DEBUG    [line range] org/apache/commons/math3/ode/ExpandableStatefulODE.java getTotalDimension 96:105
2021-07-04 06:21:25,971 DEBUG                  - depth 0, hash 4aa93e5, HEAD~1396
2021-07-04 06:21:25,976 DEBUG    [line range] org/apache/commons/math3/ode/ExpandableStatefulODE.java setPrimaryState 193:203
2021-07-04 06:21:26,206 DEBUG                  - depth 0, hash 4aa93e5, HEAD~1396
2021-07-04 06:21:26,212 DEBUG    [line range] org/apache/commons/math3/ode/ExpandableStatefulODE.java setTime 177:179
2021-07-04 06:21:26,442 DEBUG                  - depth 0, hash 4aa93e5, HEAD~1396
2021-07-04 06:21:26,731 DEBUG    [single line]   org/apache/commons/math3/ode/events/EventHandler.java <clinit> 54
2021-07-04 06:21:26,974 DEBUG                  - depth 0, hash 742c710, HEAD~1402
2021-07-04 06:21:26,980 DEBUG                  - depth 1, hash e837f7c, HEAD~2627
2021-07-04 06:21:26,984 DEBUG                  - depth 2, hash d30c941, HEAD~2641
2021-07-04 06:21:26,988 DEBUG                  - depth 3, hash ca79137, HEAD~3769
2021-07-04 06:21:26,993 DEBUG                  - depth 4, hash 89ac173, HEAD~3770
2021-07-04 06:21:26,997 DEBUG    [single line]   org/apache/commons/math3/ode/events/EventHandler.java <clinit> 61
2021-07-04 06:21:27,242 DEBUG                  - depth 0, hash 742c710, HEAD~1402
2021-07-04 06:21:27,247 DEBUG                  - depth 1, hash e837f7c, HEAD~2627
2021-07-04 06:21:27,251 DEBUG                  - depth 2, hash d30c941, HEAD~2641
2021-07-04 06:21:27,256 DEBUG                  - depth 3, hash ca79137, HEAD~3769
2021-07-04 06:21:27,260 DEBUG                  - depth 4, hash 89ac173, HEAD~3770
2021-07-04 06:21:27,264 DEBUG    [single line]   org/apache/commons/math3/ode/events/EventHandler.java <clinit> 70
2021-07-04 06:21:27,519 DEBUG                  - depth 0, hash 742c710, HEAD~1402
2021-07-04 06:21:27,524 DEBUG                  - depth 1, hash e837f7c, HEAD~2627
2021-07-04 06:21:27,528 DEBUG                  - depth 2, hash d30c941, HEAD~2641
2021-07-04 06:21:27,533 DEBUG                  - depth 3, hash ca79137, HEAD~3769
2021-07-04 06:21:27,537 DEBUG                  - depth 4, hash 89ac173, HEAD~3770
2021-07-04 06:21:27,541 DEBUG    [single line]   org/apache/commons/math3/ode/events/EventHandler.java <clinit> 80
2021-07-04 06:21:27,784 DEBUG                  - depth 0, hash 742c710, HEAD~1402
2021-07-04 06:21:27,789 DEBUG                  - depth 1, hash e837f7c, HEAD~2627
2021-07-04 06:21:27,794 DEBUG                  - depth 2, hash d30c941, HEAD~2641
2021-07-04 06:21:27,798 DEBUG                  - depth 3, hash ca79137, HEAD~3769
2021-07-04 06:21:27,802 DEBUG                  - depth 4, hash 89ac173, HEAD~3770
2021-07-04 06:21:27,806 DEBUG    [single line]   org/apache/commons/math3/ode/events/EventHandler.java <clinit> 87
2021-07-04 06:21:28,048 DEBUG                  - depth 0, hash 742c710, HEAD~1402
2021-07-04 06:21:28,054 DEBUG                  - depth 1, hash e837f7c, HEAD~2627
2021-07-04 06:21:28,058 DEBUG                  - depth 2, hash d30c941, HEAD~2641
2021-07-04 06:21:28,062 DEBUG                  - depth 3, hash ca79137, HEAD~3769
2021-07-04 06:21:28,067 DEBUG                  - depth 4, hash 89ac173, HEAD~3770
2021-07-04 06:21:28,430 DEBUG    [line range] org/apache/commons/math3/ode/events/EventState.java <init> 100:119
2021-07-04 06:21:28,675 DEBUG                  - depth 0, hash 09fd185, HEAD~1065
2021-07-04 06:21:28,681 DEBUG                  - depth 1, hash 742c710, HEAD~1402
2021-07-04 06:21:28,685 DEBUG                  - depth 2, hash da16f1a, HEAD~1739
2021-07-04 06:21:28,689 DEBUG                  - depth 3, hash 80b1e90, HEAD~2292
2021-07-04 06:21:28,694 DEBUG                  - depth 4, hash 7cf0c98, HEAD~3352
2021-07-04 06:21:28,698 DEBUG    [single line]   org/apache/commons/math3/ode/events/EventState.java access$000 44
2021-07-04 06:21:28,951 DEBUG                  - depth 0, hash 6d0cca3, HEAD~1940
2021-07-04 06:21:28,957 DEBUG                  - depth 1, hash 5bfbf61, HEAD~2038
2021-07-04 06:21:28,961 DEBUG                  - depth 2, hash 37fb4b5, HEAD~2812
2021-07-04 06:21:28,965 DEBUG                  - depth 3, hash 23b0de6, HEAD~3346
2021-07-04 06:21:28,970 DEBUG                  - depth 4, hash 7cf0c98, HEAD~3352
2021-07-04 06:21:28,974 DEBUG    [line range] org/apache/commons/math3/ode/events/EventState.java evaluateStep 192:292
2021-07-04 06:21:29,220 DEBUG                  - depth 0, hash 9a128a1, HEAD~493
2021-07-04 06:21:29,226 DEBUG                  - depth 1, hash 09fd185, HEAD~1065
2021-07-04 06:21:29,230 DEBUG                  - depth 2, hash beb4b5e, HEAD~1179
2021-07-04 06:21:29,234 DEBUG                  - depth 3, hash 8581b76, HEAD~1521
2021-07-04 06:21:29,238 DEBUG                  - depth 4, hash 5a3c5f2, HEAD~1611
2021-07-04 06:21:29,243 DEBUG                  - depth 5, hash b632889, HEAD~1686
2021-07-04 06:21:29,247 DEBUG                  - depth 6, hash da16f1a, HEAD~1739
2021-07-04 06:21:29,251 DEBUG                  - depth 7, hash 5bfbf61, HEAD~2038
2021-07-04 06:21:29,255 DEBUG                  - depth 8, hash 6cca072, HEAD~2131
2021-07-04 06:21:29,259 DEBUG                  - depth 9, hash 74ff198, HEAD~2148
2021-07-04 06:21:29,264 DEBUG                  - depth 10, hash 8302dd0, HEAD~2156
2021-07-04 06:21:29,268 DEBUG                  - depth 11, hash 40b47ce, HEAD~2262
2021-07-04 06:21:29,272 DEBUG                  - depth 12, hash 80b1e90, HEAD~2292
2021-07-04 06:21:29,276 DEBUG                  - depth 13, hash 1ceccd4, HEAD~2567
2021-07-04 06:21:29,281 DEBUG                  - depth 14, hash b3ed241, HEAD~2572
2021-07-04 06:21:29,285 DEBUG                  - depth 15, hash b631eb6, HEAD~2625
2021-07-04 06:21:29,289 DEBUG                  - depth 16, hash 37fb4b5, HEAD~2812
2021-07-04 06:21:29,293 DEBUG                  - depth 17, hash 4e6ce15, HEAD~2855
2021-07-04 06:21:29,297 DEBUG                  - depth 18, hash 2dcc0cc, HEAD~2952
2021-07-04 06:21:29,302 DEBUG                  - depth 19, hash 9593ad6, HEAD~3026
2021-07-04 06:21:29,306 DEBUG                  - depth 20, hash 7f88773, HEAD~3076
2021-07-04 06:21:29,310 DEBUG                  - depth 21, hash 95ba92b, HEAD~3174
2021-07-04 06:21:29,314 DEBUG                  - depth 22, hash a94bf27, HEAD~3328
2021-07-04 06:21:29,318 DEBUG                  - depth 23, hash 5b82c88, HEAD~3334
2021-07-04 06:21:29,323 DEBUG                  - depth 24, hash 7cf0c98, HEAD~3352
2021-07-04 06:21:29,328 DEBUG    [line range] org/apache/commons/math3/ode/events/EventState.java getEventHandler 124:126
2021-07-04 06:21:29,573 DEBUG                  - depth 0, hash 7cf0c98, HEAD~3352
2021-07-04 06:21:29,578 DEBUG    [line range] org/apache/commons/math3/ode/events/EventState.java getEventTime 298:302
2021-07-04 06:21:29,824 DEBUG                  - depth 0, hash b632889, HEAD~1686
2021-07-04 06:21:29,829 DEBUG                  - depth 1, hash 6d0cca3, HEAD~1940
2021-07-04 06:21:29,834 DEBUG                  - depth 2, hash 7cf0c98, HEAD~3352
2021-07-04 06:21:29,838 DEBUG    [line range] org/apache/commons/math3/ode/events/EventState.java reinitializeBegin 154:182
2021-07-04 06:21:30,083 DEBUG                  - depth 0, hash 9a128a1, HEAD~493
2021-07-04 06:21:30,089 DEBUG                  - depth 1, hash 8581b76, HEAD~1521
2021-07-04 06:21:30,093 DEBUG                  - depth 2, hash b632889, HEAD~1686
2021-07-04 06:21:30,097 DEBUG                  - depth 3, hash 8302dd0, HEAD~2156
2021-07-04 06:21:30,102 DEBUG                  - depth 4, hash ba818fe, HEAD~2242
2021-07-04 06:21:30,106 DEBUG                  - depth 5, hash b631eb6, HEAD~2625
2021-07-04 06:21:30,110 DEBUG                  - depth 6, hash d6beaea, HEAD~2636
2021-07-04 06:21:30,114 DEBUG                  - depth 7, hash 7cf0c98, HEAD~3352
2021-07-04 06:21:30,119 DEBUG    [line range] org/apache/commons/math3/ode/events/EventState.java reset 341:356
2021-07-04 06:21:30,366 DEBUG                  - depth 0, hash 742c710, HEAD~1402
2021-07-04 06:21:30,372 DEBUG                  - depth 1, hash 8581b76, HEAD~1521
2021-07-04 06:21:30,376 DEBUG                  - depth 2, hash 5bfbf61, HEAD~2038
2021-07-04 06:21:30,380 DEBUG                  - depth 3, hash a94bf27, HEAD~3328
2021-07-04 06:21:30,384 DEBUG                  - depth 4, hash 7cf0c98, HEAD~3352
2021-07-04 06:21:30,389 DEBUG    [line range] org/apache/commons/math3/ode/events/EventState.java stepAccepted 310:324
2021-07-04 06:21:30,634 DEBUG                  - depth 0, hash 742c710, HEAD~1402
2021-07-04 06:21:30,640 DEBUG                  - depth 1, hash 8581b76, HEAD~1521
2021-07-04 06:21:30,644 DEBUG                  - depth 2, hash 5bfbf61, HEAD~2038
2021-07-04 06:21:30,648 DEBUG                  - depth 3, hash b631eb6, HEAD~2625
2021-07-04 06:21:30,652 DEBUG                  - depth 4, hash 2dcc0cc, HEAD~2952
2021-07-04 06:21:30,657 DEBUG                  - depth 5, hash 7cf0c98, HEAD~3352
2021-07-04 06:21:30,661 DEBUG    [line range] org/apache/commons/math3/ode/events/EventState.java stop 330:332
2021-07-04 06:21:30,906 DEBUG                  - depth 0, hash 742c710, HEAD~1402
2021-07-04 06:21:30,911 DEBUG                  - depth 1, hash 7cf0c98, HEAD~3352
2021-07-04 06:21:30,916 DEBUG    [line range] org/apache/commons/math3/ode/events/EventState.java <init> 192:292
2021-07-04 06:21:31,163 DEBUG                  - depth 0, hash 9a128a1, HEAD~493
2021-07-04 06:21:31,168 DEBUG                  - depth 1, hash 09fd185, HEAD~1065
2021-07-04 06:21:31,172 DEBUG                  - depth 2, hash beb4b5e, HEAD~1179
2021-07-04 06:21:31,177 DEBUG                  - depth 3, hash 8581b76, HEAD~1521
2021-07-04 06:21:31,181 DEBUG                  - depth 4, hash 5a3c5f2, HEAD~1611
2021-07-04 06:21:31,185 DEBUG                  - depth 5, hash b632889, HEAD~1686
2021-07-04 06:21:31,189 DEBUG                  - depth 6, hash da16f1a, HEAD~1739
2021-07-04 06:21:31,194 DEBUG                  - depth 7, hash 5bfbf61, HEAD~2038
2021-07-04 06:21:31,198 DEBUG                  - depth 8, hash 6cca072, HEAD~2131
2021-07-04 06:21:31,202 DEBUG                  - depth 9, hash 74ff198, HEAD~2148
2021-07-04 06:21:31,206 DEBUG                  - depth 10, hash 8302dd0, HEAD~2156
2021-07-04 06:21:31,211 DEBUG                  - depth 11, hash 40b47ce, HEAD~2262
2021-07-04 06:21:31,215 DEBUG                  - depth 12, hash 80b1e90, HEAD~2292
2021-07-04 06:21:31,219 DEBUG                  - depth 13, hash 1ceccd4, HEAD~2567
2021-07-04 06:21:31,223 DEBUG                  - depth 14, hash b3ed241, HEAD~2572
2021-07-04 06:21:31,228 DEBUG                  - depth 15, hash b631eb6, HEAD~2625
2021-07-04 06:21:31,232 DEBUG                  - depth 16, hash 37fb4b5, HEAD~2812
2021-07-04 06:21:31,236 DEBUG                  - depth 17, hash 4e6ce15, HEAD~2855
2021-07-04 06:21:31,240 DEBUG                  - depth 18, hash 2dcc0cc, HEAD~2952
2021-07-04 06:21:31,245 DEBUG                  - depth 19, hash 9593ad6, HEAD~3026
2021-07-04 06:21:31,249 DEBUG                  - depth 20, hash 7f88773, HEAD~3076
2021-07-04 06:21:31,253 DEBUG                  - depth 21, hash 95ba92b, HEAD~3174
2021-07-04 06:21:31,257 DEBUG                  - depth 22, hash a94bf27, HEAD~3328
2021-07-04 06:21:31,262 DEBUG                  - depth 23, hash 5b82c88, HEAD~3334
2021-07-04 06:21:31,266 DEBUG                  - depth 24, hash 7cf0c98, HEAD~3352
2021-07-04 06:21:31,270 DEBUG    [line range] org/apache/commons/math3/ode/events/EventState.java value 192:292
2021-07-04 06:21:31,522 DEBUG                  - depth 0, hash 9a128a1, HEAD~493
2021-07-04 06:21:31,527 DEBUG                  - depth 1, hash 09fd185, HEAD~1065
2021-07-04 06:21:31,532 DEBUG                  - depth 2, hash beb4b5e, HEAD~1179
2021-07-04 06:21:31,536 DEBUG                  - depth 3, hash 8581b76, HEAD~1521
2021-07-04 06:21:31,540 DEBUG                  - depth 4, hash 5a3c5f2, HEAD~1611
2021-07-04 06:21:31,544 DEBUG                  - depth 5, hash b632889, HEAD~1686
2021-07-04 06:21:31,549 DEBUG                  - depth 6, hash da16f1a, HEAD~1739
2021-07-04 06:21:31,553 DEBUG                  - depth 7, hash 5bfbf61, HEAD~2038
2021-07-04 06:21:31,557 DEBUG                  - depth 8, hash 6cca072, HEAD~2131
2021-07-04 06:21:31,561 DEBUG                  - depth 9, hash 74ff198, HEAD~2148
2021-07-04 06:21:31,566 DEBUG                  - depth 10, hash 8302dd0, HEAD~2156
2021-07-04 06:21:31,570 DEBUG                  - depth 11, hash 40b47ce, HEAD~2262
2021-07-04 06:21:31,574 DEBUG                  - depth 12, hash 80b1e90, HEAD~2292
2021-07-04 06:21:31,578 DEBUG                  - depth 13, hash 1ceccd4, HEAD~2567
2021-07-04 06:21:31,582 DEBUG                  - depth 14, hash b3ed241, HEAD~2572
2021-07-04 06:21:31,586 DEBUG                  - depth 15, hash b631eb6, HEAD~2625
2021-07-04 06:21:31,591 DEBUG                  - depth 16, hash 37fb4b5, HEAD~2812
2021-07-04 06:21:31,595 DEBUG                  - depth 17, hash 4e6ce15, HEAD~2855
2021-07-04 06:21:31,599 DEBUG                  - depth 18, hash 2dcc0cc, HEAD~2952
2021-07-04 06:21:31,603 DEBUG                  - depth 19, hash 9593ad6, HEAD~3026
2021-07-04 06:21:31,608 DEBUG                  - depth 20, hash 7f88773, HEAD~3076
2021-07-04 06:21:31,612 DEBUG                  - depth 21, hash 95ba92b, HEAD~3174
2021-07-04 06:21:31,616 DEBUG                  - depth 22, hash a94bf27, HEAD~3328
2021-07-04 06:21:31,621 DEBUG                  - depth 23, hash 5b82c88, HEAD~3334
2021-07-04 06:21:31,625 DEBUG                  - depth 24, hash 7cf0c98, HEAD~3352
2021-07-04 06:21:31,983 DEBUG    [line range] org/apache/commons/math3/ode/nonstiff/AdaptiveStepsizeIntegrator.java <init> 105:114
2021-07-04 06:21:32,231 DEBUG                  - depth 0, hash 909a315, HEAD~1807
2021-07-04 06:21:32,237 DEBUG                  - depth 1, hash 80b1e90, HEAD~2292
2021-07-04 06:21:32,241 DEBUG                  - depth 2, hash 7d32eeb, HEAD~3285
2021-07-04 06:21:32,246 DEBUG                  - depth 3, hash b6a0d05, HEAD~3348
2021-07-04 06:21:32,250 DEBUG                  - depth 4, hash 7cf0c98, HEAD~3352
2021-07-04 06:21:32,254 DEBUG                  - depth 5, hash 516187e, HEAD~3614
2021-07-04 06:21:32,259 DEBUG                  - depth 6, hash 89ac173, HEAD~3770
2021-07-04 06:21:32,263 DEBUG    [line range] org/apache/commons/math3/ode/nonstiff/AdaptiveStepsizeIntegrator.java filterStep 321:342
2021-07-04 06:21:32,511 DEBUG                  - depth 0, hash 28e84c5, HEAD~981
2021-07-04 06:21:32,517 DEBUG                  - depth 1, hash 2119976, HEAD~1361
2021-07-04 06:21:32,521 DEBUG                  - depth 2, hash 8581b76, HEAD~1521
2021-07-04 06:21:32,526 DEBUG                  - depth 3, hash 80b1e90, HEAD~2292
2021-07-04 06:21:32,530 DEBUG                  - depth 4, hash 1eaea0b, HEAD~2357
2021-07-04 06:21:32,534 DEBUG                  - depth 5, hash 6d7818c, HEAD~2633
2021-07-04 06:21:32,539 DEBUG                  - depth 6, hash 7f88773, HEAD~3076
2021-07-04 06:21:32,543 DEBUG                  - depth 7, hash 0201406, HEAD~3326
2021-07-04 06:21:32,547 DEBUG                  - depth 8, hash 7cf0c98, HEAD~3352
2021-07-04 06:21:32,551 DEBUG                  - depth 9, hash fd0f875, HEAD~3362
2021-07-04 06:21:32,556 DEBUG                  - depth 10, hash b609686, HEAD~3522
2021-07-04 06:21:32,560 DEBUG                  - depth 11, hash 89ac173, HEAD~3770
2021-07-04 06:21:32,565 DEBUG    [line range] org/apache/commons/math3/ode/nonstiff/AdaptiveStepsizeIntegrator.java getMaxStep 372:374
2021-07-04 06:21:32,817 DEBUG                  - depth 0, hash 89ac173, HEAD~3770
2021-07-04 06:21:32,823 DEBUG    [line range] org/apache/commons/math3/ode/nonstiff/AdaptiveStepsizeIntegrator.java getMinStep 365:367
2021-07-04 06:21:33,072 DEBUG                  - depth 0, hash 89ac173, HEAD~3770
2021-07-04 06:21:33,078 DEBUG    [line range] org/apache/commons/math3/ode/nonstiff/AdaptiveStepsizeIntegrator.java initializeStep 248:310
2021-07-04 06:21:33,329 DEBUG                  - depth 0, hash 9a128a1, HEAD~493
2021-07-04 06:21:33,334 DEBUG                  - depth 1, hash e87ed62, HEAD~1400
2021-07-04 06:21:33,339 DEBUG                  - depth 2, hash 21c2e0c, HEAD~1496
2021-07-04 06:21:33,343 DEBUG                  - depth 3, hash 8302dd0, HEAD~2156
2021-07-04 06:21:33,347 DEBUG                  - depth 4, hash 80b1e90, HEAD~2292
2021-07-04 06:21:33,352 DEBUG                  - depth 5, hash cfff0e3, HEAD~2340
2021-07-04 06:21:33,356 DEBUG                  - depth 6, hash b2d25e0, HEAD~2837
2021-07-04 06:21:33,360 DEBUG                  - depth 7, hash 7cf0c98, HEAD~3352
2021-07-04 06:21:33,365 DEBUG                  - depth 8, hash b609686, HEAD~3522
2021-07-04 06:21:33,369 DEBUG                  - depth 9, hash 89ac173, HEAD~3770
2021-07-04 06:21:33,374 DEBUG    [line range] org/apache/commons/math3/ode/nonstiff/AdaptiveStepsizeIntegrator.java resetInternalState 357:360
2021-07-04 06:21:33,615 DEBUG                  - depth 0, hash 80b1e90, HEAD~2292
2021-07-04 06:21:33,620 DEBUG                  - depth 1, hash 516187e, HEAD~3614
2021-07-04 06:21:33,625 DEBUG    [line range] org/apache/commons/math3/ode/nonstiff/AdaptiveStepsizeIntegrator.java sanityChecks 217:233
2021-07-04 06:21:33,873 DEBUG                  - depth 0, hash 4aa93e5, HEAD~1396
2021-07-04 06:21:33,879 DEBUG                  - depth 1, hash e87ed62, HEAD~1400
2021-07-04 06:21:33,883 DEBUG                  - depth 2, hash 8581b76, HEAD~1521
2021-07-04 06:21:33,887 DEBUG                  - depth 3, hash cfff0e3, HEAD~2340
2021-07-04 06:21:33,892 DEBUG                  - depth 4, hash 1eaea0b, HEAD~2357
2021-07-04 06:21:33,896 DEBUG                  - depth 5, hash 9c8d2c7, HEAD~3022
2021-07-04 06:21:33,900 DEBUG                  - depth 6, hash 7f88773, HEAD~3076
2021-07-04 06:21:33,904 DEBUG                  - depth 7, hash 97e5598, HEAD~3345
2021-07-04 06:21:33,909 DEBUG                  - depth 8, hash 7cf0c98, HEAD~3352
2021-07-04 06:21:33,913 DEBUG                  - depth 9, hash fd0f875, HEAD~3362
2021-07-04 06:21:33,917 DEBUG                  - depth 10, hash b609686, HEAD~3522
2021-07-04 06:21:33,922 DEBUG                  - depth 11, hash cc84446, HEAD~3618
2021-07-04 06:21:33,926 DEBUG    [line range] org/apache/commons/math3/ode/nonstiff/AdaptiveStepsizeIntegrator.java setStepSizeControl 153:166
2021-07-04 06:21:34,174 DEBUG                  - depth 0, hash 909a315, HEAD~1807
2021-07-04 06:21:34,180 DEBUG                  - depth 1, hash c95eb0b, HEAD~2745
2021-07-04 06:21:34,184 DEBUG                  - depth 2, hash b6a0d05, HEAD~3348
2021-07-04 06:21:34,188 DEBUG                  - depth 3, hash 7cf0c98, HEAD~3352
2021-07-04 06:21:34,192 DEBUG                  - depth 4, hash 516187e, HEAD~3614
2021-07-04 06:21:34,197 DEBUG                  - depth 5, hash 89ac173, HEAD~3770
2021-07-04 06:21:34,542 DEBUG    [line range] org/apache/commons/math3/ode/nonstiff/DormandPrince853Integrator.java <clinit> 63:67
2021-07-04 06:21:34,783 DEBUG                  - depth 0, hash 80b1e90, HEAD~2292
2021-07-04 06:21:34,789 DEBUG                  - depth 1, hash a0943be, HEAD~2638
2021-07-04 06:21:34,793 DEBUG                  - depth 2, hash bc84c00, HEAD~3511
2021-07-04 06:21:34,797 DEBUG                  - depth 3, hash 9aeabf6, HEAD~3586
2021-07-04 06:21:34,802 DEBUG                  - depth 4, hash 89ac173, HEAD~3770
2021-07-04 06:21:34,806 DEBUG    [line range] org/apache/commons/math3/ode/nonstiff/DormandPrince853Integrator.java <init> 217:223
2021-07-04 06:21:35,054 DEBUG                  - depth 0, hash a0943be, HEAD~2638
2021-07-04 06:21:35,059 DEBUG                  - depth 1, hash b6a0d05, HEAD~3348
2021-07-04 06:21:35,064 DEBUG                  - depth 2, hash 7cf0c98, HEAD~3352
2021-07-04 06:21:35,068 DEBUG                  - depth 3, hash 9aeabf6, HEAD~3586
2021-07-04 06:21:35,072 DEBUG                  - depth 4, hash 89ac173, HEAD~3770
2021-07-04 06:21:35,077 DEBUG    [line range] org/apache/commons/math3/ode/nonstiff/DormandPrince853Integrator.java estimateError 251:285
2021-07-04 06:21:35,324 DEBUG                  - depth 0, hash 80b1e90, HEAD~2292
2021-07-04 06:21:35,329 DEBUG                  - depth 1, hash cfff0e3, HEAD~2340
2021-07-04 06:21:35,334 DEBUG                  - depth 2, hash a0943be, HEAD~2638
2021-07-04 06:21:35,338 DEBUG                  - depth 3, hash 9c8d2c7, HEAD~3022
2021-07-04 06:21:35,342 DEBUG                  - depth 4, hash 7cf0c98, HEAD~3352
2021-07-04 06:21:35,347 DEBUG                  - depth 5, hash 1f89e22, HEAD~3521
2021-07-04 06:21:35,351 DEBUG                  - depth 6, hash 89ac173, HEAD~3770
2021-07-04 06:21:35,356 DEBUG    [line range] org/apache/commons/math3/ode/nonstiff/DormandPrince853Integrator.java getOrder 245:248
2021-07-04 06:21:35,596 DEBUG                  - depth 0, hash 9c8d2c7, HEAD~3022
2021-07-04 06:21:35,602 DEBUG                  - depth 1, hash 89ac173, HEAD~3770
2021-07-04 06:21:36,005 DEBUG    [line range] org/apache/commons/math3/ode/nonstiff/DormandPrince853StepInterpolator.java <clinit> 181:211
2021-07-04 06:21:36,239 DEBUG                  - depth 0, hash 292e891, HEAD~2626
2021-07-04 06:21:36,245 DEBUG    [line range] org/apache/commons/math3/ode/nonstiff/DormandPrince853StepInterpolator.java <init> 231:236
2021-07-04 06:21:36,484 DEBUG                  - depth 0, hash e6275ff, HEAD~3601
2021-07-04 06:21:36,489 DEBUG                  - depth 1, hash 89ac173, HEAD~3770
2021-07-04 06:21:36,494 DEBUG    [line range] org/apache/commons/math3/ode/nonstiff/DormandPrince853StepInterpolator.java <init> 243:274
2021-07-04 06:21:36,744 DEBUG                  - depth 0, hash 7cf0c98, HEAD~3352
2021-07-04 06:21:36,750 DEBUG                  - depth 1, hash e6275ff, HEAD~3601
2021-07-04 06:21:36,754 DEBUG                  - depth 2, hash 89ac173, HEAD~3770
2021-07-04 06:21:36,759 DEBUG    [line range] org/apache/commons/math3/ode/nonstiff/DormandPrince853StepInterpolator.java computeInterpolatedStateAndDerivatives 315:403
2021-07-04 06:21:37,003 DEBUG                  - depth 0, hash 9a128a1, HEAD~493
2021-07-04 06:21:37,009 DEBUG                  - depth 1, hash 384ccda, HEAD~1215
2021-07-04 06:21:37,014 DEBUG                  - depth 2, hash 21c2e0c, HEAD~1496
2021-07-04 06:21:37,018 DEBUG                  - depth 3, hash 8302dd0, HEAD~2156
2021-07-04 06:21:37,022 DEBUG                  - depth 4, hash a0943be, HEAD~2638
2021-07-04 06:21:37,026 DEBUG                  - depth 5, hash d503a94, HEAD~2846
2021-07-04 06:21:37,031 DEBUG                  - depth 6, hash 9c8d2c7, HEAD~3022
2021-07-04 06:21:37,035 DEBUG                  - depth 7, hash e5f16ff, HEAD~3332
2021-07-04 06:21:37,039 DEBUG                  - depth 8, hash a717386, HEAD~3344
2021-07-04 06:21:37,044 DEBUG                  - depth 9, hash 7cf0c98, HEAD~3352
2021-07-04 06:21:37,048 DEBUG                  - depth 10, hash 1f89e22, HEAD~3521
2021-07-04 06:21:37,052 DEBUG                  - depth 11, hash 89ac173, HEAD~3770
2021-07-04 06:21:37,058 DEBUG    [line range] org/apache/commons/math3/ode/nonstiff/DormandPrince853StepInterpolator.java doCopy 277:280
2021-07-04 06:21:37,296 DEBUG                  - depth 0, hash 9c8d2c7, HEAD~3022
2021-07-04 06:21:37,301 DEBUG                  - depth 1, hash e6275ff, HEAD~3601
2021-07-04 06:21:37,306 DEBUG                  - depth 2, hash 89ac173, HEAD~3770
2021-07-04 06:21:37,310 DEBUG    [line range] org/apache/commons/math3/ode/nonstiff/DormandPrince853StepInterpolator.java doFinalize 406:447
2021-07-04 06:21:37,557 DEBUG                  - depth 0, hash c422db8, HEAD~467
2021-07-04 06:21:37,563 DEBUG                  - depth 1, hash 9a128a1, HEAD~493
2021-07-04 06:21:37,567 DEBUG                  - depth 2, hash 21c2e0c, HEAD~1496
2021-07-04 06:21:37,571 DEBUG                  - depth 3, hash 5bfbf61, HEAD~2038
2021-07-04 06:21:37,576 DEBUG                  - depth 4, hash 8302dd0, HEAD~2156
2021-07-04 06:21:37,580 DEBUG                  - depth 5, hash a0943be, HEAD~2638
2021-07-04 06:21:37,584 DEBUG                  - depth 6, hash b2d25e0, HEAD~2837
2021-07-04 06:21:37,589 DEBUG                  - depth 7, hash 9c8d2c7, HEAD~3022
2021-07-04 06:21:37,593 DEBUG                  - depth 8, hash 7cf0c98, HEAD~3352
2021-07-04 06:21:37,597 DEBUG                  - depth 9, hash 1f89e22, HEAD~3521
2021-07-04 06:21:37,602 DEBUG                  - depth 10, hash e6275ff, HEAD~3601
2021-07-04 06:21:37,606 DEBUG                  - depth 11, hash 89ac173, HEAD~3770
2021-07-04 06:21:37,611 DEBUG    [line range] org/apache/commons/math3/ode/nonstiff/DormandPrince853StepInterpolator.java reinitialize 283:305
2021-07-04 06:21:37,856 DEBUG                  - depth 0, hash 4aa93e5, HEAD~1396
2021-07-04 06:21:37,861 DEBUG                  - depth 1, hash b2d25e0, HEAD~2837
2021-07-04 06:21:37,866 DEBUG                  - depth 2, hash 9c8d2c7, HEAD~3022
2021-07-04 06:21:37,870 DEBUG                  - depth 3, hash 7cf0c98, HEAD~3352
2021-07-04 06:21:37,874 DEBUG                  - depth 4, hash 9aeabf6, HEAD~3586
2021-07-04 06:21:37,878 DEBUG                  - depth 5, hash e6275ff, HEAD~3601
2021-07-04 06:21:37,883 DEBUG                  - depth 6, hash 89ac173, HEAD~3770
2021-07-04 06:21:37,887 DEBUG    [line range] org/apache/commons/math3/ode/nonstiff/DormandPrince853StepInterpolator.java storeTime 308:312
2021-07-04 06:21:38,133 DEBUG                  - depth 0, hash 9c8d2c7, HEAD~3022
2021-07-04 06:21:38,139 DEBUG                  - depth 1, hash 7cf0c98, HEAD~3352
2021-07-04 06:21:38,143 DEBUG                  - depth 2, hash 89ac173, HEAD~3770
2021-07-04 06:21:38,495 DEBUG    [line range] org/apache/commons/math3/ode/nonstiff/EmbeddedRungeKuttaIntegrator.java <init> 110:132
2021-07-04 06:21:38,743 DEBUG                  - depth 0, hash b6a0d05, HEAD~3348
2021-07-04 06:21:38,748 DEBUG                  - depth 1, hash 7cf0c98, HEAD~3352
2021-07-04 06:21:38,753 DEBUG                  - depth 2, hash 9aeabf6, HEAD~3586
2021-07-04 06:21:38,757 DEBUG                  - depth 3, hash ede34d9, HEAD~3599
2021-07-04 06:21:38,761 DEBUG                  - depth 4, hash 89ac173, HEAD~3770
2021-07-04 06:21:38,766 DEBUG    [line range] org/apache/commons/math3/ode/nonstiff/EmbeddedRungeKuttaIntegrator.java integrate 192:340
2021-07-04 06:21:39,016 DEBUG                  - depth 0, hash 9a128a1, HEAD~493
2021-07-04 06:21:39,021 DEBUG                  - depth 1, hash 74e0029, HEAD~1120
2021-07-04 06:21:39,026 DEBUG                  - depth 2, hash ba6f308, HEAD~1177
2021-07-04 06:21:39,030 DEBUG                  - depth 3, hash 384ccda, HEAD~1215
2021-07-04 06:21:39,034 DEBUG                  - depth 4, hash 4aa93e5, HEAD~1396
2021-07-04 06:21:39,039 DEBUG                  - depth 5, hash e87ed62, HEAD~1400
2021-07-04 06:21:39,043 DEBUG                  - depth 6, hash 8581b76, HEAD~1521
2021-07-04 06:21:39,047 DEBUG                  - depth 7, hash f9dafb8, HEAD~1714
2021-07-04 06:21:39,051 DEBUG                  - depth 8, hash 6d0cca3, HEAD~1940
2021-07-04 06:21:39,056 DEBUG                  - depth 9, hash d03df85, HEAD~2037
2021-07-04 06:21:39,060 DEBUG                  - depth 10, hash 5bfbf61, HEAD~2038
2021-07-04 06:21:39,064 DEBUG                  - depth 11, hash 8302dd0, HEAD~2156
2021-07-04 06:21:39,068 DEBUG                  - depth 12, hash 80b1e90, HEAD~2292
2021-07-04 06:21:39,073 DEBUG                  - depth 13, hash cfff0e3, HEAD~2340
2021-07-04 06:21:39,077 DEBUG                  - depth 14, hash 6537e18, HEAD~2432
2021-07-04 06:21:39,081 DEBUG                  - depth 15, hash b283304, HEAD~2484
2021-07-04 06:21:39,085 DEBUG                  - depth 16, hash d06e7b7, HEAD~2515
2021-07-04 06:21:39,090 DEBUG                  - depth 17, hash b631eb6, HEAD~2625
2021-07-04 06:21:39,094 DEBUG                  - depth 18, hash ce8aff1, HEAD~2816
2021-07-04 06:21:39,098 DEBUG                  - depth 19, hash 9494bae, HEAD~2834
2021-07-04 06:21:39,103 DEBUG                  - depth 20, hash b2d25e0, HEAD~2837
2021-07-04 06:21:39,107 DEBUG                  - depth 21, hash 9c8d2c7, HEAD~3022
2021-07-04 06:21:39,111 DEBUG                  - depth 22, hash 8dadbe0, HEAD~3325
2021-07-04 06:21:39,115 DEBUG                  - depth 23, hash 0201406, HEAD~3326
2021-07-04 06:21:39,120 DEBUG                  - depth 24, hash e7110ea, HEAD~3331
2021-07-04 06:21:39,124 DEBUG                  - depth 25, hash 72e8eb5, HEAD~3340
2021-07-04 06:21:39,128 DEBUG                  - depth 26, hash e703a2c, HEAD~3350
2021-07-04 06:21:39,133 DEBUG                  - depth 27, hash 7cf0c98, HEAD~3352
2021-07-04 06:21:39,137 DEBUG                  - depth 28, hash bc84c00, HEAD~3511
2021-07-04 06:21:39,141 DEBUG                  - depth 29, hash 1f89e22, HEAD~3521
2021-07-04 06:21:39,146 DEBUG                  - depth 30, hash 6f35d5b, HEAD~3594
2021-07-04 06:21:39,150 DEBUG                  - depth 31, hash e6275ff, HEAD~3601
2021-07-04 06:21:39,154 DEBUG                  - depth 32, hash 516187e, HEAD~3614
2021-07-04 06:21:39,159 DEBUG                  - depth 33, hash cc84446, HEAD~3618
2021-07-04 06:21:39,163 DEBUG                  - depth 34, hash ca79137, HEAD~3769
2021-07-04 06:21:39,167 DEBUG                  - depth 35, hash 89ac173, HEAD~3770
2021-07-04 06:21:39,173 DEBUG    [line range] org/apache/commons/math3/ode/nonstiff/EmbeddedRungeKuttaIntegrator.java setMaxGrowth 366:368
2021-07-04 06:21:39,424 DEBUG                  - depth 0, hash 7cf0c98, HEAD~3352
2021-07-04 06:21:39,429 DEBUG                  - depth 1, hash 89ac173, HEAD~3770
2021-07-04 06:21:39,434 DEBUG    [line range] org/apache/commons/math3/ode/nonstiff/EmbeddedRungeKuttaIntegrator.java setMinReduction 352:354
2021-07-04 06:21:39,681 DEBUG                  - depth 0, hash 7cf0c98, HEAD~3352
2021-07-04 06:21:39,687 DEBUG                  - depth 1, hash 89ac173, HEAD~3770
2021-07-04 06:21:39,691 DEBUG    [line range] org/apache/commons/math3/ode/nonstiff/EmbeddedRungeKuttaIntegrator.java setSafety 187:189
2021-07-04 06:21:39,948 DEBUG                  - depth 0, hash 7cf0c98, HEAD~3352
2021-07-04 06:21:39,954 DEBUG                  - depth 1, hash 89ac173, HEAD~3770
2021-07-04 06:21:40,283 DEBUG    [line range] org/apache/commons/math3/ode/nonstiff/RungeKuttaStepInterpolator.java <init> 60:64
2021-07-04 06:21:40,521 DEBUG                  - depth 0, hash 384ccda, HEAD~1215
2021-07-04 06:21:40,527 DEBUG                  - depth 1, hash b2d25e0, HEAD~2837
2021-07-04 06:21:40,532 DEBUG                  - depth 2, hash 89ac173, HEAD~3770
2021-07-04 06:21:40,536 DEBUG    [line range] org/apache/commons/math3/ode/nonstiff/RungeKuttaStepInterpolator.java <init> 83:105
2021-07-04 06:21:40,785 DEBUG                  - depth 0, hash 384ccda, HEAD~1215
2021-07-04 06:21:40,791 DEBUG                  - depth 1, hash b2d25e0, HEAD~2837
2021-07-04 06:21:40,795 DEBUG                  - depth 2, hash 7cf0c98, HEAD~3352
2021-07-04 06:21:40,800 DEBUG                  - depth 3, hash 89ac173, HEAD~3770
2021-07-04 06:21:40,804 DEBUG    [line range] org/apache/commons/math3/ode/nonstiff/RungeKuttaStepInterpolator.java reinitialize 130:138
2021-07-04 06:21:41,051 DEBUG                  - depth 0, hash 384ccda, HEAD~1215
2021-07-04 06:21:41,057 DEBUG                  - depth 1, hash 4aa93e5, HEAD~1396
2021-07-04 06:21:41,061 DEBUG                  - depth 2, hash d6beaea, HEAD~2636
2021-07-04 06:21:41,065 DEBUG                  - depth 3, hash b2d25e0, HEAD~2837
2021-07-04 06:21:41,070 DEBUG                  - depth 4, hash 7cf0c98, HEAD~3352
2021-07-04 06:21:41,074 DEBUG                  - depth 5, hash 89ac173, HEAD~3770
2021-07-04 06:21:41,079 DEBUG    [line range] org/apache/commons/math3/ode/nonstiff/RungeKuttaStepInterpolator.java shift 141:145
2021-07-04 06:21:41,313 DEBUG                  - depth 0, hash 384ccda, HEAD~1215
2021-07-04 06:21:41,319 DEBUG                  - depth 1, hash 9c8d2c7, HEAD~3022
2021-07-04 06:21:41,701 DEBUG    [line range] org/apache/commons/math3/ode/sampling/AbstractStepInterpolator.java <init> 112:126
2021-07-04 06:21:41,945 DEBUG                  - depth 0, hash 2119976, HEAD~1361
2021-07-04 06:21:41,951 DEBUG                  - depth 1, hash 4aa93e5, HEAD~1396
2021-07-04 06:21:41,956 DEBUG                  - depth 2, hash 5bfbf61, HEAD~2038
2021-07-04 06:21:41,960 DEBUG                  - depth 3, hash daf025e, HEAD~2847
2021-07-04 06:21:41,964 DEBUG                  - depth 4, hash a717386, HEAD~3344
2021-07-04 06:21:41,969 DEBUG                  - depth 5, hash 7cf0c98, HEAD~3352
2021-07-04 06:21:41,973 DEBUG                  - depth 6, hash 89ac173, HEAD~3770
2021-07-04 06:21:41,978 DEBUG    [line range] org/apache/commons/math3/ode/sampling/AbstractStepInterpolator.java <init> 172:207
2021-07-04 06:21:42,222 DEBUG                  - depth 0, hash 2119976, HEAD~1361
2021-07-04 06:21:42,227 DEBUG                  - depth 1, hash 4aa93e5, HEAD~1396
2021-07-04 06:21:42,232 DEBUG                  - depth 2, hash 5bfbf61, HEAD~2038
2021-07-04 06:21:42,236 DEBUG                  - depth 3, hash daf025e, HEAD~2847
2021-07-04 06:21:42,240 DEBUG                  - depth 4, hash f46ebfe, HEAD~3016
2021-07-04 06:21:42,244 DEBUG                  - depth 5, hash a717386, HEAD~3344
2021-07-04 06:21:42,249 DEBUG                  - depth 6, hash 7cf0c98, HEAD~3352
2021-07-04 06:21:42,253 DEBUG                  - depth 7, hash 676c203, HEAD~3759
2021-07-04 06:21:42,257 DEBUG                  - depth 8, hash 89ac173, HEAD~3770
2021-07-04 06:21:42,262 DEBUG    [line range] org/apache/commons/math3/ode/sampling/AbstractStepInterpolator.java allocateInterpolatedArrays 212:237
2021-07-04 06:21:42,491 DEBUG                  - depth 0, hash 2119976, HEAD~1361
2021-07-04 06:21:42,496 DEBUG                  - depth 1, hash 4aa93e5, HEAD~1396
2021-07-04 06:21:42,501 DEBUG    [line range] org/apache/commons/math3/ode/sampling/AbstractStepInterpolator.java copy 266:274
2021-07-04 06:21:42,738 DEBUG                  - depth 0, hash 9a128a1, HEAD~493
2021-07-04 06:21:42,744 DEBUG                  - depth 1, hash 21c2e0c, HEAD~1496
2021-07-04 06:21:42,748 DEBUG                  - depth 2, hash 8302dd0, HEAD~2156
2021-07-04 06:21:42,752 DEBUG                  - depth 3, hash e6275ff, HEAD~3601
2021-07-04 06:21:42,757 DEBUG                  - depth 4, hash 676c203, HEAD~3759
2021-07-04 06:21:42,761 DEBUG                  - depth 5, hash 89ac173, HEAD~3770
2021-07-04 06:21:42,765 DEBUG    [line range] org/apache/commons/math3/ode/sampling/AbstractStepInterpolator.java evaluateCompleteInterpolatedState 404:413
2021-07-04 06:21:43,014 DEBUG                  - depth 0, hash 9a128a1, HEAD~493
2021-07-04 06:21:43,020 DEBUG                  - depth 1, hash 4aa93e5, HEAD~1396
2021-07-04 06:21:43,024 DEBUG                  - depth 2, hash 21c2e0c, HEAD~1496
2021-07-04 06:21:43,028 DEBUG                  - depth 3, hash 5bfbf61, HEAD~2038
2021-07-04 06:21:43,033 DEBUG                  - depth 4, hash 8302dd0, HEAD~2156
2021-07-04 06:21:43,037 DEBUG                  - depth 5, hash daf025e, HEAD~2847
2021-07-04 06:21:43,041 DEBUG                  - depth 6, hash a717386, HEAD~3344
2021-07-04 06:21:43,046 DEBUG                  - depth 7, hash 676c203, HEAD~3759
2021-07-04 06:21:43,050 DEBUG                  - depth 8, hash 89ac173, HEAD~3770
2021-07-04 06:21:43,055 DEBUG    [line range] org/apache/commons/math3/ode/sampling/AbstractStepInterpolator.java finalizeStep 488:493
2021-07-04 06:21:43,291 DEBUG                  - depth 0, hash 9a128a1, HEAD~493
2021-07-04 06:21:43,297 DEBUG                  - depth 1, hash 21c2e0c, HEAD~1496
2021-07-04 06:21:43,301 DEBUG                  - depth 2, hash 8302dd0, HEAD~2156
2021-07-04 06:21:43,306 DEBUG                  - depth 3, hash 89ac173, HEAD~3770
2021-07-04 06:21:43,310 DEBUG    [line range] org/apache/commons/math3/ode/sampling/AbstractStepInterpolator.java getCurrentTime 368:370
2021-07-04 06:21:43,547 DEBUG                  - depth 0, hash 5bfbf61, HEAD~2038
2021-07-04 06:21:43,553 DEBUG                  - depth 1, hash 89ac173, HEAD~3770
2021-07-04 06:21:43,557 DEBUG    [line range] org/apache/commons/math3/ode/sampling/AbstractStepInterpolator.java getGlobalCurrentTime 350:352
2021-07-04 06:21:43,811 DEBUG                  - depth 0, hash 5bfbf61, HEAD~2038
2021-07-04 06:21:43,817 DEBUG                  - depth 1, hash a717386, HEAD~3344
2021-07-04 06:21:43,821 DEBUG                  - depth 2, hash 89ac173, HEAD~3770
2021-07-04 06:21:43,826 DEBUG    [line range] org/apache/commons/math3/ode/sampling/AbstractStepInterpolator.java getGlobalPreviousTime 342:344
2021-07-04 06:21:44,075 DEBUG                  - depth 0, hash 5bfbf61, HEAD~2038
2021-07-04 06:21:44,081 DEBUG                  - depth 1, hash a717386, HEAD~3344
2021-07-04 06:21:44,085 DEBUG                  - depth 2, hash 89ac173, HEAD~3770
2021-07-04 06:21:44,090 DEBUG    [line range] org/apache/commons/math3/ode/sampling/AbstractStepInterpolator.java getInterpolatedState 416:421
2021-07-04 06:21:44,339 DEBUG                  - depth 0, hash c422db8, HEAD~467
2021-07-04 06:21:44,345 DEBUG                  - depth 1, hash 9a128a1, HEAD~493
2021-07-04 06:21:44,349 DEBUG                  - depth 2, hash 4aa93e5, HEAD~1396
2021-07-04 06:21:44,354 DEBUG                  - depth 3, hash daf025e, HEAD~2847
2021-07-04 06:21:44,358 DEBUG                  - depth 4, hash a717386, HEAD~3344
2021-07-04 06:21:44,363 DEBUG                  - depth 5, hash 676c203, HEAD~3759
2021-07-04 06:21:44,367 DEBUG                  - depth 6, hash 89ac173, HEAD~3770
2021-07-04 06:21:44,371 DEBUG    [line range] org/apache/commons/math3/ode/sampling/AbstractStepInterpolator.java getPreviousTime 359:361
2021-07-04 06:21:44,617 DEBUG                  - depth 0, hash 5bfbf61, HEAD~2038
2021-07-04 06:21:44,623 DEBUG                  - depth 1, hash 89ac173, HEAD~3770
2021-07-04 06:21:44,627 DEBUG    [line range] org/apache/commons/math3/ode/sampling/AbstractStepInterpolator.java isForward 384:386
2021-07-04 06:21:44,874 DEBUG                  - depth 0, hash 89ac173, HEAD~3770
2021-07-04 06:21:44,879 DEBUG    [line range] org/apache/commons/math3/ode/sampling/AbstractStepInterpolator.java reinitialize 245:263
2021-07-04 06:21:45,124 DEBUG                  - depth 0, hash 2119976, HEAD~1361
2021-07-04 06:21:45,130 DEBUG                  - depth 1, hash 4aa93e5, HEAD~1396
2021-07-04 06:21:45,134 DEBUG                  - depth 2, hash 5bfbf61, HEAD~2038
2021-07-04 06:21:45,138 DEBUG                  - depth 3, hash d6beaea, HEAD~2636
2021-07-04 06:21:45,143 DEBUG                  - depth 4, hash daf025e, HEAD~2847
2021-07-04 06:21:45,147 DEBUG                  - depth 5, hash a717386, HEAD~3344
2021-07-04 06:21:45,151 DEBUG                  - depth 6, hash 7cf0c98, HEAD~3352
2021-07-04 06:21:45,156 DEBUG                  - depth 7, hash 89ac173, HEAD~3770
2021-07-04 06:21:45,161 DEBUG    [line range] org/apache/commons/math3/ode/sampling/AbstractStepInterpolator.java setInterpolatedTime 378:381
2021-07-04 06:21:45,405 DEBUG                  - depth 0, hash daf025e, HEAD~2847
2021-07-04 06:21:45,411 DEBUG                  - depth 1, hash b35f8a1, HEAD~3329
2021-07-04 06:21:45,415 DEBUG                  - depth 2, hash 7cf0c98, HEAD~3352
2021-07-04 06:21:45,420 DEBUG                  - depth 3, hash 89ac173, HEAD~3770
2021-07-04 06:21:45,424 DEBUG    [line range] org/apache/commons/math3/ode/sampling/AbstractStepInterpolator.java setSoftCurrentTime 334:336
2021-07-04 06:21:45,668 DEBUG                  - depth 0, hash 6d0cca3, HEAD~1940
2021-07-04 06:21:45,674 DEBUG                  - depth 1, hash 5bfbf61, HEAD~2038
2021-07-04 06:21:45,678 DEBUG                  - depth 2, hash a717386, HEAD~3344
2021-07-04 06:21:45,682 DEBUG                  - depth 3, hash 89ac173, HEAD~3770
2021-07-04 06:21:45,687 DEBUG    [line range] org/apache/commons/math3/ode/sampling/AbstractStepInterpolator.java setSoftPreviousTime 320:322
2021-07-04 06:21:45,929 DEBUG                  - depth 0, hash 6d0cca3, HEAD~1940
2021-07-04 06:21:45,935 DEBUG                  - depth 1, hash 5bfbf61, HEAD~2038
2021-07-04 06:21:45,940 DEBUG                  - depth 2, hash a717386, HEAD~3344
2021-07-04 06:21:45,944 DEBUG                  - depth 3, hash 89ac173, HEAD~3770
2021-07-04 06:21:45,948 DEBUG    [line range] org/apache/commons/math3/ode/sampling/AbstractStepInterpolator.java shift 289:293
2021-07-04 06:21:46,195 DEBUG                  - depth 0, hash 5bfbf61, HEAD~2038
2021-07-04 06:21:46,201 DEBUG                  - depth 1, hash 89ac173, HEAD~3770
2021-07-04 06:21:46,205 DEBUG    [line range] org/apache/commons/math3/ode/sampling/AbstractStepInterpolator.java storeTime 298:308
2021-07-04 06:21:46,453 DEBUG                  - depth 0, hash 5bfbf61, HEAD~2038
2021-07-04 06:21:46,459 DEBUG                  - depth 1, hash daf025e, HEAD~2847
2021-07-04 06:21:46,463 DEBUG                  - depth 2, hash 7cf0c98, HEAD~3352
2021-07-04 06:21:46,468 DEBUG                  - depth 3, hash 89ac173, HEAD~3770
2021-07-04 06:21:47,115 DEBUG    [line range] org/apache/commons/math3/util/FastMath.java <clinit> 97:97
2021-07-04 06:21:47,316 DEBUG                  - depth 0, hash 4bc3f63, HEAD~199
2021-07-04 06:21:47,323 DEBUG    [line range] org/apache/commons/math3/util/FastMath.java abs 3016:3018
2021-07-04 06:21:47,585 DEBUG                  - depth 0, hash 26208c1, HEAD~2045
2021-07-04 06:21:47,591 DEBUG                  - depth 1, hash 80b1e90, HEAD~2292
2021-07-04 06:21:47,595 DEBUG    [line range] org/apache/commons/math3/util/FastMath.java abs 2998:3000
2021-07-04 06:21:47,859 DEBUG                  - depth 0, hash 80b1e90, HEAD~2292
2021-07-04 06:21:47,865 DEBUG    [line range] org/apache/commons/math3/util/FastMath.java ceil 3355:3374
2021-07-04 06:21:48,131 DEBUG                  - depth 0, hash 90279e8, HEAD~2279
2021-07-04 06:21:48,136 DEBUG                  - depth 1, hash 80b1e90, HEAD~2292
2021-07-04 06:21:48,141 DEBUG    [line range] org/apache/commons/math3/util/FastMath.java cos 2292:2338
2021-07-04 06:21:48,405 DEBUG                  - depth 0, hash 4f5a775, HEAD~166
2021-07-04 06:21:48,411 DEBUG                  - depth 1, hash e434abd, HEAD~612
2021-07-04 06:21:48,415 DEBUG                  - depth 2, hash bae38c1, HEAD~1712
2021-07-04 06:21:48,420 DEBUG                  - depth 3, hash 80b1e90, HEAD~2292
2021-07-04 06:21:48,424 DEBUG    [line range] org/apache/commons/math3/util/FastMath.java cosQ 1840:1849
2021-07-04 06:21:48,688 DEBUG                  - depth 0, hash 80b1e90, HEAD~2292
2021-07-04 06:21:48,694 DEBUG    [line range] org/apache/commons/math3/util/FastMath.java exp 841:956
2021-07-04 06:21:48,964 DEBUG                  - depth 0, hash 56d4f26, HEAD~1452
2021-07-04 06:21:48,969 DEBUG                  - depth 1, hash 2088737, HEAD~1485
2021-07-04 06:21:48,974 DEBUG                  - depth 2, hash 95d4a38, HEAD~1490
2021-07-04 06:21:48,978 DEBUG                  - depth 3, hash 90279e8, HEAD~2279
2021-07-04 06:21:48,983 DEBUG                  - depth 4, hash 80b1e90, HEAD~2292
2021-07-04 06:21:48,988 DEBUG    [line range] org/apache/commons/math3/util/FastMath.java floor 3328:3349
2021-07-04 06:21:49,252 DEBUG                  - depth 0, hash 34b6782, HEAD~1963
2021-07-04 06:21:49,258 DEBUG                  - depth 1, hash dc5fdf7, HEAD~2028
2021-07-04 06:21:49,263 DEBUG                  - depth 2, hash 90279e8, HEAD~2279
2021-07-04 06:21:49,267 DEBUG                  - depth 3, hash 80b1e90, HEAD~2292
2021-07-04 06:21:49,271 DEBUG    [line range] org/apache/commons/math3/util/FastMath.java log 1129:1353
2021-07-04 06:21:49,540 DEBUG                  - depth 0, hash 473d151, HEAD~569
2021-07-04 06:21:49,546 DEBUG                  - depth 1, hash 96dfe1a, HEAD~571
2021-07-04 06:21:49,550 DEBUG                  - depth 2, hash f1791c6, HEAD~594
2021-07-04 06:21:49,554 DEBUG                  - depth 3, hash 2088737, HEAD~1485
2021-07-04 06:21:49,558 DEBUG                  - depth 4, hash 6d0cca3, HEAD~1940
2021-07-04 06:21:49,563 DEBUG                  - depth 5, hash 34b6782, HEAD~1963
2021-07-04 06:21:49,567 DEBUG                  - depth 6, hash dc5fdf7, HEAD~2028
2021-07-04 06:21:49,572 DEBUG                  - depth 7, hash f45eb1f, HEAD~2029
2021-07-04 06:21:49,576 DEBUG                  - depth 8, hash 26208c1, HEAD~2045
2021-07-04 06:21:49,580 DEBUG                  - depth 9, hash 2bc1662, HEAD~2264
2021-07-04 06:21:49,585 DEBUG                  - depth 10, hash 80b1e90, HEAD~2292
2021-07-04 06:21:49,592 DEBUG    [line range] org/apache/commons/math3/util/FastMath.java max 3531:3549
2021-07-04 06:21:49,852 DEBUG                  - depth 0, hash 1f0b0b2, HEAD~1442
2021-07-04 06:21:49,858 DEBUG                  - depth 1, hash 80b1e90, HEAD~2292
2021-07-04 06:21:49,863 DEBUG    [line range] org/apache/commons/math3/util/FastMath.java max 3488:3490
2021-07-04 06:21:50,132 DEBUG                  - depth 0, hash 1f0b0b2, HEAD~1442
2021-07-04 06:21:50,138 DEBUG                  - depth 1, hash 80b1e90, HEAD~2292
2021-07-04 06:21:50,142 DEBUG    [line range] org/apache/commons/math3/util/FastMath.java min 3463:3481
2021-07-04 06:21:50,405 DEBUG                  - depth 0, hash 1f0b0b2, HEAD~1442
2021-07-04 06:21:50,411 DEBUG                  - depth 1, hash 80b1e90, HEAD~2292
2021-07-04 06:21:50,416 DEBUG    [line range] org/apache/commons/math3/util/FastMath.java polyCosine 1697:1707
2021-07-04 06:21:50,681 DEBUG                  - depth 0, hash 80b1e90, HEAD~2292
2021-07-04 06:21:50,687 DEBUG    [line range] org/apache/commons/math3/util/FastMath.java polySine 1676:1689
2021-07-04 06:21:50,946 DEBUG                  - depth 0, hash 80b1e90, HEAD~2292
2021-07-04 06:21:50,952 DEBUG    [line range] org/apache/commons/math3/util/FastMath.java pow 1442:1600
2021-07-04 06:21:51,221 DEBUG                  - depth 0, hash b221a73, HEAD~208
2021-07-04 06:21:51,227 DEBUG                  - depth 1, hash 72fcac4, HEAD~1472
2021-07-04 06:21:51,231 DEBUG                  - depth 2, hash bae38c1, HEAD~1712
2021-07-04 06:21:51,236 DEBUG                  - depth 3, hash dc5fdf7, HEAD~2028
2021-07-04 06:21:51,240 DEBUG                  - depth 4, hash f45eb1f, HEAD~2029
2021-07-04 06:21:51,244 DEBUG                  - depth 5, hash 26208c1, HEAD~2045
2021-07-04 06:21:51,249 DEBUG                  - depth 6, hash 90279e8, HEAD~2279
2021-07-04 06:21:51,253 DEBUG                  - depth 7, hash 80b1e90, HEAD~2292
2021-07-04 06:21:51,259 DEBUG    [line range] org/apache/commons/math3/util/FastMath.java sin 2225:2284
2021-07-04 06:21:51,524 DEBUG                  - depth 0, hash 4f5a775, HEAD~166
2021-07-04 06:21:51,530 DEBUG                  - depth 1, hash e434abd, HEAD~612
2021-07-04 06:21:51,535 DEBUG                  - depth 2, hash bae38c1, HEAD~1712
2021-07-04 06:21:51,539 DEBUG                  - depth 3, hash 80b1e90, HEAD~2292
2021-07-04 06:21:51,544 DEBUG    [line range] org/apache/commons/math3/util/FastMath.java sinQ 1716:1831
2021-07-04 06:21:51,805 DEBUG                  - depth 0, hash 8dd6c42, HEAD~2027
2021-07-04 06:21:51,811 DEBUG                  - depth 1, hash f45eb1f, HEAD~2029
2021-07-04 06:21:51,815 DEBUG                  - depth 2, hash 80b1e90, HEAD~2292
2021-07-04 06:21:51,821 DEBUG    [line range] org/apache/commons/math3/util/FastMath.java sqrt 378:380
2021-07-04 06:21:52,081 DEBUG                  - depth 0, hash 80b1e90, HEAD~2292
2021-07-04 06:21:52,087 DEBUG    [line range] org/apache/commons/math3/util/FastMath.java ulp 3025:3030
2021-07-04 06:21:52,350 DEBUG                  - depth 0, hash 2f5435a, HEAD~2047
2021-07-04 06:21:52,356 DEBUG                  - depth 1, hash 80b1e90, HEAD~2292
2021-07-04 06:21:52,361 DEBUG    [single line]   org/apache/commons/math3/util/FastMath.java access$300 3744
2021-07-04 06:21:52,623 DEBUG                  - depth 0, hash 1f0b0b2, HEAD~1442
2021-07-04 06:21:52,629 DEBUG                  - depth 1, hash e260d84, HEAD~1997
2021-07-04 06:21:52,633 DEBUG                  - depth 2, hash 5e87378, HEAD~2017
2021-07-04 06:21:52,637 DEBUG                  - depth 3, hash 5dcca48, HEAD~2057
2021-07-04 06:21:52,642 DEBUG                  - depth 4, hash 80b1e90, HEAD~2292
2021-07-04 06:21:52,646 DEBUG    [single line]   org/apache/commons/math3/util/FastMath.java access$100 3705
2021-07-04 06:21:52,907 DEBUG                  - depth 0, hash 1f0b0b2, HEAD~1442
2021-07-04 06:21:52,913 DEBUG                  - depth 1, hash e260d84, HEAD~1997
2021-07-04 06:21:52,918 DEBUG                  - depth 2, hash 5e87378, HEAD~2017
2021-07-04 06:21:52,922 DEBUG                  - depth 3, hash 80b1e90, HEAD~2292
2021-07-04 06:21:52,926 DEBUG    [single line]   org/apache/commons/math3/util/FastMath.java access$400 3777
2021-07-04 06:21:53,178 DEBUG                  - depth 0, hash 1f0b0b2, HEAD~1442
2021-07-04 06:21:53,184 DEBUG                  - depth 1, hash cf1e53b, HEAD~1986
2021-07-04 06:21:53,188 DEBUG                  - depth 2, hash d3d2350, HEAD~2009
2021-07-04 06:21:54,005 DEBUG    [line range] org/apache/commons/math3/util/FastMathLiteralArrays.java <clinit> 29:1530
2021-07-04 06:21:54,206 DEBUG                  - depth 0, hash 2225164, HEAD~1334
2021-07-04 06:21:54,212 DEBUG    [line range] org/apache/commons/math3/util/FastMathLiteralArrays.java loadExpFracA 6157:6159
2021-07-04 06:21:54,414 DEBUG                  - depth 0, hash 3eb4dcd, HEAD~947
2021-07-04 06:21:54,420 DEBUG                  - depth 1, hash 96673d8, HEAD~969
2021-07-04 06:21:54,424 DEBUG                  - depth 2, hash de147e5, HEAD~1062
2021-07-04 06:21:54,429 DEBUG                  - depth 3, hash 2225164, HEAD~1334
2021-07-04 06:21:54,433 DEBUG    [line range] org/apache/commons/math3/util/FastMathLiteralArrays.java loadExpFracB 6165:6167
2021-07-04 06:21:54,636 DEBUG                  - depth 0, hash 3eb4dcd, HEAD~947
2021-07-04 06:21:54,642 DEBUG                  - depth 1, hash 96673d8, HEAD~969
2021-07-04 06:21:54,646 DEBUG                  - depth 2, hash de147e5, HEAD~1062
2021-07-04 06:21:54,651 DEBUG                  - depth 3, hash 2225164, HEAD~1334
2021-07-04 06:21:54,655 DEBUG    [line range] org/apache/commons/math3/util/FastMathLiteralArrays.java loadExpIntA 6141:6143
2021-07-04 06:21:54,856 DEBUG                  - depth 0, hash 3eb4dcd, HEAD~947
2021-07-04 06:21:54,862 DEBUG                  - depth 1, hash 96673d8, HEAD~969
2021-07-04 06:21:54,866 DEBUG                  - depth 2, hash de147e5, HEAD~1062
2021-07-04 06:21:54,870 DEBUG                  - depth 3, hash 2225164, HEAD~1334
2021-07-04 06:21:54,875 DEBUG    [line range] org/apache/commons/math3/util/FastMathLiteralArrays.java loadExpIntB 6149:6151
2021-07-04 06:21:55,077 DEBUG                  - depth 0, hash 3eb4dcd, HEAD~947
2021-07-04 06:21:55,082 DEBUG                  - depth 1, hash 96673d8, HEAD~969
2021-07-04 06:21:55,087 DEBUG                  - depth 2, hash de147e5, HEAD~1062
2021-07-04 06:21:55,091 DEBUG                  - depth 3, hash 2225164, HEAD~1334
2021-07-04 06:21:55,095 DEBUG    [line range] org/apache/commons/math3/util/FastMathLiteralArrays.java loadLnMant 6173:6175
2021-07-04 06:21:55,296 DEBUG                  - depth 0, hash 3eb4dcd, HEAD~947
2021-07-04 06:21:55,302 DEBUG                  - depth 1, hash 96673d8, HEAD~969
2021-07-04 06:21:55,307 DEBUG                  - depth 2, hash de147e5, HEAD~1062
2021-07-04 06:21:55,311 DEBUG                  - depth 3, hash 2225164, HEAD~1334
2021-07-04 06:21:55,619 DEBUG    [line range] org/apache/commons/math3/util/Incrementor.java <init> 52:54
2021-07-04 06:21:55,844 DEBUG                  - depth 0, hash 7f2da64, HEAD~1459
2021-07-04 06:21:55,850 DEBUG    [line range] org/apache/commons/math3/util/Incrementor.java <init> 61:69
2021-07-04 06:21:56,074 DEBUG                  - depth 0, hash 5793cad, HEAD~22
2021-07-04 06:21:56,080 DEBUG                  - depth 1, hash 92fcf5e, HEAD~707
2021-07-04 06:21:56,084 DEBUG                  - depth 2, hash 77fc6fc, HEAD~709
2021-07-04 06:21:56,089 DEBUG                  - depth 3, hash 87b1e7f, HEAD~1458
2021-07-04 06:21:56,093 DEBUG                  - depth 4, hash 7f2da64, HEAD~1459
2021-07-04 06:21:56,097 DEBUG    [line range] org/apache/commons/math3/util/Incrementor.java <init> 41:41
2021-07-04 06:21:56,322 DEBUG                  - depth 0, hash 87b1e7f, HEAD~1458
2021-07-04 06:21:56,328 DEBUG                  - depth 1, hash dd7aa20, HEAD~2290
2021-07-04 06:21:56,333 DEBUG    [line range] org/apache/commons/math3/util/Incrementor.java incrementCount 154:158
2021-07-04 06:21:56,557 DEBUG                  - depth 0, hash 5793cad, HEAD~22
2021-07-04 06:21:56,563 DEBUG                  - depth 1, hash 87b1e7f, HEAD~1458
2021-07-04 06:21:56,568 DEBUG                  - depth 2, hash dd7aa20, HEAD~2290
2021-07-04 06:21:56,572 DEBUG    [line range] org/apache/commons/math3/util/Incrementor.java resetCount 163:165
2021-07-04 06:21:56,796 DEBUG                  - depth 0, hash dd7aa20, HEAD~2290
2021-07-04 06:21:56,802 DEBUG    [line range] org/apache/commons/math3/util/Incrementor.java setMaximalCount 95:97
2021-07-04 06:21:57,029 DEBUG                  - depth 0, hash d4a0b9e, HEAD~2271
2021-07-04 06:21:57,035 DEBUG                  - depth 1, hash dd7aa20, HEAD~2290
2021-07-04 06:21:57,363 DEBUG    [line range] org/apache/commons/math3/util/MathUtils.java checkNotNull 262:267
2021-07-04 06:21:57,605 DEBUG                  - depth 0, hash e9c6d1d, HEAD~1758
2021-07-04 06:21:57,611 DEBUG                  - depth 1, hash 82ff5d1, HEAD~1886
2021-07-04 06:21:57,992 DEBUG    [single line]   org/apache/commons/math3/util/Precision.java <clinit> 70
2021-07-04 06:21:58,221 DEBUG                  - depth 0, hash 6b67f82, HEAD~824
2021-07-04 06:21:58,227 DEBUG    [single line]   org/apache/commons/math3/util/Precision.java <clinit> 77
2021-07-04 06:21:58,458 DEBUG                  - depth 0, hash 6b67f82, HEAD~824
2021-07-04 06:21:58,464 DEBUG    [single line]   org/apache/commons/math3/util/Precision.java <clinit> 78
2021-07-04 06:21:58,694 DEBUG                  - depth 0, hash 6b67f82, HEAD~824
2021-07-04 06:21:58,700 DEBUG    [line range] org/apache/commons/math3/util/Precision.java equals 330:345
2021-07-04 06:21:58,932 DEBUG                  - depth 0, hash b59e974, HEAD~1320
2021-07-04 06:21:58,938 INFO     The number of BIC candidates: 139
